<?xml version="1.0" encoding="UTF-8"?>
<testsuites name="RUN_Exede_Zip_Test" time="298.126" tests="144" failures="10" errors="0">
   <testsuite name="RUN_Exede_Zip_Test" tests="144" failures="10" errors="0" time="298.126" timestamp="2020-02-07 15:04:37" hostname="jhampleman - lp-jhamplem-osx.hq.corp.viasat.com" id="Test Suites/RUN_Exede_Zip_Test">
      <properties>
         <property name="deviceName" value=""/>
         <property name="devicePlatform" value=""/>
         <property name="logFolder" value="/Users/jhampleman/Katalon Studio/Exede_Beam_Tests_v2.1 copy/Reports/20200207_150435/RUN_Exede_Zip_Test/20200207_150435"/>
         <property name="logFiles" value="/Users/jhampleman/Katalon Studio/Exede_Beam_Tests_v2.1 copy/Reports/20200207_150435/RUN_Exede_Zip_Test/20200207_150435/execution0.log"/>
         <property name="attachments" value=""/>
         <property name="hostName" value="jhampleman - lp-jhamplem-osx.hq.corp.viasat.com"/>
         <property name="hostAddress" value="172.30.158.6"/>
         <property name="os" value="Mac OS X 64bit"/>
         <property name="katalonVersion" value="7.2.1.1"/>
      </properties>
      <testcase name="Test Cases/Test_Beams_by_Zip_to_Excel" time="4.508" classname="Test Cases/Test_Beams_by_Zip_to_Excel" status="PASSED">
         <system-out><![CDATA[2020-02-07 15:04:37 - [TEST_CASE][PASSED] - Test Cases/Test_Beams_by_Zip_to_Excel: Test Cases/Test_Beams_by_Zip_to_Excel

2020-02-07 15:04:37 - [TEST_STEP][PASSED] - excelFile01 = "beams-test-results.xlsx": null

2020-02-07 15:04:37 - [TEST_STEP][PASSED] - ExpectedListSheetFile1 = ["Sheet1"]: null

2020-02-07 15:04:37 - [TEST_STEP][PASSED] - workbookFile01 = getWorkbook(excelFile01): null

2020-02-07 15:04:38 - [TEST_STEP][PASSED] - workbook01 = getWorkbook(excelFile01): null

2020-02-07 15:04:38 - [TEST_STEP][PASSED] - sheet01 = getExcelSheet(workbook01, "Sheet1"): null

2020-02-07 15:04:38 - [TEST_STEP][PASSED] - setValueToCellByAddress(sheet01, "A1", "TEST"): null

2020-02-07 15:04:38 - [TEST_STEP][PASSED] - setValueToCellByAddress(sheet01, "B1", "BEAM"): null

2020-02-07 15:04:38 - [TEST_STEP][PASSED] - setValueToCellByAddress(sheet01, "C1", "UFF"): null

2020-02-07 15:04:38 - [TEST_STEP][PASSED] - setValueToCellByAddress(sheet01, "D1", "PLAN"): null

2020-02-07 15:04:38 - [TEST_STEP][PASSED] - setValueToCellByAddress(sheet01, "E1", "API PLAN"): null

2020-02-07 15:04:38 - [TEST_STEP][PASSED] - mybeam = mybeam: null

2020-02-07 15:04:38 - [TEST_STEP][PASSED] - myuff = myuff: null

2020-02-07 15:04:38 - [TEST_STEP][PASSED] - myplan = myplan: null

2020-02-07 15:04:38 - [TEST_STEP][PASSED] - log = new com.kms.katalon.core.logging.KeywordLogger(): null

2020-02-07 15:04:38 - [TEST_STEP][PASSED] - log.logWarning("beam " + mybeam + " zip " + myzip + " upfront fees " + myuff + " plan " + myplan): beam 65 zip 58438 upfront fees 0 plan Augmented Standard Plan

2020-02-07 15:04:38 - [MESSAGE][WARNING] - beam 65 zip 58438 upfront fees 0 plan Augmented Standard Plan

2020-02-07 15:04:38 - [TEST_STEP][PASSED] - setValueToCellByAddress(sheet01, "B" + mycount, beamFail): null

2020-02-07 15:04:38 - [TEST_STEP][PASSED] - setValueToCellByAddress(sheet01, "C" + mycount, uffFail): null

2020-02-07 15:04:38 - [TEST_STEP][PASSED] - mycount = mycount + 1: null

2020-02-07 15:04:38 - [TEST_STEP][PASSED] - setValueToCellByAddress(sheet01, "A" + mycount, "beam " + mybeam + " zip " + myzip + " upfront fees " + myuff + " plan " + myplan): null

2020-02-07 15:04:38 - [TEST_STEP][PASSED] - setValueToCellByAddress(sheet01, "D" + mycount, myplan): null

2020-02-07 15:04:38 - [TEST_STEP][PASSED] - sendRequestAndVerify(findTestObject("Exede_Zip", ["myzip":myzip])): Send request and verify the response successfully

2020-02-07 15:04:41 - [MESSAGE][INFO] - HAR: /Users/jhampleman/Katalon Studio/Exede_Beam_Tests_v2.1 copy/Reports/20200207_150435/RUN_Exede_Zip_Test/20200207_150435/requests/main/0.har

2020-02-07 15:04:41 - [TEST_CASE][PASSED] - Start Test Case : Verification: Verification accomplished successfully

2020-02-07 15:04:41 - [TEST_STEP][PASSED] - request = getInstance().getCurrentRequest(): null

2020-02-07 15:04:41 - [TEST_STEP][PASSED] - response = getInstance().getCurrentResponse(): null

2020-02-07 15:04:41 - [TEST_STEP][PASSED] - if (!(verifyElementPropertyValue(response, "data.beam", mybeam))): Verify element property value successfully

2020-02-07 15:04:41 - [MESSAGE][PASSED] - Verify element property value successfully

2020-02-07 15:04:41 - [TEST_STEP][PASSED] - else: null

2020-02-07 15:04:41 - [TEST_STEP][PASSED] - beamFail = "P": null

2020-02-07 15:04:41 - [TEST_STEP][PASSED] - if (!(verifyElementPropertyValue(response, "data.product.down", myuff))): Verify element property value successfully

2020-02-07 15:04:41 - [MESSAGE][PASSED] - Verify element property value successfully

2020-02-07 15:04:41 - [TEST_STEP][PASSED] - else: null

2020-02-07 15:04:41 - [TEST_STEP][PASSED] - uffFail = "P": null

2020-02-07 15:04:41 - [TEST_STEP][PASSED] - jsonSlurper = new groovy.json.JsonSlurper(): null

2020-02-07 15:04:41 - [TEST_STEP][PASSED] - object = jsonSlurper.parseText(response.getResponseText()): null

2020-02-07 15:04:41 - [TEST_STEP][PASSED] - println(object): null

2020-02-07 15:04:41 - [TEST_STEP][PASSED] - mytest = plans: null

2020-02-07 15:04:41 - [TEST_STEP][PASSED] - variable = mytest: null

2020-02-07 15:04:41 - [MESSAGE][PASSED] - Verify response successfully

2020-02-07 15:04:41 - [MESSAGE][PASSED] - Send request and verify the response successfully

2020-02-07 15:04:41 - [TEST_STEP][PASSED] - setValueToCellByAddress(sheet01, "E" + mycount, variable): null

2020-02-07 15:04:41 - [TEST_STEP][PASSED] - saveWorkbook(excelFile01, workbook01): null]]></system-out>
         <system-err><![CDATA[]]></system-err>
      </testcase>
      <testcase name="Test Cases/Test_Beams_by_Zip_to_Excel" time="2.156" classname="Test Cases/Test_Beams_by_Zip_to_Excel" status="PASSED">
         <system-out><![CDATA[2020-02-07 15:04:42 - [TEST_CASE][PASSED] - Test Cases/Test_Beams_by_Zip_to_Excel: Test Cases/Test_Beams_by_Zip_to_Excel

2020-02-07 15:04:42 - [TEST_STEP][PASSED] - excelFile01 = "beams-test-results.xlsx": null

2020-02-07 15:04:42 - [TEST_STEP][PASSED] - ExpectedListSheetFile1 = ["Sheet1"]: null

2020-02-07 15:04:42 - [TEST_STEP][PASSED] - workbookFile01 = getWorkbook(excelFile01): null

2020-02-07 15:04:42 - [TEST_STEP][PASSED] - workbook01 = getWorkbook(excelFile01): null

2020-02-07 15:04:42 - [TEST_STEP][PASSED] - sheet01 = getExcelSheet(workbook01, "Sheet1"): null

2020-02-07 15:04:42 - [TEST_STEP][PASSED] - setValueToCellByAddress(sheet01, "A1", "TEST"): null

2020-02-07 15:04:42 - [TEST_STEP][PASSED] - setValueToCellByAddress(sheet01, "B1", "BEAM"): null

2020-02-07 15:04:42 - [TEST_STEP][PASSED] - setValueToCellByAddress(sheet01, "C1", "UFF"): null

2020-02-07 15:04:42 - [TEST_STEP][PASSED] - setValueToCellByAddress(sheet01, "D1", "PLAN"): null

2020-02-07 15:04:42 - [TEST_STEP][PASSED] - setValueToCellByAddress(sheet01, "E1", "API PLAN"): null

2020-02-07 15:04:42 - [TEST_STEP][PASSED] - mybeam = mybeam: null

2020-02-07 15:04:42 - [TEST_STEP][PASSED] - myuff = myuff: null

2020-02-07 15:04:42 - [TEST_STEP][PASSED] - myplan = myplan: null

2020-02-07 15:04:42 - [TEST_STEP][PASSED] - log = new com.kms.katalon.core.logging.KeywordLogger(): null

2020-02-07 15:04:42 - [TEST_STEP][PASSED] - log.logWarning("beam " + mybeam + " zip " + myzip + " upfront fees " + myuff + " plan " + myplan): beam 65 zip 56740 upfront fees 0 plan Augmented Standard Plan

2020-02-07 15:04:42 - [MESSAGE][WARNING] - beam 65 zip 56740 upfront fees 0 plan Augmented Standard Plan

2020-02-07 15:04:42 - [TEST_STEP][PASSED] - setValueToCellByAddress(sheet01, "B" + mycount, beamFail): null

2020-02-07 15:04:42 - [TEST_STEP][PASSED] - setValueToCellByAddress(sheet01, "C" + mycount, uffFail): null

2020-02-07 15:04:42 - [TEST_STEP][PASSED] - mycount = mycount + 1: null

2020-02-07 15:04:42 - [TEST_STEP][PASSED] - setValueToCellByAddress(sheet01, "A" + mycount, "beam " + mybeam + " zip " + myzip + " upfront fees " + myuff + " plan " + myplan): null

2020-02-07 15:04:42 - [TEST_STEP][PASSED] - setValueToCellByAddress(sheet01, "D" + mycount, myplan): null

2020-02-07 15:04:42 - [TEST_STEP][PASSED] - sendRequestAndVerify(findTestObject("Exede_Zip", ["myzip":myzip])): Send request and verify the response successfully

2020-02-07 15:04:43 - [MESSAGE][INFO] - HAR: /Users/jhampleman/Katalon Studio/Exede_Beam_Tests_v2.1 copy/Reports/20200207_150435/RUN_Exede_Zip_Test/20200207_150435/requests/main/1.har

2020-02-07 15:04:44 - [TEST_CASE][PASSED] - Start Test Case : Verification: Verification accomplished successfully

2020-02-07 15:04:44 - [TEST_STEP][PASSED] - request = getInstance().getCurrentRequest(): null

2020-02-07 15:04:44 - [TEST_STEP][PASSED] - response = getInstance().getCurrentResponse(): null

2020-02-07 15:04:44 - [TEST_STEP][PASSED] - if (!(verifyElementPropertyValue(response, "data.beam", mybeam))): Verify element property value successfully

2020-02-07 15:04:44 - [MESSAGE][PASSED] - Verify element property value successfully

2020-02-07 15:04:44 - [TEST_STEP][PASSED] - else: null

2020-02-07 15:04:44 - [TEST_STEP][PASSED] - beamFail = "P": null

2020-02-07 15:04:44 - [TEST_STEP][PASSED] - if (!(verifyElementPropertyValue(response, "data.product.down", myuff))): Verify element property value successfully

2020-02-07 15:04:44 - [MESSAGE][PASSED] - Verify element property value successfully

2020-02-07 15:04:44 - [TEST_STEP][PASSED] - else: null

2020-02-07 15:04:44 - [TEST_STEP][PASSED] - uffFail = "P": null

2020-02-07 15:04:44 - [TEST_STEP][PASSED] - jsonSlurper = new groovy.json.JsonSlurper(): null

2020-02-07 15:04:44 - [TEST_STEP][PASSED] - object = jsonSlurper.parseText(response.getResponseText()): null

2020-02-07 15:04:44 - [TEST_STEP][PASSED] - println(object): null

2020-02-07 15:04:44 - [TEST_STEP][PASSED] - mytest = plans: null

2020-02-07 15:04:44 - [TEST_STEP][PASSED] - variable = mytest: null

2020-02-07 15:04:44 - [MESSAGE][PASSED] - Verify response successfully

2020-02-07 15:04:44 - [MESSAGE][PASSED] - Send request and verify the response successfully

2020-02-07 15:04:44 - [TEST_STEP][PASSED] - setValueToCellByAddress(sheet01, "E" + mycount, variable): null

2020-02-07 15:04:44 - [TEST_STEP][PASSED] - saveWorkbook(excelFile01, workbook01): null]]></system-out>
         <system-err><![CDATA[]]></system-err>
      </testcase>
      <testcase name="Test Cases/Test_Beams_by_Zip_to_Excel" time="2.066" classname="Test Cases/Test_Beams_by_Zip_to_Excel" status="PASSED">
         <system-out><![CDATA[2020-02-07 15:04:44 - [TEST_CASE][PASSED] - Test Cases/Test_Beams_by_Zip_to_Excel: Test Cases/Test_Beams_by_Zip_to_Excel

2020-02-07 15:04:44 - [TEST_STEP][PASSED] - excelFile01 = "beams-test-results.xlsx": null

2020-02-07 15:04:44 - [TEST_STEP][PASSED] - ExpectedListSheetFile1 = ["Sheet1"]: null

2020-02-07 15:04:44 - [TEST_STEP][PASSED] - workbookFile01 = getWorkbook(excelFile01): null

2020-02-07 15:04:44 - [TEST_STEP][PASSED] - workbook01 = getWorkbook(excelFile01): null

2020-02-07 15:04:44 - [TEST_STEP][PASSED] - sheet01 = getExcelSheet(workbook01, "Sheet1"): null

2020-02-07 15:04:44 - [TEST_STEP][PASSED] - setValueToCellByAddress(sheet01, "A1", "TEST"): null

2020-02-07 15:04:44 - [TEST_STEP][PASSED] - setValueToCellByAddress(sheet01, "B1", "BEAM"): null

2020-02-07 15:04:44 - [TEST_STEP][PASSED] - setValueToCellByAddress(sheet01, "C1", "UFF"): null

2020-02-07 15:04:44 - [TEST_STEP][PASSED] - setValueToCellByAddress(sheet01, "D1", "PLAN"): null

2020-02-07 15:04:44 - [TEST_STEP][PASSED] - setValueToCellByAddress(sheet01, "E1", "API PLAN"): null

2020-02-07 15:04:44 - [TEST_STEP][PASSED] - mybeam = mybeam: null

2020-02-07 15:04:44 - [TEST_STEP][PASSED] - myuff = myuff: null

2020-02-07 15:04:44 - [TEST_STEP][PASSED] - myplan = myplan: null

2020-02-07 15:04:44 - [TEST_STEP][PASSED] - log = new com.kms.katalon.core.logging.KeywordLogger(): null

2020-02-07 15:04:44 - [TEST_STEP][PASSED] - log.logWarning("beam " + mybeam + " zip " + myzip + " upfront fees " + myuff + " plan " + myplan): beam 67 zip 49916 upfront fees 0 plan Augmented Standard Plan

2020-02-07 15:04:44 - [MESSAGE][WARNING] - beam 67 zip 49916 upfront fees 0 plan Augmented Standard Plan

2020-02-07 15:04:44 - [TEST_STEP][PASSED] - setValueToCellByAddress(sheet01, "B" + mycount, beamFail): null

2020-02-07 15:04:44 - [TEST_STEP][PASSED] - setValueToCellByAddress(sheet01, "C" + mycount, uffFail): null

2020-02-07 15:04:44 - [TEST_STEP][PASSED] - mycount = mycount + 1: null

2020-02-07 15:04:44 - [TEST_STEP][PASSED] - setValueToCellByAddress(sheet01, "A" + mycount, "beam " + mybeam + " zip " + myzip + " upfront fees " + myuff + " plan " + myplan): null

2020-02-07 15:04:44 - [TEST_STEP][PASSED] - setValueToCellByAddress(sheet01, "D" + mycount, myplan): null

2020-02-07 15:04:44 - [TEST_STEP][PASSED] - sendRequestAndVerify(findTestObject("Exede_Zip", ["myzip":myzip])): Send request and verify the response successfully

2020-02-07 15:04:46 - [MESSAGE][INFO] - HAR: /Users/jhampleman/Katalon Studio/Exede_Beam_Tests_v2.1 copy/Reports/20200207_150435/RUN_Exede_Zip_Test/20200207_150435/requests/main/2.har

2020-02-07 15:04:46 - [TEST_CASE][PASSED] - Start Test Case : Verification: Verification accomplished successfully

2020-02-07 15:04:46 - [TEST_STEP][PASSED] - request = getInstance().getCurrentRequest(): null

2020-02-07 15:04:46 - [TEST_STEP][PASSED] - response = getInstance().getCurrentResponse(): null

2020-02-07 15:04:46 - [TEST_STEP][PASSED] - if (!(verifyElementPropertyValue(response, "data.beam", mybeam))): Verify element property value successfully

2020-02-07 15:04:46 - [MESSAGE][PASSED] - Verify element property value successfully

2020-02-07 15:04:46 - [TEST_STEP][PASSED] - else: null

2020-02-07 15:04:46 - [TEST_STEP][PASSED] - beamFail = "P": null

2020-02-07 15:04:46 - [TEST_STEP][PASSED] - if (!(verifyElementPropertyValue(response, "data.product.down", myuff))): Verify element property value successfully

2020-02-07 15:04:46 - [MESSAGE][PASSED] - Verify element property value successfully

2020-02-07 15:04:46 - [TEST_STEP][PASSED] - else: null

2020-02-07 15:04:46 - [TEST_STEP][PASSED] - uffFail = "P": null

2020-02-07 15:04:46 - [TEST_STEP][PASSED] - jsonSlurper = new groovy.json.JsonSlurper(): null

2020-02-07 15:04:46 - [TEST_STEP][PASSED] - object = jsonSlurper.parseText(response.getResponseText()): null

2020-02-07 15:04:46 - [TEST_STEP][PASSED] - println(object): null

2020-02-07 15:04:46 - [TEST_STEP][PASSED] - mytest = plans: null

2020-02-07 15:04:46 - [TEST_STEP][PASSED] - variable = mytest: null

2020-02-07 15:04:46 - [MESSAGE][PASSED] - Verify response successfully

2020-02-07 15:04:46 - [MESSAGE][PASSED] - Send request and verify the response successfully

2020-02-07 15:04:46 - [TEST_STEP][PASSED] - setValueToCellByAddress(sheet01, "E" + mycount, variable): null

2020-02-07 15:04:46 - [TEST_STEP][PASSED] - saveWorkbook(excelFile01, workbook01): null]]></system-out>
         <system-err><![CDATA[]]></system-err>
      </testcase>
      <testcase name="Test Cases/Test_Beams_by_Zip_to_Excel" time="2.957" classname="Test Cases/Test_Beams_by_Zip_to_Excel" status="PASSED">
         <system-out><![CDATA[2020-02-07 15:04:46 - [TEST_CASE][PASSED] - Test Cases/Test_Beams_by_Zip_to_Excel: Test Cases/Test_Beams_by_Zip_to_Excel

2020-02-07 15:04:46 - [TEST_STEP][PASSED] - excelFile01 = "beams-test-results.xlsx": null

2020-02-07 15:04:46 - [TEST_STEP][PASSED] - ExpectedListSheetFile1 = ["Sheet1"]: null

2020-02-07 15:04:46 - [TEST_STEP][PASSED] - workbookFile01 = getWorkbook(excelFile01): null

2020-02-07 15:04:46 - [TEST_STEP][PASSED] - workbook01 = getWorkbook(excelFile01): null

2020-02-07 15:04:46 - [TEST_STEP][PASSED] - sheet01 = getExcelSheet(workbook01, "Sheet1"): null

2020-02-07 15:04:46 - [TEST_STEP][PASSED] - setValueToCellByAddress(sheet01, "A1", "TEST"): null

2020-02-07 15:04:46 - [TEST_STEP][PASSED] - setValueToCellByAddress(sheet01, "B1", "BEAM"): null

2020-02-07 15:04:46 - [TEST_STEP][PASSED] - setValueToCellByAddress(sheet01, "C1", "UFF"): null

2020-02-07 15:04:46 - [TEST_STEP][PASSED] - setValueToCellByAddress(sheet01, "D1", "PLAN"): null

2020-02-07 15:04:46 - [TEST_STEP][PASSED] - setValueToCellByAddress(sheet01, "E1", "API PLAN"): null

2020-02-07 15:04:46 - [TEST_STEP][PASSED] - mybeam = mybeam: null

2020-02-07 15:04:46 - [TEST_STEP][PASSED] - myuff = myuff: null

2020-02-07 15:04:46 - [TEST_STEP][PASSED] - myplan = myplan: null

2020-02-07 15:04:46 - [TEST_STEP][PASSED] - log = new com.kms.katalon.core.logging.KeywordLogger(): null

2020-02-07 15:04:46 - [TEST_STEP][PASSED] - log.logWarning("beam " + mybeam + " zip " + myzip + " upfront fees " + myuff + " plan " + myplan): beam 79 zip 04763 upfront fees 0 plan Augmented Standard Plan

2020-02-07 15:04:46 - [MESSAGE][WARNING] - beam 79 zip 04763 upfront fees 0 plan Augmented Standard Plan

2020-02-07 15:04:46 - [TEST_STEP][PASSED] - setValueToCellByAddress(sheet01, "B" + mycount, beamFail): null

2020-02-07 15:04:46 - [TEST_STEP][PASSED] - setValueToCellByAddress(sheet01, "C" + mycount, uffFail): null

2020-02-07 15:04:46 - [TEST_STEP][PASSED] - mycount = mycount + 1: null

2020-02-07 15:04:46 - [TEST_STEP][PASSED] - setValueToCellByAddress(sheet01, "A" + mycount, "beam " + mybeam + " zip " + myzip + " upfront fees " + myuff + " plan " + myplan): null

2020-02-07 15:04:46 - [TEST_STEP][PASSED] - setValueToCellByAddress(sheet01, "D" + mycount, myplan): null

2020-02-07 15:04:46 - [TEST_STEP][PASSED] - sendRequestAndVerify(findTestObject("Exede_Zip", ["myzip":myzip])): Send request and verify the response successfully

2020-02-07 15:04:49 - [MESSAGE][INFO] - HAR: /Users/jhampleman/Katalon Studio/Exede_Beam_Tests_v2.1 copy/Reports/20200207_150435/RUN_Exede_Zip_Test/20200207_150435/requests/main/3.har

2020-02-07 15:04:49 - [TEST_CASE][PASSED] - Start Test Case : Verification: Verification accomplished successfully

2020-02-07 15:04:49 - [TEST_STEP][PASSED] - request = getInstance().getCurrentRequest(): null

2020-02-07 15:04:49 - [TEST_STEP][PASSED] - response = getInstance().getCurrentResponse(): null

2020-02-07 15:04:49 - [TEST_STEP][PASSED] - if (!(verifyElementPropertyValue(response, "data.beam", mybeam))): Verify element property value successfully

2020-02-07 15:04:49 - [MESSAGE][PASSED] - Verify element property value successfully

2020-02-07 15:04:49 - [TEST_STEP][PASSED] - else: null

2020-02-07 15:04:49 - [TEST_STEP][PASSED] - beamFail = "P": null

2020-02-07 15:04:49 - [TEST_STEP][PASSED] - if (!(verifyElementPropertyValue(response, "data.product.down", myuff))): Verify element property value successfully

2020-02-07 15:04:49 - [MESSAGE][PASSED] - Verify element property value successfully

2020-02-07 15:04:49 - [TEST_STEP][PASSED] - else: null

2020-02-07 15:04:49 - [TEST_STEP][PASSED] - uffFail = "P": null

2020-02-07 15:04:49 - [TEST_STEP][PASSED] - jsonSlurper = new groovy.json.JsonSlurper(): null

2020-02-07 15:04:49 - [TEST_STEP][PASSED] - object = jsonSlurper.parseText(response.getResponseText()): null

2020-02-07 15:04:49 - [TEST_STEP][PASSED] - println(object): null

2020-02-07 15:04:49 - [TEST_STEP][PASSED] - mytest = plans: null

2020-02-07 15:04:49 - [TEST_STEP][PASSED] - variable = mytest: null

2020-02-07 15:04:49 - [MESSAGE][PASSED] - Verify response successfully

2020-02-07 15:04:49 - [MESSAGE][PASSED] - Send request and verify the response successfully

2020-02-07 15:04:49 - [TEST_STEP][PASSED] - setValueToCellByAddress(sheet01, "E" + mycount, variable): null

2020-02-07 15:04:49 - [TEST_STEP][PASSED] - saveWorkbook(excelFile01, workbook01): null]]></system-out>
         <system-err><![CDATA[]]></system-err>
      </testcase>
      <testcase name="Test Cases/Test_Beams_by_Zip_to_Excel" time="2.934" classname="Test Cases/Test_Beams_by_Zip_to_Excel" status="PASSED">
         <system-out><![CDATA[2020-02-07 15:04:49 - [TEST_CASE][PASSED] - Test Cases/Test_Beams_by_Zip_to_Excel: Test Cases/Test_Beams_by_Zip_to_Excel

2020-02-07 15:04:49 - [TEST_STEP][PASSED] - excelFile01 = "beams-test-results.xlsx": null

2020-02-07 15:04:49 - [TEST_STEP][PASSED] - ExpectedListSheetFile1 = ["Sheet1"]: null

2020-02-07 15:04:49 - [TEST_STEP][PASSED] - workbookFile01 = getWorkbook(excelFile01): null

2020-02-07 15:04:49 - [TEST_STEP][PASSED] - workbook01 = getWorkbook(excelFile01): null

2020-02-07 15:04:49 - [TEST_STEP][PASSED] - sheet01 = getExcelSheet(workbook01, "Sheet1"): null

2020-02-07 15:04:49 - [TEST_STEP][PASSED] - setValueToCellByAddress(sheet01, "A1", "TEST"): null

2020-02-07 15:04:49 - [TEST_STEP][PASSED] - setValueToCellByAddress(sheet01, "B1", "BEAM"): null

2020-02-07 15:04:49 - [TEST_STEP][PASSED] - setValueToCellByAddress(sheet01, "C1", "UFF"): null

2020-02-07 15:04:49 - [TEST_STEP][PASSED] - setValueToCellByAddress(sheet01, "D1", "PLAN"): null

2020-02-07 15:04:49 - [TEST_STEP][PASSED] - setValueToCellByAddress(sheet01, "E1", "API PLAN"): null

2020-02-07 15:04:49 - [TEST_STEP][PASSED] - mybeam = mybeam: null

2020-02-07 15:04:49 - [TEST_STEP][PASSED] - myuff = myuff: null

2020-02-07 15:04:49 - [TEST_STEP][PASSED] - myplan = myplan: null

2020-02-07 15:04:49 - [TEST_STEP][PASSED] - log = new com.kms.katalon.core.logging.KeywordLogger(): null

2020-02-07 15:04:49 - [TEST_STEP][PASSED] - log.logWarning("beam " + mybeam + " zip " + myzip + " upfront fees " + myuff + " plan " + myplan): beam 95 zip 33040 upfront fees 0 plan Augmented Standard Plan

2020-02-07 15:04:49 - [MESSAGE][WARNING] - beam 95 zip 33040 upfront fees 0 plan Augmented Standard Plan

2020-02-07 15:04:49 - [TEST_STEP][PASSED] - setValueToCellByAddress(sheet01, "B" + mycount, beamFail): null

2020-02-07 15:04:49 - [TEST_STEP][PASSED] - setValueToCellByAddress(sheet01, "C" + mycount, uffFail): null

2020-02-07 15:04:49 - [TEST_STEP][PASSED] - mycount = mycount + 1: null

2020-02-07 15:04:49 - [TEST_STEP][PASSED] - setValueToCellByAddress(sheet01, "A" + mycount, "beam " + mybeam + " zip " + myzip + " upfront fees " + myuff + " plan " + myplan): null

2020-02-07 15:04:49 - [TEST_STEP][PASSED] - setValueToCellByAddress(sheet01, "D" + mycount, myplan): null

2020-02-07 15:04:49 - [TEST_STEP][PASSED] - sendRequestAndVerify(findTestObject("Exede_Zip", ["myzip":myzip])): Send request and verify the response successfully

2020-02-07 15:04:52 - [MESSAGE][INFO] - HAR: /Users/jhampleman/Katalon Studio/Exede_Beam_Tests_v2.1 copy/Reports/20200207_150435/RUN_Exede_Zip_Test/20200207_150435/requests/main/4.har

2020-02-07 15:04:52 - [TEST_CASE][PASSED] - Start Test Case : Verification: Verification accomplished successfully

2020-02-07 15:04:52 - [TEST_STEP][PASSED] - request = getInstance().getCurrentRequest(): null

2020-02-07 15:04:52 - [TEST_STEP][PASSED] - response = getInstance().getCurrentResponse(): null

2020-02-07 15:04:52 - [TEST_STEP][PASSED] - if (!(verifyElementPropertyValue(response, "data.beam", mybeam))): Verify element property value successfully

2020-02-07 15:04:52 - [MESSAGE][PASSED] - Verify element property value successfully

2020-02-07 15:04:52 - [TEST_STEP][PASSED] - else: null

2020-02-07 15:04:52 - [TEST_STEP][PASSED] - beamFail = "P": null

2020-02-07 15:04:52 - [TEST_STEP][PASSED] - if (!(verifyElementPropertyValue(response, "data.product.down", myuff))): Verify element property value successfully

2020-02-07 15:04:52 - [MESSAGE][PASSED] - Verify element property value successfully

2020-02-07 15:04:52 - [TEST_STEP][PASSED] - else: null

2020-02-07 15:04:52 - [TEST_STEP][PASSED] - uffFail = "P": null

2020-02-07 15:04:52 - [TEST_STEP][PASSED] - jsonSlurper = new groovy.json.JsonSlurper(): null

2020-02-07 15:04:52 - [TEST_STEP][PASSED] - object = jsonSlurper.parseText(response.getResponseText()): null

2020-02-07 15:04:52 - [TEST_STEP][PASSED] - println(object): null

2020-02-07 15:04:52 - [TEST_STEP][PASSED] - mytest = plans: null

2020-02-07 15:04:52 - [TEST_STEP][PASSED] - variable = mytest: null

2020-02-07 15:04:52 - [MESSAGE][PASSED] - Verify response successfully

2020-02-07 15:04:52 - [MESSAGE][PASSED] - Send request and verify the response successfully

2020-02-07 15:04:52 - [TEST_STEP][PASSED] - setValueToCellByAddress(sheet01, "E" + mycount, variable): null

2020-02-07 15:04:52 - [TEST_STEP][PASSED] - saveWorkbook(excelFile01, workbook01): null]]></system-out>
         <system-err><![CDATA[]]></system-err>
      </testcase>
      <testcase name="Test Cases/Test_Beams_by_Zip_to_Excel" time="2.084" classname="Test Cases/Test_Beams_by_Zip_to_Excel" status="PASSED">
         <system-out><![CDATA[2020-02-07 15:04:52 - [TEST_CASE][PASSED] - Test Cases/Test_Beams_by_Zip_to_Excel: Test Cases/Test_Beams_by_Zip_to_Excel

2020-02-07 15:04:52 - [TEST_STEP][PASSED] - excelFile01 = "beams-test-results.xlsx": null

2020-02-07 15:04:52 - [TEST_STEP][PASSED] - ExpectedListSheetFile1 = ["Sheet1"]: null

2020-02-07 15:04:52 - [TEST_STEP][PASSED] - workbookFile01 = getWorkbook(excelFile01): null

2020-02-07 15:04:52 - [TEST_STEP][PASSED] - workbook01 = getWorkbook(excelFile01): null

2020-02-07 15:04:52 - [TEST_STEP][PASSED] - sheet01 = getExcelSheet(workbook01, "Sheet1"): null

2020-02-07 15:04:52 - [TEST_STEP][PASSED] - setValueToCellByAddress(sheet01, "A1", "TEST"): null

2020-02-07 15:04:52 - [TEST_STEP][PASSED] - setValueToCellByAddress(sheet01, "B1", "BEAM"): null

2020-02-07 15:04:52 - [TEST_STEP][PASSED] - setValueToCellByAddress(sheet01, "C1", "UFF"): null

2020-02-07 15:04:52 - [TEST_STEP][PASSED] - setValueToCellByAddress(sheet01, "D1", "PLAN"): null

2020-02-07 15:04:52 - [TEST_STEP][PASSED] - setValueToCellByAddress(sheet01, "E1", "API PLAN"): null

2020-02-07 15:04:52 - [TEST_STEP][PASSED] - mybeam = mybeam: null

2020-02-07 15:04:52 - [TEST_STEP][PASSED] - myuff = myuff: null

2020-02-07 15:04:52 - [TEST_STEP][PASSED] - myplan = myplan: null

2020-02-07 15:04:52 - [TEST_STEP][PASSED] - log = new com.kms.katalon.core.logging.KeywordLogger(): null

2020-02-07 15:04:52 - [TEST_STEP][PASSED] - log.logWarning("beam " + mybeam + " zip " + myzip + " upfront fees " + myuff + " plan " + myplan): beam 301 zip 55806 upfront fees 0 plan VS2 Standard Offer

2020-02-07 15:04:52 - [MESSAGE][WARNING] - beam 301 zip 55806 upfront fees 0 plan VS2 Standard Offer

2020-02-07 15:04:52 - [TEST_STEP][PASSED] - setValueToCellByAddress(sheet01, "B" + mycount, beamFail): null

2020-02-07 15:04:52 - [TEST_STEP][PASSED] - setValueToCellByAddress(sheet01, "C" + mycount, uffFail): null

2020-02-07 15:04:52 - [TEST_STEP][PASSED] - mycount = mycount + 1: null

2020-02-07 15:04:52 - [TEST_STEP][PASSED] - setValueToCellByAddress(sheet01, "A" + mycount, "beam " + mybeam + " zip " + myzip + " upfront fees " + myuff + " plan " + myplan): null

2020-02-07 15:04:52 - [TEST_STEP][PASSED] - setValueToCellByAddress(sheet01, "D" + mycount, myplan): null

2020-02-07 15:04:52 - [TEST_STEP][PASSED] - sendRequestAndVerify(findTestObject("Exede_Zip", ["myzip":myzip])): Send request and verify the response successfully

2020-02-07 15:04:54 - [MESSAGE][INFO] - HAR: /Users/jhampleman/Katalon Studio/Exede_Beam_Tests_v2.1 copy/Reports/20200207_150435/RUN_Exede_Zip_Test/20200207_150435/requests/main/5.har

2020-02-07 15:04:54 - [TEST_CASE][PASSED] - Start Test Case : Verification: Verification accomplished successfully

2020-02-07 15:04:54 - [TEST_STEP][PASSED] - request = getInstance().getCurrentRequest(): null

2020-02-07 15:04:54 - [TEST_STEP][PASSED] - response = getInstance().getCurrentResponse(): null

2020-02-07 15:04:54 - [TEST_STEP][PASSED] - if (!(verifyElementPropertyValue(response, "data.beam", mybeam))): Verify element property value successfully

2020-02-07 15:04:54 - [MESSAGE][PASSED] - Verify element property value successfully

2020-02-07 15:04:54 - [TEST_STEP][PASSED] - else: null

2020-02-07 15:04:54 - [TEST_STEP][PASSED] - beamFail = "P": null

2020-02-07 15:04:54 - [TEST_STEP][PASSED] - if (!(verifyElementPropertyValue(response, "data.product.down", myuff))): Verify element property value successfully

2020-02-07 15:04:54 - [MESSAGE][PASSED] - Verify element property value successfully

2020-02-07 15:04:54 - [TEST_STEP][PASSED] - else: null

2020-02-07 15:04:54 - [TEST_STEP][PASSED] - uffFail = "P": null

2020-02-07 15:04:54 - [TEST_STEP][PASSED] - jsonSlurper = new groovy.json.JsonSlurper(): null

2020-02-07 15:04:54 - [TEST_STEP][PASSED] - object = jsonSlurper.parseText(response.getResponseText()): null

2020-02-07 15:04:54 - [TEST_STEP][PASSED] - println(object): null

2020-02-07 15:04:54 - [TEST_STEP][PASSED] - mytest = plans: null

2020-02-07 15:04:54 - [TEST_STEP][PASSED] - variable = mytest: null

2020-02-07 15:04:54 - [MESSAGE][PASSED] - Verify response successfully

2020-02-07 15:04:54 - [MESSAGE][PASSED] - Send request and verify the response successfully

2020-02-07 15:04:54 - [TEST_STEP][PASSED] - setValueToCellByAddress(sheet01, "E" + mycount, variable): null

2020-02-07 15:04:54 - [TEST_STEP][PASSED] - saveWorkbook(excelFile01, workbook01): null]]></system-out>
         <system-err><![CDATA[]]></system-err>
      </testcase>
      <testcase name="Test Cases/Test_Beams_by_Zip_to_Excel" time="2.04" classname="Test Cases/Test_Beams_by_Zip_to_Excel" status="PASSED">
         <system-out><![CDATA[2020-02-07 15:04:54 - [TEST_CASE][PASSED] - Test Cases/Test_Beams_by_Zip_to_Excel: Test Cases/Test_Beams_by_Zip_to_Excel

2020-02-07 15:04:54 - [TEST_STEP][PASSED] - excelFile01 = "beams-test-results.xlsx": null

2020-02-07 15:04:54 - [TEST_STEP][PASSED] - ExpectedListSheetFile1 = ["Sheet1"]: null

2020-02-07 15:04:54 - [TEST_STEP][PASSED] - workbookFile01 = getWorkbook(excelFile01): null

2020-02-07 15:04:54 - [TEST_STEP][PASSED] - workbook01 = getWorkbook(excelFile01): null

2020-02-07 15:04:54 - [TEST_STEP][PASSED] - sheet01 = getExcelSheet(workbook01, "Sheet1"): null

2020-02-07 15:04:54 - [TEST_STEP][PASSED] - setValueToCellByAddress(sheet01, "A1", "TEST"): null

2020-02-07 15:04:54 - [TEST_STEP][PASSED] - setValueToCellByAddress(sheet01, "B1", "BEAM"): null

2020-02-07 15:04:54 - [TEST_STEP][PASSED] - setValueToCellByAddress(sheet01, "C1", "UFF"): null

2020-02-07 15:04:54 - [TEST_STEP][PASSED] - setValueToCellByAddress(sheet01, "D1", "PLAN"): null

2020-02-07 15:04:54 - [TEST_STEP][PASSED] - setValueToCellByAddress(sheet01, "E1", "API PLAN"): null

2020-02-07 15:04:54 - [TEST_STEP][PASSED] - mybeam = mybeam: null

2020-02-07 15:04:54 - [TEST_STEP][PASSED] - myuff = myuff: null

2020-02-07 15:04:54 - [TEST_STEP][PASSED] - myplan = myplan: null

2020-02-07 15:04:54 - [TEST_STEP][PASSED] - log = new com.kms.katalon.core.logging.KeywordLogger(): null

2020-02-07 15:04:54 - [TEST_STEP][PASSED] - log.logWarning("beam " + mybeam + " zip " + myzip + " upfront fees " + myuff + " plan " + myplan): beam 302 zip 56440 upfront fees 0 plan VS2 Standard Offer

2020-02-07 15:04:54 - [MESSAGE][WARNING] - beam 302 zip 56440 upfront fees 0 plan VS2 Standard Offer

2020-02-07 15:04:54 - [TEST_STEP][PASSED] - setValueToCellByAddress(sheet01, "B" + mycount, beamFail): null

2020-02-07 15:04:54 - [TEST_STEP][PASSED] - setValueToCellByAddress(sheet01, "C" + mycount, uffFail): null

2020-02-07 15:04:54 - [TEST_STEP][PASSED] - mycount = mycount + 1: null

2020-02-07 15:04:54 - [TEST_STEP][PASSED] - setValueToCellByAddress(sheet01, "A" + mycount, "beam " + mybeam + " zip " + myzip + " upfront fees " + myuff + " plan " + myplan): null

2020-02-07 15:04:54 - [TEST_STEP][PASSED] - setValueToCellByAddress(sheet01, "D" + mycount, myplan): null

2020-02-07 15:04:54 - [TEST_STEP][PASSED] - sendRequestAndVerify(findTestObject("Exede_Zip", ["myzip":myzip])): Send request and verify the response successfully

2020-02-07 15:04:56 - [MESSAGE][INFO] - HAR: /Users/jhampleman/Katalon Studio/Exede_Beam_Tests_v2.1 copy/Reports/20200207_150435/RUN_Exede_Zip_Test/20200207_150435/requests/main/6.har

2020-02-07 15:04:56 - [TEST_CASE][PASSED] - Start Test Case : Verification: Verification accomplished successfully

2020-02-07 15:04:56 - [TEST_STEP][PASSED] - request = getInstance().getCurrentRequest(): null

2020-02-07 15:04:56 - [TEST_STEP][PASSED] - response = getInstance().getCurrentResponse(): null

2020-02-07 15:04:56 - [TEST_STEP][PASSED] - if (!(verifyElementPropertyValue(response, "data.beam", mybeam))): Verify element property value successfully

2020-02-07 15:04:56 - [MESSAGE][PASSED] - Verify element property value successfully

2020-02-07 15:04:56 - [TEST_STEP][PASSED] - else: null

2020-02-07 15:04:56 - [TEST_STEP][PASSED] - beamFail = "P": null

2020-02-07 15:04:56 - [TEST_STEP][PASSED] - if (!(verifyElementPropertyValue(response, "data.product.down", myuff))): Verify element property value successfully

2020-02-07 15:04:56 - [MESSAGE][PASSED] - Verify element property value successfully

2020-02-07 15:04:56 - [TEST_STEP][PASSED] - else: null

2020-02-07 15:04:56 - [TEST_STEP][PASSED] - uffFail = "P": null

2020-02-07 15:04:56 - [TEST_STEP][PASSED] - jsonSlurper = new groovy.json.JsonSlurper(): null

2020-02-07 15:04:56 - [TEST_STEP][PASSED] - object = jsonSlurper.parseText(response.getResponseText()): null

2020-02-07 15:04:56 - [TEST_STEP][PASSED] - println(object): null

2020-02-07 15:04:56 - [TEST_STEP][PASSED] - mytest = plans: null

2020-02-07 15:04:56 - [TEST_STEP][PASSED] - variable = mytest: null

2020-02-07 15:04:56 - [MESSAGE][PASSED] - Verify response successfully

2020-02-07 15:04:56 - [MESSAGE][PASSED] - Send request and verify the response successfully

2020-02-07 15:04:56 - [TEST_STEP][PASSED] - setValueToCellByAddress(sheet01, "E" + mycount, variable): null

2020-02-07 15:04:56 - [TEST_STEP][PASSED] - saveWorkbook(excelFile01, workbook01): null]]></system-out>
         <system-err><![CDATA[]]></system-err>
      </testcase>
      <testcase name="Test Cases/Test_Beams_by_Zip_to_Excel" time="2.08" classname="Test Cases/Test_Beams_by_Zip_to_Excel" status="PASSED">
         <system-out><![CDATA[2020-02-07 15:04:56 - [TEST_CASE][PASSED] - Test Cases/Test_Beams_by_Zip_to_Excel: Test Cases/Test_Beams_by_Zip_to_Excel

2020-02-07 15:04:56 - [TEST_STEP][PASSED] - excelFile01 = "beams-test-results.xlsx": null

2020-02-07 15:04:56 - [TEST_STEP][PASSED] - ExpectedListSheetFile1 = ["Sheet1"]: null

2020-02-07 15:04:56 - [TEST_STEP][PASSED] - workbookFile01 = getWorkbook(excelFile01): null

2020-02-07 15:04:56 - [TEST_STEP][PASSED] - workbook01 = getWorkbook(excelFile01): null

2020-02-07 15:04:56 - [TEST_STEP][PASSED] - sheet01 = getExcelSheet(workbook01, "Sheet1"): null

2020-02-07 15:04:56 - [TEST_STEP][PASSED] - setValueToCellByAddress(sheet01, "A1", "TEST"): null

2020-02-07 15:04:56 - [TEST_STEP][PASSED] - setValueToCellByAddress(sheet01, "B1", "BEAM"): null

2020-02-07 15:04:56 - [TEST_STEP][PASSED] - setValueToCellByAddress(sheet01, "C1", "UFF"): null

2020-02-07 15:04:56 - [TEST_STEP][PASSED] - setValueToCellByAddress(sheet01, "D1", "PLAN"): null

2020-02-07 15:04:56 - [TEST_STEP][PASSED] - setValueToCellByAddress(sheet01, "E1", "API PLAN"): null

2020-02-07 15:04:56 - [TEST_STEP][PASSED] - mybeam = mybeam: null

2020-02-07 15:04:56 - [TEST_STEP][PASSED] - myuff = myuff: null

2020-02-07 15:04:56 - [TEST_STEP][PASSED] - myplan = myplan: null

2020-02-07 15:04:56 - [TEST_STEP][PASSED] - log = new com.kms.katalon.core.logging.KeywordLogger(): null

2020-02-07 15:04:56 - [TEST_STEP][PASSED] - log.logWarning("beam " + mybeam + " zip " + myzip + " upfront fees " + myuff + " plan " + myplan): beam 303 zip 54701 upfront fees 0 plan VS2 Standard Offer

2020-02-07 15:04:56 - [MESSAGE][WARNING] - beam 303 zip 54701 upfront fees 0 plan VS2 Standard Offer

2020-02-07 15:04:56 - [TEST_STEP][PASSED] - setValueToCellByAddress(sheet01, "B" + mycount, beamFail): null

2020-02-07 15:04:56 - [TEST_STEP][PASSED] - setValueToCellByAddress(sheet01, "C" + mycount, uffFail): null

2020-02-07 15:04:56 - [TEST_STEP][PASSED] - mycount = mycount + 1: null

2020-02-07 15:04:56 - [TEST_STEP][PASSED] - setValueToCellByAddress(sheet01, "A" + mycount, "beam " + mybeam + " zip " + myzip + " upfront fees " + myuff + " plan " + myplan): null

2020-02-07 15:04:56 - [TEST_STEP][PASSED] - setValueToCellByAddress(sheet01, "D" + mycount, myplan): null

2020-02-07 15:04:56 - [TEST_STEP][PASSED] - sendRequestAndVerify(findTestObject("Exede_Zip", ["myzip":myzip])): Send request and verify the response successfully

2020-02-07 15:04:58 - [MESSAGE][INFO] - HAR: /Users/jhampleman/Katalon Studio/Exede_Beam_Tests_v2.1 copy/Reports/20200207_150435/RUN_Exede_Zip_Test/20200207_150435/requests/main/7.har

2020-02-07 15:04:58 - [TEST_CASE][PASSED] - Start Test Case : Verification: Verification accomplished successfully

2020-02-07 15:04:58 - [TEST_STEP][PASSED] - request = getInstance().getCurrentRequest(): null

2020-02-07 15:04:58 - [TEST_STEP][PASSED] - response = getInstance().getCurrentResponse(): null

2020-02-07 15:04:58 - [TEST_STEP][PASSED] - if (!(verifyElementPropertyValue(response, "data.beam", mybeam))): Verify element property value successfully

2020-02-07 15:04:58 - [MESSAGE][PASSED] - Verify element property value successfully

2020-02-07 15:04:58 - [TEST_STEP][PASSED] - else: null

2020-02-07 15:04:58 - [TEST_STEP][PASSED] - beamFail = "P": null

2020-02-07 15:04:58 - [TEST_STEP][PASSED] - if (!(verifyElementPropertyValue(response, "data.product.down", myuff))): Verify element property value successfully

2020-02-07 15:04:58 - [MESSAGE][PASSED] - Verify element property value successfully

2020-02-07 15:04:58 - [TEST_STEP][PASSED] - else: null

2020-02-07 15:04:58 - [TEST_STEP][PASSED] - uffFail = "P": null

2020-02-07 15:04:58 - [TEST_STEP][PASSED] - jsonSlurper = new groovy.json.JsonSlurper(): null

2020-02-07 15:04:58 - [TEST_STEP][PASSED] - object = jsonSlurper.parseText(response.getResponseText()): null

2020-02-07 15:04:58 - [TEST_STEP][PASSED] - println(object): null

2020-02-07 15:04:58 - [TEST_STEP][PASSED] - mytest = plans: null

2020-02-07 15:04:58 - [TEST_STEP][PASSED] - variable = mytest: null

2020-02-07 15:04:58 - [MESSAGE][PASSED] - Verify response successfully

2020-02-07 15:04:58 - [MESSAGE][PASSED] - Send request and verify the response successfully

2020-02-07 15:04:58 - [TEST_STEP][PASSED] - setValueToCellByAddress(sheet01, "E" + mycount, variable): null

2020-02-07 15:04:58 - [TEST_STEP][PASSED] - saveWorkbook(excelFile01, workbook01): null]]></system-out>
         <system-err><![CDATA[]]></system-err>
      </testcase>
      <testcase name="Test Cases/Test_Beams_by_Zip_to_Excel" time="2.281" classname="Test Cases/Test_Beams_by_Zip_to_Excel" status="PASSED">
         <system-out><![CDATA[2020-02-07 15:04:58 - [TEST_CASE][PASSED] - Test Cases/Test_Beams_by_Zip_to_Excel: Test Cases/Test_Beams_by_Zip_to_Excel

2020-02-07 15:04:58 - [TEST_STEP][PASSED] - excelFile01 = "beams-test-results.xlsx": null

2020-02-07 15:04:58 - [TEST_STEP][PASSED] - ExpectedListSheetFile1 = ["Sheet1"]: null

2020-02-07 15:04:58 - [TEST_STEP][PASSED] - workbookFile01 = getWorkbook(excelFile01): null

2020-02-07 15:04:58 - [TEST_STEP][PASSED] - workbook01 = getWorkbook(excelFile01): null

2020-02-07 15:04:58 - [TEST_STEP][PASSED] - sheet01 = getExcelSheet(workbook01, "Sheet1"): null

2020-02-07 15:04:58 - [TEST_STEP][PASSED] - setValueToCellByAddress(sheet01, "A1", "TEST"): null

2020-02-07 15:04:58 - [TEST_STEP][PASSED] - setValueToCellByAddress(sheet01, "B1", "BEAM"): null

2020-02-07 15:04:58 - [TEST_STEP][PASSED] - setValueToCellByAddress(sheet01, "C1", "UFF"): null

2020-02-07 15:04:58 - [TEST_STEP][PASSED] - setValueToCellByAddress(sheet01, "D1", "PLAN"): null

2020-02-07 15:04:58 - [TEST_STEP][PASSED] - setValueToCellByAddress(sheet01, "E1", "API PLAN"): null

2020-02-07 15:04:58 - [TEST_STEP][PASSED] - mybeam = mybeam: null

2020-02-07 15:04:58 - [TEST_STEP][PASSED] - myuff = myuff: null

2020-02-07 15:04:58 - [TEST_STEP][PASSED] - myplan = myplan: null

2020-02-07 15:04:58 - [TEST_STEP][PASSED] - log = new com.kms.katalon.core.logging.KeywordLogger(): null

2020-02-07 15:04:58 - [TEST_STEP][PASSED] - log.logWarning("beam " + mybeam + " zip " + myzip + " upfront fees " + myuff + " plan " + myplan): beam 304 zip 54124 upfront fees 0 plan Liberty 12/25/50/Unlimited

2020-02-07 15:04:58 - [MESSAGE][WARNING] - beam 304 zip 54124 upfront fees 0 plan Liberty 12/25/50/Unlimited

2020-02-07 15:04:58 - [TEST_STEP][PASSED] - setValueToCellByAddress(sheet01, "B" + mycount, beamFail): null

2020-02-07 15:04:58 - [TEST_STEP][PASSED] - setValueToCellByAddress(sheet01, "C" + mycount, uffFail): null

2020-02-07 15:04:58 - [TEST_STEP][PASSED] - mycount = mycount + 1: null

2020-02-07 15:04:58 - [TEST_STEP][PASSED] - setValueToCellByAddress(sheet01, "A" + mycount, "beam " + mybeam + " zip " + myzip + " upfront fees " + myuff + " plan " + myplan): null

2020-02-07 15:04:58 - [TEST_STEP][PASSED] - setValueToCellByAddress(sheet01, "D" + mycount, myplan): null

2020-02-07 15:04:58 - [TEST_STEP][PASSED] - sendRequestAndVerify(findTestObject("Exede_Zip", ["myzip":myzip])): Send request and verify the response successfully

2020-02-07 15:05:00 - [MESSAGE][INFO] - HAR: /Users/jhampleman/Katalon Studio/Exede_Beam_Tests_v2.1 copy/Reports/20200207_150435/RUN_Exede_Zip_Test/20200207_150435/requests/main/8.har

2020-02-07 15:05:00 - [TEST_CASE][PASSED] - Start Test Case : Verification: Verification accomplished successfully

2020-02-07 15:05:00 - [TEST_STEP][PASSED] - request = getInstance().getCurrentRequest(): null

2020-02-07 15:05:00 - [TEST_STEP][PASSED] - response = getInstance().getCurrentResponse(): null

2020-02-07 15:05:00 - [TEST_STEP][PASSED] - if (!(verifyElementPropertyValue(response, "data.beam", mybeam))): Verify element property value successfully

2020-02-07 15:05:00 - [MESSAGE][PASSED] - Verify element property value successfully

2020-02-07 15:05:00 - [TEST_STEP][PASSED] - else: null

2020-02-07 15:05:00 - [TEST_STEP][PASSED] - beamFail = "P": null

2020-02-07 15:05:00 - [TEST_STEP][PASSED] - if (!(verifyElementPropertyValue(response, "data.product.down", myuff))): Verify element property value successfully

2020-02-07 15:05:00 - [MESSAGE][PASSED] - Verify element property value successfully

2020-02-07 15:05:00 - [TEST_STEP][PASSED] - else: null

2020-02-07 15:05:00 - [TEST_STEP][PASSED] - uffFail = "P": null

2020-02-07 15:05:00 - [TEST_STEP][PASSED] - jsonSlurper = new groovy.json.JsonSlurper(): null

2020-02-07 15:05:00 - [TEST_STEP][PASSED] - object = jsonSlurper.parseText(response.getResponseText()): null

2020-02-07 15:05:00 - [TEST_STEP][PASSED] - println(object): null

2020-02-07 15:05:00 - [TEST_STEP][PASSED] - mytest = plans: null

2020-02-07 15:05:00 - [TEST_STEP][PASSED] - variable = mytest: null

2020-02-07 15:05:00 - [MESSAGE][PASSED] - Verify response successfully

2020-02-07 15:05:00 - [MESSAGE][PASSED] - Send request and verify the response successfully

2020-02-07 15:05:00 - [TEST_STEP][PASSED] - setValueToCellByAddress(sheet01, "E" + mycount, variable): null

2020-02-07 15:05:00 - [TEST_STEP][PASSED] - saveWorkbook(excelFile01, workbook01): null]]></system-out>
         <system-err><![CDATA[]]></system-err>
      </testcase>
      <testcase name="Test Cases/Test_Beams_by_Zip_to_Excel" time="1.981" classname="Test Cases/Test_Beams_by_Zip_to_Excel" status="PASSED">
         <system-out><![CDATA[2020-02-07 15:05:00 - [TEST_CASE][PASSED] - Test Cases/Test_Beams_by_Zip_to_Excel: Test Cases/Test_Beams_by_Zip_to_Excel

2020-02-07 15:05:00 - [TEST_STEP][PASSED] - excelFile01 = "beams-test-results.xlsx": null

2020-02-07 15:05:00 - [TEST_STEP][PASSED] - ExpectedListSheetFile1 = ["Sheet1"]: null

2020-02-07 15:05:00 - [TEST_STEP][PASSED] - workbookFile01 = getWorkbook(excelFile01): null

2020-02-07 15:05:00 - [TEST_STEP][PASSED] - workbook01 = getWorkbook(excelFile01): null

2020-02-07 15:05:00 - [TEST_STEP][PASSED] - sheet01 = getExcelSheet(workbook01, "Sheet1"): null

2020-02-07 15:05:00 - [TEST_STEP][PASSED] - setValueToCellByAddress(sheet01, "A1", "TEST"): null

2020-02-07 15:05:00 - [TEST_STEP][PASSED] - setValueToCellByAddress(sheet01, "B1", "BEAM"): null

2020-02-07 15:05:00 - [TEST_STEP][PASSED] - setValueToCellByAddress(sheet01, "C1", "UFF"): null

2020-02-07 15:05:00 - [TEST_STEP][PASSED] - setValueToCellByAddress(sheet01, "D1", "PLAN"): null

2020-02-07 15:05:00 - [TEST_STEP][PASSED] - setValueToCellByAddress(sheet01, "E1", "API PLAN"): null

2020-02-07 15:05:00 - [TEST_STEP][PASSED] - mybeam = mybeam: null

2020-02-07 15:05:00 - [TEST_STEP][PASSED] - myuff = myuff: null

2020-02-07 15:05:00 - [TEST_STEP][PASSED] - myplan = myplan: null

2020-02-07 15:05:00 - [TEST_STEP][PASSED] - log = new com.kms.katalon.core.logging.KeywordLogger(): null

2020-02-07 15:05:00 - [TEST_STEP][PASSED] - log.logWarning("beam " + mybeam + " zip " + myzip + " upfront fees " + myuff + " plan " + myplan): beam 305 zip 48661 upfront fees 0 plan VS2 Standard Offer

2020-02-07 15:05:00 - [MESSAGE][WARNING] - beam 305 zip 48661 upfront fees 0 plan VS2 Standard Offer

2020-02-07 15:05:00 - [TEST_STEP][PASSED] - setValueToCellByAddress(sheet01, "B" + mycount, beamFail): null

2020-02-07 15:05:00 - [TEST_STEP][PASSED] - setValueToCellByAddress(sheet01, "C" + mycount, uffFail): null

2020-02-07 15:05:00 - [TEST_STEP][PASSED] - mycount = mycount + 1: null

2020-02-07 15:05:00 - [TEST_STEP][PASSED] - setValueToCellByAddress(sheet01, "A" + mycount, "beam " + mybeam + " zip " + myzip + " upfront fees " + myuff + " plan " + myplan): null

2020-02-07 15:05:00 - [TEST_STEP][PASSED] - setValueToCellByAddress(sheet01, "D" + mycount, myplan): null

2020-02-07 15:05:00 - [TEST_STEP][PASSED] - sendRequestAndVerify(findTestObject("Exede_Zip", ["myzip":myzip])): Send request and verify the response successfully

2020-02-07 15:05:02 - [MESSAGE][INFO] - HAR: /Users/jhampleman/Katalon Studio/Exede_Beam_Tests_v2.1 copy/Reports/20200207_150435/RUN_Exede_Zip_Test/20200207_150435/requests/main/9.har

2020-02-07 15:05:02 - [TEST_CASE][PASSED] - Start Test Case : Verification: Verification accomplished successfully

2020-02-07 15:05:02 - [TEST_STEP][PASSED] - request = getInstance().getCurrentRequest(): null

2020-02-07 15:05:02 - [TEST_STEP][PASSED] - response = getInstance().getCurrentResponse(): null

2020-02-07 15:05:02 - [TEST_STEP][PASSED] - if (!(verifyElementPropertyValue(response, "data.beam", mybeam))): Verify element property value successfully

2020-02-07 15:05:02 - [MESSAGE][PASSED] - Verify element property value successfully

2020-02-07 15:05:02 - [TEST_STEP][PASSED] - else: null

2020-02-07 15:05:02 - [TEST_STEP][PASSED] - beamFail = "P": null

2020-02-07 15:05:02 - [TEST_STEP][PASSED] - if (!(verifyElementPropertyValue(response, "data.product.down", myuff))): Verify element property value successfully

2020-02-07 15:05:02 - [MESSAGE][PASSED] - Verify element property value successfully

2020-02-07 15:05:02 - [TEST_STEP][PASSED] - else: null

2020-02-07 15:05:02 - [TEST_STEP][PASSED] - uffFail = "P": null

2020-02-07 15:05:02 - [TEST_STEP][PASSED] - jsonSlurper = new groovy.json.JsonSlurper(): null

2020-02-07 15:05:02 - [TEST_STEP][PASSED] - object = jsonSlurper.parseText(response.getResponseText()): null

2020-02-07 15:05:02 - [TEST_STEP][PASSED] - println(object): null

2020-02-07 15:05:02 - [TEST_STEP][PASSED] - mytest = plans: null

2020-02-07 15:05:02 - [TEST_STEP][PASSED] - variable = mytest: null

2020-02-07 15:05:02 - [MESSAGE][PASSED] - Verify response successfully

2020-02-07 15:05:02 - [MESSAGE][PASSED] - Send request and verify the response successfully

2020-02-07 15:05:02 - [TEST_STEP][PASSED] - setValueToCellByAddress(sheet01, "E" + mycount, variable): null

2020-02-07 15:05:02 - [TEST_STEP][PASSED] - saveWorkbook(excelFile01, workbook01): null]]></system-out>
         <system-err><![CDATA[]]></system-err>
      </testcase>
      <testcase name="Test Cases/Test_Beams_by_Zip_to_Excel" time="1.946" classname="Test Cases/Test_Beams_by_Zip_to_Excel" status="PASSED">
         <system-out><![CDATA[2020-02-07 15:05:02 - [TEST_CASE][PASSED] - Test Cases/Test_Beams_by_Zip_to_Excel: Test Cases/Test_Beams_by_Zip_to_Excel

2020-02-07 15:05:02 - [TEST_STEP][PASSED] - excelFile01 = "beams-test-results.xlsx": null

2020-02-07 15:05:02 - [TEST_STEP][PASSED] - ExpectedListSheetFile1 = ["Sheet1"]: null

2020-02-07 15:05:02 - [TEST_STEP][PASSED] - workbookFile01 = getWorkbook(excelFile01): null

2020-02-07 15:05:02 - [TEST_STEP][PASSED] - workbook01 = getWorkbook(excelFile01): null

2020-02-07 15:05:02 - [TEST_STEP][PASSED] - sheet01 = getExcelSheet(workbook01, "Sheet1"): null

2020-02-07 15:05:02 - [TEST_STEP][PASSED] - setValueToCellByAddress(sheet01, "A1", "TEST"): null

2020-02-07 15:05:02 - [TEST_STEP][PASSED] - setValueToCellByAddress(sheet01, "B1", "BEAM"): null

2020-02-07 15:05:02 - [TEST_STEP][PASSED] - setValueToCellByAddress(sheet01, "C1", "UFF"): null

2020-02-07 15:05:02 - [TEST_STEP][PASSED] - setValueToCellByAddress(sheet01, "D1", "PLAN"): null

2020-02-07 15:05:02 - [TEST_STEP][PASSED] - setValueToCellByAddress(sheet01, "E1", "API PLAN"): null

2020-02-07 15:05:02 - [TEST_STEP][PASSED] - mybeam = mybeam: null

2020-02-07 15:05:02 - [TEST_STEP][PASSED] - myuff = myuff: null

2020-02-07 15:05:02 - [TEST_STEP][PASSED] - myplan = myplan: null

2020-02-07 15:05:02 - [TEST_STEP][PASSED] - log = new com.kms.katalon.core.logging.KeywordLogger(): null

2020-02-07 15:05:02 - [TEST_STEP][PASSED] - log.logWarning("beam " + mybeam + " zip " + myzip + " upfront fees " + myuff + " plan " + myplan): beam 309 zip 50126 upfront fees 0 plan VS2 Standard Offer

2020-02-07 15:05:02 - [MESSAGE][WARNING] - beam 309 zip 50126 upfront fees 0 plan VS2 Standard Offer

2020-02-07 15:05:02 - [TEST_STEP][PASSED] - setValueToCellByAddress(sheet01, "B" + mycount, beamFail): null

2020-02-07 15:05:02 - [TEST_STEP][PASSED] - setValueToCellByAddress(sheet01, "C" + mycount, uffFail): null

2020-02-07 15:05:02 - [TEST_STEP][PASSED] - mycount = mycount + 1: null

2020-02-07 15:05:02 - [TEST_STEP][PASSED] - setValueToCellByAddress(sheet01, "A" + mycount, "beam " + mybeam + " zip " + myzip + " upfront fees " + myuff + " plan " + myplan): null

2020-02-07 15:05:02 - [TEST_STEP][PASSED] - setValueToCellByAddress(sheet01, "D" + mycount, myplan): null

2020-02-07 15:05:02 - [TEST_STEP][PASSED] - sendRequestAndVerify(findTestObject("Exede_Zip", ["myzip":myzip])): Send request and verify the response successfully

2020-02-07 15:05:04 - [MESSAGE][INFO] - HAR: /Users/jhampleman/Katalon Studio/Exede_Beam_Tests_v2.1 copy/Reports/20200207_150435/RUN_Exede_Zip_Test/20200207_150435/requests/main/10.har

2020-02-07 15:05:04 - [TEST_CASE][PASSED] - Start Test Case : Verification: Verification accomplished successfully

2020-02-07 15:05:04 - [TEST_STEP][PASSED] - request = getInstance().getCurrentRequest(): null

2020-02-07 15:05:04 - [TEST_STEP][PASSED] - response = getInstance().getCurrentResponse(): null

2020-02-07 15:05:04 - [TEST_STEP][PASSED] - if (!(verifyElementPropertyValue(response, "data.beam", mybeam))): Verify element property value successfully

2020-02-07 15:05:04 - [MESSAGE][PASSED] - Verify element property value successfully

2020-02-07 15:05:04 - [TEST_STEP][PASSED] - else: null

2020-02-07 15:05:04 - [TEST_STEP][PASSED] - beamFail = "P": null

2020-02-07 15:05:04 - [TEST_STEP][PASSED] - if (!(verifyElementPropertyValue(response, "data.product.down", myuff))): Verify element property value successfully

2020-02-07 15:05:04 - [MESSAGE][PASSED] - Verify element property value successfully

2020-02-07 15:05:04 - [TEST_STEP][PASSED] - else: null

2020-02-07 15:05:04 - [TEST_STEP][PASSED] - uffFail = "P": null

2020-02-07 15:05:04 - [TEST_STEP][PASSED] - jsonSlurper = new groovy.json.JsonSlurper(): null

2020-02-07 15:05:04 - [TEST_STEP][PASSED] - object = jsonSlurper.parseText(response.getResponseText()): null

2020-02-07 15:05:04 - [TEST_STEP][PASSED] - println(object): null

2020-02-07 15:05:04 - [TEST_STEP][PASSED] - mytest = plans: null

2020-02-07 15:05:04 - [TEST_STEP][PASSED] - variable = mytest: null

2020-02-07 15:05:04 - [MESSAGE][PASSED] - Verify response successfully

2020-02-07 15:05:04 - [MESSAGE][PASSED] - Send request and verify the response successfully

2020-02-07 15:05:04 - [TEST_STEP][PASSED] - setValueToCellByAddress(sheet01, "E" + mycount, variable): null

2020-02-07 15:05:04 - [TEST_STEP][PASSED] - saveWorkbook(excelFile01, workbook01): null]]></system-out>
         <system-err><![CDATA[]]></system-err>
      </testcase>
      <testcase name="Test Cases/Test_Beams_by_Zip_to_Excel" time="2.023" classname="Test Cases/Test_Beams_by_Zip_to_Excel" status="PASSED">
         <system-out><![CDATA[2020-02-07 15:05:04 - [TEST_CASE][PASSED] - Test Cases/Test_Beams_by_Zip_to_Excel: Test Cases/Test_Beams_by_Zip_to_Excel

2020-02-07 15:05:04 - [TEST_STEP][PASSED] - excelFile01 = "beams-test-results.xlsx": null

2020-02-07 15:05:04 - [TEST_STEP][PASSED] - ExpectedListSheetFile1 = ["Sheet1"]: null

2020-02-07 15:05:04 - [TEST_STEP][PASSED] - workbookFile01 = getWorkbook(excelFile01): null

2020-02-07 15:05:04 - [TEST_STEP][PASSED] - workbook01 = getWorkbook(excelFile01): null

2020-02-07 15:05:04 - [TEST_STEP][PASSED] - sheet01 = getExcelSheet(workbook01, "Sheet1"): null

2020-02-07 15:05:04 - [TEST_STEP][PASSED] - setValueToCellByAddress(sheet01, "A1", "TEST"): null

2020-02-07 15:05:04 - [TEST_STEP][PASSED] - setValueToCellByAddress(sheet01, "B1", "BEAM"): null

2020-02-07 15:05:04 - [TEST_STEP][PASSED] - setValueToCellByAddress(sheet01, "C1", "UFF"): null

2020-02-07 15:05:04 - [TEST_STEP][PASSED] - setValueToCellByAddress(sheet01, "D1", "PLAN"): null

2020-02-07 15:05:04 - [TEST_STEP][PASSED] - setValueToCellByAddress(sheet01, "E1", "API PLAN"): null

2020-02-07 15:05:04 - [TEST_STEP][PASSED] - mybeam = mybeam: null

2020-02-07 15:05:04 - [TEST_STEP][PASSED] - myuff = myuff: null

2020-02-07 15:05:04 - [TEST_STEP][PASSED] - myplan = myplan: null

2020-02-07 15:05:04 - [TEST_STEP][PASSED] - log = new com.kms.katalon.core.logging.KeywordLogger(): null

2020-02-07 15:05:04 - [TEST_STEP][PASSED] - log.logWarning("beam " + mybeam + " zip " + myzip + " upfront fees " + myuff + " plan " + myplan): beam 310 zip 61032 upfront fees 0 plan VS2 Standard Offer

2020-02-07 15:05:04 - [MESSAGE][WARNING] - beam 310 zip 61032 upfront fees 0 plan VS2 Standard Offer

2020-02-07 15:05:04 - [TEST_STEP][PASSED] - setValueToCellByAddress(sheet01, "B" + mycount, beamFail): null

2020-02-07 15:05:04 - [TEST_STEP][PASSED] - setValueToCellByAddress(sheet01, "C" + mycount, uffFail): null

2020-02-07 15:05:04 - [TEST_STEP][PASSED] - mycount = mycount + 1: null

2020-02-07 15:05:04 - [TEST_STEP][PASSED] - setValueToCellByAddress(sheet01, "A" + mycount, "beam " + mybeam + " zip " + myzip + " upfront fees " + myuff + " plan " + myplan): null

2020-02-07 15:05:04 - [TEST_STEP][PASSED] - setValueToCellByAddress(sheet01, "D" + mycount, myplan): null

2020-02-07 15:05:04 - [TEST_STEP][PASSED] - sendRequestAndVerify(findTestObject("Exede_Zip", ["myzip":myzip])): Send request and verify the response successfully

2020-02-07 15:05:06 - [MESSAGE][INFO] - HAR: /Users/jhampleman/Katalon Studio/Exede_Beam_Tests_v2.1 copy/Reports/20200207_150435/RUN_Exede_Zip_Test/20200207_150435/requests/main/11.har

2020-02-07 15:05:06 - [TEST_CASE][PASSED] - Start Test Case : Verification: Verification accomplished successfully

2020-02-07 15:05:06 - [TEST_STEP][PASSED] - request = getInstance().getCurrentRequest(): null

2020-02-07 15:05:06 - [TEST_STEP][PASSED] - response = getInstance().getCurrentResponse(): null

2020-02-07 15:05:06 - [TEST_STEP][PASSED] - if (!(verifyElementPropertyValue(response, "data.beam", mybeam))): Verify element property value successfully

2020-02-07 15:05:06 - [MESSAGE][PASSED] - Verify element property value successfully

2020-02-07 15:05:06 - [TEST_STEP][PASSED] - else: null

2020-02-07 15:05:06 - [TEST_STEP][PASSED] - beamFail = "P": null

2020-02-07 15:05:06 - [TEST_STEP][PASSED] - if (!(verifyElementPropertyValue(response, "data.product.down", myuff))): Verify element property value successfully

2020-02-07 15:05:06 - [MESSAGE][PASSED] - Verify element property value successfully

2020-02-07 15:05:06 - [TEST_STEP][PASSED] - else: null

2020-02-07 15:05:06 - [TEST_STEP][PASSED] - uffFail = "P": null

2020-02-07 15:05:06 - [TEST_STEP][PASSED] - jsonSlurper = new groovy.json.JsonSlurper(): null

2020-02-07 15:05:06 - [TEST_STEP][PASSED] - object = jsonSlurper.parseText(response.getResponseText()): null

2020-02-07 15:05:06 - [TEST_STEP][PASSED] - println(object): null

2020-02-07 15:05:06 - [TEST_STEP][PASSED] - mytest = plans: null

2020-02-07 15:05:06 - [TEST_STEP][PASSED] - variable = mytest: null

2020-02-07 15:05:06 - [MESSAGE][PASSED] - Verify response successfully

2020-02-07 15:05:06 - [MESSAGE][PASSED] - Send request and verify the response successfully

2020-02-07 15:05:06 - [TEST_STEP][PASSED] - setValueToCellByAddress(sheet01, "E" + mycount, variable): null

2020-02-07 15:05:06 - [TEST_STEP][PASSED] - saveWorkbook(excelFile01, workbook01): null]]></system-out>
         <system-err><![CDATA[]]></system-err>
      </testcase>
      <testcase name="Test Cases/Test_Beams_by_Zip_to_Excel" time="2.03" classname="Test Cases/Test_Beams_by_Zip_to_Excel" status="PASSED">
         <system-out><![CDATA[2020-02-07 15:05:06 - [TEST_CASE][PASSED] - Test Cases/Test_Beams_by_Zip_to_Excel: Test Cases/Test_Beams_by_Zip_to_Excel

2020-02-07 15:05:06 - [TEST_STEP][PASSED] - excelFile01 = "beams-test-results.xlsx": null

2020-02-07 15:05:06 - [TEST_STEP][PASSED] - ExpectedListSheetFile1 = ["Sheet1"]: null

2020-02-07 15:05:06 - [TEST_STEP][PASSED] - workbookFile01 = getWorkbook(excelFile01): null

2020-02-07 15:05:06 - [TEST_STEP][PASSED] - workbook01 = getWorkbook(excelFile01): null

2020-02-07 15:05:06 - [TEST_STEP][PASSED] - sheet01 = getExcelSheet(workbook01, "Sheet1"): null

2020-02-07 15:05:06 - [TEST_STEP][PASSED] - setValueToCellByAddress(sheet01, "A1", "TEST"): null

2020-02-07 15:05:06 - [TEST_STEP][PASSED] - setValueToCellByAddress(sheet01, "B1", "BEAM"): null

2020-02-07 15:05:06 - [TEST_STEP][PASSED] - setValueToCellByAddress(sheet01, "C1", "UFF"): null

2020-02-07 15:05:06 - [TEST_STEP][PASSED] - setValueToCellByAddress(sheet01, "D1", "PLAN"): null

2020-02-07 15:05:06 - [TEST_STEP][PASSED] - setValueToCellByAddress(sheet01, "E1", "API PLAN"): null

2020-02-07 15:05:06 - [TEST_STEP][PASSED] - mybeam = mybeam: null

2020-02-07 15:05:06 - [TEST_STEP][PASSED] - myuff = myuff: null

2020-02-07 15:05:06 - [TEST_STEP][PASSED] - myplan = myplan: null

2020-02-07 15:05:06 - [TEST_STEP][PASSED] - log = new com.kms.katalon.core.logging.KeywordLogger(): null

2020-02-07 15:05:06 - [TEST_STEP][PASSED] - log.logWarning("beam " + mybeam + " zip " + myzip + " upfront fees " + myuff + " plan " + myplan): beam 311 zip 47963 upfront fees 0 plan Liberty 12/25/50/Unlimited

2020-02-07 15:05:06 - [MESSAGE][WARNING] - beam 311 zip 47963 upfront fees 0 plan Liberty 12/25/50/Unlimited

2020-02-07 15:05:06 - [TEST_STEP][PASSED] - setValueToCellByAddress(sheet01, "B" + mycount, beamFail): null

2020-02-07 15:05:06 - [TEST_STEP][PASSED] - setValueToCellByAddress(sheet01, "C" + mycount, uffFail): null

2020-02-07 15:05:06 - [TEST_STEP][PASSED] - mycount = mycount + 1: null

2020-02-07 15:05:06 - [TEST_STEP][PASSED] - setValueToCellByAddress(sheet01, "A" + mycount, "beam " + mybeam + " zip " + myzip + " upfront fees " + myuff + " plan " + myplan): null

2020-02-07 15:05:06 - [TEST_STEP][PASSED] - setValueToCellByAddress(sheet01, "D" + mycount, myplan): null

2020-02-07 15:05:06 - [TEST_STEP][PASSED] - sendRequestAndVerify(findTestObject("Exede_Zip", ["myzip":myzip])): Send request and verify the response successfully

2020-02-07 15:05:08 - [MESSAGE][INFO] - HAR: /Users/jhampleman/Katalon Studio/Exede_Beam_Tests_v2.1 copy/Reports/20200207_150435/RUN_Exede_Zip_Test/20200207_150435/requests/main/12.har

2020-02-07 15:05:08 - [TEST_CASE][PASSED] - Start Test Case : Verification: Verification accomplished successfully

2020-02-07 15:05:08 - [TEST_STEP][PASSED] - request = getInstance().getCurrentRequest(): null

2020-02-07 15:05:08 - [TEST_STEP][PASSED] - response = getInstance().getCurrentResponse(): null

2020-02-07 15:05:08 - [TEST_STEP][PASSED] - if (!(verifyElementPropertyValue(response, "data.beam", mybeam))): Verify element property value successfully

2020-02-07 15:05:08 - [MESSAGE][PASSED] - Verify element property value successfully

2020-02-07 15:05:08 - [TEST_STEP][PASSED] - else: null

2020-02-07 15:05:08 - [TEST_STEP][PASSED] - beamFail = "P": null

2020-02-07 15:05:08 - [TEST_STEP][PASSED] - if (!(verifyElementPropertyValue(response, "data.product.down", myuff))): Verify element property value successfully

2020-02-07 15:05:08 - [MESSAGE][PASSED] - Verify element property value successfully

2020-02-07 15:05:08 - [TEST_STEP][PASSED] - else: null

2020-02-07 15:05:08 - [TEST_STEP][PASSED] - uffFail = "P": null

2020-02-07 15:05:08 - [TEST_STEP][PASSED] - jsonSlurper = new groovy.json.JsonSlurper(): null

2020-02-07 15:05:08 - [TEST_STEP][PASSED] - object = jsonSlurper.parseText(response.getResponseText()): null

2020-02-07 15:05:08 - [TEST_STEP][PASSED] - println(object): null

2020-02-07 15:05:08 - [TEST_STEP][PASSED] - mytest = plans: null

2020-02-07 15:05:08 - [TEST_STEP][PASSED] - variable = mytest: null

2020-02-07 15:05:08 - [MESSAGE][PASSED] - Verify response successfully

2020-02-07 15:05:08 - [MESSAGE][PASSED] - Send request and verify the response successfully

2020-02-07 15:05:08 - [TEST_STEP][PASSED] - setValueToCellByAddress(sheet01, "E" + mycount, variable): null

2020-02-07 15:05:08 - [TEST_STEP][PASSED] - saveWorkbook(excelFile01, workbook01): null]]></system-out>
         <system-err><![CDATA[]]></system-err>
      </testcase>
      <testcase name="Test Cases/Test_Beams_by_Zip_to_Excel" time="1.871" classname="Test Cases/Test_Beams_by_Zip_to_Excel" status="PASSED">
         <system-out><![CDATA[2020-02-07 15:05:08 - [TEST_CASE][PASSED] - Test Cases/Test_Beams_by_Zip_to_Excel: Test Cases/Test_Beams_by_Zip_to_Excel

2020-02-07 15:05:08 - [TEST_STEP][PASSED] - excelFile01 = "beams-test-results.xlsx": null

2020-02-07 15:05:08 - [TEST_STEP][PASSED] - ExpectedListSheetFile1 = ["Sheet1"]: null

2020-02-07 15:05:08 - [TEST_STEP][PASSED] - workbookFile01 = getWorkbook(excelFile01): null

2020-02-07 15:05:08 - [TEST_STEP][PASSED] - workbook01 = getWorkbook(excelFile01): null

2020-02-07 15:05:08 - [TEST_STEP][PASSED] - sheet01 = getExcelSheet(workbook01, "Sheet1"): null

2020-02-07 15:05:08 - [TEST_STEP][PASSED] - setValueToCellByAddress(sheet01, "A1", "TEST"): null

2020-02-07 15:05:08 - [TEST_STEP][PASSED] - setValueToCellByAddress(sheet01, "B1", "BEAM"): null

2020-02-07 15:05:08 - [TEST_STEP][PASSED] - setValueToCellByAddress(sheet01, "C1", "UFF"): null

2020-02-07 15:05:08 - [TEST_STEP][PASSED] - setValueToCellByAddress(sheet01, "D1", "PLAN"): null

2020-02-07 15:05:08 - [TEST_STEP][PASSED] - setValueToCellByAddress(sheet01, "E1", "API PLAN"): null

2020-02-07 15:05:08 - [TEST_STEP][PASSED] - mybeam = mybeam: null

2020-02-07 15:05:08 - [TEST_STEP][PASSED] - myuff = myuff: null

2020-02-07 15:05:08 - [TEST_STEP][PASSED] - myplan = myplan: null

2020-02-07 15:05:08 - [TEST_STEP][PASSED] - log = new com.kms.katalon.core.logging.KeywordLogger(): null

2020-02-07 15:05:08 - [TEST_STEP][PASSED] - log.logWarning("beam " + mybeam + " zip " + myzip + " upfront fees " + myuff + " plan " + myplan): beam 312 zip 46777 upfront fees 0 plan Liberty 12/25/50/Unlimited

2020-02-07 15:05:08 - [MESSAGE][WARNING] - beam 312 zip 46777 upfront fees 0 plan Liberty 12/25/50/Unlimited

2020-02-07 15:05:08 - [TEST_STEP][PASSED] - setValueToCellByAddress(sheet01, "B" + mycount, beamFail): null

2020-02-07 15:05:08 - [TEST_STEP][PASSED] - setValueToCellByAddress(sheet01, "C" + mycount, uffFail): null

2020-02-07 15:05:08 - [TEST_STEP][PASSED] - mycount = mycount + 1: null

2020-02-07 15:05:08 - [TEST_STEP][PASSED] - setValueToCellByAddress(sheet01, "A" + mycount, "beam " + mybeam + " zip " + myzip + " upfront fees " + myuff + " plan " + myplan): null

2020-02-07 15:05:08 - [TEST_STEP][PASSED] - setValueToCellByAddress(sheet01, "D" + mycount, myplan): null

2020-02-07 15:05:08 - [TEST_STEP][PASSED] - sendRequestAndVerify(findTestObject("Exede_Zip", ["myzip":myzip])): Send request and verify the response successfully

2020-02-07 15:05:10 - [MESSAGE][INFO] - HAR: /Users/jhampleman/Katalon Studio/Exede_Beam_Tests_v2.1 copy/Reports/20200207_150435/RUN_Exede_Zip_Test/20200207_150435/requests/main/13.har

2020-02-07 15:05:10 - [TEST_CASE][PASSED] - Start Test Case : Verification: Verification accomplished successfully

2020-02-07 15:05:10 - [TEST_STEP][PASSED] - request = getInstance().getCurrentRequest(): null

2020-02-07 15:05:10 - [TEST_STEP][PASSED] - response = getInstance().getCurrentResponse(): null

2020-02-07 15:05:10 - [TEST_STEP][PASSED] - if (!(verifyElementPropertyValue(response, "data.beam", mybeam))): Verify element property value successfully

2020-02-07 15:05:10 - [MESSAGE][PASSED] - Verify element property value successfully

2020-02-07 15:05:10 - [TEST_STEP][PASSED] - else: null

2020-02-07 15:05:10 - [TEST_STEP][PASSED] - beamFail = "P": null

2020-02-07 15:05:10 - [TEST_STEP][PASSED] - if (!(verifyElementPropertyValue(response, "data.product.down", myuff))): Verify element property value successfully

2020-02-07 15:05:10 - [MESSAGE][PASSED] - Verify element property value successfully

2020-02-07 15:05:10 - [TEST_STEP][PASSED] - else: null

2020-02-07 15:05:10 - [TEST_STEP][PASSED] - uffFail = "P": null

2020-02-07 15:05:10 - [TEST_STEP][PASSED] - jsonSlurper = new groovy.json.JsonSlurper(): null

2020-02-07 15:05:10 - [TEST_STEP][PASSED] - object = jsonSlurper.parseText(response.getResponseText()): null

2020-02-07 15:05:10 - [TEST_STEP][PASSED] - println(object): null

2020-02-07 15:05:10 - [TEST_STEP][PASSED] - mytest = plans: null

2020-02-07 15:05:10 - [TEST_STEP][PASSED] - variable = mytest: null

2020-02-07 15:05:10 - [MESSAGE][PASSED] - Verify response successfully

2020-02-07 15:05:10 - [MESSAGE][PASSED] - Send request and verify the response successfully

2020-02-07 15:05:10 - [TEST_STEP][PASSED] - setValueToCellByAddress(sheet01, "E" + mycount, variable): null

2020-02-07 15:05:10 - [TEST_STEP][PASSED] - saveWorkbook(excelFile01, workbook01): null]]></system-out>
         <system-err><![CDATA[]]></system-err>
      </testcase>
      <testcase name="Test Cases/Test_Beams_by_Zip_to_Excel" time="2.195" classname="Test Cases/Test_Beams_by_Zip_to_Excel" status="PASSED">
         <system-out><![CDATA[2020-02-07 15:05:10 - [TEST_CASE][PASSED] - Test Cases/Test_Beams_by_Zip_to_Excel: Test Cases/Test_Beams_by_Zip_to_Excel

2020-02-07 15:05:10 - [TEST_STEP][PASSED] - excelFile01 = "beams-test-results.xlsx": null

2020-02-07 15:05:10 - [TEST_STEP][PASSED] - ExpectedListSheetFile1 = ["Sheet1"]: null

2020-02-07 15:05:10 - [TEST_STEP][PASSED] - workbookFile01 = getWorkbook(excelFile01): null

2020-02-07 15:05:10 - [TEST_STEP][PASSED] - workbook01 = getWorkbook(excelFile01): null

2020-02-07 15:05:10 - [TEST_STEP][PASSED] - sheet01 = getExcelSheet(workbook01, "Sheet1"): null

2020-02-07 15:05:10 - [TEST_STEP][PASSED] - setValueToCellByAddress(sheet01, "A1", "TEST"): null

2020-02-07 15:05:10 - [TEST_STEP][PASSED] - setValueToCellByAddress(sheet01, "B1", "BEAM"): null

2020-02-07 15:05:10 - [TEST_STEP][PASSED] - setValueToCellByAddress(sheet01, "C1", "UFF"): null

2020-02-07 15:05:10 - [TEST_STEP][PASSED] - setValueToCellByAddress(sheet01, "D1", "PLAN"): null

2020-02-07 15:05:10 - [TEST_STEP][PASSED] - setValueToCellByAddress(sheet01, "E1", "API PLAN"): null

2020-02-07 15:05:10 - [TEST_STEP][PASSED] - mybeam = mybeam: null

2020-02-07 15:05:10 - [TEST_STEP][PASSED] - myuff = myuff: null

2020-02-07 15:05:10 - [TEST_STEP][PASSED] - myplan = myplan: null

2020-02-07 15:05:10 - [TEST_STEP][PASSED] - log = new com.kms.katalon.core.logging.KeywordLogger(): null

2020-02-07 15:05:10 - [TEST_STEP][PASSED] - log.logWarning("beam " + mybeam + " zip " + myzip + " upfront fees " + myuff + " plan " + myplan): beam 314 zip 13730 upfront fees 0 plan VS2 Standard Offer

2020-02-07 15:05:10 - [MESSAGE][WARNING] - beam 314 zip 13730 upfront fees 0 plan VS2 Standard Offer

2020-02-07 15:05:10 - [TEST_STEP][PASSED] - setValueToCellByAddress(sheet01, "B" + mycount, beamFail): null

2020-02-07 15:05:10 - [TEST_STEP][PASSED] - setValueToCellByAddress(sheet01, "C" + mycount, uffFail): null

2020-02-07 15:05:10 - [TEST_STEP][PASSED] - mycount = mycount + 1: null

2020-02-07 15:05:10 - [TEST_STEP][PASSED] - setValueToCellByAddress(sheet01, "A" + mycount, "beam " + mybeam + " zip " + myzip + " upfront fees " + myuff + " plan " + myplan): null

2020-02-07 15:05:10 - [TEST_STEP][PASSED] - setValueToCellByAddress(sheet01, "D" + mycount, myplan): null

2020-02-07 15:05:10 - [TEST_STEP][PASSED] - sendRequestAndVerify(findTestObject("Exede_Zip", ["myzip":myzip])): Send request and verify the response successfully

2020-02-07 15:05:12 - [MESSAGE][INFO] - HAR: /Users/jhampleman/Katalon Studio/Exede_Beam_Tests_v2.1 copy/Reports/20200207_150435/RUN_Exede_Zip_Test/20200207_150435/requests/main/14.har

2020-02-07 15:05:12 - [TEST_CASE][PASSED] - Start Test Case : Verification: Verification accomplished successfully

2020-02-07 15:05:12 - [TEST_STEP][PASSED] - request = getInstance().getCurrentRequest(): null

2020-02-07 15:05:12 - [TEST_STEP][PASSED] - response = getInstance().getCurrentResponse(): null

2020-02-07 15:05:12 - [TEST_STEP][PASSED] - if (!(verifyElementPropertyValue(response, "data.beam", mybeam))): Verify element property value successfully

2020-02-07 15:05:12 - [MESSAGE][PASSED] - Verify element property value successfully

2020-02-07 15:05:12 - [TEST_STEP][PASSED] - else: null

2020-02-07 15:05:12 - [TEST_STEP][PASSED] - beamFail = "P": null

2020-02-07 15:05:12 - [TEST_STEP][PASSED] - if (!(verifyElementPropertyValue(response, "data.product.down", myuff))): Verify element property value successfully

2020-02-07 15:05:12 - [MESSAGE][PASSED] - Verify element property value successfully

2020-02-07 15:05:12 - [TEST_STEP][PASSED] - else: null

2020-02-07 15:05:12 - [TEST_STEP][PASSED] - uffFail = "P": null

2020-02-07 15:05:12 - [TEST_STEP][PASSED] - jsonSlurper = new groovy.json.JsonSlurper(): null

2020-02-07 15:05:12 - [TEST_STEP][PASSED] - object = jsonSlurper.parseText(response.getResponseText()): null

2020-02-07 15:05:12 - [TEST_STEP][PASSED] - println(object): null

2020-02-07 15:05:12 - [TEST_STEP][PASSED] - mytest = plans: null

2020-02-07 15:05:12 - [TEST_STEP][PASSED] - variable = mytest: null

2020-02-07 15:05:12 - [MESSAGE][PASSED] - Verify response successfully

2020-02-07 15:05:12 - [MESSAGE][PASSED] - Send request and verify the response successfully

2020-02-07 15:05:12 - [TEST_STEP][PASSED] - setValueToCellByAddress(sheet01, "E" + mycount, variable): null

2020-02-07 15:05:12 - [TEST_STEP][PASSED] - saveWorkbook(excelFile01, workbook01): null]]></system-out>
         <system-err><![CDATA[]]></system-err>
      </testcase>
      <testcase name="Test Cases/Test_Beams_by_Zip_to_Excel" time="2.041" classname="Test Cases/Test_Beams_by_Zip_to_Excel" status="PASSED">
         <system-out><![CDATA[2020-02-07 15:05:12 - [TEST_CASE][PASSED] - Test Cases/Test_Beams_by_Zip_to_Excel: Test Cases/Test_Beams_by_Zip_to_Excel

2020-02-07 15:05:12 - [TEST_STEP][PASSED] - excelFile01 = "beams-test-results.xlsx": null

2020-02-07 15:05:12 - [TEST_STEP][PASSED] - ExpectedListSheetFile1 = ["Sheet1"]: null

2020-02-07 15:05:12 - [TEST_STEP][PASSED] - workbookFile01 = getWorkbook(excelFile01): null

2020-02-07 15:05:13 - [TEST_STEP][PASSED] - workbook01 = getWorkbook(excelFile01): null

2020-02-07 15:05:13 - [TEST_STEP][PASSED] - sheet01 = getExcelSheet(workbook01, "Sheet1"): null

2020-02-07 15:05:13 - [TEST_STEP][PASSED] - setValueToCellByAddress(sheet01, "A1", "TEST"): null

2020-02-07 15:05:13 - [TEST_STEP][PASSED] - setValueToCellByAddress(sheet01, "B1", "BEAM"): null

2020-02-07 15:05:13 - [TEST_STEP][PASSED] - setValueToCellByAddress(sheet01, "C1", "UFF"): null

2020-02-07 15:05:13 - [TEST_STEP][PASSED] - setValueToCellByAddress(sheet01, "D1", "PLAN"): null

2020-02-07 15:05:13 - [TEST_STEP][PASSED] - setValueToCellByAddress(sheet01, "E1", "API PLAN"): null

2020-02-07 15:05:13 - [TEST_STEP][PASSED] - mybeam = mybeam: null

2020-02-07 15:05:13 - [TEST_STEP][PASSED] - myuff = myuff: null

2020-02-07 15:05:13 - [TEST_STEP][PASSED] - myplan = myplan: null

2020-02-07 15:05:13 - [TEST_STEP][PASSED] - log = new com.kms.katalon.core.logging.KeywordLogger(): null

2020-02-07 15:05:13 - [TEST_STEP][PASSED] - log.logWarning("beam " + mybeam + " zip " + myzip + " upfront fees " + myuff + " plan " + myplan): beam 315 zip 12208 upfront fees 150 plan Liberty 12/25/50/Unlimited

2020-02-07 15:05:13 - [MESSAGE][WARNING] - beam 315 zip 12208 upfront fees 150 plan Liberty 12/25/50/Unlimited

2020-02-07 15:05:13 - [TEST_STEP][PASSED] - setValueToCellByAddress(sheet01, "B" + mycount, beamFail): null

2020-02-07 15:05:13 - [TEST_STEP][PASSED] - setValueToCellByAddress(sheet01, "C" + mycount, uffFail): null

2020-02-07 15:05:13 - [TEST_STEP][PASSED] - mycount = mycount + 1: null

2020-02-07 15:05:13 - [TEST_STEP][PASSED] - setValueToCellByAddress(sheet01, "A" + mycount, "beam " + mybeam + " zip " + myzip + " upfront fees " + myuff + " plan " + myplan): null

2020-02-07 15:05:13 - [TEST_STEP][PASSED] - setValueToCellByAddress(sheet01, "D" + mycount, myplan): null

2020-02-07 15:05:13 - [TEST_STEP][PASSED] - sendRequestAndVerify(findTestObject("Exede_Zip", ["myzip":myzip])): Send request and verify the response successfully

2020-02-07 15:05:14 - [MESSAGE][INFO] - HAR: /Users/jhampleman/Katalon Studio/Exede_Beam_Tests_v2.1 copy/Reports/20200207_150435/RUN_Exede_Zip_Test/20200207_150435/requests/main/15.har

2020-02-07 15:05:14 - [TEST_CASE][PASSED] - Start Test Case : Verification: Verification accomplished successfully

2020-02-07 15:05:14 - [TEST_STEP][PASSED] - request = getInstance().getCurrentRequest(): null

2020-02-07 15:05:14 - [TEST_STEP][PASSED] - response = getInstance().getCurrentResponse(): null

2020-02-07 15:05:14 - [TEST_STEP][PASSED] - if (!(verifyElementPropertyValue(response, "data.beam", mybeam))): Verify element property value successfully

2020-02-07 15:05:14 - [MESSAGE][PASSED] - Verify element property value successfully

2020-02-07 15:05:14 - [TEST_STEP][PASSED] - else: null

2020-02-07 15:05:14 - [TEST_STEP][PASSED] - beamFail = "P": null

2020-02-07 15:05:14 - [TEST_STEP][PASSED] - if (!(verifyElementPropertyValue(response, "data.product.down", myuff))): Verify element property value successfully

2020-02-07 15:05:14 - [MESSAGE][PASSED] - Verify element property value successfully

2020-02-07 15:05:14 - [TEST_STEP][PASSED] - else: null

2020-02-07 15:05:14 - [TEST_STEP][PASSED] - uffFail = "P": null

2020-02-07 15:05:14 - [TEST_STEP][PASSED] - jsonSlurper = new groovy.json.JsonSlurper(): null

2020-02-07 15:05:14 - [TEST_STEP][PASSED] - object = jsonSlurper.parseText(response.getResponseText()): null

2020-02-07 15:05:14 - [TEST_STEP][PASSED] - println(object): null

2020-02-07 15:05:14 - [TEST_STEP][PASSED] - mytest = plans: null

2020-02-07 15:05:14 - [TEST_STEP][PASSED] - variable = mytest: null

2020-02-07 15:05:14 - [MESSAGE][PASSED] - Verify response successfully

2020-02-07 15:05:14 - [MESSAGE][PASSED] - Send request and verify the response successfully

2020-02-07 15:05:14 - [TEST_STEP][PASSED] - setValueToCellByAddress(sheet01, "E" + mycount, variable): null

2020-02-07 15:05:14 - [TEST_STEP][PASSED] - saveWorkbook(excelFile01, workbook01): null]]></system-out>
         <system-err><![CDATA[]]></system-err>
      </testcase>
      <testcase name="Test Cases/Test_Beams_by_Zip_to_Excel" time="2.161" classname="Test Cases/Test_Beams_by_Zip_to_Excel" status="PASSED">
         <system-out><![CDATA[2020-02-07 15:05:15 - [TEST_CASE][PASSED] - Test Cases/Test_Beams_by_Zip_to_Excel: Test Cases/Test_Beams_by_Zip_to_Excel

2020-02-07 15:05:15 - [TEST_STEP][PASSED] - excelFile01 = "beams-test-results.xlsx": null

2020-02-07 15:05:15 - [TEST_STEP][PASSED] - ExpectedListSheetFile1 = ["Sheet1"]: null

2020-02-07 15:05:15 - [TEST_STEP][PASSED] - workbookFile01 = getWorkbook(excelFile01): null

2020-02-07 15:05:15 - [TEST_STEP][PASSED] - workbook01 = getWorkbook(excelFile01): null

2020-02-07 15:05:15 - [TEST_STEP][PASSED] - sheet01 = getExcelSheet(workbook01, "Sheet1"): null

2020-02-07 15:05:15 - [TEST_STEP][PASSED] - setValueToCellByAddress(sheet01, "A1", "TEST"): null

2020-02-07 15:05:15 - [TEST_STEP][PASSED] - setValueToCellByAddress(sheet01, "B1", "BEAM"): null

2020-02-07 15:05:15 - [TEST_STEP][PASSED] - setValueToCellByAddress(sheet01, "C1", "UFF"): null

2020-02-07 15:05:15 - [TEST_STEP][PASSED] - setValueToCellByAddress(sheet01, "D1", "PLAN"): null

2020-02-07 15:05:15 - [TEST_STEP][PASSED] - setValueToCellByAddress(sheet01, "E1", "API PLAN"): null

2020-02-07 15:05:15 - [TEST_STEP][PASSED] - mybeam = mybeam: null

2020-02-07 15:05:15 - [TEST_STEP][PASSED] - myuff = myuff: null

2020-02-07 15:05:15 - [TEST_STEP][PASSED] - myplan = myplan: null

2020-02-07 15:05:15 - [TEST_STEP][PASSED] - log = new com.kms.katalon.core.logging.KeywordLogger(): null

2020-02-07 15:05:15 - [TEST_STEP][PASSED] - log.logWarning("beam " + mybeam + " zip " + myzip + " upfront fees " + myuff + " plan " + myplan): beam 317 zip 62702 upfront fees 0 plan VS2 Standard Offer

2020-02-07 15:05:15 - [MESSAGE][WARNING] - beam 317 zip 62702 upfront fees 0 plan VS2 Standard Offer

2020-02-07 15:05:15 - [TEST_STEP][PASSED] - setValueToCellByAddress(sheet01, "B" + mycount, beamFail): null

2020-02-07 15:05:15 - [TEST_STEP][PASSED] - setValueToCellByAddress(sheet01, "C" + mycount, uffFail): null

2020-02-07 15:05:15 - [TEST_STEP][PASSED] - mycount = mycount + 1: null

2020-02-07 15:05:15 - [TEST_STEP][PASSED] - setValueToCellByAddress(sheet01, "A" + mycount, "beam " + mybeam + " zip " + myzip + " upfront fees " + myuff + " plan " + myplan): null

2020-02-07 15:05:15 - [TEST_STEP][PASSED] - setValueToCellByAddress(sheet01, "D" + mycount, myplan): null

2020-02-07 15:05:15 - [TEST_STEP][PASSED] - sendRequestAndVerify(findTestObject("Exede_Zip", ["myzip":myzip])): Send request and verify the response successfully

2020-02-07 15:05:17 - [MESSAGE][INFO] - HAR: /Users/jhampleman/Katalon Studio/Exede_Beam_Tests_v2.1 copy/Reports/20200207_150435/RUN_Exede_Zip_Test/20200207_150435/requests/main/16.har

2020-02-07 15:05:17 - [TEST_CASE][PASSED] - Start Test Case : Verification: Verification accomplished successfully

2020-02-07 15:05:17 - [TEST_STEP][PASSED] - request = getInstance().getCurrentRequest(): null

2020-02-07 15:05:17 - [TEST_STEP][PASSED] - response = getInstance().getCurrentResponse(): null

2020-02-07 15:05:17 - [TEST_STEP][PASSED] - if (!(verifyElementPropertyValue(response, "data.beam", mybeam))): Verify element property value successfully

2020-02-07 15:05:17 - [MESSAGE][PASSED] - Verify element property value successfully

2020-02-07 15:05:17 - [TEST_STEP][PASSED] - else: null

2020-02-07 15:05:17 - [TEST_STEP][PASSED] - beamFail = "P": null

2020-02-07 15:05:17 - [TEST_STEP][PASSED] - if (!(verifyElementPropertyValue(response, "data.product.down", myuff))): Verify element property value successfully

2020-02-07 15:05:17 - [MESSAGE][PASSED] - Verify element property value successfully

2020-02-07 15:05:17 - [TEST_STEP][PASSED] - else: null

2020-02-07 15:05:17 - [TEST_STEP][PASSED] - uffFail = "P": null

2020-02-07 15:05:17 - [TEST_STEP][PASSED] - jsonSlurper = new groovy.json.JsonSlurper(): null

2020-02-07 15:05:17 - [TEST_STEP][PASSED] - object = jsonSlurper.parseText(response.getResponseText()): null

2020-02-07 15:05:17 - [TEST_STEP][PASSED] - println(object): null

2020-02-07 15:05:17 - [TEST_STEP][PASSED] - mytest = plans: null

2020-02-07 15:05:17 - [TEST_STEP][PASSED] - variable = mytest: null

2020-02-07 15:05:17 - [MESSAGE][PASSED] - Verify response successfully

2020-02-07 15:05:17 - [MESSAGE][PASSED] - Send request and verify the response successfully

2020-02-07 15:05:17 - [TEST_STEP][PASSED] - setValueToCellByAddress(sheet01, "E" + mycount, variable): null

2020-02-07 15:05:17 - [TEST_STEP][PASSED] - saveWorkbook(excelFile01, workbook01): null]]></system-out>
         <system-err><![CDATA[]]></system-err>
      </testcase>
      <testcase name="Test Cases/Test_Beams_by_Zip_to_Excel" time="1.882" classname="Test Cases/Test_Beams_by_Zip_to_Excel" status="PASSED">
         <system-out><![CDATA[2020-02-07 15:05:17 - [TEST_CASE][PASSED] - Test Cases/Test_Beams_by_Zip_to_Excel: Test Cases/Test_Beams_by_Zip_to_Excel

2020-02-07 15:05:17 - [TEST_STEP][PASSED] - excelFile01 = "beams-test-results.xlsx": null

2020-02-07 15:05:17 - [TEST_STEP][PASSED] - ExpectedListSheetFile1 = ["Sheet1"]: null

2020-02-07 15:05:17 - [TEST_STEP][PASSED] - workbookFile01 = getWorkbook(excelFile01): null

2020-02-07 15:05:17 - [TEST_STEP][PASSED] - workbook01 = getWorkbook(excelFile01): null

2020-02-07 15:05:17 - [TEST_STEP][PASSED] - sheet01 = getExcelSheet(workbook01, "Sheet1"): null

2020-02-07 15:05:17 - [TEST_STEP][PASSED] - setValueToCellByAddress(sheet01, "A1", "TEST"): null

2020-02-07 15:05:17 - [TEST_STEP][PASSED] - setValueToCellByAddress(sheet01, "B1", "BEAM"): null

2020-02-07 15:05:17 - [TEST_STEP][PASSED] - setValueToCellByAddress(sheet01, "C1", "UFF"): null

2020-02-07 15:05:17 - [TEST_STEP][PASSED] - setValueToCellByAddress(sheet01, "D1", "PLAN"): null

2020-02-07 15:05:17 - [TEST_STEP][PASSED] - setValueToCellByAddress(sheet01, "E1", "API PLAN"): null

2020-02-07 15:05:17 - [TEST_STEP][PASSED] - mybeam = mybeam: null

2020-02-07 15:05:17 - [TEST_STEP][PASSED] - myuff = myuff: null

2020-02-07 15:05:17 - [TEST_STEP][PASSED] - myplan = myplan: null

2020-02-07 15:05:17 - [TEST_STEP][PASSED] - log = new com.kms.katalon.core.logging.KeywordLogger(): null

2020-02-07 15:05:17 - [TEST_STEP][PASSED] - log.logWarning("beam " + mybeam + " zip " + myzip + " upfront fees " + myuff + " plan " + myplan): beam 319 zip 45414 upfront fees 0 plan VS2 Standard Offer

2020-02-07 15:05:17 - [MESSAGE][WARNING] - beam 319 zip 45414 upfront fees 0 plan VS2 Standard Offer

2020-02-07 15:05:17 - [TEST_STEP][PASSED] - setValueToCellByAddress(sheet01, "B" + mycount, beamFail): null

2020-02-07 15:05:17 - [TEST_STEP][PASSED] - setValueToCellByAddress(sheet01, "C" + mycount, uffFail): null

2020-02-07 15:05:17 - [TEST_STEP][PASSED] - mycount = mycount + 1: null

2020-02-07 15:05:17 - [TEST_STEP][PASSED] - setValueToCellByAddress(sheet01, "A" + mycount, "beam " + mybeam + " zip " + myzip + " upfront fees " + myuff + " plan " + myplan): null

2020-02-07 15:05:17 - [TEST_STEP][PASSED] - setValueToCellByAddress(sheet01, "D" + mycount, myplan): null

2020-02-07 15:05:17 - [TEST_STEP][PASSED] - sendRequestAndVerify(findTestObject("Exede_Zip", ["myzip":myzip])): Send request and verify the response successfully

2020-02-07 15:05:18 - [MESSAGE][INFO] - HAR: /Users/jhampleman/Katalon Studio/Exede_Beam_Tests_v2.1 copy/Reports/20200207_150435/RUN_Exede_Zip_Test/20200207_150435/requests/main/17.har

2020-02-07 15:05:19 - [TEST_CASE][PASSED] - Start Test Case : Verification: Verification accomplished successfully

2020-02-07 15:05:19 - [TEST_STEP][PASSED] - request = getInstance().getCurrentRequest(): null

2020-02-07 15:05:19 - [TEST_STEP][PASSED] - response = getInstance().getCurrentResponse(): null

2020-02-07 15:05:19 - [TEST_STEP][PASSED] - if (!(verifyElementPropertyValue(response, "data.beam", mybeam))): Verify element property value successfully

2020-02-07 15:05:19 - [MESSAGE][PASSED] - Verify element property value successfully

2020-02-07 15:05:19 - [TEST_STEP][PASSED] - else: null

2020-02-07 15:05:19 - [TEST_STEP][PASSED] - beamFail = "P": null

2020-02-07 15:05:19 - [TEST_STEP][PASSED] - if (!(verifyElementPropertyValue(response, "data.product.down", myuff))): Verify element property value successfully

2020-02-07 15:05:19 - [MESSAGE][PASSED] - Verify element property value successfully

2020-02-07 15:05:19 - [TEST_STEP][PASSED] - else: null

2020-02-07 15:05:19 - [TEST_STEP][PASSED] - uffFail = "P": null

2020-02-07 15:05:19 - [TEST_STEP][PASSED] - jsonSlurper = new groovy.json.JsonSlurper(): null

2020-02-07 15:05:19 - [TEST_STEP][PASSED] - object = jsonSlurper.parseText(response.getResponseText()): null

2020-02-07 15:05:19 - [TEST_STEP][PASSED] - println(object): null

2020-02-07 15:05:19 - [TEST_STEP][PASSED] - mytest = plans: null

2020-02-07 15:05:19 - [TEST_STEP][PASSED] - variable = mytest: null

2020-02-07 15:05:19 - [MESSAGE][PASSED] - Verify response successfully

2020-02-07 15:05:19 - [MESSAGE][PASSED] - Send request and verify the response successfully

2020-02-07 15:05:19 - [TEST_STEP][PASSED] - setValueToCellByAddress(sheet01, "E" + mycount, variable): null

2020-02-07 15:05:19 - [TEST_STEP][PASSED] - saveWorkbook(excelFile01, workbook01): null]]></system-out>
         <system-err><![CDATA[]]></system-err>
      </testcase>
      <testcase name="Test Cases/Test_Beams_by_Zip_to_Excel" time="2.029" classname="Test Cases/Test_Beams_by_Zip_to_Excel" status="PASSED">
         <system-out><![CDATA[2020-02-07 15:05:19 - [TEST_CASE][PASSED] - Test Cases/Test_Beams_by_Zip_to_Excel: Test Cases/Test_Beams_by_Zip_to_Excel

2020-02-07 15:05:19 - [TEST_STEP][PASSED] - excelFile01 = "beams-test-results.xlsx": null

2020-02-07 15:05:19 - [TEST_STEP][PASSED] - ExpectedListSheetFile1 = ["Sheet1"]: null

2020-02-07 15:05:19 - [TEST_STEP][PASSED] - workbookFile01 = getWorkbook(excelFile01): null

2020-02-07 15:05:19 - [TEST_STEP][PASSED] - workbook01 = getWorkbook(excelFile01): null

2020-02-07 15:05:19 - [TEST_STEP][PASSED] - sheet01 = getExcelSheet(workbook01, "Sheet1"): null

2020-02-07 15:05:19 - [TEST_STEP][PASSED] - setValueToCellByAddress(sheet01, "A1", "TEST"): null

2020-02-07 15:05:19 - [TEST_STEP][PASSED] - setValueToCellByAddress(sheet01, "B1", "BEAM"): null

2020-02-07 15:05:19 - [TEST_STEP][PASSED] - setValueToCellByAddress(sheet01, "C1", "UFF"): null

2020-02-07 15:05:19 - [TEST_STEP][PASSED] - setValueToCellByAddress(sheet01, "D1", "PLAN"): null

2020-02-07 15:05:19 - [TEST_STEP][PASSED] - setValueToCellByAddress(sheet01, "E1", "API PLAN"): null

2020-02-07 15:05:19 - [TEST_STEP][PASSED] - mybeam = mybeam: null

2020-02-07 15:05:19 - [TEST_STEP][PASSED] - myuff = myuff: null

2020-02-07 15:05:19 - [TEST_STEP][PASSED] - myplan = myplan: null

2020-02-07 15:05:19 - [TEST_STEP][PASSED] - log = new com.kms.katalon.core.logging.KeywordLogger(): null

2020-02-07 15:05:19 - [TEST_STEP][PASSED] - log.logWarning("beam " + mybeam + " zip " + myzip + " upfront fees " + myuff + " plan " + myplan): beam 322 zip 08724 upfront fees 150 plan Liberty 12/25/50/Unlimited

2020-02-07 15:05:19 - [MESSAGE][WARNING] - beam 322 zip 08724 upfront fees 150 plan Liberty 12/25/50/Unlimited

2020-02-07 15:05:19 - [TEST_STEP][PASSED] - setValueToCellByAddress(sheet01, "B" + mycount, beamFail): null

2020-02-07 15:05:19 - [TEST_STEP][PASSED] - setValueToCellByAddress(sheet01, "C" + mycount, uffFail): null

2020-02-07 15:05:19 - [TEST_STEP][PASSED] - mycount = mycount + 1: null

2020-02-07 15:05:19 - [TEST_STEP][PASSED] - setValueToCellByAddress(sheet01, "A" + mycount, "beam " + mybeam + " zip " + myzip + " upfront fees " + myuff + " plan " + myplan): null

2020-02-07 15:05:19 - [TEST_STEP][PASSED] - setValueToCellByAddress(sheet01, "D" + mycount, myplan): null

2020-02-07 15:05:19 - [TEST_STEP][PASSED] - sendRequestAndVerify(findTestObject("Exede_Zip", ["myzip":myzip])): Send request and verify the response successfully

2020-02-07 15:05:21 - [MESSAGE][INFO] - HAR: /Users/jhampleman/Katalon Studio/Exede_Beam_Tests_v2.1 copy/Reports/20200207_150435/RUN_Exede_Zip_Test/20200207_150435/requests/main/18.har

2020-02-07 15:05:21 - [TEST_CASE][PASSED] - Start Test Case : Verification: Verification accomplished successfully

2020-02-07 15:05:21 - [TEST_STEP][PASSED] - request = getInstance().getCurrentRequest(): null

2020-02-07 15:05:21 - [TEST_STEP][PASSED] - response = getInstance().getCurrentResponse(): null

2020-02-07 15:05:21 - [TEST_STEP][PASSED] - if (!(verifyElementPropertyValue(response, "data.beam", mybeam))): Verify element property value successfully

2020-02-07 15:05:21 - [MESSAGE][PASSED] - Verify element property value successfully

2020-02-07 15:05:21 - [TEST_STEP][PASSED] - else: null

2020-02-07 15:05:21 - [TEST_STEP][PASSED] - beamFail = "P": null

2020-02-07 15:05:21 - [TEST_STEP][PASSED] - if (!(verifyElementPropertyValue(response, "data.product.down", myuff))): Verify element property value successfully

2020-02-07 15:05:21 - [MESSAGE][PASSED] - Verify element property value successfully

2020-02-07 15:05:21 - [TEST_STEP][PASSED] - else: null

2020-02-07 15:05:21 - [TEST_STEP][PASSED] - uffFail = "P": null

2020-02-07 15:05:21 - [TEST_STEP][PASSED] - jsonSlurper = new groovy.json.JsonSlurper(): null

2020-02-07 15:05:21 - [TEST_STEP][PASSED] - object = jsonSlurper.parseText(response.getResponseText()): null

2020-02-07 15:05:21 - [TEST_STEP][PASSED] - println(object): null

2020-02-07 15:05:21 - [TEST_STEP][PASSED] - mytest = plans: null

2020-02-07 15:05:21 - [TEST_STEP][PASSED] - variable = mytest: null

2020-02-07 15:05:21 - [MESSAGE][PASSED] - Verify response successfully

2020-02-07 15:05:21 - [MESSAGE][PASSED] - Send request and verify the response successfully

2020-02-07 15:05:21 - [TEST_STEP][PASSED] - setValueToCellByAddress(sheet01, "E" + mycount, variable): null

2020-02-07 15:05:21 - [TEST_STEP][PASSED] - saveWorkbook(excelFile01, workbook01): null]]></system-out>
         <system-err><![CDATA[]]></system-err>
      </testcase>
      <testcase name="Test Cases/Test_Beams_by_Zip_to_Excel" time="2.04" classname="Test Cases/Test_Beams_by_Zip_to_Excel" status="PASSED">
         <system-out><![CDATA[2020-02-07 15:05:21 - [TEST_CASE][PASSED] - Test Cases/Test_Beams_by_Zip_to_Excel: Test Cases/Test_Beams_by_Zip_to_Excel

2020-02-07 15:05:21 - [TEST_STEP][PASSED] - excelFile01 = "beams-test-results.xlsx": null

2020-02-07 15:05:21 - [TEST_STEP][PASSED] - ExpectedListSheetFile1 = ["Sheet1"]: null

2020-02-07 15:05:21 - [TEST_STEP][PASSED] - workbookFile01 = getWorkbook(excelFile01): null

2020-02-07 15:05:21 - [TEST_STEP][PASSED] - workbook01 = getWorkbook(excelFile01): null

2020-02-07 15:05:21 - [TEST_STEP][PASSED] - sheet01 = getExcelSheet(workbook01, "Sheet1"): null

2020-02-07 15:05:21 - [TEST_STEP][PASSED] - setValueToCellByAddress(sheet01, "A1", "TEST"): null

2020-02-07 15:05:21 - [TEST_STEP][PASSED] - setValueToCellByAddress(sheet01, "B1", "BEAM"): null

2020-02-07 15:05:21 - [TEST_STEP][PASSED] - setValueToCellByAddress(sheet01, "C1", "UFF"): null

2020-02-07 15:05:21 - [TEST_STEP][PASSED] - setValueToCellByAddress(sheet01, "D1", "PLAN"): null

2020-02-07 15:05:21 - [TEST_STEP][PASSED] - setValueToCellByAddress(sheet01, "E1", "API PLAN"): null

2020-02-07 15:05:21 - [TEST_STEP][PASSED] - mybeam = mybeam: null

2020-02-07 15:05:21 - [TEST_STEP][PASSED] - myuff = myuff: null

2020-02-07 15:05:21 - [TEST_STEP][PASSED] - myplan = myplan: null

2020-02-07 15:05:21 - [TEST_STEP][PASSED] - log = new com.kms.katalon.core.logging.KeywordLogger(): null

2020-02-07 15:05:21 - [TEST_STEP][PASSED] - log.logWarning("beam " + mybeam + " zip " + myzip + " upfront fees " + myuff + " plan " + myplan): beam 325 zip 72401 upfront fees 0 plan Liberty 12/25/50/Unlimited

2020-02-07 15:05:21 - [MESSAGE][WARNING] - beam 325 zip 72401 upfront fees 0 plan Liberty 12/25/50/Unlimited

2020-02-07 15:05:21 - [TEST_STEP][PASSED] - setValueToCellByAddress(sheet01, "B" + mycount, beamFail): null

2020-02-07 15:05:21 - [TEST_STEP][PASSED] - setValueToCellByAddress(sheet01, "C" + mycount, uffFail): null

2020-02-07 15:05:21 - [TEST_STEP][PASSED] - mycount = mycount + 1: null

2020-02-07 15:05:21 - [TEST_STEP][PASSED] - setValueToCellByAddress(sheet01, "A" + mycount, "beam " + mybeam + " zip " + myzip + " upfront fees " + myuff + " plan " + myplan): null

2020-02-07 15:05:21 - [TEST_STEP][PASSED] - setValueToCellByAddress(sheet01, "D" + mycount, myplan): null

2020-02-07 15:05:21 - [TEST_STEP][PASSED] - sendRequestAndVerify(findTestObject("Exede_Zip", ["myzip":myzip])): Send request and verify the response successfully

2020-02-07 15:05:23 - [MESSAGE][INFO] - HAR: /Users/jhampleman/Katalon Studio/Exede_Beam_Tests_v2.1 copy/Reports/20200207_150435/RUN_Exede_Zip_Test/20200207_150435/requests/main/19.har

2020-02-07 15:05:23 - [TEST_CASE][PASSED] - Start Test Case : Verification: Verification accomplished successfully

2020-02-07 15:05:23 - [TEST_STEP][PASSED] - request = getInstance().getCurrentRequest(): null

2020-02-07 15:05:23 - [TEST_STEP][PASSED] - response = getInstance().getCurrentResponse(): null

2020-02-07 15:05:23 - [TEST_STEP][PASSED] - if (!(verifyElementPropertyValue(response, "data.beam", mybeam))): Verify element property value successfully

2020-02-07 15:05:23 - [MESSAGE][PASSED] - Verify element property value successfully

2020-02-07 15:05:23 - [TEST_STEP][PASSED] - else: null

2020-02-07 15:05:23 - [TEST_STEP][PASSED] - beamFail = "P": null

2020-02-07 15:05:23 - [TEST_STEP][PASSED] - if (!(verifyElementPropertyValue(response, "data.product.down", myuff))): Verify element property value successfully

2020-02-07 15:05:23 - [MESSAGE][PASSED] - Verify element property value successfully

2020-02-07 15:05:23 - [TEST_STEP][PASSED] - else: null

2020-02-07 15:05:23 - [TEST_STEP][PASSED] - uffFail = "P": null

2020-02-07 15:05:23 - [TEST_STEP][PASSED] - jsonSlurper = new groovy.json.JsonSlurper(): null

2020-02-07 15:05:23 - [TEST_STEP][PASSED] - object = jsonSlurper.parseText(response.getResponseText()): null

2020-02-07 15:05:23 - [TEST_STEP][PASSED] - println(object): null

2020-02-07 15:05:23 - [TEST_STEP][PASSED] - mytest = plans: null

2020-02-07 15:05:23 - [TEST_STEP][PASSED] - variable = mytest: null

2020-02-07 15:05:23 - [MESSAGE][PASSED] - Verify response successfully

2020-02-07 15:05:23 - [MESSAGE][PASSED] - Send request and verify the response successfully

2020-02-07 15:05:23 - [TEST_STEP][PASSED] - setValueToCellByAddress(sheet01, "E" + mycount, variable): null

2020-02-07 15:05:23 - [TEST_STEP][PASSED] - saveWorkbook(excelFile01, workbook01): null]]></system-out>
         <system-err><![CDATA[]]></system-err>
      </testcase>
      <testcase name="Test Cases/Test_Beams_by_Zip_to_Excel" time="2.251" classname="Test Cases/Test_Beams_by_Zip_to_Excel" status="PASSED">
         <system-out><![CDATA[2020-02-07 15:05:23 - [TEST_CASE][PASSED] - Test Cases/Test_Beams_by_Zip_to_Excel: Test Cases/Test_Beams_by_Zip_to_Excel

2020-02-07 15:05:23 - [TEST_STEP][PASSED] - excelFile01 = "beams-test-results.xlsx": null

2020-02-07 15:05:23 - [TEST_STEP][PASSED] - ExpectedListSheetFile1 = ["Sheet1"]: null

2020-02-07 15:05:23 - [TEST_STEP][PASSED] - workbookFile01 = getWorkbook(excelFile01): null

2020-02-07 15:05:23 - [TEST_STEP][PASSED] - workbook01 = getWorkbook(excelFile01): null

2020-02-07 15:05:23 - [TEST_STEP][PASSED] - sheet01 = getExcelSheet(workbook01, "Sheet1"): null

2020-02-07 15:05:23 - [TEST_STEP][PASSED] - setValueToCellByAddress(sheet01, "A1", "TEST"): null

2020-02-07 15:05:23 - [TEST_STEP][PASSED] - setValueToCellByAddress(sheet01, "B1", "BEAM"): null

2020-02-07 15:05:23 - [TEST_STEP][PASSED] - setValueToCellByAddress(sheet01, "C1", "UFF"): null

2020-02-07 15:05:23 - [TEST_STEP][PASSED] - setValueToCellByAddress(sheet01, "D1", "PLAN"): null

2020-02-07 15:05:23 - [TEST_STEP][PASSED] - setValueToCellByAddress(sheet01, "E1", "API PLAN"): null

2020-02-07 15:05:23 - [TEST_STEP][PASSED] - mybeam = mybeam: null

2020-02-07 15:05:23 - [TEST_STEP][PASSED] - myuff = myuff: null

2020-02-07 15:05:23 - [TEST_STEP][PASSED] - myplan = myplan: null

2020-02-07 15:05:23 - [TEST_STEP][PASSED] - log = new com.kms.katalon.core.logging.KeywordLogger(): null

2020-02-07 15:05:23 - [TEST_STEP][PASSED] - log.logWarning("beam " + mybeam + " zip " + myzip + " upfront fees " + myuff + " plan " + myplan): beam 327 zip 40744 upfront fees 0 plan VS2 Standard Offer

2020-02-07 15:05:23 - [MESSAGE][WARNING] - beam 327 zip 40744 upfront fees 0 plan VS2 Standard Offer

2020-02-07 15:05:23 - [TEST_STEP][PASSED] - setValueToCellByAddress(sheet01, "B" + mycount, beamFail): null

2020-02-07 15:05:23 - [TEST_STEP][PASSED] - setValueToCellByAddress(sheet01, "C" + mycount, uffFail): null

2020-02-07 15:05:23 - [TEST_STEP][PASSED] - mycount = mycount + 1: null

2020-02-07 15:05:23 - [TEST_STEP][PASSED] - setValueToCellByAddress(sheet01, "A" + mycount, "beam " + mybeam + " zip " + myzip + " upfront fees " + myuff + " plan " + myplan): null

2020-02-07 15:05:23 - [TEST_STEP][PASSED] - setValueToCellByAddress(sheet01, "D" + mycount, myplan): null

2020-02-07 15:05:23 - [TEST_STEP][PASSED] - sendRequestAndVerify(findTestObject("Exede_Zip", ["myzip":myzip])): Send request and verify the response successfully

2020-02-07 15:05:25 - [MESSAGE][INFO] - HAR: /Users/jhampleman/Katalon Studio/Exede_Beam_Tests_v2.1 copy/Reports/20200207_150435/RUN_Exede_Zip_Test/20200207_150435/requests/main/20.har

2020-02-07 15:05:25 - [TEST_CASE][PASSED] - Start Test Case : Verification: Verification accomplished successfully

2020-02-07 15:05:25 - [TEST_STEP][PASSED] - request = getInstance().getCurrentRequest(): null

2020-02-07 15:05:25 - [TEST_STEP][PASSED] - response = getInstance().getCurrentResponse(): null

2020-02-07 15:05:25 - [TEST_STEP][PASSED] - if (!(verifyElementPropertyValue(response, "data.beam", mybeam))): Verify element property value successfully

2020-02-07 15:05:25 - [MESSAGE][PASSED] - Verify element property value successfully

2020-02-07 15:05:25 - [TEST_STEP][PASSED] - else: null

2020-02-07 15:05:25 - [TEST_STEP][PASSED] - beamFail = "P": null

2020-02-07 15:05:25 - [TEST_STEP][PASSED] - if (!(verifyElementPropertyValue(response, "data.product.down", myuff))): Verify element property value successfully

2020-02-07 15:05:25 - [MESSAGE][PASSED] - Verify element property value successfully

2020-02-07 15:05:25 - [TEST_STEP][PASSED] - else: null

2020-02-07 15:05:25 - [TEST_STEP][PASSED] - uffFail = "P": null

2020-02-07 15:05:25 - [TEST_STEP][PASSED] - jsonSlurper = new groovy.json.JsonSlurper(): null

2020-02-07 15:05:25 - [TEST_STEP][PASSED] - object = jsonSlurper.parseText(response.getResponseText()): null

2020-02-07 15:05:25 - [TEST_STEP][PASSED] - println(object): null

2020-02-07 15:05:25 - [TEST_STEP][PASSED] - mytest = plans: null

2020-02-07 15:05:25 - [TEST_STEP][PASSED] - variable = mytest: null

2020-02-07 15:05:25 - [MESSAGE][PASSED] - Verify response successfully

2020-02-07 15:05:25 - [MESSAGE][PASSED] - Send request and verify the response successfully

2020-02-07 15:05:25 - [TEST_STEP][PASSED] - setValueToCellByAddress(sheet01, "E" + mycount, variable): null

2020-02-07 15:05:25 - [TEST_STEP][PASSED] - saveWorkbook(excelFile01, workbook01): null]]></system-out>
         <system-err><![CDATA[]]></system-err>
      </testcase>
      <testcase name="Test Cases/Test_Beams_by_Zip_to_Excel" time="2.638" classname="Test Cases/Test_Beams_by_Zip_to_Excel" status="PASSED">
         <system-out><![CDATA[2020-02-07 15:05:25 - [TEST_CASE][PASSED] - Test Cases/Test_Beams_by_Zip_to_Excel: Test Cases/Test_Beams_by_Zip_to_Excel

2020-02-07 15:05:25 - [TEST_STEP][PASSED] - excelFile01 = "beams-test-results.xlsx": null

2020-02-07 15:05:25 - [TEST_STEP][PASSED] - ExpectedListSheetFile1 = ["Sheet1"]: null

2020-02-07 15:05:25 - [TEST_STEP][PASSED] - workbookFile01 = getWorkbook(excelFile01): null

2020-02-07 15:05:25 - [TEST_STEP][PASSED] - workbook01 = getWorkbook(excelFile01): null

2020-02-07 15:05:25 - [TEST_STEP][PASSED] - sheet01 = getExcelSheet(workbook01, "Sheet1"): null

2020-02-07 15:05:25 - [TEST_STEP][PASSED] - setValueToCellByAddress(sheet01, "A1", "TEST"): null

2020-02-07 15:05:25 - [TEST_STEP][PASSED] - setValueToCellByAddress(sheet01, "B1", "BEAM"): null

2020-02-07 15:05:25 - [TEST_STEP][PASSED] - setValueToCellByAddress(sheet01, "C1", "UFF"): null

2020-02-07 15:05:25 - [TEST_STEP][PASSED] - setValueToCellByAddress(sheet01, "D1", "PLAN"): null

2020-02-07 15:05:25 - [TEST_STEP][PASSED] - setValueToCellByAddress(sheet01, "E1", "API PLAN"): null

2020-02-07 15:05:25 - [TEST_STEP][PASSED] - mybeam = mybeam: null

2020-02-07 15:05:25 - [TEST_STEP][PASSED] - myuff = myuff: null

2020-02-07 15:05:25 - [TEST_STEP][PASSED] - myplan = myplan: null

2020-02-07 15:05:25 - [TEST_STEP][PASSED] - log = new com.kms.katalon.core.logging.KeywordLogger(): null

2020-02-07 15:05:25 - [TEST_STEP][PASSED] - log.logWarning("beam " + mybeam + " zip " + myzip + " upfront fees " + myuff + " plan " + myplan): beam 328 zip 24121 upfront fees 150 plan Liberty 12/25/50/Unlimited

2020-02-07 15:05:25 - [MESSAGE][WARNING] - beam 328 zip 24121 upfront fees 150 plan Liberty 12/25/50/Unlimited

2020-02-07 15:05:25 - [TEST_STEP][PASSED] - setValueToCellByAddress(sheet01, "B" + mycount, beamFail): null

2020-02-07 15:05:25 - [TEST_STEP][PASSED] - setValueToCellByAddress(sheet01, "C" + mycount, uffFail): null

2020-02-07 15:05:25 - [TEST_STEP][PASSED] - mycount = mycount + 1: null

2020-02-07 15:05:25 - [TEST_STEP][PASSED] - setValueToCellByAddress(sheet01, "A" + mycount, "beam " + mybeam + " zip " + myzip + " upfront fees " + myuff + " plan " + myplan): null

2020-02-07 15:05:25 - [TEST_STEP][PASSED] - setValueToCellByAddress(sheet01, "D" + mycount, myplan): null

2020-02-07 15:05:25 - [TEST_STEP][PASSED] - sendRequestAndVerify(findTestObject("Exede_Zip", ["myzip":myzip])): Send request and verify the response successfully

2020-02-07 15:05:28 - [MESSAGE][INFO] - HAR: /Users/jhampleman/Katalon Studio/Exede_Beam_Tests_v2.1 copy/Reports/20200207_150435/RUN_Exede_Zip_Test/20200207_150435/requests/main/21.har

2020-02-07 15:05:28 - [TEST_CASE][PASSED] - Start Test Case : Verification: Verification accomplished successfully

2020-02-07 15:05:28 - [TEST_STEP][PASSED] - request = getInstance().getCurrentRequest(): null

2020-02-07 15:05:28 - [TEST_STEP][PASSED] - response = getInstance().getCurrentResponse(): null

2020-02-07 15:05:28 - [TEST_STEP][PASSED] - if (!(verifyElementPropertyValue(response, "data.beam", mybeam))): Verify element property value successfully

2020-02-07 15:05:28 - [MESSAGE][PASSED] - Verify element property value successfully

2020-02-07 15:05:28 - [TEST_STEP][PASSED] - else: null

2020-02-07 15:05:28 - [TEST_STEP][PASSED] - beamFail = "P": null

2020-02-07 15:05:28 - [TEST_STEP][PASSED] - if (!(verifyElementPropertyValue(response, "data.product.down", myuff))): Verify element property value successfully

2020-02-07 15:05:28 - [MESSAGE][PASSED] - Verify element property value successfully

2020-02-07 15:05:28 - [TEST_STEP][PASSED] - else: null

2020-02-07 15:05:28 - [TEST_STEP][PASSED] - uffFail = "P": null

2020-02-07 15:05:28 - [TEST_STEP][PASSED] - jsonSlurper = new groovy.json.JsonSlurper(): null

2020-02-07 15:05:28 - [TEST_STEP][PASSED] - object = jsonSlurper.parseText(response.getResponseText()): null

2020-02-07 15:05:28 - [TEST_STEP][PASSED] - println(object): null

2020-02-07 15:05:28 - [TEST_STEP][PASSED] - mytest = plans: null

2020-02-07 15:05:28 - [TEST_STEP][PASSED] - variable = mytest: null

2020-02-07 15:05:28 - [MESSAGE][PASSED] - Verify response successfully

2020-02-07 15:05:28 - [MESSAGE][PASSED] - Send request and verify the response successfully

2020-02-07 15:05:28 - [TEST_STEP][PASSED] - setValueToCellByAddress(sheet01, "E" + mycount, variable): null

2020-02-07 15:05:28 - [TEST_STEP][PASSED] - saveWorkbook(excelFile01, workbook01): null]]></system-out>
         <system-err><![CDATA[]]></system-err>
      </testcase>
      <testcase name="Test Cases/Test_Beams_by_Zip_to_Excel" time="2.008" classname="Test Cases/Test_Beams_by_Zip_to_Excel" status="PASSED">
         <system-out><![CDATA[2020-02-07 15:05:28 - [TEST_CASE][PASSED] - Test Cases/Test_Beams_by_Zip_to_Excel: Test Cases/Test_Beams_by_Zip_to_Excel

2020-02-07 15:05:28 - [TEST_STEP][PASSED] - excelFile01 = "beams-test-results.xlsx": null

2020-02-07 15:05:28 - [TEST_STEP][PASSED] - ExpectedListSheetFile1 = ["Sheet1"]: null

2020-02-07 15:05:28 - [TEST_STEP][PASSED] - workbookFile01 = getWorkbook(excelFile01): null

2020-02-07 15:05:28 - [TEST_STEP][PASSED] - workbook01 = getWorkbook(excelFile01): null

2020-02-07 15:05:28 - [TEST_STEP][PASSED] - sheet01 = getExcelSheet(workbook01, "Sheet1"): null

2020-02-07 15:05:28 - [TEST_STEP][PASSED] - setValueToCellByAddress(sheet01, "A1", "TEST"): null

2020-02-07 15:05:28 - [TEST_STEP][PASSED] - setValueToCellByAddress(sheet01, "B1", "BEAM"): null

2020-02-07 15:05:28 - [TEST_STEP][PASSED] - setValueToCellByAddress(sheet01, "C1", "UFF"): null

2020-02-07 15:05:28 - [TEST_STEP][PASSED] - setValueToCellByAddress(sheet01, "D1", "PLAN"): null

2020-02-07 15:05:28 - [TEST_STEP][PASSED] - setValueToCellByAddress(sheet01, "E1", "API PLAN"): null

2020-02-07 15:05:28 - [TEST_STEP][PASSED] - mybeam = mybeam: null

2020-02-07 15:05:28 - [TEST_STEP][PASSED] - myuff = myuff: null

2020-02-07 15:05:28 - [TEST_STEP][PASSED] - myplan = myplan: null

2020-02-07 15:05:28 - [TEST_STEP][PASSED] - log = new com.kms.katalon.core.logging.KeywordLogger(): null

2020-02-07 15:05:28 - [TEST_STEP][PASSED] - log.logWarning("beam " + mybeam + " zip " + myzip + " upfront fees " + myuff + " plan " + myplan): beam 330 zip 73505 upfront fees 150 plan Liberty 12/25/50/Unlimited

2020-02-07 15:05:28 - [MESSAGE][WARNING] - beam 330 zip 73505 upfront fees 150 plan Liberty 12/25/50/Unlimited

2020-02-07 15:05:28 - [TEST_STEP][PASSED] - setValueToCellByAddress(sheet01, "B" + mycount, beamFail): null

2020-02-07 15:05:28 - [TEST_STEP][PASSED] - setValueToCellByAddress(sheet01, "C" + mycount, uffFail): null

2020-02-07 15:05:28 - [TEST_STEP][PASSED] - mycount = mycount + 1: null

2020-02-07 15:05:28 - [TEST_STEP][PASSED] - setValueToCellByAddress(sheet01, "A" + mycount, "beam " + mybeam + " zip " + myzip + " upfront fees " + myuff + " plan " + myplan): null

2020-02-07 15:05:28 - [TEST_STEP][PASSED] - setValueToCellByAddress(sheet01, "D" + mycount, myplan): null

2020-02-07 15:05:28 - [TEST_STEP][PASSED] - sendRequestAndVerify(findTestObject("Exede_Zip", ["myzip":myzip])): Send request and verify the response successfully

2020-02-07 15:05:30 - [MESSAGE][INFO] - HAR: /Users/jhampleman/Katalon Studio/Exede_Beam_Tests_v2.1 copy/Reports/20200207_150435/RUN_Exede_Zip_Test/20200207_150435/requests/main/22.har

2020-02-07 15:05:30 - [TEST_CASE][PASSED] - Start Test Case : Verification: Verification accomplished successfully

2020-02-07 15:05:30 - [TEST_STEP][PASSED] - request = getInstance().getCurrentRequest(): null

2020-02-07 15:05:30 - [TEST_STEP][PASSED] - response = getInstance().getCurrentResponse(): null

2020-02-07 15:05:30 - [TEST_STEP][PASSED] - if (!(verifyElementPropertyValue(response, "data.beam", mybeam))): Verify element property value successfully

2020-02-07 15:05:30 - [MESSAGE][PASSED] - Verify element property value successfully

2020-02-07 15:05:30 - [TEST_STEP][PASSED] - else: null

2020-02-07 15:05:30 - [TEST_STEP][PASSED] - beamFail = "P": null

2020-02-07 15:05:30 - [TEST_STEP][PASSED] - if (!(verifyElementPropertyValue(response, "data.product.down", myuff))): Verify element property value successfully

2020-02-07 15:05:30 - [MESSAGE][PASSED] - Verify element property value successfully

2020-02-07 15:05:30 - [TEST_STEP][PASSED] - else: null

2020-02-07 15:05:30 - [TEST_STEP][PASSED] - uffFail = "P": null

2020-02-07 15:05:30 - [TEST_STEP][PASSED] - jsonSlurper = new groovy.json.JsonSlurper(): null

2020-02-07 15:05:30 - [TEST_STEP][PASSED] - object = jsonSlurper.parseText(response.getResponseText()): null

2020-02-07 15:05:30 - [TEST_STEP][PASSED] - println(object): null

2020-02-07 15:05:30 - [TEST_STEP][PASSED] - mytest = plans: null

2020-02-07 15:05:30 - [TEST_STEP][PASSED] - variable = mytest: null

2020-02-07 15:05:30 - [MESSAGE][PASSED] - Verify response successfully

2020-02-07 15:05:30 - [MESSAGE][PASSED] - Send request and verify the response successfully

2020-02-07 15:05:30 - [TEST_STEP][PASSED] - setValueToCellByAddress(sheet01, "E" + mycount, variable): null

2020-02-07 15:05:30 - [TEST_STEP][PASSED] - saveWorkbook(excelFile01, workbook01): null]]></system-out>
         <system-err><![CDATA[]]></system-err>
      </testcase>
      <testcase name="Test Cases/Test_Beams_by_Zip_to_Excel" time="2.238" classname="Test Cases/Test_Beams_by_Zip_to_Excel" status="PASSED">
         <system-out><![CDATA[2020-02-07 15:05:30 - [TEST_CASE][PASSED] - Test Cases/Test_Beams_by_Zip_to_Excel: Test Cases/Test_Beams_by_Zip_to_Excel

2020-02-07 15:05:30 - [TEST_STEP][PASSED] - excelFile01 = "beams-test-results.xlsx": null

2020-02-07 15:05:30 - [TEST_STEP][PASSED] - ExpectedListSheetFile1 = ["Sheet1"]: null

2020-02-07 15:05:30 - [TEST_STEP][PASSED] - workbookFile01 = getWorkbook(excelFile01): null

2020-02-07 15:05:30 - [TEST_STEP][PASSED] - workbook01 = getWorkbook(excelFile01): null

2020-02-07 15:05:30 - [TEST_STEP][PASSED] - sheet01 = getExcelSheet(workbook01, "Sheet1"): null

2020-02-07 15:05:30 - [TEST_STEP][PASSED] - setValueToCellByAddress(sheet01, "A1", "TEST"): null

2020-02-07 15:05:30 - [TEST_STEP][PASSED] - setValueToCellByAddress(sheet01, "B1", "BEAM"): null

2020-02-07 15:05:30 - [TEST_STEP][PASSED] - setValueToCellByAddress(sheet01, "C1", "UFF"): null

2020-02-07 15:05:30 - [TEST_STEP][PASSED] - setValueToCellByAddress(sheet01, "D1", "PLAN"): null

2020-02-07 15:05:30 - [TEST_STEP][PASSED] - setValueToCellByAddress(sheet01, "E1", "API PLAN"): null

2020-02-07 15:05:30 - [TEST_STEP][PASSED] - mybeam = mybeam: null

2020-02-07 15:05:30 - [TEST_STEP][PASSED] - myuff = myuff: null

2020-02-07 15:05:30 - [TEST_STEP][PASSED] - myplan = myplan: null

2020-02-07 15:05:30 - [TEST_STEP][PASSED] - log = new com.kms.katalon.core.logging.KeywordLogger(): null

2020-02-07 15:05:30 - [TEST_STEP][PASSED] - log.logWarning("beam " + mybeam + " zip " + myzip + " upfront fees " + myuff + " plan " + myplan): beam 332 zip 71603 upfront fees 0 plan Liberty 12/25/50/Unlimited

2020-02-07 15:05:30 - [MESSAGE][WARNING] - beam 332 zip 71603 upfront fees 0 plan Liberty 12/25/50/Unlimited

2020-02-07 15:05:30 - [TEST_STEP][PASSED] - setValueToCellByAddress(sheet01, "B" + mycount, beamFail): null

2020-02-07 15:05:30 - [TEST_STEP][PASSED] - setValueToCellByAddress(sheet01, "C" + mycount, uffFail): null

2020-02-07 15:05:30 - [TEST_STEP][PASSED] - mycount = mycount + 1: null

2020-02-07 15:05:30 - [TEST_STEP][PASSED] - setValueToCellByAddress(sheet01, "A" + mycount, "beam " + mybeam + " zip " + myzip + " upfront fees " + myuff + " plan " + myplan): null

2020-02-07 15:05:30 - [TEST_STEP][PASSED] - setValueToCellByAddress(sheet01, "D" + mycount, myplan): null

2020-02-07 15:05:30 - [TEST_STEP][PASSED] - sendRequestAndVerify(findTestObject("Exede_Zip", ["myzip":myzip])): Send request and verify the response successfully

2020-02-07 15:05:32 - [MESSAGE][INFO] - HAR: /Users/jhampleman/Katalon Studio/Exede_Beam_Tests_v2.1 copy/Reports/20200207_150435/RUN_Exede_Zip_Test/20200207_150435/requests/main/23.har

2020-02-07 15:05:32 - [TEST_CASE][PASSED] - Start Test Case : Verification: Verification accomplished successfully

2020-02-07 15:05:32 - [TEST_STEP][PASSED] - request = getInstance().getCurrentRequest(): null

2020-02-07 15:05:32 - [TEST_STEP][PASSED] - response = getInstance().getCurrentResponse(): null

2020-02-07 15:05:32 - [TEST_STEP][PASSED] - if (!(verifyElementPropertyValue(response, "data.beam", mybeam))): Verify element property value successfully

2020-02-07 15:05:32 - [MESSAGE][PASSED] - Verify element property value successfully

2020-02-07 15:05:32 - [TEST_STEP][PASSED] - else: null

2020-02-07 15:05:32 - [TEST_STEP][PASSED] - beamFail = "P": null

2020-02-07 15:05:32 - [TEST_STEP][PASSED] - if (!(verifyElementPropertyValue(response, "data.product.down", myuff))): Verify element property value successfully

2020-02-07 15:05:32 - [MESSAGE][PASSED] - Verify element property value successfully

2020-02-07 15:05:32 - [TEST_STEP][PASSED] - else: null

2020-02-07 15:05:32 - [TEST_STEP][PASSED] - uffFail = "P": null

2020-02-07 15:05:32 - [TEST_STEP][PASSED] - jsonSlurper = new groovy.json.JsonSlurper(): null

2020-02-07 15:05:32 - [TEST_STEP][PASSED] - object = jsonSlurper.parseText(response.getResponseText()): null

2020-02-07 15:05:32 - [TEST_STEP][PASSED] - println(object): null

2020-02-07 15:05:32 - [TEST_STEP][PASSED] - mytest = plans: null

2020-02-07 15:05:32 - [TEST_STEP][PASSED] - variable = mytest: null

2020-02-07 15:05:32 - [MESSAGE][PASSED] - Verify response successfully

2020-02-07 15:05:32 - [MESSAGE][PASSED] - Send request and verify the response successfully

2020-02-07 15:05:32 - [TEST_STEP][PASSED] - setValueToCellByAddress(sheet01, "E" + mycount, variable): null

2020-02-07 15:05:32 - [TEST_STEP][PASSED] - saveWorkbook(excelFile01, workbook01): null]]></system-out>
         <system-err><![CDATA[]]></system-err>
      </testcase>
      <testcase name="Test Cases/Test_Beams_by_Zip_to_Excel" time="1.923" classname="Test Cases/Test_Beams_by_Zip_to_Excel" status="PASSED">
         <system-out><![CDATA[2020-02-07 15:05:32 - [TEST_CASE][PASSED] - Test Cases/Test_Beams_by_Zip_to_Excel: Test Cases/Test_Beams_by_Zip_to_Excel

2020-02-07 15:05:32 - [TEST_STEP][PASSED] - excelFile01 = "beams-test-results.xlsx": null

2020-02-07 15:05:32 - [TEST_STEP][PASSED] - ExpectedListSheetFile1 = ["Sheet1"]: null

2020-02-07 15:05:32 - [TEST_STEP][PASSED] - workbookFile01 = getWorkbook(excelFile01): null

2020-02-07 15:05:32 - [TEST_STEP][PASSED] - workbook01 = getWorkbook(excelFile01): null

2020-02-07 15:05:32 - [TEST_STEP][PASSED] - sheet01 = getExcelSheet(workbook01, "Sheet1"): null

2020-02-07 15:05:32 - [TEST_STEP][PASSED] - setValueToCellByAddress(sheet01, "A1", "TEST"): null

2020-02-07 15:05:32 - [TEST_STEP][PASSED] - setValueToCellByAddress(sheet01, "B1", "BEAM"): null

2020-02-07 15:05:32 - [TEST_STEP][PASSED] - setValueToCellByAddress(sheet01, "C1", "UFF"): null

2020-02-07 15:05:32 - [TEST_STEP][PASSED] - setValueToCellByAddress(sheet01, "D1", "PLAN"): null

2020-02-07 15:05:32 - [TEST_STEP][PASSED] - setValueToCellByAddress(sheet01, "E1", "API PLAN"): null

2020-02-07 15:05:32 - [TEST_STEP][PASSED] - mybeam = mybeam: null

2020-02-07 15:05:32 - [TEST_STEP][PASSED] - myuff = myuff: null

2020-02-07 15:05:32 - [TEST_STEP][PASSED] - myplan = myplan: null

2020-02-07 15:05:32 - [TEST_STEP][PASSED] - log = new com.kms.katalon.core.logging.KeywordLogger(): null

2020-02-07 15:05:32 - [TEST_STEP][PASSED] - log.logWarning("beam " + mybeam + " zip " + myzip + " upfront fees " + myuff + " plan " + myplan): beam 333 zip 38901 upfront fees 0 plan VS2 Standard Offer

2020-02-07 15:05:32 - [MESSAGE][WARNING] - beam 333 zip 38901 upfront fees 0 plan VS2 Standard Offer

2020-02-07 15:05:32 - [TEST_STEP][PASSED] - setValueToCellByAddress(sheet01, "B" + mycount, beamFail): null

2020-02-07 15:05:32 - [TEST_STEP][PASSED] - setValueToCellByAddress(sheet01, "C" + mycount, uffFail): null

2020-02-07 15:05:32 - [TEST_STEP][PASSED] - mycount = mycount + 1: null

2020-02-07 15:05:32 - [TEST_STEP][PASSED] - setValueToCellByAddress(sheet01, "A" + mycount, "beam " + mybeam + " zip " + myzip + " upfront fees " + myuff + " plan " + myplan): null

2020-02-07 15:05:32 - [TEST_STEP][PASSED] - setValueToCellByAddress(sheet01, "D" + mycount, myplan): null

2020-02-07 15:05:32 - [TEST_STEP][PASSED] - sendRequestAndVerify(findTestObject("Exede_Zip", ["myzip":myzip])): Send request and verify the response successfully

2020-02-07 15:05:34 - [MESSAGE][INFO] - HAR: /Users/jhampleman/Katalon Studio/Exede_Beam_Tests_v2.1 copy/Reports/20200207_150435/RUN_Exede_Zip_Test/20200207_150435/requests/main/24.har

2020-02-07 15:05:34 - [TEST_CASE][PASSED] - Start Test Case : Verification: Verification accomplished successfully

2020-02-07 15:05:34 - [TEST_STEP][PASSED] - request = getInstance().getCurrentRequest(): null

2020-02-07 15:05:34 - [TEST_STEP][PASSED] - response = getInstance().getCurrentResponse(): null

2020-02-07 15:05:34 - [TEST_STEP][PASSED] - if (!(verifyElementPropertyValue(response, "data.beam", mybeam))): Verify element property value successfully

2020-02-07 15:05:34 - [MESSAGE][PASSED] - Verify element property value successfully

2020-02-07 15:05:34 - [TEST_STEP][PASSED] - else: null

2020-02-07 15:05:34 - [TEST_STEP][PASSED] - beamFail = "P": null

2020-02-07 15:05:34 - [TEST_STEP][PASSED] - if (!(verifyElementPropertyValue(response, "data.product.down", myuff))): Verify element property value successfully

2020-02-07 15:05:34 - [MESSAGE][PASSED] - Verify element property value successfully

2020-02-07 15:05:34 - [TEST_STEP][PASSED] - else: null

2020-02-07 15:05:34 - [TEST_STEP][PASSED] - uffFail = "P": null

2020-02-07 15:05:34 - [TEST_STEP][PASSED] - jsonSlurper = new groovy.json.JsonSlurper(): null

2020-02-07 15:05:34 - [TEST_STEP][PASSED] - object = jsonSlurper.parseText(response.getResponseText()): null

2020-02-07 15:05:34 - [TEST_STEP][PASSED] - println(object): null

2020-02-07 15:05:34 - [TEST_STEP][PASSED] - mytest = plans: null

2020-02-07 15:05:34 - [TEST_STEP][PASSED] - variable = mytest: null

2020-02-07 15:05:34 - [MESSAGE][PASSED] - Verify response successfully

2020-02-07 15:05:34 - [MESSAGE][PASSED] - Send request and verify the response successfully

2020-02-07 15:05:34 - [TEST_STEP][PASSED] - setValueToCellByAddress(sheet01, "E" + mycount, variable): null

2020-02-07 15:05:34 - [TEST_STEP][PASSED] - saveWorkbook(excelFile01, workbook01): null]]></system-out>
         <system-err><![CDATA[]]></system-err>
      </testcase>
      <testcase name="Test Cases/Test_Beams_by_Zip_to_Excel" time="2.132" classname="Test Cases/Test_Beams_by_Zip_to_Excel" status="PASSED">
         <system-out><![CDATA[2020-02-07 15:05:34 - [TEST_CASE][PASSED] - Test Cases/Test_Beams_by_Zip_to_Excel: Test Cases/Test_Beams_by_Zip_to_Excel

2020-02-07 15:05:34 - [TEST_STEP][PASSED] - excelFile01 = "beams-test-results.xlsx": null

2020-02-07 15:05:34 - [TEST_STEP][PASSED] - ExpectedListSheetFile1 = ["Sheet1"]: null

2020-02-07 15:05:34 - [TEST_STEP][PASSED] - workbookFile01 = getWorkbook(excelFile01): null

2020-02-07 15:05:34 - [TEST_STEP][PASSED] - workbook01 = getWorkbook(excelFile01): null

2020-02-07 15:05:34 - [TEST_STEP][PASSED] - sheet01 = getExcelSheet(workbook01, "Sheet1"): null

2020-02-07 15:05:34 - [TEST_STEP][PASSED] - setValueToCellByAddress(sheet01, "A1", "TEST"): null

2020-02-07 15:05:34 - [TEST_STEP][PASSED] - setValueToCellByAddress(sheet01, "B1", "BEAM"): null

2020-02-07 15:05:34 - [TEST_STEP][PASSED] - setValueToCellByAddress(sheet01, "C1", "UFF"): null

2020-02-07 15:05:34 - [TEST_STEP][PASSED] - setValueToCellByAddress(sheet01, "D1", "PLAN"): null

2020-02-07 15:05:34 - [TEST_STEP][PASSED] - setValueToCellByAddress(sheet01, "E1", "API PLAN"): null

2020-02-07 15:05:34 - [TEST_STEP][PASSED] - mybeam = mybeam: null

2020-02-07 15:05:34 - [TEST_STEP][PASSED] - myuff = myuff: null

2020-02-07 15:05:34 - [TEST_STEP][PASSED] - myplan = myplan: null

2020-02-07 15:05:34 - [TEST_STEP][PASSED] - log = new com.kms.katalon.core.logging.KeywordLogger(): null

2020-02-07 15:05:34 - [TEST_STEP][PASSED] - log.logWarning("beam " + mybeam + " zip " + myzip + " upfront fees " + myuff + " plan " + myplan): beam 334 zip 35758 upfront fees 0 plan Liberty 12/25/50/Unlimited

2020-02-07 15:05:34 - [MESSAGE][WARNING] - beam 334 zip 35758 upfront fees 0 plan Liberty 12/25/50/Unlimited

2020-02-07 15:05:34 - [TEST_STEP][PASSED] - setValueToCellByAddress(sheet01, "B" + mycount, beamFail): null

2020-02-07 15:05:34 - [TEST_STEP][PASSED] - setValueToCellByAddress(sheet01, "C" + mycount, uffFail): null

2020-02-07 15:05:34 - [TEST_STEP][PASSED] - mycount = mycount + 1: null

2020-02-07 15:05:34 - [TEST_STEP][PASSED] - setValueToCellByAddress(sheet01, "A" + mycount, "beam " + mybeam + " zip " + myzip + " upfront fees " + myuff + " plan " + myplan): null

2020-02-07 15:05:34 - [TEST_STEP][PASSED] - setValueToCellByAddress(sheet01, "D" + mycount, myplan): null

2020-02-07 15:05:34 - [TEST_STEP][PASSED] - sendRequestAndVerify(findTestObject("Exede_Zip", ["myzip":myzip])): Send request and verify the response successfully

2020-02-07 15:05:36 - [MESSAGE][INFO] - HAR: /Users/jhampleman/Katalon Studio/Exede_Beam_Tests_v2.1 copy/Reports/20200207_150435/RUN_Exede_Zip_Test/20200207_150435/requests/main/25.har

2020-02-07 15:05:36 - [TEST_CASE][PASSED] - Start Test Case : Verification: Verification accomplished successfully

2020-02-07 15:05:36 - [TEST_STEP][PASSED] - request = getInstance().getCurrentRequest(): null

2020-02-07 15:05:36 - [TEST_STEP][PASSED] - response = getInstance().getCurrentResponse(): null

2020-02-07 15:05:36 - [TEST_STEP][PASSED] - if (!(verifyElementPropertyValue(response, "data.beam", mybeam))): Verify element property value successfully

2020-02-07 15:05:36 - [MESSAGE][PASSED] - Verify element property value successfully

2020-02-07 15:05:36 - [TEST_STEP][PASSED] - else: null

2020-02-07 15:05:36 - [TEST_STEP][PASSED] - beamFail = "P": null

2020-02-07 15:05:36 - [TEST_STEP][PASSED] - if (!(verifyElementPropertyValue(response, "data.product.down", myuff))): Verify element property value successfully

2020-02-07 15:05:36 - [MESSAGE][PASSED] - Verify element property value successfully

2020-02-07 15:05:36 - [TEST_STEP][PASSED] - else: null

2020-02-07 15:05:36 - [TEST_STEP][PASSED] - uffFail = "P": null

2020-02-07 15:05:36 - [TEST_STEP][PASSED] - jsonSlurper = new groovy.json.JsonSlurper(): null

2020-02-07 15:05:36 - [TEST_STEP][PASSED] - object = jsonSlurper.parseText(response.getResponseText()): null

2020-02-07 15:05:36 - [TEST_STEP][PASSED] - println(object): null

2020-02-07 15:05:36 - [TEST_STEP][PASSED] - mytest = plans: null

2020-02-07 15:05:36 - [TEST_STEP][PASSED] - variable = mytest: null

2020-02-07 15:05:36 - [MESSAGE][PASSED] - Verify response successfully

2020-02-07 15:05:36 - [MESSAGE][PASSED] - Send request and verify the response successfully

2020-02-07 15:05:36 - [TEST_STEP][PASSED] - setValueToCellByAddress(sheet01, "E" + mycount, variable): null

2020-02-07 15:05:36 - [TEST_STEP][PASSED] - saveWorkbook(excelFile01, workbook01): null]]></system-out>
         <system-err><![CDATA[]]></system-err>
      </testcase>
      <testcase name="Test Cases/Test_Beams_by_Zip_to_Excel" time="2.037" classname="Test Cases/Test_Beams_by_Zip_to_Excel" status="PASSED">
         <system-out><![CDATA[2020-02-07 15:05:36 - [TEST_CASE][PASSED] - Test Cases/Test_Beams_by_Zip_to_Excel: Test Cases/Test_Beams_by_Zip_to_Excel

2020-02-07 15:05:36 - [TEST_STEP][PASSED] - excelFile01 = "beams-test-results.xlsx": null

2020-02-07 15:05:36 - [TEST_STEP][PASSED] - ExpectedListSheetFile1 = ["Sheet1"]: null

2020-02-07 15:05:36 - [TEST_STEP][PASSED] - workbookFile01 = getWorkbook(excelFile01): null

2020-02-07 15:05:36 - [TEST_STEP][PASSED] - workbook01 = getWorkbook(excelFile01): null

2020-02-07 15:05:36 - [TEST_STEP][PASSED] - sheet01 = getExcelSheet(workbook01, "Sheet1"): null

2020-02-07 15:05:36 - [TEST_STEP][PASSED] - setValueToCellByAddress(sheet01, "A1", "TEST"): null

2020-02-07 15:05:36 - [TEST_STEP][PASSED] - setValueToCellByAddress(sheet01, "B1", "BEAM"): null

2020-02-07 15:05:36 - [TEST_STEP][PASSED] - setValueToCellByAddress(sheet01, "C1", "UFF"): null

2020-02-07 15:05:36 - [TEST_STEP][PASSED] - setValueToCellByAddress(sheet01, "D1", "PLAN"): null

2020-02-07 15:05:36 - [TEST_STEP][PASSED] - setValueToCellByAddress(sheet01, "E1", "API PLAN"): null

2020-02-07 15:05:36 - [TEST_STEP][PASSED] - mybeam = mybeam: null

2020-02-07 15:05:36 - [TEST_STEP][PASSED] - myuff = myuff: null

2020-02-07 15:05:36 - [TEST_STEP][PASSED] - myplan = myplan: null

2020-02-07 15:05:36 - [TEST_STEP][PASSED] - log = new com.kms.katalon.core.logging.KeywordLogger(): null

2020-02-07 15:05:36 - [TEST_STEP][PASSED] - log.logWarning("beam " + mybeam + " zip " + myzip + " upfront fees " + myuff + " plan " + myplan): beam 336 zip 29204 upfront fees 0 plan Liberty 12/25/50/Unlimited

2020-02-07 15:05:36 - [MESSAGE][WARNING] - beam 336 zip 29204 upfront fees 0 plan Liberty 12/25/50/Unlimited

2020-02-07 15:05:36 - [TEST_STEP][PASSED] - setValueToCellByAddress(sheet01, "B" + mycount, beamFail): null

2020-02-07 15:05:36 - [TEST_STEP][PASSED] - setValueToCellByAddress(sheet01, "C" + mycount, uffFail): null

2020-02-07 15:05:36 - [TEST_STEP][PASSED] - mycount = mycount + 1: null

2020-02-07 15:05:36 - [TEST_STEP][PASSED] - setValueToCellByAddress(sheet01, "A" + mycount, "beam " + mybeam + " zip " + myzip + " upfront fees " + myuff + " plan " + myplan): null

2020-02-07 15:05:36 - [TEST_STEP][PASSED] - setValueToCellByAddress(sheet01, "D" + mycount, myplan): null

2020-02-07 15:05:36 - [TEST_STEP][PASSED] - sendRequestAndVerify(findTestObject("Exede_Zip", ["myzip":myzip])): Send request and verify the response successfully

2020-02-07 15:05:38 - [MESSAGE][INFO] - HAR: /Users/jhampleman/Katalon Studio/Exede_Beam_Tests_v2.1 copy/Reports/20200207_150435/RUN_Exede_Zip_Test/20200207_150435/requests/main/26.har

2020-02-07 15:05:38 - [TEST_CASE][PASSED] - Start Test Case : Verification: Verification accomplished successfully

2020-02-07 15:05:38 - [TEST_STEP][PASSED] - request = getInstance().getCurrentRequest(): null

2020-02-07 15:05:38 - [TEST_STEP][PASSED] - response = getInstance().getCurrentResponse(): null

2020-02-07 15:05:38 - [TEST_STEP][PASSED] - if (!(verifyElementPropertyValue(response, "data.beam", mybeam))): Verify element property value successfully

2020-02-07 15:05:38 - [MESSAGE][PASSED] - Verify element property value successfully

2020-02-07 15:05:38 - [TEST_STEP][PASSED] - else: null

2020-02-07 15:05:38 - [TEST_STEP][PASSED] - beamFail = "P": null

2020-02-07 15:05:38 - [TEST_STEP][PASSED] - if (!(verifyElementPropertyValue(response, "data.product.down", myuff))): Verify element property value successfully

2020-02-07 15:05:38 - [MESSAGE][PASSED] - Verify element property value successfully

2020-02-07 15:05:38 - [TEST_STEP][PASSED] - else: null

2020-02-07 15:05:38 - [TEST_STEP][PASSED] - uffFail = "P": null

2020-02-07 15:05:38 - [TEST_STEP][PASSED] - jsonSlurper = new groovy.json.JsonSlurper(): null

2020-02-07 15:05:38 - [TEST_STEP][PASSED] - object = jsonSlurper.parseText(response.getResponseText()): null

2020-02-07 15:05:38 - [TEST_STEP][PASSED] - println(object): null

2020-02-07 15:05:38 - [TEST_STEP][PASSED] - mytest = plans: null

2020-02-07 15:05:38 - [TEST_STEP][PASSED] - variable = mytest: null

2020-02-07 15:05:38 - [MESSAGE][PASSED] - Verify response successfully

2020-02-07 15:05:38 - [MESSAGE][PASSED] - Send request and verify the response successfully

2020-02-07 15:05:38 - [TEST_STEP][PASSED] - setValueToCellByAddress(sheet01, "E" + mycount, variable): null

2020-02-07 15:05:38 - [TEST_STEP][PASSED] - saveWorkbook(excelFile01, workbook01): null]]></system-out>
         <system-err><![CDATA[]]></system-err>
      </testcase>
      <testcase name="Test Cases/Test_Beams_by_Zip_to_Excel" time="1.906" classname="Test Cases/Test_Beams_by_Zip_to_Excel" status="PASSED">
         <system-out><![CDATA[2020-02-07 15:05:38 - [TEST_CASE][PASSED] - Test Cases/Test_Beams_by_Zip_to_Excel: Test Cases/Test_Beams_by_Zip_to_Excel

2020-02-07 15:05:38 - [TEST_STEP][PASSED] - excelFile01 = "beams-test-results.xlsx": null

2020-02-07 15:05:38 - [TEST_STEP][PASSED] - ExpectedListSheetFile1 = ["Sheet1"]: null

2020-02-07 15:05:38 - [TEST_STEP][PASSED] - workbookFile01 = getWorkbook(excelFile01): null

2020-02-07 15:05:38 - [TEST_STEP][PASSED] - workbook01 = getWorkbook(excelFile01): null

2020-02-07 15:05:38 - [TEST_STEP][PASSED] - sheet01 = getExcelSheet(workbook01, "Sheet1"): null

2020-02-07 15:05:38 - [TEST_STEP][PASSED] - setValueToCellByAddress(sheet01, "A1", "TEST"): null

2020-02-07 15:05:38 - [TEST_STEP][PASSED] - setValueToCellByAddress(sheet01, "B1", "BEAM"): null

2020-02-07 15:05:38 - [TEST_STEP][PASSED] - setValueToCellByAddress(sheet01, "C1", "UFF"): null

2020-02-07 15:05:38 - [TEST_STEP][PASSED] - setValueToCellByAddress(sheet01, "D1", "PLAN"): null

2020-02-07 15:05:38 - [TEST_STEP][PASSED] - setValueToCellByAddress(sheet01, "E1", "API PLAN"): null

2020-02-07 15:05:38 - [TEST_STEP][PASSED] - mybeam = mybeam: null

2020-02-07 15:05:38 - [TEST_STEP][PASSED] - myuff = myuff: null

2020-02-07 15:05:38 - [TEST_STEP][PASSED] - myplan = myplan: null

2020-02-07 15:05:38 - [TEST_STEP][PASSED] - log = new com.kms.katalon.core.logging.KeywordLogger(): null

2020-02-07 15:05:38 - [TEST_STEP][PASSED] - log.logWarning("beam " + mybeam + " zip " + myzip + " upfront fees " + myuff + " plan " + myplan): beam 337 zip 27858 upfront fees 0 plan VS2 Standard Offer

2020-02-07 15:05:38 - [MESSAGE][WARNING] - beam 337 zip 27858 upfront fees 0 plan VS2 Standard Offer

2020-02-07 15:05:38 - [TEST_STEP][PASSED] - setValueToCellByAddress(sheet01, "B" + mycount, beamFail): null

2020-02-07 15:05:38 - [TEST_STEP][PASSED] - setValueToCellByAddress(sheet01, "C" + mycount, uffFail): null

2020-02-07 15:05:38 - [TEST_STEP][PASSED] - mycount = mycount + 1: null

2020-02-07 15:05:38 - [TEST_STEP][PASSED] - setValueToCellByAddress(sheet01, "A" + mycount, "beam " + mybeam + " zip " + myzip + " upfront fees " + myuff + " plan " + myplan): null

2020-02-07 15:05:38 - [TEST_STEP][PASSED] - setValueToCellByAddress(sheet01, "D" + mycount, myplan): null

2020-02-07 15:05:38 - [TEST_STEP][PASSED] - sendRequestAndVerify(findTestObject("Exede_Zip", ["myzip":myzip])): Send request and verify the response successfully

2020-02-07 15:05:40 - [MESSAGE][INFO] - HAR: /Users/jhampleman/Katalon Studio/Exede_Beam_Tests_v2.1 copy/Reports/20200207_150435/RUN_Exede_Zip_Test/20200207_150435/requests/main/27.har

2020-02-07 15:05:40 - [TEST_CASE][PASSED] - Start Test Case : Verification: Verification accomplished successfully

2020-02-07 15:05:40 - [TEST_STEP][PASSED] - request = getInstance().getCurrentRequest(): null

2020-02-07 15:05:40 - [TEST_STEP][PASSED] - response = getInstance().getCurrentResponse(): null

2020-02-07 15:05:40 - [TEST_STEP][PASSED] - if (!(verifyElementPropertyValue(response, "data.beam", mybeam))): Verify element property value successfully

2020-02-07 15:05:40 - [MESSAGE][PASSED] - Verify element property value successfully

2020-02-07 15:05:40 - [TEST_STEP][PASSED] - else: null

2020-02-07 15:05:40 - [TEST_STEP][PASSED] - beamFail = "P": null

2020-02-07 15:05:40 - [TEST_STEP][PASSED] - if (!(verifyElementPropertyValue(response, "data.product.down", myuff))): Verify element property value successfully

2020-02-07 15:05:40 - [MESSAGE][PASSED] - Verify element property value successfully

2020-02-07 15:05:40 - [TEST_STEP][PASSED] - else: null

2020-02-07 15:05:40 - [TEST_STEP][PASSED] - uffFail = "P": null

2020-02-07 15:05:40 - [TEST_STEP][PASSED] - jsonSlurper = new groovy.json.JsonSlurper(): null

2020-02-07 15:05:40 - [TEST_STEP][PASSED] - object = jsonSlurper.parseText(response.getResponseText()): null

2020-02-07 15:05:40 - [TEST_STEP][PASSED] - println(object): null

2020-02-07 15:05:40 - [TEST_STEP][PASSED] - mytest = plans: null

2020-02-07 15:05:40 - [TEST_STEP][PASSED] - variable = mytest: null

2020-02-07 15:05:40 - [MESSAGE][PASSED] - Verify response successfully

2020-02-07 15:05:40 - [MESSAGE][PASSED] - Send request and verify the response successfully

2020-02-07 15:05:40 - [TEST_STEP][PASSED] - setValueToCellByAddress(sheet01, "E" + mycount, variable): null

2020-02-07 15:05:40 - [TEST_STEP][PASSED] - saveWorkbook(excelFile01, workbook01): null]]></system-out>
         <system-err><![CDATA[]]></system-err>
      </testcase>
      <testcase name="Test Cases/Test_Beams_by_Zip_to_Excel" time="1.898" classname="Test Cases/Test_Beams_by_Zip_to_Excel" status="PASSED">
         <system-out><![CDATA[2020-02-07 15:05:40 - [TEST_CASE][PASSED] - Test Cases/Test_Beams_by_Zip_to_Excel: Test Cases/Test_Beams_by_Zip_to_Excel

2020-02-07 15:05:40 - [TEST_STEP][PASSED] - excelFile01 = "beams-test-results.xlsx": null

2020-02-07 15:05:40 - [TEST_STEP][PASSED] - ExpectedListSheetFile1 = ["Sheet1"]: null

2020-02-07 15:05:40 - [TEST_STEP][PASSED] - workbookFile01 = getWorkbook(excelFile01): null

2020-02-07 15:05:40 - [TEST_STEP][PASSED] - workbook01 = getWorkbook(excelFile01): null

2020-02-07 15:05:40 - [TEST_STEP][PASSED] - sheet01 = getExcelSheet(workbook01, "Sheet1"): null

2020-02-07 15:05:40 - [TEST_STEP][PASSED] - setValueToCellByAddress(sheet01, "A1", "TEST"): null

2020-02-07 15:05:40 - [TEST_STEP][PASSED] - setValueToCellByAddress(sheet01, "B1", "BEAM"): null

2020-02-07 15:05:40 - [TEST_STEP][PASSED] - setValueToCellByAddress(sheet01, "C1", "UFF"): null

2020-02-07 15:05:40 - [TEST_STEP][PASSED] - setValueToCellByAddress(sheet01, "D1", "PLAN"): null

2020-02-07 15:05:40 - [TEST_STEP][PASSED] - setValueToCellByAddress(sheet01, "E1", "API PLAN"): null

2020-02-07 15:05:40 - [TEST_STEP][PASSED] - mybeam = mybeam: null

2020-02-07 15:05:40 - [TEST_STEP][PASSED] - myuff = myuff: null

2020-02-07 15:05:40 - [TEST_STEP][PASSED] - myplan = myplan: null

2020-02-07 15:05:40 - [TEST_STEP][PASSED] - log = new com.kms.katalon.core.logging.KeywordLogger(): null

2020-02-07 15:05:40 - [TEST_STEP][PASSED] - log.logWarning("beam " + mybeam + " zip " + myzip + " upfront fees " + myuff + " plan " + myplan): beam 339 zip 75961 upfront fees 150 plan Liberty 12/25/50/Unlimited

2020-02-07 15:05:40 - [MESSAGE][WARNING] - beam 339 zip 75961 upfront fees 150 plan Liberty 12/25/50/Unlimited

2020-02-07 15:05:40 - [TEST_STEP][PASSED] - setValueToCellByAddress(sheet01, "B" + mycount, beamFail): null

2020-02-07 15:05:40 - [TEST_STEP][PASSED] - setValueToCellByAddress(sheet01, "C" + mycount, uffFail): null

2020-02-07 15:05:40 - [TEST_STEP][PASSED] - mycount = mycount + 1: null

2020-02-07 15:05:40 - [TEST_STEP][PASSED] - setValueToCellByAddress(sheet01, "A" + mycount, "beam " + mybeam + " zip " + myzip + " upfront fees " + myuff + " plan " + myplan): null

2020-02-07 15:05:40 - [TEST_STEP][PASSED] - setValueToCellByAddress(sheet01, "D" + mycount, myplan): null

2020-02-07 15:05:40 - [TEST_STEP][PASSED] - sendRequestAndVerify(findTestObject("Exede_Zip", ["myzip":myzip])): Send request and verify the response successfully

2020-02-07 15:05:42 - [MESSAGE][INFO] - HAR: /Users/jhampleman/Katalon Studio/Exede_Beam_Tests_v2.1 copy/Reports/20200207_150435/RUN_Exede_Zip_Test/20200207_150435/requests/main/28.har

2020-02-07 15:05:42 - [TEST_CASE][PASSED] - Start Test Case : Verification: Verification accomplished successfully

2020-02-07 15:05:42 - [TEST_STEP][PASSED] - request = getInstance().getCurrentRequest(): null

2020-02-07 15:05:42 - [TEST_STEP][PASSED] - response = getInstance().getCurrentResponse(): null

2020-02-07 15:05:42 - [TEST_STEP][PASSED] - if (!(verifyElementPropertyValue(response, "data.beam", mybeam))): Verify element property value successfully

2020-02-07 15:05:42 - [MESSAGE][PASSED] - Verify element property value successfully

2020-02-07 15:05:42 - [TEST_STEP][PASSED] - else: null

2020-02-07 15:05:42 - [TEST_STEP][PASSED] - beamFail = "P": null

2020-02-07 15:05:42 - [TEST_STEP][PASSED] - if (!(verifyElementPropertyValue(response, "data.product.down", myuff))): Verify element property value successfully

2020-02-07 15:05:42 - [MESSAGE][PASSED] - Verify element property value successfully

2020-02-07 15:05:42 - [TEST_STEP][PASSED] - else: null

2020-02-07 15:05:42 - [TEST_STEP][PASSED] - uffFail = "P": null

2020-02-07 15:05:42 - [TEST_STEP][PASSED] - jsonSlurper = new groovy.json.JsonSlurper(): null

2020-02-07 15:05:42 - [TEST_STEP][PASSED] - object = jsonSlurper.parseText(response.getResponseText()): null

2020-02-07 15:05:42 - [TEST_STEP][PASSED] - println(object): null

2020-02-07 15:05:42 - [TEST_STEP][PASSED] - mytest = plans: null

2020-02-07 15:05:42 - [TEST_STEP][PASSED] - variable = mytest: null

2020-02-07 15:05:42 - [MESSAGE][PASSED] - Verify response successfully

2020-02-07 15:05:42 - [MESSAGE][PASSED] - Send request and verify the response successfully

2020-02-07 15:05:42 - [TEST_STEP][PASSED] - setValueToCellByAddress(sheet01, "E" + mycount, variable): null

2020-02-07 15:05:42 - [TEST_STEP][PASSED] - saveWorkbook(excelFile01, workbook01): null]]></system-out>
         <system-err><![CDATA[]]></system-err>
      </testcase>
      <testcase name="Test Cases/Test_Beams_by_Zip_to_Excel" time="1.878" classname="Test Cases/Test_Beams_by_Zip_to_Excel" status="PASSED">
         <system-out><![CDATA[2020-02-07 15:05:42 - [TEST_CASE][PASSED] - Test Cases/Test_Beams_by_Zip_to_Excel: Test Cases/Test_Beams_by_Zip_to_Excel

2020-02-07 15:05:42 - [TEST_STEP][PASSED] - excelFile01 = "beams-test-results.xlsx": null

2020-02-07 15:05:42 - [TEST_STEP][PASSED] - ExpectedListSheetFile1 = ["Sheet1"]: null

2020-02-07 15:05:42 - [TEST_STEP][PASSED] - workbookFile01 = getWorkbook(excelFile01): null

2020-02-07 15:05:42 - [TEST_STEP][PASSED] - workbook01 = getWorkbook(excelFile01): null

2020-02-07 15:05:42 - [TEST_STEP][PASSED] - sheet01 = getExcelSheet(workbook01, "Sheet1"): null

2020-02-07 15:05:42 - [TEST_STEP][PASSED] - setValueToCellByAddress(sheet01, "A1", "TEST"): null

2020-02-07 15:05:42 - [TEST_STEP][PASSED] - setValueToCellByAddress(sheet01, "B1", "BEAM"): null

2020-02-07 15:05:42 - [TEST_STEP][PASSED] - setValueToCellByAddress(sheet01, "C1", "UFF"): null

2020-02-07 15:05:42 - [TEST_STEP][PASSED] - setValueToCellByAddress(sheet01, "D1", "PLAN"): null

2020-02-07 15:05:42 - [TEST_STEP][PASSED] - setValueToCellByAddress(sheet01, "E1", "API PLAN"): null

2020-02-07 15:05:42 - [TEST_STEP][PASSED] - mybeam = mybeam: null

2020-02-07 15:05:42 - [TEST_STEP][PASSED] - myuff = myuff: null

2020-02-07 15:05:42 - [TEST_STEP][PASSED] - myplan = myplan: null

2020-02-07 15:05:42 - [TEST_STEP][PASSED] - log = new com.kms.katalon.core.logging.KeywordLogger(): null

2020-02-07 15:05:42 - [TEST_STEP][PASSED] - log.logWarning("beam " + mybeam + " zip " + myzip + " upfront fees " + myuff + " plan " + myplan): beam 341 zip 39305 upfront fees 0 plan VS2 Standard Offer

2020-02-07 15:05:42 - [MESSAGE][WARNING] - beam 341 zip 39305 upfront fees 0 plan VS2 Standard Offer

2020-02-07 15:05:42 - [TEST_STEP][PASSED] - setValueToCellByAddress(sheet01, "B" + mycount, beamFail): null

2020-02-07 15:05:42 - [TEST_STEP][PASSED] - setValueToCellByAddress(sheet01, "C" + mycount, uffFail): null

2020-02-07 15:05:42 - [TEST_STEP][PASSED] - mycount = mycount + 1: null

2020-02-07 15:05:42 - [TEST_STEP][PASSED] - setValueToCellByAddress(sheet01, "A" + mycount, "beam " + mybeam + " zip " + myzip + " upfront fees " + myuff + " plan " + myplan): null

2020-02-07 15:05:42 - [TEST_STEP][PASSED] - setValueToCellByAddress(sheet01, "D" + mycount, myplan): null

2020-02-07 15:05:42 - [TEST_STEP][PASSED] - sendRequestAndVerify(findTestObject("Exede_Zip", ["myzip":myzip])): Send request and verify the response successfully

2020-02-07 15:05:44 - [MESSAGE][INFO] - HAR: /Users/jhampleman/Katalon Studio/Exede_Beam_Tests_v2.1 copy/Reports/20200207_150435/RUN_Exede_Zip_Test/20200207_150435/requests/main/29.har

2020-02-07 15:05:44 - [TEST_CASE][PASSED] - Start Test Case : Verification: Verification accomplished successfully

2020-02-07 15:05:44 - [TEST_STEP][PASSED] - request = getInstance().getCurrentRequest(): null

2020-02-07 15:05:44 - [TEST_STEP][PASSED] - response = getInstance().getCurrentResponse(): null

2020-02-07 15:05:44 - [TEST_STEP][PASSED] - if (!(verifyElementPropertyValue(response, "data.beam", mybeam))): Verify element property value successfully

2020-02-07 15:05:44 - [MESSAGE][PASSED] - Verify element property value successfully

2020-02-07 15:05:44 - [TEST_STEP][PASSED] - else: null

2020-02-07 15:05:44 - [TEST_STEP][PASSED] - beamFail = "P": null

2020-02-07 15:05:44 - [TEST_STEP][PASSED] - if (!(verifyElementPropertyValue(response, "data.product.down", myuff))): Verify element property value successfully

2020-02-07 15:05:44 - [MESSAGE][PASSED] - Verify element property value successfully

2020-02-07 15:05:44 - [TEST_STEP][PASSED] - else: null

2020-02-07 15:05:44 - [TEST_STEP][PASSED] - uffFail = "P": null

2020-02-07 15:05:44 - [TEST_STEP][PASSED] - jsonSlurper = new groovy.json.JsonSlurper(): null

2020-02-07 15:05:44 - [TEST_STEP][PASSED] - object = jsonSlurper.parseText(response.getResponseText()): null

2020-02-07 15:05:44 - [TEST_STEP][PASSED] - println(object): null

2020-02-07 15:05:44 - [TEST_STEP][PASSED] - mytest = plans: null

2020-02-07 15:05:44 - [TEST_STEP][PASSED] - variable = mytest: null

2020-02-07 15:05:44 - [MESSAGE][PASSED] - Verify response successfully

2020-02-07 15:05:44 - [MESSAGE][PASSED] - Send request and verify the response successfully

2020-02-07 15:05:44 - [TEST_STEP][PASSED] - setValueToCellByAddress(sheet01, "E" + mycount, variable): null

2020-02-07 15:05:44 - [TEST_STEP][PASSED] - saveWorkbook(excelFile01, workbook01): null]]></system-out>
         <system-err><![CDATA[]]></system-err>
      </testcase>
      <testcase name="Test Cases/Test_Beams_by_Zip_to_Excel" time="2.035" classname="Test Cases/Test_Beams_by_Zip_to_Excel" status="PASSED">
         <system-out><![CDATA[2020-02-07 15:05:44 - [TEST_CASE][PASSED] - Test Cases/Test_Beams_by_Zip_to_Excel: Test Cases/Test_Beams_by_Zip_to_Excel

2020-02-07 15:05:44 - [TEST_STEP][PASSED] - excelFile01 = "beams-test-results.xlsx": null

2020-02-07 15:05:44 - [TEST_STEP][PASSED] - ExpectedListSheetFile1 = ["Sheet1"]: null

2020-02-07 15:05:44 - [TEST_STEP][PASSED] - workbookFile01 = getWorkbook(excelFile01): null

2020-02-07 15:05:44 - [TEST_STEP][PASSED] - workbook01 = getWorkbook(excelFile01): null

2020-02-07 15:05:44 - [TEST_STEP][PASSED] - sheet01 = getExcelSheet(workbook01, "Sheet1"): null

2020-02-07 15:05:44 - [TEST_STEP][PASSED] - setValueToCellByAddress(sheet01, "A1", "TEST"): null

2020-02-07 15:05:44 - [TEST_STEP][PASSED] - setValueToCellByAddress(sheet01, "B1", "BEAM"): null

2020-02-07 15:05:44 - [TEST_STEP][PASSED] - setValueToCellByAddress(sheet01, "C1", "UFF"): null

2020-02-07 15:05:44 - [TEST_STEP][PASSED] - setValueToCellByAddress(sheet01, "D1", "PLAN"): null

2020-02-07 15:05:44 - [TEST_STEP][PASSED] - setValueToCellByAddress(sheet01, "E1", "API PLAN"): null

2020-02-07 15:05:44 - [TEST_STEP][PASSED] - mybeam = mybeam: null

2020-02-07 15:05:44 - [TEST_STEP][PASSED] - myuff = myuff: null

2020-02-07 15:05:44 - [TEST_STEP][PASSED] - myplan = myplan: null

2020-02-07 15:05:44 - [TEST_STEP][PASSED] - log = new com.kms.katalon.core.logging.KeywordLogger(): null

2020-02-07 15:05:44 - [TEST_STEP][PASSED] - log.logWarning("beam " + mybeam + " zip " + myzip + " upfront fees " + myuff + " plan " + myplan): beam 342 zip 36037 upfront fees 150 plan Liberty 12/25/50/Unlimited

2020-02-07 15:05:44 - [MESSAGE][WARNING] - beam 342 zip 36037 upfront fees 150 plan Liberty 12/25/50/Unlimited

2020-02-07 15:05:44 - [TEST_STEP][PASSED] - setValueToCellByAddress(sheet01, "B" + mycount, beamFail): null

2020-02-07 15:05:44 - [TEST_STEP][PASSED] - setValueToCellByAddress(sheet01, "C" + mycount, uffFail): null

2020-02-07 15:05:44 - [TEST_STEP][PASSED] - mycount = mycount + 1: null

2020-02-07 15:05:44 - [TEST_STEP][PASSED] - setValueToCellByAddress(sheet01, "A" + mycount, "beam " + mybeam + " zip " + myzip + " upfront fees " + myuff + " plan " + myplan): null

2020-02-07 15:05:44 - [TEST_STEP][PASSED] - setValueToCellByAddress(sheet01, "D" + mycount, myplan): null

2020-02-07 15:05:44 - [TEST_STEP][PASSED] - sendRequestAndVerify(findTestObject("Exede_Zip", ["myzip":myzip])): Send request and verify the response successfully

2020-02-07 15:05:46 - [MESSAGE][INFO] - HAR: /Users/jhampleman/Katalon Studio/Exede_Beam_Tests_v2.1 copy/Reports/20200207_150435/RUN_Exede_Zip_Test/20200207_150435/requests/main/30.har

2020-02-07 15:05:46 - [TEST_CASE][PASSED] - Start Test Case : Verification: Verification accomplished successfully

2020-02-07 15:05:46 - [TEST_STEP][PASSED] - request = getInstance().getCurrentRequest(): null

2020-02-07 15:05:46 - [TEST_STEP][PASSED] - response = getInstance().getCurrentResponse(): null

2020-02-07 15:05:46 - [TEST_STEP][PASSED] - if (!(verifyElementPropertyValue(response, "data.beam", mybeam))): Verify element property value successfully

2020-02-07 15:05:46 - [MESSAGE][PASSED] - Verify element property value successfully

2020-02-07 15:05:46 - [TEST_STEP][PASSED] - else: null

2020-02-07 15:05:46 - [TEST_STEP][PASSED] - beamFail = "P": null

2020-02-07 15:05:46 - [TEST_STEP][PASSED] - if (!(verifyElementPropertyValue(response, "data.product.down", myuff))): Verify element property value successfully

2020-02-07 15:05:46 - [MESSAGE][PASSED] - Verify element property value successfully

2020-02-07 15:05:46 - [TEST_STEP][PASSED] - else: null

2020-02-07 15:05:46 - [TEST_STEP][PASSED] - uffFail = "P": null

2020-02-07 15:05:46 - [TEST_STEP][PASSED] - jsonSlurper = new groovy.json.JsonSlurper(): null

2020-02-07 15:05:46 - [TEST_STEP][PASSED] - object = jsonSlurper.parseText(response.getResponseText()): null

2020-02-07 15:05:46 - [TEST_STEP][PASSED] - println(object): null

2020-02-07 15:05:46 - [TEST_STEP][PASSED] - mytest = plans: null

2020-02-07 15:05:46 - [TEST_STEP][PASSED] - variable = mytest: null

2020-02-07 15:05:46 - [MESSAGE][PASSED] - Verify response successfully

2020-02-07 15:05:46 - [MESSAGE][PASSED] - Send request and verify the response successfully

2020-02-07 15:05:46 - [TEST_STEP][PASSED] - setValueToCellByAddress(sheet01, "E" + mycount, variable): null

2020-02-07 15:05:46 - [TEST_STEP][PASSED] - saveWorkbook(excelFile01, workbook01): null]]></system-out>
         <system-err><![CDATA[]]></system-err>
      </testcase>
      <testcase name="Test Cases/Test_Beams_by_Zip_to_Excel" time="1.825" classname="Test Cases/Test_Beams_by_Zip_to_Excel" status="PASSED">
         <system-out><![CDATA[2020-02-07 15:05:46 - [TEST_CASE][PASSED] - Test Cases/Test_Beams_by_Zip_to_Excel: Test Cases/Test_Beams_by_Zip_to_Excel

2020-02-07 15:05:46 - [TEST_STEP][PASSED] - excelFile01 = "beams-test-results.xlsx": null

2020-02-07 15:05:46 - [TEST_STEP][PASSED] - ExpectedListSheetFile1 = ["Sheet1"]: null

2020-02-07 15:05:46 - [TEST_STEP][PASSED] - workbookFile01 = getWorkbook(excelFile01): null

2020-02-07 15:05:46 - [TEST_STEP][PASSED] - workbook01 = getWorkbook(excelFile01): null

2020-02-07 15:05:46 - [TEST_STEP][PASSED] - sheet01 = getExcelSheet(workbook01, "Sheet1"): null

2020-02-07 15:05:46 - [TEST_STEP][PASSED] - setValueToCellByAddress(sheet01, "A1", "TEST"): null

2020-02-07 15:05:46 - [TEST_STEP][PASSED] - setValueToCellByAddress(sheet01, "B1", "BEAM"): null

2020-02-07 15:05:46 - [TEST_STEP][PASSED] - setValueToCellByAddress(sheet01, "C1", "UFF"): null

2020-02-07 15:05:46 - [TEST_STEP][PASSED] - setValueToCellByAddress(sheet01, "D1", "PLAN"): null

2020-02-07 15:05:46 - [TEST_STEP][PASSED] - setValueToCellByAddress(sheet01, "E1", "API PLAN"): null

2020-02-07 15:05:46 - [TEST_STEP][PASSED] - mybeam = mybeam: null

2020-02-07 15:05:46 - [TEST_STEP][PASSED] - myuff = myuff: null

2020-02-07 15:05:46 - [TEST_STEP][PASSED] - myplan = myplan: null

2020-02-07 15:05:46 - [TEST_STEP][PASSED] - log = new com.kms.katalon.core.logging.KeywordLogger(): null

2020-02-07 15:05:46 - [TEST_STEP][PASSED] - log.logWarning("beam " + mybeam + " zip " + myzip + " upfront fees " + myuff + " plan " + myplan): beam 343 zip 31201 upfront fees 100 plan Liberty 12/25/50/Unlimited

2020-02-07 15:05:46 - [MESSAGE][WARNING] - beam 343 zip 31201 upfront fees 100 plan Liberty 12/25/50/Unlimited

2020-02-07 15:05:46 - [TEST_STEP][PASSED] - setValueToCellByAddress(sheet01, "B" + mycount, beamFail): null

2020-02-07 15:05:46 - [TEST_STEP][PASSED] - setValueToCellByAddress(sheet01, "C" + mycount, uffFail): null

2020-02-07 15:05:46 - [TEST_STEP][PASSED] - mycount = mycount + 1: null

2020-02-07 15:05:46 - [TEST_STEP][PASSED] - setValueToCellByAddress(sheet01, "A" + mycount, "beam " + mybeam + " zip " + myzip + " upfront fees " + myuff + " plan " + myplan): null

2020-02-07 15:05:46 - [TEST_STEP][PASSED] - setValueToCellByAddress(sheet01, "D" + mycount, myplan): null

2020-02-07 15:05:46 - [TEST_STEP][PASSED] - sendRequestAndVerify(findTestObject("Exede_Zip", ["myzip":myzip])): Send request and verify the response successfully

2020-02-07 15:05:48 - [MESSAGE][INFO] - HAR: /Users/jhampleman/Katalon Studio/Exede_Beam_Tests_v2.1 copy/Reports/20200207_150435/RUN_Exede_Zip_Test/20200207_150435/requests/main/31.har

2020-02-07 15:05:48 - [TEST_CASE][PASSED] - Start Test Case : Verification: Verification accomplished successfully

2020-02-07 15:05:48 - [TEST_STEP][PASSED] - request = getInstance().getCurrentRequest(): null

2020-02-07 15:05:48 - [TEST_STEP][PASSED] - response = getInstance().getCurrentResponse(): null

2020-02-07 15:05:48 - [TEST_STEP][PASSED] - if (!(verifyElementPropertyValue(response, "data.beam", mybeam))): Verify element property value successfully

2020-02-07 15:05:48 - [MESSAGE][PASSED] - Verify element property value successfully

2020-02-07 15:05:48 - [TEST_STEP][PASSED] - else: null

2020-02-07 15:05:48 - [TEST_STEP][PASSED] - beamFail = "P": null

2020-02-07 15:05:48 - [TEST_STEP][PASSED] - if (!(verifyElementPropertyValue(response, "data.product.down", myuff))): Verify element property value successfully

2020-02-07 15:05:48 - [MESSAGE][PASSED] - Verify element property value successfully

2020-02-07 15:05:48 - [TEST_STEP][PASSED] - else: null

2020-02-07 15:05:48 - [TEST_STEP][PASSED] - uffFail = "P": null

2020-02-07 15:05:48 - [TEST_STEP][PASSED] - jsonSlurper = new groovy.json.JsonSlurper(): null

2020-02-07 15:05:48 - [TEST_STEP][PASSED] - object = jsonSlurper.parseText(response.getResponseText()): null

2020-02-07 15:05:48 - [TEST_STEP][PASSED] - println(object): null

2020-02-07 15:05:48 - [TEST_STEP][PASSED] - mytest = plans: null

2020-02-07 15:05:48 - [TEST_STEP][PASSED] - variable = mytest: null

2020-02-07 15:05:48 - [MESSAGE][PASSED] - Verify response successfully

2020-02-07 15:05:48 - [MESSAGE][PASSED] - Send request and verify the response successfully

2020-02-07 15:05:48 - [TEST_STEP][PASSED] - setValueToCellByAddress(sheet01, "E" + mycount, variable): null

2020-02-07 15:05:48 - [TEST_STEP][PASSED] - saveWorkbook(excelFile01, workbook01): null]]></system-out>
         <system-err><![CDATA[]]></system-err>
      </testcase>
      <testcase name="Test Cases/Test_Beams_by_Zip_to_Excel" time="2.028" classname="Test Cases/Test_Beams_by_Zip_to_Excel" status="PASSED">
         <system-out><![CDATA[2020-02-07 15:05:48 - [TEST_CASE][PASSED] - Test Cases/Test_Beams_by_Zip_to_Excel: Test Cases/Test_Beams_by_Zip_to_Excel

2020-02-07 15:05:48 - [TEST_STEP][PASSED] - excelFile01 = "beams-test-results.xlsx": null

2020-02-07 15:05:48 - [TEST_STEP][PASSED] - ExpectedListSheetFile1 = ["Sheet1"]: null

2020-02-07 15:05:48 - [TEST_STEP][PASSED] - workbookFile01 = getWorkbook(excelFile01): null

2020-02-07 15:05:48 - [TEST_STEP][PASSED] - workbook01 = getWorkbook(excelFile01): null

2020-02-07 15:05:48 - [TEST_STEP][PASSED] - sheet01 = getExcelSheet(workbook01, "Sheet1"): null

2020-02-07 15:05:48 - [TEST_STEP][PASSED] - setValueToCellByAddress(sheet01, "A1", "TEST"): null

2020-02-07 15:05:48 - [TEST_STEP][PASSED] - setValueToCellByAddress(sheet01, "B1", "BEAM"): null

2020-02-07 15:05:48 - [TEST_STEP][PASSED] - setValueToCellByAddress(sheet01, "C1", "UFF"): null

2020-02-07 15:05:48 - [TEST_STEP][PASSED] - setValueToCellByAddress(sheet01, "D1", "PLAN"): null

2020-02-07 15:05:48 - [TEST_STEP][PASSED] - setValueToCellByAddress(sheet01, "E1", "API PLAN"): null

2020-02-07 15:05:48 - [TEST_STEP][PASSED] - mybeam = mybeam: null

2020-02-07 15:05:48 - [TEST_STEP][PASSED] - myuff = myuff: null

2020-02-07 15:05:48 - [TEST_STEP][PASSED] - myplan = myplan: null

2020-02-07 15:05:48 - [TEST_STEP][PASSED] - log = new com.kms.katalon.core.logging.KeywordLogger(): null

2020-02-07 15:05:48 - [TEST_STEP][PASSED] - log.logWarning("beam " + mybeam + " zip " + myzip + " upfront fees " + myuff + " plan " + myplan): beam 344 zip 29554 upfront fees 0 plan Liberty 12/25/50/Unlimited

2020-02-07 15:05:48 - [MESSAGE][WARNING] - beam 344 zip 29554 upfront fees 0 plan Liberty 12/25/50/Unlimited

2020-02-07 15:05:48 - [TEST_STEP][PASSED] - setValueToCellByAddress(sheet01, "B" + mycount, beamFail): null

2020-02-07 15:05:48 - [TEST_STEP][PASSED] - setValueToCellByAddress(sheet01, "C" + mycount, uffFail): null

2020-02-07 15:05:48 - [TEST_STEP][PASSED] - mycount = mycount + 1: null

2020-02-07 15:05:48 - [TEST_STEP][PASSED] - setValueToCellByAddress(sheet01, "A" + mycount, "beam " + mybeam + " zip " + myzip + " upfront fees " + myuff + " plan " + myplan): null

2020-02-07 15:05:48 - [TEST_STEP][PASSED] - setValueToCellByAddress(sheet01, "D" + mycount, myplan): null

2020-02-07 15:05:48 - [TEST_STEP][PASSED] - sendRequestAndVerify(findTestObject("Exede_Zip", ["myzip":myzip])): Send request and verify the response successfully

2020-02-07 15:05:50 - [MESSAGE][INFO] - HAR: /Users/jhampleman/Katalon Studio/Exede_Beam_Tests_v2.1 copy/Reports/20200207_150435/RUN_Exede_Zip_Test/20200207_150435/requests/main/32.har

2020-02-07 15:05:50 - [TEST_CASE][PASSED] - Start Test Case : Verification: Verification accomplished successfully

2020-02-07 15:05:50 - [TEST_STEP][PASSED] - request = getInstance().getCurrentRequest(): null

2020-02-07 15:05:50 - [TEST_STEP][PASSED] - response = getInstance().getCurrentResponse(): null

2020-02-07 15:05:50 - [TEST_STEP][PASSED] - if (!(verifyElementPropertyValue(response, "data.beam", mybeam))): Verify element property value successfully

2020-02-07 15:05:50 - [MESSAGE][PASSED] - Verify element property value successfully

2020-02-07 15:05:50 - [TEST_STEP][PASSED] - else: null

2020-02-07 15:05:50 - [TEST_STEP][PASSED] - beamFail = "P": null

2020-02-07 15:05:50 - [TEST_STEP][PASSED] - if (!(verifyElementPropertyValue(response, "data.product.down", myuff))): Verify element property value successfully

2020-02-07 15:05:50 - [MESSAGE][PASSED] - Verify element property value successfully

2020-02-07 15:05:50 - [TEST_STEP][PASSED] - else: null

2020-02-07 15:05:50 - [TEST_STEP][PASSED] - uffFail = "P": null

2020-02-07 15:05:50 - [TEST_STEP][PASSED] - jsonSlurper = new groovy.json.JsonSlurper(): null

2020-02-07 15:05:50 - [TEST_STEP][PASSED] - object = jsonSlurper.parseText(response.getResponseText()): null

2020-02-07 15:05:50 - [TEST_STEP][PASSED] - println(object): null

2020-02-07 15:05:50 - [TEST_STEP][PASSED] - mytest = plans: null

2020-02-07 15:05:50 - [TEST_STEP][PASSED] - variable = mytest: null

2020-02-07 15:05:50 - [MESSAGE][PASSED] - Verify response successfully

2020-02-07 15:05:50 - [MESSAGE][PASSED] - Send request and verify the response successfully

2020-02-07 15:05:50 - [TEST_STEP][PASSED] - setValueToCellByAddress(sheet01, "E" + mycount, variable): null

2020-02-07 15:05:50 - [TEST_STEP][PASSED] - saveWorkbook(excelFile01, workbook01): null]]></system-out>
         <system-err><![CDATA[]]></system-err>
      </testcase>
      <testcase name="Test Cases/Test_Beams_by_Zip_to_Excel" time="1.836" classname="Test Cases/Test_Beams_by_Zip_to_Excel" status="PASSED">
         <system-out><![CDATA[2020-02-07 15:05:50 - [TEST_CASE][PASSED] - Test Cases/Test_Beams_by_Zip_to_Excel: Test Cases/Test_Beams_by_Zip_to_Excel

2020-02-07 15:05:50 - [TEST_STEP][PASSED] - excelFile01 = "beams-test-results.xlsx": null

2020-02-07 15:05:50 - [TEST_STEP][PASSED] - ExpectedListSheetFile1 = ["Sheet1"]: null

2020-02-07 15:05:50 - [TEST_STEP][PASSED] - workbookFile01 = getWorkbook(excelFile01): null

2020-02-07 15:05:50 - [TEST_STEP][PASSED] - workbook01 = getWorkbook(excelFile01): null

2020-02-07 15:05:50 - [TEST_STEP][PASSED] - sheet01 = getExcelSheet(workbook01, "Sheet1"): null

2020-02-07 15:05:50 - [TEST_STEP][PASSED] - setValueToCellByAddress(sheet01, "A1", "TEST"): null

2020-02-07 15:05:50 - [TEST_STEP][PASSED] - setValueToCellByAddress(sheet01, "B1", "BEAM"): null

2020-02-07 15:05:50 - [TEST_STEP][PASSED] - setValueToCellByAddress(sheet01, "C1", "UFF"): null

2020-02-07 15:05:50 - [TEST_STEP][PASSED] - setValueToCellByAddress(sheet01, "D1", "PLAN"): null

2020-02-07 15:05:50 - [TEST_STEP][PASSED] - setValueToCellByAddress(sheet01, "E1", "API PLAN"): null

2020-02-07 15:05:50 - [TEST_STEP][PASSED] - mybeam = mybeam: null

2020-02-07 15:05:50 - [TEST_STEP][PASSED] - myuff = myuff: null

2020-02-07 15:05:50 - [TEST_STEP][PASSED] - myplan = myplan: null

2020-02-07 15:05:50 - [TEST_STEP][PASSED] - log = new com.kms.katalon.core.logging.KeywordLogger(): null

2020-02-07 15:05:50 - [TEST_STEP][PASSED] - log.logWarning("beam " + mybeam + " zip " + myzip + " upfront fees " + myuff + " plan " + myplan): beam 345 zip 78643 upfront fees 0 plan VS2 Standard Offer

2020-02-07 15:05:50 - [MESSAGE][WARNING] - beam 345 zip 78643 upfront fees 0 plan VS2 Standard Offer

2020-02-07 15:05:50 - [TEST_STEP][PASSED] - setValueToCellByAddress(sheet01, "B" + mycount, beamFail): null

2020-02-07 15:05:50 - [TEST_STEP][PASSED] - setValueToCellByAddress(sheet01, "C" + mycount, uffFail): null

2020-02-07 15:05:50 - [TEST_STEP][PASSED] - mycount = mycount + 1: null

2020-02-07 15:05:50 - [TEST_STEP][PASSED] - setValueToCellByAddress(sheet01, "A" + mycount, "beam " + mybeam + " zip " + myzip + " upfront fees " + myuff + " plan " + myplan): null

2020-02-07 15:05:50 - [TEST_STEP][PASSED] - setValueToCellByAddress(sheet01, "D" + mycount, myplan): null

2020-02-07 15:05:50 - [TEST_STEP][PASSED] - sendRequestAndVerify(findTestObject("Exede_Zip", ["myzip":myzip])): Send request and verify the response successfully

2020-02-07 15:05:51 - [MESSAGE][INFO] - HAR: /Users/jhampleman/Katalon Studio/Exede_Beam_Tests_v2.1 copy/Reports/20200207_150435/RUN_Exede_Zip_Test/20200207_150435/requests/main/33.har

2020-02-07 15:05:51 - [TEST_CASE][PASSED] - Start Test Case : Verification: Verification accomplished successfully

2020-02-07 15:05:52 - [TEST_STEP][PASSED] - request = getInstance().getCurrentRequest(): null

2020-02-07 15:05:52 - [TEST_STEP][PASSED] - response = getInstance().getCurrentResponse(): null

2020-02-07 15:05:52 - [TEST_STEP][PASSED] - if (!(verifyElementPropertyValue(response, "data.beam", mybeam))): Verify element property value successfully

2020-02-07 15:05:52 - [MESSAGE][PASSED] - Verify element property value successfully

2020-02-07 15:05:52 - [TEST_STEP][PASSED] - else: null

2020-02-07 15:05:52 - [TEST_STEP][PASSED] - beamFail = "P": null

2020-02-07 15:05:52 - [TEST_STEP][PASSED] - if (!(verifyElementPropertyValue(response, "data.product.down", myuff))): Verify element property value successfully

2020-02-07 15:05:52 - [MESSAGE][PASSED] - Verify element property value successfully

2020-02-07 15:05:52 - [TEST_STEP][PASSED] - else: null

2020-02-07 15:05:52 - [TEST_STEP][PASSED] - uffFail = "P": null

2020-02-07 15:05:52 - [TEST_STEP][PASSED] - jsonSlurper = new groovy.json.JsonSlurper(): null

2020-02-07 15:05:52 - [TEST_STEP][PASSED] - object = jsonSlurper.parseText(response.getResponseText()): null

2020-02-07 15:05:52 - [TEST_STEP][PASSED] - println(object): null

2020-02-07 15:05:52 - [TEST_STEP][PASSED] - mytest = plans: null

2020-02-07 15:05:52 - [TEST_STEP][PASSED] - variable = mytest: null

2020-02-07 15:05:52 - [MESSAGE][PASSED] - Verify response successfully

2020-02-07 15:05:52 - [MESSAGE][PASSED] - Send request and verify the response successfully

2020-02-07 15:05:52 - [TEST_STEP][PASSED] - setValueToCellByAddress(sheet01, "E" + mycount, variable): null

2020-02-07 15:05:52 - [TEST_STEP][PASSED] - saveWorkbook(excelFile01, workbook01): null]]></system-out>
         <system-err><![CDATA[]]></system-err>
      </testcase>
      <testcase name="Test Cases/Test_Beams_by_Zip_to_Excel" time="1.875" classname="Test Cases/Test_Beams_by_Zip_to_Excel" status="PASSED">
         <system-out><![CDATA[2020-02-07 15:05:52 - [TEST_CASE][PASSED] - Test Cases/Test_Beams_by_Zip_to_Excel: Test Cases/Test_Beams_by_Zip_to_Excel

2020-02-07 15:05:52 - [TEST_STEP][PASSED] - excelFile01 = "beams-test-results.xlsx": null

2020-02-07 15:05:52 - [TEST_STEP][PASSED] - ExpectedListSheetFile1 = ["Sheet1"]: null

2020-02-07 15:05:52 - [TEST_STEP][PASSED] - workbookFile01 = getWorkbook(excelFile01): null

2020-02-07 15:05:52 - [TEST_STEP][PASSED] - workbook01 = getWorkbook(excelFile01): null

2020-02-07 15:05:52 - [TEST_STEP][PASSED] - sheet01 = getExcelSheet(workbook01, "Sheet1"): null

2020-02-07 15:05:52 - [TEST_STEP][PASSED] - setValueToCellByAddress(sheet01, "A1", "TEST"): null

2020-02-07 15:05:52 - [TEST_STEP][PASSED] - setValueToCellByAddress(sheet01, "B1", "BEAM"): null

2020-02-07 15:05:52 - [TEST_STEP][PASSED] - setValueToCellByAddress(sheet01, "C1", "UFF"): null

2020-02-07 15:05:52 - [TEST_STEP][PASSED] - setValueToCellByAddress(sheet01, "D1", "PLAN"): null

2020-02-07 15:05:52 - [TEST_STEP][PASSED] - setValueToCellByAddress(sheet01, "E1", "API PLAN"): null

2020-02-07 15:05:52 - [TEST_STEP][PASSED] - mybeam = mybeam: null

2020-02-07 15:05:52 - [TEST_STEP][PASSED] - myuff = myuff: null

2020-02-07 15:05:52 - [TEST_STEP][PASSED] - myplan = myplan: null

2020-02-07 15:05:52 - [TEST_STEP][PASSED] - log = new com.kms.katalon.core.logging.KeywordLogger(): null

2020-02-07 15:05:52 - [TEST_STEP][PASSED] - log.logWarning("beam " + mybeam + " zip " + myzip + " upfront fees " + myuff + " plan " + myplan): beam 347 zip 70601 upfront fees 0 plan VS2 Standard Offer

2020-02-07 15:05:52 - [MESSAGE][WARNING] - beam 347 zip 70601 upfront fees 0 plan VS2 Standard Offer

2020-02-07 15:05:52 - [TEST_STEP][PASSED] - setValueToCellByAddress(sheet01, "B" + mycount, beamFail): null

2020-02-07 15:05:52 - [TEST_STEP][PASSED] - setValueToCellByAddress(sheet01, "C" + mycount, uffFail): null

2020-02-07 15:05:52 - [TEST_STEP][PASSED] - mycount = mycount + 1: null

2020-02-07 15:05:52 - [TEST_STEP][PASSED] - setValueToCellByAddress(sheet01, "A" + mycount, "beam " + mybeam + " zip " + myzip + " upfront fees " + myuff + " plan " + myplan): null

2020-02-07 15:05:52 - [TEST_STEP][PASSED] - setValueToCellByAddress(sheet01, "D" + mycount, myplan): null

2020-02-07 15:05:52 - [TEST_STEP][PASSED] - sendRequestAndVerify(findTestObject("Exede_Zip", ["myzip":myzip])): Send request and verify the response successfully

2020-02-07 15:05:53 - [MESSAGE][INFO] - HAR: /Users/jhampleman/Katalon Studio/Exede_Beam_Tests_v2.1 copy/Reports/20200207_150435/RUN_Exede_Zip_Test/20200207_150435/requests/main/34.har

2020-02-07 15:05:53 - [TEST_CASE][PASSED] - Start Test Case : Verification: Verification accomplished successfully

2020-02-07 15:05:53 - [TEST_STEP][PASSED] - request = getInstance().getCurrentRequest(): null

2020-02-07 15:05:53 - [TEST_STEP][PASSED] - response = getInstance().getCurrentResponse(): null

2020-02-07 15:05:53 - [TEST_STEP][PASSED] - if (!(verifyElementPropertyValue(response, "data.beam", mybeam))): Verify element property value successfully

2020-02-07 15:05:53 - [MESSAGE][PASSED] - Verify element property value successfully

2020-02-07 15:05:53 - [TEST_STEP][PASSED] - else: null

2020-02-07 15:05:53 - [TEST_STEP][PASSED] - beamFail = "P": null

2020-02-07 15:05:53 - [TEST_STEP][PASSED] - if (!(verifyElementPropertyValue(response, "data.product.down", myuff))): Verify element property value successfully

2020-02-07 15:05:53 - [MESSAGE][PASSED] - Verify element property value successfully

2020-02-07 15:05:53 - [TEST_STEP][PASSED] - else: null

2020-02-07 15:05:53 - [TEST_STEP][PASSED] - uffFail = "P": null

2020-02-07 15:05:53 - [TEST_STEP][PASSED] - jsonSlurper = new groovy.json.JsonSlurper(): null

2020-02-07 15:05:53 - [TEST_STEP][PASSED] - object = jsonSlurper.parseText(response.getResponseText()): null

2020-02-07 15:05:53 - [TEST_STEP][PASSED] - println(object): null

2020-02-07 15:05:53 - [TEST_STEP][PASSED] - mytest = plans: null

2020-02-07 15:05:53 - [TEST_STEP][PASSED] - variable = mytest: null

2020-02-07 15:05:53 - [MESSAGE][PASSED] - Verify response successfully

2020-02-07 15:05:53 - [MESSAGE][PASSED] - Send request and verify the response successfully

2020-02-07 15:05:53 - [TEST_STEP][PASSED] - setValueToCellByAddress(sheet01, "E" + mycount, variable): null

2020-02-07 15:05:53 - [TEST_STEP][PASSED] - saveWorkbook(excelFile01, workbook01): null]]></system-out>
         <system-err><![CDATA[]]></system-err>
      </testcase>
      <testcase name="Test Cases/Test_Beams_by_Zip_to_Excel" time="1.761" classname="Test Cases/Test_Beams_by_Zip_to_Excel" status="PASSED">
         <system-out><![CDATA[2020-02-07 15:05:53 - [TEST_CASE][PASSED] - Test Cases/Test_Beams_by_Zip_to_Excel: Test Cases/Test_Beams_by_Zip_to_Excel

2020-02-07 15:05:54 - [TEST_STEP][PASSED] - excelFile01 = "beams-test-results.xlsx": null

2020-02-07 15:05:54 - [TEST_STEP][PASSED] - ExpectedListSheetFile1 = ["Sheet1"]: null

2020-02-07 15:05:54 - [TEST_STEP][PASSED] - workbookFile01 = getWorkbook(excelFile01): null

2020-02-07 15:05:54 - [TEST_STEP][PASSED] - workbook01 = getWorkbook(excelFile01): null

2020-02-07 15:05:54 - [TEST_STEP][PASSED] - sheet01 = getExcelSheet(workbook01, "Sheet1"): null

2020-02-07 15:05:54 - [TEST_STEP][PASSED] - setValueToCellByAddress(sheet01, "A1", "TEST"): null

2020-02-07 15:05:54 - [TEST_STEP][PASSED] - setValueToCellByAddress(sheet01, "B1", "BEAM"): null

2020-02-07 15:05:54 - [TEST_STEP][PASSED] - setValueToCellByAddress(sheet01, "C1", "UFF"): null

2020-02-07 15:05:54 - [TEST_STEP][PASSED] - setValueToCellByAddress(sheet01, "D1", "PLAN"): null

2020-02-07 15:05:54 - [TEST_STEP][PASSED] - setValueToCellByAddress(sheet01, "E1", "API PLAN"): null

2020-02-07 15:05:54 - [TEST_STEP][PASSED] - mybeam = mybeam: null

2020-02-07 15:05:54 - [TEST_STEP][PASSED] - myuff = myuff: null

2020-02-07 15:05:54 - [TEST_STEP][PASSED] - myplan = myplan: null

2020-02-07 15:05:54 - [TEST_STEP][PASSED] - log = new com.kms.katalon.core.logging.KeywordLogger(): null

2020-02-07 15:05:54 - [TEST_STEP][PASSED] - log.logWarning("beam " + mybeam + " zip " + myzip + " upfront fees " + myuff + " plan " + myplan): beam 348 zip 70065 upfront fees 0 plan VS2 Standard Offer

2020-02-07 15:05:54 - [MESSAGE][WARNING] - beam 348 zip 70065 upfront fees 0 plan VS2 Standard Offer

2020-02-07 15:05:54 - [TEST_STEP][PASSED] - setValueToCellByAddress(sheet01, "B" + mycount, beamFail): null

2020-02-07 15:05:54 - [TEST_STEP][PASSED] - setValueToCellByAddress(sheet01, "C" + mycount, uffFail): null

2020-02-07 15:05:54 - [TEST_STEP][PASSED] - mycount = mycount + 1: null

2020-02-07 15:05:54 - [TEST_STEP][PASSED] - setValueToCellByAddress(sheet01, "A" + mycount, "beam " + mybeam + " zip " + myzip + " upfront fees " + myuff + " plan " + myplan): null

2020-02-07 15:05:54 - [TEST_STEP][PASSED] - setValueToCellByAddress(sheet01, "D" + mycount, myplan): null

2020-02-07 15:05:54 - [TEST_STEP][PASSED] - sendRequestAndVerify(findTestObject("Exede_Zip", ["myzip":myzip])): Send request and verify the response successfully

2020-02-07 15:05:55 - [MESSAGE][INFO] - HAR: /Users/jhampleman/Katalon Studio/Exede_Beam_Tests_v2.1 copy/Reports/20200207_150435/RUN_Exede_Zip_Test/20200207_150435/requests/main/35.har

2020-02-07 15:05:55 - [TEST_CASE][PASSED] - Start Test Case : Verification: Verification accomplished successfully

2020-02-07 15:05:55 - [TEST_STEP][PASSED] - request = getInstance().getCurrentRequest(): null

2020-02-07 15:05:55 - [TEST_STEP][PASSED] - response = getInstance().getCurrentResponse(): null

2020-02-07 15:05:55 - [TEST_STEP][PASSED] - if (!(verifyElementPropertyValue(response, "data.beam", mybeam))): Verify element property value successfully

2020-02-07 15:05:55 - [MESSAGE][PASSED] - Verify element property value successfully

2020-02-07 15:05:55 - [TEST_STEP][PASSED] - else: null

2020-02-07 15:05:55 - [TEST_STEP][PASSED] - beamFail = "P": null

2020-02-07 15:05:55 - [TEST_STEP][PASSED] - if (!(verifyElementPropertyValue(response, "data.product.down", myuff))): Verify element property value successfully

2020-02-07 15:05:55 - [MESSAGE][PASSED] - Verify element property value successfully

2020-02-07 15:05:55 - [TEST_STEP][PASSED] - else: null

2020-02-07 15:05:55 - [TEST_STEP][PASSED] - uffFail = "P": null

2020-02-07 15:05:55 - [TEST_STEP][PASSED] - jsonSlurper = new groovy.json.JsonSlurper(): null

2020-02-07 15:05:55 - [TEST_STEP][PASSED] - object = jsonSlurper.parseText(response.getResponseText()): null

2020-02-07 15:05:55 - [TEST_STEP][PASSED] - println(object): null

2020-02-07 15:05:55 - [TEST_STEP][PASSED] - mytest = plans: null

2020-02-07 15:05:55 - [TEST_STEP][PASSED] - variable = mytest: null

2020-02-07 15:05:55 - [MESSAGE][PASSED] - Verify response successfully

2020-02-07 15:05:55 - [MESSAGE][PASSED] - Send request and verify the response successfully

2020-02-07 15:05:55 - [TEST_STEP][PASSED] - setValueToCellByAddress(sheet01, "E" + mycount, variable): null

2020-02-07 15:05:55 - [TEST_STEP][PASSED] - saveWorkbook(excelFile01, workbook01): null]]></system-out>
         <system-err><![CDATA[]]></system-err>
      </testcase>
      <testcase name="Test Cases/Test_Beams_by_Zip_to_Excel" time="1.829" classname="Test Cases/Test_Beams_by_Zip_to_Excel" status="PASSED">
         <system-out><![CDATA[2020-02-07 15:05:55 - [TEST_CASE][PASSED] - Test Cases/Test_Beams_by_Zip_to_Excel: Test Cases/Test_Beams_by_Zip_to_Excel

2020-02-07 15:05:55 - [TEST_STEP][PASSED] - excelFile01 = "beams-test-results.xlsx": null

2020-02-07 15:05:55 - [TEST_STEP][PASSED] - ExpectedListSheetFile1 = ["Sheet1"]: null

2020-02-07 15:05:55 - [TEST_STEP][PASSED] - workbookFile01 = getWorkbook(excelFile01): null

2020-02-07 15:05:55 - [TEST_STEP][PASSED] - workbook01 = getWorkbook(excelFile01): null

2020-02-07 15:05:55 - [TEST_STEP][PASSED] - sheet01 = getExcelSheet(workbook01, "Sheet1"): null

2020-02-07 15:05:55 - [TEST_STEP][PASSED] - setValueToCellByAddress(sheet01, "A1", "TEST"): null

2020-02-07 15:05:55 - [TEST_STEP][PASSED] - setValueToCellByAddress(sheet01, "B1", "BEAM"): null

2020-02-07 15:05:55 - [TEST_STEP][PASSED] - setValueToCellByAddress(sheet01, "C1", "UFF"): null

2020-02-07 15:05:55 - [TEST_STEP][PASSED] - setValueToCellByAddress(sheet01, "D1", "PLAN"): null

2020-02-07 15:05:55 - [TEST_STEP][PASSED] - setValueToCellByAddress(sheet01, "E1", "API PLAN"): null

2020-02-07 15:05:55 - [TEST_STEP][PASSED] - mybeam = mybeam: null

2020-02-07 15:05:55 - [TEST_STEP][PASSED] - myuff = myuff: null

2020-02-07 15:05:55 - [TEST_STEP][PASSED] - myplan = myplan: null

2020-02-07 15:05:55 - [TEST_STEP][PASSED] - log = new com.kms.katalon.core.logging.KeywordLogger(): null

2020-02-07 15:05:55 - [TEST_STEP][PASSED] - log.logWarning("beam " + mybeam + " zip " + myzip + " upfront fees " + myuff + " plan " + myplan): beam 349 zip 39507 upfront fees 0 plan VS2 Standard Offer

2020-02-07 15:05:55 - [MESSAGE][WARNING] - beam 349 zip 39507 upfront fees 0 plan VS2 Standard Offer

2020-02-07 15:05:55 - [TEST_STEP][PASSED] - setValueToCellByAddress(sheet01, "B" + mycount, beamFail): null

2020-02-07 15:05:55 - [TEST_STEP][PASSED] - setValueToCellByAddress(sheet01, "C" + mycount, uffFail): null

2020-02-07 15:05:55 - [TEST_STEP][PASSED] - mycount = mycount + 1: null

2020-02-07 15:05:55 - [TEST_STEP][PASSED] - setValueToCellByAddress(sheet01, "A" + mycount, "beam " + mybeam + " zip " + myzip + " upfront fees " + myuff + " plan " + myplan): null

2020-02-07 15:05:55 - [TEST_STEP][PASSED] - setValueToCellByAddress(sheet01, "D" + mycount, myplan): null

2020-02-07 15:05:55 - [TEST_STEP][PASSED] - sendRequestAndVerify(findTestObject("Exede_Zip", ["myzip":myzip])): Send request and verify the response successfully

2020-02-07 15:05:57 - [MESSAGE][INFO] - HAR: /Users/jhampleman/Katalon Studio/Exede_Beam_Tests_v2.1 copy/Reports/20200207_150435/RUN_Exede_Zip_Test/20200207_150435/requests/main/36.har

2020-02-07 15:05:57 - [TEST_CASE][PASSED] - Start Test Case : Verification: Verification accomplished successfully

2020-02-07 15:05:57 - [TEST_STEP][PASSED] - request = getInstance().getCurrentRequest(): null

2020-02-07 15:05:57 - [TEST_STEP][PASSED] - response = getInstance().getCurrentResponse(): null

2020-02-07 15:05:57 - [TEST_STEP][PASSED] - if (!(verifyElementPropertyValue(response, "data.beam", mybeam))): Verify element property value successfully

2020-02-07 15:05:57 - [MESSAGE][PASSED] - Verify element property value successfully

2020-02-07 15:05:57 - [TEST_STEP][PASSED] - else: null

2020-02-07 15:05:57 - [TEST_STEP][PASSED] - beamFail = "P": null

2020-02-07 15:05:57 - [TEST_STEP][PASSED] - if (!(verifyElementPropertyValue(response, "data.product.down", myuff))): Verify element property value successfully

2020-02-07 15:05:57 - [MESSAGE][PASSED] - Verify element property value successfully

2020-02-07 15:05:57 - [TEST_STEP][PASSED] - else: null

2020-02-07 15:05:57 - [TEST_STEP][PASSED] - uffFail = "P": null

2020-02-07 15:05:57 - [TEST_STEP][PASSED] - jsonSlurper = new groovy.json.JsonSlurper(): null

2020-02-07 15:05:57 - [TEST_STEP][PASSED] - object = jsonSlurper.parseText(response.getResponseText()): null

2020-02-07 15:05:57 - [TEST_STEP][PASSED] - println(object): null

2020-02-07 15:05:57 - [TEST_STEP][PASSED] - mytest = plans: null

2020-02-07 15:05:57 - [TEST_STEP][PASSED] - variable = mytest: null

2020-02-07 15:05:57 - [MESSAGE][PASSED] - Verify response successfully

2020-02-07 15:05:57 - [MESSAGE][PASSED] - Send request and verify the response successfully

2020-02-07 15:05:57 - [TEST_STEP][PASSED] - setValueToCellByAddress(sheet01, "E" + mycount, variable): null

2020-02-07 15:05:57 - [TEST_STEP][PASSED] - saveWorkbook(excelFile01, workbook01): null]]></system-out>
         <system-err><![CDATA[]]></system-err>
      </testcase>
      <testcase name="Test Cases/Test_Beams_by_Zip_to_Excel" time="1.854" classname="Test Cases/Test_Beams_by_Zip_to_Excel" status="PASSED">
         <system-out><![CDATA[2020-02-07 15:05:57 - [TEST_CASE][PASSED] - Test Cases/Test_Beams_by_Zip_to_Excel: Test Cases/Test_Beams_by_Zip_to_Excel

2020-02-07 15:05:57 - [TEST_STEP][PASSED] - excelFile01 = "beams-test-results.xlsx": null

2020-02-07 15:05:57 - [TEST_STEP][PASSED] - ExpectedListSheetFile1 = ["Sheet1"]: null

2020-02-07 15:05:57 - [TEST_STEP][PASSED] - workbookFile01 = getWorkbook(excelFile01): null

2020-02-07 15:05:57 - [TEST_STEP][PASSED] - workbook01 = getWorkbook(excelFile01): null

2020-02-07 15:05:57 - [TEST_STEP][PASSED] - sheet01 = getExcelSheet(workbook01, "Sheet1"): null

2020-02-07 15:05:57 - [TEST_STEP][PASSED] - setValueToCellByAddress(sheet01, "A1", "TEST"): null

2020-02-07 15:05:57 - [TEST_STEP][PASSED] - setValueToCellByAddress(sheet01, "B1", "BEAM"): null

2020-02-07 15:05:57 - [TEST_STEP][PASSED] - setValueToCellByAddress(sheet01, "C1", "UFF"): null

2020-02-07 15:05:57 - [TEST_STEP][PASSED] - setValueToCellByAddress(sheet01, "D1", "PLAN"): null

2020-02-07 15:05:57 - [TEST_STEP][PASSED] - setValueToCellByAddress(sheet01, "E1", "API PLAN"): null

2020-02-07 15:05:57 - [TEST_STEP][PASSED] - mybeam = mybeam: null

2020-02-07 15:05:57 - [TEST_STEP][PASSED] - myuff = myuff: null

2020-02-07 15:05:57 - [TEST_STEP][PASSED] - myplan = myplan: null

2020-02-07 15:05:57 - [TEST_STEP][PASSED] - log = new com.kms.katalon.core.logging.KeywordLogger(): null

2020-02-07 15:05:57 - [TEST_STEP][PASSED] - log.logWarning("beam " + mybeam + " zip " + myzip + " upfront fees " + myuff + " plan " + myplan): beam 350 zip 32428 upfront fees 150 plan Liberty 12/25/50/Unlimited

2020-02-07 15:05:57 - [MESSAGE][WARNING] - beam 350 zip 32428 upfront fees 150 plan Liberty 12/25/50/Unlimited

2020-02-07 15:05:57 - [TEST_STEP][PASSED] - setValueToCellByAddress(sheet01, "B" + mycount, beamFail): null

2020-02-07 15:05:57 - [TEST_STEP][PASSED] - setValueToCellByAddress(sheet01, "C" + mycount, uffFail): null

2020-02-07 15:05:57 - [TEST_STEP][PASSED] - mycount = mycount + 1: null

2020-02-07 15:05:57 - [TEST_STEP][PASSED] - setValueToCellByAddress(sheet01, "A" + mycount, "beam " + mybeam + " zip " + myzip + " upfront fees " + myuff + " plan " + myplan): null

2020-02-07 15:05:57 - [TEST_STEP][PASSED] - setValueToCellByAddress(sheet01, "D" + mycount, myplan): null

2020-02-07 15:05:57 - [TEST_STEP][PASSED] - sendRequestAndVerify(findTestObject("Exede_Zip", ["myzip":myzip])): Send request and verify the response successfully

2020-02-07 15:05:59 - [MESSAGE][INFO] - HAR: /Users/jhampleman/Katalon Studio/Exede_Beam_Tests_v2.1 copy/Reports/20200207_150435/RUN_Exede_Zip_Test/20200207_150435/requests/main/37.har

2020-02-07 15:05:59 - [TEST_CASE][PASSED] - Start Test Case : Verification: Verification accomplished successfully

2020-02-07 15:05:59 - [TEST_STEP][PASSED] - request = getInstance().getCurrentRequest(): null

2020-02-07 15:05:59 - [TEST_STEP][PASSED] - response = getInstance().getCurrentResponse(): null

2020-02-07 15:05:59 - [TEST_STEP][PASSED] - if (!(verifyElementPropertyValue(response, "data.beam", mybeam))): Verify element property value successfully

2020-02-07 15:05:59 - [MESSAGE][PASSED] - Verify element property value successfully

2020-02-07 15:05:59 - [TEST_STEP][PASSED] - else: null

2020-02-07 15:05:59 - [TEST_STEP][PASSED] - beamFail = "P": null

2020-02-07 15:05:59 - [TEST_STEP][PASSED] - if (!(verifyElementPropertyValue(response, "data.product.down", myuff))): Verify element property value successfully

2020-02-07 15:05:59 - [MESSAGE][PASSED] - Verify element property value successfully

2020-02-07 15:05:59 - [TEST_STEP][PASSED] - else: null

2020-02-07 15:05:59 - [TEST_STEP][PASSED] - uffFail = "P": null

2020-02-07 15:05:59 - [TEST_STEP][PASSED] - jsonSlurper = new groovy.json.JsonSlurper(): null

2020-02-07 15:05:59 - [TEST_STEP][PASSED] - object = jsonSlurper.parseText(response.getResponseText()): null

2020-02-07 15:05:59 - [TEST_STEP][PASSED] - println(object): null

2020-02-07 15:05:59 - [TEST_STEP][PASSED] - mytest = plans: null

2020-02-07 15:05:59 - [TEST_STEP][PASSED] - variable = mytest: null

2020-02-07 15:05:59 - [MESSAGE][PASSED] - Verify response successfully

2020-02-07 15:05:59 - [MESSAGE][PASSED] - Send request and verify the response successfully

2020-02-07 15:05:59 - [TEST_STEP][PASSED] - setValueToCellByAddress(sheet01, "E" + mycount, variable): null

2020-02-07 15:05:59 - [TEST_STEP][PASSED] - saveWorkbook(excelFile01, workbook01): null]]></system-out>
         <system-err><![CDATA[]]></system-err>
      </testcase>
      <testcase name="Test Cases/Test_Beams_by_Zip_to_Excel" time="2.098" classname="Test Cases/Test_Beams_by_Zip_to_Excel" status="PASSED">
         <system-out><![CDATA[2020-02-07 15:05:59 - [TEST_CASE][PASSED] - Test Cases/Test_Beams_by_Zip_to_Excel: Test Cases/Test_Beams_by_Zip_to_Excel

2020-02-07 15:05:59 - [TEST_STEP][PASSED] - excelFile01 = "beams-test-results.xlsx": null

2020-02-07 15:05:59 - [TEST_STEP][PASSED] - ExpectedListSheetFile1 = ["Sheet1"]: null

2020-02-07 15:05:59 - [TEST_STEP][PASSED] - workbookFile01 = getWorkbook(excelFile01): null

2020-02-07 15:05:59 - [TEST_STEP][PASSED] - workbook01 = getWorkbook(excelFile01): null

2020-02-07 15:05:59 - [TEST_STEP][PASSED] - sheet01 = getExcelSheet(workbook01, "Sheet1"): null

2020-02-07 15:05:59 - [TEST_STEP][PASSED] - setValueToCellByAddress(sheet01, "A1", "TEST"): null

2020-02-07 15:05:59 - [TEST_STEP][PASSED] - setValueToCellByAddress(sheet01, "B1", "BEAM"): null

2020-02-07 15:05:59 - [TEST_STEP][PASSED] - setValueToCellByAddress(sheet01, "C1", "UFF"): null

2020-02-07 15:05:59 - [TEST_STEP][PASSED] - setValueToCellByAddress(sheet01, "D1", "PLAN"): null

2020-02-07 15:05:59 - [TEST_STEP][PASSED] - setValueToCellByAddress(sheet01, "E1", "API PLAN"): null

2020-02-07 15:05:59 - [TEST_STEP][PASSED] - mybeam = mybeam: null

2020-02-07 15:05:59 - [TEST_STEP][PASSED] - myuff = myuff: null

2020-02-07 15:05:59 - [TEST_STEP][PASSED] - myplan = myplan: null

2020-02-07 15:05:59 - [TEST_STEP][PASSED] - log = new com.kms.katalon.core.logging.KeywordLogger(): null

2020-02-07 15:05:59 - [TEST_STEP][PASSED] - log.logWarning("beam " + mybeam + " zip " + myzip + " upfront fees " + myuff + " plan " + myplan): beam 351 zip 32207 upfront fees 0 plan VS2 Standard Offer

2020-02-07 15:05:59 - [MESSAGE][WARNING] - beam 351 zip 32207 upfront fees 0 plan VS2 Standard Offer

2020-02-07 15:05:59 - [TEST_STEP][PASSED] - setValueToCellByAddress(sheet01, "B" + mycount, beamFail): null

2020-02-07 15:05:59 - [TEST_STEP][PASSED] - setValueToCellByAddress(sheet01, "C" + mycount, uffFail): null

2020-02-07 15:05:59 - [TEST_STEP][PASSED] - mycount = mycount + 1: null

2020-02-07 15:05:59 - [TEST_STEP][PASSED] - setValueToCellByAddress(sheet01, "A" + mycount, "beam " + mybeam + " zip " + myzip + " upfront fees " + myuff + " plan " + myplan): null

2020-02-07 15:05:59 - [TEST_STEP][PASSED] - setValueToCellByAddress(sheet01, "D" + mycount, myplan): null

2020-02-07 15:05:59 - [TEST_STEP][PASSED] - sendRequestAndVerify(findTestObject("Exede_Zip", ["myzip":myzip])): Send request and verify the response successfully

2020-02-07 15:06:01 - [MESSAGE][INFO] - HAR: /Users/jhampleman/Katalon Studio/Exede_Beam_Tests_v2.1 copy/Reports/20200207_150435/RUN_Exede_Zip_Test/20200207_150435/requests/main/38.har

2020-02-07 15:06:01 - [TEST_CASE][PASSED] - Start Test Case : Verification: Verification accomplished successfully

2020-02-07 15:06:01 - [TEST_STEP][PASSED] - request = getInstance().getCurrentRequest(): null

2020-02-07 15:06:01 - [TEST_STEP][PASSED] - response = getInstance().getCurrentResponse(): null

2020-02-07 15:06:01 - [TEST_STEP][PASSED] - if (!(verifyElementPropertyValue(response, "data.beam", mybeam))): Verify element property value successfully

2020-02-07 15:06:01 - [MESSAGE][PASSED] - Verify element property value successfully

2020-02-07 15:06:01 - [TEST_STEP][PASSED] - else: null

2020-02-07 15:06:01 - [TEST_STEP][PASSED] - beamFail = "P": null

2020-02-07 15:06:01 - [TEST_STEP][PASSED] - if (!(verifyElementPropertyValue(response, "data.product.down", myuff))): Verify element property value successfully

2020-02-07 15:06:01 - [MESSAGE][PASSED] - Verify element property value successfully

2020-02-07 15:06:01 - [TEST_STEP][PASSED] - else: null

2020-02-07 15:06:01 - [TEST_STEP][PASSED] - uffFail = "P": null

2020-02-07 15:06:01 - [TEST_STEP][PASSED] - jsonSlurper = new groovy.json.JsonSlurper(): null

2020-02-07 15:06:01 - [TEST_STEP][PASSED] - object = jsonSlurper.parseText(response.getResponseText()): null

2020-02-07 15:06:01 - [TEST_STEP][PASSED] - println(object): null

2020-02-07 15:06:01 - [TEST_STEP][PASSED] - mytest = plans: null

2020-02-07 15:06:01 - [TEST_STEP][PASSED] - variable = mytest: null

2020-02-07 15:06:01 - [MESSAGE][PASSED] - Verify response successfully

2020-02-07 15:06:01 - [MESSAGE][PASSED] - Send request and verify the response successfully

2020-02-07 15:06:01 - [TEST_STEP][PASSED] - setValueToCellByAddress(sheet01, "E" + mycount, variable): null

2020-02-07 15:06:01 - [TEST_STEP][PASSED] - saveWorkbook(excelFile01, workbook01): null]]></system-out>
         <system-err><![CDATA[]]></system-err>
      </testcase>
      <testcase name="Test Cases/Test_Beams_by_Zip_to_Excel" time="2.854" classname="Test Cases/Test_Beams_by_Zip_to_Excel" status="PASSED">
         <system-out><![CDATA[2020-02-07 15:06:01 - [TEST_CASE][PASSED] - Test Cases/Test_Beams_by_Zip_to_Excel: Test Cases/Test_Beams_by_Zip_to_Excel

2020-02-07 15:06:01 - [TEST_STEP][PASSED] - excelFile01 = "beams-test-results.xlsx": null

2020-02-07 15:06:01 - [TEST_STEP][PASSED] - ExpectedListSheetFile1 = ["Sheet1"]: null

2020-02-07 15:06:01 - [TEST_STEP][PASSED] - workbookFile01 = getWorkbook(excelFile01): null

2020-02-07 15:06:01 - [TEST_STEP][PASSED] - workbook01 = getWorkbook(excelFile01): null

2020-02-07 15:06:01 - [TEST_STEP][PASSED] - sheet01 = getExcelSheet(workbook01, "Sheet1"): null

2020-02-07 15:06:01 - [TEST_STEP][PASSED] - setValueToCellByAddress(sheet01, "A1", "TEST"): null

2020-02-07 15:06:01 - [TEST_STEP][PASSED] - setValueToCellByAddress(sheet01, "B1", "BEAM"): null

2020-02-07 15:06:01 - [TEST_STEP][PASSED] - setValueToCellByAddress(sheet01, "C1", "UFF"): null

2020-02-07 15:06:01 - [TEST_STEP][PASSED] - setValueToCellByAddress(sheet01, "D1", "PLAN"): null

2020-02-07 15:06:01 - [TEST_STEP][PASSED] - setValueToCellByAddress(sheet01, "E1", "API PLAN"): null

2020-02-07 15:06:01 - [TEST_STEP][PASSED] - mybeam = mybeam: null

2020-02-07 15:06:01 - [TEST_STEP][PASSED] - myuff = myuff: null

2020-02-07 15:06:01 - [TEST_STEP][PASSED] - myplan = myplan: null

2020-02-07 15:06:01 - [TEST_STEP][PASSED] - log = new com.kms.katalon.core.logging.KeywordLogger(): null

2020-02-07 15:06:01 - [TEST_STEP][PASSED] - log.logWarning("beam " + mybeam + " zip " + myzip + " upfront fees " + myuff + " plan " + myplan): beam 357 zip 99501 upfront fees 150 plan VS2 Standard Offer

2020-02-07 15:06:01 - [MESSAGE][WARNING] - beam 357 zip 99501 upfront fees 150 plan VS2 Standard Offer

2020-02-07 15:06:01 - [TEST_STEP][PASSED] - setValueToCellByAddress(sheet01, "B" + mycount, beamFail): null

2020-02-07 15:06:01 - [TEST_STEP][PASSED] - setValueToCellByAddress(sheet01, "C" + mycount, uffFail): null

2020-02-07 15:06:01 - [TEST_STEP][PASSED] - mycount = mycount + 1: null

2020-02-07 15:06:01 - [TEST_STEP][PASSED] - setValueToCellByAddress(sheet01, "A" + mycount, "beam " + mybeam + " zip " + myzip + " upfront fees " + myuff + " plan " + myplan): null

2020-02-07 15:06:01 - [TEST_STEP][PASSED] - setValueToCellByAddress(sheet01, "D" + mycount, myplan): null

2020-02-07 15:06:01 - [TEST_STEP][PASSED] - sendRequestAndVerify(findTestObject("Exede_Zip", ["myzip":myzip])): Send request and verify the response successfully

2020-02-07 15:06:04 - [MESSAGE][INFO] - HAR: /Users/jhampleman/Katalon Studio/Exede_Beam_Tests_v2.1 copy/Reports/20200207_150435/RUN_Exede_Zip_Test/20200207_150435/requests/main/39.har

2020-02-07 15:06:04 - [TEST_CASE][PASSED] - Start Test Case : Verification: Verification accomplished successfully

2020-02-07 15:06:04 - [TEST_STEP][PASSED] - request = getInstance().getCurrentRequest(): null

2020-02-07 15:06:04 - [TEST_STEP][PASSED] - response = getInstance().getCurrentResponse(): null

2020-02-07 15:06:04 - [TEST_STEP][PASSED] - if (!(verifyElementPropertyValue(response, "data.beam", mybeam))): Verify element property value successfully

2020-02-07 15:06:04 - [MESSAGE][PASSED] - Verify element property value successfully

2020-02-07 15:06:04 - [TEST_STEP][PASSED] - else: null

2020-02-07 15:06:04 - [TEST_STEP][PASSED] - beamFail = "P": null

2020-02-07 15:06:04 - [TEST_STEP][PASSED] - if (!(verifyElementPropertyValue(response, "data.product.down", myuff))): Verify element property value successfully

2020-02-07 15:06:04 - [MESSAGE][PASSED] - Verify element property value successfully

2020-02-07 15:06:04 - [TEST_STEP][PASSED] - else: null

2020-02-07 15:06:04 - [TEST_STEP][PASSED] - uffFail = "P": null

2020-02-07 15:06:04 - [TEST_STEP][PASSED] - jsonSlurper = new groovy.json.JsonSlurper(): null

2020-02-07 15:06:04 - [TEST_STEP][PASSED] - object = jsonSlurper.parseText(response.getResponseText()): null

2020-02-07 15:06:04 - [TEST_STEP][PASSED] - println(object): null

2020-02-07 15:06:04 - [TEST_STEP][PASSED] - mytest = plans: null

2020-02-07 15:06:04 - [TEST_STEP][PASSED] - variable = mytest: null

2020-02-07 15:06:04 - [MESSAGE][PASSED] - Verify response successfully

2020-02-07 15:06:04 - [MESSAGE][PASSED] - Send request and verify the response successfully

2020-02-07 15:06:04 - [TEST_STEP][PASSED] - setValueToCellByAddress(sheet01, "E" + mycount, variable): null

2020-02-07 15:06:04 - [TEST_STEP][PASSED] - saveWorkbook(excelFile01, workbook01): null]]></system-out>
         <system-err><![CDATA[]]></system-err>
      </testcase>
      <testcase name="Test Cases/Test_Beams_by_Zip_to_Excel" time="1.875" classname="Test Cases/Test_Beams_by_Zip_to_Excel" status="PASSED">
         <system-out><![CDATA[2020-02-07 15:06:04 - [TEST_CASE][PASSED] - Test Cases/Test_Beams_by_Zip_to_Excel: Test Cases/Test_Beams_by_Zip_to_Excel

2020-02-07 15:06:04 - [TEST_STEP][PASSED] - excelFile01 = "beams-test-results.xlsx": null

2020-02-07 15:06:04 - [TEST_STEP][PASSED] - ExpectedListSheetFile1 = ["Sheet1"]: null

2020-02-07 15:06:04 - [TEST_STEP][PASSED] - workbookFile01 = getWorkbook(excelFile01): null

2020-02-07 15:06:04 - [TEST_STEP][PASSED] - workbook01 = getWorkbook(excelFile01): null

2020-02-07 15:06:04 - [TEST_STEP][PASSED] - sheet01 = getExcelSheet(workbook01, "Sheet1"): null

2020-02-07 15:06:04 - [TEST_STEP][PASSED] - setValueToCellByAddress(sheet01, "A1", "TEST"): null

2020-02-07 15:06:04 - [TEST_STEP][PASSED] - setValueToCellByAddress(sheet01, "B1", "BEAM"): null

2020-02-07 15:06:04 - [TEST_STEP][PASSED] - setValueToCellByAddress(sheet01, "C1", "UFF"): null

2020-02-07 15:06:04 - [TEST_STEP][PASSED] - setValueToCellByAddress(sheet01, "D1", "PLAN"): null

2020-02-07 15:06:04 - [TEST_STEP][PASSED] - setValueToCellByAddress(sheet01, "E1", "API PLAN"): null

2020-02-07 15:06:04 - [TEST_STEP][PASSED] - mybeam = mybeam: null

2020-02-07 15:06:04 - [TEST_STEP][PASSED] - myuff = myuff: null

2020-02-07 15:06:04 - [TEST_STEP][PASSED] - myplan = myplan: null

2020-02-07 15:06:04 - [TEST_STEP][PASSED] - log = new com.kms.katalon.core.logging.KeywordLogger(): null

2020-02-07 15:06:04 - [TEST_STEP][PASSED] - log.logWarning("beam " + mybeam + " zip " + myzip + " upfront fees " + myuff + " plan " + myplan): beam 359 zip 32940 upfront fees 0 plan VS2 Standard Offer

2020-02-07 15:06:04 - [MESSAGE][WARNING] - beam 359 zip 32940 upfront fees 0 plan VS2 Standard Offer

2020-02-07 15:06:04 - [TEST_STEP][PASSED] - setValueToCellByAddress(sheet01, "B" + mycount, beamFail): null

2020-02-07 15:06:04 - [TEST_STEP][PASSED] - setValueToCellByAddress(sheet01, "C" + mycount, uffFail): null

2020-02-07 15:06:04 - [TEST_STEP][PASSED] - mycount = mycount + 1: null

2020-02-07 15:06:04 - [TEST_STEP][PASSED] - setValueToCellByAddress(sheet01, "A" + mycount, "beam " + mybeam + " zip " + myzip + " upfront fees " + myuff + " plan " + myplan): null

2020-02-07 15:06:04 - [TEST_STEP][PASSED] - setValueToCellByAddress(sheet01, "D" + mycount, myplan): null

2020-02-07 15:06:04 - [TEST_STEP][PASSED] - sendRequestAndVerify(findTestObject("Exede_Zip", ["myzip":myzip])): Send request and verify the response successfully

2020-02-07 15:06:06 - [MESSAGE][INFO] - HAR: /Users/jhampleman/Katalon Studio/Exede_Beam_Tests_v2.1 copy/Reports/20200207_150435/RUN_Exede_Zip_Test/20200207_150435/requests/main/40.har

2020-02-07 15:06:06 - [TEST_CASE][PASSED] - Start Test Case : Verification: Verification accomplished successfully

2020-02-07 15:06:06 - [TEST_STEP][PASSED] - request = getInstance().getCurrentRequest(): null

2020-02-07 15:06:06 - [TEST_STEP][PASSED] - response = getInstance().getCurrentResponse(): null

2020-02-07 15:06:06 - [TEST_STEP][PASSED] - if (!(verifyElementPropertyValue(response, "data.beam", mybeam))): Verify element property value successfully

2020-02-07 15:06:06 - [MESSAGE][PASSED] - Verify element property value successfully

2020-02-07 15:06:06 - [TEST_STEP][PASSED] - else: null

2020-02-07 15:06:06 - [TEST_STEP][PASSED] - beamFail = "P": null

2020-02-07 15:06:06 - [TEST_STEP][PASSED] - if (!(verifyElementPropertyValue(response, "data.product.down", myuff))): Verify element property value successfully

2020-02-07 15:06:06 - [MESSAGE][PASSED] - Verify element property value successfully

2020-02-07 15:06:06 - [TEST_STEP][PASSED] - else: null

2020-02-07 15:06:06 - [TEST_STEP][PASSED] - uffFail = "P": null

2020-02-07 15:06:06 - [TEST_STEP][PASSED] - jsonSlurper = new groovy.json.JsonSlurper(): null

2020-02-07 15:06:06 - [TEST_STEP][PASSED] - object = jsonSlurper.parseText(response.getResponseText()): null

2020-02-07 15:06:06 - [TEST_STEP][PASSED] - println(object): null

2020-02-07 15:06:06 - [TEST_STEP][PASSED] - mytest = plans: null

2020-02-07 15:06:06 - [TEST_STEP][PASSED] - variable = mytest: null

2020-02-07 15:06:06 - [MESSAGE][PASSED] - Verify response successfully

2020-02-07 15:06:06 - [MESSAGE][PASSED] - Send request and verify the response successfully

2020-02-07 15:06:06 - [TEST_STEP][PASSED] - setValueToCellByAddress(sheet01, "E" + mycount, variable): null

2020-02-07 15:06:06 - [TEST_STEP][PASSED] - saveWorkbook(excelFile01, workbook01): null]]></system-out>
         <system-err><![CDATA[]]></system-err>
      </testcase>
      <testcase name="Test Cases/Test_Beams_by_Zip_to_Excel" time="2.77" classname="Test Cases/Test_Beams_by_Zip_to_Excel" status="PASSED">
         <system-out><![CDATA[2020-02-07 15:06:06 - [TEST_CASE][PASSED] - Test Cases/Test_Beams_by_Zip_to_Excel: Test Cases/Test_Beams_by_Zip_to_Excel

2020-02-07 15:06:06 - [TEST_STEP][PASSED] - excelFile01 = "beams-test-results.xlsx": null

2020-02-07 15:06:06 - [TEST_STEP][PASSED] - ExpectedListSheetFile1 = ["Sheet1"]: null

2020-02-07 15:06:06 - [TEST_STEP][PASSED] - workbookFile01 = getWorkbook(excelFile01): null

2020-02-07 15:06:06 - [TEST_STEP][PASSED] - workbook01 = getWorkbook(excelFile01): null

2020-02-07 15:06:06 - [TEST_STEP][PASSED] - sheet01 = getExcelSheet(workbook01, "Sheet1"): null

2020-02-07 15:06:06 - [TEST_STEP][PASSED] - setValueToCellByAddress(sheet01, "A1", "TEST"): null

2020-02-07 15:06:06 - [TEST_STEP][PASSED] - setValueToCellByAddress(sheet01, "B1", "BEAM"): null

2020-02-07 15:06:06 - [TEST_STEP][PASSED] - setValueToCellByAddress(sheet01, "C1", "UFF"): null

2020-02-07 15:06:06 - [TEST_STEP][PASSED] - setValueToCellByAddress(sheet01, "D1", "PLAN"): null

2020-02-07 15:06:06 - [TEST_STEP][PASSED] - setValueToCellByAddress(sheet01, "E1", "API PLAN"): null

2020-02-07 15:06:06 - [TEST_STEP][PASSED] - mybeam = mybeam: null

2020-02-07 15:06:06 - [TEST_STEP][PASSED] - myuff = myuff: null

2020-02-07 15:06:06 - [TEST_STEP][PASSED] - myplan = myplan: null

2020-02-07 15:06:06 - [TEST_STEP][PASSED] - log = new com.kms.katalon.core.logging.KeywordLogger(): null

2020-02-07 15:06:06 - [TEST_STEP][PASSED] - log.logWarning("beam " + mybeam + " zip " + myzip + " upfront fees " + myuff + " plan " + myplan): beam 361 zip 96720 upfront fees 0 plan VS2 Standard Offer

2020-02-07 15:06:06 - [MESSAGE][WARNING] - beam 361 zip 96720 upfront fees 0 plan VS2 Standard Offer

2020-02-07 15:06:06 - [TEST_STEP][PASSED] - setValueToCellByAddress(sheet01, "B" + mycount, beamFail): null

2020-02-07 15:06:06 - [TEST_STEP][PASSED] - setValueToCellByAddress(sheet01, "C" + mycount, uffFail): null

2020-02-07 15:06:06 - [TEST_STEP][PASSED] - mycount = mycount + 1: null

2020-02-07 15:06:06 - [TEST_STEP][PASSED] - setValueToCellByAddress(sheet01, "A" + mycount, "beam " + mybeam + " zip " + myzip + " upfront fees " + myuff + " plan " + myplan): null

2020-02-07 15:06:06 - [TEST_STEP][PASSED] - setValueToCellByAddress(sheet01, "D" + mycount, myplan): null

2020-02-07 15:06:06 - [TEST_STEP][PASSED] - sendRequestAndVerify(findTestObject("Exede_Zip", ["myzip":myzip])): Send request and verify the response successfully

2020-02-07 15:06:08 - [MESSAGE][INFO] - HAR: /Users/jhampleman/Katalon Studio/Exede_Beam_Tests_v2.1 copy/Reports/20200207_150435/RUN_Exede_Zip_Test/20200207_150435/requests/main/41.har

2020-02-07 15:06:09 - [TEST_CASE][PASSED] - Start Test Case : Verification: Verification accomplished successfully

2020-02-07 15:06:09 - [TEST_STEP][PASSED] - request = getInstance().getCurrentRequest(): null

2020-02-07 15:06:09 - [TEST_STEP][PASSED] - response = getInstance().getCurrentResponse(): null

2020-02-07 15:06:09 - [TEST_STEP][PASSED] - if (!(verifyElementPropertyValue(response, "data.beam", mybeam))): Verify element property value successfully

2020-02-07 15:06:09 - [MESSAGE][PASSED] - Verify element property value successfully

2020-02-07 15:06:09 - [TEST_STEP][PASSED] - else: null

2020-02-07 15:06:09 - [TEST_STEP][PASSED] - beamFail = "P": null

2020-02-07 15:06:09 - [TEST_STEP][PASSED] - if (!(verifyElementPropertyValue(response, "data.product.down", myuff))): Verify element property value successfully

2020-02-07 15:06:09 - [MESSAGE][PASSED] - Verify element property value successfully

2020-02-07 15:06:09 - [TEST_STEP][PASSED] - else: null

2020-02-07 15:06:09 - [TEST_STEP][PASSED] - uffFail = "P": null

2020-02-07 15:06:09 - [TEST_STEP][PASSED] - jsonSlurper = new groovy.json.JsonSlurper(): null

2020-02-07 15:06:09 - [TEST_STEP][PASSED] - object = jsonSlurper.parseText(response.getResponseText()): null

2020-02-07 15:06:09 - [TEST_STEP][PASSED] - println(object): null

2020-02-07 15:06:09 - [TEST_STEP][PASSED] - mytest = plans: null

2020-02-07 15:06:09 - [TEST_STEP][PASSED] - variable = mytest: null

2020-02-07 15:06:09 - [MESSAGE][PASSED] - Verify response successfully

2020-02-07 15:06:09 - [MESSAGE][PASSED] - Send request and verify the response successfully

2020-02-07 15:06:09 - [TEST_STEP][PASSED] - setValueToCellByAddress(sheet01, "E" + mycount, variable): null

2020-02-07 15:06:09 - [TEST_STEP][PASSED] - saveWorkbook(excelFile01, workbook01): null]]></system-out>
         <system-err><![CDATA[]]></system-err>
      </testcase>
      <testcase name="Test Cases/Test_Beams_by_Zip_to_Excel" time="1.971" classname="Test Cases/Test_Beams_by_Zip_to_Excel" status="PASSED">
         <system-out><![CDATA[2020-02-07 15:06:09 - [TEST_CASE][PASSED] - Test Cases/Test_Beams_by_Zip_to_Excel: Test Cases/Test_Beams_by_Zip_to_Excel

2020-02-07 15:06:09 - [TEST_STEP][PASSED] - excelFile01 = "beams-test-results.xlsx": null

2020-02-07 15:06:09 - [TEST_STEP][PASSED] - ExpectedListSheetFile1 = ["Sheet1"]: null

2020-02-07 15:06:09 - [TEST_STEP][PASSED] - workbookFile01 = getWorkbook(excelFile01): null

2020-02-07 15:06:09 - [TEST_STEP][PASSED] - workbook01 = getWorkbook(excelFile01): null

2020-02-07 15:06:09 - [TEST_STEP][PASSED] - sheet01 = getExcelSheet(workbook01, "Sheet1"): null

2020-02-07 15:06:09 - [TEST_STEP][PASSED] - setValueToCellByAddress(sheet01, "A1", "TEST"): null

2020-02-07 15:06:09 - [TEST_STEP][PASSED] - setValueToCellByAddress(sheet01, "B1", "BEAM"): null

2020-02-07 15:06:09 - [TEST_STEP][PASSED] - setValueToCellByAddress(sheet01, "C1", "UFF"): null

2020-02-07 15:06:09 - [TEST_STEP][PASSED] - setValueToCellByAddress(sheet01, "D1", "PLAN"): null

2020-02-07 15:06:09 - [TEST_STEP][PASSED] - setValueToCellByAddress(sheet01, "E1", "API PLAN"): null

2020-02-07 15:06:09 - [TEST_STEP][PASSED] - mybeam = mybeam: null

2020-02-07 15:06:09 - [TEST_STEP][PASSED] - myuff = myuff: null

2020-02-07 15:06:09 - [TEST_STEP][PASSED] - myplan = myplan: null

2020-02-07 15:06:09 - [TEST_STEP][PASSED] - log = new com.kms.katalon.core.logging.KeywordLogger(): null

2020-02-07 15:06:09 - [TEST_STEP][PASSED] - log.logWarning("beam " + mybeam + " zip " + myzip + " upfront fees " + myuff + " plan " + myplan): beam 362 zip 78375 upfront fees 0 plan VS2 Standard Offer

2020-02-07 15:06:09 - [MESSAGE][WARNING] - beam 362 zip 78375 upfront fees 0 plan VS2 Standard Offer

2020-02-07 15:06:09 - [TEST_STEP][PASSED] - setValueToCellByAddress(sheet01, "B" + mycount, beamFail): null

2020-02-07 15:06:09 - [TEST_STEP][PASSED] - setValueToCellByAddress(sheet01, "C" + mycount, uffFail): null

2020-02-07 15:06:09 - [TEST_STEP][PASSED] - mycount = mycount + 1: null

2020-02-07 15:06:09 - [TEST_STEP][PASSED] - setValueToCellByAddress(sheet01, "A" + mycount, "beam " + mybeam + " zip " + myzip + " upfront fees " + myuff + " plan " + myplan): null

2020-02-07 15:06:09 - [TEST_STEP][PASSED] - setValueToCellByAddress(sheet01, "D" + mycount, myplan): null

2020-02-07 15:06:09 - [TEST_STEP][PASSED] - sendRequestAndVerify(findTestObject("Exede_Zip", ["myzip":myzip])): Send request and verify the response successfully

2020-02-07 15:06:10 - [MESSAGE][INFO] - HAR: /Users/jhampleman/Katalon Studio/Exede_Beam_Tests_v2.1 copy/Reports/20200207_150435/RUN_Exede_Zip_Test/20200207_150435/requests/main/42.har

2020-02-07 15:06:11 - [TEST_CASE][PASSED] - Start Test Case : Verification: Verification accomplished successfully

2020-02-07 15:06:11 - [TEST_STEP][PASSED] - request = getInstance().getCurrentRequest(): null

2020-02-07 15:06:11 - [TEST_STEP][PASSED] - response = getInstance().getCurrentResponse(): null

2020-02-07 15:06:11 - [TEST_STEP][PASSED] - if (!(verifyElementPropertyValue(response, "data.beam", mybeam))): Verify element property value successfully

2020-02-07 15:06:11 - [MESSAGE][PASSED] - Verify element property value successfully

2020-02-07 15:06:11 - [TEST_STEP][PASSED] - else: null

2020-02-07 15:06:11 - [TEST_STEP][PASSED] - beamFail = "P": null

2020-02-07 15:06:11 - [TEST_STEP][PASSED] - if (!(verifyElementPropertyValue(response, "data.product.down", myuff))): Verify element property value successfully

2020-02-07 15:06:11 - [MESSAGE][PASSED] - Verify element property value successfully

2020-02-07 15:06:11 - [TEST_STEP][PASSED] - else: null

2020-02-07 15:06:11 - [TEST_STEP][PASSED] - uffFail = "P": null

2020-02-07 15:06:11 - [TEST_STEP][PASSED] - jsonSlurper = new groovy.json.JsonSlurper(): null

2020-02-07 15:06:11 - [TEST_STEP][PASSED] - object = jsonSlurper.parseText(response.getResponseText()): null

2020-02-07 15:06:11 - [TEST_STEP][PASSED] - println(object): null

2020-02-07 15:06:11 - [TEST_STEP][PASSED] - mytest = plans: null

2020-02-07 15:06:11 - [TEST_STEP][PASSED] - variable = mytest: null

2020-02-07 15:06:11 - [MESSAGE][PASSED] - Verify response successfully

2020-02-07 15:06:11 - [MESSAGE][PASSED] - Send request and verify the response successfully

2020-02-07 15:06:11 - [TEST_STEP][PASSED] - setValueToCellByAddress(sheet01, "E" + mycount, variable): null

2020-02-07 15:06:11 - [TEST_STEP][PASSED] - saveWorkbook(excelFile01, workbook01): null]]></system-out>
         <system-err><![CDATA[]]></system-err>
      </testcase>
      <testcase name="Test Cases/Test_Beams_by_Zip_to_Excel" time="1.914" classname="Test Cases/Test_Beams_by_Zip_to_Excel" status="PASSED">
         <system-out><![CDATA[2020-02-07 15:06:11 - [TEST_CASE][PASSED] - Test Cases/Test_Beams_by_Zip_to_Excel: Test Cases/Test_Beams_by_Zip_to_Excel

2020-02-07 15:06:11 - [TEST_STEP][PASSED] - excelFile01 = "beams-test-results.xlsx": null

2020-02-07 15:06:11 - [TEST_STEP][PASSED] - ExpectedListSheetFile1 = ["Sheet1"]: null

2020-02-07 15:06:11 - [TEST_STEP][PASSED] - workbookFile01 = getWorkbook(excelFile01): null

2020-02-07 15:06:11 - [TEST_STEP][PASSED] - workbook01 = getWorkbook(excelFile01): null

2020-02-07 15:06:11 - [TEST_STEP][PASSED] - sheet01 = getExcelSheet(workbook01, "Sheet1"): null

2020-02-07 15:06:11 - [TEST_STEP][PASSED] - setValueToCellByAddress(sheet01, "A1", "TEST"): null

2020-02-07 15:06:11 - [TEST_STEP][PASSED] - setValueToCellByAddress(sheet01, "B1", "BEAM"): null

2020-02-07 15:06:11 - [TEST_STEP][PASSED] - setValueToCellByAddress(sheet01, "C1", "UFF"): null

2020-02-07 15:06:11 - [TEST_STEP][PASSED] - setValueToCellByAddress(sheet01, "D1", "PLAN"): null

2020-02-07 15:06:11 - [TEST_STEP][PASSED] - setValueToCellByAddress(sheet01, "E1", "API PLAN"): null

2020-02-07 15:06:11 - [TEST_STEP][PASSED] - mybeam = mybeam: null

2020-02-07 15:06:11 - [TEST_STEP][PASSED] - myuff = myuff: null

2020-02-07 15:06:11 - [TEST_STEP][PASSED] - myplan = myplan: null

2020-02-07 15:06:11 - [TEST_STEP][PASSED] - log = new com.kms.katalon.core.logging.KeywordLogger(): null

2020-02-07 15:06:11 - [TEST_STEP][PASSED] - log.logWarning("beam " + mybeam + " zip " + myzip + " upfront fees " + myuff + " plan " + myplan): beam 363 zip 85041 upfront fees 0 plan VS2 Standard Offer

2020-02-07 15:06:11 - [MESSAGE][WARNING] - beam 363 zip 85041 upfront fees 0 plan VS2 Standard Offer

2020-02-07 15:06:11 - [TEST_STEP][PASSED] - setValueToCellByAddress(sheet01, "B" + mycount, beamFail): null

2020-02-07 15:06:11 - [TEST_STEP][PASSED] - setValueToCellByAddress(sheet01, "C" + mycount, uffFail): null

2020-02-07 15:06:11 - [TEST_STEP][PASSED] - mycount = mycount + 1: null

2020-02-07 15:06:11 - [TEST_STEP][PASSED] - setValueToCellByAddress(sheet01, "A" + mycount, "beam " + mybeam + " zip " + myzip + " upfront fees " + myuff + " plan " + myplan): null

2020-02-07 15:06:11 - [TEST_STEP][PASSED] - setValueToCellByAddress(sheet01, "D" + mycount, myplan): null

2020-02-07 15:06:11 - [TEST_STEP][PASSED] - sendRequestAndVerify(findTestObject("Exede_Zip", ["myzip":myzip])): Send request and verify the response successfully

2020-02-07 15:06:12 - [MESSAGE][INFO] - HAR: /Users/jhampleman/Katalon Studio/Exede_Beam_Tests_v2.1 copy/Reports/20200207_150435/RUN_Exede_Zip_Test/20200207_150435/requests/main/43.har

2020-02-07 15:06:12 - [TEST_CASE][PASSED] - Start Test Case : Verification: Verification accomplished successfully

2020-02-07 15:06:13 - [TEST_STEP][PASSED] - request = getInstance().getCurrentRequest(): null

2020-02-07 15:06:13 - [TEST_STEP][PASSED] - response = getInstance().getCurrentResponse(): null

2020-02-07 15:06:13 - [TEST_STEP][PASSED] - if (!(verifyElementPropertyValue(response, "data.beam", mybeam))): Verify element property value successfully

2020-02-07 15:06:13 - [MESSAGE][PASSED] - Verify element property value successfully

2020-02-07 15:06:13 - [TEST_STEP][PASSED] - else: null

2020-02-07 15:06:13 - [TEST_STEP][PASSED] - beamFail = "P": null

2020-02-07 15:06:13 - [TEST_STEP][PASSED] - if (!(verifyElementPropertyValue(response, "data.product.down", myuff))): Verify element property value successfully

2020-02-07 15:06:13 - [MESSAGE][PASSED] - Verify element property value successfully

2020-02-07 15:06:13 - [TEST_STEP][PASSED] - else: null

2020-02-07 15:06:13 - [TEST_STEP][PASSED] - uffFail = "P": null

2020-02-07 15:06:13 - [TEST_STEP][PASSED] - jsonSlurper = new groovy.json.JsonSlurper(): null

2020-02-07 15:06:13 - [TEST_STEP][PASSED] - object = jsonSlurper.parseText(response.getResponseText()): null

2020-02-07 15:06:13 - [TEST_STEP][PASSED] - println(object): null

2020-02-07 15:06:13 - [TEST_STEP][PASSED] - mytest = plans: null

2020-02-07 15:06:13 - [TEST_STEP][PASSED] - variable = mytest: null

2020-02-07 15:06:13 - [MESSAGE][PASSED] - Verify response successfully

2020-02-07 15:06:13 - [MESSAGE][PASSED] - Send request and verify the response successfully

2020-02-07 15:06:13 - [TEST_STEP][PASSED] - setValueToCellByAddress(sheet01, "E" + mycount, variable): null

2020-02-07 15:06:13 - [TEST_STEP][PASSED] - saveWorkbook(excelFile01, workbook01): null]]></system-out>
         <system-err><![CDATA[]]></system-err>
      </testcase>
      <testcase name="Test Cases/Test_Beams_by_Zip_to_Excel" time="1.948" classname="Test Cases/Test_Beams_by_Zip_to_Excel" status="PASSED">
         <system-out><![CDATA[2020-02-07 15:06:13 - [TEST_CASE][PASSED] - Test Cases/Test_Beams_by_Zip_to_Excel: Test Cases/Test_Beams_by_Zip_to_Excel

2020-02-07 15:06:13 - [TEST_STEP][PASSED] - excelFile01 = "beams-test-results.xlsx": null

2020-02-07 15:06:13 - [TEST_STEP][PASSED] - ExpectedListSheetFile1 = ["Sheet1"]: null

2020-02-07 15:06:13 - [TEST_STEP][PASSED] - workbookFile01 = getWorkbook(excelFile01): null

2020-02-07 15:06:13 - [TEST_STEP][PASSED] - workbook01 = getWorkbook(excelFile01): null

2020-02-07 15:06:13 - [TEST_STEP][PASSED] - sheet01 = getExcelSheet(workbook01, "Sheet1"): null

2020-02-07 15:06:13 - [TEST_STEP][PASSED] - setValueToCellByAddress(sheet01, "A1", "TEST"): null

2020-02-07 15:06:13 - [TEST_STEP][PASSED] - setValueToCellByAddress(sheet01, "B1", "BEAM"): null

2020-02-07 15:06:13 - [TEST_STEP][PASSED] - setValueToCellByAddress(sheet01, "C1", "UFF"): null

2020-02-07 15:06:13 - [TEST_STEP][PASSED] - setValueToCellByAddress(sheet01, "D1", "PLAN"): null

2020-02-07 15:06:13 - [TEST_STEP][PASSED] - setValueToCellByAddress(sheet01, "E1", "API PLAN"): null

2020-02-07 15:06:13 - [TEST_STEP][PASSED] - mybeam = mybeam: null

2020-02-07 15:06:13 - [TEST_STEP][PASSED] - myuff = myuff: null

2020-02-07 15:06:13 - [TEST_STEP][PASSED] - myplan = myplan: null

2020-02-07 15:06:13 - [TEST_STEP][PASSED] - log = new com.kms.katalon.core.logging.KeywordLogger(): null

2020-02-07 15:06:13 - [TEST_STEP][PASSED] - log.logWarning("beam " + mybeam + " zip " + myzip + " upfront fees " + myuff + " plan " + myplan): beam 364 zip 95407 upfront fees 150 plan Liberty 12/25/50/Unlimited

2020-02-07 15:06:13 - [MESSAGE][WARNING] - beam 364 zip 95407 upfront fees 150 plan Liberty 12/25/50/Unlimited

2020-02-07 15:06:13 - [TEST_STEP][PASSED] - setValueToCellByAddress(sheet01, "B" + mycount, beamFail): null

2020-02-07 15:06:13 - [TEST_STEP][PASSED] - setValueToCellByAddress(sheet01, "C" + mycount, uffFail): null

2020-02-07 15:06:13 - [TEST_STEP][PASSED] - mycount = mycount + 1: null

2020-02-07 15:06:13 - [TEST_STEP][PASSED] - setValueToCellByAddress(sheet01, "A" + mycount, "beam " + mybeam + " zip " + myzip + " upfront fees " + myuff + " plan " + myplan): null

2020-02-07 15:06:13 - [TEST_STEP][PASSED] - setValueToCellByAddress(sheet01, "D" + mycount, myplan): null

2020-02-07 15:06:13 - [TEST_STEP][PASSED] - sendRequestAndVerify(findTestObject("Exede_Zip", ["myzip":myzip])): Send request and verify the response successfully

2020-02-07 15:06:14 - [MESSAGE][INFO] - HAR: /Users/jhampleman/Katalon Studio/Exede_Beam_Tests_v2.1 copy/Reports/20200207_150435/RUN_Exede_Zip_Test/20200207_150435/requests/main/44.har

2020-02-07 15:06:14 - [TEST_CASE][PASSED] - Start Test Case : Verification: Verification accomplished successfully

2020-02-07 15:06:14 - [TEST_STEP][PASSED] - request = getInstance().getCurrentRequest(): null

2020-02-07 15:06:14 - [TEST_STEP][PASSED] - response = getInstance().getCurrentResponse(): null

2020-02-07 15:06:14 - [TEST_STEP][PASSED] - if (!(verifyElementPropertyValue(response, "data.beam", mybeam))): Verify element property value successfully

2020-02-07 15:06:14 - [MESSAGE][PASSED] - Verify element property value successfully

2020-02-07 15:06:14 - [TEST_STEP][PASSED] - else: null

2020-02-07 15:06:14 - [TEST_STEP][PASSED] - beamFail = "P": null

2020-02-07 15:06:14 - [TEST_STEP][PASSED] - if (!(verifyElementPropertyValue(response, "data.product.down", myuff))): Verify element property value successfully

2020-02-07 15:06:14 - [MESSAGE][PASSED] - Verify element property value successfully

2020-02-07 15:06:14 - [TEST_STEP][PASSED] - else: null

2020-02-07 15:06:14 - [TEST_STEP][PASSED] - uffFail = "P": null

2020-02-07 15:06:14 - [TEST_STEP][PASSED] - jsonSlurper = new groovy.json.JsonSlurper(): null

2020-02-07 15:06:14 - [TEST_STEP][PASSED] - object = jsonSlurper.parseText(response.getResponseText()): null

2020-02-07 15:06:14 - [TEST_STEP][PASSED] - println(object): null

2020-02-07 15:06:14 - [TEST_STEP][PASSED] - mytest = plans: null

2020-02-07 15:06:14 - [TEST_STEP][PASSED] - variable = mytest: null

2020-02-07 15:06:14 - [MESSAGE][PASSED] - Verify response successfully

2020-02-07 15:06:14 - [MESSAGE][PASSED] - Send request and verify the response successfully

2020-02-07 15:06:14 - [TEST_STEP][PASSED] - setValueToCellByAddress(sheet01, "E" + mycount, variable): null

2020-02-07 15:06:14 - [TEST_STEP][PASSED] - saveWorkbook(excelFile01, workbook01): null]]></system-out>
         <system-err><![CDATA[]]></system-err>
      </testcase>
      <testcase name="Test Cases/Test_Beams_by_Zip_to_Excel" time="2.048" classname="Test Cases/Test_Beams_by_Zip_to_Excel" status="PASSED">
         <system-out><![CDATA[2020-02-07 15:06:15 - [TEST_CASE][PASSED] - Test Cases/Test_Beams_by_Zip_to_Excel: Test Cases/Test_Beams_by_Zip_to_Excel

2020-02-07 15:06:15 - [TEST_STEP][PASSED] - excelFile01 = "beams-test-results.xlsx": null

2020-02-07 15:06:15 - [TEST_STEP][PASSED] - ExpectedListSheetFile1 = ["Sheet1"]: null

2020-02-07 15:06:15 - [TEST_STEP][PASSED] - workbookFile01 = getWorkbook(excelFile01): null

2020-02-07 15:06:15 - [TEST_STEP][PASSED] - workbook01 = getWorkbook(excelFile01): null

2020-02-07 15:06:15 - [TEST_STEP][PASSED] - sheet01 = getExcelSheet(workbook01, "Sheet1"): null

2020-02-07 15:06:15 - [TEST_STEP][PASSED] - setValueToCellByAddress(sheet01, "A1", "TEST"): null

2020-02-07 15:06:15 - [TEST_STEP][PASSED] - setValueToCellByAddress(sheet01, "B1", "BEAM"): null

2020-02-07 15:06:15 - [TEST_STEP][PASSED] - setValueToCellByAddress(sheet01, "C1", "UFF"): null

2020-02-07 15:06:15 - [TEST_STEP][PASSED] - setValueToCellByAddress(sheet01, "D1", "PLAN"): null

2020-02-07 15:06:15 - [TEST_STEP][PASSED] - setValueToCellByAddress(sheet01, "E1", "API PLAN"): null

2020-02-07 15:06:15 - [TEST_STEP][PASSED] - mybeam = mybeam: null

2020-02-07 15:06:15 - [TEST_STEP][PASSED] - myuff = myuff: null

2020-02-07 15:06:15 - [TEST_STEP][PASSED] - myplan = myplan: null

2020-02-07 15:06:15 - [TEST_STEP][PASSED] - log = new com.kms.katalon.core.logging.KeywordLogger(): null

2020-02-07 15:06:15 - [TEST_STEP][PASSED] - log.logWarning("beam " + mybeam + " zip " + myzip + " upfront fees " + myuff + " plan " + myplan): beam 366 zip 98377 upfront fees 150 plan $50 OPP Liberty 12/25/50

2020-02-07 15:06:15 - [MESSAGE][WARNING] - beam 366 zip 98377 upfront fees 150 plan $50 OPP Liberty 12/25/50

2020-02-07 15:06:15 - [TEST_STEP][PASSED] - setValueToCellByAddress(sheet01, "B" + mycount, beamFail): null

2020-02-07 15:06:15 - [TEST_STEP][PASSED] - setValueToCellByAddress(sheet01, "C" + mycount, uffFail): null

2020-02-07 15:06:15 - [TEST_STEP][PASSED] - mycount = mycount + 1: null

2020-02-07 15:06:15 - [TEST_STEP][PASSED] - setValueToCellByAddress(sheet01, "A" + mycount, "beam " + mybeam + " zip " + myzip + " upfront fees " + myuff + " plan " + myplan): null

2020-02-07 15:06:15 - [TEST_STEP][PASSED] - setValueToCellByAddress(sheet01, "D" + mycount, myplan): null

2020-02-07 15:06:15 - [TEST_STEP][PASSED] - sendRequestAndVerify(findTestObject("Exede_Zip", ["myzip":myzip])): Send request and verify the response successfully

2020-02-07 15:06:16 - [MESSAGE][INFO] - HAR: /Users/jhampleman/Katalon Studio/Exede_Beam_Tests_v2.1 copy/Reports/20200207_150435/RUN_Exede_Zip_Test/20200207_150435/requests/main/45.har

2020-02-07 15:06:17 - [TEST_CASE][PASSED] - Start Test Case : Verification: Verification accomplished successfully

2020-02-07 15:06:17 - [TEST_STEP][PASSED] - request = getInstance().getCurrentRequest(): null

2020-02-07 15:06:17 - [TEST_STEP][PASSED] - response = getInstance().getCurrentResponse(): null

2020-02-07 15:06:17 - [TEST_STEP][PASSED] - if (!(verifyElementPropertyValue(response, "data.beam", mybeam))): Verify element property value successfully

2020-02-07 15:06:17 - [MESSAGE][PASSED] - Verify element property value successfully

2020-02-07 15:06:17 - [TEST_STEP][PASSED] - else: null

2020-02-07 15:06:17 - [TEST_STEP][PASSED] - beamFail = "P": null

2020-02-07 15:06:17 - [TEST_STEP][PASSED] - if (!(verifyElementPropertyValue(response, "data.product.down", myuff))): Verify element property value successfully

2020-02-07 15:06:17 - [MESSAGE][PASSED] - Verify element property value successfully

2020-02-07 15:06:17 - [TEST_STEP][PASSED] - else: null

2020-02-07 15:06:17 - [TEST_STEP][PASSED] - uffFail = "P": null

2020-02-07 15:06:17 - [TEST_STEP][PASSED] - jsonSlurper = new groovy.json.JsonSlurper(): null

2020-02-07 15:06:17 - [TEST_STEP][PASSED] - object = jsonSlurper.parseText(response.getResponseText()): null

2020-02-07 15:06:17 - [TEST_STEP][PASSED] - println(object): null

2020-02-07 15:06:17 - [TEST_STEP][PASSED] - mytest = plans: null

2020-02-07 15:06:17 - [TEST_STEP][PASSED] - variable = mytest: null

2020-02-07 15:06:17 - [MESSAGE][PASSED] - Verify response successfully

2020-02-07 15:06:17 - [MESSAGE][PASSED] - Send request and verify the response successfully

2020-02-07 15:06:17 - [TEST_STEP][PASSED] - setValueToCellByAddress(sheet01, "E" + mycount, variable): null

2020-02-07 15:06:17 - [TEST_STEP][PASSED] - saveWorkbook(excelFile01, workbook01): null]]></system-out>
         <system-err><![CDATA[]]></system-err>
      </testcase>
      <testcase name="Test Cases/Test_Beams_by_Zip_to_Excel" time="2.022" classname="Test Cases/Test_Beams_by_Zip_to_Excel" status="PASSED">
         <system-out><![CDATA[2020-02-07 15:06:17 - [TEST_CASE][PASSED] - Test Cases/Test_Beams_by_Zip_to_Excel: Test Cases/Test_Beams_by_Zip_to_Excel

2020-02-07 15:06:17 - [TEST_STEP][PASSED] - excelFile01 = "beams-test-results.xlsx": null

2020-02-07 15:06:17 - [TEST_STEP][PASSED] - ExpectedListSheetFile1 = ["Sheet1"]: null

2020-02-07 15:06:17 - [TEST_STEP][PASSED] - workbookFile01 = getWorkbook(excelFile01): null

2020-02-07 15:06:17 - [TEST_STEP][PASSED] - workbook01 = getWorkbook(excelFile01): null

2020-02-07 15:06:17 - [TEST_STEP][PASSED] - sheet01 = getExcelSheet(workbook01, "Sheet1"): null

2020-02-07 15:06:17 - [TEST_STEP][PASSED] - setValueToCellByAddress(sheet01, "A1", "TEST"): null

2020-02-07 15:06:17 - [TEST_STEP][PASSED] - setValueToCellByAddress(sheet01, "B1", "BEAM"): null

2020-02-07 15:06:17 - [TEST_STEP][PASSED] - setValueToCellByAddress(sheet01, "C1", "UFF"): null

2020-02-07 15:06:17 - [TEST_STEP][PASSED] - setValueToCellByAddress(sheet01, "D1", "PLAN"): null

2020-02-07 15:06:17 - [TEST_STEP][PASSED] - setValueToCellByAddress(sheet01, "E1", "API PLAN"): null

2020-02-07 15:06:17 - [TEST_STEP][PASSED] - mybeam = mybeam: null

2020-02-07 15:06:17 - [TEST_STEP][PASSED] - myuff = myuff: null

2020-02-07 15:06:17 - [TEST_STEP][PASSED] - myplan = myplan: null

2020-02-07 15:06:17 - [TEST_STEP][PASSED] - log = new com.kms.katalon.core.logging.KeywordLogger(): null

2020-02-07 15:06:17 - [TEST_STEP][PASSED] - log.logWarning("beam " + mybeam + " zip " + myzip + " upfront fees " + myuff + " plan " + myplan): beam 367 zip 97402 upfront fees 0 plan VS2 Standard Offer

2020-02-07 15:06:17 - [MESSAGE][WARNING] - beam 367 zip 97402 upfront fees 0 plan VS2 Standard Offer

2020-02-07 15:06:17 - [TEST_STEP][PASSED] - setValueToCellByAddress(sheet01, "B" + mycount, beamFail): null

2020-02-07 15:06:17 - [TEST_STEP][PASSED] - setValueToCellByAddress(sheet01, "C" + mycount, uffFail): null

2020-02-07 15:06:17 - [TEST_STEP][PASSED] - mycount = mycount + 1: null

2020-02-07 15:06:17 - [TEST_STEP][PASSED] - setValueToCellByAddress(sheet01, "A" + mycount, "beam " + mybeam + " zip " + myzip + " upfront fees " + myuff + " plan " + myplan): null

2020-02-07 15:06:17 - [TEST_STEP][PASSED] - setValueToCellByAddress(sheet01, "D" + mycount, myplan): null

2020-02-07 15:06:17 - [TEST_STEP][PASSED] - sendRequestAndVerify(findTestObject("Exede_Zip", ["myzip":myzip])): Send request and verify the response successfully

2020-02-07 15:06:18 - [MESSAGE][INFO] - HAR: /Users/jhampleman/Katalon Studio/Exede_Beam_Tests_v2.1 copy/Reports/20200207_150435/RUN_Exede_Zip_Test/20200207_150435/requests/main/46.har

2020-02-07 15:06:19 - [TEST_CASE][PASSED] - Start Test Case : Verification: Verification accomplished successfully

2020-02-07 15:06:19 - [TEST_STEP][PASSED] - request = getInstance().getCurrentRequest(): null

2020-02-07 15:06:19 - [TEST_STEP][PASSED] - response = getInstance().getCurrentResponse(): null

2020-02-07 15:06:19 - [TEST_STEP][PASSED] - if (!(verifyElementPropertyValue(response, "data.beam", mybeam))): Verify element property value successfully

2020-02-07 15:06:19 - [MESSAGE][PASSED] - Verify element property value successfully

2020-02-07 15:06:19 - [TEST_STEP][PASSED] - else: null

2020-02-07 15:06:19 - [TEST_STEP][PASSED] - beamFail = "P": null

2020-02-07 15:06:19 - [TEST_STEP][PASSED] - if (!(verifyElementPropertyValue(response, "data.product.down", myuff))): Verify element property value successfully

2020-02-07 15:06:19 - [MESSAGE][PASSED] - Verify element property value successfully

2020-02-07 15:06:19 - [TEST_STEP][PASSED] - else: null

2020-02-07 15:06:19 - [TEST_STEP][PASSED] - uffFail = "P": null

2020-02-07 15:06:19 - [TEST_STEP][PASSED] - jsonSlurper = new groovy.json.JsonSlurper(): null

2020-02-07 15:06:19 - [TEST_STEP][PASSED] - object = jsonSlurper.parseText(response.getResponseText()): null

2020-02-07 15:06:19 - [TEST_STEP][PASSED] - println(object): null

2020-02-07 15:06:19 - [TEST_STEP][PASSED] - mytest = plans: null

2020-02-07 15:06:19 - [TEST_STEP][PASSED] - variable = mytest: null

2020-02-07 15:06:19 - [MESSAGE][PASSED] - Verify response successfully

2020-02-07 15:06:19 - [MESSAGE][PASSED] - Send request and verify the response successfully

2020-02-07 15:06:19 - [TEST_STEP][PASSED] - setValueToCellByAddress(sheet01, "E" + mycount, variable): null

2020-02-07 15:06:19 - [TEST_STEP][PASSED] - saveWorkbook(excelFile01, workbook01): null]]></system-out>
         <system-err><![CDATA[]]></system-err>
      </testcase>
      <testcase name="Test Cases/Test_Beams_by_Zip_to_Excel" time="2.031" classname="Test Cases/Test_Beams_by_Zip_to_Excel" status="PASSED">
         <system-out><![CDATA[2020-02-07 15:06:19 - [TEST_CASE][PASSED] - Test Cases/Test_Beams_by_Zip_to_Excel: Test Cases/Test_Beams_by_Zip_to_Excel

2020-02-07 15:06:19 - [TEST_STEP][PASSED] - excelFile01 = "beams-test-results.xlsx": null

2020-02-07 15:06:19 - [TEST_STEP][PASSED] - ExpectedListSheetFile1 = ["Sheet1"]: null

2020-02-07 15:06:19 - [TEST_STEP][PASSED] - workbookFile01 = getWorkbook(excelFile01): null

2020-02-07 15:06:19 - [TEST_STEP][PASSED] - workbook01 = getWorkbook(excelFile01): null

2020-02-07 15:06:19 - [TEST_STEP][PASSED] - sheet01 = getExcelSheet(workbook01, "Sheet1"): null

2020-02-07 15:06:19 - [TEST_STEP][PASSED] - setValueToCellByAddress(sheet01, "A1", "TEST"): null

2020-02-07 15:06:19 - [TEST_STEP][PASSED] - setValueToCellByAddress(sheet01, "B1", "BEAM"): null

2020-02-07 15:06:19 - [TEST_STEP][PASSED] - setValueToCellByAddress(sheet01, "C1", "UFF"): null

2020-02-07 15:06:19 - [TEST_STEP][PASSED] - setValueToCellByAddress(sheet01, "D1", "PLAN"): null

2020-02-07 15:06:19 - [TEST_STEP][PASSED] - setValueToCellByAddress(sheet01, "E1", "API PLAN"): null

2020-02-07 15:06:19 - [TEST_STEP][PASSED] - mybeam = mybeam: null

2020-02-07 15:06:19 - [TEST_STEP][PASSED] - myuff = myuff: null

2020-02-07 15:06:19 - [TEST_STEP][PASSED] - myplan = myplan: null

2020-02-07 15:06:19 - [TEST_STEP][PASSED] - log = new com.kms.katalon.core.logging.KeywordLogger(): null

2020-02-07 15:06:19 - [TEST_STEP][PASSED] - log.logWarning("beam " + mybeam + " zip " + myzip + " upfront fees " + myuff + " plan " + myplan): beam 368 zip 95548 upfront fees 0 plan VS2 Standard Offer

2020-02-07 15:06:19 - [MESSAGE][WARNING] - beam 368 zip 95548 upfront fees 0 plan VS2 Standard Offer

2020-02-07 15:06:19 - [TEST_STEP][PASSED] - setValueToCellByAddress(sheet01, "B" + mycount, beamFail): null

2020-02-07 15:06:19 - [TEST_STEP][PASSED] - setValueToCellByAddress(sheet01, "C" + mycount, uffFail): null

2020-02-07 15:06:19 - [TEST_STEP][PASSED] - mycount = mycount + 1: null

2020-02-07 15:06:19 - [TEST_STEP][PASSED] - setValueToCellByAddress(sheet01, "A" + mycount, "beam " + mybeam + " zip " + myzip + " upfront fees " + myuff + " plan " + myplan): null

2020-02-07 15:06:19 - [TEST_STEP][PASSED] - setValueToCellByAddress(sheet01, "D" + mycount, myplan): null

2020-02-07 15:06:19 - [TEST_STEP][PASSED] - sendRequestAndVerify(findTestObject("Exede_Zip", ["myzip":myzip])): Send request and verify the response successfully

2020-02-07 15:06:21 - [MESSAGE][INFO] - HAR: /Users/jhampleman/Katalon Studio/Exede_Beam_Tests_v2.1 copy/Reports/20200207_150435/RUN_Exede_Zip_Test/20200207_150435/requests/main/47.har

2020-02-07 15:06:21 - [TEST_CASE][PASSED] - Start Test Case : Verification: Verification accomplished successfully

2020-02-07 15:06:21 - [TEST_STEP][PASSED] - request = getInstance().getCurrentRequest(): null

2020-02-07 15:06:21 - [TEST_STEP][PASSED] - response = getInstance().getCurrentResponse(): null

2020-02-07 15:06:21 - [TEST_STEP][PASSED] - if (!(verifyElementPropertyValue(response, "data.beam", mybeam))): Verify element property value successfully

2020-02-07 15:06:21 - [MESSAGE][PASSED] - Verify element property value successfully

2020-02-07 15:06:21 - [TEST_STEP][PASSED] - else: null

2020-02-07 15:06:21 - [TEST_STEP][PASSED] - beamFail = "P": null

2020-02-07 15:06:21 - [TEST_STEP][PASSED] - if (!(verifyElementPropertyValue(response, "data.product.down", myuff))): Verify element property value successfully

2020-02-07 15:06:21 - [MESSAGE][PASSED] - Verify element property value successfully

2020-02-07 15:06:21 - [TEST_STEP][PASSED] - else: null

2020-02-07 15:06:21 - [TEST_STEP][PASSED] - uffFail = "P": null

2020-02-07 15:06:21 - [TEST_STEP][PASSED] - jsonSlurper = new groovy.json.JsonSlurper(): null

2020-02-07 15:06:21 - [TEST_STEP][PASSED] - object = jsonSlurper.parseText(response.getResponseText()): null

2020-02-07 15:06:21 - [TEST_STEP][PASSED] - println(object): null

2020-02-07 15:06:21 - [TEST_STEP][PASSED] - mytest = plans: null

2020-02-07 15:06:21 - [TEST_STEP][PASSED] - variable = mytest: null

2020-02-07 15:06:21 - [MESSAGE][PASSED] - Verify response successfully

2020-02-07 15:06:21 - [MESSAGE][PASSED] - Send request and verify the response successfully

2020-02-07 15:06:21 - [TEST_STEP][PASSED] - setValueToCellByAddress(sheet01, "E" + mycount, variable): null

2020-02-07 15:06:21 - [TEST_STEP][PASSED] - saveWorkbook(excelFile01, workbook01): null]]></system-out>
         <system-err><![CDATA[]]></system-err>
      </testcase>
      <testcase name="Test Cases/Test_Beams_by_Zip_to_Excel" time="1.813" classname="Test Cases/Test_Beams_by_Zip_to_Excel" status="PASSED">
         <system-out><![CDATA[2020-02-07 15:06:21 - [TEST_CASE][PASSED] - Test Cases/Test_Beams_by_Zip_to_Excel: Test Cases/Test_Beams_by_Zip_to_Excel

2020-02-07 15:06:21 - [TEST_STEP][PASSED] - excelFile01 = "beams-test-results.xlsx": null

2020-02-07 15:06:21 - [TEST_STEP][PASSED] - ExpectedListSheetFile1 = ["Sheet1"]: null

2020-02-07 15:06:21 - [TEST_STEP][PASSED] - workbookFile01 = getWorkbook(excelFile01): null

2020-02-07 15:06:21 - [TEST_STEP][PASSED] - workbook01 = getWorkbook(excelFile01): null

2020-02-07 15:06:21 - [TEST_STEP][PASSED] - sheet01 = getExcelSheet(workbook01, "Sheet1"): null

2020-02-07 15:06:21 - [TEST_STEP][PASSED] - setValueToCellByAddress(sheet01, "A1", "TEST"): null

2020-02-07 15:06:21 - [TEST_STEP][PASSED] - setValueToCellByAddress(sheet01, "B1", "BEAM"): null

2020-02-07 15:06:21 - [TEST_STEP][PASSED] - setValueToCellByAddress(sheet01, "C1", "UFF"): null

2020-02-07 15:06:21 - [TEST_STEP][PASSED] - setValueToCellByAddress(sheet01, "D1", "PLAN"): null

2020-02-07 15:06:21 - [TEST_STEP][PASSED] - setValueToCellByAddress(sheet01, "E1", "API PLAN"): null

2020-02-07 15:06:21 - [TEST_STEP][PASSED] - mybeam = mybeam: null

2020-02-07 15:06:21 - [TEST_STEP][PASSED] - myuff = myuff: null

2020-02-07 15:06:21 - [TEST_STEP][PASSED] - myplan = myplan: null

2020-02-07 15:06:21 - [TEST_STEP][PASSED] - log = new com.kms.katalon.core.logging.KeywordLogger(): null

2020-02-07 15:06:21 - [TEST_STEP][PASSED] - log.logWarning("beam " + mybeam + " zip " + myzip + " upfront fees " + myuff + " plan " + myplan): beam 369 zip 93905 upfront fees 0 plan VS2 High Fill

2020-02-07 15:06:21 - [MESSAGE][WARNING] - beam 369 zip 93905 upfront fees 0 plan VS2 High Fill

2020-02-07 15:06:21 - [TEST_STEP][PASSED] - setValueToCellByAddress(sheet01, "B" + mycount, beamFail): null

2020-02-07 15:06:21 - [TEST_STEP][PASSED] - setValueToCellByAddress(sheet01, "C" + mycount, uffFail): null

2020-02-07 15:06:21 - [TEST_STEP][PASSED] - mycount = mycount + 1: null

2020-02-07 15:06:21 - [TEST_STEP][PASSED] - setValueToCellByAddress(sheet01, "A" + mycount, "beam " + mybeam + " zip " + myzip + " upfront fees " + myuff + " plan " + myplan): null

2020-02-07 15:06:21 - [TEST_STEP][PASSED] - setValueToCellByAddress(sheet01, "D" + mycount, myplan): null

2020-02-07 15:06:21 - [TEST_STEP][PASSED] - sendRequestAndVerify(findTestObject("Exede_Zip", ["myzip":myzip])): Send request and verify the response successfully

2020-02-07 15:06:22 - [MESSAGE][INFO] - HAR: /Users/jhampleman/Katalon Studio/Exede_Beam_Tests_v2.1 copy/Reports/20200207_150435/RUN_Exede_Zip_Test/20200207_150435/requests/main/48.har

2020-02-07 15:06:22 - [TEST_CASE][PASSED] - Start Test Case : Verification: Verification accomplished successfully

2020-02-07 15:06:22 - [TEST_STEP][PASSED] - request = getInstance().getCurrentRequest(): null

2020-02-07 15:06:22 - [TEST_STEP][PASSED] - response = getInstance().getCurrentResponse(): null

2020-02-07 15:06:22 - [TEST_STEP][PASSED] - if (!(verifyElementPropertyValue(response, "data.beam", mybeam))): Verify element property value successfully

2020-02-07 15:06:22 - [MESSAGE][PASSED] - Verify element property value successfully

2020-02-07 15:06:22 - [TEST_STEP][PASSED] - else: null

2020-02-07 15:06:22 - [TEST_STEP][PASSED] - beamFail = "P": null

2020-02-07 15:06:22 - [TEST_STEP][PASSED] - if (!(verifyElementPropertyValue(response, "data.product.down", myuff))): Verify element property value successfully

2020-02-07 15:06:22 - [MESSAGE][PASSED] - Verify element property value successfully

2020-02-07 15:06:22 - [TEST_STEP][PASSED] - else: null

2020-02-07 15:06:22 - [TEST_STEP][PASSED] - uffFail = "P": null

2020-02-07 15:06:22 - [TEST_STEP][PASSED] - jsonSlurper = new groovy.json.JsonSlurper(): null

2020-02-07 15:06:22 - [TEST_STEP][PASSED] - object = jsonSlurper.parseText(response.getResponseText()): null

2020-02-07 15:06:22 - [TEST_STEP][PASSED] - println(object): null

2020-02-07 15:06:22 - [TEST_STEP][PASSED] - mytest = plans: null

2020-02-07 15:06:22 - [TEST_STEP][PASSED] - variable = mytest: null

2020-02-07 15:06:22 - [MESSAGE][PASSED] - Verify response successfully

2020-02-07 15:06:22 - [MESSAGE][PASSED] - Send request and verify the response successfully

2020-02-07 15:06:22 - [TEST_STEP][PASSED] - setValueToCellByAddress(sheet01, "E" + mycount, variable): null

2020-02-07 15:06:22 - [TEST_STEP][PASSED] - saveWorkbook(excelFile01, workbook01): null]]></system-out>
         <system-err><![CDATA[]]></system-err>
      </testcase>
      <testcase name="Test Cases/Test_Beams_by_Zip_to_Excel" time="2.029" classname="Test Cases/Test_Beams_by_Zip_to_Excel" status="PASSED">
         <system-out><![CDATA[2020-02-07 15:06:22 - [TEST_CASE][PASSED] - Test Cases/Test_Beams_by_Zip_to_Excel: Test Cases/Test_Beams_by_Zip_to_Excel

2020-02-07 15:06:23 - [TEST_STEP][PASSED] - excelFile01 = "beams-test-results.xlsx": null

2020-02-07 15:06:23 - [TEST_STEP][PASSED] - ExpectedListSheetFile1 = ["Sheet1"]: null

2020-02-07 15:06:23 - [TEST_STEP][PASSED] - workbookFile01 = getWorkbook(excelFile01): null

2020-02-07 15:06:23 - [TEST_STEP][PASSED] - workbook01 = getWorkbook(excelFile01): null

2020-02-07 15:06:23 - [TEST_STEP][PASSED] - sheet01 = getExcelSheet(workbook01, "Sheet1"): null

2020-02-07 15:06:23 - [TEST_STEP][PASSED] - setValueToCellByAddress(sheet01, "A1", "TEST"): null

2020-02-07 15:06:23 - [TEST_STEP][PASSED] - setValueToCellByAddress(sheet01, "B1", "BEAM"): null

2020-02-07 15:06:23 - [TEST_STEP][PASSED] - setValueToCellByAddress(sheet01, "C1", "UFF"): null

2020-02-07 15:06:23 - [TEST_STEP][PASSED] - setValueToCellByAddress(sheet01, "D1", "PLAN"): null

2020-02-07 15:06:23 - [TEST_STEP][PASSED] - setValueToCellByAddress(sheet01, "E1", "API PLAN"): null

2020-02-07 15:06:23 - [TEST_STEP][PASSED] - mybeam = mybeam: null

2020-02-07 15:06:23 - [TEST_STEP][PASSED] - myuff = myuff: null

2020-02-07 15:06:23 - [TEST_STEP][PASSED] - myplan = myplan: null

2020-02-07 15:06:23 - [TEST_STEP][PASSED] - log = new com.kms.katalon.core.logging.KeywordLogger(): null

2020-02-07 15:06:23 - [TEST_STEP][PASSED] - log.logWarning("beam " + mybeam + " zip " + myzip + " upfront fees " + myuff + " plan " + myplan): beam 370 zip 93301 upfront fees 0 plan VS2 Standard Offer

2020-02-07 15:06:23 - [MESSAGE][WARNING] - beam 370 zip 93301 upfront fees 0 plan VS2 Standard Offer

2020-02-07 15:06:23 - [TEST_STEP][PASSED] - setValueToCellByAddress(sheet01, "B" + mycount, beamFail): null

2020-02-07 15:06:23 - [TEST_STEP][PASSED] - setValueToCellByAddress(sheet01, "C" + mycount, uffFail): null

2020-02-07 15:06:23 - [TEST_STEP][PASSED] - mycount = mycount + 1: null

2020-02-07 15:06:23 - [TEST_STEP][PASSED] - setValueToCellByAddress(sheet01, "A" + mycount, "beam " + mybeam + " zip " + myzip + " upfront fees " + myuff + " plan " + myplan): null

2020-02-07 15:06:23 - [TEST_STEP][PASSED] - setValueToCellByAddress(sheet01, "D" + mycount, myplan): null

2020-02-07 15:06:23 - [TEST_STEP][PASSED] - sendRequestAndVerify(findTestObject("Exede_Zip", ["myzip":myzip])): Send request and verify the response successfully

2020-02-07 15:06:24 - [MESSAGE][INFO] - HAR: /Users/jhampleman/Katalon Studio/Exede_Beam_Tests_v2.1 copy/Reports/20200207_150435/RUN_Exede_Zip_Test/20200207_150435/requests/main/49.har

2020-02-07 15:06:24 - [TEST_CASE][PASSED] - Start Test Case : Verification: Verification accomplished successfully

2020-02-07 15:06:24 - [TEST_STEP][PASSED] - request = getInstance().getCurrentRequest(): null

2020-02-07 15:06:24 - [TEST_STEP][PASSED] - response = getInstance().getCurrentResponse(): null

2020-02-07 15:06:24 - [TEST_STEP][PASSED] - if (!(verifyElementPropertyValue(response, "data.beam", mybeam))): Verify element property value successfully

2020-02-07 15:06:25 - [MESSAGE][PASSED] - Verify element property value successfully

2020-02-07 15:06:25 - [TEST_STEP][PASSED] - else: null

2020-02-07 15:06:25 - [TEST_STEP][PASSED] - beamFail = "P": null

2020-02-07 15:06:25 - [TEST_STEP][PASSED] - if (!(verifyElementPropertyValue(response, "data.product.down", myuff))): Verify element property value successfully

2020-02-07 15:06:25 - [MESSAGE][PASSED] - Verify element property value successfully

2020-02-07 15:06:25 - [TEST_STEP][PASSED] - else: null

2020-02-07 15:06:25 - [TEST_STEP][PASSED] - uffFail = "P": null

2020-02-07 15:06:25 - [TEST_STEP][PASSED] - jsonSlurper = new groovy.json.JsonSlurper(): null

2020-02-07 15:06:25 - [TEST_STEP][PASSED] - object = jsonSlurper.parseText(response.getResponseText()): null

2020-02-07 15:06:25 - [TEST_STEP][PASSED] - println(object): null

2020-02-07 15:06:25 - [TEST_STEP][PASSED] - mytest = plans: null

2020-02-07 15:06:25 - [TEST_STEP][PASSED] - variable = mytest: null

2020-02-07 15:06:25 - [MESSAGE][PASSED] - Verify response successfully

2020-02-07 15:06:25 - [MESSAGE][PASSED] - Send request and verify the response successfully

2020-02-07 15:06:25 - [TEST_STEP][PASSED] - setValueToCellByAddress(sheet01, "E" + mycount, variable): null

2020-02-07 15:06:25 - [TEST_STEP][PASSED] - saveWorkbook(excelFile01, workbook01): null]]></system-out>
         <system-err><![CDATA[]]></system-err>
      </testcase>
      <testcase name="Test Cases/Test_Beams_by_Zip_to_Excel" time="1.835" classname="Test Cases/Test_Beams_by_Zip_to_Excel" status="PASSED">
         <system-out><![CDATA[2020-02-07 15:06:25 - [TEST_CASE][PASSED] - Test Cases/Test_Beams_by_Zip_to_Excel: Test Cases/Test_Beams_by_Zip_to_Excel

2020-02-07 15:06:25 - [TEST_STEP][PASSED] - excelFile01 = "beams-test-results.xlsx": null

2020-02-07 15:06:25 - [TEST_STEP][PASSED] - ExpectedListSheetFile1 = ["Sheet1"]: null

2020-02-07 15:06:25 - [TEST_STEP][PASSED] - workbookFile01 = getWorkbook(excelFile01): null

2020-02-07 15:06:25 - [TEST_STEP][PASSED] - workbook01 = getWorkbook(excelFile01): null

2020-02-07 15:06:25 - [TEST_STEP][PASSED] - sheet01 = getExcelSheet(workbook01, "Sheet1"): null

2020-02-07 15:06:25 - [TEST_STEP][PASSED] - setValueToCellByAddress(sheet01, "A1", "TEST"): null

2020-02-07 15:06:25 - [TEST_STEP][PASSED] - setValueToCellByAddress(sheet01, "B1", "BEAM"): null

2020-02-07 15:06:25 - [TEST_STEP][PASSED] - setValueToCellByAddress(sheet01, "C1", "UFF"): null

2020-02-07 15:06:25 - [TEST_STEP][PASSED] - setValueToCellByAddress(sheet01, "D1", "PLAN"): null

2020-02-07 15:06:25 - [TEST_STEP][PASSED] - setValueToCellByAddress(sheet01, "E1", "API PLAN"): null

2020-02-07 15:06:25 - [TEST_STEP][PASSED] - mybeam = mybeam: null

2020-02-07 15:06:25 - [TEST_STEP][PASSED] - myuff = myuff: null

2020-02-07 15:06:25 - [TEST_STEP][PASSED] - myplan = myplan: null

2020-02-07 15:06:25 - [TEST_STEP][PASSED] - log = new com.kms.katalon.core.logging.KeywordLogger(): null

2020-02-07 15:06:25 - [TEST_STEP][PASSED] - log.logWarning("beam " + mybeam + " zip " + myzip + " upfront fees " + myuff + " plan " + myplan): beam 371 zip 91204 upfront fees 0 plan VS2 Standard Offer

2020-02-07 15:06:25 - [MESSAGE][WARNING] - beam 371 zip 91204 upfront fees 0 plan VS2 Standard Offer

2020-02-07 15:06:25 - [TEST_STEP][PASSED] - setValueToCellByAddress(sheet01, "B" + mycount, beamFail): null

2020-02-07 15:06:25 - [TEST_STEP][PASSED] - setValueToCellByAddress(sheet01, "C" + mycount, uffFail): null

2020-02-07 15:06:25 - [TEST_STEP][PASSED] - mycount = mycount + 1: null

2020-02-07 15:06:25 - [TEST_STEP][PASSED] - setValueToCellByAddress(sheet01, "A" + mycount, "beam " + mybeam + " zip " + myzip + " upfront fees " + myuff + " plan " + myplan): null

2020-02-07 15:06:25 - [TEST_STEP][PASSED] - setValueToCellByAddress(sheet01, "D" + mycount, myplan): null

2020-02-07 15:06:25 - [TEST_STEP][PASSED] - sendRequestAndVerify(findTestObject("Exede_Zip", ["myzip":myzip])): Send request and verify the response successfully

2020-02-07 15:06:26 - [MESSAGE][INFO] - HAR: /Users/jhampleman/Katalon Studio/Exede_Beam_Tests_v2.1 copy/Reports/20200207_150435/RUN_Exede_Zip_Test/20200207_150435/requests/main/50.har

2020-02-07 15:06:26 - [TEST_CASE][PASSED] - Start Test Case : Verification: Verification accomplished successfully

2020-02-07 15:06:26 - [TEST_STEP][PASSED] - request = getInstance().getCurrentRequest(): null

2020-02-07 15:06:26 - [TEST_STEP][PASSED] - response = getInstance().getCurrentResponse(): null

2020-02-07 15:06:26 - [TEST_STEP][PASSED] - if (!(verifyElementPropertyValue(response, "data.beam", mybeam))): Verify element property value successfully

2020-02-07 15:06:26 - [MESSAGE][PASSED] - Verify element property value successfully

2020-02-07 15:06:26 - [TEST_STEP][PASSED] - else: null

2020-02-07 15:06:26 - [TEST_STEP][PASSED] - beamFail = "P": null

2020-02-07 15:06:26 - [TEST_STEP][PASSED] - if (!(verifyElementPropertyValue(response, "data.product.down", myuff))): Verify element property value successfully

2020-02-07 15:06:26 - [MESSAGE][PASSED] - Verify element property value successfully

2020-02-07 15:06:26 - [TEST_STEP][PASSED] - else: null

2020-02-07 15:06:26 - [TEST_STEP][PASSED] - uffFail = "P": null

2020-02-07 15:06:26 - [TEST_STEP][PASSED] - jsonSlurper = new groovy.json.JsonSlurper(): null

2020-02-07 15:06:26 - [TEST_STEP][PASSED] - object = jsonSlurper.parseText(response.getResponseText()): null

2020-02-07 15:06:26 - [TEST_STEP][PASSED] - println(object): null

2020-02-07 15:06:26 - [TEST_STEP][PASSED] - mytest = plans: null

2020-02-07 15:06:26 - [TEST_STEP][PASSED] - variable = mytest: null

2020-02-07 15:06:26 - [MESSAGE][PASSED] - Verify response successfully

2020-02-07 15:06:26 - [MESSAGE][PASSED] - Send request and verify the response successfully

2020-02-07 15:06:26 - [TEST_STEP][PASSED] - setValueToCellByAddress(sheet01, "E" + mycount, variable): null

2020-02-07 15:06:26 - [TEST_STEP][PASSED] - saveWorkbook(excelFile01, workbook01): null]]></system-out>
         <system-err><![CDATA[]]></system-err>
      </testcase>
      <testcase name="Test Cases/Test_Beams_by_Zip_to_Excel" time="2.052" classname="Test Cases/Test_Beams_by_Zip_to_Excel" status="FAILED">
         <failure type="FAILED" message="Test Cases/Test_Beams_by_Zip_to_Excel FAILED.
Reason:
com.kms.katalon.core.exception.StepFailedException: Expected element property value '372' is not equal with actual property value 'null'
	at com.kms.katalon.core.keyword.internal.KeywordMain.stepFailed(KeywordMain.groovy:39)
	at com.kms.katalon.core.webservice.keyword.builtin.VerifyElementPropertyValueKeyword$_verifyElementPropertyValue_closure1.doCall(VerifyElementPropertyValueKeyword.groovy:56)
	at com.kms.katalon.core.webservice.keyword.builtin.VerifyElementPropertyValueKeyword$_verifyElementPropertyValue_closure1.call(VerifyElementPropertyValueKeyword.groovy)
	at com.kms.katalon.core.keyword.internal.KeywordMain.runKeyword(KeywordMain.groovy:68)
	at com.kms.katalon.core.webservice.keyword.builtin.VerifyElementPropertyValueKeyword.verifyElementPropertyValue(VerifyElementPropertyValueKeyword.groovy:48)
	at com.kms.katalon.core.webservice.keyword.builtin.VerifyElementPropertyValueKeyword.execute(VerifyElementPropertyValueKeyword.groovy:43)
	at com.kms.katalon.core.keyword.internal.KeywordExecutor.executeKeywordForPlatform(KeywordExecutor.groovy:72)
	at com.kms.katalon.core.webservice.keyword.WSBuiltInKeywords.verifyElementPropertyValue(WSBuiltInKeywords.groovy:189)
	at com.kms.katalon.core.webservice.keyword.WSBuiltInKeywords$verifyElementPropertyValue$0.call(Unknown Source)
	at WSVerification1581113188855.run(WSVerification1581113188855:16)
	at com.kms.katalon.core.main.ScriptEngine.run(ScriptEngine.java:194)
	at com.kms.katalon.core.main.ScriptEngine.runScriptAsRawText(ScriptEngine.java:119)
	at com.kms.katalon.core.main.WSVerificationExecutor.runScript(WSVerificationExecutor.java:146)
	at com.kms.katalon.core.main.WSVerificationExecutor.doExecute(WSVerificationExecutor.java:140)
	at com.kms.katalon.core.main.WSVerificationExecutor.processExecutionPhase(WSVerificationExecutor.java:123)
	at com.kms.katalon.core.main.WSVerificationExecutor.accessMainPhase(WSVerificationExecutor.java:115)
	at com.kms.katalon.core.main.WSVerificationExecutor.execute(WSVerificationExecutor.java:103)
	at com.kms.katalon.core.main.TestCaseMain.runWSVerificationScript(TestCaseMain.java:127)
	at com.kms.katalon.core.webservice.keyword.builtin.SendRequestAndVerifyKeyword$_sendRequestAndVerify_closure1.doCall(SendRequestAndVerifyKeyword.groovy:55)
	at com.kms.katalon.core.webservice.keyword.builtin.SendRequestAndVerifyKeyword$_sendRequestAndVerify_closure1.call(SendRequestAndVerifyKeyword.groovy)
	at com.kms.katalon.core.keyword.internal.KeywordMain.runKeyword(KeywordMain.groovy:68)
	at com.kms.katalon.core.webservice.keyword.builtin.SendRequestAndVerifyKeyword.sendRequestAndVerify(SendRequestAndVerifyKeyword.groovy:43)
	at com.kms.katalon.core.webservice.keyword.builtin.SendRequestAndVerifyKeyword.execute(SendRequestAndVerifyKeyword.groovy:38)
	at com.kms.katalon.core.keyword.internal.KeywordExecutor.executeKeywordForPlatform(KeywordExecutor.groovy:72)
	at com.kms.katalon.core.webservice.keyword.WSBuiltInKeywords.sendRequestAndVerify(WSBuiltInKeywords.groovy:65)
	at com.kms.katalon.core.webservice.keyword.WSBuiltInKeywords$sendRequestAndVerify.call(Unknown Source)
	at Test_Beams_by_Zip_to_Excel.run(Test_Beams_by_Zip_to_Excel:68)
	at com.kms.katalon.core.main.ScriptEngine.run(ScriptEngine.java:194)
	at com.kms.katalon.core.main.ScriptEngine.runScriptAsRawText(ScriptEngine.java:119)
	at com.kms.katalon.core.main.TestCaseExecutor.runScript(TestCaseExecutor.java:337)
	at com.kms.katalon.core.main.TestCaseExecutor.doExecute(TestCaseExecutor.java:328)
	at com.kms.katalon.core.main.TestCaseExecutor.processExecutionPhase(TestCaseExecutor.java:307)
	at com.kms.katalon.core.main.TestCaseExecutor.accessMainPhase(TestCaseExecutor.java:299)
	at com.kms.katalon.core.main.TestCaseExecutor.execute(TestCaseExecutor.java:233)
	at com.kms.katalon.core.main.TestSuiteExecutor.accessTestCaseMainPhase(TestSuiteExecutor.java:169)
	at com.kms.katalon.core.main.TestSuiteExecutor.accessTestSuiteMainPhase(TestSuiteExecutor.java:142)
	at com.kms.katalon.core.main.TestSuiteExecutor.execute(TestSuiteExecutor.java:91)
	at com.kms.katalon.core.main.TestCaseMain.startTestSuite(TestCaseMain.java:157)
	at com.kms.katalon.core.main.TestCaseMain$startTestSuite$0.call(Unknown Source)
	at TempTestSuite1581113075265.run(TempTestSuite1581113075265.groovy:36)
"/>
         <system-out><![CDATA[2020-02-07 15:06:26 - [TEST_CASE][FAILED] - Test Cases/Test_Beams_by_Zip_to_Excel: Test Cases/Test_Beams_by_Zip_to_Excel FAILED.
Reason:
com.kms.katalon.core.exception.StepFailedException: Expected element property value '372' is not equal with actual property value 'null'
	at com.kms.katalon.core.keyword.internal.KeywordMain.stepFailed(KeywordMain.groovy:39)
	at com.kms.katalon.core.webservice.keyword.builtin.VerifyElementPropertyValueKeyword$_verifyElementPropertyValue_closure1.doCall(VerifyElementPropertyValueKeyword.groovy:56)
	at com.kms.katalon.core.webservice.keyword.builtin.VerifyElementPropertyValueKeyword$_verifyElementPropertyValue_closure1.call(VerifyElementPropertyValueKeyword.groovy)
	at com.kms.katalon.core.keyword.internal.KeywordMain.runKeyword(KeywordMain.groovy:68)
	at com.kms.katalon.core.webservice.keyword.builtin.VerifyElementPropertyValueKeyword.verifyElementPropertyValue(VerifyElementPropertyValueKeyword.groovy:48)
	at com.kms.katalon.core.webservice.keyword.builtin.VerifyElementPropertyValueKeyword.execute(VerifyElementPropertyValueKeyword.groovy:43)
	at com.kms.katalon.core.keyword.internal.KeywordExecutor.executeKeywordForPlatform(KeywordExecutor.groovy:72)
	at com.kms.katalon.core.webservice.keyword.WSBuiltInKeywords.verifyElementPropertyValue(WSBuiltInKeywords.groovy:189)
	at com.kms.katalon.core.webservice.keyword.WSBuiltInKeywords$verifyElementPropertyValue$0.call(Unknown Source)
	at WSVerification1581113188855.run(WSVerification1581113188855:16)
	at com.kms.katalon.core.main.ScriptEngine.run(ScriptEngine.java:194)
	at com.kms.katalon.core.main.ScriptEngine.runScriptAsRawText(ScriptEngine.java:119)
	at com.kms.katalon.core.main.WSVerificationExecutor.runScript(WSVerificationExecutor.java:146)
	at com.kms.katalon.core.main.WSVerificationExecutor.doExecute(WSVerificationExecutor.java:140)
	at com.kms.katalon.core.main.WSVerificationExecutor.processExecutionPhase(WSVerificationExecutor.java:123)
	at com.kms.katalon.core.main.WSVerificationExecutor.accessMainPhase(WSVerificationExecutor.java:115)
	at com.kms.katalon.core.main.WSVerificationExecutor.execute(WSVerificationExecutor.java:103)
	at com.kms.katalon.core.main.TestCaseMain.runWSVerificationScript(TestCaseMain.java:127)
	at com.kms.katalon.core.webservice.keyword.builtin.SendRequestAndVerifyKeyword$_sendRequestAndVerify_closure1.doCall(SendRequestAndVerifyKeyword.groovy:55)
	at com.kms.katalon.core.webservice.keyword.builtin.SendRequestAndVerifyKeyword$_sendRequestAndVerify_closure1.call(SendRequestAndVerifyKeyword.groovy)
	at com.kms.katalon.core.keyword.internal.KeywordMain.runKeyword(KeywordMain.groovy:68)
	at com.kms.katalon.core.webservice.keyword.builtin.SendRequestAndVerifyKeyword.sendRequestAndVerify(SendRequestAndVerifyKeyword.groovy:43)
	at com.kms.katalon.core.webservice.keyword.builtin.SendRequestAndVerifyKeyword.execute(SendRequestAndVerifyKeyword.groovy:38)
	at com.kms.katalon.core.keyword.internal.KeywordExecutor.executeKeywordForPlatform(KeywordExecutor.groovy:72)
	at com.kms.katalon.core.webservice.keyword.WSBuiltInKeywords.sendRequestAndVerify(WSBuiltInKeywords.groovy:65)
	at com.kms.katalon.core.webservice.keyword.WSBuiltInKeywords$sendRequestAndVerify.call(Unknown Source)
	at Test_Beams_by_Zip_to_Excel.run(Test_Beams_by_Zip_to_Excel:68)
	at com.kms.katalon.core.main.ScriptEngine.run(ScriptEngine.java:194)
	at com.kms.katalon.core.main.ScriptEngine.runScriptAsRawText(ScriptEngine.java:119)
	at com.kms.katalon.core.main.TestCaseExecutor.runScript(TestCaseExecutor.java:337)
	at com.kms.katalon.core.main.TestCaseExecutor.doExecute(TestCaseExecutor.java:328)
	at com.kms.katalon.core.main.TestCaseExecutor.processExecutionPhase(TestCaseExecutor.java:307)
	at com.kms.katalon.core.main.TestCaseExecutor.accessMainPhase(TestCaseExecutor.java:299)
	at com.kms.katalon.core.main.TestCaseExecutor.execute(TestCaseExecutor.java:233)
	at com.kms.katalon.core.main.TestSuiteExecutor.accessTestCaseMainPhase(TestSuiteExecutor.java:169)
	at com.kms.katalon.core.main.TestSuiteExecutor.accessTestSuiteMainPhase(TestSuiteExecutor.java:142)
	at com.kms.katalon.core.main.TestSuiteExecutor.execute(TestSuiteExecutor.java:91)
	at com.kms.katalon.core.main.TestCaseMain.startTestSuite(TestCaseMain.java:157)
	at com.kms.katalon.core.main.TestCaseMain$startTestSuite$0.call(Unknown Source)
	at TempTestSuite1581113075265.run(TempTestSuite1581113075265.groovy:36)


2020-02-07 15:06:26 - [TEST_STEP][PASSED] - excelFile01 = "beams-test-results.xlsx": null

2020-02-07 15:06:26 - [TEST_STEP][PASSED] - ExpectedListSheetFile1 = ["Sheet1"]: null

2020-02-07 15:06:26 - [TEST_STEP][PASSED] - workbookFile01 = getWorkbook(excelFile01): null

2020-02-07 15:06:26 - [TEST_STEP][PASSED] - workbook01 = getWorkbook(excelFile01): null

2020-02-07 15:06:26 - [TEST_STEP][PASSED] - sheet01 = getExcelSheet(workbook01, "Sheet1"): null

2020-02-07 15:06:26 - [TEST_STEP][PASSED] - setValueToCellByAddress(sheet01, "A1", "TEST"): null

2020-02-07 15:06:26 - [TEST_STEP][PASSED] - setValueToCellByAddress(sheet01, "B1", "BEAM"): null

2020-02-07 15:06:26 - [TEST_STEP][PASSED] - setValueToCellByAddress(sheet01, "C1", "UFF"): null

2020-02-07 15:06:26 - [TEST_STEP][PASSED] - setValueToCellByAddress(sheet01, "D1", "PLAN"): null

2020-02-07 15:06:26 - [TEST_STEP][PASSED] - setValueToCellByAddress(sheet01, "E1", "API PLAN"): null

2020-02-07 15:06:26 - [TEST_STEP][PASSED] - mybeam = mybeam: null

2020-02-07 15:06:26 - [TEST_STEP][PASSED] - myuff = myuff: null

2020-02-07 15:06:26 - [TEST_STEP][PASSED] - myplan = myplan: null

2020-02-07 15:06:26 - [TEST_STEP][PASSED] - log = new com.kms.katalon.core.logging.KeywordLogger(): null

2020-02-07 15:06:26 - [TEST_STEP][PASSED] - log.logWarning("beam " + mybeam + " zip " + myzip + " upfront fees " + myuff + " plan " + myplan): beam 372 zip 92262 upfront fees 0 plan VS2 Standard Offer

2020-02-07 15:06:26 - [MESSAGE][WARNING] - beam 372 zip 92262 upfront fees 0 plan VS2 Standard Offer

2020-02-07 15:06:26 - [TEST_STEP][PASSED] - setValueToCellByAddress(sheet01, "B" + mycount, beamFail): null

2020-02-07 15:06:26 - [TEST_STEP][PASSED] - setValueToCellByAddress(sheet01, "C" + mycount, uffFail): null

2020-02-07 15:06:26 - [TEST_STEP][PASSED] - mycount = mycount + 1: null

2020-02-07 15:06:26 - [TEST_STEP][PASSED] - setValueToCellByAddress(sheet01, "A" + mycount, "beam " + mybeam + " zip " + myzip + " upfront fees " + myuff + " plan " + myplan): null

2020-02-07 15:06:26 - [TEST_STEP][PASSED] - setValueToCellByAddress(sheet01, "D" + mycount, myplan): null

2020-02-07 15:06:26 - [TEST_STEP][FAILED] - sendRequestAndVerify(findTestObject("Exede_Zip", ["myzip":myzip])): Unable to send request and verify the response (Root cause: com.kms.katalon.core.exception.StepFailedException: Verification failed
	at com.kms.katalon.core.webservice.keyword.builtin.SendRequestAndVerifyKeyword$_sendRequestAndVerify_closure1.doCall(SendRequestAndVerifyKeyword.groovy:59)
	at com.kms.katalon.core.webservice.keyword.builtin.SendRequestAndVerifyKeyword$_sendRequestAndVerify_closure1.call(SendRequestAndVerifyKeyword.groovy)
	at com.kms.katalon.core.keyword.internal.KeywordMain.runKeyword(KeywordMain.groovy:68)
	at com.kms.katalon.core.webservice.keyword.builtin.SendRequestAndVerifyKeyword.sendRequestAndVerify(SendRequestAndVerifyKeyword.groovy:43)
	at com.kms.katalon.core.webservice.keyword.builtin.SendRequestAndVerifyKeyword.execute(SendRequestAndVerifyKeyword.groovy:38)
	at com.kms.katalon.core.keyword.internal.KeywordExecutor.executeKeywordForPlatform(KeywordExecutor.groovy:72)
	at com.kms.katalon.core.webservice.keyword.WSBuiltInKeywords.sendRequestAndVerify(WSBuiltInKeywords.groovy:65)
	at com.kms.katalon.core.webservice.keyword.WSBuiltInKeywords$sendRequestAndVerify.call(Unknown Source)
	at Test_Beams_by_Zip_to_Excel.run(Test_Beams_by_Zip_to_Excel:68)
	at com.kms.katalon.core.main.ScriptEngine.run(ScriptEngine.java:194)
	at com.kms.katalon.core.main.ScriptEngine.runScriptAsRawText(ScriptEngine.java:119)
	at com.kms.katalon.core.main.TestCaseExecutor.runScript(TestCaseExecutor.java:337)
	at com.kms.katalon.core.main.TestCaseExecutor.doExecute(TestCaseExecutor.java:328)
	at com.kms.katalon.core.main.TestCaseExecutor.processExecutionPhase(TestCaseExecutor.java:307)
	at com.kms.katalon.core.main.TestCaseExecutor.accessMainPhase(TestCaseExecutor.java:299)
	at com.kms.katalon.core.main.TestCaseExecutor.execute(TestCaseExecutor.java:233)
	at com.kms.katalon.core.main.TestSuiteExecutor.accessTestCaseMainPhase(TestSuiteExecutor.java:169)
	at com.kms.katalon.core.main.TestSuiteExecutor.accessTestSuiteMainPhase(TestSuiteExecutor.java:142)
	at com.kms.katalon.core.main.TestSuiteExecutor.execute(TestSuiteExecutor.java:91)
	at com.kms.katalon.core.main.TestCaseMain.startTestSuite(TestCaseMain.java:157)
	at com.kms.katalon.core.main.TestCaseMain$startTestSuite$0.call(Unknown Source)
	at TempTestSuite1581113075265.run(TempTestSuite1581113075265.groovy:36)
)

2020-02-07 15:06:28 - [MESSAGE][INFO] - HAR: /Users/jhampleman/Katalon Studio/Exede_Beam_Tests_v2.1 copy/Reports/20200207_150435/RUN_Exede_Zip_Test/20200207_150435/requests/main/51.har

2020-02-07 15:06:28 - [TEST_CASE][FAILED] - Start Test Case : Verification: Verification FAILED.
Reason:
com.kms.katalon.core.exception.StepFailedException: Expected element property value '372' is not equal with actual property value 'null'
	at com.kms.katalon.core.keyword.internal.KeywordMain.stepFailed(KeywordMain.groovy:39)
	at com.kms.katalon.core.webservice.keyword.builtin.VerifyElementPropertyValueKeyword$_verifyElementPropertyValue_closure1.doCall(VerifyElementPropertyValueKeyword.groovy:56)
	at com.kms.katalon.core.webservice.keyword.builtin.VerifyElementPropertyValueKeyword$_verifyElementPropertyValue_closure1.call(VerifyElementPropertyValueKeyword.groovy)
	at com.kms.katalon.core.keyword.internal.KeywordMain.runKeyword(KeywordMain.groovy:68)
	at com.kms.katalon.core.webservice.keyword.builtin.VerifyElementPropertyValueKeyword.verifyElementPropertyValue(VerifyElementPropertyValueKeyword.groovy:48)
	at com.kms.katalon.core.webservice.keyword.builtin.VerifyElementPropertyValueKeyword.execute(VerifyElementPropertyValueKeyword.groovy:43)
	at com.kms.katalon.core.keyword.internal.KeywordExecutor.executeKeywordForPlatform(KeywordExecutor.groovy:72)
	at com.kms.katalon.core.webservice.keyword.WSBuiltInKeywords.verifyElementPropertyValue(WSBuiltInKeywords.groovy:189)
	at com.kms.katalon.core.webservice.keyword.WSBuiltInKeywords$verifyElementPropertyValue$0.call(Unknown Source)
	at WSVerification1581113188855.run(WSVerification1581113188855:16)
	at com.kms.katalon.core.main.ScriptEngine.run(ScriptEngine.java:194)
	at com.kms.katalon.core.main.ScriptEngine.runScriptAsRawText(ScriptEngine.java:119)
	at com.kms.katalon.core.main.WSVerificationExecutor.runScript(WSVerificationExecutor.java:146)
	at com.kms.katalon.core.main.WSVerificationExecutor.doExecute(WSVerificationExecutor.java:140)
	at com.kms.katalon.core.main.WSVerificationExecutor.processExecutionPhase(WSVerificationExecutor.java:123)
	at com.kms.katalon.core.main.WSVerificationExecutor.accessMainPhase(WSVerificationExecutor.java:115)
	at com.kms.katalon.core.main.WSVerificationExecutor.execute(WSVerificationExecutor.java:103)
	at com.kms.katalon.core.main.TestCaseMain.runWSVerificationScript(TestCaseMain.java:127)
	at com.kms.katalon.core.webservice.keyword.builtin.SendRequestAndVerifyKeyword$_sendRequestAndVerify_closure1.doCall(SendRequestAndVerifyKeyword.groovy:55)
	at com.kms.katalon.core.webservice.keyword.builtin.SendRequestAndVerifyKeyword$_sendRequestAndVerify_closure1.call(SendRequestAndVerifyKeyword.groovy)
	at com.kms.katalon.core.keyword.internal.KeywordMain.runKeyword(KeywordMain.groovy:68)
	at com.kms.katalon.core.webservice.keyword.builtin.SendRequestAndVerifyKeyword.sendRequestAndVerify(SendRequestAndVerifyKeyword.groovy:43)
	at com.kms.katalon.core.webservice.keyword.builtin.SendRequestAndVerifyKeyword.execute(SendRequestAndVerifyKeyword.groovy:38)
	at com.kms.katalon.core.keyword.internal.KeywordExecutor.executeKeywordForPlatform(KeywordExecutor.groovy:72)
	at com.kms.katalon.core.webservice.keyword.WSBuiltInKeywords.sendRequestAndVerify(WSBuiltInKeywords.groovy:65)
	at com.kms.katalon.core.webservice.keyword.WSBuiltInKeywords$sendRequestAndVerify.call(Unknown Source)
	at Test_Beams_by_Zip_to_Excel.run(Test_Beams_by_Zip_to_Excel:68)
	at com.kms.katalon.core.main.ScriptEngine.run(ScriptEngine.java:194)
	at com.kms.katalon.core.main.ScriptEngine.runScriptAsRawText(ScriptEngine.java:119)
	at com.kms.katalon.core.main.TestCaseExecutor.runScript(TestCaseExecutor.java:337)
	at com.kms.katalon.core.main.TestCaseExecutor.doExecute(TestCaseExecutor.java:328)
	at com.kms.katalon.core.main.TestCaseExecutor.processExecutionPhase(TestCaseExecutor.java:307)
	at com.kms.katalon.core.main.TestCaseExecutor.accessMainPhase(TestCaseExecutor.java:299)
	at com.kms.katalon.core.main.TestCaseExecutor.execute(TestCaseExecutor.java:233)
	at com.kms.katalon.core.main.TestSuiteExecutor.accessTestCaseMainPhase(TestSuiteExecutor.java:169)
	at com.kms.katalon.core.main.TestSuiteExecutor.accessTestSuiteMainPhase(TestSuiteExecutor.java:142)
	at com.kms.katalon.core.main.TestSuiteExecutor.execute(TestSuiteExecutor.java:91)
	at com.kms.katalon.core.main.TestCaseMain.startTestSuite(TestCaseMain.java:157)
	at com.kms.katalon.core.main.TestCaseMain$startTestSuite$0.call(Unknown Source)
	at TempTestSuite1581113075265.run(TempTestSuite1581113075265.groovy:36)


2020-02-07 15:06:28 - [TEST_STEP][PASSED] - request = getInstance().getCurrentRequest(): null

2020-02-07 15:06:28 - [TEST_STEP][PASSED] - response = getInstance().getCurrentResponse(): null

2020-02-07 15:06:28 - [TEST_STEP][FAILED] - if (!(verifyElementPropertyValue(response, "data.beam", mybeam))): null

2020-02-07 15:06:28 - [MESSAGE][FAILED] - Expected element property value '372' is not equal with actual property value 'null'

2020-02-07 15:06:28 - [TEST_STEP][PASSED] - beamFail = "F": null

2020-02-07 15:06:28 - [TEST_STEP][FAILED] - if (!(verifyElementPropertyValue(response, "data.product.down", myuff))): null

2020-02-07 15:06:28 - [MESSAGE][FAILED] - Unable to verify element property value (Root cause: java.lang.NullPointerException: Cannot get property 'down' on null object
	at Script1.run(Script1.groovy:1)
	at com.kms.katalon.core.webservice.helper.WebServiceCommonHelper.parseAndGetPropertyValueForJson(WebServiceCommonHelper.java:162)
	at com.kms.katalon.core.webservice.keyword.builtin.VerifyElementPropertyValueKeyword$_verifyElementPropertyValue_closure1.doCall(VerifyElementPropertyValueKeyword.groovy:52)
	at com.kms.katalon.core.webservice.keyword.builtin.VerifyElementPropertyValueKeyword$_verifyElementPropertyValue_closure1.call(VerifyElementPropertyValueKeyword.groovy)
	at com.kms.katalon.core.keyword.internal.KeywordMain.runKeyword(KeywordMain.groovy:68)
	at com.kms.katalon.core.webservice.keyword.builtin.VerifyElementPropertyValueKeyword.verifyElementPropertyValue(VerifyElementPropertyValueKeyword.groovy:48)
	at com.kms.katalon.core.webservice.keyword.builtin.VerifyElementPropertyValueKeyword.execute(VerifyElementPropertyValueKeyword.groovy:43)
	at com.kms.katalon.core.keyword.internal.KeywordExecutor.executeKeywordForPlatform(KeywordExecutor.groovy:72)
	at com.kms.katalon.core.webservice.keyword.WSBuiltInKeywords.verifyElementPropertyValue(WSBuiltInKeywords.groovy:189)
	at com.kms.katalon.core.webservice.keyword.WSBuiltInKeywords$verifyElementPropertyValue$0.call(Unknown Source)
	at WSVerification1581113188855.run(WSVerification1581113188855:17)
	at com.kms.katalon.core.main.ScriptEngine.run(ScriptEngine.java:194)
	at com.kms.katalon.core.main.ScriptEngine.runScriptAsRawText(ScriptEngine.java:119)
	at com.kms.katalon.core.main.WSVerificationExecutor.runScript(WSVerificationExecutor.java:146)
	at com.kms.katalon.core.main.WSVerificationExecutor.doExecute(WSVerificationExecutor.java:140)
	at com.kms.katalon.core.main.WSVerificationExecutor.processExecutionPhase(WSVerificationExecutor.java:123)
	at com.kms.katalon.core.main.WSVerificationExecutor.accessMainPhase(WSVerificationExecutor.java:115)
	at com.kms.katalon.core.main.WSVerificationExecutor.execute(WSVerificationExecutor.java:103)
	at com.kms.katalon.core.main.TestCaseMain.runWSVerificationScript(TestCaseMain.java:127)
	at com.kms.katalon.core.webservice.keyword.builtin.SendRequestAndVerifyKeyword$_sendRequestAndVerify_closure1.doCall(SendRequestAndVerifyKeyword.groovy:55)
	at com.kms.katalon.core.webservice.keyword.builtin.SendRequestAndVerifyKeyword$_sendRequestAndVerify_closure1.call(SendRequestAndVerifyKeyword.groovy)
	at com.kms.katalon.core.keyword.internal.KeywordMain.runKeyword(KeywordMain.groovy:68)
	at com.kms.katalon.core.webservice.keyword.builtin.SendRequestAndVerifyKeyword.sendRequestAndVerify(SendRequestAndVerifyKeyword.groovy:43)
	at com.kms.katalon.core.webservice.keyword.builtin.SendRequestAndVerifyKeyword.execute(SendRequestAndVerifyKeyword.groovy:38)
	at com.kms.katalon.core.keyword.internal.KeywordExecutor.executeKeywordForPlatform(KeywordExecutor.groovy:72)
	at com.kms.katalon.core.webservice.keyword.WSBuiltInKeywords.sendRequestAndVerify(WSBuiltInKeywords.groovy:65)
	at com.kms.katalon.core.webservice.keyword.WSBuiltInKeywords$sendRequestAndVerify.call(Unknown Source)
	at Test_Beams_by_Zip_to_Excel.run(Test_Beams_by_Zip_to_Excel:68)
	at com.kms.katalon.core.main.ScriptEngine.run(ScriptEngine.java:194)
	at com.kms.katalon.core.main.ScriptEngine.runScriptAsRawText(ScriptEngine.java:119)
	at com.kms.katalon.core.main.TestCaseExecutor.runScript(TestCaseExecutor.java:337)
	at com.kms.katalon.core.main.TestCaseExecutor.doExecute(TestCaseExecutor.java:328)
	at com.kms.katalon.core.main.TestCaseExecutor.processExecutionPhase(TestCaseExecutor.java:307)
	at com.kms.katalon.core.main.TestCaseExecutor.accessMainPhase(TestCaseExecutor.java:299)
	at com.kms.katalon.core.main.TestCaseExecutor.execute(TestCaseExecutor.java:233)
	at com.kms.katalon.core.main.TestSuiteExecutor.accessTestCaseMainPhase(TestSuiteExecutor.java:169)
	at com.kms.katalon.core.main.TestSuiteExecutor.accessTestSuiteMainPhase(TestSuiteExecutor.java:142)
	at com.kms.katalon.core.main.TestSuiteExecutor.execute(TestSuiteExecutor.java:91)
	at com.kms.katalon.core.main.TestCaseMain.startTestSuite(TestCaseMain.java:157)
	at com.kms.katalon.core.main.TestCaseMain$startTestSuite$0.call(Unknown Source)
	at TempTestSuite1581113075265.run(TempTestSuite1581113075265.groovy:36)
)

2020-02-07 15:06:28 - [TEST_STEP][PASSED] - uffFail = "F": null

2020-02-07 15:06:28 - [TEST_STEP][PASSED] - jsonSlurper = new groovy.json.JsonSlurper(): null

2020-02-07 15:06:28 - [TEST_STEP][PASSED] - object = jsonSlurper.parseText(response.getResponseText()): null

2020-02-07 15:06:28 - [TEST_STEP][PASSED] - println(object): null

2020-02-07 15:06:28 - [TEST_STEP][PASSED] - mytest = plans: null

2020-02-07 15:06:28 - [MESSAGE][FAILED] - Unable to send request and verify the response (Root cause: com.kms.katalon.core.exception.StepFailedException: Verification failed
	at com.kms.katalon.core.webservice.keyword.builtin.SendRequestAndVerifyKeyword$_sendRequestAndVerify_closure1.doCall(SendRequestAndVerifyKeyword.groovy:59)
	at com.kms.katalon.core.webservice.keyword.builtin.SendRequestAndVerifyKeyword$_sendRequestAndVerify_closure1.call(SendRequestAndVerifyKeyword.groovy)
	at com.kms.katalon.core.keyword.internal.KeywordMain.runKeyword(KeywordMain.groovy:68)
	at com.kms.katalon.core.webservice.keyword.builtin.SendRequestAndVerifyKeyword.sendRequestAndVerify(SendRequestAndVerifyKeyword.groovy:43)
	at com.kms.katalon.core.webservice.keyword.builtin.SendRequestAndVerifyKeyword.execute(SendRequestAndVerifyKeyword.groovy:38)
	at com.kms.katalon.core.keyword.internal.KeywordExecutor.executeKeywordForPlatform(KeywordExecutor.groovy:72)
	at com.kms.katalon.core.webservice.keyword.WSBuiltInKeywords.sendRequestAndVerify(WSBuiltInKeywords.groovy:65)
	at com.kms.katalon.core.webservice.keyword.WSBuiltInKeywords$sendRequestAndVerify.call(Unknown Source)
	at Test_Beams_by_Zip_to_Excel.run(Test_Beams_by_Zip_to_Excel:68)
	at com.kms.katalon.core.main.ScriptEngine.run(ScriptEngine.java:194)
	at com.kms.katalon.core.main.ScriptEngine.runScriptAsRawText(ScriptEngine.java:119)
	at com.kms.katalon.core.main.TestCaseExecutor.runScript(TestCaseExecutor.java:337)
	at com.kms.katalon.core.main.TestCaseExecutor.doExecute(TestCaseExecutor.java:328)
	at com.kms.katalon.core.main.TestCaseExecutor.processExecutionPhase(TestCaseExecutor.java:307)
	at com.kms.katalon.core.main.TestCaseExecutor.accessMainPhase(TestCaseExecutor.java:299)
	at com.kms.katalon.core.main.TestCaseExecutor.execute(TestCaseExecutor.java:233)
	at com.kms.katalon.core.main.TestSuiteExecutor.accessTestCaseMainPhase(TestSuiteExecutor.java:169)
	at com.kms.katalon.core.main.TestSuiteExecutor.accessTestSuiteMainPhase(TestSuiteExecutor.java:142)
	at com.kms.katalon.core.main.TestSuiteExecutor.execute(TestSuiteExecutor.java:91)
	at com.kms.katalon.core.main.TestCaseMain.startTestSuite(TestCaseMain.java:157)
	at com.kms.katalon.core.main.TestCaseMain$startTestSuite$0.call(Unknown Source)
	at TempTestSuite1581113075265.run(TempTestSuite1581113075265.groovy:36)
)

2020-02-07 15:06:28 - [TEST_STEP][PASSED] - setValueToCellByAddress(sheet01, "E" + mycount, variable): null

2020-02-07 15:06:28 - [TEST_STEP][PASSED] - saveWorkbook(excelFile01, workbook01): null]]></system-out>
         <system-err><![CDATA[2020-02-07 15:06:26 - [TEST_CASE][FAILED] - Test Cases/Test_Beams_by_Zip_to_Excel: Test Cases/Test_Beams_by_Zip_to_Excel FAILED.
Reason:
com.kms.katalon.core.exception.StepFailedException: Expected element property value '372' is not equal with actual property value 'null'
	at com.kms.katalon.core.keyword.internal.KeywordMain.stepFailed(KeywordMain.groovy:39)
	at com.kms.katalon.core.webservice.keyword.builtin.VerifyElementPropertyValueKeyword$_verifyElementPropertyValue_closure1.doCall(VerifyElementPropertyValueKeyword.groovy:56)
	at com.kms.katalon.core.webservice.keyword.builtin.VerifyElementPropertyValueKeyword$_verifyElementPropertyValue_closure1.call(VerifyElementPropertyValueKeyword.groovy)
	at com.kms.katalon.core.keyword.internal.KeywordMain.runKeyword(KeywordMain.groovy:68)
	at com.kms.katalon.core.webservice.keyword.builtin.VerifyElementPropertyValueKeyword.verifyElementPropertyValue(VerifyElementPropertyValueKeyword.groovy:48)
	at com.kms.katalon.core.webservice.keyword.builtin.VerifyElementPropertyValueKeyword.execute(VerifyElementPropertyValueKeyword.groovy:43)
	at com.kms.katalon.core.keyword.internal.KeywordExecutor.executeKeywordForPlatform(KeywordExecutor.groovy:72)
	at com.kms.katalon.core.webservice.keyword.WSBuiltInKeywords.verifyElementPropertyValue(WSBuiltInKeywords.groovy:189)
	at com.kms.katalon.core.webservice.keyword.WSBuiltInKeywords$verifyElementPropertyValue$0.call(Unknown Source)
	at WSVerification1581113188855.run(WSVerification1581113188855:16)
	at com.kms.katalon.core.main.ScriptEngine.run(ScriptEngine.java:194)
	at com.kms.katalon.core.main.ScriptEngine.runScriptAsRawText(ScriptEngine.java:119)
	at com.kms.katalon.core.main.WSVerificationExecutor.runScript(WSVerificationExecutor.java:146)
	at com.kms.katalon.core.main.WSVerificationExecutor.doExecute(WSVerificationExecutor.java:140)
	at com.kms.katalon.core.main.WSVerificationExecutor.processExecutionPhase(WSVerificationExecutor.java:123)
	at com.kms.katalon.core.main.WSVerificationExecutor.accessMainPhase(WSVerificationExecutor.java:115)
	at com.kms.katalon.core.main.WSVerificationExecutor.execute(WSVerificationExecutor.java:103)
	at com.kms.katalon.core.main.TestCaseMain.runWSVerificationScript(TestCaseMain.java:127)
	at com.kms.katalon.core.webservice.keyword.builtin.SendRequestAndVerifyKeyword$_sendRequestAndVerify_closure1.doCall(SendRequestAndVerifyKeyword.groovy:55)
	at com.kms.katalon.core.webservice.keyword.builtin.SendRequestAndVerifyKeyword$_sendRequestAndVerify_closure1.call(SendRequestAndVerifyKeyword.groovy)
	at com.kms.katalon.core.keyword.internal.KeywordMain.runKeyword(KeywordMain.groovy:68)
	at com.kms.katalon.core.webservice.keyword.builtin.SendRequestAndVerifyKeyword.sendRequestAndVerify(SendRequestAndVerifyKeyword.groovy:43)
	at com.kms.katalon.core.webservice.keyword.builtin.SendRequestAndVerifyKeyword.execute(SendRequestAndVerifyKeyword.groovy:38)
	at com.kms.katalon.core.keyword.internal.KeywordExecutor.executeKeywordForPlatform(KeywordExecutor.groovy:72)
	at com.kms.katalon.core.webservice.keyword.WSBuiltInKeywords.sendRequestAndVerify(WSBuiltInKeywords.groovy:65)
	at com.kms.katalon.core.webservice.keyword.WSBuiltInKeywords$sendRequestAndVerify.call(Unknown Source)
	at Test_Beams_by_Zip_to_Excel.run(Test_Beams_by_Zip_to_Excel:68)
	at com.kms.katalon.core.main.ScriptEngine.run(ScriptEngine.java:194)
	at com.kms.katalon.core.main.ScriptEngine.runScriptAsRawText(ScriptEngine.java:119)
	at com.kms.katalon.core.main.TestCaseExecutor.runScript(TestCaseExecutor.java:337)
	at com.kms.katalon.core.main.TestCaseExecutor.doExecute(TestCaseExecutor.java:328)
	at com.kms.katalon.core.main.TestCaseExecutor.processExecutionPhase(TestCaseExecutor.java:307)
	at com.kms.katalon.core.main.TestCaseExecutor.accessMainPhase(TestCaseExecutor.java:299)
	at com.kms.katalon.core.main.TestCaseExecutor.execute(TestCaseExecutor.java:233)
	at com.kms.katalon.core.main.TestSuiteExecutor.accessTestCaseMainPhase(TestSuiteExecutor.java:169)
	at com.kms.katalon.core.main.TestSuiteExecutor.accessTestSuiteMainPhase(TestSuiteExecutor.java:142)
	at com.kms.katalon.core.main.TestSuiteExecutor.execute(TestSuiteExecutor.java:91)
	at com.kms.katalon.core.main.TestCaseMain.startTestSuite(TestCaseMain.java:157)
	at com.kms.katalon.core.main.TestCaseMain$startTestSuite$0.call(Unknown Source)
	at TempTestSuite1581113075265.run(TempTestSuite1581113075265.groovy:36)]]></system-err>
      </testcase>
      <testcase name="Test Cases/Test_Beams_by_Zip_to_Excel" time="2.851" classname="Test Cases/Test_Beams_by_Zip_to_Excel" status="PASSED">
         <system-out><![CDATA[2020-02-07 15:06:28 - [TEST_CASE][PASSED] - Test Cases/Test_Beams_by_Zip_to_Excel: Test Cases/Test_Beams_by_Zip_to_Excel

2020-02-07 15:06:28 - [TEST_STEP][PASSED] - excelFile01 = "beams-test-results.xlsx": null

2020-02-07 15:06:28 - [TEST_STEP][PASSED] - ExpectedListSheetFile1 = ["Sheet1"]: null

2020-02-07 15:06:28 - [TEST_STEP][PASSED] - workbookFile01 = getWorkbook(excelFile01): null

2020-02-07 15:06:28 - [TEST_STEP][PASSED] - workbook01 = getWorkbook(excelFile01): null

2020-02-07 15:06:29 - [TEST_STEP][PASSED] - sheet01 = getExcelSheet(workbook01, "Sheet1"): null

2020-02-07 15:06:29 - [TEST_STEP][PASSED] - setValueToCellByAddress(sheet01, "A1", "TEST"): null

2020-02-07 15:06:29 - [TEST_STEP][PASSED] - setValueToCellByAddress(sheet01, "B1", "BEAM"): null

2020-02-07 15:06:29 - [TEST_STEP][PASSED] - setValueToCellByAddress(sheet01, "C1", "UFF"): null

2020-02-07 15:06:29 - [TEST_STEP][PASSED] - setValueToCellByAddress(sheet01, "D1", "PLAN"): null

2020-02-07 15:06:29 - [TEST_STEP][PASSED] - setValueToCellByAddress(sheet01, "E1", "API PLAN"): null

2020-02-07 15:06:29 - [TEST_STEP][PASSED] - mybeam = mybeam: null

2020-02-07 15:06:29 - [TEST_STEP][PASSED] - myuff = myuff: null

2020-02-07 15:06:29 - [TEST_STEP][PASSED] - myplan = myplan: null

2020-02-07 15:06:29 - [TEST_STEP][PASSED] - log = new com.kms.katalon.core.logging.KeywordLogger(): null

2020-02-07 15:06:29 - [TEST_STEP][PASSED] - log.logWarning("beam " + mybeam + " zip " + myzip + " upfront fees " + myuff + " plan " + myplan): beam 447 zip 04774 upfront fees 0 plan VS2 High Fill

2020-02-07 15:06:29 - [MESSAGE][WARNING] - beam 447 zip 04774 upfront fees 0 plan VS2 High Fill

2020-02-07 15:06:29 - [TEST_STEP][PASSED] - setValueToCellByAddress(sheet01, "B" + mycount, beamFail): null

2020-02-07 15:06:29 - [TEST_STEP][PASSED] - setValueToCellByAddress(sheet01, "C" + mycount, uffFail): null

2020-02-07 15:06:29 - [TEST_STEP][PASSED] - mycount = mycount + 1: null

2020-02-07 15:06:29 - [TEST_STEP][PASSED] - setValueToCellByAddress(sheet01, "A" + mycount, "beam " + mybeam + " zip " + myzip + " upfront fees " + myuff + " plan " + myplan): null

2020-02-07 15:06:29 - [TEST_STEP][PASSED] - setValueToCellByAddress(sheet01, "D" + mycount, myplan): null

2020-02-07 15:06:29 - [TEST_STEP][PASSED] - sendRequestAndVerify(findTestObject("Exede_Zip", ["myzip":myzip])): Send request and verify the response successfully

2020-02-07 15:06:31 - [MESSAGE][INFO] - HAR: /Users/jhampleman/Katalon Studio/Exede_Beam_Tests_v2.1 copy/Reports/20200207_150435/RUN_Exede_Zip_Test/20200207_150435/requests/main/52.har

2020-02-07 15:06:31 - [TEST_CASE][PASSED] - Start Test Case : Verification: Verification accomplished successfully

2020-02-07 15:06:31 - [TEST_STEP][PASSED] - request = getInstance().getCurrentRequest(): null

2020-02-07 15:06:31 - [TEST_STEP][PASSED] - response = getInstance().getCurrentResponse(): null

2020-02-07 15:06:31 - [TEST_STEP][PASSED] - if (!(verifyElementPropertyValue(response, "data.beam", mybeam))): Verify element property value successfully

2020-02-07 15:06:31 - [MESSAGE][PASSED] - Verify element property value successfully

2020-02-07 15:06:31 - [TEST_STEP][PASSED] - else: null

2020-02-07 15:06:31 - [TEST_STEP][PASSED] - beamFail = "P": null

2020-02-07 15:06:31 - [TEST_STEP][PASSED] - if (!(verifyElementPropertyValue(response, "data.product.down", myuff))): Verify element property value successfully

2020-02-07 15:06:31 - [MESSAGE][PASSED] - Verify element property value successfully

2020-02-07 15:06:31 - [TEST_STEP][PASSED] - else: null

2020-02-07 15:06:31 - [TEST_STEP][PASSED] - uffFail = "P": null

2020-02-07 15:06:31 - [TEST_STEP][PASSED] - jsonSlurper = new groovy.json.JsonSlurper(): null

2020-02-07 15:06:31 - [TEST_STEP][PASSED] - object = jsonSlurper.parseText(response.getResponseText()): null

2020-02-07 15:06:31 - [TEST_STEP][PASSED] - println(object): null

2020-02-07 15:06:31 - [TEST_STEP][PASSED] - mytest = plans: null

2020-02-07 15:06:31 - [TEST_STEP][PASSED] - variable = mytest: null

2020-02-07 15:06:31 - [MESSAGE][PASSED] - Verify response successfully

2020-02-07 15:06:31 - [MESSAGE][PASSED] - Send request and verify the response successfully

2020-02-07 15:06:31 - [TEST_STEP][PASSED] - setValueToCellByAddress(sheet01, "E" + mycount, variable): null

2020-02-07 15:06:31 - [TEST_STEP][PASSED] - saveWorkbook(excelFile01, workbook01): null]]></system-out>
         <system-err><![CDATA[]]></system-err>
      </testcase>
      <testcase name="Test Cases/Test_Beams_by_Zip_to_Excel" time="2.711" classname="Test Cases/Test_Beams_by_Zip_to_Excel" status="PASSED">
         <system-out><![CDATA[2020-02-07 15:06:31 - [TEST_CASE][PASSED] - Test Cases/Test_Beams_by_Zip_to_Excel: Test Cases/Test_Beams_by_Zip_to_Excel

2020-02-07 15:06:31 - [TEST_STEP][PASSED] - excelFile01 = "beams-test-results.xlsx": null

2020-02-07 15:06:31 - [TEST_STEP][PASSED] - ExpectedListSheetFile1 = ["Sheet1"]: null

2020-02-07 15:06:31 - [TEST_STEP][PASSED] - workbookFile01 = getWorkbook(excelFile01): null

2020-02-07 15:06:31 - [TEST_STEP][PASSED] - workbook01 = getWorkbook(excelFile01): null

2020-02-07 15:06:31 - [TEST_STEP][PASSED] - sheet01 = getExcelSheet(workbook01, "Sheet1"): null

2020-02-07 15:06:31 - [TEST_STEP][PASSED] - setValueToCellByAddress(sheet01, "A1", "TEST"): null

2020-02-07 15:06:31 - [TEST_STEP][PASSED] - setValueToCellByAddress(sheet01, "B1", "BEAM"): null

2020-02-07 15:06:31 - [TEST_STEP][PASSED] - setValueToCellByAddress(sheet01, "C1", "UFF"): null

2020-02-07 15:06:31 - [TEST_STEP][PASSED] - setValueToCellByAddress(sheet01, "D1", "PLAN"): null

2020-02-07 15:06:31 - [TEST_STEP][PASSED] - setValueToCellByAddress(sheet01, "E1", "API PLAN"): null

2020-02-07 15:06:31 - [TEST_STEP][PASSED] - mybeam = mybeam: null

2020-02-07 15:06:31 - [TEST_STEP][PASSED] - myuff = myuff: null

2020-02-07 15:06:31 - [TEST_STEP][PASSED] - myplan = myplan: null

2020-02-07 15:06:31 - [TEST_STEP][PASSED] - log = new com.kms.katalon.core.logging.KeywordLogger(): null

2020-02-07 15:06:31 - [TEST_STEP][PASSED] - log.logWarning("beam " + mybeam + " zip " + myzip + " upfront fees " + myuff + " plan " + myplan): beam 448 zip 04736 upfront fees 0 plan VS2 High Fill

2020-02-07 15:06:31 - [MESSAGE][WARNING] - beam 448 zip 04736 upfront fees 0 plan VS2 High Fill

2020-02-07 15:06:31 - [TEST_STEP][PASSED] - setValueToCellByAddress(sheet01, "B" + mycount, beamFail): null

2020-02-07 15:06:31 - [TEST_STEP][PASSED] - setValueToCellByAddress(sheet01, "C" + mycount, uffFail): null

2020-02-07 15:06:31 - [TEST_STEP][PASSED] - mycount = mycount + 1: null

2020-02-07 15:06:31 - [TEST_STEP][PASSED] - setValueToCellByAddress(sheet01, "A" + mycount, "beam " + mybeam + " zip " + myzip + " upfront fees " + myuff + " plan " + myplan): null

2020-02-07 15:06:31 - [TEST_STEP][PASSED] - setValueToCellByAddress(sheet01, "D" + mycount, myplan): null

2020-02-07 15:06:31 - [TEST_STEP][PASSED] - sendRequestAndVerify(findTestObject("Exede_Zip", ["myzip":myzip])): Send request and verify the response successfully

2020-02-07 15:06:34 - [MESSAGE][INFO] - HAR: /Users/jhampleman/Katalon Studio/Exede_Beam_Tests_v2.1 copy/Reports/20200207_150435/RUN_Exede_Zip_Test/20200207_150435/requests/main/53.har

2020-02-07 15:06:34 - [TEST_CASE][PASSED] - Start Test Case : Verification: Verification accomplished successfully

2020-02-07 15:06:34 - [TEST_STEP][PASSED] - request = getInstance().getCurrentRequest(): null

2020-02-07 15:06:34 - [TEST_STEP][PASSED] - response = getInstance().getCurrentResponse(): null

2020-02-07 15:06:34 - [TEST_STEP][PASSED] - if (!(verifyElementPropertyValue(response, "data.beam", mybeam))): Verify element property value successfully

2020-02-07 15:06:34 - [MESSAGE][PASSED] - Verify element property value successfully

2020-02-07 15:06:34 - [TEST_STEP][PASSED] - else: null

2020-02-07 15:06:34 - [TEST_STEP][PASSED] - beamFail = "P": null

2020-02-07 15:06:34 - [TEST_STEP][PASSED] - if (!(verifyElementPropertyValue(response, "data.product.down", myuff))): Verify element property value successfully

2020-02-07 15:06:34 - [MESSAGE][PASSED] - Verify element property value successfully

2020-02-07 15:06:34 - [TEST_STEP][PASSED] - else: null

2020-02-07 15:06:34 - [TEST_STEP][PASSED] - uffFail = "P": null

2020-02-07 15:06:34 - [TEST_STEP][PASSED] - jsonSlurper = new groovy.json.JsonSlurper(): null

2020-02-07 15:06:34 - [TEST_STEP][PASSED] - object = jsonSlurper.parseText(response.getResponseText()): null

2020-02-07 15:06:34 - [TEST_STEP][PASSED] - println(object): null

2020-02-07 15:06:34 - [TEST_STEP][PASSED] - mytest = plans: null

2020-02-07 15:06:34 - [TEST_STEP][PASSED] - variable = mytest: null

2020-02-07 15:06:34 - [MESSAGE][PASSED] - Verify response successfully

2020-02-07 15:06:34 - [MESSAGE][PASSED] - Send request and verify the response successfully

2020-02-07 15:06:34 - [TEST_STEP][PASSED] - setValueToCellByAddress(sheet01, "E" + mycount, variable): null

2020-02-07 15:06:34 - [TEST_STEP][PASSED] - saveWorkbook(excelFile01, workbook01): null]]></system-out>
         <system-err><![CDATA[]]></system-err>
      </testcase>
      <testcase name="Test Cases/Test_Beams_by_Zip_to_Excel" time="1.948" classname="Test Cases/Test_Beams_by_Zip_to_Excel" status="PASSED">
         <system-out><![CDATA[2020-02-07 15:06:34 - [TEST_CASE][PASSED] - Test Cases/Test_Beams_by_Zip_to_Excel: Test Cases/Test_Beams_by_Zip_to_Excel

2020-02-07 15:06:34 - [TEST_STEP][PASSED] - excelFile01 = "beams-test-results.xlsx": null

2020-02-07 15:06:34 - [TEST_STEP][PASSED] - ExpectedListSheetFile1 = ["Sheet1"]: null

2020-02-07 15:06:34 - [TEST_STEP][PASSED] - workbookFile01 = getWorkbook(excelFile01): null

2020-02-07 15:06:34 - [TEST_STEP][PASSED] - workbook01 = getWorkbook(excelFile01): null

2020-02-07 15:06:34 - [TEST_STEP][PASSED] - sheet01 = getExcelSheet(workbook01, "Sheet1"): null

2020-02-07 15:06:34 - [TEST_STEP][PASSED] - setValueToCellByAddress(sheet01, "A1", "TEST"): null

2020-02-07 15:06:34 - [TEST_STEP][PASSED] - setValueToCellByAddress(sheet01, "B1", "BEAM"): null

2020-02-07 15:06:34 - [TEST_STEP][PASSED] - setValueToCellByAddress(sheet01, "C1", "UFF"): null

2020-02-07 15:06:34 - [TEST_STEP][PASSED] - setValueToCellByAddress(sheet01, "D1", "PLAN"): null

2020-02-07 15:06:34 - [TEST_STEP][PASSED] - setValueToCellByAddress(sheet01, "E1", "API PLAN"): null

2020-02-07 15:06:34 - [TEST_STEP][PASSED] - mybeam = mybeam: null

2020-02-07 15:06:34 - [TEST_STEP][PASSED] - myuff = myuff: null

2020-02-07 15:06:34 - [TEST_STEP][PASSED] - myplan = myplan: null

2020-02-07 15:06:34 - [TEST_STEP][PASSED] - log = new com.kms.katalon.core.logging.KeywordLogger(): null

2020-02-07 15:06:34 - [TEST_STEP][PASSED] - log.logWarning("beam " + mybeam + " zip " + myzip + " upfront fees " + myuff + " plan " + myplan): beam 457 zip 97850 upfront fees 0 plan VS2 High Fill

2020-02-07 15:06:34 - [MESSAGE][WARNING] - beam 457 zip 97850 upfront fees 0 plan VS2 High Fill

2020-02-07 15:06:34 - [TEST_STEP][PASSED] - setValueToCellByAddress(sheet01, "B" + mycount, beamFail): null

2020-02-07 15:06:34 - [TEST_STEP][PASSED] - setValueToCellByAddress(sheet01, "C" + mycount, uffFail): null

2020-02-07 15:06:34 - [TEST_STEP][PASSED] - mycount = mycount + 1: null

2020-02-07 15:06:34 - [TEST_STEP][PASSED] - setValueToCellByAddress(sheet01, "A" + mycount, "beam " + mybeam + " zip " + myzip + " upfront fees " + myuff + " plan " + myplan): null

2020-02-07 15:06:34 - [TEST_STEP][PASSED] - setValueToCellByAddress(sheet01, "D" + mycount, myplan): null

2020-02-07 15:06:34 - [TEST_STEP][PASSED] - sendRequestAndVerify(findTestObject("Exede_Zip", ["myzip":myzip])): Send request and verify the response successfully

2020-02-07 15:06:36 - [MESSAGE][INFO] - HAR: /Users/jhampleman/Katalon Studio/Exede_Beam_Tests_v2.1 copy/Reports/20200207_150435/RUN_Exede_Zip_Test/20200207_150435/requests/main/54.har

2020-02-07 15:06:36 - [TEST_CASE][PASSED] - Start Test Case : Verification: Verification accomplished successfully

2020-02-07 15:06:36 - [TEST_STEP][PASSED] - request = getInstance().getCurrentRequest(): null

2020-02-07 15:06:36 - [TEST_STEP][PASSED] - response = getInstance().getCurrentResponse(): null

2020-02-07 15:06:36 - [TEST_STEP][PASSED] - if (!(verifyElementPropertyValue(response, "data.beam", mybeam))): Verify element property value successfully

2020-02-07 15:06:36 - [MESSAGE][PASSED] - Verify element property value successfully

2020-02-07 15:06:36 - [TEST_STEP][PASSED] - else: null

2020-02-07 15:06:36 - [TEST_STEP][PASSED] - beamFail = "P": null

2020-02-07 15:06:36 - [TEST_STEP][PASSED] - if (!(verifyElementPropertyValue(response, "data.product.down", myuff))): Verify element property value successfully

2020-02-07 15:06:36 - [MESSAGE][PASSED] - Verify element property value successfully

2020-02-07 15:06:36 - [TEST_STEP][PASSED] - else: null

2020-02-07 15:06:36 - [TEST_STEP][PASSED] - uffFail = "P": null

2020-02-07 15:06:36 - [TEST_STEP][PASSED] - jsonSlurper = new groovy.json.JsonSlurper(): null

2020-02-07 15:06:36 - [TEST_STEP][PASSED] - object = jsonSlurper.parseText(response.getResponseText()): null

2020-02-07 15:06:36 - [TEST_STEP][PASSED] - println(object): null

2020-02-07 15:06:36 - [TEST_STEP][PASSED] - mytest = plans: null

2020-02-07 15:06:36 - [TEST_STEP][PASSED] - variable = mytest: null

2020-02-07 15:06:36 - [MESSAGE][PASSED] - Verify response successfully

2020-02-07 15:06:36 - [MESSAGE][PASSED] - Send request and verify the response successfully

2020-02-07 15:06:36 - [TEST_STEP][PASSED] - setValueToCellByAddress(sheet01, "E" + mycount, variable): null

2020-02-07 15:06:36 - [TEST_STEP][PASSED] - saveWorkbook(excelFile01, workbook01): null]]></system-out>
         <system-err><![CDATA[]]></system-err>
      </testcase>
      <testcase name="Test Cases/Test_Beams_by_Zip_to_Excel" time="2.036" classname="Test Cases/Test_Beams_by_Zip_to_Excel" status="PASSED">
         <system-out><![CDATA[2020-02-07 15:06:36 - [TEST_CASE][PASSED] - Test Cases/Test_Beams_by_Zip_to_Excel: Test Cases/Test_Beams_by_Zip_to_Excel

2020-02-07 15:06:36 - [TEST_STEP][PASSED] - excelFile01 = "beams-test-results.xlsx": null

2020-02-07 15:06:36 - [TEST_STEP][PASSED] - ExpectedListSheetFile1 = ["Sheet1"]: null

2020-02-07 15:06:36 - [TEST_STEP][PASSED] - workbookFile01 = getWorkbook(excelFile01): null

2020-02-07 15:06:36 - [TEST_STEP][PASSED] - workbook01 = getWorkbook(excelFile01): null

2020-02-07 15:06:36 - [TEST_STEP][PASSED] - sheet01 = getExcelSheet(workbook01, "Sheet1"): null

2020-02-07 15:06:36 - [TEST_STEP][PASSED] - setValueToCellByAddress(sheet01, "A1", "TEST"): null

2020-02-07 15:06:36 - [TEST_STEP][PASSED] - setValueToCellByAddress(sheet01, "B1", "BEAM"): null

2020-02-07 15:06:36 - [TEST_STEP][PASSED] - setValueToCellByAddress(sheet01, "C1", "UFF"): null

2020-02-07 15:06:36 - [TEST_STEP][PASSED] - setValueToCellByAddress(sheet01, "D1", "PLAN"): null

2020-02-07 15:06:36 - [TEST_STEP][PASSED] - setValueToCellByAddress(sheet01, "E1", "API PLAN"): null

2020-02-07 15:06:36 - [TEST_STEP][PASSED] - mybeam = mybeam: null

2020-02-07 15:06:36 - [TEST_STEP][PASSED] - myuff = myuff: null

2020-02-07 15:06:36 - [TEST_STEP][PASSED] - myplan = myplan: null

2020-02-07 15:06:36 - [TEST_STEP][PASSED] - log = new com.kms.katalon.core.logging.KeywordLogger(): null

2020-02-07 15:06:36 - [TEST_STEP][PASSED] - log.logWarning("beam " + mybeam + " zip " + myzip + " upfront fees " + myuff + " plan " + myplan): beam 458 zip 59829 upfront fees 150 plan VS2 High Fill

2020-02-07 15:06:36 - [MESSAGE][WARNING] - beam 458 zip 59829 upfront fees 150 plan VS2 High Fill

2020-02-07 15:06:36 - [TEST_STEP][PASSED] - setValueToCellByAddress(sheet01, "B" + mycount, beamFail): null

2020-02-07 15:06:36 - [TEST_STEP][PASSED] - setValueToCellByAddress(sheet01, "C" + mycount, uffFail): null

2020-02-07 15:06:36 - [TEST_STEP][PASSED] - mycount = mycount + 1: null

2020-02-07 15:06:36 - [TEST_STEP][PASSED] - setValueToCellByAddress(sheet01, "A" + mycount, "beam " + mybeam + " zip " + myzip + " upfront fees " + myuff + " plan " + myplan): null

2020-02-07 15:06:36 - [TEST_STEP][PASSED] - setValueToCellByAddress(sheet01, "D" + mycount, myplan): null

2020-02-07 15:06:36 - [TEST_STEP][PASSED] - sendRequestAndVerify(findTestObject("Exede_Zip", ["myzip":myzip])): Send request and verify the response successfully

2020-02-07 15:06:38 - [MESSAGE][INFO] - HAR: /Users/jhampleman/Katalon Studio/Exede_Beam_Tests_v2.1 copy/Reports/20200207_150435/RUN_Exede_Zip_Test/20200207_150435/requests/main/55.har

2020-02-07 15:06:38 - [TEST_CASE][PASSED] - Start Test Case : Verification: Verification accomplished successfully

2020-02-07 15:06:38 - [TEST_STEP][PASSED] - request = getInstance().getCurrentRequest(): null

2020-02-07 15:06:38 - [TEST_STEP][PASSED] - response = getInstance().getCurrentResponse(): null

2020-02-07 15:06:38 - [TEST_STEP][PASSED] - if (!(verifyElementPropertyValue(response, "data.beam", mybeam))): Verify element property value successfully

2020-02-07 15:06:38 - [MESSAGE][PASSED] - Verify element property value successfully

2020-02-07 15:06:38 - [TEST_STEP][PASSED] - else: null

2020-02-07 15:06:38 - [TEST_STEP][PASSED] - beamFail = "P": null

2020-02-07 15:06:38 - [TEST_STEP][PASSED] - if (!(verifyElementPropertyValue(response, "data.product.down", myuff))): Verify element property value successfully

2020-02-07 15:06:38 - [MESSAGE][PASSED] - Verify element property value successfully

2020-02-07 15:06:38 - [TEST_STEP][PASSED] - else: null

2020-02-07 15:06:38 - [TEST_STEP][PASSED] - uffFail = "P": null

2020-02-07 15:06:38 - [TEST_STEP][PASSED] - jsonSlurper = new groovy.json.JsonSlurper(): null

2020-02-07 15:06:38 - [TEST_STEP][PASSED] - object = jsonSlurper.parseText(response.getResponseText()): null

2020-02-07 15:06:38 - [TEST_STEP][PASSED] - println(object): null

2020-02-07 15:06:38 - [TEST_STEP][PASSED] - mytest = plans: null

2020-02-07 15:06:38 - [TEST_STEP][PASSED] - variable = mytest: null

2020-02-07 15:06:38 - [MESSAGE][PASSED] - Verify response successfully

2020-02-07 15:06:38 - [MESSAGE][PASSED] - Send request and verify the response successfully

2020-02-07 15:06:38 - [TEST_STEP][PASSED] - setValueToCellByAddress(sheet01, "E" + mycount, variable): null

2020-02-07 15:06:38 - [TEST_STEP][PASSED] - saveWorkbook(excelFile01, workbook01): null]]></system-out>
         <system-err><![CDATA[]]></system-err>
      </testcase>
      <testcase name="Test Cases/Test_Beams_by_Zip_to_Excel" time="2.049" classname="Test Cases/Test_Beams_by_Zip_to_Excel" status="FAILED">
         <failure type="FAILED" message="Test Cases/Test_Beams_by_Zip_to_Excel FAILED.
Reason:
com.kms.katalon.core.exception.StepFailedException: Expected element property value '459' is not equal with actual property value '153'
	at com.kms.katalon.core.keyword.internal.KeywordMain.stepFailed(KeywordMain.groovy:39)
	at com.kms.katalon.core.webservice.keyword.builtin.VerifyElementPropertyValueKeyword$_verifyElementPropertyValue_closure1.doCall(VerifyElementPropertyValueKeyword.groovy:56)
	at com.kms.katalon.core.webservice.keyword.builtin.VerifyElementPropertyValueKeyword$_verifyElementPropertyValue_closure1.call(VerifyElementPropertyValueKeyword.groovy)
	at com.kms.katalon.core.keyword.internal.KeywordMain.runKeyword(KeywordMain.groovy:68)
	at com.kms.katalon.core.webservice.keyword.builtin.VerifyElementPropertyValueKeyword.verifyElementPropertyValue(VerifyElementPropertyValueKeyword.groovy:48)
	at com.kms.katalon.core.webservice.keyword.builtin.VerifyElementPropertyValueKeyword.execute(VerifyElementPropertyValueKeyword.groovy:43)
	at com.kms.katalon.core.keyword.internal.KeywordExecutor.executeKeywordForPlatform(KeywordExecutor.groovy:72)
	at com.kms.katalon.core.webservice.keyword.WSBuiltInKeywords.verifyElementPropertyValue(WSBuiltInKeywords.groovy:189)
	at com.kms.katalon.core.webservice.keyword.WSBuiltInKeywords$verifyElementPropertyValue$0.call(Unknown Source)
	at WSVerification1581113200528.run(WSVerification1581113200528:16)
	at com.kms.katalon.core.main.ScriptEngine.run(ScriptEngine.java:194)
	at com.kms.katalon.core.main.ScriptEngine.runScriptAsRawText(ScriptEngine.java:119)
	at com.kms.katalon.core.main.WSVerificationExecutor.runScript(WSVerificationExecutor.java:146)
	at com.kms.katalon.core.main.WSVerificationExecutor.doExecute(WSVerificationExecutor.java:140)
	at com.kms.katalon.core.main.WSVerificationExecutor.processExecutionPhase(WSVerificationExecutor.java:123)
	at com.kms.katalon.core.main.WSVerificationExecutor.accessMainPhase(WSVerificationExecutor.java:115)
	at com.kms.katalon.core.main.WSVerificationExecutor.execute(WSVerificationExecutor.java:103)
	at com.kms.katalon.core.main.TestCaseMain.runWSVerificationScript(TestCaseMain.java:127)
	at com.kms.katalon.core.webservice.keyword.builtin.SendRequestAndVerifyKeyword$_sendRequestAndVerify_closure1.doCall(SendRequestAndVerifyKeyword.groovy:55)
	at com.kms.katalon.core.webservice.keyword.builtin.SendRequestAndVerifyKeyword$_sendRequestAndVerify_closure1.call(SendRequestAndVerifyKeyword.groovy)
	at com.kms.katalon.core.keyword.internal.KeywordMain.runKeyword(KeywordMain.groovy:68)
	at com.kms.katalon.core.webservice.keyword.builtin.SendRequestAndVerifyKeyword.sendRequestAndVerify(SendRequestAndVerifyKeyword.groovy:43)
	at com.kms.katalon.core.webservice.keyword.builtin.SendRequestAndVerifyKeyword.execute(SendRequestAndVerifyKeyword.groovy:38)
	at com.kms.katalon.core.keyword.internal.KeywordExecutor.executeKeywordForPlatform(KeywordExecutor.groovy:72)
	at com.kms.katalon.core.webservice.keyword.WSBuiltInKeywords.sendRequestAndVerify(WSBuiltInKeywords.groovy:65)
	at com.kms.katalon.core.webservice.keyword.WSBuiltInKeywords$sendRequestAndVerify.call(Unknown Source)
	at Test_Beams_by_Zip_to_Excel.run(Test_Beams_by_Zip_to_Excel:68)
	at com.kms.katalon.core.main.ScriptEngine.run(ScriptEngine.java:194)
	at com.kms.katalon.core.main.ScriptEngine.runScriptAsRawText(ScriptEngine.java:119)
	at com.kms.katalon.core.main.TestCaseExecutor.runScript(TestCaseExecutor.java:337)
	at com.kms.katalon.core.main.TestCaseExecutor.doExecute(TestCaseExecutor.java:328)
	at com.kms.katalon.core.main.TestCaseExecutor.processExecutionPhase(TestCaseExecutor.java:307)
	at com.kms.katalon.core.main.TestCaseExecutor.accessMainPhase(TestCaseExecutor.java:299)
	at com.kms.katalon.core.main.TestCaseExecutor.execute(TestCaseExecutor.java:233)
	at com.kms.katalon.core.main.TestSuiteExecutor.accessTestCaseMainPhase(TestSuiteExecutor.java:169)
	at com.kms.katalon.core.main.TestSuiteExecutor.accessTestSuiteMainPhase(TestSuiteExecutor.java:142)
	at com.kms.katalon.core.main.TestSuiteExecutor.execute(TestSuiteExecutor.java:91)
	at com.kms.katalon.core.main.TestCaseMain.startTestSuite(TestCaseMain.java:157)
	at com.kms.katalon.core.main.TestCaseMain$startTestSuite$0.call(Unknown Source)
	at TempTestSuite1581113075265.run(TempTestSuite1581113075265.groovy:36)
"/>
         <system-out><![CDATA[2020-02-07 15:06:38 - [TEST_CASE][FAILED] - Test Cases/Test_Beams_by_Zip_to_Excel: Test Cases/Test_Beams_by_Zip_to_Excel FAILED.
Reason:
com.kms.katalon.core.exception.StepFailedException: Expected element property value '459' is not equal with actual property value '153'
	at com.kms.katalon.core.keyword.internal.KeywordMain.stepFailed(KeywordMain.groovy:39)
	at com.kms.katalon.core.webservice.keyword.builtin.VerifyElementPropertyValueKeyword$_verifyElementPropertyValue_closure1.doCall(VerifyElementPropertyValueKeyword.groovy:56)
	at com.kms.katalon.core.webservice.keyword.builtin.VerifyElementPropertyValueKeyword$_verifyElementPropertyValue_closure1.call(VerifyElementPropertyValueKeyword.groovy)
	at com.kms.katalon.core.keyword.internal.KeywordMain.runKeyword(KeywordMain.groovy:68)
	at com.kms.katalon.core.webservice.keyword.builtin.VerifyElementPropertyValueKeyword.verifyElementPropertyValue(VerifyElementPropertyValueKeyword.groovy:48)
	at com.kms.katalon.core.webservice.keyword.builtin.VerifyElementPropertyValueKeyword.execute(VerifyElementPropertyValueKeyword.groovy:43)
	at com.kms.katalon.core.keyword.internal.KeywordExecutor.executeKeywordForPlatform(KeywordExecutor.groovy:72)
	at com.kms.katalon.core.webservice.keyword.WSBuiltInKeywords.verifyElementPropertyValue(WSBuiltInKeywords.groovy:189)
	at com.kms.katalon.core.webservice.keyword.WSBuiltInKeywords$verifyElementPropertyValue$0.call(Unknown Source)
	at WSVerification1581113200528.run(WSVerification1581113200528:16)
	at com.kms.katalon.core.main.ScriptEngine.run(ScriptEngine.java:194)
	at com.kms.katalon.core.main.ScriptEngine.runScriptAsRawText(ScriptEngine.java:119)
	at com.kms.katalon.core.main.WSVerificationExecutor.runScript(WSVerificationExecutor.java:146)
	at com.kms.katalon.core.main.WSVerificationExecutor.doExecute(WSVerificationExecutor.java:140)
	at com.kms.katalon.core.main.WSVerificationExecutor.processExecutionPhase(WSVerificationExecutor.java:123)
	at com.kms.katalon.core.main.WSVerificationExecutor.accessMainPhase(WSVerificationExecutor.java:115)
	at com.kms.katalon.core.main.WSVerificationExecutor.execute(WSVerificationExecutor.java:103)
	at com.kms.katalon.core.main.TestCaseMain.runWSVerificationScript(TestCaseMain.java:127)
	at com.kms.katalon.core.webservice.keyword.builtin.SendRequestAndVerifyKeyword$_sendRequestAndVerify_closure1.doCall(SendRequestAndVerifyKeyword.groovy:55)
	at com.kms.katalon.core.webservice.keyword.builtin.SendRequestAndVerifyKeyword$_sendRequestAndVerify_closure1.call(SendRequestAndVerifyKeyword.groovy)
	at com.kms.katalon.core.keyword.internal.KeywordMain.runKeyword(KeywordMain.groovy:68)
	at com.kms.katalon.core.webservice.keyword.builtin.SendRequestAndVerifyKeyword.sendRequestAndVerify(SendRequestAndVerifyKeyword.groovy:43)
	at com.kms.katalon.core.webservice.keyword.builtin.SendRequestAndVerifyKeyword.execute(SendRequestAndVerifyKeyword.groovy:38)
	at com.kms.katalon.core.keyword.internal.KeywordExecutor.executeKeywordForPlatform(KeywordExecutor.groovy:72)
	at com.kms.katalon.core.webservice.keyword.WSBuiltInKeywords.sendRequestAndVerify(WSBuiltInKeywords.groovy:65)
	at com.kms.katalon.core.webservice.keyword.WSBuiltInKeywords$sendRequestAndVerify.call(Unknown Source)
	at Test_Beams_by_Zip_to_Excel.run(Test_Beams_by_Zip_to_Excel:68)
	at com.kms.katalon.core.main.ScriptEngine.run(ScriptEngine.java:194)
	at com.kms.katalon.core.main.ScriptEngine.runScriptAsRawText(ScriptEngine.java:119)
	at com.kms.katalon.core.main.TestCaseExecutor.runScript(TestCaseExecutor.java:337)
	at com.kms.katalon.core.main.TestCaseExecutor.doExecute(TestCaseExecutor.java:328)
	at com.kms.katalon.core.main.TestCaseExecutor.processExecutionPhase(TestCaseExecutor.java:307)
	at com.kms.katalon.core.main.TestCaseExecutor.accessMainPhase(TestCaseExecutor.java:299)
	at com.kms.katalon.core.main.TestCaseExecutor.execute(TestCaseExecutor.java:233)
	at com.kms.katalon.core.main.TestSuiteExecutor.accessTestCaseMainPhase(TestSuiteExecutor.java:169)
	at com.kms.katalon.core.main.TestSuiteExecutor.accessTestSuiteMainPhase(TestSuiteExecutor.java:142)
	at com.kms.katalon.core.main.TestSuiteExecutor.execute(TestSuiteExecutor.java:91)
	at com.kms.katalon.core.main.TestCaseMain.startTestSuite(TestCaseMain.java:157)
	at com.kms.katalon.core.main.TestCaseMain$startTestSuite$0.call(Unknown Source)
	at TempTestSuite1581113075265.run(TempTestSuite1581113075265.groovy:36)


2020-02-07 15:06:38 - [TEST_STEP][PASSED] - excelFile01 = "beams-test-results.xlsx": null

2020-02-07 15:06:38 - [TEST_STEP][PASSED] - ExpectedListSheetFile1 = ["Sheet1"]: null

2020-02-07 15:06:38 - [TEST_STEP][PASSED] - workbookFile01 = getWorkbook(excelFile01): null

2020-02-07 15:06:38 - [TEST_STEP][PASSED] - workbook01 = getWorkbook(excelFile01): null

2020-02-07 15:06:38 - [TEST_STEP][PASSED] - sheet01 = getExcelSheet(workbook01, "Sheet1"): null

2020-02-07 15:06:38 - [TEST_STEP][PASSED] - setValueToCellByAddress(sheet01, "A1", "TEST"): null

2020-02-07 15:06:38 - [TEST_STEP][PASSED] - setValueToCellByAddress(sheet01, "B1", "BEAM"): null

2020-02-07 15:06:38 - [TEST_STEP][PASSED] - setValueToCellByAddress(sheet01, "C1", "UFF"): null

2020-02-07 15:06:38 - [TEST_STEP][PASSED] - setValueToCellByAddress(sheet01, "D1", "PLAN"): null

2020-02-07 15:06:38 - [TEST_STEP][PASSED] - setValueToCellByAddress(sheet01, "E1", "API PLAN"): null

2020-02-07 15:06:38 - [TEST_STEP][PASSED] - mybeam = mybeam: null

2020-02-07 15:06:38 - [TEST_STEP][PASSED] - myuff = myuff: null

2020-02-07 15:06:38 - [TEST_STEP][PASSED] - myplan = myplan: null

2020-02-07 15:06:38 - [TEST_STEP][PASSED] - log = new com.kms.katalon.core.logging.KeywordLogger(): null

2020-02-07 15:06:38 - [TEST_STEP][PASSED] - log.logWarning("beam " + mybeam + " zip " + myzip + " upfront fees " + myuff + " plan " + myplan): beam 459 zip 59101 upfront fees 150 plan VS2 High Fill

2020-02-07 15:06:38 - [MESSAGE][WARNING] - beam 459 zip 59101 upfront fees 150 plan VS2 High Fill

2020-02-07 15:06:38 - [TEST_STEP][PASSED] - setValueToCellByAddress(sheet01, "B" + mycount, beamFail): null

2020-02-07 15:06:38 - [TEST_STEP][PASSED] - setValueToCellByAddress(sheet01, "C" + mycount, uffFail): null

2020-02-07 15:06:38 - [TEST_STEP][PASSED] - mycount = mycount + 1: null

2020-02-07 15:06:38 - [TEST_STEP][PASSED] - setValueToCellByAddress(sheet01, "A" + mycount, "beam " + mybeam + " zip " + myzip + " upfront fees " + myuff + " plan " + myplan): null

2020-02-07 15:06:38 - [TEST_STEP][PASSED] - setValueToCellByAddress(sheet01, "D" + mycount, myplan): null

2020-02-07 15:06:38 - [TEST_STEP][FAILED] - sendRequestAndVerify(findTestObject("Exede_Zip", ["myzip":myzip])): Unable to send request and verify the response (Root cause: com.kms.katalon.core.exception.StepFailedException: Verification failed
	at com.kms.katalon.core.webservice.keyword.builtin.SendRequestAndVerifyKeyword$_sendRequestAndVerify_closure1.doCall(SendRequestAndVerifyKeyword.groovy:59)
	at com.kms.katalon.core.webservice.keyword.builtin.SendRequestAndVerifyKeyword$_sendRequestAndVerify_closure1.call(SendRequestAndVerifyKeyword.groovy)
	at com.kms.katalon.core.keyword.internal.KeywordMain.runKeyword(KeywordMain.groovy:68)
	at com.kms.katalon.core.webservice.keyword.builtin.SendRequestAndVerifyKeyword.sendRequestAndVerify(SendRequestAndVerifyKeyword.groovy:43)
	at com.kms.katalon.core.webservice.keyword.builtin.SendRequestAndVerifyKeyword.execute(SendRequestAndVerifyKeyword.groovy:38)
	at com.kms.katalon.core.keyword.internal.KeywordExecutor.executeKeywordForPlatform(KeywordExecutor.groovy:72)
	at com.kms.katalon.core.webservice.keyword.WSBuiltInKeywords.sendRequestAndVerify(WSBuiltInKeywords.groovy:65)
	at com.kms.katalon.core.webservice.keyword.WSBuiltInKeywords$sendRequestAndVerify.call(Unknown Source)
	at Test_Beams_by_Zip_to_Excel.run(Test_Beams_by_Zip_to_Excel:68)
	at com.kms.katalon.core.main.ScriptEngine.run(ScriptEngine.java:194)
	at com.kms.katalon.core.main.ScriptEngine.runScriptAsRawText(ScriptEngine.java:119)
	at com.kms.katalon.core.main.TestCaseExecutor.runScript(TestCaseExecutor.java:337)
	at com.kms.katalon.core.main.TestCaseExecutor.doExecute(TestCaseExecutor.java:328)
	at com.kms.katalon.core.main.TestCaseExecutor.processExecutionPhase(TestCaseExecutor.java:307)
	at com.kms.katalon.core.main.TestCaseExecutor.accessMainPhase(TestCaseExecutor.java:299)
	at com.kms.katalon.core.main.TestCaseExecutor.execute(TestCaseExecutor.java:233)
	at com.kms.katalon.core.main.TestSuiteExecutor.accessTestCaseMainPhase(TestSuiteExecutor.java:169)
	at com.kms.katalon.core.main.TestSuiteExecutor.accessTestSuiteMainPhase(TestSuiteExecutor.java:142)
	at com.kms.katalon.core.main.TestSuiteExecutor.execute(TestSuiteExecutor.java:91)
	at com.kms.katalon.core.main.TestCaseMain.startTestSuite(TestCaseMain.java:157)
	at com.kms.katalon.core.main.TestCaseMain$startTestSuite$0.call(Unknown Source)
	at TempTestSuite1581113075265.run(TempTestSuite1581113075265.groovy:36)
)

2020-02-07 15:06:40 - [MESSAGE][INFO] - HAR: /Users/jhampleman/Katalon Studio/Exede_Beam_Tests_v2.1 copy/Reports/20200207_150435/RUN_Exede_Zip_Test/20200207_150435/requests/main/56.har

2020-02-07 15:06:40 - [TEST_CASE][FAILED] - Start Test Case : Verification: Verification FAILED.
Reason:
com.kms.katalon.core.exception.StepFailedException: Expected element property value '459' is not equal with actual property value '153'
	at com.kms.katalon.core.keyword.internal.KeywordMain.stepFailed(KeywordMain.groovy:39)
	at com.kms.katalon.core.webservice.keyword.builtin.VerifyElementPropertyValueKeyword$_verifyElementPropertyValue_closure1.doCall(VerifyElementPropertyValueKeyword.groovy:56)
	at com.kms.katalon.core.webservice.keyword.builtin.VerifyElementPropertyValueKeyword$_verifyElementPropertyValue_closure1.call(VerifyElementPropertyValueKeyword.groovy)
	at com.kms.katalon.core.keyword.internal.KeywordMain.runKeyword(KeywordMain.groovy:68)
	at com.kms.katalon.core.webservice.keyword.builtin.VerifyElementPropertyValueKeyword.verifyElementPropertyValue(VerifyElementPropertyValueKeyword.groovy:48)
	at com.kms.katalon.core.webservice.keyword.builtin.VerifyElementPropertyValueKeyword.execute(VerifyElementPropertyValueKeyword.groovy:43)
	at com.kms.katalon.core.keyword.internal.KeywordExecutor.executeKeywordForPlatform(KeywordExecutor.groovy:72)
	at com.kms.katalon.core.webservice.keyword.WSBuiltInKeywords.verifyElementPropertyValue(WSBuiltInKeywords.groovy:189)
	at com.kms.katalon.core.webservice.keyword.WSBuiltInKeywords$verifyElementPropertyValue$0.call(Unknown Source)
	at WSVerification1581113200528.run(WSVerification1581113200528:16)
	at com.kms.katalon.core.main.ScriptEngine.run(ScriptEngine.java:194)
	at com.kms.katalon.core.main.ScriptEngine.runScriptAsRawText(ScriptEngine.java:119)
	at com.kms.katalon.core.main.WSVerificationExecutor.runScript(WSVerificationExecutor.java:146)
	at com.kms.katalon.core.main.WSVerificationExecutor.doExecute(WSVerificationExecutor.java:140)
	at com.kms.katalon.core.main.WSVerificationExecutor.processExecutionPhase(WSVerificationExecutor.java:123)
	at com.kms.katalon.core.main.WSVerificationExecutor.accessMainPhase(WSVerificationExecutor.java:115)
	at com.kms.katalon.core.main.WSVerificationExecutor.execute(WSVerificationExecutor.java:103)
	at com.kms.katalon.core.main.TestCaseMain.runWSVerificationScript(TestCaseMain.java:127)
	at com.kms.katalon.core.webservice.keyword.builtin.SendRequestAndVerifyKeyword$_sendRequestAndVerify_closure1.doCall(SendRequestAndVerifyKeyword.groovy:55)
	at com.kms.katalon.core.webservice.keyword.builtin.SendRequestAndVerifyKeyword$_sendRequestAndVerify_closure1.call(SendRequestAndVerifyKeyword.groovy)
	at com.kms.katalon.core.keyword.internal.KeywordMain.runKeyword(KeywordMain.groovy:68)
	at com.kms.katalon.core.webservice.keyword.builtin.SendRequestAndVerifyKeyword.sendRequestAndVerify(SendRequestAndVerifyKeyword.groovy:43)
	at com.kms.katalon.core.webservice.keyword.builtin.SendRequestAndVerifyKeyword.execute(SendRequestAndVerifyKeyword.groovy:38)
	at com.kms.katalon.core.keyword.internal.KeywordExecutor.executeKeywordForPlatform(KeywordExecutor.groovy:72)
	at com.kms.katalon.core.webservice.keyword.WSBuiltInKeywords.sendRequestAndVerify(WSBuiltInKeywords.groovy:65)
	at com.kms.katalon.core.webservice.keyword.WSBuiltInKeywords$sendRequestAndVerify.call(Unknown Source)
	at Test_Beams_by_Zip_to_Excel.run(Test_Beams_by_Zip_to_Excel:68)
	at com.kms.katalon.core.main.ScriptEngine.run(ScriptEngine.java:194)
	at com.kms.katalon.core.main.ScriptEngine.runScriptAsRawText(ScriptEngine.java:119)
	at com.kms.katalon.core.main.TestCaseExecutor.runScript(TestCaseExecutor.java:337)
	at com.kms.katalon.core.main.TestCaseExecutor.doExecute(TestCaseExecutor.java:328)
	at com.kms.katalon.core.main.TestCaseExecutor.processExecutionPhase(TestCaseExecutor.java:307)
	at com.kms.katalon.core.main.TestCaseExecutor.accessMainPhase(TestCaseExecutor.java:299)
	at com.kms.katalon.core.main.TestCaseExecutor.execute(TestCaseExecutor.java:233)
	at com.kms.katalon.core.main.TestSuiteExecutor.accessTestCaseMainPhase(TestSuiteExecutor.java:169)
	at com.kms.katalon.core.main.TestSuiteExecutor.accessTestSuiteMainPhase(TestSuiteExecutor.java:142)
	at com.kms.katalon.core.main.TestSuiteExecutor.execute(TestSuiteExecutor.java:91)
	at com.kms.katalon.core.main.TestCaseMain.startTestSuite(TestCaseMain.java:157)
	at com.kms.katalon.core.main.TestCaseMain$startTestSuite$0.call(Unknown Source)
	at TempTestSuite1581113075265.run(TempTestSuite1581113075265.groovy:36)


2020-02-07 15:06:40 - [TEST_STEP][PASSED] - request = getInstance().getCurrentRequest(): null

2020-02-07 15:06:40 - [TEST_STEP][PASSED] - response = getInstance().getCurrentResponse(): null

2020-02-07 15:06:40 - [TEST_STEP][FAILED] - if (!(verifyElementPropertyValue(response, "data.beam", mybeam))): null

2020-02-07 15:06:40 - [MESSAGE][FAILED] - Expected element property value '459' is not equal with actual property value '153'

2020-02-07 15:06:40 - [TEST_STEP][PASSED] - beamFail = "F": null

2020-02-07 15:06:40 - [TEST_STEP][FAILED] - if (!(verifyElementPropertyValue(response, "data.product.down", myuff))): null

2020-02-07 15:06:40 - [MESSAGE][FAILED] - Expected element property value '150' is not equal with actual property value '0'

2020-02-07 15:06:40 - [TEST_STEP][PASSED] - uffFail = "F": null

2020-02-07 15:06:40 - [TEST_STEP][PASSED] - jsonSlurper = new groovy.json.JsonSlurper(): null

2020-02-07 15:06:40 - [TEST_STEP][PASSED] - object = jsonSlurper.parseText(response.getResponseText()): null

2020-02-07 15:06:40 - [TEST_STEP][PASSED] - println(object): null

2020-02-07 15:06:40 - [TEST_STEP][PASSED] - mytest = plans: null

2020-02-07 15:06:40 - [TEST_STEP][PASSED] - variable = mytest: null

2020-02-07 15:06:40 - [MESSAGE][FAILED] - Unable to send request and verify the response (Root cause: com.kms.katalon.core.exception.StepFailedException: Verification failed
	at com.kms.katalon.core.webservice.keyword.builtin.SendRequestAndVerifyKeyword$_sendRequestAndVerify_closure1.doCall(SendRequestAndVerifyKeyword.groovy:59)
	at com.kms.katalon.core.webservice.keyword.builtin.SendRequestAndVerifyKeyword$_sendRequestAndVerify_closure1.call(SendRequestAndVerifyKeyword.groovy)
	at com.kms.katalon.core.keyword.internal.KeywordMain.runKeyword(KeywordMain.groovy:68)
	at com.kms.katalon.core.webservice.keyword.builtin.SendRequestAndVerifyKeyword.sendRequestAndVerify(SendRequestAndVerifyKeyword.groovy:43)
	at com.kms.katalon.core.webservice.keyword.builtin.SendRequestAndVerifyKeyword.execute(SendRequestAndVerifyKeyword.groovy:38)
	at com.kms.katalon.core.keyword.internal.KeywordExecutor.executeKeywordForPlatform(KeywordExecutor.groovy:72)
	at com.kms.katalon.core.webservice.keyword.WSBuiltInKeywords.sendRequestAndVerify(WSBuiltInKeywords.groovy:65)
	at com.kms.katalon.core.webservice.keyword.WSBuiltInKeywords$sendRequestAndVerify.call(Unknown Source)
	at Test_Beams_by_Zip_to_Excel.run(Test_Beams_by_Zip_to_Excel:68)
	at com.kms.katalon.core.main.ScriptEngine.run(ScriptEngine.java:194)
	at com.kms.katalon.core.main.ScriptEngine.runScriptAsRawText(ScriptEngine.java:119)
	at com.kms.katalon.core.main.TestCaseExecutor.runScript(TestCaseExecutor.java:337)
	at com.kms.katalon.core.main.TestCaseExecutor.doExecute(TestCaseExecutor.java:328)
	at com.kms.katalon.core.main.TestCaseExecutor.processExecutionPhase(TestCaseExecutor.java:307)
	at com.kms.katalon.core.main.TestCaseExecutor.accessMainPhase(TestCaseExecutor.java:299)
	at com.kms.katalon.core.main.TestCaseExecutor.execute(TestCaseExecutor.java:233)
	at com.kms.katalon.core.main.TestSuiteExecutor.accessTestCaseMainPhase(TestSuiteExecutor.java:169)
	at com.kms.katalon.core.main.TestSuiteExecutor.accessTestSuiteMainPhase(TestSuiteExecutor.java:142)
	at com.kms.katalon.core.main.TestSuiteExecutor.execute(TestSuiteExecutor.java:91)
	at com.kms.katalon.core.main.TestCaseMain.startTestSuite(TestCaseMain.java:157)
	at com.kms.katalon.core.main.TestCaseMain$startTestSuite$0.call(Unknown Source)
	at TempTestSuite1581113075265.run(TempTestSuite1581113075265.groovy:36)
)

2020-02-07 15:06:40 - [TEST_STEP][PASSED] - setValueToCellByAddress(sheet01, "E" + mycount, variable): null

2020-02-07 15:06:40 - [TEST_STEP][PASSED] - saveWorkbook(excelFile01, workbook01): null]]></system-out>
         <system-err><![CDATA[2020-02-07 15:06:38 - [TEST_CASE][FAILED] - Test Cases/Test_Beams_by_Zip_to_Excel: Test Cases/Test_Beams_by_Zip_to_Excel FAILED.
Reason:
com.kms.katalon.core.exception.StepFailedException: Expected element property value '459' is not equal with actual property value '153'
	at com.kms.katalon.core.keyword.internal.KeywordMain.stepFailed(KeywordMain.groovy:39)
	at com.kms.katalon.core.webservice.keyword.builtin.VerifyElementPropertyValueKeyword$_verifyElementPropertyValue_closure1.doCall(VerifyElementPropertyValueKeyword.groovy:56)
	at com.kms.katalon.core.webservice.keyword.builtin.VerifyElementPropertyValueKeyword$_verifyElementPropertyValue_closure1.call(VerifyElementPropertyValueKeyword.groovy)
	at com.kms.katalon.core.keyword.internal.KeywordMain.runKeyword(KeywordMain.groovy:68)
	at com.kms.katalon.core.webservice.keyword.builtin.VerifyElementPropertyValueKeyword.verifyElementPropertyValue(VerifyElementPropertyValueKeyword.groovy:48)
	at com.kms.katalon.core.webservice.keyword.builtin.VerifyElementPropertyValueKeyword.execute(VerifyElementPropertyValueKeyword.groovy:43)
	at com.kms.katalon.core.keyword.internal.KeywordExecutor.executeKeywordForPlatform(KeywordExecutor.groovy:72)
	at com.kms.katalon.core.webservice.keyword.WSBuiltInKeywords.verifyElementPropertyValue(WSBuiltInKeywords.groovy:189)
	at com.kms.katalon.core.webservice.keyword.WSBuiltInKeywords$verifyElementPropertyValue$0.call(Unknown Source)
	at WSVerification1581113200528.run(WSVerification1581113200528:16)
	at com.kms.katalon.core.main.ScriptEngine.run(ScriptEngine.java:194)
	at com.kms.katalon.core.main.ScriptEngine.runScriptAsRawText(ScriptEngine.java:119)
	at com.kms.katalon.core.main.WSVerificationExecutor.runScript(WSVerificationExecutor.java:146)
	at com.kms.katalon.core.main.WSVerificationExecutor.doExecute(WSVerificationExecutor.java:140)
	at com.kms.katalon.core.main.WSVerificationExecutor.processExecutionPhase(WSVerificationExecutor.java:123)
	at com.kms.katalon.core.main.WSVerificationExecutor.accessMainPhase(WSVerificationExecutor.java:115)
	at com.kms.katalon.core.main.WSVerificationExecutor.execute(WSVerificationExecutor.java:103)
	at com.kms.katalon.core.main.TestCaseMain.runWSVerificationScript(TestCaseMain.java:127)
	at com.kms.katalon.core.webservice.keyword.builtin.SendRequestAndVerifyKeyword$_sendRequestAndVerify_closure1.doCall(SendRequestAndVerifyKeyword.groovy:55)
	at com.kms.katalon.core.webservice.keyword.builtin.SendRequestAndVerifyKeyword$_sendRequestAndVerify_closure1.call(SendRequestAndVerifyKeyword.groovy)
	at com.kms.katalon.core.keyword.internal.KeywordMain.runKeyword(KeywordMain.groovy:68)
	at com.kms.katalon.core.webservice.keyword.builtin.SendRequestAndVerifyKeyword.sendRequestAndVerify(SendRequestAndVerifyKeyword.groovy:43)
	at com.kms.katalon.core.webservice.keyword.builtin.SendRequestAndVerifyKeyword.execute(SendRequestAndVerifyKeyword.groovy:38)
	at com.kms.katalon.core.keyword.internal.KeywordExecutor.executeKeywordForPlatform(KeywordExecutor.groovy:72)
	at com.kms.katalon.core.webservice.keyword.WSBuiltInKeywords.sendRequestAndVerify(WSBuiltInKeywords.groovy:65)
	at com.kms.katalon.core.webservice.keyword.WSBuiltInKeywords$sendRequestAndVerify.call(Unknown Source)
	at Test_Beams_by_Zip_to_Excel.run(Test_Beams_by_Zip_to_Excel:68)
	at com.kms.katalon.core.main.ScriptEngine.run(ScriptEngine.java:194)
	at com.kms.katalon.core.main.ScriptEngine.runScriptAsRawText(ScriptEngine.java:119)
	at com.kms.katalon.core.main.TestCaseExecutor.runScript(TestCaseExecutor.java:337)
	at com.kms.katalon.core.main.TestCaseExecutor.doExecute(TestCaseExecutor.java:328)
	at com.kms.katalon.core.main.TestCaseExecutor.processExecutionPhase(TestCaseExecutor.java:307)
	at com.kms.katalon.core.main.TestCaseExecutor.accessMainPhase(TestCaseExecutor.java:299)
	at com.kms.katalon.core.main.TestCaseExecutor.execute(TestCaseExecutor.java:233)
	at com.kms.katalon.core.main.TestSuiteExecutor.accessTestCaseMainPhase(TestSuiteExecutor.java:169)
	at com.kms.katalon.core.main.TestSuiteExecutor.accessTestSuiteMainPhase(TestSuiteExecutor.java:142)
	at com.kms.katalon.core.main.TestSuiteExecutor.execute(TestSuiteExecutor.java:91)
	at com.kms.katalon.core.main.TestCaseMain.startTestSuite(TestCaseMain.java:157)
	at com.kms.katalon.core.main.TestCaseMain$startTestSuite$0.call(Unknown Source)
	at TempTestSuite1581113075265.run(TempTestSuite1581113075265.groovy:36)]]></system-err>
      </testcase>
      <testcase name="Test Cases/Test_Beams_by_Zip_to_Excel" time="1.866" classname="Test Cases/Test_Beams_by_Zip_to_Excel" status="PASSED">
         <system-out><![CDATA[2020-02-07 15:06:40 - [TEST_CASE][PASSED] - Test Cases/Test_Beams_by_Zip_to_Excel: Test Cases/Test_Beams_by_Zip_to_Excel

2020-02-07 15:06:40 - [TEST_STEP][PASSED] - excelFile01 = "beams-test-results.xlsx": null

2020-02-07 15:06:40 - [TEST_STEP][PASSED] - ExpectedListSheetFile1 = ["Sheet1"]: null

2020-02-07 15:06:40 - [TEST_STEP][PASSED] - workbookFile01 = getWorkbook(excelFile01): null

2020-02-07 15:06:40 - [TEST_STEP][PASSED] - workbook01 = getWorkbook(excelFile01): null

2020-02-07 15:06:40 - [TEST_STEP][PASSED] - sheet01 = getExcelSheet(workbook01, "Sheet1"): null

2020-02-07 15:06:40 - [TEST_STEP][PASSED] - setValueToCellByAddress(sheet01, "A1", "TEST"): null

2020-02-07 15:06:40 - [TEST_STEP][PASSED] - setValueToCellByAddress(sheet01, "B1", "BEAM"): null

2020-02-07 15:06:40 - [TEST_STEP][PASSED] - setValueToCellByAddress(sheet01, "C1", "UFF"): null

2020-02-07 15:06:40 - [TEST_STEP][PASSED] - setValueToCellByAddress(sheet01, "D1", "PLAN"): null

2020-02-07 15:06:40 - [TEST_STEP][PASSED] - setValueToCellByAddress(sheet01, "E1", "API PLAN"): null

2020-02-07 15:06:40 - [TEST_STEP][PASSED] - mybeam = mybeam: null

2020-02-07 15:06:40 - [TEST_STEP][PASSED] - myuff = myuff: null

2020-02-07 15:06:40 - [TEST_STEP][PASSED] - myplan = myplan: null

2020-02-07 15:06:40 - [TEST_STEP][PASSED] - log = new com.kms.katalon.core.logging.KeywordLogger(): null

2020-02-07 15:06:40 - [TEST_STEP][PASSED] - log.logWarning("beam " + mybeam + " zip " + myzip + " upfront fees " + myuff + " plan " + myplan): beam 153 zip 59101 upfront fees 0 plan Augmented Standard Plan

2020-02-07 15:06:40 - [MESSAGE][WARNING] - beam 153 zip 59101 upfront fees 0 plan Augmented Standard Plan

2020-02-07 15:06:40 - [TEST_STEP][PASSED] - setValueToCellByAddress(sheet01, "B" + mycount, beamFail): null

2020-02-07 15:06:40 - [TEST_STEP][PASSED] - setValueToCellByAddress(sheet01, "C" + mycount, uffFail): null

2020-02-07 15:06:40 - [TEST_STEP][PASSED] - mycount = mycount + 1: null

2020-02-07 15:06:40 - [TEST_STEP][PASSED] - setValueToCellByAddress(sheet01, "A" + mycount, "beam " + mybeam + " zip " + myzip + " upfront fees " + myuff + " plan " + myplan): null

2020-02-07 15:06:40 - [TEST_STEP][PASSED] - setValueToCellByAddress(sheet01, "D" + mycount, myplan): null

2020-02-07 15:06:40 - [TEST_STEP][PASSED] - sendRequestAndVerify(findTestObject("Exede_Zip", ["myzip":myzip])): Send request and verify the response successfully

2020-02-07 15:06:42 - [MESSAGE][INFO] - HAR: /Users/jhampleman/Katalon Studio/Exede_Beam_Tests_v2.1 copy/Reports/20200207_150435/RUN_Exede_Zip_Test/20200207_150435/requests/main/57.har

2020-02-07 15:06:42 - [TEST_CASE][PASSED] - Start Test Case : Verification: Verification accomplished successfully

2020-02-07 15:06:42 - [TEST_STEP][PASSED] - request = getInstance().getCurrentRequest(): null

2020-02-07 15:06:42 - [TEST_STEP][PASSED] - response = getInstance().getCurrentResponse(): null

2020-02-07 15:06:42 - [TEST_STEP][PASSED] - if (!(verifyElementPropertyValue(response, "data.beam", mybeam))): Verify element property value successfully

2020-02-07 15:06:42 - [MESSAGE][PASSED] - Verify element property value successfully

2020-02-07 15:06:42 - [TEST_STEP][PASSED] - else: null

2020-02-07 15:06:42 - [TEST_STEP][PASSED] - beamFail = "P": null

2020-02-07 15:06:42 - [TEST_STEP][PASSED] - if (!(verifyElementPropertyValue(response, "data.product.down", myuff))): Verify element property value successfully

2020-02-07 15:06:42 - [MESSAGE][PASSED] - Verify element property value successfully

2020-02-07 15:06:42 - [TEST_STEP][PASSED] - else: null

2020-02-07 15:06:42 - [TEST_STEP][PASSED] - uffFail = "P": null

2020-02-07 15:06:42 - [TEST_STEP][PASSED] - jsonSlurper = new groovy.json.JsonSlurper(): null

2020-02-07 15:06:42 - [TEST_STEP][PASSED] - object = jsonSlurper.parseText(response.getResponseText()): null

2020-02-07 15:06:42 - [TEST_STEP][PASSED] - println(object): null

2020-02-07 15:06:42 - [TEST_STEP][PASSED] - mytest = plans: null

2020-02-07 15:06:42 - [TEST_STEP][PASSED] - variable = mytest: null

2020-02-07 15:06:42 - [MESSAGE][PASSED] - Verify response successfully

2020-02-07 15:06:42 - [MESSAGE][PASSED] - Send request and verify the response successfully

2020-02-07 15:06:42 - [TEST_STEP][PASSED] - setValueToCellByAddress(sheet01, "E" + mycount, variable): null

2020-02-07 15:06:42 - [TEST_STEP][PASSED] - saveWorkbook(excelFile01, workbook01): null]]></system-out>
         <system-err><![CDATA[]]></system-err>
      </testcase>
      <testcase name="Test Cases/Test_Beams_by_Zip_to_Excel" time="1.862" classname="Test Cases/Test_Beams_by_Zip_to_Excel" status="PASSED">
         <system-out><![CDATA[2020-02-07 15:06:42 - [TEST_CASE][PASSED] - Test Cases/Test_Beams_by_Zip_to_Excel: Test Cases/Test_Beams_by_Zip_to_Excel

2020-02-07 15:06:42 - [TEST_STEP][PASSED] - excelFile01 = "beams-test-results.xlsx": null

2020-02-07 15:06:42 - [TEST_STEP][PASSED] - ExpectedListSheetFile1 = ["Sheet1"]: null

2020-02-07 15:06:42 - [TEST_STEP][PASSED] - workbookFile01 = getWorkbook(excelFile01): null

2020-02-07 15:06:42 - [TEST_STEP][PASSED] - workbook01 = getWorkbook(excelFile01): null

2020-02-07 15:06:42 - [TEST_STEP][PASSED] - sheet01 = getExcelSheet(workbook01, "Sheet1"): null

2020-02-07 15:06:42 - [TEST_STEP][PASSED] - setValueToCellByAddress(sheet01, "A1", "TEST"): null

2020-02-07 15:06:42 - [TEST_STEP][PASSED] - setValueToCellByAddress(sheet01, "B1", "BEAM"): null

2020-02-07 15:06:42 - [TEST_STEP][PASSED] - setValueToCellByAddress(sheet01, "C1", "UFF"): null

2020-02-07 15:06:42 - [TEST_STEP][PASSED] - setValueToCellByAddress(sheet01, "D1", "PLAN"): null

2020-02-07 15:06:42 - [TEST_STEP][PASSED] - setValueToCellByAddress(sheet01, "E1", "API PLAN"): null

2020-02-07 15:06:42 - [TEST_STEP][PASSED] - mybeam = mybeam: null

2020-02-07 15:06:42 - [TEST_STEP][PASSED] - myuff = myuff: null

2020-02-07 15:06:42 - [TEST_STEP][PASSED] - myplan = myplan: null

2020-02-07 15:06:42 - [TEST_STEP][PASSED] - log = new com.kms.katalon.core.logging.KeywordLogger(): null

2020-02-07 15:06:42 - [TEST_STEP][PASSED] - log.logWarning("beam " + mybeam + " zip " + myzip + " upfront fees " + myuff + " plan " + myplan): beam 460 zip 57724 upfront fees 0 plan VS2 High Fill

2020-02-07 15:06:42 - [MESSAGE][WARNING] - beam 460 zip 57724 upfront fees 0 plan VS2 High Fill

2020-02-07 15:06:42 - [TEST_STEP][PASSED] - setValueToCellByAddress(sheet01, "B" + mycount, beamFail): null

2020-02-07 15:06:42 - [TEST_STEP][PASSED] - setValueToCellByAddress(sheet01, "C" + mycount, uffFail): null

2020-02-07 15:06:42 - [TEST_STEP][PASSED] - mycount = mycount + 1: null

2020-02-07 15:06:42 - [TEST_STEP][PASSED] - setValueToCellByAddress(sheet01, "A" + mycount, "beam " + mybeam + " zip " + myzip + " upfront fees " + myuff + " plan " + myplan): null

2020-02-07 15:06:42 - [TEST_STEP][PASSED] - setValueToCellByAddress(sheet01, "D" + mycount, myplan): null

2020-02-07 15:06:42 - [TEST_STEP][PASSED] - sendRequestAndVerify(findTestObject("Exede_Zip", ["myzip":myzip])): Send request and verify the response successfully

2020-02-07 15:06:44 - [MESSAGE][INFO] - HAR: /Users/jhampleman/Katalon Studio/Exede_Beam_Tests_v2.1 copy/Reports/20200207_150435/RUN_Exede_Zip_Test/20200207_150435/requests/main/58.har

2020-02-07 15:06:44 - [TEST_CASE][PASSED] - Start Test Case : Verification: Verification accomplished successfully

2020-02-07 15:06:44 - [TEST_STEP][PASSED] - request = getInstance().getCurrentRequest(): null

2020-02-07 15:06:44 - [TEST_STEP][PASSED] - response = getInstance().getCurrentResponse(): null

2020-02-07 15:06:44 - [TEST_STEP][PASSED] - if (!(verifyElementPropertyValue(response, "data.beam", mybeam))): Verify element property value successfully

2020-02-07 15:06:44 - [MESSAGE][PASSED] - Verify element property value successfully

2020-02-07 15:06:44 - [TEST_STEP][PASSED] - else: null

2020-02-07 15:06:44 - [TEST_STEP][PASSED] - beamFail = "P": null

2020-02-07 15:06:44 - [TEST_STEP][PASSED] - if (!(verifyElementPropertyValue(response, "data.product.down", myuff))): Verify element property value successfully

2020-02-07 15:06:44 - [MESSAGE][PASSED] - Verify element property value successfully

2020-02-07 15:06:44 - [TEST_STEP][PASSED] - else: null

2020-02-07 15:06:44 - [TEST_STEP][PASSED] - uffFail = "P": null

2020-02-07 15:06:44 - [TEST_STEP][PASSED] - jsonSlurper = new groovy.json.JsonSlurper(): null

2020-02-07 15:06:44 - [TEST_STEP][PASSED] - object = jsonSlurper.parseText(response.getResponseText()): null

2020-02-07 15:06:44 - [TEST_STEP][PASSED] - println(object): null

2020-02-07 15:06:44 - [TEST_STEP][PASSED] - mytest = plans: null

2020-02-07 15:06:44 - [TEST_STEP][PASSED] - variable = mytest: null

2020-02-07 15:06:44 - [MESSAGE][PASSED] - Verify response successfully

2020-02-07 15:06:44 - [MESSAGE][PASSED] - Send request and verify the response successfully

2020-02-07 15:06:44 - [TEST_STEP][PASSED] - setValueToCellByAddress(sheet01, "E" + mycount, variable): null

2020-02-07 15:06:44 - [TEST_STEP][PASSED] - saveWorkbook(excelFile01, workbook01): null]]></system-out>
         <system-err><![CDATA[]]></system-err>
      </testcase>
      <testcase name="Test Cases/Test_Beams_by_Zip_to_Excel" time="2.141" classname="Test Cases/Test_Beams_by_Zip_to_Excel" status="PASSED">
         <system-out><![CDATA[2020-02-07 15:06:44 - [TEST_CASE][PASSED] - Test Cases/Test_Beams_by_Zip_to_Excel: Test Cases/Test_Beams_by_Zip_to_Excel

2020-02-07 15:06:44 - [TEST_STEP][PASSED] - excelFile01 = "beams-test-results.xlsx": null

2020-02-07 15:06:44 - [TEST_STEP][PASSED] - ExpectedListSheetFile1 = ["Sheet1"]: null

2020-02-07 15:06:44 - [TEST_STEP][PASSED] - workbookFile01 = getWorkbook(excelFile01): null

2020-02-07 15:06:44 - [TEST_STEP][PASSED] - workbook01 = getWorkbook(excelFile01): null

2020-02-07 15:06:44 - [TEST_STEP][PASSED] - sheet01 = getExcelSheet(workbook01, "Sheet1"): null

2020-02-07 15:06:44 - [TEST_STEP][PASSED] - setValueToCellByAddress(sheet01, "A1", "TEST"): null

2020-02-07 15:06:44 - [TEST_STEP][PASSED] - setValueToCellByAddress(sheet01, "B1", "BEAM"): null

2020-02-07 15:06:44 - [TEST_STEP][PASSED] - setValueToCellByAddress(sheet01, "C1", "UFF"): null

2020-02-07 15:06:44 - [TEST_STEP][PASSED] - setValueToCellByAddress(sheet01, "D1", "PLAN"): null

2020-02-07 15:06:44 - [TEST_STEP][PASSED] - setValueToCellByAddress(sheet01, "E1", "API PLAN"): null

2020-02-07 15:06:44 - [TEST_STEP][PASSED] - mybeam = mybeam: null

2020-02-07 15:06:44 - [TEST_STEP][PASSED] - myuff = myuff: null

2020-02-07 15:06:44 - [TEST_STEP][PASSED] - myplan = myplan: null

2020-02-07 15:06:44 - [TEST_STEP][PASSED] - log = new com.kms.katalon.core.logging.KeywordLogger(): null

2020-02-07 15:06:44 - [TEST_STEP][PASSED] - log.logWarning("beam " + mybeam + " zip " + myzip + " upfront fees " + myuff + " plan " + myplan): beam 461 zip 56256 upfront fees 0 plan VS2 High Fill

2020-02-07 15:06:44 - [MESSAGE][WARNING] - beam 461 zip 56256 upfront fees 0 plan VS2 High Fill

2020-02-07 15:06:44 - [TEST_STEP][PASSED] - setValueToCellByAddress(sheet01, "B" + mycount, beamFail): null

2020-02-07 15:06:44 - [TEST_STEP][PASSED] - setValueToCellByAddress(sheet01, "C" + mycount, uffFail): null

2020-02-07 15:06:44 - [TEST_STEP][PASSED] - mycount = mycount + 1: null

2020-02-07 15:06:44 - [TEST_STEP][PASSED] - setValueToCellByAddress(sheet01, "A" + mycount, "beam " + mybeam + " zip " + myzip + " upfront fees " + myuff + " plan " + myplan): null

2020-02-07 15:06:44 - [TEST_STEP][PASSED] - setValueToCellByAddress(sheet01, "D" + mycount, myplan): null

2020-02-07 15:06:44 - [TEST_STEP][PASSED] - sendRequestAndVerify(findTestObject("Exede_Zip", ["myzip":myzip])): Send request and verify the response successfully

2020-02-07 15:06:46 - [MESSAGE][INFO] - HAR: /Users/jhampleman/Katalon Studio/Exede_Beam_Tests_v2.1 copy/Reports/20200207_150435/RUN_Exede_Zip_Test/20200207_150435/requests/main/59.har

2020-02-07 15:06:46 - [TEST_CASE][PASSED] - Start Test Case : Verification: Verification accomplished successfully

2020-02-07 15:06:46 - [TEST_STEP][PASSED] - request = getInstance().getCurrentRequest(): null

2020-02-07 15:06:46 - [TEST_STEP][PASSED] - response = getInstance().getCurrentResponse(): null

2020-02-07 15:06:46 - [TEST_STEP][PASSED] - if (!(verifyElementPropertyValue(response, "data.beam", mybeam))): Verify element property value successfully

2020-02-07 15:06:46 - [MESSAGE][PASSED] - Verify element property value successfully

2020-02-07 15:06:46 - [TEST_STEP][PASSED] - else: null

2020-02-07 15:06:46 - [TEST_STEP][PASSED] - beamFail = "P": null

2020-02-07 15:06:46 - [TEST_STEP][PASSED] - if (!(verifyElementPropertyValue(response, "data.product.down", myuff))): Verify element property value successfully

2020-02-07 15:06:46 - [MESSAGE][PASSED] - Verify element property value successfully

2020-02-07 15:06:46 - [TEST_STEP][PASSED] - else: null

2020-02-07 15:06:46 - [TEST_STEP][PASSED] - uffFail = "P": null

2020-02-07 15:06:46 - [TEST_STEP][PASSED] - jsonSlurper = new groovy.json.JsonSlurper(): null

2020-02-07 15:06:46 - [TEST_STEP][PASSED] - object = jsonSlurper.parseText(response.getResponseText()): null

2020-02-07 15:06:46 - [TEST_STEP][PASSED] - println(object): null

2020-02-07 15:06:46 - [TEST_STEP][PASSED] - mytest = plans: null

2020-02-07 15:06:46 - [TEST_STEP][PASSED] - variable = mytest: null

2020-02-07 15:06:46 - [MESSAGE][PASSED] - Verify response successfully

2020-02-07 15:06:46 - [MESSAGE][PASSED] - Send request and verify the response successfully

2020-02-07 15:06:46 - [TEST_STEP][PASSED] - setValueToCellByAddress(sheet01, "E" + mycount, variable): null

2020-02-07 15:06:46 - [TEST_STEP][PASSED] - saveWorkbook(excelFile01, workbook01): null]]></system-out>
         <system-err><![CDATA[]]></system-err>
      </testcase>
      <testcase name="Test Cases/Test_Beams_by_Zip_to_Excel" time="2.041" classname="Test Cases/Test_Beams_by_Zip_to_Excel" status="PASSED">
         <system-out><![CDATA[2020-02-07 15:06:46 - [TEST_CASE][PASSED] - Test Cases/Test_Beams_by_Zip_to_Excel: Test Cases/Test_Beams_by_Zip_to_Excel

2020-02-07 15:06:46 - [TEST_STEP][PASSED] - excelFile01 = "beams-test-results.xlsx": null

2020-02-07 15:06:46 - [TEST_STEP][PASSED] - ExpectedListSheetFile1 = ["Sheet1"]: null

2020-02-07 15:06:46 - [TEST_STEP][PASSED] - workbookFile01 = getWorkbook(excelFile01): null

2020-02-07 15:06:46 - [TEST_STEP][PASSED] - workbook01 = getWorkbook(excelFile01): null

2020-02-07 15:06:46 - [TEST_STEP][PASSED] - sheet01 = getExcelSheet(workbook01, "Sheet1"): null

2020-02-07 15:06:46 - [TEST_STEP][PASSED] - setValueToCellByAddress(sheet01, "A1", "TEST"): null

2020-02-07 15:06:46 - [TEST_STEP][PASSED] - setValueToCellByAddress(sheet01, "B1", "BEAM"): null

2020-02-07 15:06:46 - [TEST_STEP][PASSED] - setValueToCellByAddress(sheet01, "C1", "UFF"): null

2020-02-07 15:06:46 - [TEST_STEP][PASSED] - setValueToCellByAddress(sheet01, "D1", "PLAN"): null

2020-02-07 15:06:46 - [TEST_STEP][PASSED] - setValueToCellByAddress(sheet01, "E1", "API PLAN"): null

2020-02-07 15:06:46 - [TEST_STEP][PASSED] - mybeam = mybeam: null

2020-02-07 15:06:46 - [TEST_STEP][PASSED] - myuff = myuff: null

2020-02-07 15:06:46 - [TEST_STEP][PASSED] - myplan = myplan: null

2020-02-07 15:06:46 - [TEST_STEP][PASSED] - log = new com.kms.katalon.core.logging.KeywordLogger(): null

2020-02-07 15:06:46 - [TEST_STEP][PASSED] - log.logWarning("beam " + mybeam + " zip " + myzip + " upfront fees " + myuff + " plan " + myplan): beam 467 zip 04765 upfront fees 0 plan VS2 High Fill

2020-02-07 15:06:46 - [MESSAGE][WARNING] - beam 467 zip 04765 upfront fees 0 plan VS2 High Fill

2020-02-07 15:06:46 - [TEST_STEP][PASSED] - setValueToCellByAddress(sheet01, "B" + mycount, beamFail): null

2020-02-07 15:06:46 - [TEST_STEP][PASSED] - setValueToCellByAddress(sheet01, "C" + mycount, uffFail): null

2020-02-07 15:06:46 - [TEST_STEP][PASSED] - mycount = mycount + 1: null

2020-02-07 15:06:46 - [TEST_STEP][PASSED] - setValueToCellByAddress(sheet01, "A" + mycount, "beam " + mybeam + " zip " + myzip + " upfront fees " + myuff + " plan " + myplan): null

2020-02-07 15:06:46 - [TEST_STEP][PASSED] - setValueToCellByAddress(sheet01, "D" + mycount, myplan): null

2020-02-07 15:06:46 - [TEST_STEP][PASSED] - sendRequestAndVerify(findTestObject("Exede_Zip", ["myzip":myzip])): Send request and verify the response successfully

2020-02-07 15:06:48 - [MESSAGE][INFO] - HAR: /Users/jhampleman/Katalon Studio/Exede_Beam_Tests_v2.1 copy/Reports/20200207_150435/RUN_Exede_Zip_Test/20200207_150435/requests/main/60.har

2020-02-07 15:06:48 - [TEST_CASE][PASSED] - Start Test Case : Verification: Verification accomplished successfully

2020-02-07 15:06:48 - [TEST_STEP][PASSED] - request = getInstance().getCurrentRequest(): null

2020-02-07 15:06:48 - [TEST_STEP][PASSED] - response = getInstance().getCurrentResponse(): null

2020-02-07 15:06:48 - [TEST_STEP][PASSED] - if (!(verifyElementPropertyValue(response, "data.beam", mybeam))): Verify element property value successfully

2020-02-07 15:06:48 - [MESSAGE][PASSED] - Verify element property value successfully

2020-02-07 15:06:48 - [TEST_STEP][PASSED] - else: null

2020-02-07 15:06:48 - [TEST_STEP][PASSED] - beamFail = "P": null

2020-02-07 15:06:48 - [TEST_STEP][PASSED] - if (!(verifyElementPropertyValue(response, "data.product.down", myuff))): Verify element property value successfully

2020-02-07 15:06:48 - [MESSAGE][PASSED] - Verify element property value successfully

2020-02-07 15:06:48 - [TEST_STEP][PASSED] - else: null

2020-02-07 15:06:48 - [TEST_STEP][PASSED] - uffFail = "P": null

2020-02-07 15:06:48 - [TEST_STEP][PASSED] - jsonSlurper = new groovy.json.JsonSlurper(): null

2020-02-07 15:06:48 - [TEST_STEP][PASSED] - object = jsonSlurper.parseText(response.getResponseText()): null

2020-02-07 15:06:48 - [TEST_STEP][PASSED] - println(object): null

2020-02-07 15:06:48 - [TEST_STEP][PASSED] - mytest = plans: null

2020-02-07 15:06:48 - [TEST_STEP][PASSED] - variable = mytest: null

2020-02-07 15:06:48 - [MESSAGE][PASSED] - Verify response successfully

2020-02-07 15:06:48 - [MESSAGE][PASSED] - Send request and verify the response successfully

2020-02-07 15:06:48 - [TEST_STEP][PASSED] - setValueToCellByAddress(sheet01, "E" + mycount, variable): null

2020-02-07 15:06:48 - [TEST_STEP][PASSED] - saveWorkbook(excelFile01, workbook01): null]]></system-out>
         <system-err><![CDATA[]]></system-err>
      </testcase>
      <testcase name="Test Cases/Test_Beams_by_Zip_to_Excel" time="2.033" classname="Test Cases/Test_Beams_by_Zip_to_Excel" status="PASSED">
         <system-out><![CDATA[2020-02-07 15:06:48 - [TEST_CASE][PASSED] - Test Cases/Test_Beams_by_Zip_to_Excel: Test Cases/Test_Beams_by_Zip_to_Excel

2020-02-07 15:06:48 - [TEST_STEP][PASSED] - excelFile01 = "beams-test-results.xlsx": null

2020-02-07 15:06:48 - [TEST_STEP][PASSED] - ExpectedListSheetFile1 = ["Sheet1"]: null

2020-02-07 15:06:48 - [TEST_STEP][PASSED] - workbookFile01 = getWorkbook(excelFile01): null

2020-02-07 15:06:48 - [TEST_STEP][PASSED] - workbook01 = getWorkbook(excelFile01): null

2020-02-07 15:06:48 - [TEST_STEP][PASSED] - sheet01 = getExcelSheet(workbook01, "Sheet1"): null

2020-02-07 15:06:48 - [TEST_STEP][PASSED] - setValueToCellByAddress(sheet01, "A1", "TEST"): null

2020-02-07 15:06:48 - [TEST_STEP][PASSED] - setValueToCellByAddress(sheet01, "B1", "BEAM"): null

2020-02-07 15:06:48 - [TEST_STEP][PASSED] - setValueToCellByAddress(sheet01, "C1", "UFF"): null

2020-02-07 15:06:48 - [TEST_STEP][PASSED] - setValueToCellByAddress(sheet01, "D1", "PLAN"): null

2020-02-07 15:06:48 - [TEST_STEP][PASSED] - setValueToCellByAddress(sheet01, "E1", "API PLAN"): null

2020-02-07 15:06:48 - [TEST_STEP][PASSED] - mybeam = mybeam: null

2020-02-07 15:06:48 - [TEST_STEP][PASSED] - myuff = myuff: null

2020-02-07 15:06:48 - [TEST_STEP][PASSED] - myplan = myplan: null

2020-02-07 15:06:48 - [TEST_STEP][PASSED] - log = new com.kms.katalon.core.logging.KeywordLogger(): null

2020-02-07 15:06:48 - [TEST_STEP][PASSED] - log.logWarning("beam " + mybeam + " zip " + myzip + " upfront fees " + myuff + " plan " + myplan): beam 478 zip 96101 upfront fees 150 plan VS2 High Fill

2020-02-07 15:06:48 - [MESSAGE][WARNING] - beam 478 zip 96101 upfront fees 150 plan VS2 High Fill

2020-02-07 15:06:48 - [TEST_STEP][PASSED] - setValueToCellByAddress(sheet01, "B" + mycount, beamFail): null

2020-02-07 15:06:48 - [TEST_STEP][PASSED] - setValueToCellByAddress(sheet01, "C" + mycount, uffFail): null

2020-02-07 15:06:48 - [TEST_STEP][PASSED] - mycount = mycount + 1: null

2020-02-07 15:06:48 - [TEST_STEP][PASSED] - setValueToCellByAddress(sheet01, "A" + mycount, "beam " + mybeam + " zip " + myzip + " upfront fees " + myuff + " plan " + myplan): null

2020-02-07 15:06:48 - [TEST_STEP][PASSED] - setValueToCellByAddress(sheet01, "D" + mycount, myplan): null

2020-02-07 15:06:48 - [TEST_STEP][PASSED] - sendRequestAndVerify(findTestObject("Exede_Zip", ["myzip":myzip])): Send request and verify the response successfully

2020-02-07 15:06:50 - [MESSAGE][INFO] - HAR: /Users/jhampleman/Katalon Studio/Exede_Beam_Tests_v2.1 copy/Reports/20200207_150435/RUN_Exede_Zip_Test/20200207_150435/requests/main/61.har

2020-02-07 15:06:50 - [TEST_CASE][PASSED] - Start Test Case : Verification: Verification accomplished successfully

2020-02-07 15:06:50 - [TEST_STEP][PASSED] - request = getInstance().getCurrentRequest(): null

2020-02-07 15:06:50 - [TEST_STEP][PASSED] - response = getInstance().getCurrentResponse(): null

2020-02-07 15:06:50 - [TEST_STEP][PASSED] - if (!(verifyElementPropertyValue(response, "data.beam", mybeam))): Verify element property value successfully

2020-02-07 15:06:50 - [MESSAGE][PASSED] - Verify element property value successfully

2020-02-07 15:06:50 - [TEST_STEP][PASSED] - else: null

2020-02-07 15:06:50 - [TEST_STEP][PASSED] - beamFail = "P": null

2020-02-07 15:06:50 - [TEST_STEP][PASSED] - if (!(verifyElementPropertyValue(response, "data.product.down", myuff))): Verify element property value successfully

2020-02-07 15:06:50 - [MESSAGE][PASSED] - Verify element property value successfully

2020-02-07 15:06:50 - [TEST_STEP][PASSED] - else: null

2020-02-07 15:06:50 - [TEST_STEP][PASSED] - uffFail = "P": null

2020-02-07 15:06:50 - [TEST_STEP][PASSED] - jsonSlurper = new groovy.json.JsonSlurper(): null

2020-02-07 15:06:50 - [TEST_STEP][PASSED] - object = jsonSlurper.parseText(response.getResponseText()): null

2020-02-07 15:06:50 - [TEST_STEP][PASSED] - println(object): null

2020-02-07 15:06:50 - [TEST_STEP][PASSED] - mytest = plans: null

2020-02-07 15:06:50 - [TEST_STEP][PASSED] - variable = mytest: null

2020-02-07 15:06:50 - [MESSAGE][PASSED] - Verify response successfully

2020-02-07 15:06:50 - [MESSAGE][PASSED] - Send request and verify the response successfully

2020-02-07 15:06:50 - [TEST_STEP][PASSED] - setValueToCellByAddress(sheet01, "E" + mycount, variable): null

2020-02-07 15:06:50 - [TEST_STEP][PASSED] - saveWorkbook(excelFile01, workbook01): null]]></system-out>
         <system-err><![CDATA[]]></system-err>
      </testcase>
      <testcase name="Test Cases/Test_Beams_by_Zip_to_Excel" time="1.831" classname="Test Cases/Test_Beams_by_Zip_to_Excel" status="PASSED">
         <system-out><![CDATA[2020-02-07 15:06:50 - [TEST_CASE][PASSED] - Test Cases/Test_Beams_by_Zip_to_Excel: Test Cases/Test_Beams_by_Zip_to_Excel

2020-02-07 15:06:50 - [TEST_STEP][PASSED] - excelFile01 = "beams-test-results.xlsx": null

2020-02-07 15:06:50 - [TEST_STEP][PASSED] - ExpectedListSheetFile1 = ["Sheet1"]: null

2020-02-07 15:06:50 - [TEST_STEP][PASSED] - workbookFile01 = getWorkbook(excelFile01): null

2020-02-07 15:06:50 - [TEST_STEP][PASSED] - workbook01 = getWorkbook(excelFile01): null

2020-02-07 15:06:50 - [TEST_STEP][PASSED] - sheet01 = getExcelSheet(workbook01, "Sheet1"): null

2020-02-07 15:06:50 - [TEST_STEP][PASSED] - setValueToCellByAddress(sheet01, "A1", "TEST"): null

2020-02-07 15:06:50 - [TEST_STEP][PASSED] - setValueToCellByAddress(sheet01, "B1", "BEAM"): null

2020-02-07 15:06:50 - [TEST_STEP][PASSED] - setValueToCellByAddress(sheet01, "C1", "UFF"): null

2020-02-07 15:06:50 - [TEST_STEP][PASSED] - setValueToCellByAddress(sheet01, "D1", "PLAN"): null

2020-02-07 15:06:50 - [TEST_STEP][PASSED] - setValueToCellByAddress(sheet01, "E1", "API PLAN"): null

2020-02-07 15:06:50 - [TEST_STEP][PASSED] - mybeam = mybeam: null

2020-02-07 15:06:50 - [TEST_STEP][PASSED] - myuff = myuff: null

2020-02-07 15:06:50 - [TEST_STEP][PASSED] - myplan = myplan: null

2020-02-07 15:06:50 - [TEST_STEP][PASSED] - log = new com.kms.katalon.core.logging.KeywordLogger(): null

2020-02-07 15:06:50 - [TEST_STEP][PASSED] - log.logWarning("beam " + mybeam + " zip " + myzip + " upfront fees " + myuff + " plan " + myplan): beam 479 zip 83301 upfront fees 0 plan VS2 High Fill

2020-02-07 15:06:50 - [MESSAGE][WARNING] - beam 479 zip 83301 upfront fees 0 plan VS2 High Fill

2020-02-07 15:06:50 - [TEST_STEP][PASSED] - setValueToCellByAddress(sheet01, "B" + mycount, beamFail): null

2020-02-07 15:06:50 - [TEST_STEP][PASSED] - setValueToCellByAddress(sheet01, "C" + mycount, uffFail): null

2020-02-07 15:06:50 - [TEST_STEP][PASSED] - mycount = mycount + 1: null

2020-02-07 15:06:50 - [TEST_STEP][PASSED] - setValueToCellByAddress(sheet01, "A" + mycount, "beam " + mybeam + " zip " + myzip + " upfront fees " + myuff + " plan " + myplan): null

2020-02-07 15:06:50 - [TEST_STEP][PASSED] - setValueToCellByAddress(sheet01, "D" + mycount, myplan): null

2020-02-07 15:06:50 - [TEST_STEP][PASSED] - sendRequestAndVerify(findTestObject("Exede_Zip", ["myzip":myzip])): Send request and verify the response successfully

2020-02-07 15:06:52 - [MESSAGE][INFO] - HAR: /Users/jhampleman/Katalon Studio/Exede_Beam_Tests_v2.1 copy/Reports/20200207_150435/RUN_Exede_Zip_Test/20200207_150435/requests/main/62.har

2020-02-07 15:06:52 - [TEST_CASE][PASSED] - Start Test Case : Verification: Verification accomplished successfully

2020-02-07 15:06:52 - [TEST_STEP][PASSED] - request = getInstance().getCurrentRequest(): null

2020-02-07 15:06:52 - [TEST_STEP][PASSED] - response = getInstance().getCurrentResponse(): null

2020-02-07 15:06:52 - [TEST_STEP][PASSED] - if (!(verifyElementPropertyValue(response, "data.beam", mybeam))): Verify element property value successfully

2020-02-07 15:06:52 - [MESSAGE][PASSED] - Verify element property value successfully

2020-02-07 15:06:52 - [TEST_STEP][PASSED] - else: null

2020-02-07 15:06:52 - [TEST_STEP][PASSED] - beamFail = "P": null

2020-02-07 15:06:52 - [TEST_STEP][PASSED] - if (!(verifyElementPropertyValue(response, "data.product.down", myuff))): Verify element property value successfully

2020-02-07 15:06:52 - [MESSAGE][PASSED] - Verify element property value successfully

2020-02-07 15:06:52 - [TEST_STEP][PASSED] - else: null

2020-02-07 15:06:52 - [TEST_STEP][PASSED] - uffFail = "P": null

2020-02-07 15:06:52 - [TEST_STEP][PASSED] - jsonSlurper = new groovy.json.JsonSlurper(): null

2020-02-07 15:06:52 - [TEST_STEP][PASSED] - object = jsonSlurper.parseText(response.getResponseText()): null

2020-02-07 15:06:52 - [TEST_STEP][PASSED] - println(object): null

2020-02-07 15:06:52 - [TEST_STEP][PASSED] - mytest = plans: null

2020-02-07 15:06:52 - [TEST_STEP][PASSED] - variable = mytest: null

2020-02-07 15:06:52 - [MESSAGE][PASSED] - Verify response successfully

2020-02-07 15:06:52 - [MESSAGE][PASSED] - Send request and verify the response successfully

2020-02-07 15:06:52 - [TEST_STEP][PASSED] - setValueToCellByAddress(sheet01, "E" + mycount, variable): null

2020-02-07 15:06:52 - [TEST_STEP][PASSED] - saveWorkbook(excelFile01, workbook01): null]]></system-out>
         <system-err><![CDATA[]]></system-err>
      </testcase>
      <testcase name="Test Cases/Test_Beams_by_Zip_to_Excel" time="1.871" classname="Test Cases/Test_Beams_by_Zip_to_Excel" status="PASSED">
         <system-out><![CDATA[2020-02-07 15:06:52 - [TEST_CASE][PASSED] - Test Cases/Test_Beams_by_Zip_to_Excel: Test Cases/Test_Beams_by_Zip_to_Excel

2020-02-07 15:06:52 - [TEST_STEP][PASSED] - excelFile01 = "beams-test-results.xlsx": null

2020-02-07 15:06:52 - [TEST_STEP][PASSED] - ExpectedListSheetFile1 = ["Sheet1"]: null

2020-02-07 15:06:52 - [TEST_STEP][PASSED] - workbookFile01 = getWorkbook(excelFile01): null

2020-02-07 15:06:52 - [TEST_STEP][PASSED] - workbook01 = getWorkbook(excelFile01): null

2020-02-07 15:06:52 - [TEST_STEP][PASSED] - sheet01 = getExcelSheet(workbook01, "Sheet1"): null

2020-02-07 15:06:52 - [TEST_STEP][PASSED] - setValueToCellByAddress(sheet01, "A1", "TEST"): null

2020-02-07 15:06:52 - [TEST_STEP][PASSED] - setValueToCellByAddress(sheet01, "B1", "BEAM"): null

2020-02-07 15:06:52 - [TEST_STEP][PASSED] - setValueToCellByAddress(sheet01, "C1", "UFF"): null

2020-02-07 15:06:52 - [TEST_STEP][PASSED] - setValueToCellByAddress(sheet01, "D1", "PLAN"): null

2020-02-07 15:06:52 - [TEST_STEP][PASSED] - setValueToCellByAddress(sheet01, "E1", "API PLAN"): null

2020-02-07 15:06:52 - [TEST_STEP][PASSED] - mybeam = mybeam: null

2020-02-07 15:06:52 - [TEST_STEP][PASSED] - myuff = myuff: null

2020-02-07 15:06:52 - [TEST_STEP][PASSED] - myplan = myplan: null

2020-02-07 15:06:52 - [TEST_STEP][PASSED] - log = new com.kms.katalon.core.logging.KeywordLogger(): null

2020-02-07 15:06:52 - [TEST_STEP][PASSED] - log.logWarning("beam " + mybeam + " zip " + myzip + " upfront fees " + myuff + " plan " + myplan): beam 480 zip 82070 upfront fees 0 plan VS2 High Fill

2020-02-07 15:06:52 - [MESSAGE][WARNING] - beam 480 zip 82070 upfront fees 0 plan VS2 High Fill

2020-02-07 15:06:52 - [TEST_STEP][PASSED] - setValueToCellByAddress(sheet01, "B" + mycount, beamFail): null

2020-02-07 15:06:52 - [TEST_STEP][PASSED] - setValueToCellByAddress(sheet01, "C" + mycount, uffFail): null

2020-02-07 15:06:52 - [TEST_STEP][PASSED] - mycount = mycount + 1: null

2020-02-07 15:06:52 - [TEST_STEP][PASSED] - setValueToCellByAddress(sheet01, "A" + mycount, "beam " + mybeam + " zip " + myzip + " upfront fees " + myuff + " plan " + myplan): null

2020-02-07 15:06:52 - [TEST_STEP][PASSED] - setValueToCellByAddress(sheet01, "D" + mycount, myplan): null

2020-02-07 15:06:52 - [TEST_STEP][PASSED] - sendRequestAndVerify(findTestObject("Exede_Zip", ["myzip":myzip])): Send request and verify the response successfully

2020-02-07 15:06:54 - [MESSAGE][INFO] - HAR: /Users/jhampleman/Katalon Studio/Exede_Beam_Tests_v2.1 copy/Reports/20200207_150435/RUN_Exede_Zip_Test/20200207_150435/requests/main/63.har

2020-02-07 15:06:54 - [TEST_CASE][PASSED] - Start Test Case : Verification: Verification accomplished successfully

2020-02-07 15:06:54 - [TEST_STEP][PASSED] - request = getInstance().getCurrentRequest(): null

2020-02-07 15:06:54 - [TEST_STEP][PASSED] - response = getInstance().getCurrentResponse(): null

2020-02-07 15:06:54 - [TEST_STEP][PASSED] - if (!(verifyElementPropertyValue(response, "data.beam", mybeam))): Verify element property value successfully

2020-02-07 15:06:54 - [MESSAGE][PASSED] - Verify element property value successfully

2020-02-07 15:06:54 - [TEST_STEP][PASSED] - else: null

2020-02-07 15:06:54 - [TEST_STEP][PASSED] - beamFail = "P": null

2020-02-07 15:06:54 - [TEST_STEP][PASSED] - if (!(verifyElementPropertyValue(response, "data.product.down", myuff))): Verify element property value successfully

2020-02-07 15:06:54 - [MESSAGE][PASSED] - Verify element property value successfully

2020-02-07 15:06:54 - [TEST_STEP][PASSED] - else: null

2020-02-07 15:06:54 - [TEST_STEP][PASSED] - uffFail = "P": null

2020-02-07 15:06:54 - [TEST_STEP][PASSED] - jsonSlurper = new groovy.json.JsonSlurper(): null

2020-02-07 15:06:54 - [TEST_STEP][PASSED] - object = jsonSlurper.parseText(response.getResponseText()): null

2020-02-07 15:06:54 - [TEST_STEP][PASSED] - println(object): null

2020-02-07 15:06:54 - [TEST_STEP][PASSED] - mytest = plans: null

2020-02-07 15:06:54 - [TEST_STEP][PASSED] - variable = mytest: null

2020-02-07 15:06:54 - [MESSAGE][PASSED] - Verify response successfully

2020-02-07 15:06:54 - [MESSAGE][PASSED] - Send request and verify the response successfully

2020-02-07 15:06:54 - [TEST_STEP][PASSED] - setValueToCellByAddress(sheet01, "E" + mycount, variable): null

2020-02-07 15:06:54 - [TEST_STEP][PASSED] - saveWorkbook(excelFile01, workbook01): null]]></system-out>
         <system-err><![CDATA[]]></system-err>
      </testcase>
      <testcase name="Test Cases/Test_Beams_by_Zip_to_Excel" time="1.849" classname="Test Cases/Test_Beams_by_Zip_to_Excel" status="PASSED">
         <system-out><![CDATA[2020-02-07 15:06:54 - [TEST_CASE][PASSED] - Test Cases/Test_Beams_by_Zip_to_Excel: Test Cases/Test_Beams_by_Zip_to_Excel

2020-02-07 15:06:54 - [TEST_STEP][PASSED] - excelFile01 = "beams-test-results.xlsx": null

2020-02-07 15:06:54 - [TEST_STEP][PASSED] - ExpectedListSheetFile1 = ["Sheet1"]: null

2020-02-07 15:06:54 - [TEST_STEP][PASSED] - workbookFile01 = getWorkbook(excelFile01): null

2020-02-07 15:06:54 - [TEST_STEP][PASSED] - workbook01 = getWorkbook(excelFile01): null

2020-02-07 15:06:54 - [TEST_STEP][PASSED] - sheet01 = getExcelSheet(workbook01, "Sheet1"): null

2020-02-07 15:06:54 - [TEST_STEP][PASSED] - setValueToCellByAddress(sheet01, "A1", "TEST"): null

2020-02-07 15:06:54 - [TEST_STEP][PASSED] - setValueToCellByAddress(sheet01, "B1", "BEAM"): null

2020-02-07 15:06:54 - [TEST_STEP][PASSED] - setValueToCellByAddress(sheet01, "C1", "UFF"): null

2020-02-07 15:06:54 - [TEST_STEP][PASSED] - setValueToCellByAddress(sheet01, "D1", "PLAN"): null

2020-02-07 15:06:54 - [TEST_STEP][PASSED] - setValueToCellByAddress(sheet01, "E1", "API PLAN"): null

2020-02-07 15:06:54 - [TEST_STEP][PASSED] - mybeam = mybeam: null

2020-02-07 15:06:54 - [TEST_STEP][PASSED] - myuff = myuff: null

2020-02-07 15:06:54 - [TEST_STEP][PASSED] - myplan = myplan: null

2020-02-07 15:06:54 - [TEST_STEP][PASSED] - log = new com.kms.katalon.core.logging.KeywordLogger(): null

2020-02-07 15:06:54 - [TEST_STEP][PASSED] - log.logWarning("beam " + mybeam + " zip " + myzip + " upfront fees " + myuff + " plan " + myplan): beam 481 zip 67731 upfront fees 0 plan VS2 High Fill

2020-02-07 15:06:54 - [MESSAGE][WARNING] - beam 481 zip 67731 upfront fees 0 plan VS2 High Fill

2020-02-07 15:06:54 - [TEST_STEP][PASSED] - setValueToCellByAddress(sheet01, "B" + mycount, beamFail): null

2020-02-07 15:06:54 - [TEST_STEP][PASSED] - setValueToCellByAddress(sheet01, "C" + mycount, uffFail): null

2020-02-07 15:06:54 - [TEST_STEP][PASSED] - mycount = mycount + 1: null

2020-02-07 15:06:54 - [TEST_STEP][PASSED] - setValueToCellByAddress(sheet01, "A" + mycount, "beam " + mybeam + " zip " + myzip + " upfront fees " + myuff + " plan " + myplan): null

2020-02-07 15:06:54 - [TEST_STEP][PASSED] - setValueToCellByAddress(sheet01, "D" + mycount, myplan): null

2020-02-07 15:06:54 - [TEST_STEP][PASSED] - sendRequestAndVerify(findTestObject("Exede_Zip", ["myzip":myzip])): Send request and verify the response successfully

2020-02-07 15:06:56 - [MESSAGE][INFO] - HAR: /Users/jhampleman/Katalon Studio/Exede_Beam_Tests_v2.1 copy/Reports/20200207_150435/RUN_Exede_Zip_Test/20200207_150435/requests/main/64.har

2020-02-07 15:06:56 - [TEST_CASE][PASSED] - Start Test Case : Verification: Verification accomplished successfully

2020-02-07 15:06:56 - [TEST_STEP][PASSED] - request = getInstance().getCurrentRequest(): null

2020-02-07 15:06:56 - [TEST_STEP][PASSED] - response = getInstance().getCurrentResponse(): null

2020-02-07 15:06:56 - [TEST_STEP][PASSED] - if (!(verifyElementPropertyValue(response, "data.beam", mybeam))): Verify element property value successfully

2020-02-07 15:06:56 - [MESSAGE][PASSED] - Verify element property value successfully

2020-02-07 15:06:56 - [TEST_STEP][PASSED] - else: null

2020-02-07 15:06:56 - [TEST_STEP][PASSED] - beamFail = "P": null

2020-02-07 15:06:56 - [TEST_STEP][PASSED] - if (!(verifyElementPropertyValue(response, "data.product.down", myuff))): Verify element property value successfully

2020-02-07 15:06:56 - [MESSAGE][PASSED] - Verify element property value successfully

2020-02-07 15:06:56 - [TEST_STEP][PASSED] - else: null

2020-02-07 15:06:56 - [TEST_STEP][PASSED] - uffFail = "P": null

2020-02-07 15:06:56 - [TEST_STEP][PASSED] - jsonSlurper = new groovy.json.JsonSlurper(): null

2020-02-07 15:06:56 - [TEST_STEP][PASSED] - object = jsonSlurper.parseText(response.getResponseText()): null

2020-02-07 15:06:56 - [TEST_STEP][PASSED] - println(object): null

2020-02-07 15:06:56 - [TEST_STEP][PASSED] - mytest = plans: null

2020-02-07 15:06:56 - [TEST_STEP][PASSED] - variable = mytest: null

2020-02-07 15:06:56 - [MESSAGE][PASSED] - Verify response successfully

2020-02-07 15:06:56 - [MESSAGE][PASSED] - Send request and verify the response successfully

2020-02-07 15:06:56 - [TEST_STEP][PASSED] - setValueToCellByAddress(sheet01, "E" + mycount, variable): null

2020-02-07 15:06:56 - [TEST_STEP][PASSED] - saveWorkbook(excelFile01, workbook01): null]]></system-out>
         <system-err><![CDATA[]]></system-err>
      </testcase>
      <testcase name="Test Cases/Test_Beams_by_Zip_to_Excel" time="1.963" classname="Test Cases/Test_Beams_by_Zip_to_Excel" status="PASSED">
         <system-out><![CDATA[2020-02-07 15:06:56 - [TEST_CASE][PASSED] - Test Cases/Test_Beams_by_Zip_to_Excel: Test Cases/Test_Beams_by_Zip_to_Excel

2020-02-07 15:06:56 - [TEST_STEP][PASSED] - excelFile01 = "beams-test-results.xlsx": null

2020-02-07 15:06:56 - [TEST_STEP][PASSED] - ExpectedListSheetFile1 = ["Sheet1"]: null

2020-02-07 15:06:56 - [TEST_STEP][PASSED] - workbookFile01 = getWorkbook(excelFile01): null

2020-02-07 15:06:56 - [TEST_STEP][PASSED] - workbook01 = getWorkbook(excelFile01): null

2020-02-07 15:06:56 - [TEST_STEP][PASSED] - sheet01 = getExcelSheet(workbook01, "Sheet1"): null

2020-02-07 15:06:56 - [TEST_STEP][PASSED] - setValueToCellByAddress(sheet01, "A1", "TEST"): null

2020-02-07 15:06:56 - [TEST_STEP][PASSED] - setValueToCellByAddress(sheet01, "B1", "BEAM"): null

2020-02-07 15:06:56 - [TEST_STEP][PASSED] - setValueToCellByAddress(sheet01, "C1", "UFF"): null

2020-02-07 15:06:56 - [TEST_STEP][PASSED] - setValueToCellByAddress(sheet01, "D1", "PLAN"): null

2020-02-07 15:06:56 - [TEST_STEP][PASSED] - setValueToCellByAddress(sheet01, "E1", "API PLAN"): null

2020-02-07 15:06:56 - [TEST_STEP][PASSED] - mybeam = mybeam: null

2020-02-07 15:06:56 - [TEST_STEP][PASSED] - myuff = myuff: null

2020-02-07 15:06:56 - [TEST_STEP][PASSED] - myplan = myplan: null

2020-02-07 15:06:56 - [TEST_STEP][PASSED] - log = new com.kms.katalon.core.logging.KeywordLogger(): null

2020-02-07 15:06:56 - [TEST_STEP][PASSED] - log.logWarning("beam " + mybeam + " zip " + myzip + " upfront fees " + myuff + " plan " + myplan): beam 482 zip 68434 upfront fees 100 plan VS2 High Fill

2020-02-07 15:06:56 - [MESSAGE][WARNING] - beam 482 zip 68434 upfront fees 100 plan VS2 High Fill

2020-02-07 15:06:56 - [TEST_STEP][PASSED] - setValueToCellByAddress(sheet01, "B" + mycount, beamFail): null

2020-02-07 15:06:56 - [TEST_STEP][PASSED] - setValueToCellByAddress(sheet01, "C" + mycount, uffFail): null

2020-02-07 15:06:56 - [TEST_STEP][PASSED] - mycount = mycount + 1: null

2020-02-07 15:06:56 - [TEST_STEP][PASSED] - setValueToCellByAddress(sheet01, "A" + mycount, "beam " + mybeam + " zip " + myzip + " upfront fees " + myuff + " plan " + myplan): null

2020-02-07 15:06:56 - [TEST_STEP][PASSED] - setValueToCellByAddress(sheet01, "D" + mycount, myplan): null

2020-02-07 15:06:56 - [TEST_STEP][PASSED] - sendRequestAndVerify(findTestObject("Exede_Zip", ["myzip":myzip])): Send request and verify the response successfully

2020-02-07 15:06:58 - [MESSAGE][INFO] - HAR: /Users/jhampleman/Katalon Studio/Exede_Beam_Tests_v2.1 copy/Reports/20200207_150435/RUN_Exede_Zip_Test/20200207_150435/requests/main/65.har

2020-02-07 15:06:58 - [TEST_CASE][PASSED] - Start Test Case : Verification: Verification accomplished successfully

2020-02-07 15:06:58 - [TEST_STEP][PASSED] - request = getInstance().getCurrentRequest(): null

2020-02-07 15:06:58 - [TEST_STEP][PASSED] - response = getInstance().getCurrentResponse(): null

2020-02-07 15:06:58 - [TEST_STEP][PASSED] - if (!(verifyElementPropertyValue(response, "data.beam", mybeam))): Verify element property value successfully

2020-02-07 15:06:58 - [MESSAGE][PASSED] - Verify element property value successfully

2020-02-07 15:06:58 - [TEST_STEP][PASSED] - else: null

2020-02-07 15:06:58 - [TEST_STEP][PASSED] - beamFail = "P": null

2020-02-07 15:06:58 - [TEST_STEP][PASSED] - if (!(verifyElementPropertyValue(response, "data.product.down", myuff))): Verify element property value successfully

2020-02-07 15:06:58 - [MESSAGE][PASSED] - Verify element property value successfully

2020-02-07 15:06:58 - [TEST_STEP][PASSED] - else: null

2020-02-07 15:06:58 - [TEST_STEP][PASSED] - uffFail = "P": null

2020-02-07 15:06:58 - [TEST_STEP][PASSED] - jsonSlurper = new groovy.json.JsonSlurper(): null

2020-02-07 15:06:58 - [TEST_STEP][PASSED] - object = jsonSlurper.parseText(response.getResponseText()): null

2020-02-07 15:06:58 - [TEST_STEP][PASSED] - println(object): null

2020-02-07 15:06:58 - [TEST_STEP][PASSED] - mytest = plans: null

2020-02-07 15:06:58 - [TEST_STEP][PASSED] - variable = mytest: null

2020-02-07 15:06:58 - [MESSAGE][PASSED] - Verify response successfully

2020-02-07 15:06:58 - [MESSAGE][PASSED] - Send request and verify the response successfully

2020-02-07 15:06:58 - [TEST_STEP][PASSED] - setValueToCellByAddress(sheet01, "E" + mycount, variable): null

2020-02-07 15:06:58 - [TEST_STEP][PASSED] - saveWorkbook(excelFile01, workbook01): null]]></system-out>
         <system-err><![CDATA[]]></system-err>
      </testcase>
      <testcase name="Test Cases/Test_Beams_by_Zip_to_Excel" time="2.025" classname="Test Cases/Test_Beams_by_Zip_to_Excel" status="PASSED">
         <system-out><![CDATA[2020-02-07 15:06:58 - [TEST_CASE][PASSED] - Test Cases/Test_Beams_by_Zip_to_Excel: Test Cases/Test_Beams_by_Zip_to_Excel

2020-02-07 15:06:58 - [TEST_STEP][PASSED] - excelFile01 = "beams-test-results.xlsx": null

2020-02-07 15:06:58 - [TEST_STEP][PASSED] - ExpectedListSheetFile1 = ["Sheet1"]: null

2020-02-07 15:06:58 - [TEST_STEP][PASSED] - workbookFile01 = getWorkbook(excelFile01): null

2020-02-07 15:06:58 - [TEST_STEP][PASSED] - workbook01 = getWorkbook(excelFile01): null

2020-02-07 15:06:58 - [TEST_STEP][PASSED] - sheet01 = getExcelSheet(workbook01, "Sheet1"): null

2020-02-07 15:06:58 - [TEST_STEP][PASSED] - setValueToCellByAddress(sheet01, "A1", "TEST"): null

2020-02-07 15:06:58 - [TEST_STEP][PASSED] - setValueToCellByAddress(sheet01, "B1", "BEAM"): null

2020-02-07 15:06:58 - [TEST_STEP][PASSED] - setValueToCellByAddress(sheet01, "C1", "UFF"): null

2020-02-07 15:06:58 - [TEST_STEP][PASSED] - setValueToCellByAddress(sheet01, "D1", "PLAN"): null

2020-02-07 15:06:58 - [TEST_STEP][PASSED] - setValueToCellByAddress(sheet01, "E1", "API PLAN"): null

2020-02-07 15:06:58 - [TEST_STEP][PASSED] - mybeam = mybeam: null

2020-02-07 15:06:58 - [TEST_STEP][PASSED] - myuff = myuff: null

2020-02-07 15:06:58 - [TEST_STEP][PASSED] - myplan = myplan: null

2020-02-07 15:06:58 - [TEST_STEP][PASSED] - log = new com.kms.katalon.core.logging.KeywordLogger(): null

2020-02-07 15:06:58 - [TEST_STEP][PASSED] - log.logWarning("beam " + mybeam + " zip " + myzip + " upfront fees " + myuff + " plan " + myplan): beam 486 zip 16601 upfront fees 150 plan VS2 High Fill

2020-02-07 15:06:58 - [MESSAGE][WARNING] - beam 486 zip 16601 upfront fees 150 plan VS2 High Fill

2020-02-07 15:06:58 - [TEST_STEP][PASSED] - setValueToCellByAddress(sheet01, "B" + mycount, beamFail): null

2020-02-07 15:06:58 - [TEST_STEP][PASSED] - setValueToCellByAddress(sheet01, "C" + mycount, uffFail): null

2020-02-07 15:06:58 - [TEST_STEP][PASSED] - mycount = mycount + 1: null

2020-02-07 15:06:58 - [TEST_STEP][PASSED] - setValueToCellByAddress(sheet01, "A" + mycount, "beam " + mybeam + " zip " + myzip + " upfront fees " + myuff + " plan " + myplan): null

2020-02-07 15:06:58 - [TEST_STEP][PASSED] - setValueToCellByAddress(sheet01, "D" + mycount, myplan): null

2020-02-07 15:06:58 - [TEST_STEP][PASSED] - sendRequestAndVerify(findTestObject("Exede_Zip", ["myzip":myzip])): Send request and verify the response successfully

2020-02-07 15:07:00 - [MESSAGE][INFO] - HAR: /Users/jhampleman/Katalon Studio/Exede_Beam_Tests_v2.1 copy/Reports/20200207_150435/RUN_Exede_Zip_Test/20200207_150435/requests/main/66.har

2020-02-07 15:07:00 - [TEST_CASE][PASSED] - Start Test Case : Verification: Verification accomplished successfully

2020-02-07 15:07:00 - [TEST_STEP][PASSED] - request = getInstance().getCurrentRequest(): null

2020-02-07 15:07:00 - [TEST_STEP][PASSED] - response = getInstance().getCurrentResponse(): null

2020-02-07 15:07:00 - [TEST_STEP][PASSED] - if (!(verifyElementPropertyValue(response, "data.beam", mybeam))): Verify element property value successfully

2020-02-07 15:07:00 - [MESSAGE][PASSED] - Verify element property value successfully

2020-02-07 15:07:00 - [TEST_STEP][PASSED] - else: null

2020-02-07 15:07:00 - [TEST_STEP][PASSED] - beamFail = "P": null

2020-02-07 15:07:00 - [TEST_STEP][PASSED] - if (!(verifyElementPropertyValue(response, "data.product.down", myuff))): Verify element property value successfully

2020-02-07 15:07:00 - [MESSAGE][PASSED] - Verify element property value successfully

2020-02-07 15:07:00 - [TEST_STEP][PASSED] - else: null

2020-02-07 15:07:00 - [TEST_STEP][PASSED] - uffFail = "P": null

2020-02-07 15:07:00 - [TEST_STEP][PASSED] - jsonSlurper = new groovy.json.JsonSlurper(): null

2020-02-07 15:07:00 - [TEST_STEP][PASSED] - object = jsonSlurper.parseText(response.getResponseText()): null

2020-02-07 15:07:00 - [TEST_STEP][PASSED] - println(object): null

2020-02-07 15:07:00 - [TEST_STEP][PASSED] - mytest = plans: null

2020-02-07 15:07:00 - [TEST_STEP][PASSED] - variable = mytest: null

2020-02-07 15:07:00 - [MESSAGE][PASSED] - Verify response successfully

2020-02-07 15:07:00 - [MESSAGE][PASSED] - Send request and verify the response successfully

2020-02-07 15:07:00 - [TEST_STEP][PASSED] - setValueToCellByAddress(sheet01, "E" + mycount, variable): null

2020-02-07 15:07:00 - [TEST_STEP][PASSED] - saveWorkbook(excelFile01, workbook01): null]]></system-out>
         <system-err><![CDATA[]]></system-err>
      </testcase>
      <testcase name="Test Cases/Test_Beams_by_Zip_to_Excel" time="2.235" classname="Test Cases/Test_Beams_by_Zip_to_Excel" status="PASSED">
         <system-out><![CDATA[2020-02-07 15:07:00 - [TEST_CASE][PASSED] - Test Cases/Test_Beams_by_Zip_to_Excel: Test Cases/Test_Beams_by_Zip_to_Excel

2020-02-07 15:07:00 - [TEST_STEP][PASSED] - excelFile01 = "beams-test-results.xlsx": null

2020-02-07 15:07:00 - [TEST_STEP][PASSED] - ExpectedListSheetFile1 = ["Sheet1"]: null

2020-02-07 15:07:00 - [TEST_STEP][PASSED] - workbookFile01 = getWorkbook(excelFile01): null

2020-02-07 15:07:00 - [TEST_STEP][PASSED] - workbook01 = getWorkbook(excelFile01): null

2020-02-07 15:07:00 - [TEST_STEP][PASSED] - sheet01 = getExcelSheet(workbook01, "Sheet1"): null

2020-02-07 15:07:00 - [TEST_STEP][PASSED] - setValueToCellByAddress(sheet01, "A1", "TEST"): null

2020-02-07 15:07:00 - [TEST_STEP][PASSED] - setValueToCellByAddress(sheet01, "B1", "BEAM"): null

2020-02-07 15:07:00 - [TEST_STEP][PASSED] - setValueToCellByAddress(sheet01, "C1", "UFF"): null

2020-02-07 15:07:00 - [TEST_STEP][PASSED] - setValueToCellByAddress(sheet01, "D1", "PLAN"): null

2020-02-07 15:07:00 - [TEST_STEP][PASSED] - setValueToCellByAddress(sheet01, "E1", "API PLAN"): null

2020-02-07 15:07:00 - [TEST_STEP][PASSED] - mybeam = mybeam: null

2020-02-07 15:07:00 - [TEST_STEP][PASSED] - myuff = myuff: null

2020-02-07 15:07:00 - [TEST_STEP][PASSED] - myplan = myplan: null

2020-02-07 15:07:00 - [TEST_STEP][PASSED] - log = new com.kms.katalon.core.logging.KeywordLogger(): null

2020-02-07 15:07:00 - [TEST_STEP][PASSED] - log.logWarning("beam " + mybeam + " zip " + myzip + " upfront fees " + myuff + " plan " + myplan): beam 495 zip 93514 upfront fees 100 plan VS2 High Fill

2020-02-07 15:07:00 - [MESSAGE][WARNING] - beam 495 zip 93514 upfront fees 100 plan VS2 High Fill

2020-02-07 15:07:00 - [TEST_STEP][PASSED] - setValueToCellByAddress(sheet01, "B" + mycount, beamFail): null

2020-02-07 15:07:00 - [TEST_STEP][PASSED] - setValueToCellByAddress(sheet01, "C" + mycount, uffFail): null

2020-02-07 15:07:00 - [TEST_STEP][PASSED] - mycount = mycount + 1: null

2020-02-07 15:07:00 - [TEST_STEP][PASSED] - setValueToCellByAddress(sheet01, "A" + mycount, "beam " + mybeam + " zip " + myzip + " upfront fees " + myuff + " plan " + myplan): null

2020-02-07 15:07:00 - [TEST_STEP][PASSED] - setValueToCellByAddress(sheet01, "D" + mycount, myplan): null

2020-02-07 15:07:00 - [TEST_STEP][PASSED] - sendRequestAndVerify(findTestObject("Exede_Zip", ["myzip":myzip])): Send request and verify the response successfully

2020-02-07 15:07:02 - [MESSAGE][INFO] - HAR: /Users/jhampleman/Katalon Studio/Exede_Beam_Tests_v2.1 copy/Reports/20200207_150435/RUN_Exede_Zip_Test/20200207_150435/requests/main/67.har

2020-02-07 15:07:02 - [TEST_CASE][PASSED] - Start Test Case : Verification: Verification accomplished successfully

2020-02-07 15:07:02 - [TEST_STEP][PASSED] - request = getInstance().getCurrentRequest(): null

2020-02-07 15:07:02 - [TEST_STEP][PASSED] - response = getInstance().getCurrentResponse(): null

2020-02-07 15:07:02 - [TEST_STEP][PASSED] - if (!(verifyElementPropertyValue(response, "data.beam", mybeam))): Verify element property value successfully

2020-02-07 15:07:02 - [MESSAGE][PASSED] - Verify element property value successfully

2020-02-07 15:07:02 - [TEST_STEP][PASSED] - else: null

2020-02-07 15:07:02 - [TEST_STEP][PASSED] - beamFail = "P": null

2020-02-07 15:07:02 - [TEST_STEP][PASSED] - if (!(verifyElementPropertyValue(response, "data.product.down", myuff))): Verify element property value successfully

2020-02-07 15:07:02 - [MESSAGE][PASSED] - Verify element property value successfully

2020-02-07 15:07:02 - [TEST_STEP][PASSED] - else: null

2020-02-07 15:07:02 - [TEST_STEP][PASSED] - uffFail = "P": null

2020-02-07 15:07:02 - [TEST_STEP][PASSED] - jsonSlurper = new groovy.json.JsonSlurper(): null

2020-02-07 15:07:02 - [TEST_STEP][PASSED] - object = jsonSlurper.parseText(response.getResponseText()): null

2020-02-07 15:07:02 - [TEST_STEP][PASSED] - println(object): null

2020-02-07 15:07:02 - [TEST_STEP][PASSED] - mytest = plans: null

2020-02-07 15:07:02 - [TEST_STEP][PASSED] - variable = mytest: null

2020-02-07 15:07:02 - [MESSAGE][PASSED] - Verify response successfully

2020-02-07 15:07:02 - [MESSAGE][PASSED] - Send request and verify the response successfully

2020-02-07 15:07:02 - [TEST_STEP][PASSED] - setValueToCellByAddress(sheet01, "E" + mycount, variable): null

2020-02-07 15:07:02 - [TEST_STEP][PASSED] - saveWorkbook(excelFile01, workbook01): null]]></system-out>
         <system-err><![CDATA[]]></system-err>
      </testcase>
      <testcase name="Test Cases/Test_Beams_by_Zip_to_Excel" time="1.918" classname="Test Cases/Test_Beams_by_Zip_to_Excel" status="PASSED">
         <system-out><![CDATA[2020-02-07 15:07:02 - [TEST_CASE][PASSED] - Test Cases/Test_Beams_by_Zip_to_Excel: Test Cases/Test_Beams_by_Zip_to_Excel

2020-02-07 15:07:02 - [TEST_STEP][PASSED] - excelFile01 = "beams-test-results.xlsx": null

2020-02-07 15:07:02 - [TEST_STEP][PASSED] - ExpectedListSheetFile1 = ["Sheet1"]: null

2020-02-07 15:07:02 - [TEST_STEP][PASSED] - workbookFile01 = getWorkbook(excelFile01): null

2020-02-07 15:07:02 - [TEST_STEP][PASSED] - workbook01 = getWorkbook(excelFile01): null

2020-02-07 15:07:02 - [TEST_STEP][PASSED] - sheet01 = getExcelSheet(workbook01, "Sheet1"): null

2020-02-07 15:07:02 - [TEST_STEP][PASSED] - setValueToCellByAddress(sheet01, "A1", "TEST"): null

2020-02-07 15:07:02 - [TEST_STEP][PASSED] - setValueToCellByAddress(sheet01, "B1", "BEAM"): null

2020-02-07 15:07:02 - [TEST_STEP][PASSED] - setValueToCellByAddress(sheet01, "C1", "UFF"): null

2020-02-07 15:07:02 - [TEST_STEP][PASSED] - setValueToCellByAddress(sheet01, "D1", "PLAN"): null

2020-02-07 15:07:02 - [TEST_STEP][PASSED] - setValueToCellByAddress(sheet01, "E1", "API PLAN"): null

2020-02-07 15:07:02 - [TEST_STEP][PASSED] - mybeam = mybeam: null

2020-02-07 15:07:02 - [TEST_STEP][PASSED] - myuff = myuff: null

2020-02-07 15:07:02 - [TEST_STEP][PASSED] - myplan = myplan: null

2020-02-07 15:07:02 - [TEST_STEP][PASSED] - log = new com.kms.katalon.core.logging.KeywordLogger(): null

2020-02-07 15:07:02 - [TEST_STEP][PASSED] - log.logWarning("beam " + mybeam + " zip " + myzip + " upfront fees " + myuff + " plan " + myplan): beam 496 zip 84770 upfront fees 0 plan VS2 High Fill

2020-02-07 15:07:02 - [MESSAGE][WARNING] - beam 496 zip 84770 upfront fees 0 plan VS2 High Fill

2020-02-07 15:07:02 - [TEST_STEP][PASSED] - setValueToCellByAddress(sheet01, "B" + mycount, beamFail): null

2020-02-07 15:07:02 - [TEST_STEP][PASSED] - setValueToCellByAddress(sheet01, "C" + mycount, uffFail): null

2020-02-07 15:07:02 - [TEST_STEP][PASSED] - mycount = mycount + 1: null

2020-02-07 15:07:02 - [TEST_STEP][PASSED] - setValueToCellByAddress(sheet01, "A" + mycount, "beam " + mybeam + " zip " + myzip + " upfront fees " + myuff + " plan " + myplan): null

2020-02-07 15:07:02 - [TEST_STEP][PASSED] - setValueToCellByAddress(sheet01, "D" + mycount, myplan): null

2020-02-07 15:07:02 - [TEST_STEP][PASSED] - sendRequestAndVerify(findTestObject("Exede_Zip", ["myzip":myzip])): Send request and verify the response successfully

2020-02-07 15:07:04 - [MESSAGE][INFO] - HAR: /Users/jhampleman/Katalon Studio/Exede_Beam_Tests_v2.1 copy/Reports/20200207_150435/RUN_Exede_Zip_Test/20200207_150435/requests/main/68.har

2020-02-07 15:07:04 - [TEST_CASE][PASSED] - Start Test Case : Verification: Verification accomplished successfully

2020-02-07 15:07:04 - [TEST_STEP][PASSED] - request = getInstance().getCurrentRequest(): null

2020-02-07 15:07:04 - [TEST_STEP][PASSED] - response = getInstance().getCurrentResponse(): null

2020-02-07 15:07:04 - [TEST_STEP][PASSED] - if (!(verifyElementPropertyValue(response, "data.beam", mybeam))): Verify element property value successfully

2020-02-07 15:07:04 - [MESSAGE][PASSED] - Verify element property value successfully

2020-02-07 15:07:04 - [TEST_STEP][PASSED] - else: null

2020-02-07 15:07:04 - [TEST_STEP][PASSED] - beamFail = "P": null

2020-02-07 15:07:04 - [TEST_STEP][PASSED] - if (!(verifyElementPropertyValue(response, "data.product.down", myuff))): Verify element property value successfully

2020-02-07 15:07:04 - [MESSAGE][PASSED] - Verify element property value successfully

2020-02-07 15:07:04 - [TEST_STEP][PASSED] - else: null

2020-02-07 15:07:04 - [TEST_STEP][PASSED] - uffFail = "P": null

2020-02-07 15:07:04 - [TEST_STEP][PASSED] - jsonSlurper = new groovy.json.JsonSlurper(): null

2020-02-07 15:07:04 - [TEST_STEP][PASSED] - object = jsonSlurper.parseText(response.getResponseText()): null

2020-02-07 15:07:04 - [TEST_STEP][PASSED] - println(object): null

2020-02-07 15:07:04 - [TEST_STEP][PASSED] - mytest = plans: null

2020-02-07 15:07:04 - [TEST_STEP][PASSED] - variable = mytest: null

2020-02-07 15:07:04 - [MESSAGE][PASSED] - Verify response successfully

2020-02-07 15:07:04 - [MESSAGE][PASSED] - Send request and verify the response successfully

2020-02-07 15:07:04 - [TEST_STEP][PASSED] - setValueToCellByAddress(sheet01, "E" + mycount, variable): null

2020-02-07 15:07:04 - [TEST_STEP][PASSED] - saveWorkbook(excelFile01, workbook01): null]]></system-out>
         <system-err><![CDATA[]]></system-err>
      </testcase>
      <testcase name="Test Cases/Test_Beams_by_Zip_to_Excel" time="1.966" classname="Test Cases/Test_Beams_by_Zip_to_Excel" status="FAILED">
         <failure type="FAILED" message="Test Cases/Test_Beams_by_Zip_to_Excel FAILED.
Reason:
com.kms.katalon.core.exception.StepFailedException: Expected element property value '497' is not equal with actual property value '73'
	at com.kms.katalon.core.keyword.internal.KeywordMain.stepFailed(KeywordMain.groovy:39)
	at com.kms.katalon.core.webservice.keyword.builtin.VerifyElementPropertyValueKeyword$_verifyElementPropertyValue_closure1.doCall(VerifyElementPropertyValueKeyword.groovy:56)
	at com.kms.katalon.core.webservice.keyword.builtin.VerifyElementPropertyValueKeyword$_verifyElementPropertyValue_closure1.call(VerifyElementPropertyValueKeyword.groovy)
	at com.kms.katalon.core.keyword.internal.KeywordMain.runKeyword(KeywordMain.groovy:68)
	at com.kms.katalon.core.webservice.keyword.builtin.VerifyElementPropertyValueKeyword.verifyElementPropertyValue(VerifyElementPropertyValueKeyword.groovy:48)
	at com.kms.katalon.core.webservice.keyword.builtin.VerifyElementPropertyValueKeyword.execute(VerifyElementPropertyValueKeyword.groovy:43)
	at com.kms.katalon.core.keyword.internal.KeywordExecutor.executeKeywordForPlatform(KeywordExecutor.groovy:72)
	at com.kms.katalon.core.webservice.keyword.WSBuiltInKeywords.verifyElementPropertyValue(WSBuiltInKeywords.groovy:189)
	at com.kms.katalon.core.webservice.keyword.WSBuiltInKeywords$verifyElementPropertyValue$0.call(Unknown Source)
	at WSVerification1581113226333.run(WSVerification1581113226333:16)
	at com.kms.katalon.core.main.ScriptEngine.run(ScriptEngine.java:194)
	at com.kms.katalon.core.main.ScriptEngine.runScriptAsRawText(ScriptEngine.java:119)
	at com.kms.katalon.core.main.WSVerificationExecutor.runScript(WSVerificationExecutor.java:146)
	at com.kms.katalon.core.main.WSVerificationExecutor.doExecute(WSVerificationExecutor.java:140)
	at com.kms.katalon.core.main.WSVerificationExecutor.processExecutionPhase(WSVerificationExecutor.java:123)
	at com.kms.katalon.core.main.WSVerificationExecutor.accessMainPhase(WSVerificationExecutor.java:115)
	at com.kms.katalon.core.main.WSVerificationExecutor.execute(WSVerificationExecutor.java:103)
	at com.kms.katalon.core.main.TestCaseMain.runWSVerificationScript(TestCaseMain.java:127)
	at com.kms.katalon.core.webservice.keyword.builtin.SendRequestAndVerifyKeyword$_sendRequestAndVerify_closure1.doCall(SendRequestAndVerifyKeyword.groovy:55)
	at com.kms.katalon.core.webservice.keyword.builtin.SendRequestAndVerifyKeyword$_sendRequestAndVerify_closure1.call(SendRequestAndVerifyKeyword.groovy)
	at com.kms.katalon.core.keyword.internal.KeywordMain.runKeyword(KeywordMain.groovy:68)
	at com.kms.katalon.core.webservice.keyword.builtin.SendRequestAndVerifyKeyword.sendRequestAndVerify(SendRequestAndVerifyKeyword.groovy:43)
	at com.kms.katalon.core.webservice.keyword.builtin.SendRequestAndVerifyKeyword.execute(SendRequestAndVerifyKeyword.groovy:38)
	at com.kms.katalon.core.keyword.internal.KeywordExecutor.executeKeywordForPlatform(KeywordExecutor.groovy:72)
	at com.kms.katalon.core.webservice.keyword.WSBuiltInKeywords.sendRequestAndVerify(WSBuiltInKeywords.groovy:65)
	at com.kms.katalon.core.webservice.keyword.WSBuiltInKeywords$sendRequestAndVerify.call(Unknown Source)
	at Test_Beams_by_Zip_to_Excel.run(Test_Beams_by_Zip_to_Excel:68)
	at com.kms.katalon.core.main.ScriptEngine.run(ScriptEngine.java:194)
	at com.kms.katalon.core.main.ScriptEngine.runScriptAsRawText(ScriptEngine.java:119)
	at com.kms.katalon.core.main.TestCaseExecutor.runScript(TestCaseExecutor.java:337)
	at com.kms.katalon.core.main.TestCaseExecutor.doExecute(TestCaseExecutor.java:328)
	at com.kms.katalon.core.main.TestCaseExecutor.processExecutionPhase(TestCaseExecutor.java:307)
	at com.kms.katalon.core.main.TestCaseExecutor.accessMainPhase(TestCaseExecutor.java:299)
	at com.kms.katalon.core.main.TestCaseExecutor.execute(TestCaseExecutor.java:233)
	at com.kms.katalon.core.main.TestSuiteExecutor.accessTestCaseMainPhase(TestSuiteExecutor.java:169)
	at com.kms.katalon.core.main.TestSuiteExecutor.accessTestSuiteMainPhase(TestSuiteExecutor.java:142)
	at com.kms.katalon.core.main.TestSuiteExecutor.execute(TestSuiteExecutor.java:91)
	at com.kms.katalon.core.main.TestCaseMain.startTestSuite(TestCaseMain.java:157)
	at com.kms.katalon.core.main.TestCaseMain$startTestSuite$0.call(Unknown Source)
	at TempTestSuite1581113075265.run(TempTestSuite1581113075265.groovy:36)
"/>
         <system-out><![CDATA[2020-02-07 15:07:04 - [TEST_CASE][FAILED] - Test Cases/Test_Beams_by_Zip_to_Excel: Test Cases/Test_Beams_by_Zip_to_Excel FAILED.
Reason:
com.kms.katalon.core.exception.StepFailedException: Expected element property value '497' is not equal with actual property value '73'
	at com.kms.katalon.core.keyword.internal.KeywordMain.stepFailed(KeywordMain.groovy:39)
	at com.kms.katalon.core.webservice.keyword.builtin.VerifyElementPropertyValueKeyword$_verifyElementPropertyValue_closure1.doCall(VerifyElementPropertyValueKeyword.groovy:56)
	at com.kms.katalon.core.webservice.keyword.builtin.VerifyElementPropertyValueKeyword$_verifyElementPropertyValue_closure1.call(VerifyElementPropertyValueKeyword.groovy)
	at com.kms.katalon.core.keyword.internal.KeywordMain.runKeyword(KeywordMain.groovy:68)
	at com.kms.katalon.core.webservice.keyword.builtin.VerifyElementPropertyValueKeyword.verifyElementPropertyValue(VerifyElementPropertyValueKeyword.groovy:48)
	at com.kms.katalon.core.webservice.keyword.builtin.VerifyElementPropertyValueKeyword.execute(VerifyElementPropertyValueKeyword.groovy:43)
	at com.kms.katalon.core.keyword.internal.KeywordExecutor.executeKeywordForPlatform(KeywordExecutor.groovy:72)
	at com.kms.katalon.core.webservice.keyword.WSBuiltInKeywords.verifyElementPropertyValue(WSBuiltInKeywords.groovy:189)
	at com.kms.katalon.core.webservice.keyword.WSBuiltInKeywords$verifyElementPropertyValue$0.call(Unknown Source)
	at WSVerification1581113226333.run(WSVerification1581113226333:16)
	at com.kms.katalon.core.main.ScriptEngine.run(ScriptEngine.java:194)
	at com.kms.katalon.core.main.ScriptEngine.runScriptAsRawText(ScriptEngine.java:119)
	at com.kms.katalon.core.main.WSVerificationExecutor.runScript(WSVerificationExecutor.java:146)
	at com.kms.katalon.core.main.WSVerificationExecutor.doExecute(WSVerificationExecutor.java:140)
	at com.kms.katalon.core.main.WSVerificationExecutor.processExecutionPhase(WSVerificationExecutor.java:123)
	at com.kms.katalon.core.main.WSVerificationExecutor.accessMainPhase(WSVerificationExecutor.java:115)
	at com.kms.katalon.core.main.WSVerificationExecutor.execute(WSVerificationExecutor.java:103)
	at com.kms.katalon.core.main.TestCaseMain.runWSVerificationScript(TestCaseMain.java:127)
	at com.kms.katalon.core.webservice.keyword.builtin.SendRequestAndVerifyKeyword$_sendRequestAndVerify_closure1.doCall(SendRequestAndVerifyKeyword.groovy:55)
	at com.kms.katalon.core.webservice.keyword.builtin.SendRequestAndVerifyKeyword$_sendRequestAndVerify_closure1.call(SendRequestAndVerifyKeyword.groovy)
	at com.kms.katalon.core.keyword.internal.KeywordMain.runKeyword(KeywordMain.groovy:68)
	at com.kms.katalon.core.webservice.keyword.builtin.SendRequestAndVerifyKeyword.sendRequestAndVerify(SendRequestAndVerifyKeyword.groovy:43)
	at com.kms.katalon.core.webservice.keyword.builtin.SendRequestAndVerifyKeyword.execute(SendRequestAndVerifyKeyword.groovy:38)
	at com.kms.katalon.core.keyword.internal.KeywordExecutor.executeKeywordForPlatform(KeywordExecutor.groovy:72)
	at com.kms.katalon.core.webservice.keyword.WSBuiltInKeywords.sendRequestAndVerify(WSBuiltInKeywords.groovy:65)
	at com.kms.katalon.core.webservice.keyword.WSBuiltInKeywords$sendRequestAndVerify.call(Unknown Source)
	at Test_Beams_by_Zip_to_Excel.run(Test_Beams_by_Zip_to_Excel:68)
	at com.kms.katalon.core.main.ScriptEngine.run(ScriptEngine.java:194)
	at com.kms.katalon.core.main.ScriptEngine.runScriptAsRawText(ScriptEngine.java:119)
	at com.kms.katalon.core.main.TestCaseExecutor.runScript(TestCaseExecutor.java:337)
	at com.kms.katalon.core.main.TestCaseExecutor.doExecute(TestCaseExecutor.java:328)
	at com.kms.katalon.core.main.TestCaseExecutor.processExecutionPhase(TestCaseExecutor.java:307)
	at com.kms.katalon.core.main.TestCaseExecutor.accessMainPhase(TestCaseExecutor.java:299)
	at com.kms.katalon.core.main.TestCaseExecutor.execute(TestCaseExecutor.java:233)
	at com.kms.katalon.core.main.TestSuiteExecutor.accessTestCaseMainPhase(TestSuiteExecutor.java:169)
	at com.kms.katalon.core.main.TestSuiteExecutor.accessTestSuiteMainPhase(TestSuiteExecutor.java:142)
	at com.kms.katalon.core.main.TestSuiteExecutor.execute(TestSuiteExecutor.java:91)
	at com.kms.katalon.core.main.TestCaseMain.startTestSuite(TestCaseMain.java:157)
	at com.kms.katalon.core.main.TestCaseMain$startTestSuite$0.call(Unknown Source)
	at TempTestSuite1581113075265.run(TempTestSuite1581113075265.groovy:36)


2020-02-07 15:07:04 - [TEST_STEP][PASSED] - excelFile01 = "beams-test-results.xlsx": null

2020-02-07 15:07:04 - [TEST_STEP][PASSED] - ExpectedListSheetFile1 = ["Sheet1"]: null

2020-02-07 15:07:04 - [TEST_STEP][PASSED] - workbookFile01 = getWorkbook(excelFile01): null

2020-02-07 15:07:04 - [TEST_STEP][PASSED] - workbook01 = getWorkbook(excelFile01): null

2020-02-07 15:07:04 - [TEST_STEP][PASSED] - sheet01 = getExcelSheet(workbook01, "Sheet1"): null

2020-02-07 15:07:04 - [TEST_STEP][PASSED] - setValueToCellByAddress(sheet01, "A1", "TEST"): null

2020-02-07 15:07:04 - [TEST_STEP][PASSED] - setValueToCellByAddress(sheet01, "B1", "BEAM"): null

2020-02-07 15:07:04 - [TEST_STEP][PASSED] - setValueToCellByAddress(sheet01, "C1", "UFF"): null

2020-02-07 15:07:04 - [TEST_STEP][PASSED] - setValueToCellByAddress(sheet01, "D1", "PLAN"): null

2020-02-07 15:07:04 - [TEST_STEP][PASSED] - setValueToCellByAddress(sheet01, "E1", "API PLAN"): null

2020-02-07 15:07:04 - [TEST_STEP][PASSED] - mybeam = mybeam: null

2020-02-07 15:07:04 - [TEST_STEP][PASSED] - myuff = myuff: null

2020-02-07 15:07:04 - [TEST_STEP][PASSED] - myplan = myplan: null

2020-02-07 15:07:04 - [TEST_STEP][PASSED] - log = new com.kms.katalon.core.logging.KeywordLogger(): null

2020-02-07 15:07:04 - [TEST_STEP][PASSED] - log.logWarning("beam " + mybeam + " zip " + myzip + " upfront fees " + myuff + " plan " + myplan): beam 497 zip 81507 upfront fees 100 plan VS2 High Fill

2020-02-07 15:07:04 - [MESSAGE][WARNING] - beam 497 zip 81507 upfront fees 100 plan VS2 High Fill

2020-02-07 15:07:04 - [TEST_STEP][PASSED] - setValueToCellByAddress(sheet01, "B" + mycount, beamFail): null

2020-02-07 15:07:04 - [TEST_STEP][PASSED] - setValueToCellByAddress(sheet01, "C" + mycount, uffFail): null

2020-02-07 15:07:04 - [TEST_STEP][PASSED] - mycount = mycount + 1: null

2020-02-07 15:07:04 - [TEST_STEP][PASSED] - setValueToCellByAddress(sheet01, "A" + mycount, "beam " + mybeam + " zip " + myzip + " upfront fees " + myuff + " plan " + myplan): null

2020-02-07 15:07:04 - [TEST_STEP][PASSED] - setValueToCellByAddress(sheet01, "D" + mycount, myplan): null

2020-02-07 15:07:04 - [TEST_STEP][FAILED] - sendRequestAndVerify(findTestObject("Exede_Zip", ["myzip":myzip])): Unable to send request and verify the response (Root cause: com.kms.katalon.core.exception.StepFailedException: Verification failed
	at com.kms.katalon.core.webservice.keyword.builtin.SendRequestAndVerifyKeyword$_sendRequestAndVerify_closure1.doCall(SendRequestAndVerifyKeyword.groovy:59)
	at com.kms.katalon.core.webservice.keyword.builtin.SendRequestAndVerifyKeyword$_sendRequestAndVerify_closure1.call(SendRequestAndVerifyKeyword.groovy)
	at com.kms.katalon.core.keyword.internal.KeywordMain.runKeyword(KeywordMain.groovy:68)
	at com.kms.katalon.core.webservice.keyword.builtin.SendRequestAndVerifyKeyword.sendRequestAndVerify(SendRequestAndVerifyKeyword.groovy:43)
	at com.kms.katalon.core.webservice.keyword.builtin.SendRequestAndVerifyKeyword.execute(SendRequestAndVerifyKeyword.groovy:38)
	at com.kms.katalon.core.keyword.internal.KeywordExecutor.executeKeywordForPlatform(KeywordExecutor.groovy:72)
	at com.kms.katalon.core.webservice.keyword.WSBuiltInKeywords.sendRequestAndVerify(WSBuiltInKeywords.groovy:65)
	at com.kms.katalon.core.webservice.keyword.WSBuiltInKeywords$sendRequestAndVerify.call(Unknown Source)
	at Test_Beams_by_Zip_to_Excel.run(Test_Beams_by_Zip_to_Excel:68)
	at com.kms.katalon.core.main.ScriptEngine.run(ScriptEngine.java:194)
	at com.kms.katalon.core.main.ScriptEngine.runScriptAsRawText(ScriptEngine.java:119)
	at com.kms.katalon.core.main.TestCaseExecutor.runScript(TestCaseExecutor.java:337)
	at com.kms.katalon.core.main.TestCaseExecutor.doExecute(TestCaseExecutor.java:328)
	at com.kms.katalon.core.main.TestCaseExecutor.processExecutionPhase(TestCaseExecutor.java:307)
	at com.kms.katalon.core.main.TestCaseExecutor.accessMainPhase(TestCaseExecutor.java:299)
	at com.kms.katalon.core.main.TestCaseExecutor.execute(TestCaseExecutor.java:233)
	at com.kms.katalon.core.main.TestSuiteExecutor.accessTestCaseMainPhase(TestSuiteExecutor.java:169)
	at com.kms.katalon.core.main.TestSuiteExecutor.accessTestSuiteMainPhase(TestSuiteExecutor.java:142)
	at com.kms.katalon.core.main.TestSuiteExecutor.execute(TestSuiteExecutor.java:91)
	at com.kms.katalon.core.main.TestCaseMain.startTestSuite(TestCaseMain.java:157)
	at com.kms.katalon.core.main.TestCaseMain$startTestSuite$0.call(Unknown Source)
	at TempTestSuite1581113075265.run(TempTestSuite1581113075265.groovy:36)
)

2020-02-07 15:07:06 - [MESSAGE][INFO] - HAR: /Users/jhampleman/Katalon Studio/Exede_Beam_Tests_v2.1 copy/Reports/20200207_150435/RUN_Exede_Zip_Test/20200207_150435/requests/main/69.har

2020-02-07 15:07:06 - [TEST_CASE][FAILED] - Start Test Case : Verification: Verification FAILED.
Reason:
com.kms.katalon.core.exception.StepFailedException: Expected element property value '497' is not equal with actual property value '73'
	at com.kms.katalon.core.keyword.internal.KeywordMain.stepFailed(KeywordMain.groovy:39)
	at com.kms.katalon.core.webservice.keyword.builtin.VerifyElementPropertyValueKeyword$_verifyElementPropertyValue_closure1.doCall(VerifyElementPropertyValueKeyword.groovy:56)
	at com.kms.katalon.core.webservice.keyword.builtin.VerifyElementPropertyValueKeyword$_verifyElementPropertyValue_closure1.call(VerifyElementPropertyValueKeyword.groovy)
	at com.kms.katalon.core.keyword.internal.KeywordMain.runKeyword(KeywordMain.groovy:68)
	at com.kms.katalon.core.webservice.keyword.builtin.VerifyElementPropertyValueKeyword.verifyElementPropertyValue(VerifyElementPropertyValueKeyword.groovy:48)
	at com.kms.katalon.core.webservice.keyword.builtin.VerifyElementPropertyValueKeyword.execute(VerifyElementPropertyValueKeyword.groovy:43)
	at com.kms.katalon.core.keyword.internal.KeywordExecutor.executeKeywordForPlatform(KeywordExecutor.groovy:72)
	at com.kms.katalon.core.webservice.keyword.WSBuiltInKeywords.verifyElementPropertyValue(WSBuiltInKeywords.groovy:189)
	at com.kms.katalon.core.webservice.keyword.WSBuiltInKeywords$verifyElementPropertyValue$0.call(Unknown Source)
	at WSVerification1581113226333.run(WSVerification1581113226333:16)
	at com.kms.katalon.core.main.ScriptEngine.run(ScriptEngine.java:194)
	at com.kms.katalon.core.main.ScriptEngine.runScriptAsRawText(ScriptEngine.java:119)
	at com.kms.katalon.core.main.WSVerificationExecutor.runScript(WSVerificationExecutor.java:146)
	at com.kms.katalon.core.main.WSVerificationExecutor.doExecute(WSVerificationExecutor.java:140)
	at com.kms.katalon.core.main.WSVerificationExecutor.processExecutionPhase(WSVerificationExecutor.java:123)
	at com.kms.katalon.core.main.WSVerificationExecutor.accessMainPhase(WSVerificationExecutor.java:115)
	at com.kms.katalon.core.main.WSVerificationExecutor.execute(WSVerificationExecutor.java:103)
	at com.kms.katalon.core.main.TestCaseMain.runWSVerificationScript(TestCaseMain.java:127)
	at com.kms.katalon.core.webservice.keyword.builtin.SendRequestAndVerifyKeyword$_sendRequestAndVerify_closure1.doCall(SendRequestAndVerifyKeyword.groovy:55)
	at com.kms.katalon.core.webservice.keyword.builtin.SendRequestAndVerifyKeyword$_sendRequestAndVerify_closure1.call(SendRequestAndVerifyKeyword.groovy)
	at com.kms.katalon.core.keyword.internal.KeywordMain.runKeyword(KeywordMain.groovy:68)
	at com.kms.katalon.core.webservice.keyword.builtin.SendRequestAndVerifyKeyword.sendRequestAndVerify(SendRequestAndVerifyKeyword.groovy:43)
	at com.kms.katalon.core.webservice.keyword.builtin.SendRequestAndVerifyKeyword.execute(SendRequestAndVerifyKeyword.groovy:38)
	at com.kms.katalon.core.keyword.internal.KeywordExecutor.executeKeywordForPlatform(KeywordExecutor.groovy:72)
	at com.kms.katalon.core.webservice.keyword.WSBuiltInKeywords.sendRequestAndVerify(WSBuiltInKeywords.groovy:65)
	at com.kms.katalon.core.webservice.keyword.WSBuiltInKeywords$sendRequestAndVerify.call(Unknown Source)
	at Test_Beams_by_Zip_to_Excel.run(Test_Beams_by_Zip_to_Excel:68)
	at com.kms.katalon.core.main.ScriptEngine.run(ScriptEngine.java:194)
	at com.kms.katalon.core.main.ScriptEngine.runScriptAsRawText(ScriptEngine.java:119)
	at com.kms.katalon.core.main.TestCaseExecutor.runScript(TestCaseExecutor.java:337)
	at com.kms.katalon.core.main.TestCaseExecutor.doExecute(TestCaseExecutor.java:328)
	at com.kms.katalon.core.main.TestCaseExecutor.processExecutionPhase(TestCaseExecutor.java:307)
	at com.kms.katalon.core.main.TestCaseExecutor.accessMainPhase(TestCaseExecutor.java:299)
	at com.kms.katalon.core.main.TestCaseExecutor.execute(TestCaseExecutor.java:233)
	at com.kms.katalon.core.main.TestSuiteExecutor.accessTestCaseMainPhase(TestSuiteExecutor.java:169)
	at com.kms.katalon.core.main.TestSuiteExecutor.accessTestSuiteMainPhase(TestSuiteExecutor.java:142)
	at com.kms.katalon.core.main.TestSuiteExecutor.execute(TestSuiteExecutor.java:91)
	at com.kms.katalon.core.main.TestCaseMain.startTestSuite(TestCaseMain.java:157)
	at com.kms.katalon.core.main.TestCaseMain$startTestSuite$0.call(Unknown Source)
	at TempTestSuite1581113075265.run(TempTestSuite1581113075265.groovy:36)


2020-02-07 15:07:06 - [TEST_STEP][PASSED] - request = getInstance().getCurrentRequest(): null

2020-02-07 15:07:06 - [TEST_STEP][PASSED] - response = getInstance().getCurrentResponse(): null

2020-02-07 15:07:06 - [TEST_STEP][FAILED] - if (!(verifyElementPropertyValue(response, "data.beam", mybeam))): null

2020-02-07 15:07:06 - [MESSAGE][FAILED] - Expected element property value '497' is not equal with actual property value '73'

2020-02-07 15:07:06 - [TEST_STEP][PASSED] - beamFail = "F": null

2020-02-07 15:07:06 - [TEST_STEP][FAILED] - if (!(verifyElementPropertyValue(response, "data.product.down", myuff))): null

2020-02-07 15:07:06 - [MESSAGE][FAILED] - Expected element property value '100' is not equal with actual property value '0'

2020-02-07 15:07:06 - [TEST_STEP][PASSED] - uffFail = "F": null

2020-02-07 15:07:06 - [TEST_STEP][PASSED] - jsonSlurper = new groovy.json.JsonSlurper(): null

2020-02-07 15:07:06 - [TEST_STEP][PASSED] - object = jsonSlurper.parseText(response.getResponseText()): null

2020-02-07 15:07:06 - [TEST_STEP][PASSED] - println(object): null

2020-02-07 15:07:06 - [TEST_STEP][PASSED] - mytest = plans: null

2020-02-07 15:07:06 - [TEST_STEP][PASSED] - variable = mytest: null

2020-02-07 15:07:06 - [MESSAGE][FAILED] - Unable to send request and verify the response (Root cause: com.kms.katalon.core.exception.StepFailedException: Verification failed
	at com.kms.katalon.core.webservice.keyword.builtin.SendRequestAndVerifyKeyword$_sendRequestAndVerify_closure1.doCall(SendRequestAndVerifyKeyword.groovy:59)
	at com.kms.katalon.core.webservice.keyword.builtin.SendRequestAndVerifyKeyword$_sendRequestAndVerify_closure1.call(SendRequestAndVerifyKeyword.groovy)
	at com.kms.katalon.core.keyword.internal.KeywordMain.runKeyword(KeywordMain.groovy:68)
	at com.kms.katalon.core.webservice.keyword.builtin.SendRequestAndVerifyKeyword.sendRequestAndVerify(SendRequestAndVerifyKeyword.groovy:43)
	at com.kms.katalon.core.webservice.keyword.builtin.SendRequestAndVerifyKeyword.execute(SendRequestAndVerifyKeyword.groovy:38)
	at com.kms.katalon.core.keyword.internal.KeywordExecutor.executeKeywordForPlatform(KeywordExecutor.groovy:72)
	at com.kms.katalon.core.webservice.keyword.WSBuiltInKeywords.sendRequestAndVerify(WSBuiltInKeywords.groovy:65)
	at com.kms.katalon.core.webservice.keyword.WSBuiltInKeywords$sendRequestAndVerify.call(Unknown Source)
	at Test_Beams_by_Zip_to_Excel.run(Test_Beams_by_Zip_to_Excel:68)
	at com.kms.katalon.core.main.ScriptEngine.run(ScriptEngine.java:194)
	at com.kms.katalon.core.main.ScriptEngine.runScriptAsRawText(ScriptEngine.java:119)
	at com.kms.katalon.core.main.TestCaseExecutor.runScript(TestCaseExecutor.java:337)
	at com.kms.katalon.core.main.TestCaseExecutor.doExecute(TestCaseExecutor.java:328)
	at com.kms.katalon.core.main.TestCaseExecutor.processExecutionPhase(TestCaseExecutor.java:307)
	at com.kms.katalon.core.main.TestCaseExecutor.accessMainPhase(TestCaseExecutor.java:299)
	at com.kms.katalon.core.main.TestCaseExecutor.execute(TestCaseExecutor.java:233)
	at com.kms.katalon.core.main.TestSuiteExecutor.accessTestCaseMainPhase(TestSuiteExecutor.java:169)
	at com.kms.katalon.core.main.TestSuiteExecutor.accessTestSuiteMainPhase(TestSuiteExecutor.java:142)
	at com.kms.katalon.core.main.TestSuiteExecutor.execute(TestSuiteExecutor.java:91)
	at com.kms.katalon.core.main.TestCaseMain.startTestSuite(TestCaseMain.java:157)
	at com.kms.katalon.core.main.TestCaseMain$startTestSuite$0.call(Unknown Source)
	at TempTestSuite1581113075265.run(TempTestSuite1581113075265.groovy:36)
)

2020-02-07 15:07:06 - [TEST_STEP][PASSED] - setValueToCellByAddress(sheet01, "E" + mycount, variable): null

2020-02-07 15:07:06 - [TEST_STEP][PASSED] - saveWorkbook(excelFile01, workbook01): null]]></system-out>
         <system-err><![CDATA[2020-02-07 15:07:04 - [TEST_CASE][FAILED] - Test Cases/Test_Beams_by_Zip_to_Excel: Test Cases/Test_Beams_by_Zip_to_Excel FAILED.
Reason:
com.kms.katalon.core.exception.StepFailedException: Expected element property value '497' is not equal with actual property value '73'
	at com.kms.katalon.core.keyword.internal.KeywordMain.stepFailed(KeywordMain.groovy:39)
	at com.kms.katalon.core.webservice.keyword.builtin.VerifyElementPropertyValueKeyword$_verifyElementPropertyValue_closure1.doCall(VerifyElementPropertyValueKeyword.groovy:56)
	at com.kms.katalon.core.webservice.keyword.builtin.VerifyElementPropertyValueKeyword$_verifyElementPropertyValue_closure1.call(VerifyElementPropertyValueKeyword.groovy)
	at com.kms.katalon.core.keyword.internal.KeywordMain.runKeyword(KeywordMain.groovy:68)
	at com.kms.katalon.core.webservice.keyword.builtin.VerifyElementPropertyValueKeyword.verifyElementPropertyValue(VerifyElementPropertyValueKeyword.groovy:48)
	at com.kms.katalon.core.webservice.keyword.builtin.VerifyElementPropertyValueKeyword.execute(VerifyElementPropertyValueKeyword.groovy:43)
	at com.kms.katalon.core.keyword.internal.KeywordExecutor.executeKeywordForPlatform(KeywordExecutor.groovy:72)
	at com.kms.katalon.core.webservice.keyword.WSBuiltInKeywords.verifyElementPropertyValue(WSBuiltInKeywords.groovy:189)
	at com.kms.katalon.core.webservice.keyword.WSBuiltInKeywords$verifyElementPropertyValue$0.call(Unknown Source)
	at WSVerification1581113226333.run(WSVerification1581113226333:16)
	at com.kms.katalon.core.main.ScriptEngine.run(ScriptEngine.java:194)
	at com.kms.katalon.core.main.ScriptEngine.runScriptAsRawText(ScriptEngine.java:119)
	at com.kms.katalon.core.main.WSVerificationExecutor.runScript(WSVerificationExecutor.java:146)
	at com.kms.katalon.core.main.WSVerificationExecutor.doExecute(WSVerificationExecutor.java:140)
	at com.kms.katalon.core.main.WSVerificationExecutor.processExecutionPhase(WSVerificationExecutor.java:123)
	at com.kms.katalon.core.main.WSVerificationExecutor.accessMainPhase(WSVerificationExecutor.java:115)
	at com.kms.katalon.core.main.WSVerificationExecutor.execute(WSVerificationExecutor.java:103)
	at com.kms.katalon.core.main.TestCaseMain.runWSVerificationScript(TestCaseMain.java:127)
	at com.kms.katalon.core.webservice.keyword.builtin.SendRequestAndVerifyKeyword$_sendRequestAndVerify_closure1.doCall(SendRequestAndVerifyKeyword.groovy:55)
	at com.kms.katalon.core.webservice.keyword.builtin.SendRequestAndVerifyKeyword$_sendRequestAndVerify_closure1.call(SendRequestAndVerifyKeyword.groovy)
	at com.kms.katalon.core.keyword.internal.KeywordMain.runKeyword(KeywordMain.groovy:68)
	at com.kms.katalon.core.webservice.keyword.builtin.SendRequestAndVerifyKeyword.sendRequestAndVerify(SendRequestAndVerifyKeyword.groovy:43)
	at com.kms.katalon.core.webservice.keyword.builtin.SendRequestAndVerifyKeyword.execute(SendRequestAndVerifyKeyword.groovy:38)
	at com.kms.katalon.core.keyword.internal.KeywordExecutor.executeKeywordForPlatform(KeywordExecutor.groovy:72)
	at com.kms.katalon.core.webservice.keyword.WSBuiltInKeywords.sendRequestAndVerify(WSBuiltInKeywords.groovy:65)
	at com.kms.katalon.core.webservice.keyword.WSBuiltInKeywords$sendRequestAndVerify.call(Unknown Source)
	at Test_Beams_by_Zip_to_Excel.run(Test_Beams_by_Zip_to_Excel:68)
	at com.kms.katalon.core.main.ScriptEngine.run(ScriptEngine.java:194)
	at com.kms.katalon.core.main.ScriptEngine.runScriptAsRawText(ScriptEngine.java:119)
	at com.kms.katalon.core.main.TestCaseExecutor.runScript(TestCaseExecutor.java:337)
	at com.kms.katalon.core.main.TestCaseExecutor.doExecute(TestCaseExecutor.java:328)
	at com.kms.katalon.core.main.TestCaseExecutor.processExecutionPhase(TestCaseExecutor.java:307)
	at com.kms.katalon.core.main.TestCaseExecutor.accessMainPhase(TestCaseExecutor.java:299)
	at com.kms.katalon.core.main.TestCaseExecutor.execute(TestCaseExecutor.java:233)
	at com.kms.katalon.core.main.TestSuiteExecutor.accessTestCaseMainPhase(TestSuiteExecutor.java:169)
	at com.kms.katalon.core.main.TestSuiteExecutor.accessTestSuiteMainPhase(TestSuiteExecutor.java:142)
	at com.kms.katalon.core.main.TestSuiteExecutor.execute(TestSuiteExecutor.java:91)
	at com.kms.katalon.core.main.TestCaseMain.startTestSuite(TestCaseMain.java:157)
	at com.kms.katalon.core.main.TestCaseMain$startTestSuite$0.call(Unknown Source)
	at TempTestSuite1581113075265.run(TempTestSuite1581113075265.groovy:36)]]></system-err>
      </testcase>
      <testcase name="Test Cases/Test_Beams_by_Zip_to_Excel" time="2.438" classname="Test Cases/Test_Beams_by_Zip_to_Excel" status="PASSED">
         <system-out><![CDATA[2020-02-07 15:07:06 - [TEST_CASE][PASSED] - Test Cases/Test_Beams_by_Zip_to_Excel: Test Cases/Test_Beams_by_Zip_to_Excel

2020-02-07 15:07:06 - [TEST_STEP][PASSED] - excelFile01 = "beams-test-results.xlsx": null

2020-02-07 15:07:06 - [TEST_STEP][PASSED] - ExpectedListSheetFile1 = ["Sheet1"]: null

2020-02-07 15:07:06 - [TEST_STEP][PASSED] - workbookFile01 = getWorkbook(excelFile01): null

2020-02-07 15:07:06 - [TEST_STEP][PASSED] - workbook01 = getWorkbook(excelFile01): null

2020-02-07 15:07:06 - [TEST_STEP][PASSED] - sheet01 = getExcelSheet(workbook01, "Sheet1"): null

2020-02-07 15:07:06 - [TEST_STEP][PASSED] - setValueToCellByAddress(sheet01, "A1", "TEST"): null

2020-02-07 15:07:06 - [TEST_STEP][PASSED] - setValueToCellByAddress(sheet01, "B1", "BEAM"): null

2020-02-07 15:07:06 - [TEST_STEP][PASSED] - setValueToCellByAddress(sheet01, "C1", "UFF"): null

2020-02-07 15:07:06 - [TEST_STEP][PASSED] - setValueToCellByAddress(sheet01, "D1", "PLAN"): null

2020-02-07 15:07:06 - [TEST_STEP][PASSED] - setValueToCellByAddress(sheet01, "E1", "API PLAN"): null

2020-02-07 15:07:06 - [TEST_STEP][PASSED] - mybeam = mybeam: null

2020-02-07 15:07:06 - [TEST_STEP][PASSED] - myuff = myuff: null

2020-02-07 15:07:06 - [TEST_STEP][PASSED] - myplan = myplan: null

2020-02-07 15:07:06 - [TEST_STEP][PASSED] - log = new com.kms.katalon.core.logging.KeywordLogger(): null

2020-02-07 15:07:06 - [TEST_STEP][PASSED] - log.logWarning("beam " + mybeam + " zip " + myzip + " upfront fees " + myuff + " plan " + myplan): beam 73 zip 81507 upfront fees 0 plan Augmented Standard Plan

2020-02-07 15:07:06 - [MESSAGE][WARNING] - beam 73 zip 81507 upfront fees 0 plan Augmented Standard Plan

2020-02-07 15:07:06 - [TEST_STEP][PASSED] - setValueToCellByAddress(sheet01, "B" + mycount, beamFail): null

2020-02-07 15:07:06 - [TEST_STEP][PASSED] - setValueToCellByAddress(sheet01, "C" + mycount, uffFail): null

2020-02-07 15:07:06 - [TEST_STEP][PASSED] - mycount = mycount + 1: null

2020-02-07 15:07:06 - [TEST_STEP][PASSED] - setValueToCellByAddress(sheet01, "A" + mycount, "beam " + mybeam + " zip " + myzip + " upfront fees " + myuff + " plan " + myplan): null

2020-02-07 15:07:06 - [TEST_STEP][PASSED] - setValueToCellByAddress(sheet01, "D" + mycount, myplan): null

2020-02-07 15:07:06 - [TEST_STEP][PASSED] - sendRequestAndVerify(findTestObject("Exede_Zip", ["myzip":myzip])): Send request and verify the response successfully

2020-02-07 15:07:08 - [MESSAGE][INFO] - HAR: /Users/jhampleman/Katalon Studio/Exede_Beam_Tests_v2.1 copy/Reports/20200207_150435/RUN_Exede_Zip_Test/20200207_150435/requests/main/70.har

2020-02-07 15:07:08 - [TEST_CASE][PASSED] - Start Test Case : Verification: Verification accomplished successfully

2020-02-07 15:07:08 - [TEST_STEP][PASSED] - request = getInstance().getCurrentRequest(): null

2020-02-07 15:07:08 - [TEST_STEP][PASSED] - response = getInstance().getCurrentResponse(): null

2020-02-07 15:07:08 - [TEST_STEP][PASSED] - if (!(verifyElementPropertyValue(response, "data.beam", mybeam))): Verify element property value successfully

2020-02-07 15:07:08 - [MESSAGE][PASSED] - Verify element property value successfully

2020-02-07 15:07:08 - [TEST_STEP][PASSED] - else: null

2020-02-07 15:07:08 - [TEST_STEP][PASSED] - beamFail = "P": null

2020-02-07 15:07:08 - [TEST_STEP][PASSED] - if (!(verifyElementPropertyValue(response, "data.product.down", myuff))): Verify element property value successfully

2020-02-07 15:07:08 - [MESSAGE][PASSED] - Verify element property value successfully

2020-02-07 15:07:08 - [TEST_STEP][PASSED] - else: null

2020-02-07 15:07:08 - [TEST_STEP][PASSED] - uffFail = "P": null

2020-02-07 15:07:08 - [TEST_STEP][PASSED] - jsonSlurper = new groovy.json.JsonSlurper(): null

2020-02-07 15:07:08 - [TEST_STEP][PASSED] - object = jsonSlurper.parseText(response.getResponseText()): null

2020-02-07 15:07:08 - [TEST_STEP][PASSED] - println(object): null

2020-02-07 15:07:08 - [TEST_STEP][PASSED] - mytest = plans: null

2020-02-07 15:07:08 - [TEST_STEP][PASSED] - variable = mytest: null

2020-02-07 15:07:08 - [MESSAGE][PASSED] - Verify response successfully

2020-02-07 15:07:08 - [MESSAGE][PASSED] - Send request and verify the response successfully

2020-02-07 15:07:08 - [TEST_STEP][PASSED] - setValueToCellByAddress(sheet01, "E" + mycount, variable): null

2020-02-07 15:07:08 - [TEST_STEP][PASSED] - saveWorkbook(excelFile01, workbook01): null]]></system-out>
         <system-err><![CDATA[]]></system-err>
      </testcase>
      <testcase name="Test Cases/Test_Beams_by_Zip_to_Excel" time="2.0" classname="Test Cases/Test_Beams_by_Zip_to_Excel" status="PASSED">
         <system-out><![CDATA[2020-02-07 15:07:08 - [TEST_CASE][PASSED] - Test Cases/Test_Beams_by_Zip_to_Excel: Test Cases/Test_Beams_by_Zip_to_Excel

2020-02-07 15:07:08 - [TEST_STEP][PASSED] - excelFile01 = "beams-test-results.xlsx": null

2020-02-07 15:07:08 - [TEST_STEP][PASSED] - ExpectedListSheetFile1 = ["Sheet1"]: null

2020-02-07 15:07:08 - [TEST_STEP][PASSED] - workbookFile01 = getWorkbook(excelFile01): null

2020-02-07 15:07:08 - [TEST_STEP][PASSED] - workbook01 = getWorkbook(excelFile01): null

2020-02-07 15:07:08 - [TEST_STEP][PASSED] - sheet01 = getExcelSheet(workbook01, "Sheet1"): null

2020-02-07 15:07:08 - [TEST_STEP][PASSED] - setValueToCellByAddress(sheet01, "A1", "TEST"): null

2020-02-07 15:07:08 - [TEST_STEP][PASSED] - setValueToCellByAddress(sheet01, "B1", "BEAM"): null

2020-02-07 15:07:08 - [TEST_STEP][PASSED] - setValueToCellByAddress(sheet01, "C1", "UFF"): null

2020-02-07 15:07:08 - [TEST_STEP][PASSED] - setValueToCellByAddress(sheet01, "D1", "PLAN"): null

2020-02-07 15:07:08 - [TEST_STEP][PASSED] - setValueToCellByAddress(sheet01, "E1", "API PLAN"): null

2020-02-07 15:07:08 - [TEST_STEP][PASSED] - mybeam = mybeam: null

2020-02-07 15:07:08 - [TEST_STEP][PASSED] - myuff = myuff: null

2020-02-07 15:07:08 - [TEST_STEP][PASSED] - myplan = myplan: null

2020-02-07 15:07:08 - [TEST_STEP][PASSED] - log = new com.kms.katalon.core.logging.KeywordLogger(): null

2020-02-07 15:07:08 - [TEST_STEP][PASSED] - log.logWarning("beam " + mybeam + " zip " + myzip + " upfront fees " + myuff + " plan " + myplan): beam 498 zip 67952 upfront fees 0 plan VS2 High Fill

2020-02-07 15:07:08 - [MESSAGE][WARNING] - beam 498 zip 67952 upfront fees 0 plan VS2 High Fill

2020-02-07 15:07:08 - [TEST_STEP][PASSED] - setValueToCellByAddress(sheet01, "B" + mycount, beamFail): null

2020-02-07 15:07:08 - [TEST_STEP][PASSED] - setValueToCellByAddress(sheet01, "C" + mycount, uffFail): null

2020-02-07 15:07:08 - [TEST_STEP][PASSED] - mycount = mycount + 1: null

2020-02-07 15:07:08 - [TEST_STEP][PASSED] - setValueToCellByAddress(sheet01, "A" + mycount, "beam " + mybeam + " zip " + myzip + " upfront fees " + myuff + " plan " + myplan): null

2020-02-07 15:07:08 - [TEST_STEP][PASSED] - setValueToCellByAddress(sheet01, "D" + mycount, myplan): null

2020-02-07 15:07:08 - [TEST_STEP][PASSED] - sendRequestAndVerify(findTestObject("Exede_Zip", ["myzip":myzip])): Send request and verify the response successfully

2020-02-07 15:07:10 - [MESSAGE][INFO] - HAR: /Users/jhampleman/Katalon Studio/Exede_Beam_Tests_v2.1 copy/Reports/20200207_150435/RUN_Exede_Zip_Test/20200207_150435/requests/main/71.har

2020-02-07 15:07:10 - [TEST_CASE][PASSED] - Start Test Case : Verification: Verification accomplished successfully

2020-02-07 15:07:10 - [TEST_STEP][PASSED] - request = getInstance().getCurrentRequest(): null

2020-02-07 15:07:10 - [TEST_STEP][PASSED] - response = getInstance().getCurrentResponse(): null

2020-02-07 15:07:10 - [TEST_STEP][PASSED] - if (!(verifyElementPropertyValue(response, "data.beam", mybeam))): Verify element property value successfully

2020-02-07 15:07:10 - [MESSAGE][PASSED] - Verify element property value successfully

2020-02-07 15:07:10 - [TEST_STEP][PASSED] - else: null

2020-02-07 15:07:10 - [TEST_STEP][PASSED] - beamFail = "P": null

2020-02-07 15:07:10 - [TEST_STEP][PASSED] - if (!(verifyElementPropertyValue(response, "data.product.down", myuff))): Verify element property value successfully

2020-02-07 15:07:10 - [MESSAGE][PASSED] - Verify element property value successfully

2020-02-07 15:07:10 - [TEST_STEP][PASSED] - else: null

2020-02-07 15:07:10 - [TEST_STEP][PASSED] - uffFail = "P": null

2020-02-07 15:07:10 - [TEST_STEP][PASSED] - jsonSlurper = new groovy.json.JsonSlurper(): null

2020-02-07 15:07:10 - [TEST_STEP][PASSED] - object = jsonSlurper.parseText(response.getResponseText()): null

2020-02-07 15:07:10 - [TEST_STEP][PASSED] - println(object): null

2020-02-07 15:07:10 - [TEST_STEP][PASSED] - mytest = plans: null

2020-02-07 15:07:10 - [TEST_STEP][PASSED] - variable = mytest: null

2020-02-07 15:07:10 - [MESSAGE][PASSED] - Verify response successfully

2020-02-07 15:07:10 - [MESSAGE][PASSED] - Send request and verify the response successfully

2020-02-07 15:07:10 - [TEST_STEP][PASSED] - setValueToCellByAddress(sheet01, "E" + mycount, variable): null

2020-02-07 15:07:10 - [TEST_STEP][PASSED] - saveWorkbook(excelFile01, workbook01): null]]></system-out>
         <system-err><![CDATA[]]></system-err>
      </testcase>
      <testcase name="Test Cases/Test_Beams_by_Zip_to_Excel" time="2.746" classname="Test Cases/Test_Beams_by_Zip_to_Excel" status="PASSED">
         <system-out><![CDATA[2020-02-07 15:07:10 - [TEST_CASE][PASSED] - Test Cases/Test_Beams_by_Zip_to_Excel: Test Cases/Test_Beams_by_Zip_to_Excel

2020-02-07 15:07:10 - [TEST_STEP][PASSED] - excelFile01 = "beams-test-results.xlsx": null

2020-02-07 15:07:10 - [TEST_STEP][PASSED] - ExpectedListSheetFile1 = ["Sheet1"]: null

2020-02-07 15:07:10 - [TEST_STEP][PASSED] - workbookFile01 = getWorkbook(excelFile01): null

2020-02-07 15:07:10 - [TEST_STEP][PASSED] - workbook01 = getWorkbook(excelFile01): null

2020-02-07 15:07:10 - [TEST_STEP][PASSED] - sheet01 = getExcelSheet(workbook01, "Sheet1"): null

2020-02-07 15:07:10 - [TEST_STEP][PASSED] - setValueToCellByAddress(sheet01, "A1", "TEST"): null

2020-02-07 15:07:10 - [TEST_STEP][PASSED] - setValueToCellByAddress(sheet01, "B1", "BEAM"): null

2020-02-07 15:07:10 - [TEST_STEP][PASSED] - setValueToCellByAddress(sheet01, "C1", "UFF"): null

2020-02-07 15:07:10 - [TEST_STEP][PASSED] - setValueToCellByAddress(sheet01, "D1", "PLAN"): null

2020-02-07 15:07:10 - [TEST_STEP][PASSED] - setValueToCellByAddress(sheet01, "E1", "API PLAN"): null

2020-02-07 15:07:10 - [TEST_STEP][PASSED] - mybeam = mybeam: null

2020-02-07 15:07:10 - [TEST_STEP][PASSED] - myuff = myuff: null

2020-02-07 15:07:10 - [TEST_STEP][PASSED] - myplan = myplan: null

2020-02-07 15:07:10 - [TEST_STEP][PASSED] - log = new com.kms.katalon.core.logging.KeywordLogger(): null

2020-02-07 15:07:10 - [TEST_STEP][PASSED] - log.logWarning("beam " + mybeam + " zip " + myzip + " upfront fees " + myuff + " plan " + myplan): beam 499 zip 67152 upfront fees 0 plan VS2 High Fill

2020-02-07 15:07:10 - [MESSAGE][WARNING] - beam 499 zip 67152 upfront fees 0 plan VS2 High Fill

2020-02-07 15:07:10 - [TEST_STEP][PASSED] - setValueToCellByAddress(sheet01, "B" + mycount, beamFail): null

2020-02-07 15:07:10 - [TEST_STEP][PASSED] - setValueToCellByAddress(sheet01, "C" + mycount, uffFail): null

2020-02-07 15:07:10 - [TEST_STEP][PASSED] - mycount = mycount + 1: null

2020-02-07 15:07:10 - [TEST_STEP][PASSED] - setValueToCellByAddress(sheet01, "A" + mycount, "beam " + mybeam + " zip " + myzip + " upfront fees " + myuff + " plan " + myplan): null

2020-02-07 15:07:10 - [TEST_STEP][PASSED] - setValueToCellByAddress(sheet01, "D" + mycount, myplan): null

2020-02-07 15:07:10 - [TEST_STEP][PASSED] - sendRequestAndVerify(findTestObject("Exede_Zip", ["myzip":myzip])): Send request and verify the response successfully

2020-02-07 15:07:13 - [MESSAGE][INFO] - HAR: /Users/jhampleman/Katalon Studio/Exede_Beam_Tests_v2.1 copy/Reports/20200207_150435/RUN_Exede_Zip_Test/20200207_150435/requests/main/72.har

2020-02-07 15:07:13 - [TEST_CASE][PASSED] - Start Test Case : Verification: Verification accomplished successfully

2020-02-07 15:07:13 - [TEST_STEP][PASSED] - request = getInstance().getCurrentRequest(): null

2020-02-07 15:07:13 - [TEST_STEP][PASSED] - response = getInstance().getCurrentResponse(): null

2020-02-07 15:07:13 - [TEST_STEP][PASSED] - if (!(verifyElementPropertyValue(response, "data.beam", mybeam))): Verify element property value successfully

2020-02-07 15:07:13 - [MESSAGE][PASSED] - Verify element property value successfully

2020-02-07 15:07:13 - [TEST_STEP][PASSED] - else: null

2020-02-07 15:07:13 - [TEST_STEP][PASSED] - beamFail = "P": null

2020-02-07 15:07:13 - [TEST_STEP][PASSED] - if (!(verifyElementPropertyValue(response, "data.product.down", myuff))): Verify element property value successfully

2020-02-07 15:07:13 - [MESSAGE][PASSED] - Verify element property value successfully

2020-02-07 15:07:13 - [TEST_STEP][PASSED] - else: null

2020-02-07 15:07:13 - [TEST_STEP][PASSED] - uffFail = "P": null

2020-02-07 15:07:13 - [TEST_STEP][PASSED] - jsonSlurper = new groovy.json.JsonSlurper(): null

2020-02-07 15:07:13 - [TEST_STEP][PASSED] - object = jsonSlurper.parseText(response.getResponseText()): null

2020-02-07 15:07:13 - [TEST_STEP][PASSED] - println(object): null

2020-02-07 15:07:13 - [TEST_STEP][PASSED] - mytest = plans: null

2020-02-07 15:07:13 - [TEST_STEP][PASSED] - variable = mytest: null

2020-02-07 15:07:13 - [MESSAGE][PASSED] - Verify response successfully

2020-02-07 15:07:13 - [MESSAGE][PASSED] - Send request and verify the response successfully

2020-02-07 15:07:13 - [TEST_STEP][PASSED] - setValueToCellByAddress(sheet01, "E" + mycount, variable): null

2020-02-07 15:07:13 - [TEST_STEP][PASSED] - saveWorkbook(excelFile01, workbook01): null]]></system-out>
         <system-err><![CDATA[]]></system-err>
      </testcase>
      <testcase name="Test Cases/Test_Beams_by_Zip_to_Excel" time="2.352" classname="Test Cases/Test_Beams_by_Zip_to_Excel" status="FAILED">
         <failure type="FAILED" message="Test Cases/Test_Beams_by_Zip_to_Excel FAILED.
Reason:
com.kms.katalon.core.exception.StepFailedException: Expected element property value '500' is not equal with actual property value '324'
	at com.kms.katalon.core.keyword.internal.KeywordMain.stepFailed(KeywordMain.groovy:39)
	at com.kms.katalon.core.webservice.keyword.builtin.VerifyElementPropertyValueKeyword$_verifyElementPropertyValue_closure1.doCall(VerifyElementPropertyValueKeyword.groovy:56)
	at com.kms.katalon.core.webservice.keyword.builtin.VerifyElementPropertyValueKeyword$_verifyElementPropertyValue_closure1.call(VerifyElementPropertyValueKeyword.groovy)
	at com.kms.katalon.core.keyword.internal.KeywordMain.runKeyword(KeywordMain.groovy:68)
	at com.kms.katalon.core.webservice.keyword.builtin.VerifyElementPropertyValueKeyword.verifyElementPropertyValue(VerifyElementPropertyValueKeyword.groovy:48)
	at com.kms.katalon.core.webservice.keyword.builtin.VerifyElementPropertyValueKeyword.execute(VerifyElementPropertyValueKeyword.groovy:43)
	at com.kms.katalon.core.keyword.internal.KeywordExecutor.executeKeywordForPlatform(KeywordExecutor.groovy:72)
	at com.kms.katalon.core.webservice.keyword.WSBuiltInKeywords.verifyElementPropertyValue(WSBuiltInKeywords.groovy:189)
	at com.kms.katalon.core.webservice.keyword.WSBuiltInKeywords$verifyElementPropertyValue$0.call(Unknown Source)
	at WSVerification1581113235964.run(WSVerification1581113235964:16)
	at com.kms.katalon.core.main.ScriptEngine.run(ScriptEngine.java:194)
	at com.kms.katalon.core.main.ScriptEngine.runScriptAsRawText(ScriptEngine.java:119)
	at com.kms.katalon.core.main.WSVerificationExecutor.runScript(WSVerificationExecutor.java:146)
	at com.kms.katalon.core.main.WSVerificationExecutor.doExecute(WSVerificationExecutor.java:140)
	at com.kms.katalon.core.main.WSVerificationExecutor.processExecutionPhase(WSVerificationExecutor.java:123)
	at com.kms.katalon.core.main.WSVerificationExecutor.accessMainPhase(WSVerificationExecutor.java:115)
	at com.kms.katalon.core.main.WSVerificationExecutor.execute(WSVerificationExecutor.java:103)
	at com.kms.katalon.core.main.TestCaseMain.runWSVerificationScript(TestCaseMain.java:127)
	at com.kms.katalon.core.webservice.keyword.builtin.SendRequestAndVerifyKeyword$_sendRequestAndVerify_closure1.doCall(SendRequestAndVerifyKeyword.groovy:55)
	at com.kms.katalon.core.webservice.keyword.builtin.SendRequestAndVerifyKeyword$_sendRequestAndVerify_closure1.call(SendRequestAndVerifyKeyword.groovy)
	at com.kms.katalon.core.keyword.internal.KeywordMain.runKeyword(KeywordMain.groovy:68)
	at com.kms.katalon.core.webservice.keyword.builtin.SendRequestAndVerifyKeyword.sendRequestAndVerify(SendRequestAndVerifyKeyword.groovy:43)
	at com.kms.katalon.core.webservice.keyword.builtin.SendRequestAndVerifyKeyword.execute(SendRequestAndVerifyKeyword.groovy:38)
	at com.kms.katalon.core.keyword.internal.KeywordExecutor.executeKeywordForPlatform(KeywordExecutor.groovy:72)
	at com.kms.katalon.core.webservice.keyword.WSBuiltInKeywords.sendRequestAndVerify(WSBuiltInKeywords.groovy:65)
	at com.kms.katalon.core.webservice.keyword.WSBuiltInKeywords$sendRequestAndVerify.call(Unknown Source)
	at Test_Beams_by_Zip_to_Excel.run(Test_Beams_by_Zip_to_Excel:68)
	at com.kms.katalon.core.main.ScriptEngine.run(ScriptEngine.java:194)
	at com.kms.katalon.core.main.ScriptEngine.runScriptAsRawText(ScriptEngine.java:119)
	at com.kms.katalon.core.main.TestCaseExecutor.runScript(TestCaseExecutor.java:337)
	at com.kms.katalon.core.main.TestCaseExecutor.doExecute(TestCaseExecutor.java:328)
	at com.kms.katalon.core.main.TestCaseExecutor.processExecutionPhase(TestCaseExecutor.java:307)
	at com.kms.katalon.core.main.TestCaseExecutor.accessMainPhase(TestCaseExecutor.java:299)
	at com.kms.katalon.core.main.TestCaseExecutor.execute(TestCaseExecutor.java:233)
	at com.kms.katalon.core.main.TestSuiteExecutor.accessTestCaseMainPhase(TestSuiteExecutor.java:169)
	at com.kms.katalon.core.main.TestSuiteExecutor.accessTestSuiteMainPhase(TestSuiteExecutor.java:142)
	at com.kms.katalon.core.main.TestSuiteExecutor.execute(TestSuiteExecutor.java:91)
	at com.kms.katalon.core.main.TestCaseMain.startTestSuite(TestCaseMain.java:157)
	at com.kms.katalon.core.main.TestCaseMain$startTestSuite$0.call(Unknown Source)
	at TempTestSuite1581113075265.run(TempTestSuite1581113075265.groovy:36)
"/>
         <system-out><![CDATA[2020-02-07 15:07:13 - [TEST_CASE][FAILED] - Test Cases/Test_Beams_by_Zip_to_Excel: Test Cases/Test_Beams_by_Zip_to_Excel FAILED.
Reason:
com.kms.katalon.core.exception.StepFailedException: Expected element property value '500' is not equal with actual property value '324'
	at com.kms.katalon.core.keyword.internal.KeywordMain.stepFailed(KeywordMain.groovy:39)
	at com.kms.katalon.core.webservice.keyword.builtin.VerifyElementPropertyValueKeyword$_verifyElementPropertyValue_closure1.doCall(VerifyElementPropertyValueKeyword.groovy:56)
	at com.kms.katalon.core.webservice.keyword.builtin.VerifyElementPropertyValueKeyword$_verifyElementPropertyValue_closure1.call(VerifyElementPropertyValueKeyword.groovy)
	at com.kms.katalon.core.keyword.internal.KeywordMain.runKeyword(KeywordMain.groovy:68)
	at com.kms.katalon.core.webservice.keyword.builtin.VerifyElementPropertyValueKeyword.verifyElementPropertyValue(VerifyElementPropertyValueKeyword.groovy:48)
	at com.kms.katalon.core.webservice.keyword.builtin.VerifyElementPropertyValueKeyword.execute(VerifyElementPropertyValueKeyword.groovy:43)
	at com.kms.katalon.core.keyword.internal.KeywordExecutor.executeKeywordForPlatform(KeywordExecutor.groovy:72)
	at com.kms.katalon.core.webservice.keyword.WSBuiltInKeywords.verifyElementPropertyValue(WSBuiltInKeywords.groovy:189)
	at com.kms.katalon.core.webservice.keyword.WSBuiltInKeywords$verifyElementPropertyValue$0.call(Unknown Source)
	at WSVerification1581113235964.run(WSVerification1581113235964:16)
	at com.kms.katalon.core.main.ScriptEngine.run(ScriptEngine.java:194)
	at com.kms.katalon.core.main.ScriptEngine.runScriptAsRawText(ScriptEngine.java:119)
	at com.kms.katalon.core.main.WSVerificationExecutor.runScript(WSVerificationExecutor.java:146)
	at com.kms.katalon.core.main.WSVerificationExecutor.doExecute(WSVerificationExecutor.java:140)
	at com.kms.katalon.core.main.WSVerificationExecutor.processExecutionPhase(WSVerificationExecutor.java:123)
	at com.kms.katalon.core.main.WSVerificationExecutor.accessMainPhase(WSVerificationExecutor.java:115)
	at com.kms.katalon.core.main.WSVerificationExecutor.execute(WSVerificationExecutor.java:103)
	at com.kms.katalon.core.main.TestCaseMain.runWSVerificationScript(TestCaseMain.java:127)
	at com.kms.katalon.core.webservice.keyword.builtin.SendRequestAndVerifyKeyword$_sendRequestAndVerify_closure1.doCall(SendRequestAndVerifyKeyword.groovy:55)
	at com.kms.katalon.core.webservice.keyword.builtin.SendRequestAndVerifyKeyword$_sendRequestAndVerify_closure1.call(SendRequestAndVerifyKeyword.groovy)
	at com.kms.katalon.core.keyword.internal.KeywordMain.runKeyword(KeywordMain.groovy:68)
	at com.kms.katalon.core.webservice.keyword.builtin.SendRequestAndVerifyKeyword.sendRequestAndVerify(SendRequestAndVerifyKeyword.groovy:43)
	at com.kms.katalon.core.webservice.keyword.builtin.SendRequestAndVerifyKeyword.execute(SendRequestAndVerifyKeyword.groovy:38)
	at com.kms.katalon.core.keyword.internal.KeywordExecutor.executeKeywordForPlatform(KeywordExecutor.groovy:72)
	at com.kms.katalon.core.webservice.keyword.WSBuiltInKeywords.sendRequestAndVerify(WSBuiltInKeywords.groovy:65)
	at com.kms.katalon.core.webservice.keyword.WSBuiltInKeywords$sendRequestAndVerify.call(Unknown Source)
	at Test_Beams_by_Zip_to_Excel.run(Test_Beams_by_Zip_to_Excel:68)
	at com.kms.katalon.core.main.ScriptEngine.run(ScriptEngine.java:194)
	at com.kms.katalon.core.main.ScriptEngine.runScriptAsRawText(ScriptEngine.java:119)
	at com.kms.katalon.core.main.TestCaseExecutor.runScript(TestCaseExecutor.java:337)
	at com.kms.katalon.core.main.TestCaseExecutor.doExecute(TestCaseExecutor.java:328)
	at com.kms.katalon.core.main.TestCaseExecutor.processExecutionPhase(TestCaseExecutor.java:307)
	at com.kms.katalon.core.main.TestCaseExecutor.accessMainPhase(TestCaseExecutor.java:299)
	at com.kms.katalon.core.main.TestCaseExecutor.execute(TestCaseExecutor.java:233)
	at com.kms.katalon.core.main.TestSuiteExecutor.accessTestCaseMainPhase(TestSuiteExecutor.java:169)
	at com.kms.katalon.core.main.TestSuiteExecutor.accessTestSuiteMainPhase(TestSuiteExecutor.java:142)
	at com.kms.katalon.core.main.TestSuiteExecutor.execute(TestSuiteExecutor.java:91)
	at com.kms.katalon.core.main.TestCaseMain.startTestSuite(TestCaseMain.java:157)
	at com.kms.katalon.core.main.TestCaseMain$startTestSuite$0.call(Unknown Source)
	at TempTestSuite1581113075265.run(TempTestSuite1581113075265.groovy:36)


2020-02-07 15:07:13 - [TEST_STEP][PASSED] - excelFile01 = "beams-test-results.xlsx": null

2020-02-07 15:07:13 - [TEST_STEP][PASSED] - ExpectedListSheetFile1 = ["Sheet1"]: null

2020-02-07 15:07:13 - [TEST_STEP][PASSED] - workbookFile01 = getWorkbook(excelFile01): null

2020-02-07 15:07:13 - [TEST_STEP][PASSED] - workbook01 = getWorkbook(excelFile01): null

2020-02-07 15:07:13 - [TEST_STEP][PASSED] - sheet01 = getExcelSheet(workbook01, "Sheet1"): null

2020-02-07 15:07:13 - [TEST_STEP][PASSED] - setValueToCellByAddress(sheet01, "A1", "TEST"): null

2020-02-07 15:07:13 - [TEST_STEP][PASSED] - setValueToCellByAddress(sheet01, "B1", "BEAM"): null

2020-02-07 15:07:13 - [TEST_STEP][PASSED] - setValueToCellByAddress(sheet01, "C1", "UFF"): null

2020-02-07 15:07:13 - [TEST_STEP][PASSED] - setValueToCellByAddress(sheet01, "D1", "PLAN"): null

2020-02-07 15:07:13 - [TEST_STEP][PASSED] - setValueToCellByAddress(sheet01, "E1", "API PLAN"): null

2020-02-07 15:07:13 - [TEST_STEP][PASSED] - mybeam = mybeam: null

2020-02-07 15:07:13 - [TEST_STEP][PASSED] - myuff = myuff: null

2020-02-07 15:07:13 - [TEST_STEP][PASSED] - myplan = myplan: null

2020-02-07 15:07:13 - [TEST_STEP][PASSED] - log = new com.kms.katalon.core.logging.KeywordLogger(): null

2020-02-07 15:07:13 - [TEST_STEP][PASSED] - log.logWarning("beam " + mybeam + " zip " + myzip + " upfront fees " + myuff + " plan " + myplan): beam 500 zip 65775 upfront fees 0 plan VS2 High Fill

2020-02-07 15:07:13 - [MESSAGE][WARNING] - beam 500 zip 65775 upfront fees 0 plan VS2 High Fill

2020-02-07 15:07:13 - [TEST_STEP][PASSED] - setValueToCellByAddress(sheet01, "B" + mycount, beamFail): null

2020-02-07 15:07:13 - [TEST_STEP][PASSED] - setValueToCellByAddress(sheet01, "C" + mycount, uffFail): null

2020-02-07 15:07:13 - [TEST_STEP][PASSED] - mycount = mycount + 1: null

2020-02-07 15:07:13 - [TEST_STEP][PASSED] - setValueToCellByAddress(sheet01, "A" + mycount, "beam " + mybeam + " zip " + myzip + " upfront fees " + myuff + " plan " + myplan): null

2020-02-07 15:07:13 - [TEST_STEP][PASSED] - setValueToCellByAddress(sheet01, "D" + mycount, myplan): null

2020-02-07 15:07:13 - [TEST_STEP][FAILED] - sendRequestAndVerify(findTestObject("Exede_Zip", ["myzip":myzip])): Unable to send request and verify the response (Root cause: com.kms.katalon.core.exception.StepFailedException: Verification failed
	at com.kms.katalon.core.webservice.keyword.builtin.SendRequestAndVerifyKeyword$_sendRequestAndVerify_closure1.doCall(SendRequestAndVerifyKeyword.groovy:59)
	at com.kms.katalon.core.webservice.keyword.builtin.SendRequestAndVerifyKeyword$_sendRequestAndVerify_closure1.call(SendRequestAndVerifyKeyword.groovy)
	at com.kms.katalon.core.keyword.internal.KeywordMain.runKeyword(KeywordMain.groovy:68)
	at com.kms.katalon.core.webservice.keyword.builtin.SendRequestAndVerifyKeyword.sendRequestAndVerify(SendRequestAndVerifyKeyword.groovy:43)
	at com.kms.katalon.core.webservice.keyword.builtin.SendRequestAndVerifyKeyword.execute(SendRequestAndVerifyKeyword.groovy:38)
	at com.kms.katalon.core.keyword.internal.KeywordExecutor.executeKeywordForPlatform(KeywordExecutor.groovy:72)
	at com.kms.katalon.core.webservice.keyword.WSBuiltInKeywords.sendRequestAndVerify(WSBuiltInKeywords.groovy:65)
	at com.kms.katalon.core.webservice.keyword.WSBuiltInKeywords$sendRequestAndVerify.call(Unknown Source)
	at Test_Beams_by_Zip_to_Excel.run(Test_Beams_by_Zip_to_Excel:68)
	at com.kms.katalon.core.main.ScriptEngine.run(ScriptEngine.java:194)
	at com.kms.katalon.core.main.ScriptEngine.runScriptAsRawText(ScriptEngine.java:119)
	at com.kms.katalon.core.main.TestCaseExecutor.runScript(TestCaseExecutor.java:337)
	at com.kms.katalon.core.main.TestCaseExecutor.doExecute(TestCaseExecutor.java:328)
	at com.kms.katalon.core.main.TestCaseExecutor.processExecutionPhase(TestCaseExecutor.java:307)
	at com.kms.katalon.core.main.TestCaseExecutor.accessMainPhase(TestCaseExecutor.java:299)
	at com.kms.katalon.core.main.TestCaseExecutor.execute(TestCaseExecutor.java:233)
	at com.kms.katalon.core.main.TestSuiteExecutor.accessTestCaseMainPhase(TestSuiteExecutor.java:169)
	at com.kms.katalon.core.main.TestSuiteExecutor.accessTestSuiteMainPhase(TestSuiteExecutor.java:142)
	at com.kms.katalon.core.main.TestSuiteExecutor.execute(TestSuiteExecutor.java:91)
	at com.kms.katalon.core.main.TestCaseMain.startTestSuite(TestCaseMain.java:157)
	at com.kms.katalon.core.main.TestCaseMain$startTestSuite$0.call(Unknown Source)
	at TempTestSuite1581113075265.run(TempTestSuite1581113075265.groovy:36)
)

2020-02-07 15:07:15 - [MESSAGE][INFO] - HAR: /Users/jhampleman/Katalon Studio/Exede_Beam_Tests_v2.1 copy/Reports/20200207_150435/RUN_Exede_Zip_Test/20200207_150435/requests/main/73.har

2020-02-07 15:07:15 - [TEST_CASE][FAILED] - Start Test Case : Verification: Verification FAILED.
Reason:
com.kms.katalon.core.exception.StepFailedException: Expected element property value '500' is not equal with actual property value '324'
	at com.kms.katalon.core.keyword.internal.KeywordMain.stepFailed(KeywordMain.groovy:39)
	at com.kms.katalon.core.webservice.keyword.builtin.VerifyElementPropertyValueKeyword$_verifyElementPropertyValue_closure1.doCall(VerifyElementPropertyValueKeyword.groovy:56)
	at com.kms.katalon.core.webservice.keyword.builtin.VerifyElementPropertyValueKeyword$_verifyElementPropertyValue_closure1.call(VerifyElementPropertyValueKeyword.groovy)
	at com.kms.katalon.core.keyword.internal.KeywordMain.runKeyword(KeywordMain.groovy:68)
	at com.kms.katalon.core.webservice.keyword.builtin.VerifyElementPropertyValueKeyword.verifyElementPropertyValue(VerifyElementPropertyValueKeyword.groovy:48)
	at com.kms.katalon.core.webservice.keyword.builtin.VerifyElementPropertyValueKeyword.execute(VerifyElementPropertyValueKeyword.groovy:43)
	at com.kms.katalon.core.keyword.internal.KeywordExecutor.executeKeywordForPlatform(KeywordExecutor.groovy:72)
	at com.kms.katalon.core.webservice.keyword.WSBuiltInKeywords.verifyElementPropertyValue(WSBuiltInKeywords.groovy:189)
	at com.kms.katalon.core.webservice.keyword.WSBuiltInKeywords$verifyElementPropertyValue$0.call(Unknown Source)
	at WSVerification1581113235964.run(WSVerification1581113235964:16)
	at com.kms.katalon.core.main.ScriptEngine.run(ScriptEngine.java:194)
	at com.kms.katalon.core.main.ScriptEngine.runScriptAsRawText(ScriptEngine.java:119)
	at com.kms.katalon.core.main.WSVerificationExecutor.runScript(WSVerificationExecutor.java:146)
	at com.kms.katalon.core.main.WSVerificationExecutor.doExecute(WSVerificationExecutor.java:140)
	at com.kms.katalon.core.main.WSVerificationExecutor.processExecutionPhase(WSVerificationExecutor.java:123)
	at com.kms.katalon.core.main.WSVerificationExecutor.accessMainPhase(WSVerificationExecutor.java:115)
	at com.kms.katalon.core.main.WSVerificationExecutor.execute(WSVerificationExecutor.java:103)
	at com.kms.katalon.core.main.TestCaseMain.runWSVerificationScript(TestCaseMain.java:127)
	at com.kms.katalon.core.webservice.keyword.builtin.SendRequestAndVerifyKeyword$_sendRequestAndVerify_closure1.doCall(SendRequestAndVerifyKeyword.groovy:55)
	at com.kms.katalon.core.webservice.keyword.builtin.SendRequestAndVerifyKeyword$_sendRequestAndVerify_closure1.call(SendRequestAndVerifyKeyword.groovy)
	at com.kms.katalon.core.keyword.internal.KeywordMain.runKeyword(KeywordMain.groovy:68)
	at com.kms.katalon.core.webservice.keyword.builtin.SendRequestAndVerifyKeyword.sendRequestAndVerify(SendRequestAndVerifyKeyword.groovy:43)
	at com.kms.katalon.core.webservice.keyword.builtin.SendRequestAndVerifyKeyword.execute(SendRequestAndVerifyKeyword.groovy:38)
	at com.kms.katalon.core.keyword.internal.KeywordExecutor.executeKeywordForPlatform(KeywordExecutor.groovy:72)
	at com.kms.katalon.core.webservice.keyword.WSBuiltInKeywords.sendRequestAndVerify(WSBuiltInKeywords.groovy:65)
	at com.kms.katalon.core.webservice.keyword.WSBuiltInKeywords$sendRequestAndVerify.call(Unknown Source)
	at Test_Beams_by_Zip_to_Excel.run(Test_Beams_by_Zip_to_Excel:68)
	at com.kms.katalon.core.main.ScriptEngine.run(ScriptEngine.java:194)
	at com.kms.katalon.core.main.ScriptEngine.runScriptAsRawText(ScriptEngine.java:119)
	at com.kms.katalon.core.main.TestCaseExecutor.runScript(TestCaseExecutor.java:337)
	at com.kms.katalon.core.main.TestCaseExecutor.doExecute(TestCaseExecutor.java:328)
	at com.kms.katalon.core.main.TestCaseExecutor.processExecutionPhase(TestCaseExecutor.java:307)
	at com.kms.katalon.core.main.TestCaseExecutor.accessMainPhase(TestCaseExecutor.java:299)
	at com.kms.katalon.core.main.TestCaseExecutor.execute(TestCaseExecutor.java:233)
	at com.kms.katalon.core.main.TestSuiteExecutor.accessTestCaseMainPhase(TestSuiteExecutor.java:169)
	at com.kms.katalon.core.main.TestSuiteExecutor.accessTestSuiteMainPhase(TestSuiteExecutor.java:142)
	at com.kms.katalon.core.main.TestSuiteExecutor.execute(TestSuiteExecutor.java:91)
	at com.kms.katalon.core.main.TestCaseMain.startTestSuite(TestCaseMain.java:157)
	at com.kms.katalon.core.main.TestCaseMain$startTestSuite$0.call(Unknown Source)
	at TempTestSuite1581113075265.run(TempTestSuite1581113075265.groovy:36)


2020-02-07 15:07:16 - [TEST_STEP][PASSED] - request = getInstance().getCurrentRequest(): null

2020-02-07 15:07:16 - [TEST_STEP][PASSED] - response = getInstance().getCurrentResponse(): null

2020-02-07 15:07:16 - [TEST_STEP][FAILED] - if (!(verifyElementPropertyValue(response, "data.beam", mybeam))): null

2020-02-07 15:07:16 - [MESSAGE][FAILED] - Expected element property value '500' is not equal with actual property value '324'

2020-02-07 15:07:16 - [TEST_STEP][PASSED] - beamFail = "F": null

2020-02-07 15:07:16 - [TEST_STEP][FAILED] - if (!(verifyElementPropertyValue(response, "data.product.down", myuff))): null

2020-02-07 15:07:16 - [MESSAGE][FAILED] - Expected element property value '0' is not equal with actual property value '150'

2020-02-07 15:07:16 - [TEST_STEP][PASSED] - uffFail = "F": null

2020-02-07 15:07:16 - [TEST_STEP][PASSED] - jsonSlurper = new groovy.json.JsonSlurper(): null

2020-02-07 15:07:16 - [TEST_STEP][PASSED] - object = jsonSlurper.parseText(response.getResponseText()): null

2020-02-07 15:07:16 - [TEST_STEP][PASSED] - println(object): null

2020-02-07 15:07:16 - [TEST_STEP][PASSED] - mytest = plans: null

2020-02-07 15:07:16 - [TEST_STEP][PASSED] - variable = mytest: null

2020-02-07 15:07:16 - [MESSAGE][FAILED] - Unable to send request and verify the response (Root cause: com.kms.katalon.core.exception.StepFailedException: Verification failed
	at com.kms.katalon.core.webservice.keyword.builtin.SendRequestAndVerifyKeyword$_sendRequestAndVerify_closure1.doCall(SendRequestAndVerifyKeyword.groovy:59)
	at com.kms.katalon.core.webservice.keyword.builtin.SendRequestAndVerifyKeyword$_sendRequestAndVerify_closure1.call(SendRequestAndVerifyKeyword.groovy)
	at com.kms.katalon.core.keyword.internal.KeywordMain.runKeyword(KeywordMain.groovy:68)
	at com.kms.katalon.core.webservice.keyword.builtin.SendRequestAndVerifyKeyword.sendRequestAndVerify(SendRequestAndVerifyKeyword.groovy:43)
	at com.kms.katalon.core.webservice.keyword.builtin.SendRequestAndVerifyKeyword.execute(SendRequestAndVerifyKeyword.groovy:38)
	at com.kms.katalon.core.keyword.internal.KeywordExecutor.executeKeywordForPlatform(KeywordExecutor.groovy:72)
	at com.kms.katalon.core.webservice.keyword.WSBuiltInKeywords.sendRequestAndVerify(WSBuiltInKeywords.groovy:65)
	at com.kms.katalon.core.webservice.keyword.WSBuiltInKeywords$sendRequestAndVerify.call(Unknown Source)
	at Test_Beams_by_Zip_to_Excel.run(Test_Beams_by_Zip_to_Excel:68)
	at com.kms.katalon.core.main.ScriptEngine.run(ScriptEngine.java:194)
	at com.kms.katalon.core.main.ScriptEngine.runScriptAsRawText(ScriptEngine.java:119)
	at com.kms.katalon.core.main.TestCaseExecutor.runScript(TestCaseExecutor.java:337)
	at com.kms.katalon.core.main.TestCaseExecutor.doExecute(TestCaseExecutor.java:328)
	at com.kms.katalon.core.main.TestCaseExecutor.processExecutionPhase(TestCaseExecutor.java:307)
	at com.kms.katalon.core.main.TestCaseExecutor.accessMainPhase(TestCaseExecutor.java:299)
	at com.kms.katalon.core.main.TestCaseExecutor.execute(TestCaseExecutor.java:233)
	at com.kms.katalon.core.main.TestSuiteExecutor.accessTestCaseMainPhase(TestSuiteExecutor.java:169)
	at com.kms.katalon.core.main.TestSuiteExecutor.accessTestSuiteMainPhase(TestSuiteExecutor.java:142)
	at com.kms.katalon.core.main.TestSuiteExecutor.execute(TestSuiteExecutor.java:91)
	at com.kms.katalon.core.main.TestCaseMain.startTestSuite(TestCaseMain.java:157)
	at com.kms.katalon.core.main.TestCaseMain$startTestSuite$0.call(Unknown Source)
	at TempTestSuite1581113075265.run(TempTestSuite1581113075265.groovy:36)
)

2020-02-07 15:07:16 - [TEST_STEP][PASSED] - setValueToCellByAddress(sheet01, "E" + mycount, variable): null

2020-02-07 15:07:16 - [TEST_STEP][PASSED] - saveWorkbook(excelFile01, workbook01): null]]></system-out>
         <system-err><![CDATA[2020-02-07 15:07:13 - [TEST_CASE][FAILED] - Test Cases/Test_Beams_by_Zip_to_Excel: Test Cases/Test_Beams_by_Zip_to_Excel FAILED.
Reason:
com.kms.katalon.core.exception.StepFailedException: Expected element property value '500' is not equal with actual property value '324'
	at com.kms.katalon.core.keyword.internal.KeywordMain.stepFailed(KeywordMain.groovy:39)
	at com.kms.katalon.core.webservice.keyword.builtin.VerifyElementPropertyValueKeyword$_verifyElementPropertyValue_closure1.doCall(VerifyElementPropertyValueKeyword.groovy:56)
	at com.kms.katalon.core.webservice.keyword.builtin.VerifyElementPropertyValueKeyword$_verifyElementPropertyValue_closure1.call(VerifyElementPropertyValueKeyword.groovy)
	at com.kms.katalon.core.keyword.internal.KeywordMain.runKeyword(KeywordMain.groovy:68)
	at com.kms.katalon.core.webservice.keyword.builtin.VerifyElementPropertyValueKeyword.verifyElementPropertyValue(VerifyElementPropertyValueKeyword.groovy:48)
	at com.kms.katalon.core.webservice.keyword.builtin.VerifyElementPropertyValueKeyword.execute(VerifyElementPropertyValueKeyword.groovy:43)
	at com.kms.katalon.core.keyword.internal.KeywordExecutor.executeKeywordForPlatform(KeywordExecutor.groovy:72)
	at com.kms.katalon.core.webservice.keyword.WSBuiltInKeywords.verifyElementPropertyValue(WSBuiltInKeywords.groovy:189)
	at com.kms.katalon.core.webservice.keyword.WSBuiltInKeywords$verifyElementPropertyValue$0.call(Unknown Source)
	at WSVerification1581113235964.run(WSVerification1581113235964:16)
	at com.kms.katalon.core.main.ScriptEngine.run(ScriptEngine.java:194)
	at com.kms.katalon.core.main.ScriptEngine.runScriptAsRawText(ScriptEngine.java:119)
	at com.kms.katalon.core.main.WSVerificationExecutor.runScript(WSVerificationExecutor.java:146)
	at com.kms.katalon.core.main.WSVerificationExecutor.doExecute(WSVerificationExecutor.java:140)
	at com.kms.katalon.core.main.WSVerificationExecutor.processExecutionPhase(WSVerificationExecutor.java:123)
	at com.kms.katalon.core.main.WSVerificationExecutor.accessMainPhase(WSVerificationExecutor.java:115)
	at com.kms.katalon.core.main.WSVerificationExecutor.execute(WSVerificationExecutor.java:103)
	at com.kms.katalon.core.main.TestCaseMain.runWSVerificationScript(TestCaseMain.java:127)
	at com.kms.katalon.core.webservice.keyword.builtin.SendRequestAndVerifyKeyword$_sendRequestAndVerify_closure1.doCall(SendRequestAndVerifyKeyword.groovy:55)
	at com.kms.katalon.core.webservice.keyword.builtin.SendRequestAndVerifyKeyword$_sendRequestAndVerify_closure1.call(SendRequestAndVerifyKeyword.groovy)
	at com.kms.katalon.core.keyword.internal.KeywordMain.runKeyword(KeywordMain.groovy:68)
	at com.kms.katalon.core.webservice.keyword.builtin.SendRequestAndVerifyKeyword.sendRequestAndVerify(SendRequestAndVerifyKeyword.groovy:43)
	at com.kms.katalon.core.webservice.keyword.builtin.SendRequestAndVerifyKeyword.execute(SendRequestAndVerifyKeyword.groovy:38)
	at com.kms.katalon.core.keyword.internal.KeywordExecutor.executeKeywordForPlatform(KeywordExecutor.groovy:72)
	at com.kms.katalon.core.webservice.keyword.WSBuiltInKeywords.sendRequestAndVerify(WSBuiltInKeywords.groovy:65)
	at com.kms.katalon.core.webservice.keyword.WSBuiltInKeywords$sendRequestAndVerify.call(Unknown Source)
	at Test_Beams_by_Zip_to_Excel.run(Test_Beams_by_Zip_to_Excel:68)
	at com.kms.katalon.core.main.ScriptEngine.run(ScriptEngine.java:194)
	at com.kms.katalon.core.main.ScriptEngine.runScriptAsRawText(ScriptEngine.java:119)
	at com.kms.katalon.core.main.TestCaseExecutor.runScript(TestCaseExecutor.java:337)
	at com.kms.katalon.core.main.TestCaseExecutor.doExecute(TestCaseExecutor.java:328)
	at com.kms.katalon.core.main.TestCaseExecutor.processExecutionPhase(TestCaseExecutor.java:307)
	at com.kms.katalon.core.main.TestCaseExecutor.accessMainPhase(TestCaseExecutor.java:299)
	at com.kms.katalon.core.main.TestCaseExecutor.execute(TestCaseExecutor.java:233)
	at com.kms.katalon.core.main.TestSuiteExecutor.accessTestCaseMainPhase(TestSuiteExecutor.java:169)
	at com.kms.katalon.core.main.TestSuiteExecutor.accessTestSuiteMainPhase(TestSuiteExecutor.java:142)
	at com.kms.katalon.core.main.TestSuiteExecutor.execute(TestSuiteExecutor.java:91)
	at com.kms.katalon.core.main.TestCaseMain.startTestSuite(TestCaseMain.java:157)
	at com.kms.katalon.core.main.TestCaseMain$startTestSuite$0.call(Unknown Source)
	at TempTestSuite1581113075265.run(TempTestSuite1581113075265.groovy:36)]]></system-err>
      </testcase>
      <testcase name="Test Cases/Test_Beams_by_Zip_to_Excel" time="1.841" classname="Test Cases/Test_Beams_by_Zip_to_Excel" status="PASSED">
         <system-out><![CDATA[2020-02-07 15:07:16 - [TEST_CASE][PASSED] - Test Cases/Test_Beams_by_Zip_to_Excel: Test Cases/Test_Beams_by_Zip_to_Excel

2020-02-07 15:07:16 - [TEST_STEP][PASSED] - excelFile01 = "beams-test-results.xlsx": null

2020-02-07 15:07:16 - [TEST_STEP][PASSED] - ExpectedListSheetFile1 = ["Sheet1"]: null

2020-02-07 15:07:16 - [TEST_STEP][PASSED] - workbookFile01 = getWorkbook(excelFile01): null

2020-02-07 15:07:16 - [TEST_STEP][PASSED] - workbook01 = getWorkbook(excelFile01): null

2020-02-07 15:07:16 - [TEST_STEP][PASSED] - sheet01 = getExcelSheet(workbook01, "Sheet1"): null

2020-02-07 15:07:16 - [TEST_STEP][PASSED] - setValueToCellByAddress(sheet01, "A1", "TEST"): null

2020-02-07 15:07:16 - [TEST_STEP][PASSED] - setValueToCellByAddress(sheet01, "B1", "BEAM"): null

2020-02-07 15:07:16 - [TEST_STEP][PASSED] - setValueToCellByAddress(sheet01, "C1", "UFF"): null

2020-02-07 15:07:16 - [TEST_STEP][PASSED] - setValueToCellByAddress(sheet01, "D1", "PLAN"): null

2020-02-07 15:07:16 - [TEST_STEP][PASSED] - setValueToCellByAddress(sheet01, "E1", "API PLAN"): null

2020-02-07 15:07:16 - [TEST_STEP][PASSED] - mybeam = mybeam: null

2020-02-07 15:07:16 - [TEST_STEP][PASSED] - myuff = myuff: null

2020-02-07 15:07:16 - [TEST_STEP][PASSED] - myplan = myplan: null

2020-02-07 15:07:16 - [TEST_STEP][PASSED] - log = new com.kms.katalon.core.logging.KeywordLogger(): null

2020-02-07 15:07:16 - [TEST_STEP][PASSED] - log.logWarning("beam " + mybeam + " zip " + myzip + " upfront fees " + myuff + " plan " + myplan): beam 324 zip 65775 upfront fees 150 plan Liberty 12/25/50/Unlimited

2020-02-07 15:07:16 - [MESSAGE][WARNING] - beam 324 zip 65775 upfront fees 150 plan Liberty 12/25/50/Unlimited

2020-02-07 15:07:16 - [TEST_STEP][PASSED] - setValueToCellByAddress(sheet01, "B" + mycount, beamFail): null

2020-02-07 15:07:16 - [TEST_STEP][PASSED] - setValueToCellByAddress(sheet01, "C" + mycount, uffFail): null

2020-02-07 15:07:16 - [TEST_STEP][PASSED] - mycount = mycount + 1: null

2020-02-07 15:07:16 - [TEST_STEP][PASSED] - setValueToCellByAddress(sheet01, "A" + mycount, "beam " + mybeam + " zip " + myzip + " upfront fees " + myuff + " plan " + myplan): null

2020-02-07 15:07:16 - [TEST_STEP][PASSED] - setValueToCellByAddress(sheet01, "D" + mycount, myplan): null

2020-02-07 15:07:16 - [TEST_STEP][PASSED] - sendRequestAndVerify(findTestObject("Exede_Zip", ["myzip":myzip])): Send request and verify the response successfully

2020-02-07 15:07:17 - [MESSAGE][INFO] - HAR: /Users/jhampleman/Katalon Studio/Exede_Beam_Tests_v2.1 copy/Reports/20200207_150435/RUN_Exede_Zip_Test/20200207_150435/requests/main/74.har

2020-02-07 15:07:17 - [TEST_CASE][PASSED] - Start Test Case : Verification: Verification accomplished successfully

2020-02-07 15:07:17 - [TEST_STEP][PASSED] - request = getInstance().getCurrentRequest(): null

2020-02-07 15:07:17 - [TEST_STEP][PASSED] - response = getInstance().getCurrentResponse(): null

2020-02-07 15:07:17 - [TEST_STEP][PASSED] - if (!(verifyElementPropertyValue(response, "data.beam", mybeam))): Verify element property value successfully

2020-02-07 15:07:17 - [MESSAGE][PASSED] - Verify element property value successfully

2020-02-07 15:07:17 - [TEST_STEP][PASSED] - else: null

2020-02-07 15:07:17 - [TEST_STEP][PASSED] - beamFail = "P": null

2020-02-07 15:07:17 - [TEST_STEP][PASSED] - if (!(verifyElementPropertyValue(response, "data.product.down", myuff))): Verify element property value successfully

2020-02-07 15:07:17 - [MESSAGE][PASSED] - Verify element property value successfully

2020-02-07 15:07:17 - [TEST_STEP][PASSED] - else: null

2020-02-07 15:07:17 - [TEST_STEP][PASSED] - uffFail = "P": null

2020-02-07 15:07:17 - [TEST_STEP][PASSED] - jsonSlurper = new groovy.json.JsonSlurper(): null

2020-02-07 15:07:17 - [TEST_STEP][PASSED] - object = jsonSlurper.parseText(response.getResponseText()): null

2020-02-07 15:07:17 - [TEST_STEP][PASSED] - println(object): null

2020-02-07 15:07:17 - [TEST_STEP][PASSED] - mytest = plans: null

2020-02-07 15:07:17 - [TEST_STEP][PASSED] - variable = mytest: null

2020-02-07 15:07:17 - [MESSAGE][PASSED] - Verify response successfully

2020-02-07 15:07:17 - [MESSAGE][PASSED] - Send request and verify the response successfully

2020-02-07 15:07:17 - [TEST_STEP][PASSED] - setValueToCellByAddress(sheet01, "E" + mycount, variable): null

2020-02-07 15:07:17 - [TEST_STEP][PASSED] - saveWorkbook(excelFile01, workbook01): null]]></system-out>
         <system-err><![CDATA[]]></system-err>
      </testcase>
      <testcase name="Test Cases/Test_Beams_by_Zip_to_Excel" time="1.938" classname="Test Cases/Test_Beams_by_Zip_to_Excel" status="FAILED">
         <failure type="FAILED" message="Test Cases/Test_Beams_by_Zip_to_Excel FAILED.
Reason:
com.kms.katalon.core.exception.StepFailedException: Expected element property value '501' is not equal with actual property value '326'
	at com.kms.katalon.core.keyword.internal.KeywordMain.stepFailed(KeywordMain.groovy:39)
	at com.kms.katalon.core.webservice.keyword.builtin.VerifyElementPropertyValueKeyword$_verifyElementPropertyValue_closure1.doCall(VerifyElementPropertyValueKeyword.groovy:56)
	at com.kms.katalon.core.webservice.keyword.builtin.VerifyElementPropertyValueKeyword$_verifyElementPropertyValue_closure1.call(VerifyElementPropertyValueKeyword.groovy)
	at com.kms.katalon.core.keyword.internal.KeywordMain.runKeyword(KeywordMain.groovy:68)
	at com.kms.katalon.core.webservice.keyword.builtin.VerifyElementPropertyValueKeyword.verifyElementPropertyValue(VerifyElementPropertyValueKeyword.groovy:48)
	at com.kms.katalon.core.webservice.keyword.builtin.VerifyElementPropertyValueKeyword.execute(VerifyElementPropertyValueKeyword.groovy:43)
	at com.kms.katalon.core.keyword.internal.KeywordExecutor.executeKeywordForPlatform(KeywordExecutor.groovy:72)
	at com.kms.katalon.core.webservice.keyword.WSBuiltInKeywords.verifyElementPropertyValue(WSBuiltInKeywords.groovy:189)
	at com.kms.katalon.core.webservice.keyword.WSBuiltInKeywords$verifyElementPropertyValue$0.call(Unknown Source)
	at WSVerification1581113239764.run(WSVerification1581113239764:16)
	at com.kms.katalon.core.main.ScriptEngine.run(ScriptEngine.java:194)
	at com.kms.katalon.core.main.ScriptEngine.runScriptAsRawText(ScriptEngine.java:119)
	at com.kms.katalon.core.main.WSVerificationExecutor.runScript(WSVerificationExecutor.java:146)
	at com.kms.katalon.core.main.WSVerificationExecutor.doExecute(WSVerificationExecutor.java:140)
	at com.kms.katalon.core.main.WSVerificationExecutor.processExecutionPhase(WSVerificationExecutor.java:123)
	at com.kms.katalon.core.main.WSVerificationExecutor.accessMainPhase(WSVerificationExecutor.java:115)
	at com.kms.katalon.core.main.WSVerificationExecutor.execute(WSVerificationExecutor.java:103)
	at com.kms.katalon.core.main.TestCaseMain.runWSVerificationScript(TestCaseMain.java:127)
	at com.kms.katalon.core.webservice.keyword.builtin.SendRequestAndVerifyKeyword$_sendRequestAndVerify_closure1.doCall(SendRequestAndVerifyKeyword.groovy:55)
	at com.kms.katalon.core.webservice.keyword.builtin.SendRequestAndVerifyKeyword$_sendRequestAndVerify_closure1.call(SendRequestAndVerifyKeyword.groovy)
	at com.kms.katalon.core.keyword.internal.KeywordMain.runKeyword(KeywordMain.groovy:68)
	at com.kms.katalon.core.webservice.keyword.builtin.SendRequestAndVerifyKeyword.sendRequestAndVerify(SendRequestAndVerifyKeyword.groovy:43)
	at com.kms.katalon.core.webservice.keyword.builtin.SendRequestAndVerifyKeyword.execute(SendRequestAndVerifyKeyword.groovy:38)
	at com.kms.katalon.core.keyword.internal.KeywordExecutor.executeKeywordForPlatform(KeywordExecutor.groovy:72)
	at com.kms.katalon.core.webservice.keyword.WSBuiltInKeywords.sendRequestAndVerify(WSBuiltInKeywords.groovy:65)
	at com.kms.katalon.core.webservice.keyword.WSBuiltInKeywords$sendRequestAndVerify.call(Unknown Source)
	at Test_Beams_by_Zip_to_Excel.run(Test_Beams_by_Zip_to_Excel:68)
	at com.kms.katalon.core.main.ScriptEngine.run(ScriptEngine.java:194)
	at com.kms.katalon.core.main.ScriptEngine.runScriptAsRawText(ScriptEngine.java:119)
	at com.kms.katalon.core.main.TestCaseExecutor.runScript(TestCaseExecutor.java:337)
	at com.kms.katalon.core.main.TestCaseExecutor.doExecute(TestCaseExecutor.java:328)
	at com.kms.katalon.core.main.TestCaseExecutor.processExecutionPhase(TestCaseExecutor.java:307)
	at com.kms.katalon.core.main.TestCaseExecutor.accessMainPhase(TestCaseExecutor.java:299)
	at com.kms.katalon.core.main.TestCaseExecutor.execute(TestCaseExecutor.java:233)
	at com.kms.katalon.core.main.TestSuiteExecutor.accessTestCaseMainPhase(TestSuiteExecutor.java:169)
	at com.kms.katalon.core.main.TestSuiteExecutor.accessTestSuiteMainPhase(TestSuiteExecutor.java:142)
	at com.kms.katalon.core.main.TestSuiteExecutor.execute(TestSuiteExecutor.java:91)
	at com.kms.katalon.core.main.TestCaseMain.startTestSuite(TestCaseMain.java:157)
	at com.kms.katalon.core.main.TestCaseMain$startTestSuite$0.call(Unknown Source)
	at TempTestSuite1581113075265.run(TempTestSuite1581113075265.groovy:36)
"/>
         <system-out><![CDATA[2020-02-07 15:07:17 - [TEST_CASE][FAILED] - Test Cases/Test_Beams_by_Zip_to_Excel: Test Cases/Test_Beams_by_Zip_to_Excel FAILED.
Reason:
com.kms.katalon.core.exception.StepFailedException: Expected element property value '501' is not equal with actual property value '326'
	at com.kms.katalon.core.keyword.internal.KeywordMain.stepFailed(KeywordMain.groovy:39)
	at com.kms.katalon.core.webservice.keyword.builtin.VerifyElementPropertyValueKeyword$_verifyElementPropertyValue_closure1.doCall(VerifyElementPropertyValueKeyword.groovy:56)
	at com.kms.katalon.core.webservice.keyword.builtin.VerifyElementPropertyValueKeyword$_verifyElementPropertyValue_closure1.call(VerifyElementPropertyValueKeyword.groovy)
	at com.kms.katalon.core.keyword.internal.KeywordMain.runKeyword(KeywordMain.groovy:68)
	at com.kms.katalon.core.webservice.keyword.builtin.VerifyElementPropertyValueKeyword.verifyElementPropertyValue(VerifyElementPropertyValueKeyword.groovy:48)
	at com.kms.katalon.core.webservice.keyword.builtin.VerifyElementPropertyValueKeyword.execute(VerifyElementPropertyValueKeyword.groovy:43)
	at com.kms.katalon.core.keyword.internal.KeywordExecutor.executeKeywordForPlatform(KeywordExecutor.groovy:72)
	at com.kms.katalon.core.webservice.keyword.WSBuiltInKeywords.verifyElementPropertyValue(WSBuiltInKeywords.groovy:189)
	at com.kms.katalon.core.webservice.keyword.WSBuiltInKeywords$verifyElementPropertyValue$0.call(Unknown Source)
	at WSVerification1581113239764.run(WSVerification1581113239764:16)
	at com.kms.katalon.core.main.ScriptEngine.run(ScriptEngine.java:194)
	at com.kms.katalon.core.main.ScriptEngine.runScriptAsRawText(ScriptEngine.java:119)
	at com.kms.katalon.core.main.WSVerificationExecutor.runScript(WSVerificationExecutor.java:146)
	at com.kms.katalon.core.main.WSVerificationExecutor.doExecute(WSVerificationExecutor.java:140)
	at com.kms.katalon.core.main.WSVerificationExecutor.processExecutionPhase(WSVerificationExecutor.java:123)
	at com.kms.katalon.core.main.WSVerificationExecutor.accessMainPhase(WSVerificationExecutor.java:115)
	at com.kms.katalon.core.main.WSVerificationExecutor.execute(WSVerificationExecutor.java:103)
	at com.kms.katalon.core.main.TestCaseMain.runWSVerificationScript(TestCaseMain.java:127)
	at com.kms.katalon.core.webservice.keyword.builtin.SendRequestAndVerifyKeyword$_sendRequestAndVerify_closure1.doCall(SendRequestAndVerifyKeyword.groovy:55)
	at com.kms.katalon.core.webservice.keyword.builtin.SendRequestAndVerifyKeyword$_sendRequestAndVerify_closure1.call(SendRequestAndVerifyKeyword.groovy)
	at com.kms.katalon.core.keyword.internal.KeywordMain.runKeyword(KeywordMain.groovy:68)
	at com.kms.katalon.core.webservice.keyword.builtin.SendRequestAndVerifyKeyword.sendRequestAndVerify(SendRequestAndVerifyKeyword.groovy:43)
	at com.kms.katalon.core.webservice.keyword.builtin.SendRequestAndVerifyKeyword.execute(SendRequestAndVerifyKeyword.groovy:38)
	at com.kms.katalon.core.keyword.internal.KeywordExecutor.executeKeywordForPlatform(KeywordExecutor.groovy:72)
	at com.kms.katalon.core.webservice.keyword.WSBuiltInKeywords.sendRequestAndVerify(WSBuiltInKeywords.groovy:65)
	at com.kms.katalon.core.webservice.keyword.WSBuiltInKeywords$sendRequestAndVerify.call(Unknown Source)
	at Test_Beams_by_Zip_to_Excel.run(Test_Beams_by_Zip_to_Excel:68)
	at com.kms.katalon.core.main.ScriptEngine.run(ScriptEngine.java:194)
	at com.kms.katalon.core.main.ScriptEngine.runScriptAsRawText(ScriptEngine.java:119)
	at com.kms.katalon.core.main.TestCaseExecutor.runScript(TestCaseExecutor.java:337)
	at com.kms.katalon.core.main.TestCaseExecutor.doExecute(TestCaseExecutor.java:328)
	at com.kms.katalon.core.main.TestCaseExecutor.processExecutionPhase(TestCaseExecutor.java:307)
	at com.kms.katalon.core.main.TestCaseExecutor.accessMainPhase(TestCaseExecutor.java:299)
	at com.kms.katalon.core.main.TestCaseExecutor.execute(TestCaseExecutor.java:233)
	at com.kms.katalon.core.main.TestSuiteExecutor.accessTestCaseMainPhase(TestSuiteExecutor.java:169)
	at com.kms.katalon.core.main.TestSuiteExecutor.accessTestSuiteMainPhase(TestSuiteExecutor.java:142)
	at com.kms.katalon.core.main.TestSuiteExecutor.execute(TestSuiteExecutor.java:91)
	at com.kms.katalon.core.main.TestCaseMain.startTestSuite(TestCaseMain.java:157)
	at com.kms.katalon.core.main.TestCaseMain$startTestSuite$0.call(Unknown Source)
	at TempTestSuite1581113075265.run(TempTestSuite1581113075265.groovy:36)


2020-02-07 15:07:17 - [TEST_STEP][PASSED] - excelFile01 = "beams-test-results.xlsx": null

2020-02-07 15:07:17 - [TEST_STEP][PASSED] - ExpectedListSheetFile1 = ["Sheet1"]: null

2020-02-07 15:07:17 - [TEST_STEP][PASSED] - workbookFile01 = getWorkbook(excelFile01): null

2020-02-07 15:07:17 - [TEST_STEP][PASSED] - workbook01 = getWorkbook(excelFile01): null

2020-02-07 15:07:17 - [TEST_STEP][PASSED] - sheet01 = getExcelSheet(workbook01, "Sheet1"): null

2020-02-07 15:07:17 - [TEST_STEP][PASSED] - setValueToCellByAddress(sheet01, "A1", "TEST"): null

2020-02-07 15:07:17 - [TEST_STEP][PASSED] - setValueToCellByAddress(sheet01, "B1", "BEAM"): null

2020-02-07 15:07:17 - [TEST_STEP][PASSED] - setValueToCellByAddress(sheet01, "C1", "UFF"): null

2020-02-07 15:07:17 - [TEST_STEP][PASSED] - setValueToCellByAddress(sheet01, "D1", "PLAN"): null

2020-02-07 15:07:17 - [TEST_STEP][PASSED] - setValueToCellByAddress(sheet01, "E1", "API PLAN"): null

2020-02-07 15:07:17 - [TEST_STEP][PASSED] - mybeam = mybeam: null

2020-02-07 15:07:17 - [TEST_STEP][PASSED] - myuff = myuff: null

2020-02-07 15:07:17 - [TEST_STEP][PASSED] - myplan = myplan: null

2020-02-07 15:07:17 - [TEST_STEP][PASSED] - log = new com.kms.katalon.core.logging.KeywordLogger(): null

2020-02-07 15:07:17 - [TEST_STEP][PASSED] - log.logWarning("beam " + mybeam + " zip " + myzip + " upfront fees " + myuff + " plan " + myplan): beam 501 zip 38242 upfront fees 150 plan VS2 High Fill

2020-02-07 15:07:17 - [MESSAGE][WARNING] - beam 501 zip 38242 upfront fees 150 plan VS2 High Fill

2020-02-07 15:07:17 - [TEST_STEP][PASSED] - setValueToCellByAddress(sheet01, "B" + mycount, beamFail): null

2020-02-07 15:07:17 - [TEST_STEP][PASSED] - setValueToCellByAddress(sheet01, "C" + mycount, uffFail): null

2020-02-07 15:07:17 - [TEST_STEP][PASSED] - mycount = mycount + 1: null

2020-02-07 15:07:17 - [TEST_STEP][PASSED] - setValueToCellByAddress(sheet01, "A" + mycount, "beam " + mybeam + " zip " + myzip + " upfront fees " + myuff + " plan " + myplan): null

2020-02-07 15:07:17 - [TEST_STEP][PASSED] - setValueToCellByAddress(sheet01, "D" + mycount, myplan): null

2020-02-07 15:07:17 - [TEST_STEP][FAILED] - sendRequestAndVerify(findTestObject("Exede_Zip", ["myzip":myzip])): Unable to send request and verify the response (Root cause: com.kms.katalon.core.exception.StepFailedException: Verification failed
	at com.kms.katalon.core.webservice.keyword.builtin.SendRequestAndVerifyKeyword$_sendRequestAndVerify_closure1.doCall(SendRequestAndVerifyKeyword.groovy:59)
	at com.kms.katalon.core.webservice.keyword.builtin.SendRequestAndVerifyKeyword$_sendRequestAndVerify_closure1.call(SendRequestAndVerifyKeyword.groovy)
	at com.kms.katalon.core.keyword.internal.KeywordMain.runKeyword(KeywordMain.groovy:68)
	at com.kms.katalon.core.webservice.keyword.builtin.SendRequestAndVerifyKeyword.sendRequestAndVerify(SendRequestAndVerifyKeyword.groovy:43)
	at com.kms.katalon.core.webservice.keyword.builtin.SendRequestAndVerifyKeyword.execute(SendRequestAndVerifyKeyword.groovy:38)
	at com.kms.katalon.core.keyword.internal.KeywordExecutor.executeKeywordForPlatform(KeywordExecutor.groovy:72)
	at com.kms.katalon.core.webservice.keyword.WSBuiltInKeywords.sendRequestAndVerify(WSBuiltInKeywords.groovy:65)
	at com.kms.katalon.core.webservice.keyword.WSBuiltInKeywords$sendRequestAndVerify.call(Unknown Source)
	at Test_Beams_by_Zip_to_Excel.run(Test_Beams_by_Zip_to_Excel:68)
	at com.kms.katalon.core.main.ScriptEngine.run(ScriptEngine.java:194)
	at com.kms.katalon.core.main.ScriptEngine.runScriptAsRawText(ScriptEngine.java:119)
	at com.kms.katalon.core.main.TestCaseExecutor.runScript(TestCaseExecutor.java:337)
	at com.kms.katalon.core.main.TestCaseExecutor.doExecute(TestCaseExecutor.java:328)
	at com.kms.katalon.core.main.TestCaseExecutor.processExecutionPhase(TestCaseExecutor.java:307)
	at com.kms.katalon.core.main.TestCaseExecutor.accessMainPhase(TestCaseExecutor.java:299)
	at com.kms.katalon.core.main.TestCaseExecutor.execute(TestCaseExecutor.java:233)
	at com.kms.katalon.core.main.TestSuiteExecutor.accessTestCaseMainPhase(TestSuiteExecutor.java:169)
	at com.kms.katalon.core.main.TestSuiteExecutor.accessTestSuiteMainPhase(TestSuiteExecutor.java:142)
	at com.kms.katalon.core.main.TestSuiteExecutor.execute(TestSuiteExecutor.java:91)
	at com.kms.katalon.core.main.TestCaseMain.startTestSuite(TestCaseMain.java:157)
	at com.kms.katalon.core.main.TestCaseMain$startTestSuite$0.call(Unknown Source)
	at TempTestSuite1581113075265.run(TempTestSuite1581113075265.groovy:36)
)

2020-02-07 15:07:19 - [MESSAGE][INFO] - HAR: /Users/jhampleman/Katalon Studio/Exede_Beam_Tests_v2.1 copy/Reports/20200207_150435/RUN_Exede_Zip_Test/20200207_150435/requests/main/75.har

2020-02-07 15:07:19 - [TEST_CASE][FAILED] - Start Test Case : Verification: Verification FAILED.
Reason:
com.kms.katalon.core.exception.StepFailedException: Expected element property value '501' is not equal with actual property value '326'
	at com.kms.katalon.core.keyword.internal.KeywordMain.stepFailed(KeywordMain.groovy:39)
	at com.kms.katalon.core.webservice.keyword.builtin.VerifyElementPropertyValueKeyword$_verifyElementPropertyValue_closure1.doCall(VerifyElementPropertyValueKeyword.groovy:56)
	at com.kms.katalon.core.webservice.keyword.builtin.VerifyElementPropertyValueKeyword$_verifyElementPropertyValue_closure1.call(VerifyElementPropertyValueKeyword.groovy)
	at com.kms.katalon.core.keyword.internal.KeywordMain.runKeyword(KeywordMain.groovy:68)
	at com.kms.katalon.core.webservice.keyword.builtin.VerifyElementPropertyValueKeyword.verifyElementPropertyValue(VerifyElementPropertyValueKeyword.groovy:48)
	at com.kms.katalon.core.webservice.keyword.builtin.VerifyElementPropertyValueKeyword.execute(VerifyElementPropertyValueKeyword.groovy:43)
	at com.kms.katalon.core.keyword.internal.KeywordExecutor.executeKeywordForPlatform(KeywordExecutor.groovy:72)
	at com.kms.katalon.core.webservice.keyword.WSBuiltInKeywords.verifyElementPropertyValue(WSBuiltInKeywords.groovy:189)
	at com.kms.katalon.core.webservice.keyword.WSBuiltInKeywords$verifyElementPropertyValue$0.call(Unknown Source)
	at WSVerification1581113239764.run(WSVerification1581113239764:16)
	at com.kms.katalon.core.main.ScriptEngine.run(ScriptEngine.java:194)
	at com.kms.katalon.core.main.ScriptEngine.runScriptAsRawText(ScriptEngine.java:119)
	at com.kms.katalon.core.main.WSVerificationExecutor.runScript(WSVerificationExecutor.java:146)
	at com.kms.katalon.core.main.WSVerificationExecutor.doExecute(WSVerificationExecutor.java:140)
	at com.kms.katalon.core.main.WSVerificationExecutor.processExecutionPhase(WSVerificationExecutor.java:123)
	at com.kms.katalon.core.main.WSVerificationExecutor.accessMainPhase(WSVerificationExecutor.java:115)
	at com.kms.katalon.core.main.WSVerificationExecutor.execute(WSVerificationExecutor.java:103)
	at com.kms.katalon.core.main.TestCaseMain.runWSVerificationScript(TestCaseMain.java:127)
	at com.kms.katalon.core.webservice.keyword.builtin.SendRequestAndVerifyKeyword$_sendRequestAndVerify_closure1.doCall(SendRequestAndVerifyKeyword.groovy:55)
	at com.kms.katalon.core.webservice.keyword.builtin.SendRequestAndVerifyKeyword$_sendRequestAndVerify_closure1.call(SendRequestAndVerifyKeyword.groovy)
	at com.kms.katalon.core.keyword.internal.KeywordMain.runKeyword(KeywordMain.groovy:68)
	at com.kms.katalon.core.webservice.keyword.builtin.SendRequestAndVerifyKeyword.sendRequestAndVerify(SendRequestAndVerifyKeyword.groovy:43)
	at com.kms.katalon.core.webservice.keyword.builtin.SendRequestAndVerifyKeyword.execute(SendRequestAndVerifyKeyword.groovy:38)
	at com.kms.katalon.core.keyword.internal.KeywordExecutor.executeKeywordForPlatform(KeywordExecutor.groovy:72)
	at com.kms.katalon.core.webservice.keyword.WSBuiltInKeywords.sendRequestAndVerify(WSBuiltInKeywords.groovy:65)
	at com.kms.katalon.core.webservice.keyword.WSBuiltInKeywords$sendRequestAndVerify.call(Unknown Source)
	at Test_Beams_by_Zip_to_Excel.run(Test_Beams_by_Zip_to_Excel:68)
	at com.kms.katalon.core.main.ScriptEngine.run(ScriptEngine.java:194)
	at com.kms.katalon.core.main.ScriptEngine.runScriptAsRawText(ScriptEngine.java:119)
	at com.kms.katalon.core.main.TestCaseExecutor.runScript(TestCaseExecutor.java:337)
	at com.kms.katalon.core.main.TestCaseExecutor.doExecute(TestCaseExecutor.java:328)
	at com.kms.katalon.core.main.TestCaseExecutor.processExecutionPhase(TestCaseExecutor.java:307)
	at com.kms.katalon.core.main.TestCaseExecutor.accessMainPhase(TestCaseExecutor.java:299)
	at com.kms.katalon.core.main.TestCaseExecutor.execute(TestCaseExecutor.java:233)
	at com.kms.katalon.core.main.TestSuiteExecutor.accessTestCaseMainPhase(TestSuiteExecutor.java:169)
	at com.kms.katalon.core.main.TestSuiteExecutor.accessTestSuiteMainPhase(TestSuiteExecutor.java:142)
	at com.kms.katalon.core.main.TestSuiteExecutor.execute(TestSuiteExecutor.java:91)
	at com.kms.katalon.core.main.TestCaseMain.startTestSuite(TestCaseMain.java:157)
	at com.kms.katalon.core.main.TestCaseMain$startTestSuite$0.call(Unknown Source)
	at TempTestSuite1581113075265.run(TempTestSuite1581113075265.groovy:36)


2020-02-07 15:07:19 - [TEST_STEP][PASSED] - request = getInstance().getCurrentRequest(): null

2020-02-07 15:07:19 - [TEST_STEP][PASSED] - response = getInstance().getCurrentResponse(): null

2020-02-07 15:07:19 - [TEST_STEP][FAILED] - if (!(verifyElementPropertyValue(response, "data.beam", mybeam))): null

2020-02-07 15:07:19 - [MESSAGE][FAILED] - Expected element property value '501' is not equal with actual property value '326'

2020-02-07 15:07:19 - [TEST_STEP][PASSED] - beamFail = "F": null

2020-02-07 15:07:19 - [TEST_STEP][PASSED] - if (!(verifyElementPropertyValue(response, "data.product.down", myuff))): Verify element property value successfully

2020-02-07 15:07:19 - [MESSAGE][PASSED] - Verify element property value successfully

2020-02-07 15:07:19 - [TEST_STEP][PASSED] - else: null

2020-02-07 15:07:19 - [TEST_STEP][PASSED] - uffFail = "P": null

2020-02-07 15:07:19 - [TEST_STEP][PASSED] - jsonSlurper = new groovy.json.JsonSlurper(): null

2020-02-07 15:07:19 - [TEST_STEP][PASSED] - object = jsonSlurper.parseText(response.getResponseText()): null

2020-02-07 15:07:19 - [TEST_STEP][PASSED] - println(object): null

2020-02-07 15:07:19 - [TEST_STEP][PASSED] - mytest = plans: null

2020-02-07 15:07:19 - [TEST_STEP][PASSED] - variable = mytest: null

2020-02-07 15:07:19 - [MESSAGE][FAILED] - Unable to send request and verify the response (Root cause: com.kms.katalon.core.exception.StepFailedException: Verification failed
	at com.kms.katalon.core.webservice.keyword.builtin.SendRequestAndVerifyKeyword$_sendRequestAndVerify_closure1.doCall(SendRequestAndVerifyKeyword.groovy:59)
	at com.kms.katalon.core.webservice.keyword.builtin.SendRequestAndVerifyKeyword$_sendRequestAndVerify_closure1.call(SendRequestAndVerifyKeyword.groovy)
	at com.kms.katalon.core.keyword.internal.KeywordMain.runKeyword(KeywordMain.groovy:68)
	at com.kms.katalon.core.webservice.keyword.builtin.SendRequestAndVerifyKeyword.sendRequestAndVerify(SendRequestAndVerifyKeyword.groovy:43)
	at com.kms.katalon.core.webservice.keyword.builtin.SendRequestAndVerifyKeyword.execute(SendRequestAndVerifyKeyword.groovy:38)
	at com.kms.katalon.core.keyword.internal.KeywordExecutor.executeKeywordForPlatform(KeywordExecutor.groovy:72)
	at com.kms.katalon.core.webservice.keyword.WSBuiltInKeywords.sendRequestAndVerify(WSBuiltInKeywords.groovy:65)
	at com.kms.katalon.core.webservice.keyword.WSBuiltInKeywords$sendRequestAndVerify.call(Unknown Source)
	at Test_Beams_by_Zip_to_Excel.run(Test_Beams_by_Zip_to_Excel:68)
	at com.kms.katalon.core.main.ScriptEngine.run(ScriptEngine.java:194)
	at com.kms.katalon.core.main.ScriptEngine.runScriptAsRawText(ScriptEngine.java:119)
	at com.kms.katalon.core.main.TestCaseExecutor.runScript(TestCaseExecutor.java:337)
	at com.kms.katalon.core.main.TestCaseExecutor.doExecute(TestCaseExecutor.java:328)
	at com.kms.katalon.core.main.TestCaseExecutor.processExecutionPhase(TestCaseExecutor.java:307)
	at com.kms.katalon.core.main.TestCaseExecutor.accessMainPhase(TestCaseExecutor.java:299)
	at com.kms.katalon.core.main.TestCaseExecutor.execute(TestCaseExecutor.java:233)
	at com.kms.katalon.core.main.TestSuiteExecutor.accessTestCaseMainPhase(TestSuiteExecutor.java:169)
	at com.kms.katalon.core.main.TestSuiteExecutor.accessTestSuiteMainPhase(TestSuiteExecutor.java:142)
	at com.kms.katalon.core.main.TestSuiteExecutor.execute(TestSuiteExecutor.java:91)
	at com.kms.katalon.core.main.TestCaseMain.startTestSuite(TestCaseMain.java:157)
	at com.kms.katalon.core.main.TestCaseMain$startTestSuite$0.call(Unknown Source)
	at TempTestSuite1581113075265.run(TempTestSuite1581113075265.groovy:36)
)

2020-02-07 15:07:19 - [TEST_STEP][PASSED] - setValueToCellByAddress(sheet01, "E" + mycount, variable): null

2020-02-07 15:07:19 - [TEST_STEP][PASSED] - saveWorkbook(excelFile01, workbook01): null]]></system-out>
         <system-err><![CDATA[2020-02-07 15:07:17 - [TEST_CASE][FAILED] - Test Cases/Test_Beams_by_Zip_to_Excel: Test Cases/Test_Beams_by_Zip_to_Excel FAILED.
Reason:
com.kms.katalon.core.exception.StepFailedException: Expected element property value '501' is not equal with actual property value '326'
	at com.kms.katalon.core.keyword.internal.KeywordMain.stepFailed(KeywordMain.groovy:39)
	at com.kms.katalon.core.webservice.keyword.builtin.VerifyElementPropertyValueKeyword$_verifyElementPropertyValue_closure1.doCall(VerifyElementPropertyValueKeyword.groovy:56)
	at com.kms.katalon.core.webservice.keyword.builtin.VerifyElementPropertyValueKeyword$_verifyElementPropertyValue_closure1.call(VerifyElementPropertyValueKeyword.groovy)
	at com.kms.katalon.core.keyword.internal.KeywordMain.runKeyword(KeywordMain.groovy:68)
	at com.kms.katalon.core.webservice.keyword.builtin.VerifyElementPropertyValueKeyword.verifyElementPropertyValue(VerifyElementPropertyValueKeyword.groovy:48)
	at com.kms.katalon.core.webservice.keyword.builtin.VerifyElementPropertyValueKeyword.execute(VerifyElementPropertyValueKeyword.groovy:43)
	at com.kms.katalon.core.keyword.internal.KeywordExecutor.executeKeywordForPlatform(KeywordExecutor.groovy:72)
	at com.kms.katalon.core.webservice.keyword.WSBuiltInKeywords.verifyElementPropertyValue(WSBuiltInKeywords.groovy:189)
	at com.kms.katalon.core.webservice.keyword.WSBuiltInKeywords$verifyElementPropertyValue$0.call(Unknown Source)
	at WSVerification1581113239764.run(WSVerification1581113239764:16)
	at com.kms.katalon.core.main.ScriptEngine.run(ScriptEngine.java:194)
	at com.kms.katalon.core.main.ScriptEngine.runScriptAsRawText(ScriptEngine.java:119)
	at com.kms.katalon.core.main.WSVerificationExecutor.runScript(WSVerificationExecutor.java:146)
	at com.kms.katalon.core.main.WSVerificationExecutor.doExecute(WSVerificationExecutor.java:140)
	at com.kms.katalon.core.main.WSVerificationExecutor.processExecutionPhase(WSVerificationExecutor.java:123)
	at com.kms.katalon.core.main.WSVerificationExecutor.accessMainPhase(WSVerificationExecutor.java:115)
	at com.kms.katalon.core.main.WSVerificationExecutor.execute(WSVerificationExecutor.java:103)
	at com.kms.katalon.core.main.TestCaseMain.runWSVerificationScript(TestCaseMain.java:127)
	at com.kms.katalon.core.webservice.keyword.builtin.SendRequestAndVerifyKeyword$_sendRequestAndVerify_closure1.doCall(SendRequestAndVerifyKeyword.groovy:55)
	at com.kms.katalon.core.webservice.keyword.builtin.SendRequestAndVerifyKeyword$_sendRequestAndVerify_closure1.call(SendRequestAndVerifyKeyword.groovy)
	at com.kms.katalon.core.keyword.internal.KeywordMain.runKeyword(KeywordMain.groovy:68)
	at com.kms.katalon.core.webservice.keyword.builtin.SendRequestAndVerifyKeyword.sendRequestAndVerify(SendRequestAndVerifyKeyword.groovy:43)
	at com.kms.katalon.core.webservice.keyword.builtin.SendRequestAndVerifyKeyword.execute(SendRequestAndVerifyKeyword.groovy:38)
	at com.kms.katalon.core.keyword.internal.KeywordExecutor.executeKeywordForPlatform(KeywordExecutor.groovy:72)
	at com.kms.katalon.core.webservice.keyword.WSBuiltInKeywords.sendRequestAndVerify(WSBuiltInKeywords.groovy:65)
	at com.kms.katalon.core.webservice.keyword.WSBuiltInKeywords$sendRequestAndVerify.call(Unknown Source)
	at Test_Beams_by_Zip_to_Excel.run(Test_Beams_by_Zip_to_Excel:68)
	at com.kms.katalon.core.main.ScriptEngine.run(ScriptEngine.java:194)
	at com.kms.katalon.core.main.ScriptEngine.runScriptAsRawText(ScriptEngine.java:119)
	at com.kms.katalon.core.main.TestCaseExecutor.runScript(TestCaseExecutor.java:337)
	at com.kms.katalon.core.main.TestCaseExecutor.doExecute(TestCaseExecutor.java:328)
	at com.kms.katalon.core.main.TestCaseExecutor.processExecutionPhase(TestCaseExecutor.java:307)
	at com.kms.katalon.core.main.TestCaseExecutor.accessMainPhase(TestCaseExecutor.java:299)
	at com.kms.katalon.core.main.TestCaseExecutor.execute(TestCaseExecutor.java:233)
	at com.kms.katalon.core.main.TestSuiteExecutor.accessTestCaseMainPhase(TestSuiteExecutor.java:169)
	at com.kms.katalon.core.main.TestSuiteExecutor.accessTestSuiteMainPhase(TestSuiteExecutor.java:142)
	at com.kms.katalon.core.main.TestSuiteExecutor.execute(TestSuiteExecutor.java:91)
	at com.kms.katalon.core.main.TestCaseMain.startTestSuite(TestCaseMain.java:157)
	at com.kms.katalon.core.main.TestCaseMain$startTestSuite$0.call(Unknown Source)
	at TempTestSuite1581113075265.run(TempTestSuite1581113075265.groovy:36)]]></system-err>
      </testcase>
      <testcase name="Test Cases/Test_Beams_by_Zip_to_Excel" time="1.918" classname="Test Cases/Test_Beams_by_Zip_to_Excel" status="PASSED">
         <system-out><![CDATA[2020-02-07 15:07:19 - [TEST_CASE][PASSED] - Test Cases/Test_Beams_by_Zip_to_Excel: Test Cases/Test_Beams_by_Zip_to_Excel

2020-02-07 15:07:19 - [TEST_STEP][PASSED] - excelFile01 = "beams-test-results.xlsx": null

2020-02-07 15:07:19 - [TEST_STEP][PASSED] - ExpectedListSheetFile1 = ["Sheet1"]: null

2020-02-07 15:07:19 - [TEST_STEP][PASSED] - workbookFile01 = getWorkbook(excelFile01): null

2020-02-07 15:07:19 - [TEST_STEP][PASSED] - workbook01 = getWorkbook(excelFile01): null

2020-02-07 15:07:19 - [TEST_STEP][PASSED] - sheet01 = getExcelSheet(workbook01, "Sheet1"): null

2020-02-07 15:07:19 - [TEST_STEP][PASSED] - setValueToCellByAddress(sheet01, "A1", "TEST"): null

2020-02-07 15:07:19 - [TEST_STEP][PASSED] - setValueToCellByAddress(sheet01, "B1", "BEAM"): null

2020-02-07 15:07:19 - [TEST_STEP][PASSED] - setValueToCellByAddress(sheet01, "C1", "UFF"): null

2020-02-07 15:07:19 - [TEST_STEP][PASSED] - setValueToCellByAddress(sheet01, "D1", "PLAN"): null

2020-02-07 15:07:19 - [TEST_STEP][PASSED] - setValueToCellByAddress(sheet01, "E1", "API PLAN"): null

2020-02-07 15:07:19 - [TEST_STEP][PASSED] - mybeam = mybeam: null

2020-02-07 15:07:19 - [TEST_STEP][PASSED] - myuff = myuff: null

2020-02-07 15:07:19 - [TEST_STEP][PASSED] - myplan = myplan: null

2020-02-07 15:07:19 - [TEST_STEP][PASSED] - log = new com.kms.katalon.core.logging.KeywordLogger(): null

2020-02-07 15:07:19 - [TEST_STEP][PASSED] - log.logWarning("beam " + mybeam + " zip " + myzip + " upfront fees " + myuff + " plan " + myplan): beam 326 zip 38242 upfront fees 150 plan Liberty 12/25/50/Unlimited

2020-02-07 15:07:19 - [MESSAGE][WARNING] - beam 326 zip 38242 upfront fees 150 plan Liberty 12/25/50/Unlimited

2020-02-07 15:07:19 - [TEST_STEP][PASSED] - setValueToCellByAddress(sheet01, "B" + mycount, beamFail): null

2020-02-07 15:07:19 - [TEST_STEP][PASSED] - setValueToCellByAddress(sheet01, "C" + mycount, uffFail): null

2020-02-07 15:07:19 - [TEST_STEP][PASSED] - mycount = mycount + 1: null

2020-02-07 15:07:19 - [TEST_STEP][PASSED] - setValueToCellByAddress(sheet01, "A" + mycount, "beam " + mybeam + " zip " + myzip + " upfront fees " + myuff + " plan " + myplan): null

2020-02-07 15:07:19 - [TEST_STEP][PASSED] - setValueToCellByAddress(sheet01, "D" + mycount, myplan): null

2020-02-07 15:07:19 - [TEST_STEP][PASSED] - sendRequestAndVerify(findTestObject("Exede_Zip", ["myzip":myzip])): Send request and verify the response successfully

2020-02-07 15:07:21 - [MESSAGE][INFO] - HAR: /Users/jhampleman/Katalon Studio/Exede_Beam_Tests_v2.1 copy/Reports/20200207_150435/RUN_Exede_Zip_Test/20200207_150435/requests/main/76.har

2020-02-07 15:07:21 - [TEST_CASE][PASSED] - Start Test Case : Verification: Verification accomplished successfully

2020-02-07 15:07:21 - [TEST_STEP][PASSED] - request = getInstance().getCurrentRequest(): null

2020-02-07 15:07:21 - [TEST_STEP][PASSED] - response = getInstance().getCurrentResponse(): null

2020-02-07 15:07:21 - [TEST_STEP][PASSED] - if (!(verifyElementPropertyValue(response, "data.beam", mybeam))): Verify element property value successfully

2020-02-07 15:07:21 - [MESSAGE][PASSED] - Verify element property value successfully

2020-02-07 15:07:21 - [TEST_STEP][PASSED] - else: null

2020-02-07 15:07:21 - [TEST_STEP][PASSED] - beamFail = "P": null

2020-02-07 15:07:21 - [TEST_STEP][PASSED] - if (!(verifyElementPropertyValue(response, "data.product.down", myuff))): Verify element property value successfully

2020-02-07 15:07:21 - [MESSAGE][PASSED] - Verify element property value successfully

2020-02-07 15:07:21 - [TEST_STEP][PASSED] - else: null

2020-02-07 15:07:21 - [TEST_STEP][PASSED] - uffFail = "P": null

2020-02-07 15:07:21 - [TEST_STEP][PASSED] - jsonSlurper = new groovy.json.JsonSlurper(): null

2020-02-07 15:07:21 - [TEST_STEP][PASSED] - object = jsonSlurper.parseText(response.getResponseText()): null

2020-02-07 15:07:21 - [TEST_STEP][PASSED] - println(object): null

2020-02-07 15:07:21 - [TEST_STEP][PASSED] - mytest = plans: null

2020-02-07 15:07:21 - [TEST_STEP][PASSED] - variable = mytest: null

2020-02-07 15:07:21 - [MESSAGE][PASSED] - Verify response successfully

2020-02-07 15:07:21 - [MESSAGE][PASSED] - Send request and verify the response successfully

2020-02-07 15:07:21 - [TEST_STEP][PASSED] - setValueToCellByAddress(sheet01, "E" + mycount, variable): null

2020-02-07 15:07:21 - [TEST_STEP][PASSED] - saveWorkbook(excelFile01, workbook01): null]]></system-out>
         <system-err><![CDATA[]]></system-err>
      </testcase>
      <testcase name="Test Cases/Test_Beams_by_Zip_to_Excel" time="2.015" classname="Test Cases/Test_Beams_by_Zip_to_Excel" status="FAILED">
         <failure type="FAILED" message="Test Cases/Test_Beams_by_Zip_to_Excel FAILED.
Reason:
com.kms.katalon.core.exception.StepFailedException: Expected element property value '504' is not equal with actual property value '329'
	at com.kms.katalon.core.keyword.internal.KeywordMain.stepFailed(KeywordMain.groovy:39)
	at com.kms.katalon.core.webservice.keyword.builtin.VerifyElementPropertyValueKeyword$_verifyElementPropertyValue_closure1.doCall(VerifyElementPropertyValueKeyword.groovy:56)
	at com.kms.katalon.core.webservice.keyword.builtin.VerifyElementPropertyValueKeyword$_verifyElementPropertyValue_closure1.call(VerifyElementPropertyValueKeyword.groovy)
	at com.kms.katalon.core.keyword.internal.KeywordMain.runKeyword(KeywordMain.groovy:68)
	at com.kms.katalon.core.webservice.keyword.builtin.VerifyElementPropertyValueKeyword.verifyElementPropertyValue(VerifyElementPropertyValueKeyword.groovy:48)
	at com.kms.katalon.core.webservice.keyword.builtin.VerifyElementPropertyValueKeyword.execute(VerifyElementPropertyValueKeyword.groovy:43)
	at com.kms.katalon.core.keyword.internal.KeywordExecutor.executeKeywordForPlatform(KeywordExecutor.groovy:72)
	at com.kms.katalon.core.webservice.keyword.WSBuiltInKeywords.verifyElementPropertyValue(WSBuiltInKeywords.groovy:189)
	at com.kms.katalon.core.webservice.keyword.WSBuiltInKeywords$verifyElementPropertyValue$0.call(Unknown Source)
	at WSVerification1581113243742.run(WSVerification1581113243742:16)
	at com.kms.katalon.core.main.ScriptEngine.run(ScriptEngine.java:194)
	at com.kms.katalon.core.main.ScriptEngine.runScriptAsRawText(ScriptEngine.java:119)
	at com.kms.katalon.core.main.WSVerificationExecutor.runScript(WSVerificationExecutor.java:146)
	at com.kms.katalon.core.main.WSVerificationExecutor.doExecute(WSVerificationExecutor.java:140)
	at com.kms.katalon.core.main.WSVerificationExecutor.processExecutionPhase(WSVerificationExecutor.java:123)
	at com.kms.katalon.core.main.WSVerificationExecutor.accessMainPhase(WSVerificationExecutor.java:115)
	at com.kms.katalon.core.main.WSVerificationExecutor.execute(WSVerificationExecutor.java:103)
	at com.kms.katalon.core.main.TestCaseMain.runWSVerificationScript(TestCaseMain.java:127)
	at com.kms.katalon.core.webservice.keyword.builtin.SendRequestAndVerifyKeyword$_sendRequestAndVerify_closure1.doCall(SendRequestAndVerifyKeyword.groovy:55)
	at com.kms.katalon.core.webservice.keyword.builtin.SendRequestAndVerifyKeyword$_sendRequestAndVerify_closure1.call(SendRequestAndVerifyKeyword.groovy)
	at com.kms.katalon.core.keyword.internal.KeywordMain.runKeyword(KeywordMain.groovy:68)
	at com.kms.katalon.core.webservice.keyword.builtin.SendRequestAndVerifyKeyword.sendRequestAndVerify(SendRequestAndVerifyKeyword.groovy:43)
	at com.kms.katalon.core.webservice.keyword.builtin.SendRequestAndVerifyKeyword.execute(SendRequestAndVerifyKeyword.groovy:38)
	at com.kms.katalon.core.keyword.internal.KeywordExecutor.executeKeywordForPlatform(KeywordExecutor.groovy:72)
	at com.kms.katalon.core.webservice.keyword.WSBuiltInKeywords.sendRequestAndVerify(WSBuiltInKeywords.groovy:65)
	at com.kms.katalon.core.webservice.keyword.WSBuiltInKeywords$sendRequestAndVerify.call(Unknown Source)
	at Test_Beams_by_Zip_to_Excel.run(Test_Beams_by_Zip_to_Excel:68)
	at com.kms.katalon.core.main.ScriptEngine.run(ScriptEngine.java:194)
	at com.kms.katalon.core.main.ScriptEngine.runScriptAsRawText(ScriptEngine.java:119)
	at com.kms.katalon.core.main.TestCaseExecutor.runScript(TestCaseExecutor.java:337)
	at com.kms.katalon.core.main.TestCaseExecutor.doExecute(TestCaseExecutor.java:328)
	at com.kms.katalon.core.main.TestCaseExecutor.processExecutionPhase(TestCaseExecutor.java:307)
	at com.kms.katalon.core.main.TestCaseExecutor.accessMainPhase(TestCaseExecutor.java:299)
	at com.kms.katalon.core.main.TestCaseExecutor.execute(TestCaseExecutor.java:233)
	at com.kms.katalon.core.main.TestSuiteExecutor.accessTestCaseMainPhase(TestSuiteExecutor.java:169)
	at com.kms.katalon.core.main.TestSuiteExecutor.accessTestSuiteMainPhase(TestSuiteExecutor.java:142)
	at com.kms.katalon.core.main.TestSuiteExecutor.execute(TestSuiteExecutor.java:91)
	at com.kms.katalon.core.main.TestCaseMain.startTestSuite(TestCaseMain.java:157)
	at com.kms.katalon.core.main.TestCaseMain$startTestSuite$0.call(Unknown Source)
	at TempTestSuite1581113075265.run(TempTestSuite1581113075265.groovy:36)
"/>
         <system-out><![CDATA[2020-02-07 15:07:21 - [TEST_CASE][FAILED] - Test Cases/Test_Beams_by_Zip_to_Excel: Test Cases/Test_Beams_by_Zip_to_Excel FAILED.
Reason:
com.kms.katalon.core.exception.StepFailedException: Expected element property value '504' is not equal with actual property value '329'
	at com.kms.katalon.core.keyword.internal.KeywordMain.stepFailed(KeywordMain.groovy:39)
	at com.kms.katalon.core.webservice.keyword.builtin.VerifyElementPropertyValueKeyword$_verifyElementPropertyValue_closure1.doCall(VerifyElementPropertyValueKeyword.groovy:56)
	at com.kms.katalon.core.webservice.keyword.builtin.VerifyElementPropertyValueKeyword$_verifyElementPropertyValue_closure1.call(VerifyElementPropertyValueKeyword.groovy)
	at com.kms.katalon.core.keyword.internal.KeywordMain.runKeyword(KeywordMain.groovy:68)
	at com.kms.katalon.core.webservice.keyword.builtin.VerifyElementPropertyValueKeyword.verifyElementPropertyValue(VerifyElementPropertyValueKeyword.groovy:48)
	at com.kms.katalon.core.webservice.keyword.builtin.VerifyElementPropertyValueKeyword.execute(VerifyElementPropertyValueKeyword.groovy:43)
	at com.kms.katalon.core.keyword.internal.KeywordExecutor.executeKeywordForPlatform(KeywordExecutor.groovy:72)
	at com.kms.katalon.core.webservice.keyword.WSBuiltInKeywords.verifyElementPropertyValue(WSBuiltInKeywords.groovy:189)
	at com.kms.katalon.core.webservice.keyword.WSBuiltInKeywords$verifyElementPropertyValue$0.call(Unknown Source)
	at WSVerification1581113243742.run(WSVerification1581113243742:16)
	at com.kms.katalon.core.main.ScriptEngine.run(ScriptEngine.java:194)
	at com.kms.katalon.core.main.ScriptEngine.runScriptAsRawText(ScriptEngine.java:119)
	at com.kms.katalon.core.main.WSVerificationExecutor.runScript(WSVerificationExecutor.java:146)
	at com.kms.katalon.core.main.WSVerificationExecutor.doExecute(WSVerificationExecutor.java:140)
	at com.kms.katalon.core.main.WSVerificationExecutor.processExecutionPhase(WSVerificationExecutor.java:123)
	at com.kms.katalon.core.main.WSVerificationExecutor.accessMainPhase(WSVerificationExecutor.java:115)
	at com.kms.katalon.core.main.WSVerificationExecutor.execute(WSVerificationExecutor.java:103)
	at com.kms.katalon.core.main.TestCaseMain.runWSVerificationScript(TestCaseMain.java:127)
	at com.kms.katalon.core.webservice.keyword.builtin.SendRequestAndVerifyKeyword$_sendRequestAndVerify_closure1.doCall(SendRequestAndVerifyKeyword.groovy:55)
	at com.kms.katalon.core.webservice.keyword.builtin.SendRequestAndVerifyKeyword$_sendRequestAndVerify_closure1.call(SendRequestAndVerifyKeyword.groovy)
	at com.kms.katalon.core.keyword.internal.KeywordMain.runKeyword(KeywordMain.groovy:68)
	at com.kms.katalon.core.webservice.keyword.builtin.SendRequestAndVerifyKeyword.sendRequestAndVerify(SendRequestAndVerifyKeyword.groovy:43)
	at com.kms.katalon.core.webservice.keyword.builtin.SendRequestAndVerifyKeyword.execute(SendRequestAndVerifyKeyword.groovy:38)
	at com.kms.katalon.core.keyword.internal.KeywordExecutor.executeKeywordForPlatform(KeywordExecutor.groovy:72)
	at com.kms.katalon.core.webservice.keyword.WSBuiltInKeywords.sendRequestAndVerify(WSBuiltInKeywords.groovy:65)
	at com.kms.katalon.core.webservice.keyword.WSBuiltInKeywords$sendRequestAndVerify.call(Unknown Source)
	at Test_Beams_by_Zip_to_Excel.run(Test_Beams_by_Zip_to_Excel:68)
	at com.kms.katalon.core.main.ScriptEngine.run(ScriptEngine.java:194)
	at com.kms.katalon.core.main.ScriptEngine.runScriptAsRawText(ScriptEngine.java:119)
	at com.kms.katalon.core.main.TestCaseExecutor.runScript(TestCaseExecutor.java:337)
	at com.kms.katalon.core.main.TestCaseExecutor.doExecute(TestCaseExecutor.java:328)
	at com.kms.katalon.core.main.TestCaseExecutor.processExecutionPhase(TestCaseExecutor.java:307)
	at com.kms.katalon.core.main.TestCaseExecutor.accessMainPhase(TestCaseExecutor.java:299)
	at com.kms.katalon.core.main.TestCaseExecutor.execute(TestCaseExecutor.java:233)
	at com.kms.katalon.core.main.TestSuiteExecutor.accessTestCaseMainPhase(TestSuiteExecutor.java:169)
	at com.kms.katalon.core.main.TestSuiteExecutor.accessTestSuiteMainPhase(TestSuiteExecutor.java:142)
	at com.kms.katalon.core.main.TestSuiteExecutor.execute(TestSuiteExecutor.java:91)
	at com.kms.katalon.core.main.TestCaseMain.startTestSuite(TestCaseMain.java:157)
	at com.kms.katalon.core.main.TestCaseMain$startTestSuite$0.call(Unknown Source)
	at TempTestSuite1581113075265.run(TempTestSuite1581113075265.groovy:36)


2020-02-07 15:07:21 - [TEST_STEP][PASSED] - excelFile01 = "beams-test-results.xlsx": null

2020-02-07 15:07:21 - [TEST_STEP][PASSED] - ExpectedListSheetFile1 = ["Sheet1"]: null

2020-02-07 15:07:21 - [TEST_STEP][PASSED] - workbookFile01 = getWorkbook(excelFile01): null

2020-02-07 15:07:21 - [TEST_STEP][PASSED] - workbook01 = getWorkbook(excelFile01): null

2020-02-07 15:07:21 - [TEST_STEP][PASSED] - sheet01 = getExcelSheet(workbook01, "Sheet1"): null

2020-02-07 15:07:21 - [TEST_STEP][PASSED] - setValueToCellByAddress(sheet01, "A1", "TEST"): null

2020-02-07 15:07:21 - [TEST_STEP][PASSED] - setValueToCellByAddress(sheet01, "B1", "BEAM"): null

2020-02-07 15:07:21 - [TEST_STEP][PASSED] - setValueToCellByAddress(sheet01, "C1", "UFF"): null

2020-02-07 15:07:21 - [TEST_STEP][PASSED] - setValueToCellByAddress(sheet01, "D1", "PLAN"): null

2020-02-07 15:07:21 - [TEST_STEP][PASSED] - setValueToCellByAddress(sheet01, "E1", "API PLAN"): null

2020-02-07 15:07:21 - [TEST_STEP][PASSED] - mybeam = mybeam: null

2020-02-07 15:07:21 - [TEST_STEP][PASSED] - myuff = myuff: null

2020-02-07 15:07:21 - [TEST_STEP][PASSED] - myplan = myplan: null

2020-02-07 15:07:21 - [TEST_STEP][PASSED] - log = new com.kms.katalon.core.logging.KeywordLogger(): null

2020-02-07 15:07:21 - [TEST_STEP][PASSED] - log.logWarning("beam " + mybeam + " zip " + myzip + " upfront fees " + myuff + " plan " + myplan): beam 504 zip 27855 upfront fees 150 plan VS2 High Fill

2020-02-07 15:07:21 - [MESSAGE][WARNING] - beam 504 zip 27855 upfront fees 150 plan VS2 High Fill

2020-02-07 15:07:21 - [TEST_STEP][PASSED] - setValueToCellByAddress(sheet01, "B" + mycount, beamFail): null

2020-02-07 15:07:21 - [TEST_STEP][PASSED] - setValueToCellByAddress(sheet01, "C" + mycount, uffFail): null

2020-02-07 15:07:21 - [TEST_STEP][PASSED] - mycount = mycount + 1: null

2020-02-07 15:07:21 - [TEST_STEP][PASSED] - setValueToCellByAddress(sheet01, "A" + mycount, "beam " + mybeam + " zip " + myzip + " upfront fees " + myuff + " plan " + myplan): null

2020-02-07 15:07:21 - [TEST_STEP][PASSED] - setValueToCellByAddress(sheet01, "D" + mycount, myplan): null

2020-02-07 15:07:21 - [TEST_STEP][FAILED] - sendRequestAndVerify(findTestObject("Exede_Zip", ["myzip":myzip])): Unable to send request and verify the response (Root cause: com.kms.katalon.core.exception.StepFailedException: Verification failed
	at com.kms.katalon.core.webservice.keyword.builtin.SendRequestAndVerifyKeyword$_sendRequestAndVerify_closure1.doCall(SendRequestAndVerifyKeyword.groovy:59)
	at com.kms.katalon.core.webservice.keyword.builtin.SendRequestAndVerifyKeyword$_sendRequestAndVerify_closure1.call(SendRequestAndVerifyKeyword.groovy)
	at com.kms.katalon.core.keyword.internal.KeywordMain.runKeyword(KeywordMain.groovy:68)
	at com.kms.katalon.core.webservice.keyword.builtin.SendRequestAndVerifyKeyword.sendRequestAndVerify(SendRequestAndVerifyKeyword.groovy:43)
	at com.kms.katalon.core.webservice.keyword.builtin.SendRequestAndVerifyKeyword.execute(SendRequestAndVerifyKeyword.groovy:38)
	at com.kms.katalon.core.keyword.internal.KeywordExecutor.executeKeywordForPlatform(KeywordExecutor.groovy:72)
	at com.kms.katalon.core.webservice.keyword.WSBuiltInKeywords.sendRequestAndVerify(WSBuiltInKeywords.groovy:65)
	at com.kms.katalon.core.webservice.keyword.WSBuiltInKeywords$sendRequestAndVerify.call(Unknown Source)
	at Test_Beams_by_Zip_to_Excel.run(Test_Beams_by_Zip_to_Excel:68)
	at com.kms.katalon.core.main.ScriptEngine.run(ScriptEngine.java:194)
	at com.kms.katalon.core.main.ScriptEngine.runScriptAsRawText(ScriptEngine.java:119)
	at com.kms.katalon.core.main.TestCaseExecutor.runScript(TestCaseExecutor.java:337)
	at com.kms.katalon.core.main.TestCaseExecutor.doExecute(TestCaseExecutor.java:328)
	at com.kms.katalon.core.main.TestCaseExecutor.processExecutionPhase(TestCaseExecutor.java:307)
	at com.kms.katalon.core.main.TestCaseExecutor.accessMainPhase(TestCaseExecutor.java:299)
	at com.kms.katalon.core.main.TestCaseExecutor.execute(TestCaseExecutor.java:233)
	at com.kms.katalon.core.main.TestSuiteExecutor.accessTestCaseMainPhase(TestSuiteExecutor.java:169)
	at com.kms.katalon.core.main.TestSuiteExecutor.accessTestSuiteMainPhase(TestSuiteExecutor.java:142)
	at com.kms.katalon.core.main.TestSuiteExecutor.execute(TestSuiteExecutor.java:91)
	at com.kms.katalon.core.main.TestCaseMain.startTestSuite(TestCaseMain.java:157)
	at com.kms.katalon.core.main.TestCaseMain$startTestSuite$0.call(Unknown Source)
	at TempTestSuite1581113075265.run(TempTestSuite1581113075265.groovy:36)
)

2020-02-07 15:07:23 - [MESSAGE][INFO] - HAR: /Users/jhampleman/Katalon Studio/Exede_Beam_Tests_v2.1 copy/Reports/20200207_150435/RUN_Exede_Zip_Test/20200207_150435/requests/main/77.har

2020-02-07 15:07:23 - [TEST_CASE][FAILED] - Start Test Case : Verification: Verification FAILED.
Reason:
com.kms.katalon.core.exception.StepFailedException: Expected element property value '504' is not equal with actual property value '329'
	at com.kms.katalon.core.keyword.internal.KeywordMain.stepFailed(KeywordMain.groovy:39)
	at com.kms.katalon.core.webservice.keyword.builtin.VerifyElementPropertyValueKeyword$_verifyElementPropertyValue_closure1.doCall(VerifyElementPropertyValueKeyword.groovy:56)
	at com.kms.katalon.core.webservice.keyword.builtin.VerifyElementPropertyValueKeyword$_verifyElementPropertyValue_closure1.call(VerifyElementPropertyValueKeyword.groovy)
	at com.kms.katalon.core.keyword.internal.KeywordMain.runKeyword(KeywordMain.groovy:68)
	at com.kms.katalon.core.webservice.keyword.builtin.VerifyElementPropertyValueKeyword.verifyElementPropertyValue(VerifyElementPropertyValueKeyword.groovy:48)
	at com.kms.katalon.core.webservice.keyword.builtin.VerifyElementPropertyValueKeyword.execute(VerifyElementPropertyValueKeyword.groovy:43)
	at com.kms.katalon.core.keyword.internal.KeywordExecutor.executeKeywordForPlatform(KeywordExecutor.groovy:72)
	at com.kms.katalon.core.webservice.keyword.WSBuiltInKeywords.verifyElementPropertyValue(WSBuiltInKeywords.groovy:189)
	at com.kms.katalon.core.webservice.keyword.WSBuiltInKeywords$verifyElementPropertyValue$0.call(Unknown Source)
	at WSVerification1581113243742.run(WSVerification1581113243742:16)
	at com.kms.katalon.core.main.ScriptEngine.run(ScriptEngine.java:194)
	at com.kms.katalon.core.main.ScriptEngine.runScriptAsRawText(ScriptEngine.java:119)
	at com.kms.katalon.core.main.WSVerificationExecutor.runScript(WSVerificationExecutor.java:146)
	at com.kms.katalon.core.main.WSVerificationExecutor.doExecute(WSVerificationExecutor.java:140)
	at com.kms.katalon.core.main.WSVerificationExecutor.processExecutionPhase(WSVerificationExecutor.java:123)
	at com.kms.katalon.core.main.WSVerificationExecutor.accessMainPhase(WSVerificationExecutor.java:115)
	at com.kms.katalon.core.main.WSVerificationExecutor.execute(WSVerificationExecutor.java:103)
	at com.kms.katalon.core.main.TestCaseMain.runWSVerificationScript(TestCaseMain.java:127)
	at com.kms.katalon.core.webservice.keyword.builtin.SendRequestAndVerifyKeyword$_sendRequestAndVerify_closure1.doCall(SendRequestAndVerifyKeyword.groovy:55)
	at com.kms.katalon.core.webservice.keyword.builtin.SendRequestAndVerifyKeyword$_sendRequestAndVerify_closure1.call(SendRequestAndVerifyKeyword.groovy)
	at com.kms.katalon.core.keyword.internal.KeywordMain.runKeyword(KeywordMain.groovy:68)
	at com.kms.katalon.core.webservice.keyword.builtin.SendRequestAndVerifyKeyword.sendRequestAndVerify(SendRequestAndVerifyKeyword.groovy:43)
	at com.kms.katalon.core.webservice.keyword.builtin.SendRequestAndVerifyKeyword.execute(SendRequestAndVerifyKeyword.groovy:38)
	at com.kms.katalon.core.keyword.internal.KeywordExecutor.executeKeywordForPlatform(KeywordExecutor.groovy:72)
	at com.kms.katalon.core.webservice.keyword.WSBuiltInKeywords.sendRequestAndVerify(WSBuiltInKeywords.groovy:65)
	at com.kms.katalon.core.webservice.keyword.WSBuiltInKeywords$sendRequestAndVerify.call(Unknown Source)
	at Test_Beams_by_Zip_to_Excel.run(Test_Beams_by_Zip_to_Excel:68)
	at com.kms.katalon.core.main.ScriptEngine.run(ScriptEngine.java:194)
	at com.kms.katalon.core.main.ScriptEngine.runScriptAsRawText(ScriptEngine.java:119)
	at com.kms.katalon.core.main.TestCaseExecutor.runScript(TestCaseExecutor.java:337)
	at com.kms.katalon.core.main.TestCaseExecutor.doExecute(TestCaseExecutor.java:328)
	at com.kms.katalon.core.main.TestCaseExecutor.processExecutionPhase(TestCaseExecutor.java:307)
	at com.kms.katalon.core.main.TestCaseExecutor.accessMainPhase(TestCaseExecutor.java:299)
	at com.kms.katalon.core.main.TestCaseExecutor.execute(TestCaseExecutor.java:233)
	at com.kms.katalon.core.main.TestSuiteExecutor.accessTestCaseMainPhase(TestSuiteExecutor.java:169)
	at com.kms.katalon.core.main.TestSuiteExecutor.accessTestSuiteMainPhase(TestSuiteExecutor.java:142)
	at com.kms.katalon.core.main.TestSuiteExecutor.execute(TestSuiteExecutor.java:91)
	at com.kms.katalon.core.main.TestCaseMain.startTestSuite(TestCaseMain.java:157)
	at com.kms.katalon.core.main.TestCaseMain$startTestSuite$0.call(Unknown Source)
	at TempTestSuite1581113075265.run(TempTestSuite1581113075265.groovy:36)


2020-02-07 15:07:23 - [TEST_STEP][PASSED] - request = getInstance().getCurrentRequest(): null

2020-02-07 15:07:23 - [TEST_STEP][PASSED] - response = getInstance().getCurrentResponse(): null

2020-02-07 15:07:23 - [TEST_STEP][FAILED] - if (!(verifyElementPropertyValue(response, "data.beam", mybeam))): null

2020-02-07 15:07:23 - [MESSAGE][FAILED] - Expected element property value '504' is not equal with actual property value '329'

2020-02-07 15:07:23 - [TEST_STEP][PASSED] - beamFail = "F": null

2020-02-07 15:07:23 - [TEST_STEP][PASSED] - if (!(verifyElementPropertyValue(response, "data.product.down", myuff))): Verify element property value successfully

2020-02-07 15:07:23 - [MESSAGE][PASSED] - Verify element property value successfully

2020-02-07 15:07:23 - [TEST_STEP][PASSED] - else: null

2020-02-07 15:07:23 - [TEST_STEP][PASSED] - uffFail = "P": null

2020-02-07 15:07:23 - [TEST_STEP][PASSED] - jsonSlurper = new groovy.json.JsonSlurper(): null

2020-02-07 15:07:23 - [TEST_STEP][PASSED] - object = jsonSlurper.parseText(response.getResponseText()): null

2020-02-07 15:07:23 - [TEST_STEP][PASSED] - println(object): null

2020-02-07 15:07:23 - [TEST_STEP][PASSED] - mytest = plans: null

2020-02-07 15:07:23 - [TEST_STEP][PASSED] - variable = mytest: null

2020-02-07 15:07:23 - [MESSAGE][FAILED] - Unable to send request and verify the response (Root cause: com.kms.katalon.core.exception.StepFailedException: Verification failed
	at com.kms.katalon.core.webservice.keyword.builtin.SendRequestAndVerifyKeyword$_sendRequestAndVerify_closure1.doCall(SendRequestAndVerifyKeyword.groovy:59)
	at com.kms.katalon.core.webservice.keyword.builtin.SendRequestAndVerifyKeyword$_sendRequestAndVerify_closure1.call(SendRequestAndVerifyKeyword.groovy)
	at com.kms.katalon.core.keyword.internal.KeywordMain.runKeyword(KeywordMain.groovy:68)
	at com.kms.katalon.core.webservice.keyword.builtin.SendRequestAndVerifyKeyword.sendRequestAndVerify(SendRequestAndVerifyKeyword.groovy:43)
	at com.kms.katalon.core.webservice.keyword.builtin.SendRequestAndVerifyKeyword.execute(SendRequestAndVerifyKeyword.groovy:38)
	at com.kms.katalon.core.keyword.internal.KeywordExecutor.executeKeywordForPlatform(KeywordExecutor.groovy:72)
	at com.kms.katalon.core.webservice.keyword.WSBuiltInKeywords.sendRequestAndVerify(WSBuiltInKeywords.groovy:65)
	at com.kms.katalon.core.webservice.keyword.WSBuiltInKeywords$sendRequestAndVerify.call(Unknown Source)
	at Test_Beams_by_Zip_to_Excel.run(Test_Beams_by_Zip_to_Excel:68)
	at com.kms.katalon.core.main.ScriptEngine.run(ScriptEngine.java:194)
	at com.kms.katalon.core.main.ScriptEngine.runScriptAsRawText(ScriptEngine.java:119)
	at com.kms.katalon.core.main.TestCaseExecutor.runScript(TestCaseExecutor.java:337)
	at com.kms.katalon.core.main.TestCaseExecutor.doExecute(TestCaseExecutor.java:328)
	at com.kms.katalon.core.main.TestCaseExecutor.processExecutionPhase(TestCaseExecutor.java:307)
	at com.kms.katalon.core.main.TestCaseExecutor.accessMainPhase(TestCaseExecutor.java:299)
	at com.kms.katalon.core.main.TestCaseExecutor.execute(TestCaseExecutor.java:233)
	at com.kms.katalon.core.main.TestSuiteExecutor.accessTestCaseMainPhase(TestSuiteExecutor.java:169)
	at com.kms.katalon.core.main.TestSuiteExecutor.accessTestSuiteMainPhase(TestSuiteExecutor.java:142)
	at com.kms.katalon.core.main.TestSuiteExecutor.execute(TestSuiteExecutor.java:91)
	at com.kms.katalon.core.main.TestCaseMain.startTestSuite(TestCaseMain.java:157)
	at com.kms.katalon.core.main.TestCaseMain$startTestSuite$0.call(Unknown Source)
	at TempTestSuite1581113075265.run(TempTestSuite1581113075265.groovy:36)
)

2020-02-07 15:07:23 - [TEST_STEP][PASSED] - setValueToCellByAddress(sheet01, "E" + mycount, variable): null

2020-02-07 15:07:23 - [TEST_STEP][PASSED] - saveWorkbook(excelFile01, workbook01): null]]></system-out>
         <system-err><![CDATA[2020-02-07 15:07:21 - [TEST_CASE][FAILED] - Test Cases/Test_Beams_by_Zip_to_Excel: Test Cases/Test_Beams_by_Zip_to_Excel FAILED.
Reason:
com.kms.katalon.core.exception.StepFailedException: Expected element property value '504' is not equal with actual property value '329'
	at com.kms.katalon.core.keyword.internal.KeywordMain.stepFailed(KeywordMain.groovy:39)
	at com.kms.katalon.core.webservice.keyword.builtin.VerifyElementPropertyValueKeyword$_verifyElementPropertyValue_closure1.doCall(VerifyElementPropertyValueKeyword.groovy:56)
	at com.kms.katalon.core.webservice.keyword.builtin.VerifyElementPropertyValueKeyword$_verifyElementPropertyValue_closure1.call(VerifyElementPropertyValueKeyword.groovy)
	at com.kms.katalon.core.keyword.internal.KeywordMain.runKeyword(KeywordMain.groovy:68)
	at com.kms.katalon.core.webservice.keyword.builtin.VerifyElementPropertyValueKeyword.verifyElementPropertyValue(VerifyElementPropertyValueKeyword.groovy:48)
	at com.kms.katalon.core.webservice.keyword.builtin.VerifyElementPropertyValueKeyword.execute(VerifyElementPropertyValueKeyword.groovy:43)
	at com.kms.katalon.core.keyword.internal.KeywordExecutor.executeKeywordForPlatform(KeywordExecutor.groovy:72)
	at com.kms.katalon.core.webservice.keyword.WSBuiltInKeywords.verifyElementPropertyValue(WSBuiltInKeywords.groovy:189)
	at com.kms.katalon.core.webservice.keyword.WSBuiltInKeywords$verifyElementPropertyValue$0.call(Unknown Source)
	at WSVerification1581113243742.run(WSVerification1581113243742:16)
	at com.kms.katalon.core.main.ScriptEngine.run(ScriptEngine.java:194)
	at com.kms.katalon.core.main.ScriptEngine.runScriptAsRawText(ScriptEngine.java:119)
	at com.kms.katalon.core.main.WSVerificationExecutor.runScript(WSVerificationExecutor.java:146)
	at com.kms.katalon.core.main.WSVerificationExecutor.doExecute(WSVerificationExecutor.java:140)
	at com.kms.katalon.core.main.WSVerificationExecutor.processExecutionPhase(WSVerificationExecutor.java:123)
	at com.kms.katalon.core.main.WSVerificationExecutor.accessMainPhase(WSVerificationExecutor.java:115)
	at com.kms.katalon.core.main.WSVerificationExecutor.execute(WSVerificationExecutor.java:103)
	at com.kms.katalon.core.main.TestCaseMain.runWSVerificationScript(TestCaseMain.java:127)
	at com.kms.katalon.core.webservice.keyword.builtin.SendRequestAndVerifyKeyword$_sendRequestAndVerify_closure1.doCall(SendRequestAndVerifyKeyword.groovy:55)
	at com.kms.katalon.core.webservice.keyword.builtin.SendRequestAndVerifyKeyword$_sendRequestAndVerify_closure1.call(SendRequestAndVerifyKeyword.groovy)
	at com.kms.katalon.core.keyword.internal.KeywordMain.runKeyword(KeywordMain.groovy:68)
	at com.kms.katalon.core.webservice.keyword.builtin.SendRequestAndVerifyKeyword.sendRequestAndVerify(SendRequestAndVerifyKeyword.groovy:43)
	at com.kms.katalon.core.webservice.keyword.builtin.SendRequestAndVerifyKeyword.execute(SendRequestAndVerifyKeyword.groovy:38)
	at com.kms.katalon.core.keyword.internal.KeywordExecutor.executeKeywordForPlatform(KeywordExecutor.groovy:72)
	at com.kms.katalon.core.webservice.keyword.WSBuiltInKeywords.sendRequestAndVerify(WSBuiltInKeywords.groovy:65)
	at com.kms.katalon.core.webservice.keyword.WSBuiltInKeywords$sendRequestAndVerify.call(Unknown Source)
	at Test_Beams_by_Zip_to_Excel.run(Test_Beams_by_Zip_to_Excel:68)
	at com.kms.katalon.core.main.ScriptEngine.run(ScriptEngine.java:194)
	at com.kms.katalon.core.main.ScriptEngine.runScriptAsRawText(ScriptEngine.java:119)
	at com.kms.katalon.core.main.TestCaseExecutor.runScript(TestCaseExecutor.java:337)
	at com.kms.katalon.core.main.TestCaseExecutor.doExecute(TestCaseExecutor.java:328)
	at com.kms.katalon.core.main.TestCaseExecutor.processExecutionPhase(TestCaseExecutor.java:307)
	at com.kms.katalon.core.main.TestCaseExecutor.accessMainPhase(TestCaseExecutor.java:299)
	at com.kms.katalon.core.main.TestCaseExecutor.execute(TestCaseExecutor.java:233)
	at com.kms.katalon.core.main.TestSuiteExecutor.accessTestCaseMainPhase(TestSuiteExecutor.java:169)
	at com.kms.katalon.core.main.TestSuiteExecutor.accessTestSuiteMainPhase(TestSuiteExecutor.java:142)
	at com.kms.katalon.core.main.TestSuiteExecutor.execute(TestSuiteExecutor.java:91)
	at com.kms.katalon.core.main.TestCaseMain.startTestSuite(TestCaseMain.java:157)
	at com.kms.katalon.core.main.TestCaseMain$startTestSuite$0.call(Unknown Source)
	at TempTestSuite1581113075265.run(TempTestSuite1581113075265.groovy:36)]]></system-err>
      </testcase>
      <testcase name="Test Cases/Test_Beams_by_Zip_to_Excel" time="2.018" classname="Test Cases/Test_Beams_by_Zip_to_Excel" status="PASSED">
         <system-out><![CDATA[2020-02-07 15:07:23 - [TEST_CASE][PASSED] - Test Cases/Test_Beams_by_Zip_to_Excel: Test Cases/Test_Beams_by_Zip_to_Excel

2020-02-07 15:07:23 - [TEST_STEP][PASSED] - excelFile01 = "beams-test-results.xlsx": null

2020-02-07 15:07:23 - [TEST_STEP][PASSED] - ExpectedListSheetFile1 = ["Sheet1"]: null

2020-02-07 15:07:23 - [TEST_STEP][PASSED] - workbookFile01 = getWorkbook(excelFile01): null

2020-02-07 15:07:23 - [TEST_STEP][PASSED] - workbook01 = getWorkbook(excelFile01): null

2020-02-07 15:07:23 - [TEST_STEP][PASSED] - sheet01 = getExcelSheet(workbook01, "Sheet1"): null

2020-02-07 15:07:23 - [TEST_STEP][PASSED] - setValueToCellByAddress(sheet01, "A1", "TEST"): null

2020-02-07 15:07:23 - [TEST_STEP][PASSED] - setValueToCellByAddress(sheet01, "B1", "BEAM"): null

2020-02-07 15:07:23 - [TEST_STEP][PASSED] - setValueToCellByAddress(sheet01, "C1", "UFF"): null

2020-02-07 15:07:23 - [TEST_STEP][PASSED] - setValueToCellByAddress(sheet01, "D1", "PLAN"): null

2020-02-07 15:07:23 - [TEST_STEP][PASSED] - setValueToCellByAddress(sheet01, "E1", "API PLAN"): null

2020-02-07 15:07:23 - [TEST_STEP][PASSED] - mybeam = mybeam: null

2020-02-07 15:07:23 - [TEST_STEP][PASSED] - myuff = myuff: null

2020-02-07 15:07:23 - [TEST_STEP][PASSED] - myplan = myplan: null

2020-02-07 15:07:23 - [TEST_STEP][PASSED] - log = new com.kms.katalon.core.logging.KeywordLogger(): null

2020-02-07 15:07:23 - [TEST_STEP][PASSED] - log.logWarning("beam " + mybeam + " zip " + myzip + " upfront fees " + myuff + " plan " + myplan): beam 329 zip 27855 upfront fees 150 plan Liberty 12/25/50/Unlimited

2020-02-07 15:07:23 - [MESSAGE][WARNING] - beam 329 zip 27855 upfront fees 150 plan Liberty 12/25/50/Unlimited

2020-02-07 15:07:23 - [TEST_STEP][PASSED] - setValueToCellByAddress(sheet01, "B" + mycount, beamFail): null

2020-02-07 15:07:23 - [TEST_STEP][PASSED] - setValueToCellByAddress(sheet01, "C" + mycount, uffFail): null

2020-02-07 15:07:23 - [TEST_STEP][PASSED] - mycount = mycount + 1: null

2020-02-07 15:07:23 - [TEST_STEP][PASSED] - setValueToCellByAddress(sheet01, "A" + mycount, "beam " + mybeam + " zip " + myzip + " upfront fees " + myuff + " plan " + myplan): null

2020-02-07 15:07:23 - [TEST_STEP][PASSED] - setValueToCellByAddress(sheet01, "D" + mycount, myplan): null

2020-02-07 15:07:23 - [TEST_STEP][PASSED] - sendRequestAndVerify(findTestObject("Exede_Zip", ["myzip":myzip])): Send request and verify the response successfully

2020-02-07 15:07:25 - [MESSAGE][INFO] - HAR: /Users/jhampleman/Katalon Studio/Exede_Beam_Tests_v2.1 copy/Reports/20200207_150435/RUN_Exede_Zip_Test/20200207_150435/requests/main/78.har

2020-02-07 15:07:25 - [TEST_CASE][PASSED] - Start Test Case : Verification: Verification accomplished successfully

2020-02-07 15:07:25 - [TEST_STEP][PASSED] - request = getInstance().getCurrentRequest(): null

2020-02-07 15:07:25 - [TEST_STEP][PASSED] - response = getInstance().getCurrentResponse(): null

2020-02-07 15:07:25 - [TEST_STEP][PASSED] - if (!(verifyElementPropertyValue(response, "data.beam", mybeam))): Verify element property value successfully

2020-02-07 15:07:25 - [MESSAGE][PASSED] - Verify element property value successfully

2020-02-07 15:07:25 - [TEST_STEP][PASSED] - else: null

2020-02-07 15:07:25 - [TEST_STEP][PASSED] - beamFail = "P": null

2020-02-07 15:07:25 - [TEST_STEP][PASSED] - if (!(verifyElementPropertyValue(response, "data.product.down", myuff))): Verify element property value successfully

2020-02-07 15:07:25 - [MESSAGE][PASSED] - Verify element property value successfully

2020-02-07 15:07:25 - [TEST_STEP][PASSED] - else: null

2020-02-07 15:07:25 - [TEST_STEP][PASSED] - uffFail = "P": null

2020-02-07 15:07:25 - [TEST_STEP][PASSED] - jsonSlurper = new groovy.json.JsonSlurper(): null

2020-02-07 15:07:25 - [TEST_STEP][PASSED] - object = jsonSlurper.parseText(response.getResponseText()): null

2020-02-07 15:07:25 - [TEST_STEP][PASSED] - println(object): null

2020-02-07 15:07:25 - [TEST_STEP][PASSED] - mytest = plans: null

2020-02-07 15:07:25 - [TEST_STEP][PASSED] - variable = mytest: null

2020-02-07 15:07:25 - [MESSAGE][PASSED] - Verify response successfully

2020-02-07 15:07:25 - [MESSAGE][PASSED] - Send request and verify the response successfully

2020-02-07 15:07:25 - [TEST_STEP][PASSED] - setValueToCellByAddress(sheet01, "E" + mycount, variable): null

2020-02-07 15:07:25 - [TEST_STEP][PASSED] - saveWorkbook(excelFile01, workbook01): null]]></system-out>
         <system-err><![CDATA[]]></system-err>
      </testcase>
      <testcase name="Test Cases/Test_Beams_by_Zip_to_Excel" time="1.836" classname="Test Cases/Test_Beams_by_Zip_to_Excel" status="PASSED">
         <system-out><![CDATA[2020-02-07 15:07:25 - [TEST_CASE][PASSED] - Test Cases/Test_Beams_by_Zip_to_Excel: Test Cases/Test_Beams_by_Zip_to_Excel

2020-02-07 15:07:25 - [TEST_STEP][PASSED] - excelFile01 = "beams-test-results.xlsx": null

2020-02-07 15:07:25 - [TEST_STEP][PASSED] - ExpectedListSheetFile1 = ["Sheet1"]: null

2020-02-07 15:07:25 - [TEST_STEP][PASSED] - workbookFile01 = getWorkbook(excelFile01): null

2020-02-07 15:07:25 - [TEST_STEP][PASSED] - workbook01 = getWorkbook(excelFile01): null

2020-02-07 15:07:25 - [TEST_STEP][PASSED] - sheet01 = getExcelSheet(workbook01, "Sheet1"): null

2020-02-07 15:07:25 - [TEST_STEP][PASSED] - setValueToCellByAddress(sheet01, "A1", "TEST"): null

2020-02-07 15:07:25 - [TEST_STEP][PASSED] - setValueToCellByAddress(sheet01, "B1", "BEAM"): null

2020-02-07 15:07:25 - [TEST_STEP][PASSED] - setValueToCellByAddress(sheet01, "C1", "UFF"): null

2020-02-07 15:07:25 - [TEST_STEP][PASSED] - setValueToCellByAddress(sheet01, "D1", "PLAN"): null

2020-02-07 15:07:25 - [TEST_STEP][PASSED] - setValueToCellByAddress(sheet01, "E1", "API PLAN"): null

2020-02-07 15:07:25 - [TEST_STEP][PASSED] - mybeam = mybeam: null

2020-02-07 15:07:25 - [TEST_STEP][PASSED] - myuff = myuff: null

2020-02-07 15:07:25 - [TEST_STEP][PASSED] - myplan = myplan: null

2020-02-07 15:07:25 - [TEST_STEP][PASSED] - log = new com.kms.katalon.core.logging.KeywordLogger(): null

2020-02-07 15:07:25 - [TEST_STEP][PASSED] - log.logWarning("beam " + mybeam + " zip " + myzip + " upfront fees " + myuff + " plan " + myplan): beam 508 zip 93527 upfront fees 0 plan VS2 High Fill

2020-02-07 15:07:25 - [MESSAGE][WARNING] - beam 508 zip 93527 upfront fees 0 plan VS2 High Fill

2020-02-07 15:07:25 - [TEST_STEP][PASSED] - setValueToCellByAddress(sheet01, "B" + mycount, beamFail): null

2020-02-07 15:07:25 - [TEST_STEP][PASSED] - setValueToCellByAddress(sheet01, "C" + mycount, uffFail): null

2020-02-07 15:07:25 - [TEST_STEP][PASSED] - mycount = mycount + 1: null

2020-02-07 15:07:25 - [TEST_STEP][PASSED] - setValueToCellByAddress(sheet01, "A" + mycount, "beam " + mybeam + " zip " + myzip + " upfront fees " + myuff + " plan " + myplan): null

2020-02-07 15:07:25 - [TEST_STEP][PASSED] - setValueToCellByAddress(sheet01, "D" + mycount, myplan): null

2020-02-07 15:07:25 - [TEST_STEP][PASSED] - sendRequestAndVerify(findTestObject("Exede_Zip", ["myzip":myzip])): Send request and verify the response successfully

2020-02-07 15:07:27 - [MESSAGE][INFO] - HAR: /Users/jhampleman/Katalon Studio/Exede_Beam_Tests_v2.1 copy/Reports/20200207_150435/RUN_Exede_Zip_Test/20200207_150435/requests/main/79.har

2020-02-07 15:07:27 - [TEST_CASE][PASSED] - Start Test Case : Verification: Verification accomplished successfully

2020-02-07 15:07:27 - [TEST_STEP][PASSED] - request = getInstance().getCurrentRequest(): null

2020-02-07 15:07:27 - [TEST_STEP][PASSED] - response = getInstance().getCurrentResponse(): null

2020-02-07 15:07:27 - [TEST_STEP][PASSED] - if (!(verifyElementPropertyValue(response, "data.beam", mybeam))): Verify element property value successfully

2020-02-07 15:07:27 - [MESSAGE][PASSED] - Verify element property value successfully

2020-02-07 15:07:27 - [TEST_STEP][PASSED] - else: null

2020-02-07 15:07:27 - [TEST_STEP][PASSED] - beamFail = "P": null

2020-02-07 15:07:27 - [TEST_STEP][PASSED] - if (!(verifyElementPropertyValue(response, "data.product.down", myuff))): Verify element property value successfully

2020-02-07 15:07:27 - [MESSAGE][PASSED] - Verify element property value successfully

2020-02-07 15:07:27 - [TEST_STEP][PASSED] - else: null

2020-02-07 15:07:27 - [TEST_STEP][PASSED] - uffFail = "P": null

2020-02-07 15:07:27 - [TEST_STEP][PASSED] - jsonSlurper = new groovy.json.JsonSlurper(): null

2020-02-07 15:07:27 - [TEST_STEP][PASSED] - object = jsonSlurper.parseText(response.getResponseText()): null

2020-02-07 15:07:27 - [TEST_STEP][PASSED] - println(object): null

2020-02-07 15:07:27 - [TEST_STEP][PASSED] - mytest = plans: null

2020-02-07 15:07:27 - [TEST_STEP][PASSED] - variable = mytest: null

2020-02-07 15:07:27 - [MESSAGE][PASSED] - Verify response successfully

2020-02-07 15:07:27 - [MESSAGE][PASSED] - Send request and verify the response successfully

2020-02-07 15:07:27 - [TEST_STEP][PASSED] - setValueToCellByAddress(sheet01, "E" + mycount, variable): null

2020-02-07 15:07:27 - [TEST_STEP][PASSED] - saveWorkbook(excelFile01, workbook01): null]]></system-out>
         <system-err><![CDATA[]]></system-err>
      </testcase>
      <testcase name="Test Cases/Test_Beams_by_Zip_to_Excel" time="2.031" classname="Test Cases/Test_Beams_by_Zip_to_Excel" status="FAILED">
         <failure type="FAILED" message="Test Cases/Test_Beams_by_Zip_to_Excel FAILED.
Reason:
com.kms.katalon.core.exception.StepFailedException: Expected element property value '509' is not equal with actual property value '81'
	at com.kms.katalon.core.keyword.internal.KeywordMain.stepFailed(KeywordMain.groovy:39)
	at com.kms.katalon.core.webservice.keyword.builtin.VerifyElementPropertyValueKeyword$_verifyElementPropertyValue_closure1.doCall(VerifyElementPropertyValueKeyword.groovy:56)
	at com.kms.katalon.core.webservice.keyword.builtin.VerifyElementPropertyValueKeyword$_verifyElementPropertyValue_closure1.call(VerifyElementPropertyValueKeyword.groovy)
	at com.kms.katalon.core.keyword.internal.KeywordMain.runKeyword(KeywordMain.groovy:68)
	at com.kms.katalon.core.webservice.keyword.builtin.VerifyElementPropertyValueKeyword.verifyElementPropertyValue(VerifyElementPropertyValueKeyword.groovy:48)
	at com.kms.katalon.core.webservice.keyword.builtin.VerifyElementPropertyValueKeyword.execute(VerifyElementPropertyValueKeyword.groovy:43)
	at com.kms.katalon.core.keyword.internal.KeywordExecutor.executeKeywordForPlatform(KeywordExecutor.groovy:72)
	at com.kms.katalon.core.webservice.keyword.WSBuiltInKeywords.verifyElementPropertyValue(WSBuiltInKeywords.groovy:189)
	at com.kms.katalon.core.webservice.keyword.WSBuiltInKeywords$verifyElementPropertyValue$0.call(Unknown Source)
	at WSVerification1581113249684.run(WSVerification1581113249684:16)
	at com.kms.katalon.core.main.ScriptEngine.run(ScriptEngine.java:194)
	at com.kms.katalon.core.main.ScriptEngine.runScriptAsRawText(ScriptEngine.java:119)
	at com.kms.katalon.core.main.WSVerificationExecutor.runScript(WSVerificationExecutor.java:146)
	at com.kms.katalon.core.main.WSVerificationExecutor.doExecute(WSVerificationExecutor.java:140)
	at com.kms.katalon.core.main.WSVerificationExecutor.processExecutionPhase(WSVerificationExecutor.java:123)
	at com.kms.katalon.core.main.WSVerificationExecutor.accessMainPhase(WSVerificationExecutor.java:115)
	at com.kms.katalon.core.main.WSVerificationExecutor.execute(WSVerificationExecutor.java:103)
	at com.kms.katalon.core.main.TestCaseMain.runWSVerificationScript(TestCaseMain.java:127)
	at com.kms.katalon.core.webservice.keyword.builtin.SendRequestAndVerifyKeyword$_sendRequestAndVerify_closure1.doCall(SendRequestAndVerifyKeyword.groovy:55)
	at com.kms.katalon.core.webservice.keyword.builtin.SendRequestAndVerifyKeyword$_sendRequestAndVerify_closure1.call(SendRequestAndVerifyKeyword.groovy)
	at com.kms.katalon.core.keyword.internal.KeywordMain.runKeyword(KeywordMain.groovy:68)
	at com.kms.katalon.core.webservice.keyword.builtin.SendRequestAndVerifyKeyword.sendRequestAndVerify(SendRequestAndVerifyKeyword.groovy:43)
	at com.kms.katalon.core.webservice.keyword.builtin.SendRequestAndVerifyKeyword.execute(SendRequestAndVerifyKeyword.groovy:38)
	at com.kms.katalon.core.keyword.internal.KeywordExecutor.executeKeywordForPlatform(KeywordExecutor.groovy:72)
	at com.kms.katalon.core.webservice.keyword.WSBuiltInKeywords.sendRequestAndVerify(WSBuiltInKeywords.groovy:65)
	at com.kms.katalon.core.webservice.keyword.WSBuiltInKeywords$sendRequestAndVerify.call(Unknown Source)
	at Test_Beams_by_Zip_to_Excel.run(Test_Beams_by_Zip_to_Excel:68)
	at com.kms.katalon.core.main.ScriptEngine.run(ScriptEngine.java:194)
	at com.kms.katalon.core.main.ScriptEngine.runScriptAsRawText(ScriptEngine.java:119)
	at com.kms.katalon.core.main.TestCaseExecutor.runScript(TestCaseExecutor.java:337)
	at com.kms.katalon.core.main.TestCaseExecutor.doExecute(TestCaseExecutor.java:328)
	at com.kms.katalon.core.main.TestCaseExecutor.processExecutionPhase(TestCaseExecutor.java:307)
	at com.kms.katalon.core.main.TestCaseExecutor.accessMainPhase(TestCaseExecutor.java:299)
	at com.kms.katalon.core.main.TestCaseExecutor.execute(TestCaseExecutor.java:233)
	at com.kms.katalon.core.main.TestSuiteExecutor.accessTestCaseMainPhase(TestSuiteExecutor.java:169)
	at com.kms.katalon.core.main.TestSuiteExecutor.accessTestSuiteMainPhase(TestSuiteExecutor.java:142)
	at com.kms.katalon.core.main.TestSuiteExecutor.execute(TestSuiteExecutor.java:91)
	at com.kms.katalon.core.main.TestCaseMain.startTestSuite(TestCaseMain.java:157)
	at com.kms.katalon.core.main.TestCaseMain$startTestSuite$0.call(Unknown Source)
	at TempTestSuite1581113075265.run(TempTestSuite1581113075265.groovy:36)
"/>
         <system-out><![CDATA[2020-02-07 15:07:27 - [TEST_CASE][FAILED] - Test Cases/Test_Beams_by_Zip_to_Excel: Test Cases/Test_Beams_by_Zip_to_Excel FAILED.
Reason:
com.kms.katalon.core.exception.StepFailedException: Expected element property value '509' is not equal with actual property value '81'
	at com.kms.katalon.core.keyword.internal.KeywordMain.stepFailed(KeywordMain.groovy:39)
	at com.kms.katalon.core.webservice.keyword.builtin.VerifyElementPropertyValueKeyword$_verifyElementPropertyValue_closure1.doCall(VerifyElementPropertyValueKeyword.groovy:56)
	at com.kms.katalon.core.webservice.keyword.builtin.VerifyElementPropertyValueKeyword$_verifyElementPropertyValue_closure1.call(VerifyElementPropertyValueKeyword.groovy)
	at com.kms.katalon.core.keyword.internal.KeywordMain.runKeyword(KeywordMain.groovy:68)
	at com.kms.katalon.core.webservice.keyword.builtin.VerifyElementPropertyValueKeyword.verifyElementPropertyValue(VerifyElementPropertyValueKeyword.groovy:48)
	at com.kms.katalon.core.webservice.keyword.builtin.VerifyElementPropertyValueKeyword.execute(VerifyElementPropertyValueKeyword.groovy:43)
	at com.kms.katalon.core.keyword.internal.KeywordExecutor.executeKeywordForPlatform(KeywordExecutor.groovy:72)
	at com.kms.katalon.core.webservice.keyword.WSBuiltInKeywords.verifyElementPropertyValue(WSBuiltInKeywords.groovy:189)
	at com.kms.katalon.core.webservice.keyword.WSBuiltInKeywords$verifyElementPropertyValue$0.call(Unknown Source)
	at WSVerification1581113249684.run(WSVerification1581113249684:16)
	at com.kms.katalon.core.main.ScriptEngine.run(ScriptEngine.java:194)
	at com.kms.katalon.core.main.ScriptEngine.runScriptAsRawText(ScriptEngine.java:119)
	at com.kms.katalon.core.main.WSVerificationExecutor.runScript(WSVerificationExecutor.java:146)
	at com.kms.katalon.core.main.WSVerificationExecutor.doExecute(WSVerificationExecutor.java:140)
	at com.kms.katalon.core.main.WSVerificationExecutor.processExecutionPhase(WSVerificationExecutor.java:123)
	at com.kms.katalon.core.main.WSVerificationExecutor.accessMainPhase(WSVerificationExecutor.java:115)
	at com.kms.katalon.core.main.WSVerificationExecutor.execute(WSVerificationExecutor.java:103)
	at com.kms.katalon.core.main.TestCaseMain.runWSVerificationScript(TestCaseMain.java:127)
	at com.kms.katalon.core.webservice.keyword.builtin.SendRequestAndVerifyKeyword$_sendRequestAndVerify_closure1.doCall(SendRequestAndVerifyKeyword.groovy:55)
	at com.kms.katalon.core.webservice.keyword.builtin.SendRequestAndVerifyKeyword$_sendRequestAndVerify_closure1.call(SendRequestAndVerifyKeyword.groovy)
	at com.kms.katalon.core.keyword.internal.KeywordMain.runKeyword(KeywordMain.groovy:68)
	at com.kms.katalon.core.webservice.keyword.builtin.SendRequestAndVerifyKeyword.sendRequestAndVerify(SendRequestAndVerifyKeyword.groovy:43)
	at com.kms.katalon.core.webservice.keyword.builtin.SendRequestAndVerifyKeyword.execute(SendRequestAndVerifyKeyword.groovy:38)
	at com.kms.katalon.core.keyword.internal.KeywordExecutor.executeKeywordForPlatform(KeywordExecutor.groovy:72)
	at com.kms.katalon.core.webservice.keyword.WSBuiltInKeywords.sendRequestAndVerify(WSBuiltInKeywords.groovy:65)
	at com.kms.katalon.core.webservice.keyword.WSBuiltInKeywords$sendRequestAndVerify.call(Unknown Source)
	at Test_Beams_by_Zip_to_Excel.run(Test_Beams_by_Zip_to_Excel:68)
	at com.kms.katalon.core.main.ScriptEngine.run(ScriptEngine.java:194)
	at com.kms.katalon.core.main.ScriptEngine.runScriptAsRawText(ScriptEngine.java:119)
	at com.kms.katalon.core.main.TestCaseExecutor.runScript(TestCaseExecutor.java:337)
	at com.kms.katalon.core.main.TestCaseExecutor.doExecute(TestCaseExecutor.java:328)
	at com.kms.katalon.core.main.TestCaseExecutor.processExecutionPhase(TestCaseExecutor.java:307)
	at com.kms.katalon.core.main.TestCaseExecutor.accessMainPhase(TestCaseExecutor.java:299)
	at com.kms.katalon.core.main.TestCaseExecutor.execute(TestCaseExecutor.java:233)
	at com.kms.katalon.core.main.TestSuiteExecutor.accessTestCaseMainPhase(TestSuiteExecutor.java:169)
	at com.kms.katalon.core.main.TestSuiteExecutor.accessTestSuiteMainPhase(TestSuiteExecutor.java:142)
	at com.kms.katalon.core.main.TestSuiteExecutor.execute(TestSuiteExecutor.java:91)
	at com.kms.katalon.core.main.TestCaseMain.startTestSuite(TestCaseMain.java:157)
	at com.kms.katalon.core.main.TestCaseMain$startTestSuite$0.call(Unknown Source)
	at TempTestSuite1581113075265.run(TempTestSuite1581113075265.groovy:36)


2020-02-07 15:07:27 - [TEST_STEP][PASSED] - excelFile01 = "beams-test-results.xlsx": null

2020-02-07 15:07:27 - [TEST_STEP][PASSED] - ExpectedListSheetFile1 = ["Sheet1"]: null

2020-02-07 15:07:27 - [TEST_STEP][PASSED] - workbookFile01 = getWorkbook(excelFile01): null

2020-02-07 15:07:27 - [TEST_STEP][PASSED] - workbook01 = getWorkbook(excelFile01): null

2020-02-07 15:07:27 - [TEST_STEP][PASSED] - sheet01 = getExcelSheet(workbook01, "Sheet1"): null

2020-02-07 15:07:27 - [TEST_STEP][PASSED] - setValueToCellByAddress(sheet01, "A1", "TEST"): null

2020-02-07 15:07:27 - [TEST_STEP][PASSED] - setValueToCellByAddress(sheet01, "B1", "BEAM"): null

2020-02-07 15:07:27 - [TEST_STEP][PASSED] - setValueToCellByAddress(sheet01, "C1", "UFF"): null

2020-02-07 15:07:27 - [TEST_STEP][PASSED] - setValueToCellByAddress(sheet01, "D1", "PLAN"): null

2020-02-07 15:07:27 - [TEST_STEP][PASSED] - setValueToCellByAddress(sheet01, "E1", "API PLAN"): null

2020-02-07 15:07:27 - [TEST_STEP][PASSED] - mybeam = mybeam: null

2020-02-07 15:07:27 - [TEST_STEP][PASSED] - myuff = myuff: null

2020-02-07 15:07:27 - [TEST_STEP][PASSED] - myplan = myplan: null

2020-02-07 15:07:27 - [TEST_STEP][PASSED] - log = new com.kms.katalon.core.logging.KeywordLogger(): null

2020-02-07 15:07:27 - [TEST_STEP][PASSED] - log.logWarning("beam " + mybeam + " zip " + myzip + " upfront fees " + myuff + " plan " + myplan): beam 509 zip 86403 upfront fees 0 plan VS2 High Fill

2020-02-07 15:07:27 - [MESSAGE][WARNING] - beam 509 zip 86403 upfront fees 0 plan VS2 High Fill

2020-02-07 15:07:27 - [TEST_STEP][PASSED] - setValueToCellByAddress(sheet01, "B" + mycount, beamFail): null

2020-02-07 15:07:27 - [TEST_STEP][PASSED] - setValueToCellByAddress(sheet01, "C" + mycount, uffFail): null

2020-02-07 15:07:27 - [TEST_STEP][PASSED] - mycount = mycount + 1: null

2020-02-07 15:07:27 - [TEST_STEP][PASSED] - setValueToCellByAddress(sheet01, "A" + mycount, "beam " + mybeam + " zip " + myzip + " upfront fees " + myuff + " plan " + myplan): null

2020-02-07 15:07:27 - [TEST_STEP][PASSED] - setValueToCellByAddress(sheet01, "D" + mycount, myplan): null

2020-02-07 15:07:27 - [TEST_STEP][FAILED] - sendRequestAndVerify(findTestObject("Exede_Zip", ["myzip":myzip])): Unable to send request and verify the response (Root cause: com.kms.katalon.core.exception.StepFailedException: Verification failed
	at com.kms.katalon.core.webservice.keyword.builtin.SendRequestAndVerifyKeyword$_sendRequestAndVerify_closure1.doCall(SendRequestAndVerifyKeyword.groovy:59)
	at com.kms.katalon.core.webservice.keyword.builtin.SendRequestAndVerifyKeyword$_sendRequestAndVerify_closure1.call(SendRequestAndVerifyKeyword.groovy)
	at com.kms.katalon.core.keyword.internal.KeywordMain.runKeyword(KeywordMain.groovy:68)
	at com.kms.katalon.core.webservice.keyword.builtin.SendRequestAndVerifyKeyword.sendRequestAndVerify(SendRequestAndVerifyKeyword.groovy:43)
	at com.kms.katalon.core.webservice.keyword.builtin.SendRequestAndVerifyKeyword.execute(SendRequestAndVerifyKeyword.groovy:38)
	at com.kms.katalon.core.keyword.internal.KeywordExecutor.executeKeywordForPlatform(KeywordExecutor.groovy:72)
	at com.kms.katalon.core.webservice.keyword.WSBuiltInKeywords.sendRequestAndVerify(WSBuiltInKeywords.groovy:65)
	at com.kms.katalon.core.webservice.keyword.WSBuiltInKeywords$sendRequestAndVerify.call(Unknown Source)
	at Test_Beams_by_Zip_to_Excel.run(Test_Beams_by_Zip_to_Excel:68)
	at com.kms.katalon.core.main.ScriptEngine.run(ScriptEngine.java:194)
	at com.kms.katalon.core.main.ScriptEngine.runScriptAsRawText(ScriptEngine.java:119)
	at com.kms.katalon.core.main.TestCaseExecutor.runScript(TestCaseExecutor.java:337)
	at com.kms.katalon.core.main.TestCaseExecutor.doExecute(TestCaseExecutor.java:328)
	at com.kms.katalon.core.main.TestCaseExecutor.processExecutionPhase(TestCaseExecutor.java:307)
	at com.kms.katalon.core.main.TestCaseExecutor.accessMainPhase(TestCaseExecutor.java:299)
	at com.kms.katalon.core.main.TestCaseExecutor.execute(TestCaseExecutor.java:233)
	at com.kms.katalon.core.main.TestSuiteExecutor.accessTestCaseMainPhase(TestSuiteExecutor.java:169)
	at com.kms.katalon.core.main.TestSuiteExecutor.accessTestSuiteMainPhase(TestSuiteExecutor.java:142)
	at com.kms.katalon.core.main.TestSuiteExecutor.execute(TestSuiteExecutor.java:91)
	at com.kms.katalon.core.main.TestCaseMain.startTestSuite(TestCaseMain.java:157)
	at com.kms.katalon.core.main.TestCaseMain$startTestSuite$0.call(Unknown Source)
	at TempTestSuite1581113075265.run(TempTestSuite1581113075265.groovy:36)
)

2020-02-07 15:07:29 - [MESSAGE][INFO] - HAR: /Users/jhampleman/Katalon Studio/Exede_Beam_Tests_v2.1 copy/Reports/20200207_150435/RUN_Exede_Zip_Test/20200207_150435/requests/main/80.har

2020-02-07 15:07:29 - [TEST_CASE][FAILED] - Start Test Case : Verification: Verification FAILED.
Reason:
com.kms.katalon.core.exception.StepFailedException: Expected element property value '509' is not equal with actual property value '81'
	at com.kms.katalon.core.keyword.internal.KeywordMain.stepFailed(KeywordMain.groovy:39)
	at com.kms.katalon.core.webservice.keyword.builtin.VerifyElementPropertyValueKeyword$_verifyElementPropertyValue_closure1.doCall(VerifyElementPropertyValueKeyword.groovy:56)
	at com.kms.katalon.core.webservice.keyword.builtin.VerifyElementPropertyValueKeyword$_verifyElementPropertyValue_closure1.call(VerifyElementPropertyValueKeyword.groovy)
	at com.kms.katalon.core.keyword.internal.KeywordMain.runKeyword(KeywordMain.groovy:68)
	at com.kms.katalon.core.webservice.keyword.builtin.VerifyElementPropertyValueKeyword.verifyElementPropertyValue(VerifyElementPropertyValueKeyword.groovy:48)
	at com.kms.katalon.core.webservice.keyword.builtin.VerifyElementPropertyValueKeyword.execute(VerifyElementPropertyValueKeyword.groovy:43)
	at com.kms.katalon.core.keyword.internal.KeywordExecutor.executeKeywordForPlatform(KeywordExecutor.groovy:72)
	at com.kms.katalon.core.webservice.keyword.WSBuiltInKeywords.verifyElementPropertyValue(WSBuiltInKeywords.groovy:189)
	at com.kms.katalon.core.webservice.keyword.WSBuiltInKeywords$verifyElementPropertyValue$0.call(Unknown Source)
	at WSVerification1581113249684.run(WSVerification1581113249684:16)
	at com.kms.katalon.core.main.ScriptEngine.run(ScriptEngine.java:194)
	at com.kms.katalon.core.main.ScriptEngine.runScriptAsRawText(ScriptEngine.java:119)
	at com.kms.katalon.core.main.WSVerificationExecutor.runScript(WSVerificationExecutor.java:146)
	at com.kms.katalon.core.main.WSVerificationExecutor.doExecute(WSVerificationExecutor.java:140)
	at com.kms.katalon.core.main.WSVerificationExecutor.processExecutionPhase(WSVerificationExecutor.java:123)
	at com.kms.katalon.core.main.WSVerificationExecutor.accessMainPhase(WSVerificationExecutor.java:115)
	at com.kms.katalon.core.main.WSVerificationExecutor.execute(WSVerificationExecutor.java:103)
	at com.kms.katalon.core.main.TestCaseMain.runWSVerificationScript(TestCaseMain.java:127)
	at com.kms.katalon.core.webservice.keyword.builtin.SendRequestAndVerifyKeyword$_sendRequestAndVerify_closure1.doCall(SendRequestAndVerifyKeyword.groovy:55)
	at com.kms.katalon.core.webservice.keyword.builtin.SendRequestAndVerifyKeyword$_sendRequestAndVerify_closure1.call(SendRequestAndVerifyKeyword.groovy)
	at com.kms.katalon.core.keyword.internal.KeywordMain.runKeyword(KeywordMain.groovy:68)
	at com.kms.katalon.core.webservice.keyword.builtin.SendRequestAndVerifyKeyword.sendRequestAndVerify(SendRequestAndVerifyKeyword.groovy:43)
	at com.kms.katalon.core.webservice.keyword.builtin.SendRequestAndVerifyKeyword.execute(SendRequestAndVerifyKeyword.groovy:38)
	at com.kms.katalon.core.keyword.internal.KeywordExecutor.executeKeywordForPlatform(KeywordExecutor.groovy:72)
	at com.kms.katalon.core.webservice.keyword.WSBuiltInKeywords.sendRequestAndVerify(WSBuiltInKeywords.groovy:65)
	at com.kms.katalon.core.webservice.keyword.WSBuiltInKeywords$sendRequestAndVerify.call(Unknown Source)
	at Test_Beams_by_Zip_to_Excel.run(Test_Beams_by_Zip_to_Excel:68)
	at com.kms.katalon.core.main.ScriptEngine.run(ScriptEngine.java:194)
	at com.kms.katalon.core.main.ScriptEngine.runScriptAsRawText(ScriptEngine.java:119)
	at com.kms.katalon.core.main.TestCaseExecutor.runScript(TestCaseExecutor.java:337)
	at com.kms.katalon.core.main.TestCaseExecutor.doExecute(TestCaseExecutor.java:328)
	at com.kms.katalon.core.main.TestCaseExecutor.processExecutionPhase(TestCaseExecutor.java:307)
	at com.kms.katalon.core.main.TestCaseExecutor.accessMainPhase(TestCaseExecutor.java:299)
	at com.kms.katalon.core.main.TestCaseExecutor.execute(TestCaseExecutor.java:233)
	at com.kms.katalon.core.main.TestSuiteExecutor.accessTestCaseMainPhase(TestSuiteExecutor.java:169)
	at com.kms.katalon.core.main.TestSuiteExecutor.accessTestSuiteMainPhase(TestSuiteExecutor.java:142)
	at com.kms.katalon.core.main.TestSuiteExecutor.execute(TestSuiteExecutor.java:91)
	at com.kms.katalon.core.main.TestCaseMain.startTestSuite(TestCaseMain.java:157)
	at com.kms.katalon.core.main.TestCaseMain$startTestSuite$0.call(Unknown Source)
	at TempTestSuite1581113075265.run(TempTestSuite1581113075265.groovy:36)


2020-02-07 15:07:29 - [TEST_STEP][PASSED] - request = getInstance().getCurrentRequest(): null

2020-02-07 15:07:29 - [TEST_STEP][PASSED] - response = getInstance().getCurrentResponse(): null

2020-02-07 15:07:29 - [TEST_STEP][FAILED] - if (!(verifyElementPropertyValue(response, "data.beam", mybeam))): null

2020-02-07 15:07:29 - [MESSAGE][FAILED] - Expected element property value '509' is not equal with actual property value '81'

2020-02-07 15:07:29 - [TEST_STEP][PASSED] - beamFail = "F": null

2020-02-07 15:07:29 - [TEST_STEP][PASSED] - if (!(verifyElementPropertyValue(response, "data.product.down", myuff))): Verify element property value successfully

2020-02-07 15:07:29 - [MESSAGE][PASSED] - Verify element property value successfully

2020-02-07 15:07:29 - [TEST_STEP][PASSED] - else: null

2020-02-07 15:07:29 - [TEST_STEP][PASSED] - uffFail = "P": null

2020-02-07 15:07:29 - [TEST_STEP][PASSED] - jsonSlurper = new groovy.json.JsonSlurper(): null

2020-02-07 15:07:29 - [TEST_STEP][PASSED] - object = jsonSlurper.parseText(response.getResponseText()): null

2020-02-07 15:07:29 - [TEST_STEP][PASSED] - println(object): null

2020-02-07 15:07:29 - [TEST_STEP][PASSED] - mytest = plans: null

2020-02-07 15:07:29 - [TEST_STEP][PASSED] - variable = mytest: null

2020-02-07 15:07:29 - [MESSAGE][FAILED] - Unable to send request and verify the response (Root cause: com.kms.katalon.core.exception.StepFailedException: Verification failed
	at com.kms.katalon.core.webservice.keyword.builtin.SendRequestAndVerifyKeyword$_sendRequestAndVerify_closure1.doCall(SendRequestAndVerifyKeyword.groovy:59)
	at com.kms.katalon.core.webservice.keyword.builtin.SendRequestAndVerifyKeyword$_sendRequestAndVerify_closure1.call(SendRequestAndVerifyKeyword.groovy)
	at com.kms.katalon.core.keyword.internal.KeywordMain.runKeyword(KeywordMain.groovy:68)
	at com.kms.katalon.core.webservice.keyword.builtin.SendRequestAndVerifyKeyword.sendRequestAndVerify(SendRequestAndVerifyKeyword.groovy:43)
	at com.kms.katalon.core.webservice.keyword.builtin.SendRequestAndVerifyKeyword.execute(SendRequestAndVerifyKeyword.groovy:38)
	at com.kms.katalon.core.keyword.internal.KeywordExecutor.executeKeywordForPlatform(KeywordExecutor.groovy:72)
	at com.kms.katalon.core.webservice.keyword.WSBuiltInKeywords.sendRequestAndVerify(WSBuiltInKeywords.groovy:65)
	at com.kms.katalon.core.webservice.keyword.WSBuiltInKeywords$sendRequestAndVerify.call(Unknown Source)
	at Test_Beams_by_Zip_to_Excel.run(Test_Beams_by_Zip_to_Excel:68)
	at com.kms.katalon.core.main.ScriptEngine.run(ScriptEngine.java:194)
	at com.kms.katalon.core.main.ScriptEngine.runScriptAsRawText(ScriptEngine.java:119)
	at com.kms.katalon.core.main.TestCaseExecutor.runScript(TestCaseExecutor.java:337)
	at com.kms.katalon.core.main.TestCaseExecutor.doExecute(TestCaseExecutor.java:328)
	at com.kms.katalon.core.main.TestCaseExecutor.processExecutionPhase(TestCaseExecutor.java:307)
	at com.kms.katalon.core.main.TestCaseExecutor.accessMainPhase(TestCaseExecutor.java:299)
	at com.kms.katalon.core.main.TestCaseExecutor.execute(TestCaseExecutor.java:233)
	at com.kms.katalon.core.main.TestSuiteExecutor.accessTestCaseMainPhase(TestSuiteExecutor.java:169)
	at com.kms.katalon.core.main.TestSuiteExecutor.accessTestSuiteMainPhase(TestSuiteExecutor.java:142)
	at com.kms.katalon.core.main.TestSuiteExecutor.execute(TestSuiteExecutor.java:91)
	at com.kms.katalon.core.main.TestCaseMain.startTestSuite(TestCaseMain.java:157)
	at com.kms.katalon.core.main.TestCaseMain$startTestSuite$0.call(Unknown Source)
	at TempTestSuite1581113075265.run(TempTestSuite1581113075265.groovy:36)
)

2020-02-07 15:07:29 - [TEST_STEP][PASSED] - setValueToCellByAddress(sheet01, "E" + mycount, variable): null

2020-02-07 15:07:29 - [TEST_STEP][PASSED] - saveWorkbook(excelFile01, workbook01): null]]></system-out>
         <system-err><![CDATA[2020-02-07 15:07:27 - [TEST_CASE][FAILED] - Test Cases/Test_Beams_by_Zip_to_Excel: Test Cases/Test_Beams_by_Zip_to_Excel FAILED.
Reason:
com.kms.katalon.core.exception.StepFailedException: Expected element property value '509' is not equal with actual property value '81'
	at com.kms.katalon.core.keyword.internal.KeywordMain.stepFailed(KeywordMain.groovy:39)
	at com.kms.katalon.core.webservice.keyword.builtin.VerifyElementPropertyValueKeyword$_verifyElementPropertyValue_closure1.doCall(VerifyElementPropertyValueKeyword.groovy:56)
	at com.kms.katalon.core.webservice.keyword.builtin.VerifyElementPropertyValueKeyword$_verifyElementPropertyValue_closure1.call(VerifyElementPropertyValueKeyword.groovy)
	at com.kms.katalon.core.keyword.internal.KeywordMain.runKeyword(KeywordMain.groovy:68)
	at com.kms.katalon.core.webservice.keyword.builtin.VerifyElementPropertyValueKeyword.verifyElementPropertyValue(VerifyElementPropertyValueKeyword.groovy:48)
	at com.kms.katalon.core.webservice.keyword.builtin.VerifyElementPropertyValueKeyword.execute(VerifyElementPropertyValueKeyword.groovy:43)
	at com.kms.katalon.core.keyword.internal.KeywordExecutor.executeKeywordForPlatform(KeywordExecutor.groovy:72)
	at com.kms.katalon.core.webservice.keyword.WSBuiltInKeywords.verifyElementPropertyValue(WSBuiltInKeywords.groovy:189)
	at com.kms.katalon.core.webservice.keyword.WSBuiltInKeywords$verifyElementPropertyValue$0.call(Unknown Source)
	at WSVerification1581113249684.run(WSVerification1581113249684:16)
	at com.kms.katalon.core.main.ScriptEngine.run(ScriptEngine.java:194)
	at com.kms.katalon.core.main.ScriptEngine.runScriptAsRawText(ScriptEngine.java:119)
	at com.kms.katalon.core.main.WSVerificationExecutor.runScript(WSVerificationExecutor.java:146)
	at com.kms.katalon.core.main.WSVerificationExecutor.doExecute(WSVerificationExecutor.java:140)
	at com.kms.katalon.core.main.WSVerificationExecutor.processExecutionPhase(WSVerificationExecutor.java:123)
	at com.kms.katalon.core.main.WSVerificationExecutor.accessMainPhase(WSVerificationExecutor.java:115)
	at com.kms.katalon.core.main.WSVerificationExecutor.execute(WSVerificationExecutor.java:103)
	at com.kms.katalon.core.main.TestCaseMain.runWSVerificationScript(TestCaseMain.java:127)
	at com.kms.katalon.core.webservice.keyword.builtin.SendRequestAndVerifyKeyword$_sendRequestAndVerify_closure1.doCall(SendRequestAndVerifyKeyword.groovy:55)
	at com.kms.katalon.core.webservice.keyword.builtin.SendRequestAndVerifyKeyword$_sendRequestAndVerify_closure1.call(SendRequestAndVerifyKeyword.groovy)
	at com.kms.katalon.core.keyword.internal.KeywordMain.runKeyword(KeywordMain.groovy:68)
	at com.kms.katalon.core.webservice.keyword.builtin.SendRequestAndVerifyKeyword.sendRequestAndVerify(SendRequestAndVerifyKeyword.groovy:43)
	at com.kms.katalon.core.webservice.keyword.builtin.SendRequestAndVerifyKeyword.execute(SendRequestAndVerifyKeyword.groovy:38)
	at com.kms.katalon.core.keyword.internal.KeywordExecutor.executeKeywordForPlatform(KeywordExecutor.groovy:72)
	at com.kms.katalon.core.webservice.keyword.WSBuiltInKeywords.sendRequestAndVerify(WSBuiltInKeywords.groovy:65)
	at com.kms.katalon.core.webservice.keyword.WSBuiltInKeywords$sendRequestAndVerify.call(Unknown Source)
	at Test_Beams_by_Zip_to_Excel.run(Test_Beams_by_Zip_to_Excel:68)
	at com.kms.katalon.core.main.ScriptEngine.run(ScriptEngine.java:194)
	at com.kms.katalon.core.main.ScriptEngine.runScriptAsRawText(ScriptEngine.java:119)
	at com.kms.katalon.core.main.TestCaseExecutor.runScript(TestCaseExecutor.java:337)
	at com.kms.katalon.core.main.TestCaseExecutor.doExecute(TestCaseExecutor.java:328)
	at com.kms.katalon.core.main.TestCaseExecutor.processExecutionPhase(TestCaseExecutor.java:307)
	at com.kms.katalon.core.main.TestCaseExecutor.accessMainPhase(TestCaseExecutor.java:299)
	at com.kms.katalon.core.main.TestCaseExecutor.execute(TestCaseExecutor.java:233)
	at com.kms.katalon.core.main.TestSuiteExecutor.accessTestCaseMainPhase(TestSuiteExecutor.java:169)
	at com.kms.katalon.core.main.TestSuiteExecutor.accessTestSuiteMainPhase(TestSuiteExecutor.java:142)
	at com.kms.katalon.core.main.TestSuiteExecutor.execute(TestSuiteExecutor.java:91)
	at com.kms.katalon.core.main.TestCaseMain.startTestSuite(TestCaseMain.java:157)
	at com.kms.katalon.core.main.TestCaseMain$startTestSuite$0.call(Unknown Source)
	at TempTestSuite1581113075265.run(TempTestSuite1581113075265.groovy:36)]]></system-err>
      </testcase>
      <testcase name="Test Cases/Test_Beams_by_Zip_to_Excel" time="1.826" classname="Test Cases/Test_Beams_by_Zip_to_Excel" status="PASSED">
         <system-out><![CDATA[2020-02-07 15:07:29 - [TEST_CASE][PASSED] - Test Cases/Test_Beams_by_Zip_to_Excel: Test Cases/Test_Beams_by_Zip_to_Excel

2020-02-07 15:07:29 - [TEST_STEP][PASSED] - excelFile01 = "beams-test-results.xlsx": null

2020-02-07 15:07:29 - [TEST_STEP][PASSED] - ExpectedListSheetFile1 = ["Sheet1"]: null

2020-02-07 15:07:29 - [TEST_STEP][PASSED] - workbookFile01 = getWorkbook(excelFile01): null

2020-02-07 15:07:29 - [TEST_STEP][PASSED] - workbook01 = getWorkbook(excelFile01): null

2020-02-07 15:07:29 - [TEST_STEP][PASSED] - sheet01 = getExcelSheet(workbook01, "Sheet1"): null

2020-02-07 15:07:29 - [TEST_STEP][PASSED] - setValueToCellByAddress(sheet01, "A1", "TEST"): null

2020-02-07 15:07:29 - [TEST_STEP][PASSED] - setValueToCellByAddress(sheet01, "B1", "BEAM"): null

2020-02-07 15:07:29 - [TEST_STEP][PASSED] - setValueToCellByAddress(sheet01, "C1", "UFF"): null

2020-02-07 15:07:29 - [TEST_STEP][PASSED] - setValueToCellByAddress(sheet01, "D1", "PLAN"): null

2020-02-07 15:07:29 - [TEST_STEP][PASSED] - setValueToCellByAddress(sheet01, "E1", "API PLAN"): null

2020-02-07 15:07:29 - [TEST_STEP][PASSED] - mybeam = mybeam: null

2020-02-07 15:07:29 - [TEST_STEP][PASSED] - myuff = myuff: null

2020-02-07 15:07:29 - [TEST_STEP][PASSED] - myplan = myplan: null

2020-02-07 15:07:29 - [TEST_STEP][PASSED] - log = new com.kms.katalon.core.logging.KeywordLogger(): null

2020-02-07 15:07:29 - [TEST_STEP][PASSED] - log.logWarning("beam " + mybeam + " zip " + myzip + " upfront fees " + myuff + " plan " + myplan): beam 81 zip 86403 upfront fees 0 plan Augmented Standard Plan

2020-02-07 15:07:29 - [MESSAGE][WARNING] - beam 81 zip 86403 upfront fees 0 plan Augmented Standard Plan

2020-02-07 15:07:29 - [TEST_STEP][PASSED] - setValueToCellByAddress(sheet01, "B" + mycount, beamFail): null

2020-02-07 15:07:29 - [TEST_STEP][PASSED] - setValueToCellByAddress(sheet01, "C" + mycount, uffFail): null

2020-02-07 15:07:29 - [TEST_STEP][PASSED] - mycount = mycount + 1: null

2020-02-07 15:07:29 - [TEST_STEP][PASSED] - setValueToCellByAddress(sheet01, "A" + mycount, "beam " + mybeam + " zip " + myzip + " upfront fees " + myuff + " plan " + myplan): null

2020-02-07 15:07:29 - [TEST_STEP][PASSED] - setValueToCellByAddress(sheet01, "D" + mycount, myplan): null

2020-02-07 15:07:29 - [TEST_STEP][PASSED] - sendRequestAndVerify(findTestObject("Exede_Zip", ["myzip":myzip])): Send request and verify the response successfully

2020-02-07 15:07:31 - [MESSAGE][INFO] - HAR: /Users/jhampleman/Katalon Studio/Exede_Beam_Tests_v2.1 copy/Reports/20200207_150435/RUN_Exede_Zip_Test/20200207_150435/requests/main/81.har

2020-02-07 15:07:31 - [TEST_CASE][PASSED] - Start Test Case : Verification: Verification accomplished successfully

2020-02-07 15:07:31 - [TEST_STEP][PASSED] - request = getInstance().getCurrentRequest(): null

2020-02-07 15:07:31 - [TEST_STEP][PASSED] - response = getInstance().getCurrentResponse(): null

2020-02-07 15:07:31 - [TEST_STEP][PASSED] - if (!(verifyElementPropertyValue(response, "data.beam", mybeam))): Verify element property value successfully

2020-02-07 15:07:31 - [MESSAGE][PASSED] - Verify element property value successfully

2020-02-07 15:07:31 - [TEST_STEP][PASSED] - else: null

2020-02-07 15:07:31 - [TEST_STEP][PASSED] - beamFail = "P": null

2020-02-07 15:07:31 - [TEST_STEP][PASSED] - if (!(verifyElementPropertyValue(response, "data.product.down", myuff))): Verify element property value successfully

2020-02-07 15:07:31 - [MESSAGE][PASSED] - Verify element property value successfully

2020-02-07 15:07:31 - [TEST_STEP][PASSED] - else: null

2020-02-07 15:07:31 - [TEST_STEP][PASSED] - uffFail = "P": null

2020-02-07 15:07:31 - [TEST_STEP][PASSED] - jsonSlurper = new groovy.json.JsonSlurper(): null

2020-02-07 15:07:31 - [TEST_STEP][PASSED] - object = jsonSlurper.parseText(response.getResponseText()): null

2020-02-07 15:07:31 - [TEST_STEP][PASSED] - println(object): null

2020-02-07 15:07:31 - [TEST_STEP][PASSED] - mytest = plans: null

2020-02-07 15:07:31 - [TEST_STEP][PASSED] - variable = mytest: null

2020-02-07 15:07:31 - [MESSAGE][PASSED] - Verify response successfully

2020-02-07 15:07:31 - [MESSAGE][PASSED] - Send request and verify the response successfully

2020-02-07 15:07:31 - [TEST_STEP][PASSED] - setValueToCellByAddress(sheet01, "E" + mycount, variable): null

2020-02-07 15:07:31 - [TEST_STEP][PASSED] - saveWorkbook(excelFile01, workbook01): null]]></system-out>
         <system-err><![CDATA[]]></system-err>
      </testcase>
      <testcase name="Test Cases/Test_Beams_by_Zip_to_Excel" time="1.792" classname="Test Cases/Test_Beams_by_Zip_to_Excel" status="PASSED">
         <system-out><![CDATA[2020-02-07 15:07:31 - [TEST_CASE][PASSED] - Test Cases/Test_Beams_by_Zip_to_Excel: Test Cases/Test_Beams_by_Zip_to_Excel

2020-02-07 15:07:31 - [TEST_STEP][PASSED] - excelFile01 = "beams-test-results.xlsx": null

2020-02-07 15:07:31 - [TEST_STEP][PASSED] - ExpectedListSheetFile1 = ["Sheet1"]: null

2020-02-07 15:07:31 - [TEST_STEP][PASSED] - workbookFile01 = getWorkbook(excelFile01): null

2020-02-07 15:07:31 - [TEST_STEP][PASSED] - workbook01 = getWorkbook(excelFile01): null

2020-02-07 15:07:31 - [TEST_STEP][PASSED] - sheet01 = getExcelSheet(workbook01, "Sheet1"): null

2020-02-07 15:07:31 - [TEST_STEP][PASSED] - setValueToCellByAddress(sheet01, "A1", "TEST"): null

2020-02-07 15:07:31 - [TEST_STEP][PASSED] - setValueToCellByAddress(sheet01, "B1", "BEAM"): null

2020-02-07 15:07:31 - [TEST_STEP][PASSED] - setValueToCellByAddress(sheet01, "C1", "UFF"): null

2020-02-07 15:07:31 - [TEST_STEP][PASSED] - setValueToCellByAddress(sheet01, "D1", "PLAN"): null

2020-02-07 15:07:31 - [TEST_STEP][PASSED] - setValueToCellByAddress(sheet01, "E1", "API PLAN"): null

2020-02-07 15:07:31 - [TEST_STEP][PASSED] - mybeam = mybeam: null

2020-02-07 15:07:31 - [TEST_STEP][PASSED] - myuff = myuff: null

2020-02-07 15:07:31 - [TEST_STEP][PASSED] - myplan = myplan: null

2020-02-07 15:07:31 - [TEST_STEP][PASSED] - log = new com.kms.katalon.core.logging.KeywordLogger(): null

2020-02-07 15:07:31 - [TEST_STEP][PASSED] - log.logWarning("beam " + mybeam + " zip " + myzip + " upfront fees " + myuff + " plan " + myplan): beam 510 zip 87801 upfront fees 0 plan VS2 High Fill

2020-02-07 15:07:31 - [MESSAGE][WARNING] - beam 510 zip 87801 upfront fees 0 plan VS2 High Fill

2020-02-07 15:07:31 - [TEST_STEP][PASSED] - setValueToCellByAddress(sheet01, "B" + mycount, beamFail): null

2020-02-07 15:07:31 - [TEST_STEP][PASSED] - setValueToCellByAddress(sheet01, "C" + mycount, uffFail): null

2020-02-07 15:07:31 - [TEST_STEP][PASSED] - mycount = mycount + 1: null

2020-02-07 15:07:31 - [TEST_STEP][PASSED] - setValueToCellByAddress(sheet01, "A" + mycount, "beam " + mybeam + " zip " + myzip + " upfront fees " + myuff + " plan " + myplan): null

2020-02-07 15:07:31 - [TEST_STEP][PASSED] - setValueToCellByAddress(sheet01, "D" + mycount, myplan): null

2020-02-07 15:07:31 - [TEST_STEP][PASSED] - sendRequestAndVerify(findTestObject("Exede_Zip", ["myzip":myzip])): Send request and verify the response successfully

2020-02-07 15:07:33 - [MESSAGE][INFO] - HAR: /Users/jhampleman/Katalon Studio/Exede_Beam_Tests_v2.1 copy/Reports/20200207_150435/RUN_Exede_Zip_Test/20200207_150435/requests/main/82.har

2020-02-07 15:07:33 - [TEST_CASE][PASSED] - Start Test Case : Verification: Verification accomplished successfully

2020-02-07 15:07:33 - [TEST_STEP][PASSED] - request = getInstance().getCurrentRequest(): null

2020-02-07 15:07:33 - [TEST_STEP][PASSED] - response = getInstance().getCurrentResponse(): null

2020-02-07 15:07:33 - [TEST_STEP][PASSED] - if (!(verifyElementPropertyValue(response, "data.beam", mybeam))): Verify element property value successfully

2020-02-07 15:07:33 - [MESSAGE][PASSED] - Verify element property value successfully

2020-02-07 15:07:33 - [TEST_STEP][PASSED] - else: null

2020-02-07 15:07:33 - [TEST_STEP][PASSED] - beamFail = "P": null

2020-02-07 15:07:33 - [TEST_STEP][PASSED] - if (!(verifyElementPropertyValue(response, "data.product.down", myuff))): Verify element property value successfully

2020-02-07 15:07:33 - [MESSAGE][PASSED] - Verify element property value successfully

2020-02-07 15:07:33 - [TEST_STEP][PASSED] - else: null

2020-02-07 15:07:33 - [TEST_STEP][PASSED] - uffFail = "P": null

2020-02-07 15:07:33 - [TEST_STEP][PASSED] - jsonSlurper = new groovy.json.JsonSlurper(): null

2020-02-07 15:07:33 - [TEST_STEP][PASSED] - object = jsonSlurper.parseText(response.getResponseText()): null

2020-02-07 15:07:33 - [TEST_STEP][PASSED] - println(object): null

2020-02-07 15:07:33 - [TEST_STEP][PASSED] - mytest = plans: null

2020-02-07 15:07:33 - [TEST_STEP][PASSED] - variable = mytest: null

2020-02-07 15:07:33 - [MESSAGE][PASSED] - Verify response successfully

2020-02-07 15:07:33 - [MESSAGE][PASSED] - Send request and verify the response successfully

2020-02-07 15:07:33 - [TEST_STEP][PASSED] - setValueToCellByAddress(sheet01, "E" + mycount, variable): null

2020-02-07 15:07:33 - [TEST_STEP][PASSED] - saveWorkbook(excelFile01, workbook01): null]]></system-out>
         <system-err><![CDATA[]]></system-err>
      </testcase>
      <testcase name="Test Cases/Test_Beams_by_Zip_to_Excel" time="1.86" classname="Test Cases/Test_Beams_by_Zip_to_Excel" status="PASSED">
         <system-out><![CDATA[2020-02-07 15:07:33 - [TEST_CASE][PASSED] - Test Cases/Test_Beams_by_Zip_to_Excel: Test Cases/Test_Beams_by_Zip_to_Excel

2020-02-07 15:07:33 - [TEST_STEP][PASSED] - excelFile01 = "beams-test-results.xlsx": null

2020-02-07 15:07:33 - [TEST_STEP][PASSED] - ExpectedListSheetFile1 = ["Sheet1"]: null

2020-02-07 15:07:33 - [TEST_STEP][PASSED] - workbookFile01 = getWorkbook(excelFile01): null

2020-02-07 15:07:33 - [TEST_STEP][PASSED] - workbook01 = getWorkbook(excelFile01): null

2020-02-07 15:07:33 - [TEST_STEP][PASSED] - sheet01 = getExcelSheet(workbook01, "Sheet1"): null

2020-02-07 15:07:33 - [TEST_STEP][PASSED] - setValueToCellByAddress(sheet01, "A1", "TEST"): null

2020-02-07 15:07:33 - [TEST_STEP][PASSED] - setValueToCellByAddress(sheet01, "B1", "BEAM"): null

2020-02-07 15:07:33 - [TEST_STEP][PASSED] - setValueToCellByAddress(sheet01, "C1", "UFF"): null

2020-02-07 15:07:33 - [TEST_STEP][PASSED] - setValueToCellByAddress(sheet01, "D1", "PLAN"): null

2020-02-07 15:07:33 - [TEST_STEP][PASSED] - setValueToCellByAddress(sheet01, "E1", "API PLAN"): null

2020-02-07 15:07:33 - [TEST_STEP][PASSED] - mybeam = mybeam: null

2020-02-07 15:07:33 - [TEST_STEP][PASSED] - myuff = myuff: null

2020-02-07 15:07:33 - [TEST_STEP][PASSED] - myplan = myplan: null

2020-02-07 15:07:33 - [TEST_STEP][PASSED] - log = new com.kms.katalon.core.logging.KeywordLogger(): null

2020-02-07 15:07:33 - [TEST_STEP][PASSED] - log.logWarning("beam " + mybeam + " zip " + myzip + " upfront fees " + myuff + " plan " + myplan): beam 511 zip 79404 upfront fees 150 plan VS2 High Fill

2020-02-07 15:07:33 - [MESSAGE][WARNING] - beam 511 zip 79404 upfront fees 150 plan VS2 High Fill

2020-02-07 15:07:33 - [TEST_STEP][PASSED] - setValueToCellByAddress(sheet01, "B" + mycount, beamFail): null

2020-02-07 15:07:33 - [TEST_STEP][PASSED] - setValueToCellByAddress(sheet01, "C" + mycount, uffFail): null

2020-02-07 15:07:33 - [TEST_STEP][PASSED] - mycount = mycount + 1: null

2020-02-07 15:07:33 - [TEST_STEP][PASSED] - setValueToCellByAddress(sheet01, "A" + mycount, "beam " + mybeam + " zip " + myzip + " upfront fees " + myuff + " plan " + myplan): null

2020-02-07 15:07:33 - [TEST_STEP][PASSED] - setValueToCellByAddress(sheet01, "D" + mycount, myplan): null

2020-02-07 15:07:33 - [TEST_STEP][PASSED] - sendRequestAndVerify(findTestObject("Exede_Zip", ["myzip":myzip])): Send request and verify the response successfully

2020-02-07 15:07:35 - [MESSAGE][INFO] - HAR: /Users/jhampleman/Katalon Studio/Exede_Beam_Tests_v2.1 copy/Reports/20200207_150435/RUN_Exede_Zip_Test/20200207_150435/requests/main/83.har

2020-02-07 15:07:35 - [TEST_CASE][PASSED] - Start Test Case : Verification: Verification accomplished successfully

2020-02-07 15:07:35 - [TEST_STEP][PASSED] - request = getInstance().getCurrentRequest(): null

2020-02-07 15:07:35 - [TEST_STEP][PASSED] - response = getInstance().getCurrentResponse(): null

2020-02-07 15:07:35 - [TEST_STEP][PASSED] - if (!(verifyElementPropertyValue(response, "data.beam", mybeam))): Verify element property value successfully

2020-02-07 15:07:35 - [MESSAGE][PASSED] - Verify element property value successfully

2020-02-07 15:07:35 - [TEST_STEP][PASSED] - else: null

2020-02-07 15:07:35 - [TEST_STEP][PASSED] - beamFail = "P": null

2020-02-07 15:07:35 - [TEST_STEP][PASSED] - if (!(verifyElementPropertyValue(response, "data.product.down", myuff))): Verify element property value successfully

2020-02-07 15:07:35 - [MESSAGE][PASSED] - Verify element property value successfully

2020-02-07 15:07:35 - [TEST_STEP][PASSED] - else: null

2020-02-07 15:07:35 - [TEST_STEP][PASSED] - uffFail = "P": null

2020-02-07 15:07:35 - [TEST_STEP][PASSED] - jsonSlurper = new groovy.json.JsonSlurper(): null

2020-02-07 15:07:35 - [TEST_STEP][PASSED] - object = jsonSlurper.parseText(response.getResponseText()): null

2020-02-07 15:07:35 - [TEST_STEP][PASSED] - println(object): null

2020-02-07 15:07:35 - [TEST_STEP][PASSED] - mytest = plans: null

2020-02-07 15:07:35 - [TEST_STEP][PASSED] - variable = mytest: null

2020-02-07 15:07:35 - [MESSAGE][PASSED] - Verify response successfully

2020-02-07 15:07:35 - [MESSAGE][PASSED] - Send request and verify the response successfully

2020-02-07 15:07:35 - [TEST_STEP][PASSED] - setValueToCellByAddress(sheet01, "E" + mycount, variable): null

2020-02-07 15:07:35 - [TEST_STEP][PASSED] - saveWorkbook(excelFile01, workbook01): null]]></system-out>
         <system-err><![CDATA[]]></system-err>
      </testcase>
      <testcase name="Test Cases/Test_Beams_by_Zip_to_Excel" time="1.748" classname="Test Cases/Test_Beams_by_Zip_to_Excel" status="PASSED">
         <system-out><![CDATA[2020-02-07 15:07:35 - [TEST_CASE][PASSED] - Test Cases/Test_Beams_by_Zip_to_Excel: Test Cases/Test_Beams_by_Zip_to_Excel

2020-02-07 15:07:35 - [TEST_STEP][PASSED] - excelFile01 = "beams-test-results.xlsx": null

2020-02-07 15:07:35 - [TEST_STEP][PASSED] - ExpectedListSheetFile1 = ["Sheet1"]: null

2020-02-07 15:07:35 - [TEST_STEP][PASSED] - workbookFile01 = getWorkbook(excelFile01): null

2020-02-07 15:07:35 - [TEST_STEP][PASSED] - workbook01 = getWorkbook(excelFile01): null

2020-02-07 15:07:35 - [TEST_STEP][PASSED] - sheet01 = getExcelSheet(workbook01, "Sheet1"): null

2020-02-07 15:07:35 - [TEST_STEP][PASSED] - setValueToCellByAddress(sheet01, "A1", "TEST"): null

2020-02-07 15:07:35 - [TEST_STEP][PASSED] - setValueToCellByAddress(sheet01, "B1", "BEAM"): null

2020-02-07 15:07:35 - [TEST_STEP][PASSED] - setValueToCellByAddress(sheet01, "C1", "UFF"): null

2020-02-07 15:07:35 - [TEST_STEP][PASSED] - setValueToCellByAddress(sheet01, "D1", "PLAN"): null

2020-02-07 15:07:35 - [TEST_STEP][PASSED] - setValueToCellByAddress(sheet01, "E1", "API PLAN"): null

2020-02-07 15:07:35 - [TEST_STEP][PASSED] - mybeam = mybeam: null

2020-02-07 15:07:35 - [TEST_STEP][PASSED] - myuff = myuff: null

2020-02-07 15:07:35 - [TEST_STEP][PASSED] - myplan = myplan: null

2020-02-07 15:07:35 - [TEST_STEP][PASSED] - log = new com.kms.katalon.core.logging.KeywordLogger(): null

2020-02-07 15:07:35 - [TEST_STEP][PASSED] - log.logWarning("beam " + mybeam + " zip " + myzip + " upfront fees " + myuff + " plan " + myplan): beam 524 zip 79735 upfront fees 100 plan VS2 High Fill

2020-02-07 15:07:35 - [MESSAGE][WARNING] - beam 524 zip 79735 upfront fees 100 plan VS2 High Fill

2020-02-07 15:07:35 - [TEST_STEP][PASSED] - setValueToCellByAddress(sheet01, "B" + mycount, beamFail): null

2020-02-07 15:07:35 - [TEST_STEP][PASSED] - setValueToCellByAddress(sheet01, "C" + mycount, uffFail): null

2020-02-07 15:07:35 - [TEST_STEP][PASSED] - mycount = mycount + 1: null

2020-02-07 15:07:35 - [TEST_STEP][PASSED] - setValueToCellByAddress(sheet01, "A" + mycount, "beam " + mybeam + " zip " + myzip + " upfront fees " + myuff + " plan " + myplan): null

2020-02-07 15:07:35 - [TEST_STEP][PASSED] - setValueToCellByAddress(sheet01, "D" + mycount, myplan): null

2020-02-07 15:07:35 - [TEST_STEP][PASSED] - sendRequestAndVerify(findTestObject("Exede_Zip", ["myzip":myzip])): Send request and verify the response successfully

2020-02-07 15:07:36 - [MESSAGE][INFO] - HAR: /Users/jhampleman/Katalon Studio/Exede_Beam_Tests_v2.1 copy/Reports/20200207_150435/RUN_Exede_Zip_Test/20200207_150435/requests/main/84.har

2020-02-07 15:07:36 - [TEST_CASE][PASSED] - Start Test Case : Verification: Verification accomplished successfully

2020-02-07 15:07:37 - [TEST_STEP][PASSED] - request = getInstance().getCurrentRequest(): null

2020-02-07 15:07:37 - [TEST_STEP][PASSED] - response = getInstance().getCurrentResponse(): null

2020-02-07 15:07:37 - [TEST_STEP][PASSED] - if (!(verifyElementPropertyValue(response, "data.beam", mybeam))): Verify element property value successfully

2020-02-07 15:07:37 - [MESSAGE][PASSED] - Verify element property value successfully

2020-02-07 15:07:37 - [TEST_STEP][PASSED] - else: null

2020-02-07 15:07:37 - [TEST_STEP][PASSED] - beamFail = "P": null

2020-02-07 15:07:37 - [TEST_STEP][PASSED] - if (!(verifyElementPropertyValue(response, "data.product.down", myuff))): Verify element property value successfully

2020-02-07 15:07:37 - [MESSAGE][PASSED] - Verify element property value successfully

2020-02-07 15:07:37 - [TEST_STEP][PASSED] - else: null

2020-02-07 15:07:37 - [TEST_STEP][PASSED] - uffFail = "P": null

2020-02-07 15:07:37 - [TEST_STEP][PASSED] - jsonSlurper = new groovy.json.JsonSlurper(): null

2020-02-07 15:07:37 - [TEST_STEP][PASSED] - object = jsonSlurper.parseText(response.getResponseText()): null

2020-02-07 15:07:37 - [TEST_STEP][PASSED] - println(object): null

2020-02-07 15:07:37 - [TEST_STEP][PASSED] - mytest = plans: null

2020-02-07 15:07:37 - [TEST_STEP][PASSED] - variable = mytest: null

2020-02-07 15:07:37 - [MESSAGE][PASSED] - Verify response successfully

2020-02-07 15:07:37 - [MESSAGE][PASSED] - Send request and verify the response successfully

2020-02-07 15:07:37 - [TEST_STEP][PASSED] - setValueToCellByAddress(sheet01, "E" + mycount, variable): null

2020-02-07 15:07:37 - [TEST_STEP][PASSED] - saveWorkbook(excelFile01, workbook01): null]]></system-out>
         <system-err><![CDATA[]]></system-err>
      </testcase>
      <testcase name="Test Cases/Test_Beams_by_Zip_to_Excel" time="1.896" classname="Test Cases/Test_Beams_by_Zip_to_Excel" status="PASSED">
         <system-out><![CDATA[2020-02-07 15:07:37 - [TEST_CASE][PASSED] - Test Cases/Test_Beams_by_Zip_to_Excel: Test Cases/Test_Beams_by_Zip_to_Excel

2020-02-07 15:07:37 - [TEST_STEP][PASSED] - excelFile01 = "beams-test-results.xlsx": null

2020-02-07 15:07:37 - [TEST_STEP][PASSED] - ExpectedListSheetFile1 = ["Sheet1"]: null

2020-02-07 15:07:37 - [TEST_STEP][PASSED] - workbookFile01 = getWorkbook(excelFile01): null

2020-02-07 15:07:37 - [TEST_STEP][PASSED] - workbook01 = getWorkbook(excelFile01): null

2020-02-07 15:07:37 - [TEST_STEP][PASSED] - sheet01 = getExcelSheet(workbook01, "Sheet1"): null

2020-02-07 15:07:37 - [TEST_STEP][PASSED] - setValueToCellByAddress(sheet01, "A1", "TEST"): null

2020-02-07 15:07:37 - [TEST_STEP][PASSED] - setValueToCellByAddress(sheet01, "B1", "BEAM"): null

2020-02-07 15:07:37 - [TEST_STEP][PASSED] - setValueToCellByAddress(sheet01, "C1", "UFF"): null

2020-02-07 15:07:37 - [TEST_STEP][PASSED] - setValueToCellByAddress(sheet01, "D1", "PLAN"): null

2020-02-07 15:07:37 - [TEST_STEP][PASSED] - setValueToCellByAddress(sheet01, "E1", "API PLAN"): null

2020-02-07 15:07:37 - [TEST_STEP][PASSED] - mybeam = mybeam: null

2020-02-07 15:07:37 - [TEST_STEP][PASSED] - myuff = myuff: null

2020-02-07 15:07:37 - [TEST_STEP][PASSED] - myplan = myplan: null

2020-02-07 15:07:37 - [TEST_STEP][PASSED] - log = new com.kms.katalon.core.logging.KeywordLogger(): null

2020-02-07 15:07:37 - [TEST_STEP][PASSED] - log.logWarning("beam " + mybeam + " zip " + myzip + " upfront fees " + myuff + " plan " + myplan): beam 525 zip 76849 upfront fees 0 plan VS2 High Fill

2020-02-07 15:07:37 - [MESSAGE][WARNING] - beam 525 zip 76849 upfront fees 0 plan VS2 High Fill

2020-02-07 15:07:37 - [TEST_STEP][PASSED] - setValueToCellByAddress(sheet01, "B" + mycount, beamFail): null

2020-02-07 15:07:37 - [TEST_STEP][PASSED] - setValueToCellByAddress(sheet01, "C" + mycount, uffFail): null

2020-02-07 15:07:37 - [TEST_STEP][PASSED] - mycount = mycount + 1: null

2020-02-07 15:07:37 - [TEST_STEP][PASSED] - setValueToCellByAddress(sheet01, "A" + mycount, "beam " + mybeam + " zip " + myzip + " upfront fees " + myuff + " plan " + myplan): null

2020-02-07 15:07:37 - [TEST_STEP][PASSED] - setValueToCellByAddress(sheet01, "D" + mycount, myplan): null

2020-02-07 15:07:37 - [TEST_STEP][PASSED] - sendRequestAndVerify(findTestObject("Exede_Zip", ["myzip":myzip])): Send request and verify the response successfully

2020-02-07 15:07:38 - [MESSAGE][INFO] - HAR: /Users/jhampleman/Katalon Studio/Exede_Beam_Tests_v2.1 copy/Reports/20200207_150435/RUN_Exede_Zip_Test/20200207_150435/requests/main/85.har

2020-02-07 15:07:38 - [TEST_CASE][PASSED] - Start Test Case : Verification: Verification accomplished successfully

2020-02-07 15:07:38 - [TEST_STEP][PASSED] - request = getInstance().getCurrentRequest(): null

2020-02-07 15:07:38 - [TEST_STEP][PASSED] - response = getInstance().getCurrentResponse(): null

2020-02-07 15:07:38 - [TEST_STEP][PASSED] - if (!(verifyElementPropertyValue(response, "data.beam", mybeam))): Verify element property value successfully

2020-02-07 15:07:38 - [MESSAGE][PASSED] - Verify element property value successfully

2020-02-07 15:07:38 - [TEST_STEP][PASSED] - else: null

2020-02-07 15:07:38 - [TEST_STEP][PASSED] - beamFail = "P": null

2020-02-07 15:07:38 - [TEST_STEP][PASSED] - if (!(verifyElementPropertyValue(response, "data.product.down", myuff))): Verify element property value successfully

2020-02-07 15:07:38 - [MESSAGE][PASSED] - Verify element property value successfully

2020-02-07 15:07:38 - [TEST_STEP][PASSED] - else: null

2020-02-07 15:07:38 - [TEST_STEP][PASSED] - uffFail = "P": null

2020-02-07 15:07:38 - [TEST_STEP][PASSED] - jsonSlurper = new groovy.json.JsonSlurper(): null

2020-02-07 15:07:38 - [TEST_STEP][PASSED] - object = jsonSlurper.parseText(response.getResponseText()): null

2020-02-07 15:07:38 - [TEST_STEP][PASSED] - println(object): null

2020-02-07 15:07:38 - [TEST_STEP][PASSED] - mytest = plans: null

2020-02-07 15:07:38 - [TEST_STEP][PASSED] - variable = mytest: null

2020-02-07 15:07:38 - [MESSAGE][PASSED] - Verify response successfully

2020-02-07 15:07:38 - [MESSAGE][PASSED] - Send request and verify the response successfully

2020-02-07 15:07:38 - [TEST_STEP][PASSED] - setValueToCellByAddress(sheet01, "E" + mycount, variable): null

2020-02-07 15:07:38 - [TEST_STEP][PASSED] - saveWorkbook(excelFile01, workbook01): null]]></system-out>
         <system-err><![CDATA[]]></system-err>
      </testcase>
      <testcase name="Test Cases/Test_Beams_by_Zip_to_Excel" time="2.031" classname="Test Cases/Test_Beams_by_Zip_to_Excel" status="FAILED">
         <failure type="FAILED" message="Test Cases/Test_Beams_by_Zip_to_Excel FAILED.
Reason:
com.kms.katalon.core.exception.StepFailedException: Expected element property value '543' is not equal with actual property value '360'
	at com.kms.katalon.core.keyword.internal.KeywordMain.stepFailed(KeywordMain.groovy:39)
	at com.kms.katalon.core.webservice.keyword.builtin.VerifyElementPropertyValueKeyword$_verifyElementPropertyValue_closure1.doCall(VerifyElementPropertyValueKeyword.groovy:56)
	at com.kms.katalon.core.webservice.keyword.builtin.VerifyElementPropertyValueKeyword$_verifyElementPropertyValue_closure1.call(VerifyElementPropertyValueKeyword.groovy)
	at com.kms.katalon.core.keyword.internal.KeywordMain.runKeyword(KeywordMain.groovy:68)
	at com.kms.katalon.core.webservice.keyword.builtin.VerifyElementPropertyValueKeyword.verifyElementPropertyValue(VerifyElementPropertyValueKeyword.groovy:48)
	at com.kms.katalon.core.webservice.keyword.builtin.VerifyElementPropertyValueKeyword.execute(VerifyElementPropertyValueKeyword.groovy:43)
	at com.kms.katalon.core.keyword.internal.KeywordExecutor.executeKeywordForPlatform(KeywordExecutor.groovy:72)
	at com.kms.katalon.core.webservice.keyword.WSBuiltInKeywords.verifyElementPropertyValue(WSBuiltInKeywords.groovy:189)
	at com.kms.katalon.core.webservice.keyword.WSBuiltInKeywords$verifyElementPropertyValue$0.call(Unknown Source)
	at WSVerification1581113260947.run(WSVerification1581113260947:16)
	at com.kms.katalon.core.main.ScriptEngine.run(ScriptEngine.java:194)
	at com.kms.katalon.core.main.ScriptEngine.runScriptAsRawText(ScriptEngine.java:119)
	at com.kms.katalon.core.main.WSVerificationExecutor.runScript(WSVerificationExecutor.java:146)
	at com.kms.katalon.core.main.WSVerificationExecutor.doExecute(WSVerificationExecutor.java:140)
	at com.kms.katalon.core.main.WSVerificationExecutor.processExecutionPhase(WSVerificationExecutor.java:123)
	at com.kms.katalon.core.main.WSVerificationExecutor.accessMainPhase(WSVerificationExecutor.java:115)
	at com.kms.katalon.core.main.WSVerificationExecutor.execute(WSVerificationExecutor.java:103)
	at com.kms.katalon.core.main.TestCaseMain.runWSVerificationScript(TestCaseMain.java:127)
	at com.kms.katalon.core.webservice.keyword.builtin.SendRequestAndVerifyKeyword$_sendRequestAndVerify_closure1.doCall(SendRequestAndVerifyKeyword.groovy:55)
	at com.kms.katalon.core.webservice.keyword.builtin.SendRequestAndVerifyKeyword$_sendRequestAndVerify_closure1.call(SendRequestAndVerifyKeyword.groovy)
	at com.kms.katalon.core.keyword.internal.KeywordMain.runKeyword(KeywordMain.groovy:68)
	at com.kms.katalon.core.webservice.keyword.builtin.SendRequestAndVerifyKeyword.sendRequestAndVerify(SendRequestAndVerifyKeyword.groovy:43)
	at com.kms.katalon.core.webservice.keyword.builtin.SendRequestAndVerifyKeyword.execute(SendRequestAndVerifyKeyword.groovy:38)
	at com.kms.katalon.core.keyword.internal.KeywordExecutor.executeKeywordForPlatform(KeywordExecutor.groovy:72)
	at com.kms.katalon.core.webservice.keyword.WSBuiltInKeywords.sendRequestAndVerify(WSBuiltInKeywords.groovy:65)
	at com.kms.katalon.core.webservice.keyword.WSBuiltInKeywords$sendRequestAndVerify.call(Unknown Source)
	at Test_Beams_by_Zip_to_Excel.run(Test_Beams_by_Zip_to_Excel:68)
	at com.kms.katalon.core.main.ScriptEngine.run(ScriptEngine.java:194)
	at com.kms.katalon.core.main.ScriptEngine.runScriptAsRawText(ScriptEngine.java:119)
	at com.kms.katalon.core.main.TestCaseExecutor.runScript(TestCaseExecutor.java:337)
	at com.kms.katalon.core.main.TestCaseExecutor.doExecute(TestCaseExecutor.java:328)
	at com.kms.katalon.core.main.TestCaseExecutor.processExecutionPhase(TestCaseExecutor.java:307)
	at com.kms.katalon.core.main.TestCaseExecutor.accessMainPhase(TestCaseExecutor.java:299)
	at com.kms.katalon.core.main.TestCaseExecutor.execute(TestCaseExecutor.java:233)
	at com.kms.katalon.core.main.TestSuiteExecutor.accessTestCaseMainPhase(TestSuiteExecutor.java:169)
	at com.kms.katalon.core.main.TestSuiteExecutor.accessTestSuiteMainPhase(TestSuiteExecutor.java:142)
	at com.kms.katalon.core.main.TestSuiteExecutor.execute(TestSuiteExecutor.java:91)
	at com.kms.katalon.core.main.TestCaseMain.startTestSuite(TestCaseMain.java:157)
	at com.kms.katalon.core.main.TestCaseMain$startTestSuite$0.call(Unknown Source)
	at TempTestSuite1581113075265.run(TempTestSuite1581113075265.groovy:36)
"/>
         <system-out><![CDATA[2020-02-07 15:07:38 - [TEST_CASE][FAILED] - Test Cases/Test_Beams_by_Zip_to_Excel: Test Cases/Test_Beams_by_Zip_to_Excel FAILED.
Reason:
com.kms.katalon.core.exception.StepFailedException: Expected element property value '543' is not equal with actual property value '360'
	at com.kms.katalon.core.keyword.internal.KeywordMain.stepFailed(KeywordMain.groovy:39)
	at com.kms.katalon.core.webservice.keyword.builtin.VerifyElementPropertyValueKeyword$_verifyElementPropertyValue_closure1.doCall(VerifyElementPropertyValueKeyword.groovy:56)
	at com.kms.katalon.core.webservice.keyword.builtin.VerifyElementPropertyValueKeyword$_verifyElementPropertyValue_closure1.call(VerifyElementPropertyValueKeyword.groovy)
	at com.kms.katalon.core.keyword.internal.KeywordMain.runKeyword(KeywordMain.groovy:68)
	at com.kms.katalon.core.webservice.keyword.builtin.VerifyElementPropertyValueKeyword.verifyElementPropertyValue(VerifyElementPropertyValueKeyword.groovy:48)
	at com.kms.katalon.core.webservice.keyword.builtin.VerifyElementPropertyValueKeyword.execute(VerifyElementPropertyValueKeyword.groovy:43)
	at com.kms.katalon.core.keyword.internal.KeywordExecutor.executeKeywordForPlatform(KeywordExecutor.groovy:72)
	at com.kms.katalon.core.webservice.keyword.WSBuiltInKeywords.verifyElementPropertyValue(WSBuiltInKeywords.groovy:189)
	at com.kms.katalon.core.webservice.keyword.WSBuiltInKeywords$verifyElementPropertyValue$0.call(Unknown Source)
	at WSVerification1581113260947.run(WSVerification1581113260947:16)
	at com.kms.katalon.core.main.ScriptEngine.run(ScriptEngine.java:194)
	at com.kms.katalon.core.main.ScriptEngine.runScriptAsRawText(ScriptEngine.java:119)
	at com.kms.katalon.core.main.WSVerificationExecutor.runScript(WSVerificationExecutor.java:146)
	at com.kms.katalon.core.main.WSVerificationExecutor.doExecute(WSVerificationExecutor.java:140)
	at com.kms.katalon.core.main.WSVerificationExecutor.processExecutionPhase(WSVerificationExecutor.java:123)
	at com.kms.katalon.core.main.WSVerificationExecutor.accessMainPhase(WSVerificationExecutor.java:115)
	at com.kms.katalon.core.main.WSVerificationExecutor.execute(WSVerificationExecutor.java:103)
	at com.kms.katalon.core.main.TestCaseMain.runWSVerificationScript(TestCaseMain.java:127)
	at com.kms.katalon.core.webservice.keyword.builtin.SendRequestAndVerifyKeyword$_sendRequestAndVerify_closure1.doCall(SendRequestAndVerifyKeyword.groovy:55)
	at com.kms.katalon.core.webservice.keyword.builtin.SendRequestAndVerifyKeyword$_sendRequestAndVerify_closure1.call(SendRequestAndVerifyKeyword.groovy)
	at com.kms.katalon.core.keyword.internal.KeywordMain.runKeyword(KeywordMain.groovy:68)
	at com.kms.katalon.core.webservice.keyword.builtin.SendRequestAndVerifyKeyword.sendRequestAndVerify(SendRequestAndVerifyKeyword.groovy:43)
	at com.kms.katalon.core.webservice.keyword.builtin.SendRequestAndVerifyKeyword.execute(SendRequestAndVerifyKeyword.groovy:38)
	at com.kms.katalon.core.keyword.internal.KeywordExecutor.executeKeywordForPlatform(KeywordExecutor.groovy:72)
	at com.kms.katalon.core.webservice.keyword.WSBuiltInKeywords.sendRequestAndVerify(WSBuiltInKeywords.groovy:65)
	at com.kms.katalon.core.webservice.keyword.WSBuiltInKeywords$sendRequestAndVerify.call(Unknown Source)
	at Test_Beams_by_Zip_to_Excel.run(Test_Beams_by_Zip_to_Excel:68)
	at com.kms.katalon.core.main.ScriptEngine.run(ScriptEngine.java:194)
	at com.kms.katalon.core.main.ScriptEngine.runScriptAsRawText(ScriptEngine.java:119)
	at com.kms.katalon.core.main.TestCaseExecutor.runScript(TestCaseExecutor.java:337)
	at com.kms.katalon.core.main.TestCaseExecutor.doExecute(TestCaseExecutor.java:328)
	at com.kms.katalon.core.main.TestCaseExecutor.processExecutionPhase(TestCaseExecutor.java:307)
	at com.kms.katalon.core.main.TestCaseExecutor.accessMainPhase(TestCaseExecutor.java:299)
	at com.kms.katalon.core.main.TestCaseExecutor.execute(TestCaseExecutor.java:233)
	at com.kms.katalon.core.main.TestSuiteExecutor.accessTestCaseMainPhase(TestSuiteExecutor.java:169)
	at com.kms.katalon.core.main.TestSuiteExecutor.accessTestSuiteMainPhase(TestSuiteExecutor.java:142)
	at com.kms.katalon.core.main.TestSuiteExecutor.execute(TestSuiteExecutor.java:91)
	at com.kms.katalon.core.main.TestCaseMain.startTestSuite(TestCaseMain.java:157)
	at com.kms.katalon.core.main.TestCaseMain$startTestSuite$0.call(Unknown Source)
	at TempTestSuite1581113075265.run(TempTestSuite1581113075265.groovy:36)


2020-02-07 15:07:39 - [TEST_STEP][PASSED] - excelFile01 = "beams-test-results.xlsx": null

2020-02-07 15:07:39 - [TEST_STEP][PASSED] - ExpectedListSheetFile1 = ["Sheet1"]: null

2020-02-07 15:07:39 - [TEST_STEP][PASSED] - workbookFile01 = getWorkbook(excelFile01): null

2020-02-07 15:07:39 - [TEST_STEP][PASSED] - workbook01 = getWorkbook(excelFile01): null

2020-02-07 15:07:39 - [TEST_STEP][PASSED] - sheet01 = getExcelSheet(workbook01, "Sheet1"): null

2020-02-07 15:07:39 - [TEST_STEP][PASSED] - setValueToCellByAddress(sheet01, "A1", "TEST"): null

2020-02-07 15:07:39 - [TEST_STEP][PASSED] - setValueToCellByAddress(sheet01, "B1", "BEAM"): null

2020-02-07 15:07:39 - [TEST_STEP][PASSED] - setValueToCellByAddress(sheet01, "C1", "UFF"): null

2020-02-07 15:07:39 - [TEST_STEP][PASSED] - setValueToCellByAddress(sheet01, "D1", "PLAN"): null

2020-02-07 15:07:39 - [TEST_STEP][PASSED] - setValueToCellByAddress(sheet01, "E1", "API PLAN"): null

2020-02-07 15:07:39 - [TEST_STEP][PASSED] - mybeam = mybeam: null

2020-02-07 15:07:39 - [TEST_STEP][PASSED] - myuff = myuff: null

2020-02-07 15:07:39 - [TEST_STEP][PASSED] - myplan = myplan: null

2020-02-07 15:07:39 - [TEST_STEP][PASSED] - log = new com.kms.katalon.core.logging.KeywordLogger(): null

2020-02-07 15:07:39 - [TEST_STEP][PASSED] - log.logWarning("beam " + mybeam + " zip " + myzip + " upfront fees " + myuff + " plan " + myplan): beam 543 zip 33071 upfront fees 0 plan VS2 High Fill

2020-02-07 15:07:39 - [MESSAGE][WARNING] - beam 543 zip 33071 upfront fees 0 plan VS2 High Fill

2020-02-07 15:07:39 - [TEST_STEP][PASSED] - setValueToCellByAddress(sheet01, "B" + mycount, beamFail): null

2020-02-07 15:07:39 - [TEST_STEP][PASSED] - setValueToCellByAddress(sheet01, "C" + mycount, uffFail): null

2020-02-07 15:07:39 - [TEST_STEP][PASSED] - mycount = mycount + 1: null

2020-02-07 15:07:39 - [TEST_STEP][PASSED] - setValueToCellByAddress(sheet01, "A" + mycount, "beam " + mybeam + " zip " + myzip + " upfront fees " + myuff + " plan " + myplan): null

2020-02-07 15:07:39 - [TEST_STEP][PASSED] - setValueToCellByAddress(sheet01, "D" + mycount, myplan): null

2020-02-07 15:07:39 - [TEST_STEP][FAILED] - sendRequestAndVerify(findTestObject("Exede_Zip", ["myzip":myzip])): Unable to send request and verify the response (Root cause: com.kms.katalon.core.exception.StepFailedException: Verification failed
	at com.kms.katalon.core.webservice.keyword.builtin.SendRequestAndVerifyKeyword$_sendRequestAndVerify_closure1.doCall(SendRequestAndVerifyKeyword.groovy:59)
	at com.kms.katalon.core.webservice.keyword.builtin.SendRequestAndVerifyKeyword$_sendRequestAndVerify_closure1.call(SendRequestAndVerifyKeyword.groovy)
	at com.kms.katalon.core.keyword.internal.KeywordMain.runKeyword(KeywordMain.groovy:68)
	at com.kms.katalon.core.webservice.keyword.builtin.SendRequestAndVerifyKeyword.sendRequestAndVerify(SendRequestAndVerifyKeyword.groovy:43)
	at com.kms.katalon.core.webservice.keyword.builtin.SendRequestAndVerifyKeyword.execute(SendRequestAndVerifyKeyword.groovy:38)
	at com.kms.katalon.core.keyword.internal.KeywordExecutor.executeKeywordForPlatform(KeywordExecutor.groovy:72)
	at com.kms.katalon.core.webservice.keyword.WSBuiltInKeywords.sendRequestAndVerify(WSBuiltInKeywords.groovy:65)
	at com.kms.katalon.core.webservice.keyword.WSBuiltInKeywords$sendRequestAndVerify.call(Unknown Source)
	at Test_Beams_by_Zip_to_Excel.run(Test_Beams_by_Zip_to_Excel:68)
	at com.kms.katalon.core.main.ScriptEngine.run(ScriptEngine.java:194)
	at com.kms.katalon.core.main.ScriptEngine.runScriptAsRawText(ScriptEngine.java:119)
	at com.kms.katalon.core.main.TestCaseExecutor.runScript(TestCaseExecutor.java:337)
	at com.kms.katalon.core.main.TestCaseExecutor.doExecute(TestCaseExecutor.java:328)
	at com.kms.katalon.core.main.TestCaseExecutor.processExecutionPhase(TestCaseExecutor.java:307)
	at com.kms.katalon.core.main.TestCaseExecutor.accessMainPhase(TestCaseExecutor.java:299)
	at com.kms.katalon.core.main.TestCaseExecutor.execute(TestCaseExecutor.java:233)
	at com.kms.katalon.core.main.TestSuiteExecutor.accessTestCaseMainPhase(TestSuiteExecutor.java:169)
	at com.kms.katalon.core.main.TestSuiteExecutor.accessTestSuiteMainPhase(TestSuiteExecutor.java:142)
	at com.kms.katalon.core.main.TestSuiteExecutor.execute(TestSuiteExecutor.java:91)
	at com.kms.katalon.core.main.TestCaseMain.startTestSuite(TestCaseMain.java:157)
	at com.kms.katalon.core.main.TestCaseMain$startTestSuite$0.call(Unknown Source)
	at TempTestSuite1581113075265.run(TempTestSuite1581113075265.groovy:36)
)

2020-02-07 15:07:40 - [MESSAGE][INFO] - HAR: /Users/jhampleman/Katalon Studio/Exede_Beam_Tests_v2.1 copy/Reports/20200207_150435/RUN_Exede_Zip_Test/20200207_150435/requests/main/86.har

2020-02-07 15:07:40 - [TEST_CASE][FAILED] - Start Test Case : Verification: Verification FAILED.
Reason:
com.kms.katalon.core.exception.StepFailedException: Expected element property value '543' is not equal with actual property value '360'
	at com.kms.katalon.core.keyword.internal.KeywordMain.stepFailed(KeywordMain.groovy:39)
	at com.kms.katalon.core.webservice.keyword.builtin.VerifyElementPropertyValueKeyword$_verifyElementPropertyValue_closure1.doCall(VerifyElementPropertyValueKeyword.groovy:56)
	at com.kms.katalon.core.webservice.keyword.builtin.VerifyElementPropertyValueKeyword$_verifyElementPropertyValue_closure1.call(VerifyElementPropertyValueKeyword.groovy)
	at com.kms.katalon.core.keyword.internal.KeywordMain.runKeyword(KeywordMain.groovy:68)
	at com.kms.katalon.core.webservice.keyword.builtin.VerifyElementPropertyValueKeyword.verifyElementPropertyValue(VerifyElementPropertyValueKeyword.groovy:48)
	at com.kms.katalon.core.webservice.keyword.builtin.VerifyElementPropertyValueKeyword.execute(VerifyElementPropertyValueKeyword.groovy:43)
	at com.kms.katalon.core.keyword.internal.KeywordExecutor.executeKeywordForPlatform(KeywordExecutor.groovy:72)
	at com.kms.katalon.core.webservice.keyword.WSBuiltInKeywords.verifyElementPropertyValue(WSBuiltInKeywords.groovy:189)
	at com.kms.katalon.core.webservice.keyword.WSBuiltInKeywords$verifyElementPropertyValue$0.call(Unknown Source)
	at WSVerification1581113260947.run(WSVerification1581113260947:16)
	at com.kms.katalon.core.main.ScriptEngine.run(ScriptEngine.java:194)
	at com.kms.katalon.core.main.ScriptEngine.runScriptAsRawText(ScriptEngine.java:119)
	at com.kms.katalon.core.main.WSVerificationExecutor.runScript(WSVerificationExecutor.java:146)
	at com.kms.katalon.core.main.WSVerificationExecutor.doExecute(WSVerificationExecutor.java:140)
	at com.kms.katalon.core.main.WSVerificationExecutor.processExecutionPhase(WSVerificationExecutor.java:123)
	at com.kms.katalon.core.main.WSVerificationExecutor.accessMainPhase(WSVerificationExecutor.java:115)
	at com.kms.katalon.core.main.WSVerificationExecutor.execute(WSVerificationExecutor.java:103)
	at com.kms.katalon.core.main.TestCaseMain.runWSVerificationScript(TestCaseMain.java:127)
	at com.kms.katalon.core.webservice.keyword.builtin.SendRequestAndVerifyKeyword$_sendRequestAndVerify_closure1.doCall(SendRequestAndVerifyKeyword.groovy:55)
	at com.kms.katalon.core.webservice.keyword.builtin.SendRequestAndVerifyKeyword$_sendRequestAndVerify_closure1.call(SendRequestAndVerifyKeyword.groovy)
	at com.kms.katalon.core.keyword.internal.KeywordMain.runKeyword(KeywordMain.groovy:68)
	at com.kms.katalon.core.webservice.keyword.builtin.SendRequestAndVerifyKeyword.sendRequestAndVerify(SendRequestAndVerifyKeyword.groovy:43)
	at com.kms.katalon.core.webservice.keyword.builtin.SendRequestAndVerifyKeyword.execute(SendRequestAndVerifyKeyword.groovy:38)
	at com.kms.katalon.core.keyword.internal.KeywordExecutor.executeKeywordForPlatform(KeywordExecutor.groovy:72)
	at com.kms.katalon.core.webservice.keyword.WSBuiltInKeywords.sendRequestAndVerify(WSBuiltInKeywords.groovy:65)
	at com.kms.katalon.core.webservice.keyword.WSBuiltInKeywords$sendRequestAndVerify.call(Unknown Source)
	at Test_Beams_by_Zip_to_Excel.run(Test_Beams_by_Zip_to_Excel:68)
	at com.kms.katalon.core.main.ScriptEngine.run(ScriptEngine.java:194)
	at com.kms.katalon.core.main.ScriptEngine.runScriptAsRawText(ScriptEngine.java:119)
	at com.kms.katalon.core.main.TestCaseExecutor.runScript(TestCaseExecutor.java:337)
	at com.kms.katalon.core.main.TestCaseExecutor.doExecute(TestCaseExecutor.java:328)
	at com.kms.katalon.core.main.TestCaseExecutor.processExecutionPhase(TestCaseExecutor.java:307)
	at com.kms.katalon.core.main.TestCaseExecutor.accessMainPhase(TestCaseExecutor.java:299)
	at com.kms.katalon.core.main.TestCaseExecutor.execute(TestCaseExecutor.java:233)
	at com.kms.katalon.core.main.TestSuiteExecutor.accessTestCaseMainPhase(TestSuiteExecutor.java:169)
	at com.kms.katalon.core.main.TestSuiteExecutor.accessTestSuiteMainPhase(TestSuiteExecutor.java:142)
	at com.kms.katalon.core.main.TestSuiteExecutor.execute(TestSuiteExecutor.java:91)
	at com.kms.katalon.core.main.TestCaseMain.startTestSuite(TestCaseMain.java:157)
	at com.kms.katalon.core.main.TestCaseMain$startTestSuite$0.call(Unknown Source)
	at TempTestSuite1581113075265.run(TempTestSuite1581113075265.groovy:36)


2020-02-07 15:07:40 - [TEST_STEP][PASSED] - request = getInstance().getCurrentRequest(): null

2020-02-07 15:07:40 - [TEST_STEP][PASSED] - response = getInstance().getCurrentResponse(): null

2020-02-07 15:07:40 - [TEST_STEP][FAILED] - if (!(verifyElementPropertyValue(response, "data.beam", mybeam))): null

2020-02-07 15:07:40 - [MESSAGE][FAILED] - Expected element property value '543' is not equal with actual property value '360'

2020-02-07 15:07:40 - [TEST_STEP][PASSED] - beamFail = "F": null

2020-02-07 15:07:40 - [TEST_STEP][PASSED] - if (!(verifyElementPropertyValue(response, "data.product.down", myuff))): Verify element property value successfully

2020-02-07 15:07:41 - [MESSAGE][PASSED] - Verify element property value successfully

2020-02-07 15:07:41 - [TEST_STEP][PASSED] - else: null

2020-02-07 15:07:41 - [TEST_STEP][PASSED] - uffFail = "P": null

2020-02-07 15:07:41 - [TEST_STEP][PASSED] - jsonSlurper = new groovy.json.JsonSlurper(): null

2020-02-07 15:07:41 - [TEST_STEP][PASSED] - object = jsonSlurper.parseText(response.getResponseText()): null

2020-02-07 15:07:41 - [TEST_STEP][PASSED] - println(object): null

2020-02-07 15:07:41 - [TEST_STEP][PASSED] - mytest = plans: null

2020-02-07 15:07:41 - [TEST_STEP][PASSED] - variable = mytest: null

2020-02-07 15:07:41 - [MESSAGE][FAILED] - Unable to send request and verify the response (Root cause: com.kms.katalon.core.exception.StepFailedException: Verification failed
	at com.kms.katalon.core.webservice.keyword.builtin.SendRequestAndVerifyKeyword$_sendRequestAndVerify_closure1.doCall(SendRequestAndVerifyKeyword.groovy:59)
	at com.kms.katalon.core.webservice.keyword.builtin.SendRequestAndVerifyKeyword$_sendRequestAndVerify_closure1.call(SendRequestAndVerifyKeyword.groovy)
	at com.kms.katalon.core.keyword.internal.KeywordMain.runKeyword(KeywordMain.groovy:68)
	at com.kms.katalon.core.webservice.keyword.builtin.SendRequestAndVerifyKeyword.sendRequestAndVerify(SendRequestAndVerifyKeyword.groovy:43)
	at com.kms.katalon.core.webservice.keyword.builtin.SendRequestAndVerifyKeyword.execute(SendRequestAndVerifyKeyword.groovy:38)
	at com.kms.katalon.core.keyword.internal.KeywordExecutor.executeKeywordForPlatform(KeywordExecutor.groovy:72)
	at com.kms.katalon.core.webservice.keyword.WSBuiltInKeywords.sendRequestAndVerify(WSBuiltInKeywords.groovy:65)
	at com.kms.katalon.core.webservice.keyword.WSBuiltInKeywords$sendRequestAndVerify.call(Unknown Source)
	at Test_Beams_by_Zip_to_Excel.run(Test_Beams_by_Zip_to_Excel:68)
	at com.kms.katalon.core.main.ScriptEngine.run(ScriptEngine.java:194)
	at com.kms.katalon.core.main.ScriptEngine.runScriptAsRawText(ScriptEngine.java:119)
	at com.kms.katalon.core.main.TestCaseExecutor.runScript(TestCaseExecutor.java:337)
	at com.kms.katalon.core.main.TestCaseExecutor.doExecute(TestCaseExecutor.java:328)
	at com.kms.katalon.core.main.TestCaseExecutor.processExecutionPhase(TestCaseExecutor.java:307)
	at com.kms.katalon.core.main.TestCaseExecutor.accessMainPhase(TestCaseExecutor.java:299)
	at com.kms.katalon.core.main.TestCaseExecutor.execute(TestCaseExecutor.java:233)
	at com.kms.katalon.core.main.TestSuiteExecutor.accessTestCaseMainPhase(TestSuiteExecutor.java:169)
	at com.kms.katalon.core.main.TestSuiteExecutor.accessTestSuiteMainPhase(TestSuiteExecutor.java:142)
	at com.kms.katalon.core.main.TestSuiteExecutor.execute(TestSuiteExecutor.java:91)
	at com.kms.katalon.core.main.TestCaseMain.startTestSuite(TestCaseMain.java:157)
	at com.kms.katalon.core.main.TestCaseMain$startTestSuite$0.call(Unknown Source)
	at TempTestSuite1581113075265.run(TempTestSuite1581113075265.groovy:36)
)

2020-02-07 15:07:41 - [TEST_STEP][PASSED] - setValueToCellByAddress(sheet01, "E" + mycount, variable): null

2020-02-07 15:07:41 - [TEST_STEP][PASSED] - saveWorkbook(excelFile01, workbook01): null]]></system-out>
         <system-err><![CDATA[2020-02-07 15:07:38 - [TEST_CASE][FAILED] - Test Cases/Test_Beams_by_Zip_to_Excel: Test Cases/Test_Beams_by_Zip_to_Excel FAILED.
Reason:
com.kms.katalon.core.exception.StepFailedException: Expected element property value '543' is not equal with actual property value '360'
	at com.kms.katalon.core.keyword.internal.KeywordMain.stepFailed(KeywordMain.groovy:39)
	at com.kms.katalon.core.webservice.keyword.builtin.VerifyElementPropertyValueKeyword$_verifyElementPropertyValue_closure1.doCall(VerifyElementPropertyValueKeyword.groovy:56)
	at com.kms.katalon.core.webservice.keyword.builtin.VerifyElementPropertyValueKeyword$_verifyElementPropertyValue_closure1.call(VerifyElementPropertyValueKeyword.groovy)
	at com.kms.katalon.core.keyword.internal.KeywordMain.runKeyword(KeywordMain.groovy:68)
	at com.kms.katalon.core.webservice.keyword.builtin.VerifyElementPropertyValueKeyword.verifyElementPropertyValue(VerifyElementPropertyValueKeyword.groovy:48)
	at com.kms.katalon.core.webservice.keyword.builtin.VerifyElementPropertyValueKeyword.execute(VerifyElementPropertyValueKeyword.groovy:43)
	at com.kms.katalon.core.keyword.internal.KeywordExecutor.executeKeywordForPlatform(KeywordExecutor.groovy:72)
	at com.kms.katalon.core.webservice.keyword.WSBuiltInKeywords.verifyElementPropertyValue(WSBuiltInKeywords.groovy:189)
	at com.kms.katalon.core.webservice.keyword.WSBuiltInKeywords$verifyElementPropertyValue$0.call(Unknown Source)
	at WSVerification1581113260947.run(WSVerification1581113260947:16)
	at com.kms.katalon.core.main.ScriptEngine.run(ScriptEngine.java:194)
	at com.kms.katalon.core.main.ScriptEngine.runScriptAsRawText(ScriptEngine.java:119)
	at com.kms.katalon.core.main.WSVerificationExecutor.runScript(WSVerificationExecutor.java:146)
	at com.kms.katalon.core.main.WSVerificationExecutor.doExecute(WSVerificationExecutor.java:140)
	at com.kms.katalon.core.main.WSVerificationExecutor.processExecutionPhase(WSVerificationExecutor.java:123)
	at com.kms.katalon.core.main.WSVerificationExecutor.accessMainPhase(WSVerificationExecutor.java:115)
	at com.kms.katalon.core.main.WSVerificationExecutor.execute(WSVerificationExecutor.java:103)
	at com.kms.katalon.core.main.TestCaseMain.runWSVerificationScript(TestCaseMain.java:127)
	at com.kms.katalon.core.webservice.keyword.builtin.SendRequestAndVerifyKeyword$_sendRequestAndVerify_closure1.doCall(SendRequestAndVerifyKeyword.groovy:55)
	at com.kms.katalon.core.webservice.keyword.builtin.SendRequestAndVerifyKeyword$_sendRequestAndVerify_closure1.call(SendRequestAndVerifyKeyword.groovy)
	at com.kms.katalon.core.keyword.internal.KeywordMain.runKeyword(KeywordMain.groovy:68)
	at com.kms.katalon.core.webservice.keyword.builtin.SendRequestAndVerifyKeyword.sendRequestAndVerify(SendRequestAndVerifyKeyword.groovy:43)
	at com.kms.katalon.core.webservice.keyword.builtin.SendRequestAndVerifyKeyword.execute(SendRequestAndVerifyKeyword.groovy:38)
	at com.kms.katalon.core.keyword.internal.KeywordExecutor.executeKeywordForPlatform(KeywordExecutor.groovy:72)
	at com.kms.katalon.core.webservice.keyword.WSBuiltInKeywords.sendRequestAndVerify(WSBuiltInKeywords.groovy:65)
	at com.kms.katalon.core.webservice.keyword.WSBuiltInKeywords$sendRequestAndVerify.call(Unknown Source)
	at Test_Beams_by_Zip_to_Excel.run(Test_Beams_by_Zip_to_Excel:68)
	at com.kms.katalon.core.main.ScriptEngine.run(ScriptEngine.java:194)
	at com.kms.katalon.core.main.ScriptEngine.runScriptAsRawText(ScriptEngine.java:119)
	at com.kms.katalon.core.main.TestCaseExecutor.runScript(TestCaseExecutor.java:337)
	at com.kms.katalon.core.main.TestCaseExecutor.doExecute(TestCaseExecutor.java:328)
	at com.kms.katalon.core.main.TestCaseExecutor.processExecutionPhase(TestCaseExecutor.java:307)
	at com.kms.katalon.core.main.TestCaseExecutor.accessMainPhase(TestCaseExecutor.java:299)
	at com.kms.katalon.core.main.TestCaseExecutor.execute(TestCaseExecutor.java:233)
	at com.kms.katalon.core.main.TestSuiteExecutor.accessTestCaseMainPhase(TestSuiteExecutor.java:169)
	at com.kms.katalon.core.main.TestSuiteExecutor.accessTestSuiteMainPhase(TestSuiteExecutor.java:142)
	at com.kms.katalon.core.main.TestSuiteExecutor.execute(TestSuiteExecutor.java:91)
	at com.kms.katalon.core.main.TestCaseMain.startTestSuite(TestCaseMain.java:157)
	at com.kms.katalon.core.main.TestCaseMain$startTestSuite$0.call(Unknown Source)
	at TempTestSuite1581113075265.run(TempTestSuite1581113075265.groovy:36)]]></system-err>
      </testcase>
      <testcase name="Test Cases/Test_Beams_by_Zip_to_Excel" time="1.867" classname="Test Cases/Test_Beams_by_Zip_to_Excel" status="PASSED">
         <system-out><![CDATA[2020-02-07 15:07:41 - [TEST_CASE][PASSED] - Test Cases/Test_Beams_by_Zip_to_Excel: Test Cases/Test_Beams_by_Zip_to_Excel

2020-02-07 15:07:41 - [TEST_STEP][PASSED] - excelFile01 = "beams-test-results.xlsx": null

2020-02-07 15:07:41 - [TEST_STEP][PASSED] - ExpectedListSheetFile1 = ["Sheet1"]: null

2020-02-07 15:07:41 - [TEST_STEP][PASSED] - workbookFile01 = getWorkbook(excelFile01): null

2020-02-07 15:07:41 - [TEST_STEP][PASSED] - workbook01 = getWorkbook(excelFile01): null

2020-02-07 15:07:41 - [TEST_STEP][PASSED] - sheet01 = getExcelSheet(workbook01, "Sheet1"): null

2020-02-07 15:07:41 - [TEST_STEP][PASSED] - setValueToCellByAddress(sheet01, "A1", "TEST"): null

2020-02-07 15:07:41 - [TEST_STEP][PASSED] - setValueToCellByAddress(sheet01, "B1", "BEAM"): null

2020-02-07 15:07:41 - [TEST_STEP][PASSED] - setValueToCellByAddress(sheet01, "C1", "UFF"): null

2020-02-07 15:07:41 - [TEST_STEP][PASSED] - setValueToCellByAddress(sheet01, "D1", "PLAN"): null

2020-02-07 15:07:41 - [TEST_STEP][PASSED] - setValueToCellByAddress(sheet01, "E1", "API PLAN"): null

2020-02-07 15:07:41 - [TEST_STEP][PASSED] - mybeam = mybeam: null

2020-02-07 15:07:41 - [TEST_STEP][PASSED] - myuff = myuff: null

2020-02-07 15:07:41 - [TEST_STEP][PASSED] - myplan = myplan: null

2020-02-07 15:07:41 - [TEST_STEP][PASSED] - log = new com.kms.katalon.core.logging.KeywordLogger(): null

2020-02-07 15:07:41 - [TEST_STEP][PASSED] - log.logWarning("beam " + mybeam + " zip " + myzip + " upfront fees " + myuff + " plan " + myplan): beam 360 zip 33071 upfront fees 0 plan Augmented Standard Plan

2020-02-07 15:07:41 - [MESSAGE][WARNING] - beam 360 zip 33071 upfront fees 0 plan Augmented Standard Plan

2020-02-07 15:07:41 - [TEST_STEP][PASSED] - setValueToCellByAddress(sheet01, "B" + mycount, beamFail): null

2020-02-07 15:07:41 - [TEST_STEP][PASSED] - setValueToCellByAddress(sheet01, "C" + mycount, uffFail): null

2020-02-07 15:07:41 - [TEST_STEP][PASSED] - mycount = mycount + 1: null

2020-02-07 15:07:41 - [TEST_STEP][PASSED] - setValueToCellByAddress(sheet01, "A" + mycount, "beam " + mybeam + " zip " + myzip + " upfront fees " + myuff + " plan " + myplan): null

2020-02-07 15:07:41 - [TEST_STEP][PASSED] - setValueToCellByAddress(sheet01, "D" + mycount, myplan): null

2020-02-07 15:07:41 - [TEST_STEP][PASSED] - sendRequestAndVerify(findTestObject("Exede_Zip", ["myzip":myzip])): Send request and verify the response successfully

2020-02-07 15:07:42 - [MESSAGE][INFO] - HAR: /Users/jhampleman/Katalon Studio/Exede_Beam_Tests_v2.1 copy/Reports/20200207_150435/RUN_Exede_Zip_Test/20200207_150435/requests/main/87.har

2020-02-07 15:07:42 - [TEST_CASE][PASSED] - Start Test Case : Verification: Verification accomplished successfully

2020-02-07 15:07:42 - [TEST_STEP][PASSED] - request = getInstance().getCurrentRequest(): null

2020-02-07 15:07:42 - [TEST_STEP][PASSED] - response = getInstance().getCurrentResponse(): null

2020-02-07 15:07:42 - [TEST_STEP][PASSED] - if (!(verifyElementPropertyValue(response, "data.beam", mybeam))): Verify element property value successfully

2020-02-07 15:07:42 - [MESSAGE][PASSED] - Verify element property value successfully

2020-02-07 15:07:42 - [TEST_STEP][PASSED] - else: null

2020-02-07 15:07:42 - [TEST_STEP][PASSED] - beamFail = "P": null

2020-02-07 15:07:42 - [TEST_STEP][PASSED] - if (!(verifyElementPropertyValue(response, "data.product.down", myuff))): Verify element property value successfully

2020-02-07 15:07:42 - [MESSAGE][PASSED] - Verify element property value successfully

2020-02-07 15:07:42 - [TEST_STEP][PASSED] - else: null

2020-02-07 15:07:42 - [TEST_STEP][PASSED] - uffFail = "P": null

2020-02-07 15:07:42 - [TEST_STEP][PASSED] - jsonSlurper = new groovy.json.JsonSlurper(): null

2020-02-07 15:07:42 - [TEST_STEP][PASSED] - object = jsonSlurper.parseText(response.getResponseText()): null

2020-02-07 15:07:42 - [TEST_STEP][PASSED] - println(object): null

2020-02-07 15:07:42 - [TEST_STEP][PASSED] - mytest = plans: null

2020-02-07 15:07:42 - [TEST_STEP][PASSED] - variable = mytest: null

2020-02-07 15:07:42 - [MESSAGE][PASSED] - Verify response successfully

2020-02-07 15:07:42 - [MESSAGE][PASSED] - Send request and verify the response successfully

2020-02-07 15:07:42 - [TEST_STEP][PASSED] - setValueToCellByAddress(sheet01, "E" + mycount, variable): null

2020-02-07 15:07:42 - [TEST_STEP][PASSED] - saveWorkbook(excelFile01, workbook01): null]]></system-out>
         <system-err><![CDATA[]]></system-err>
      </testcase>
      <testcase name="Test Cases/Test_Beams_by_Zip_to_Excel" time="1.812" classname="Test Cases/Test_Beams_by_Zip_to_Excel" status="PASSED">
         <system-out><![CDATA[2020-02-07 15:07:42 - [TEST_CASE][PASSED] - Test Cases/Test_Beams_by_Zip_to_Excel: Test Cases/Test_Beams_by_Zip_to_Excel

2020-02-07 15:07:42 - [TEST_STEP][PASSED] - excelFile01 = "beams-test-results.xlsx": null

2020-02-07 15:07:42 - [TEST_STEP][PASSED] - ExpectedListSheetFile1 = ["Sheet1"]: null

2020-02-07 15:07:42 - [TEST_STEP][PASSED] - workbookFile01 = getWorkbook(excelFile01): null

2020-02-07 15:07:42 - [TEST_STEP][PASSED] - workbook01 = getWorkbook(excelFile01): null

2020-02-07 15:07:42 - [TEST_STEP][PASSED] - sheet01 = getExcelSheet(workbook01, "Sheet1"): null

2020-02-07 15:07:42 - [TEST_STEP][PASSED] - setValueToCellByAddress(sheet01, "A1", "TEST"): null

2020-02-07 15:07:42 - [TEST_STEP][PASSED] - setValueToCellByAddress(sheet01, "B1", "BEAM"): null

2020-02-07 15:07:42 - [TEST_STEP][PASSED] - setValueToCellByAddress(sheet01, "C1", "UFF"): null

2020-02-07 15:07:42 - [TEST_STEP][PASSED] - setValueToCellByAddress(sheet01, "D1", "PLAN"): null

2020-02-07 15:07:42 - [TEST_STEP][PASSED] - setValueToCellByAddress(sheet01, "E1", "API PLAN"): null

2020-02-07 15:07:42 - [TEST_STEP][PASSED] - mybeam = mybeam: null

2020-02-07 15:07:42 - [TEST_STEP][PASSED] - myuff = myuff: null

2020-02-07 15:07:42 - [TEST_STEP][PASSED] - myplan = myplan: null

2020-02-07 15:07:42 - [TEST_STEP][PASSED] - log = new com.kms.katalon.core.logging.KeywordLogger(): null

2020-02-07 15:07:42 - [TEST_STEP][PASSED] - log.logWarning("beam " + mybeam + " zip " + myzip + " upfront fees " + myuff + " plan " + myplan): beam 701 zip 95110 upfront fees 0 plan VS2 Best Offer B

2020-02-07 15:07:42 - [MESSAGE][WARNING] - beam 701 zip 95110 upfront fees 0 plan VS2 Best Offer B

2020-02-07 15:07:42 - [TEST_STEP][PASSED] - setValueToCellByAddress(sheet01, "B" + mycount, beamFail): null

2020-02-07 15:07:42 - [TEST_STEP][PASSED] - setValueToCellByAddress(sheet01, "C" + mycount, uffFail): null

2020-02-07 15:07:42 - [TEST_STEP][PASSED] - mycount = mycount + 1: null

2020-02-07 15:07:42 - [TEST_STEP][PASSED] - setValueToCellByAddress(sheet01, "A" + mycount, "beam " + mybeam + " zip " + myzip + " upfront fees " + myuff + " plan " + myplan): null

2020-02-07 15:07:42 - [TEST_STEP][PASSED] - setValueToCellByAddress(sheet01, "D" + mycount, myplan): null

2020-02-07 15:07:42 - [TEST_STEP][PASSED] - sendRequestAndVerify(findTestObject("Exede_Zip", ["myzip":myzip])): Send request and verify the response successfully

2020-02-07 15:07:44 - [MESSAGE][INFO] - HAR: /Users/jhampleman/Katalon Studio/Exede_Beam_Tests_v2.1 copy/Reports/20200207_150435/RUN_Exede_Zip_Test/20200207_150435/requests/main/88.har

2020-02-07 15:07:44 - [TEST_CASE][PASSED] - Start Test Case : Verification: Verification accomplished successfully

2020-02-07 15:07:44 - [TEST_STEP][PASSED] - request = getInstance().getCurrentRequest(): null

2020-02-07 15:07:44 - [TEST_STEP][PASSED] - response = getInstance().getCurrentResponse(): null

2020-02-07 15:07:44 - [TEST_STEP][PASSED] - if (!(verifyElementPropertyValue(response, "data.beam", mybeam))): Verify element property value successfully

2020-02-07 15:07:44 - [MESSAGE][PASSED] - Verify element property value successfully

2020-02-07 15:07:44 - [TEST_STEP][PASSED] - else: null

2020-02-07 15:07:44 - [TEST_STEP][PASSED] - beamFail = "P": null

2020-02-07 15:07:44 - [TEST_STEP][PASSED] - if (!(verifyElementPropertyValue(response, "data.product.down", myuff))): Verify element property value successfully

2020-02-07 15:07:44 - [MESSAGE][PASSED] - Verify element property value successfully

2020-02-07 15:07:44 - [TEST_STEP][PASSED] - else: null

2020-02-07 15:07:44 - [TEST_STEP][PASSED] - uffFail = "P": null

2020-02-07 15:07:44 - [TEST_STEP][PASSED] - jsonSlurper = new groovy.json.JsonSlurper(): null

2020-02-07 15:07:44 - [TEST_STEP][PASSED] - object = jsonSlurper.parseText(response.getResponseText()): null

2020-02-07 15:07:44 - [TEST_STEP][PASSED] - println(object): null

2020-02-07 15:07:44 - [TEST_STEP][PASSED] - mytest = plans: null

2020-02-07 15:07:44 - [TEST_STEP][PASSED] - variable = mytest: null

2020-02-07 15:07:44 - [MESSAGE][PASSED] - Verify response successfully

2020-02-07 15:07:44 - [MESSAGE][PASSED] - Send request and verify the response successfully

2020-02-07 15:07:44 - [TEST_STEP][PASSED] - setValueToCellByAddress(sheet01, "E" + mycount, variable): null

2020-02-07 15:07:44 - [TEST_STEP][PASSED] - saveWorkbook(excelFile01, workbook01): null]]></system-out>
         <system-err><![CDATA[]]></system-err>
      </testcase>
      <testcase name="Test Cases/Test_Beams_by_Zip_to_Excel" time="1.986" classname="Test Cases/Test_Beams_by_Zip_to_Excel" status="PASSED">
         <system-out><![CDATA[2020-02-07 15:07:44 - [TEST_CASE][PASSED] - Test Cases/Test_Beams_by_Zip_to_Excel: Test Cases/Test_Beams_by_Zip_to_Excel

2020-02-07 15:07:44 - [TEST_STEP][PASSED] - excelFile01 = "beams-test-results.xlsx": null

2020-02-07 15:07:44 - [TEST_STEP][PASSED] - ExpectedListSheetFile1 = ["Sheet1"]: null

2020-02-07 15:07:44 - [TEST_STEP][PASSED] - workbookFile01 = getWorkbook(excelFile01): null

2020-02-07 15:07:44 - [TEST_STEP][PASSED] - workbook01 = getWorkbook(excelFile01): null

2020-02-07 15:07:44 - [TEST_STEP][PASSED] - sheet01 = getExcelSheet(workbook01, "Sheet1"): null

2020-02-07 15:07:44 - [TEST_STEP][PASSED] - setValueToCellByAddress(sheet01, "A1", "TEST"): null

2020-02-07 15:07:44 - [TEST_STEP][PASSED] - setValueToCellByAddress(sheet01, "B1", "BEAM"): null

2020-02-07 15:07:44 - [TEST_STEP][PASSED] - setValueToCellByAddress(sheet01, "C1", "UFF"): null

2020-02-07 15:07:44 - [TEST_STEP][PASSED] - setValueToCellByAddress(sheet01, "D1", "PLAN"): null

2020-02-07 15:07:44 - [TEST_STEP][PASSED] - setValueToCellByAddress(sheet01, "E1", "API PLAN"): null

2020-02-07 15:07:44 - [TEST_STEP][PASSED] - mybeam = mybeam: null

2020-02-07 15:07:44 - [TEST_STEP][PASSED] - myuff = myuff: null

2020-02-07 15:07:44 - [TEST_STEP][PASSED] - myplan = myplan: null

2020-02-07 15:07:44 - [TEST_STEP][PASSED] - log = new com.kms.katalon.core.logging.KeywordLogger(): null

2020-02-07 15:07:44 - [TEST_STEP][PASSED] - log.logWarning("beam " + mybeam + " zip " + myzip + " upfront fees " + myuff + " plan " + myplan): beam 702 zip 91935 upfront fees 0 plan VS2 Best Offer B

2020-02-07 15:07:44 - [MESSAGE][WARNING] - beam 702 zip 91935 upfront fees 0 plan VS2 Best Offer B

2020-02-07 15:07:44 - [TEST_STEP][PASSED] - setValueToCellByAddress(sheet01, "B" + mycount, beamFail): null

2020-02-07 15:07:44 - [TEST_STEP][PASSED] - setValueToCellByAddress(sheet01, "C" + mycount, uffFail): null

2020-02-07 15:07:44 - [TEST_STEP][PASSED] - mycount = mycount + 1: null

2020-02-07 15:07:44 - [TEST_STEP][PASSED] - setValueToCellByAddress(sheet01, "A" + mycount, "beam " + mybeam + " zip " + myzip + " upfront fees " + myuff + " plan " + myplan): null

2020-02-07 15:07:44 - [TEST_STEP][PASSED] - setValueToCellByAddress(sheet01, "D" + mycount, myplan): null

2020-02-07 15:07:44 - [TEST_STEP][PASSED] - sendRequestAndVerify(findTestObject("Exede_Zip", ["myzip":myzip])): Send request and verify the response successfully

2020-02-07 15:07:46 - [MESSAGE][INFO] - HAR: /Users/jhampleman/Katalon Studio/Exede_Beam_Tests_v2.1 copy/Reports/20200207_150435/RUN_Exede_Zip_Test/20200207_150435/requests/main/89.har

2020-02-07 15:07:46 - [TEST_CASE][PASSED] - Start Test Case : Verification: Verification accomplished successfully

2020-02-07 15:07:46 - [TEST_STEP][PASSED] - request = getInstance().getCurrentRequest(): null

2020-02-07 15:07:46 - [TEST_STEP][PASSED] - response = getInstance().getCurrentResponse(): null

2020-02-07 15:07:46 - [TEST_STEP][PASSED] - if (!(verifyElementPropertyValue(response, "data.beam", mybeam))): Verify element property value successfully

2020-02-07 15:07:46 - [MESSAGE][PASSED] - Verify element property value successfully

2020-02-07 15:07:46 - [TEST_STEP][PASSED] - else: null

2020-02-07 15:07:46 - [TEST_STEP][PASSED] - beamFail = "P": null

2020-02-07 15:07:46 - [TEST_STEP][PASSED] - if (!(verifyElementPropertyValue(response, "data.product.down", myuff))): Verify element property value successfully

2020-02-07 15:07:46 - [MESSAGE][PASSED] - Verify element property value successfully

2020-02-07 15:07:46 - [TEST_STEP][PASSED] - else: null

2020-02-07 15:07:46 - [TEST_STEP][PASSED] - uffFail = "P": null

2020-02-07 15:07:46 - [TEST_STEP][PASSED] - jsonSlurper = new groovy.json.JsonSlurper(): null

2020-02-07 15:07:46 - [TEST_STEP][PASSED] - object = jsonSlurper.parseText(response.getResponseText()): null

2020-02-07 15:07:46 - [TEST_STEP][PASSED] - println(object): null

2020-02-07 15:07:46 - [TEST_STEP][PASSED] - mytest = plans: null

2020-02-07 15:07:46 - [TEST_STEP][PASSED] - variable = mytest: null

2020-02-07 15:07:46 - [MESSAGE][PASSED] - Verify response successfully

2020-02-07 15:07:46 - [MESSAGE][PASSED] - Send request and verify the response successfully

2020-02-07 15:07:46 - [TEST_STEP][PASSED] - setValueToCellByAddress(sheet01, "E" + mycount, variable): null

2020-02-07 15:07:46 - [TEST_STEP][PASSED] - saveWorkbook(excelFile01, workbook01): null]]></system-out>
         <system-err><![CDATA[]]></system-err>
      </testcase>
      <testcase name="Test Cases/Test_Beams_by_Zip_to_Excel" time="1.956" classname="Test Cases/Test_Beams_by_Zip_to_Excel" status="PASSED">
         <system-out><![CDATA[2020-02-07 15:07:46 - [TEST_CASE][PASSED] - Test Cases/Test_Beams_by_Zip_to_Excel: Test Cases/Test_Beams_by_Zip_to_Excel

2020-02-07 15:07:46 - [TEST_STEP][PASSED] - excelFile01 = "beams-test-results.xlsx": null

2020-02-07 15:07:46 - [TEST_STEP][PASSED] - ExpectedListSheetFile1 = ["Sheet1"]: null

2020-02-07 15:07:46 - [TEST_STEP][PASSED] - workbookFile01 = getWorkbook(excelFile01): null

2020-02-07 15:07:46 - [TEST_STEP][PASSED] - workbook01 = getWorkbook(excelFile01): null

2020-02-07 15:07:46 - [TEST_STEP][PASSED] - sheet01 = getExcelSheet(workbook01, "Sheet1"): null

2020-02-07 15:07:46 - [TEST_STEP][PASSED] - setValueToCellByAddress(sheet01, "A1", "TEST"): null

2020-02-07 15:07:46 - [TEST_STEP][PASSED] - setValueToCellByAddress(sheet01, "B1", "BEAM"): null

2020-02-07 15:07:46 - [TEST_STEP][PASSED] - setValueToCellByAddress(sheet01, "C1", "UFF"): null

2020-02-07 15:07:46 - [TEST_STEP][PASSED] - setValueToCellByAddress(sheet01, "D1", "PLAN"): null

2020-02-07 15:07:46 - [TEST_STEP][PASSED] - setValueToCellByAddress(sheet01, "E1", "API PLAN"): null

2020-02-07 15:07:46 - [TEST_STEP][PASSED] - mybeam = mybeam: null

2020-02-07 15:07:46 - [TEST_STEP][PASSED] - myuff = myuff: null

2020-02-07 15:07:46 - [TEST_STEP][PASSED] - myplan = myplan: null

2020-02-07 15:07:46 - [TEST_STEP][PASSED] - log = new com.kms.katalon.core.logging.KeywordLogger(): null

2020-02-07 15:07:46 - [TEST_STEP][PASSED] - log.logWarning("beam " + mybeam + " zip " + myzip + " upfront fees " + myuff + " plan " + myplan): beam 703 zip 89523 upfront fees 0 plan VS2 Best Offer B

2020-02-07 15:07:46 - [MESSAGE][WARNING] - beam 703 zip 89523 upfront fees 0 plan VS2 Best Offer B

2020-02-07 15:07:46 - [TEST_STEP][PASSED] - setValueToCellByAddress(sheet01, "B" + mycount, beamFail): null

2020-02-07 15:07:46 - [TEST_STEP][PASSED] - setValueToCellByAddress(sheet01, "C" + mycount, uffFail): null

2020-02-07 15:07:46 - [TEST_STEP][PASSED] - mycount = mycount + 1: null

2020-02-07 15:07:46 - [TEST_STEP][PASSED] - setValueToCellByAddress(sheet01, "A" + mycount, "beam " + mybeam + " zip " + myzip + " upfront fees " + myuff + " plan " + myplan): null

2020-02-07 15:07:46 - [TEST_STEP][PASSED] - setValueToCellByAddress(sheet01, "D" + mycount, myplan): null

2020-02-07 15:07:46 - [TEST_STEP][PASSED] - sendRequestAndVerify(findTestObject("Exede_Zip", ["myzip":myzip])): Send request and verify the response successfully

2020-02-07 15:07:48 - [MESSAGE][INFO] - HAR: /Users/jhampleman/Katalon Studio/Exede_Beam_Tests_v2.1 copy/Reports/20200207_150435/RUN_Exede_Zip_Test/20200207_150435/requests/main/90.har

2020-02-07 15:07:48 - [TEST_CASE][PASSED] - Start Test Case : Verification: Verification accomplished successfully

2020-02-07 15:07:48 - [TEST_STEP][PASSED] - request = getInstance().getCurrentRequest(): null

2020-02-07 15:07:48 - [TEST_STEP][PASSED] - response = getInstance().getCurrentResponse(): null

2020-02-07 15:07:48 - [TEST_STEP][PASSED] - if (!(verifyElementPropertyValue(response, "data.beam", mybeam))): Verify element property value successfully

2020-02-07 15:07:48 - [MESSAGE][PASSED] - Verify element property value successfully

2020-02-07 15:07:48 - [TEST_STEP][PASSED] - else: null

2020-02-07 15:07:48 - [TEST_STEP][PASSED] - beamFail = "P": null

2020-02-07 15:07:48 - [TEST_STEP][PASSED] - if (!(verifyElementPropertyValue(response, "data.product.down", myuff))): Verify element property value successfully

2020-02-07 15:07:48 - [MESSAGE][PASSED] - Verify element property value successfully

2020-02-07 15:07:48 - [TEST_STEP][PASSED] - else: null

2020-02-07 15:07:48 - [TEST_STEP][PASSED] - uffFail = "P": null

2020-02-07 15:07:48 - [TEST_STEP][PASSED] - jsonSlurper = new groovy.json.JsonSlurper(): null

2020-02-07 15:07:48 - [TEST_STEP][PASSED] - object = jsonSlurper.parseText(response.getResponseText()): null

2020-02-07 15:07:48 - [TEST_STEP][PASSED] - println(object): null

2020-02-07 15:07:48 - [TEST_STEP][PASSED] - mytest = plans: null

2020-02-07 15:07:48 - [TEST_STEP][PASSED] - variable = mytest: null

2020-02-07 15:07:48 - [MESSAGE][PASSED] - Verify response successfully

2020-02-07 15:07:48 - [MESSAGE][PASSED] - Send request and verify the response successfully

2020-02-07 15:07:48 - [TEST_STEP][PASSED] - setValueToCellByAddress(sheet01, "E" + mycount, variable): null

2020-02-07 15:07:48 - [TEST_STEP][PASSED] - saveWorkbook(excelFile01, workbook01): null]]></system-out>
         <system-err><![CDATA[]]></system-err>
      </testcase>
      <testcase name="Test Cases/Test_Beams_by_Zip_to_Excel" time="1.897" classname="Test Cases/Test_Beams_by_Zip_to_Excel" status="PASSED">
         <system-out><![CDATA[2020-02-07 15:07:48 - [TEST_CASE][PASSED] - Test Cases/Test_Beams_by_Zip_to_Excel: Test Cases/Test_Beams_by_Zip_to_Excel

2020-02-07 15:07:48 - [TEST_STEP][PASSED] - excelFile01 = "beams-test-results.xlsx": null

2020-02-07 15:07:48 - [TEST_STEP][PASSED] - ExpectedListSheetFile1 = ["Sheet1"]: null

2020-02-07 15:07:48 - [TEST_STEP][PASSED] - workbookFile01 = getWorkbook(excelFile01): null

2020-02-07 15:07:48 - [TEST_STEP][PASSED] - workbook01 = getWorkbook(excelFile01): null

2020-02-07 15:07:48 - [TEST_STEP][PASSED] - sheet01 = getExcelSheet(workbook01, "Sheet1"): null

2020-02-07 15:07:48 - [TEST_STEP][PASSED] - setValueToCellByAddress(sheet01, "A1", "TEST"): null

2020-02-07 15:07:48 - [TEST_STEP][PASSED] - setValueToCellByAddress(sheet01, "B1", "BEAM"): null

2020-02-07 15:07:48 - [TEST_STEP][PASSED] - setValueToCellByAddress(sheet01, "C1", "UFF"): null

2020-02-07 15:07:48 - [TEST_STEP][PASSED] - setValueToCellByAddress(sheet01, "D1", "PLAN"): null

2020-02-07 15:07:48 - [TEST_STEP][PASSED] - setValueToCellByAddress(sheet01, "E1", "API PLAN"): null

2020-02-07 15:07:48 - [TEST_STEP][PASSED] - mybeam = mybeam: null

2020-02-07 15:07:48 - [TEST_STEP][PASSED] - myuff = myuff: null

2020-02-07 15:07:48 - [TEST_STEP][PASSED] - myplan = myplan: null

2020-02-07 15:07:48 - [TEST_STEP][PASSED] - log = new com.kms.katalon.core.logging.KeywordLogger(): null

2020-02-07 15:07:48 - [TEST_STEP][PASSED] - log.logWarning("beam " + mybeam + " zip " + myzip + " upfront fees " + myuff + " plan " + myplan): beam 704 zip 89019 upfront fees 0 plan VS2 Best Offer A

2020-02-07 15:07:48 - [MESSAGE][WARNING] - beam 704 zip 89019 upfront fees 0 plan VS2 Best Offer A

2020-02-07 15:07:48 - [TEST_STEP][PASSED] - setValueToCellByAddress(sheet01, "B" + mycount, beamFail): null

2020-02-07 15:07:48 - [TEST_STEP][PASSED] - setValueToCellByAddress(sheet01, "C" + mycount, uffFail): null

2020-02-07 15:07:48 - [TEST_STEP][PASSED] - mycount = mycount + 1: null

2020-02-07 15:07:48 - [TEST_STEP][PASSED] - setValueToCellByAddress(sheet01, "A" + mycount, "beam " + mybeam + " zip " + myzip + " upfront fees " + myuff + " plan " + myplan): null

2020-02-07 15:07:48 - [TEST_STEP][PASSED] - setValueToCellByAddress(sheet01, "D" + mycount, myplan): null

2020-02-07 15:07:48 - [TEST_STEP][PASSED] - sendRequestAndVerify(findTestObject("Exede_Zip", ["myzip":myzip])): Send request and verify the response successfully

2020-02-07 15:07:50 - [MESSAGE][INFO] - HAR: /Users/jhampleman/Katalon Studio/Exede_Beam_Tests_v2.1 copy/Reports/20200207_150435/RUN_Exede_Zip_Test/20200207_150435/requests/main/91.har

2020-02-07 15:07:50 - [TEST_CASE][PASSED] - Start Test Case : Verification: Verification accomplished successfully

2020-02-07 15:07:50 - [TEST_STEP][PASSED] - request = getInstance().getCurrentRequest(): null

2020-02-07 15:07:50 - [TEST_STEP][PASSED] - response = getInstance().getCurrentResponse(): null

2020-02-07 15:07:50 - [TEST_STEP][PASSED] - if (!(verifyElementPropertyValue(response, "data.beam", mybeam))): Verify element property value successfully

2020-02-07 15:07:50 - [MESSAGE][PASSED] - Verify element property value successfully

2020-02-07 15:07:50 - [TEST_STEP][PASSED] - else: null

2020-02-07 15:07:50 - [TEST_STEP][PASSED] - beamFail = "P": null

2020-02-07 15:07:50 - [TEST_STEP][PASSED] - if (!(verifyElementPropertyValue(response, "data.product.down", myuff))): Verify element property value successfully

2020-02-07 15:07:50 - [MESSAGE][PASSED] - Verify element property value successfully

2020-02-07 15:07:50 - [TEST_STEP][PASSED] - else: null

2020-02-07 15:07:50 - [TEST_STEP][PASSED] - uffFail = "P": null

2020-02-07 15:07:50 - [TEST_STEP][PASSED] - jsonSlurper = new groovy.json.JsonSlurper(): null

2020-02-07 15:07:50 - [TEST_STEP][PASSED] - object = jsonSlurper.parseText(response.getResponseText()): null

2020-02-07 15:07:50 - [TEST_STEP][PASSED] - println(object): null

2020-02-07 15:07:50 - [TEST_STEP][PASSED] - mytest = plans: null

2020-02-07 15:07:50 - [TEST_STEP][PASSED] - variable = mytest: null

2020-02-07 15:07:50 - [MESSAGE][PASSED] - Verify response successfully

2020-02-07 15:07:50 - [MESSAGE][PASSED] - Send request and verify the response successfully

2020-02-07 15:07:50 - [TEST_STEP][PASSED] - setValueToCellByAddress(sheet01, "E" + mycount, variable): null

2020-02-07 15:07:50 - [TEST_STEP][PASSED] - saveWorkbook(excelFile01, workbook01): null]]></system-out>
         <system-err><![CDATA[]]></system-err>
      </testcase>
      <testcase name="Test Cases/Test_Beams_by_Zip_to_Excel" time="1.826" classname="Test Cases/Test_Beams_by_Zip_to_Excel" status="PASSED">
         <system-out><![CDATA[2020-02-07 15:07:50 - [TEST_CASE][PASSED] - Test Cases/Test_Beams_by_Zip_to_Excel: Test Cases/Test_Beams_by_Zip_to_Excel

2020-02-07 15:07:50 - [TEST_STEP][PASSED] - excelFile01 = "beams-test-results.xlsx": null

2020-02-07 15:07:50 - [TEST_STEP][PASSED] - ExpectedListSheetFile1 = ["Sheet1"]: null

2020-02-07 15:07:50 - [TEST_STEP][PASSED] - workbookFile01 = getWorkbook(excelFile01): null

2020-02-07 15:07:50 - [TEST_STEP][PASSED] - workbook01 = getWorkbook(excelFile01): null

2020-02-07 15:07:50 - [TEST_STEP][PASSED] - sheet01 = getExcelSheet(workbook01, "Sheet1"): null

2020-02-07 15:07:50 - [TEST_STEP][PASSED] - setValueToCellByAddress(sheet01, "A1", "TEST"): null

2020-02-07 15:07:50 - [TEST_STEP][PASSED] - setValueToCellByAddress(sheet01, "B1", "BEAM"): null

2020-02-07 15:07:50 - [TEST_STEP][PASSED] - setValueToCellByAddress(sheet01, "C1", "UFF"): null

2020-02-07 15:07:50 - [TEST_STEP][PASSED] - setValueToCellByAddress(sheet01, "D1", "PLAN"): null

2020-02-07 15:07:50 - [TEST_STEP][PASSED] - setValueToCellByAddress(sheet01, "E1", "API PLAN"): null

2020-02-07 15:07:50 - [TEST_STEP][PASSED] - mybeam = mybeam: null

2020-02-07 15:07:50 - [TEST_STEP][PASSED] - myuff = myuff: null

2020-02-07 15:07:50 - [TEST_STEP][PASSED] - myplan = myplan: null

2020-02-07 15:07:50 - [TEST_STEP][PASSED] - log = new com.kms.katalon.core.logging.KeywordLogger(): null

2020-02-07 15:07:50 - [TEST_STEP][PASSED] - log.logWarning("beam " + mybeam + " zip " + myzip + " upfront fees " + myuff + " plan " + myplan): beam 705 zip 85145 upfront fees 0 plan VS2 Best Offer A

2020-02-07 15:07:50 - [MESSAGE][WARNING] - beam 705 zip 85145 upfront fees 0 plan VS2 Best Offer A

2020-02-07 15:07:50 - [TEST_STEP][PASSED] - setValueToCellByAddress(sheet01, "B" + mycount, beamFail): null

2020-02-07 15:07:50 - [TEST_STEP][PASSED] - setValueToCellByAddress(sheet01, "C" + mycount, uffFail): null

2020-02-07 15:07:50 - [TEST_STEP][PASSED] - mycount = mycount + 1: null

2020-02-07 15:07:50 - [TEST_STEP][PASSED] - setValueToCellByAddress(sheet01, "A" + mycount, "beam " + mybeam + " zip " + myzip + " upfront fees " + myuff + " plan " + myplan): null

2020-02-07 15:07:50 - [TEST_STEP][PASSED] - setValueToCellByAddress(sheet01, "D" + mycount, myplan): null

2020-02-07 15:07:50 - [TEST_STEP][PASSED] - sendRequestAndVerify(findTestObject("Exede_Zip", ["myzip":myzip])): Send request and verify the response successfully

2020-02-07 15:07:52 - [MESSAGE][INFO] - HAR: /Users/jhampleman/Katalon Studio/Exede_Beam_Tests_v2.1 copy/Reports/20200207_150435/RUN_Exede_Zip_Test/20200207_150435/requests/main/92.har

2020-02-07 15:07:52 - [TEST_CASE][PASSED] - Start Test Case : Verification: Verification accomplished successfully

2020-02-07 15:07:52 - [TEST_STEP][PASSED] - request = getInstance().getCurrentRequest(): null

2020-02-07 15:07:52 - [TEST_STEP][PASSED] - response = getInstance().getCurrentResponse(): null

2020-02-07 15:07:52 - [TEST_STEP][PASSED] - if (!(verifyElementPropertyValue(response, "data.beam", mybeam))): Verify element property value successfully

2020-02-07 15:07:52 - [MESSAGE][PASSED] - Verify element property value successfully

2020-02-07 15:07:52 - [TEST_STEP][PASSED] - else: null

2020-02-07 15:07:52 - [TEST_STEP][PASSED] - beamFail = "P": null

2020-02-07 15:07:52 - [TEST_STEP][PASSED] - if (!(verifyElementPropertyValue(response, "data.product.down", myuff))): Verify element property value successfully

2020-02-07 15:07:52 - [MESSAGE][PASSED] - Verify element property value successfully

2020-02-07 15:07:52 - [TEST_STEP][PASSED] - else: null

2020-02-07 15:07:52 - [TEST_STEP][PASSED] - uffFail = "P": null

2020-02-07 15:07:52 - [TEST_STEP][PASSED] - jsonSlurper = new groovy.json.JsonSlurper(): null

2020-02-07 15:07:52 - [TEST_STEP][PASSED] - object = jsonSlurper.parseText(response.getResponseText()): null

2020-02-07 15:07:52 - [TEST_STEP][PASSED] - println(object): null

2020-02-07 15:07:52 - [TEST_STEP][PASSED] - mytest = plans: null

2020-02-07 15:07:52 - [TEST_STEP][PASSED] - variable = mytest: null

2020-02-07 15:07:52 - [MESSAGE][PASSED] - Verify response successfully

2020-02-07 15:07:52 - [MESSAGE][PASSED] - Send request and verify the response successfully

2020-02-07 15:07:52 - [TEST_STEP][PASSED] - setValueToCellByAddress(sheet01, "E" + mycount, variable): null

2020-02-07 15:07:52 - [TEST_STEP][PASSED] - saveWorkbook(excelFile01, workbook01): null]]></system-out>
         <system-err><![CDATA[]]></system-err>
      </testcase>
      <testcase name="Test Cases/Test_Beams_by_Zip_to_Excel" time="1.814" classname="Test Cases/Test_Beams_by_Zip_to_Excel" status="PASSED">
         <system-out><![CDATA[2020-02-07 15:07:52 - [TEST_CASE][PASSED] - Test Cases/Test_Beams_by_Zip_to_Excel: Test Cases/Test_Beams_by_Zip_to_Excel

2020-02-07 15:07:52 - [TEST_STEP][PASSED] - excelFile01 = "beams-test-results.xlsx": null

2020-02-07 15:07:52 - [TEST_STEP][PASSED] - ExpectedListSheetFile1 = ["Sheet1"]: null

2020-02-07 15:07:52 - [TEST_STEP][PASSED] - workbookFile01 = getWorkbook(excelFile01): null

2020-02-07 15:07:52 - [TEST_STEP][PASSED] - workbook01 = getWorkbook(excelFile01): null

2020-02-07 15:07:52 - [TEST_STEP][PASSED] - sheet01 = getExcelSheet(workbook01, "Sheet1"): null

2020-02-07 15:07:52 - [TEST_STEP][PASSED] - setValueToCellByAddress(sheet01, "A1", "TEST"): null

2020-02-07 15:07:52 - [TEST_STEP][PASSED] - setValueToCellByAddress(sheet01, "B1", "BEAM"): null

2020-02-07 15:07:52 - [TEST_STEP][PASSED] - setValueToCellByAddress(sheet01, "C1", "UFF"): null

2020-02-07 15:07:52 - [TEST_STEP][PASSED] - setValueToCellByAddress(sheet01, "D1", "PLAN"): null

2020-02-07 15:07:52 - [TEST_STEP][PASSED] - setValueToCellByAddress(sheet01, "E1", "API PLAN"): null

2020-02-07 15:07:52 - [TEST_STEP][PASSED] - mybeam = mybeam: null

2020-02-07 15:07:52 - [TEST_STEP][PASSED] - myuff = myuff: null

2020-02-07 15:07:52 - [TEST_STEP][PASSED] - myplan = myplan: null

2020-02-07 15:07:52 - [TEST_STEP][PASSED] - log = new com.kms.katalon.core.logging.KeywordLogger(): null

2020-02-07 15:07:52 - [TEST_STEP][PASSED] - log.logWarning("beam " + mybeam + " zip " + myzip + " upfront fees " + myuff + " plan " + myplan): beam 706 zip 97045 upfront fees 0 plan VS2 Best Offer B

2020-02-07 15:07:52 - [MESSAGE][WARNING] - beam 706 zip 97045 upfront fees 0 plan VS2 Best Offer B

2020-02-07 15:07:52 - [TEST_STEP][PASSED] - setValueToCellByAddress(sheet01, "B" + mycount, beamFail): null

2020-02-07 15:07:52 - [TEST_STEP][PASSED] - setValueToCellByAddress(sheet01, "C" + mycount, uffFail): null

2020-02-07 15:07:52 - [TEST_STEP][PASSED] - mycount = mycount + 1: null

2020-02-07 15:07:52 - [TEST_STEP][PASSED] - setValueToCellByAddress(sheet01, "A" + mycount, "beam " + mybeam + " zip " + myzip + " upfront fees " + myuff + " plan " + myplan): null

2020-02-07 15:07:52 - [TEST_STEP][PASSED] - setValueToCellByAddress(sheet01, "D" + mycount, myplan): null

2020-02-07 15:07:52 - [TEST_STEP][PASSED] - sendRequestAndVerify(findTestObject("Exede_Zip", ["myzip":myzip])): Send request and verify the response successfully

2020-02-07 15:07:54 - [MESSAGE][INFO] - HAR: /Users/jhampleman/Katalon Studio/Exede_Beam_Tests_v2.1 copy/Reports/20200207_150435/RUN_Exede_Zip_Test/20200207_150435/requests/main/93.har

2020-02-07 15:07:54 - [TEST_CASE][PASSED] - Start Test Case : Verification: Verification accomplished successfully

2020-02-07 15:07:54 - [TEST_STEP][PASSED] - request = getInstance().getCurrentRequest(): null

2020-02-07 15:07:54 - [TEST_STEP][PASSED] - response = getInstance().getCurrentResponse(): null

2020-02-07 15:07:54 - [TEST_STEP][PASSED] - if (!(verifyElementPropertyValue(response, "data.beam", mybeam))): Verify element property value successfully

2020-02-07 15:07:54 - [MESSAGE][PASSED] - Verify element property value successfully

2020-02-07 15:07:54 - [TEST_STEP][PASSED] - else: null

2020-02-07 15:07:54 - [TEST_STEP][PASSED] - beamFail = "P": null

2020-02-07 15:07:54 - [TEST_STEP][PASSED] - if (!(verifyElementPropertyValue(response, "data.product.down", myuff))): Verify element property value successfully

2020-02-07 15:07:54 - [MESSAGE][PASSED] - Verify element property value successfully

2020-02-07 15:07:54 - [TEST_STEP][PASSED] - else: null

2020-02-07 15:07:54 - [TEST_STEP][PASSED] - uffFail = "P": null

2020-02-07 15:07:54 - [TEST_STEP][PASSED] - jsonSlurper = new groovy.json.JsonSlurper(): null

2020-02-07 15:07:54 - [TEST_STEP][PASSED] - object = jsonSlurper.parseText(response.getResponseText()): null

2020-02-07 15:07:54 - [TEST_STEP][PASSED] - println(object): null

2020-02-07 15:07:54 - [TEST_STEP][PASSED] - mytest = plans: null

2020-02-07 15:07:54 - [TEST_STEP][PASSED] - variable = mytest: null

2020-02-07 15:07:54 - [MESSAGE][PASSED] - Verify response successfully

2020-02-07 15:07:54 - [MESSAGE][PASSED] - Send request and verify the response successfully

2020-02-07 15:07:54 - [TEST_STEP][PASSED] - setValueToCellByAddress(sheet01, "E" + mycount, variable): null

2020-02-07 15:07:54 - [TEST_STEP][PASSED] - saveWorkbook(excelFile01, workbook01): null]]></system-out>
         <system-err><![CDATA[]]></system-err>
      </testcase>
      <testcase name="Test Cases/Test_Beams_by_Zip_to_Excel" time="2.045" classname="Test Cases/Test_Beams_by_Zip_to_Excel" status="PASSED">
         <system-out><![CDATA[2020-02-07 15:07:54 - [TEST_CASE][PASSED] - Test Cases/Test_Beams_by_Zip_to_Excel: Test Cases/Test_Beams_by_Zip_to_Excel

2020-02-07 15:07:54 - [TEST_STEP][PASSED] - excelFile01 = "beams-test-results.xlsx": null

2020-02-07 15:07:54 - [TEST_STEP][PASSED] - ExpectedListSheetFile1 = ["Sheet1"]: null

2020-02-07 15:07:54 - [TEST_STEP][PASSED] - workbookFile01 = getWorkbook(excelFile01): null

2020-02-07 15:07:54 - [TEST_STEP][PASSED] - workbook01 = getWorkbook(excelFile01): null

2020-02-07 15:07:54 - [TEST_STEP][PASSED] - sheet01 = getExcelSheet(workbook01, "Sheet1"): null

2020-02-07 15:07:54 - [TEST_STEP][PASSED] - setValueToCellByAddress(sheet01, "A1", "TEST"): null

2020-02-07 15:07:54 - [TEST_STEP][PASSED] - setValueToCellByAddress(sheet01, "B1", "BEAM"): null

2020-02-07 15:07:54 - [TEST_STEP][PASSED] - setValueToCellByAddress(sheet01, "C1", "UFF"): null

2020-02-07 15:07:54 - [TEST_STEP][PASSED] - setValueToCellByAddress(sheet01, "D1", "PLAN"): null

2020-02-07 15:07:54 - [TEST_STEP][PASSED] - setValueToCellByAddress(sheet01, "E1", "API PLAN"): null

2020-02-07 15:07:54 - [TEST_STEP][PASSED] - mybeam = mybeam: null

2020-02-07 15:07:54 - [TEST_STEP][PASSED] - myuff = myuff: null

2020-02-07 15:07:54 - [TEST_STEP][PASSED] - myplan = myplan: null

2020-02-07 15:07:54 - [TEST_STEP][PASSED] - log = new com.kms.katalon.core.logging.KeywordLogger(): null

2020-02-07 15:07:54 - [TEST_STEP][PASSED] - log.logWarning("beam " + mybeam + " zip " + myzip + " upfront fees " + myuff + " plan " + myplan): beam 707 zip 79838 upfront fees 0 plan VS2 Best Offer B

2020-02-07 15:07:54 - [MESSAGE][WARNING] - beam 707 zip 79838 upfront fees 0 plan VS2 Best Offer B

2020-02-07 15:07:54 - [TEST_STEP][PASSED] - setValueToCellByAddress(sheet01, "B" + mycount, beamFail): null

2020-02-07 15:07:54 - [TEST_STEP][PASSED] - setValueToCellByAddress(sheet01, "C" + mycount, uffFail): null

2020-02-07 15:07:54 - [TEST_STEP][PASSED] - mycount = mycount + 1: null

2020-02-07 15:07:54 - [TEST_STEP][PASSED] - setValueToCellByAddress(sheet01, "A" + mycount, "beam " + mybeam + " zip " + myzip + " upfront fees " + myuff + " plan " + myplan): null

2020-02-07 15:07:54 - [TEST_STEP][PASSED] - setValueToCellByAddress(sheet01, "D" + mycount, myplan): null

2020-02-07 15:07:54 - [TEST_STEP][PASSED] - sendRequestAndVerify(findTestObject("Exede_Zip", ["myzip":myzip])): Send request and verify the response successfully

2020-02-07 15:07:56 - [MESSAGE][INFO] - HAR: /Users/jhampleman/Katalon Studio/Exede_Beam_Tests_v2.1 copy/Reports/20200207_150435/RUN_Exede_Zip_Test/20200207_150435/requests/main/94.har

2020-02-07 15:07:56 - [TEST_CASE][PASSED] - Start Test Case : Verification: Verification accomplished successfully

2020-02-07 15:07:56 - [TEST_STEP][PASSED] - request = getInstance().getCurrentRequest(): null

2020-02-07 15:07:56 - [TEST_STEP][PASSED] - response = getInstance().getCurrentResponse(): null

2020-02-07 15:07:56 - [TEST_STEP][PASSED] - if (!(verifyElementPropertyValue(response, "data.beam", mybeam))): Verify element property value successfully

2020-02-07 15:07:56 - [MESSAGE][PASSED] - Verify element property value successfully

2020-02-07 15:07:56 - [TEST_STEP][PASSED] - else: null

2020-02-07 15:07:56 - [TEST_STEP][PASSED] - beamFail = "P": null

2020-02-07 15:07:56 - [TEST_STEP][PASSED] - if (!(verifyElementPropertyValue(response, "data.product.down", myuff))): Verify element property value successfully

2020-02-07 15:07:56 - [MESSAGE][PASSED] - Verify element property value successfully

2020-02-07 15:07:56 - [TEST_STEP][PASSED] - else: null

2020-02-07 15:07:56 - [TEST_STEP][PASSED] - uffFail = "P": null

2020-02-07 15:07:56 - [TEST_STEP][PASSED] - jsonSlurper = new groovy.json.JsonSlurper(): null

2020-02-07 15:07:56 - [TEST_STEP][PASSED] - object = jsonSlurper.parseText(response.getResponseText()): null

2020-02-07 15:07:56 - [TEST_STEP][PASSED] - println(object): null

2020-02-07 15:07:56 - [TEST_STEP][PASSED] - mytest = plans: null

2020-02-07 15:07:56 - [TEST_STEP][PASSED] - variable = mytest: null

2020-02-07 15:07:56 - [MESSAGE][PASSED] - Verify response successfully

2020-02-07 15:07:56 - [MESSAGE][PASSED] - Send request and verify the response successfully

2020-02-07 15:07:56 - [TEST_STEP][PASSED] - setValueToCellByAddress(sheet01, "E" + mycount, variable): null

2020-02-07 15:07:56 - [TEST_STEP][PASSED] - saveWorkbook(excelFile01, workbook01): null]]></system-out>
         <system-err><![CDATA[]]></system-err>
      </testcase>
      <testcase name="Test Cases/Test_Beams_by_Zip_to_Excel" time="1.839" classname="Test Cases/Test_Beams_by_Zip_to_Excel" status="PASSED">
         <system-out><![CDATA[2020-02-07 15:07:56 - [TEST_CASE][PASSED] - Test Cases/Test_Beams_by_Zip_to_Excel: Test Cases/Test_Beams_by_Zip_to_Excel

2020-02-07 15:07:56 - [TEST_STEP][PASSED] - excelFile01 = "beams-test-results.xlsx": null

2020-02-07 15:07:56 - [TEST_STEP][PASSED] - ExpectedListSheetFile1 = ["Sheet1"]: null

2020-02-07 15:07:56 - [TEST_STEP][PASSED] - workbookFile01 = getWorkbook(excelFile01): null

2020-02-07 15:07:56 - [TEST_STEP][PASSED] - workbook01 = getWorkbook(excelFile01): null

2020-02-07 15:07:56 - [TEST_STEP][PASSED] - sheet01 = getExcelSheet(workbook01, "Sheet1"): null

2020-02-07 15:07:56 - [TEST_STEP][PASSED] - setValueToCellByAddress(sheet01, "A1", "TEST"): null

2020-02-07 15:07:56 - [TEST_STEP][PASSED] - setValueToCellByAddress(sheet01, "B1", "BEAM"): null

2020-02-07 15:07:56 - [TEST_STEP][PASSED] - setValueToCellByAddress(sheet01, "C1", "UFF"): null

2020-02-07 15:07:56 - [TEST_STEP][PASSED] - setValueToCellByAddress(sheet01, "D1", "PLAN"): null

2020-02-07 15:07:56 - [TEST_STEP][PASSED] - setValueToCellByAddress(sheet01, "E1", "API PLAN"): null

2020-02-07 15:07:56 - [TEST_STEP][PASSED] - mybeam = mybeam: null

2020-02-07 15:07:56 - [TEST_STEP][PASSED] - myuff = myuff: null

2020-02-07 15:07:56 - [TEST_STEP][PASSED] - myplan = myplan: null

2020-02-07 15:07:56 - [TEST_STEP][PASSED] - log = new com.kms.katalon.core.logging.KeywordLogger(): null

2020-02-07 15:07:56 - [TEST_STEP][PASSED] - log.logWarning("beam " + mybeam + " zip " + myzip + " upfront fees " + myuff + " plan " + myplan): beam 708 zip 84017 upfront fees 0 plan VS2 Best Offer B

2020-02-07 15:07:56 - [MESSAGE][WARNING] - beam 708 zip 84017 upfront fees 0 plan VS2 Best Offer B

2020-02-07 15:07:56 - [TEST_STEP][PASSED] - setValueToCellByAddress(sheet01, "B" + mycount, beamFail): null

2020-02-07 15:07:56 - [TEST_STEP][PASSED] - setValueToCellByAddress(sheet01, "C" + mycount, uffFail): null

2020-02-07 15:07:56 - [TEST_STEP][PASSED] - mycount = mycount + 1: null

2020-02-07 15:07:56 - [TEST_STEP][PASSED] - setValueToCellByAddress(sheet01, "A" + mycount, "beam " + mybeam + " zip " + myzip + " upfront fees " + myuff + " plan " + myplan): null

2020-02-07 15:07:56 - [TEST_STEP][PASSED] - setValueToCellByAddress(sheet01, "D" + mycount, myplan): null

2020-02-07 15:07:56 - [TEST_STEP][PASSED] - sendRequestAndVerify(findTestObject("Exede_Zip", ["myzip":myzip])): Send request and verify the response successfully

2020-02-07 15:07:58 - [MESSAGE][INFO] - HAR: /Users/jhampleman/Katalon Studio/Exede_Beam_Tests_v2.1 copy/Reports/20200207_150435/RUN_Exede_Zip_Test/20200207_150435/requests/main/95.har

2020-02-07 15:07:58 - [TEST_CASE][PASSED] - Start Test Case : Verification: Verification accomplished successfully

2020-02-07 15:07:58 - [TEST_STEP][PASSED] - request = getInstance().getCurrentRequest(): null

2020-02-07 15:07:58 - [TEST_STEP][PASSED] - response = getInstance().getCurrentResponse(): null

2020-02-07 15:07:58 - [TEST_STEP][PASSED] - if (!(verifyElementPropertyValue(response, "data.beam", mybeam))): Verify element property value successfully

2020-02-07 15:07:58 - [MESSAGE][PASSED] - Verify element property value successfully

2020-02-07 15:07:58 - [TEST_STEP][PASSED] - else: null

2020-02-07 15:07:58 - [TEST_STEP][PASSED] - beamFail = "P": null

2020-02-07 15:07:58 - [TEST_STEP][PASSED] - if (!(verifyElementPropertyValue(response, "data.product.down", myuff))): Verify element property value successfully

2020-02-07 15:07:58 - [MESSAGE][PASSED] - Verify element property value successfully

2020-02-07 15:07:58 - [TEST_STEP][PASSED] - else: null

2020-02-07 15:07:58 - [TEST_STEP][PASSED] - uffFail = "P": null

2020-02-07 15:07:58 - [TEST_STEP][PASSED] - jsonSlurper = new groovy.json.JsonSlurper(): null

2020-02-07 15:07:58 - [TEST_STEP][PASSED] - object = jsonSlurper.parseText(response.getResponseText()): null

2020-02-07 15:07:58 - [TEST_STEP][PASSED] - println(object): null

2020-02-07 15:07:58 - [TEST_STEP][PASSED] - mytest = plans: null

2020-02-07 15:07:58 - [TEST_STEP][PASSED] - variable = mytest: null

2020-02-07 15:07:58 - [MESSAGE][PASSED] - Verify response successfully

2020-02-07 15:07:58 - [MESSAGE][PASSED] - Send request and verify the response successfully

2020-02-07 15:07:58 - [TEST_STEP][PASSED] - setValueToCellByAddress(sheet01, "E" + mycount, variable): null

2020-02-07 15:07:58 - [TEST_STEP][PASSED] - saveWorkbook(excelFile01, workbook01): null]]></system-out>
         <system-err><![CDATA[]]></system-err>
      </testcase>
      <testcase name="Test Cases/Test_Beams_by_Zip_to_Excel" time="2.246" classname="Test Cases/Test_Beams_by_Zip_to_Excel" status="PASSED">
         <system-out><![CDATA[2020-02-07 15:07:58 - [TEST_CASE][PASSED] - Test Cases/Test_Beams_by_Zip_to_Excel: Test Cases/Test_Beams_by_Zip_to_Excel

2020-02-07 15:07:58 - [TEST_STEP][PASSED] - excelFile01 = "beams-test-results.xlsx": null

2020-02-07 15:07:58 - [TEST_STEP][PASSED] - ExpectedListSheetFile1 = ["Sheet1"]: null

2020-02-07 15:07:58 - [TEST_STEP][PASSED] - workbookFile01 = getWorkbook(excelFile01): null

2020-02-07 15:07:58 - [TEST_STEP][PASSED] - workbook01 = getWorkbook(excelFile01): null

2020-02-07 15:07:58 - [TEST_STEP][PASSED] - sheet01 = getExcelSheet(workbook01, "Sheet1"): null

2020-02-07 15:07:58 - [TEST_STEP][PASSED] - setValueToCellByAddress(sheet01, "A1", "TEST"): null

2020-02-07 15:07:58 - [TEST_STEP][PASSED] - setValueToCellByAddress(sheet01, "B1", "BEAM"): null

2020-02-07 15:07:58 - [TEST_STEP][PASSED] - setValueToCellByAddress(sheet01, "C1", "UFF"): null

2020-02-07 15:07:58 - [TEST_STEP][PASSED] - setValueToCellByAddress(sheet01, "D1", "PLAN"): null

2020-02-07 15:07:58 - [TEST_STEP][PASSED] - setValueToCellByAddress(sheet01, "E1", "API PLAN"): null

2020-02-07 15:07:58 - [TEST_STEP][PASSED] - mybeam = mybeam: null

2020-02-07 15:07:58 - [TEST_STEP][PASSED] - myuff = myuff: null

2020-02-07 15:07:58 - [TEST_STEP][PASSED] - myplan = myplan: null

2020-02-07 15:07:58 - [TEST_STEP][PASSED] - log = new com.kms.katalon.core.logging.KeywordLogger(): null

2020-02-07 15:07:58 - [TEST_STEP][PASSED] - log.logWarning("beam " + mybeam + " zip " + myzip + " upfront fees " + myuff + " plan " + myplan): beam 709 zip 87113 upfront fees 0 plan VS2 Best Offer B

2020-02-07 15:07:58 - [MESSAGE][WARNING] - beam 709 zip 87113 upfront fees 0 plan VS2 Best Offer B

2020-02-07 15:07:58 - [TEST_STEP][PASSED] - setValueToCellByAddress(sheet01, "B" + mycount, beamFail): null

2020-02-07 15:07:58 - [TEST_STEP][PASSED] - setValueToCellByAddress(sheet01, "C" + mycount, uffFail): null

2020-02-07 15:07:58 - [TEST_STEP][PASSED] - mycount = mycount + 1: null

2020-02-07 15:07:58 - [TEST_STEP][PASSED] - setValueToCellByAddress(sheet01, "A" + mycount, "beam " + mybeam + " zip " + myzip + " upfront fees " + myuff + " plan " + myplan): null

2020-02-07 15:07:58 - [TEST_STEP][PASSED] - setValueToCellByAddress(sheet01, "D" + mycount, myplan): null

2020-02-07 15:07:58 - [TEST_STEP][PASSED] - sendRequestAndVerify(findTestObject("Exede_Zip", ["myzip":myzip])): Send request and verify the response successfully

2020-02-07 15:08:00 - [MESSAGE][INFO] - HAR: /Users/jhampleman/Katalon Studio/Exede_Beam_Tests_v2.1 copy/Reports/20200207_150435/RUN_Exede_Zip_Test/20200207_150435/requests/main/96.har

2020-02-07 15:08:00 - [TEST_CASE][PASSED] - Start Test Case : Verification: Verification accomplished successfully

2020-02-07 15:08:00 - [TEST_STEP][PASSED] - request = getInstance().getCurrentRequest(): null

2020-02-07 15:08:00 - [TEST_STEP][PASSED] - response = getInstance().getCurrentResponse(): null

2020-02-07 15:08:00 - [TEST_STEP][PASSED] - if (!(verifyElementPropertyValue(response, "data.beam", mybeam))): Verify element property value successfully

2020-02-07 15:08:00 - [MESSAGE][PASSED] - Verify element property value successfully

2020-02-07 15:08:00 - [TEST_STEP][PASSED] - else: null

2020-02-07 15:08:00 - [TEST_STEP][PASSED] - beamFail = "P": null

2020-02-07 15:08:00 - [TEST_STEP][PASSED] - if (!(verifyElementPropertyValue(response, "data.product.down", myuff))): Verify element property value successfully

2020-02-07 15:08:00 - [MESSAGE][PASSED] - Verify element property value successfully

2020-02-07 15:08:00 - [TEST_STEP][PASSED] - else: null

2020-02-07 15:08:00 - [TEST_STEP][PASSED] - uffFail = "P": null

2020-02-07 15:08:00 - [TEST_STEP][PASSED] - jsonSlurper = new groovy.json.JsonSlurper(): null

2020-02-07 15:08:00 - [TEST_STEP][PASSED] - object = jsonSlurper.parseText(response.getResponseText()): null

2020-02-07 15:08:00 - [TEST_STEP][PASSED] - println(object): null

2020-02-07 15:08:00 - [TEST_STEP][PASSED] - mytest = plans: null

2020-02-07 15:08:00 - [TEST_STEP][PASSED] - variable = mytest: null

2020-02-07 15:08:00 - [MESSAGE][PASSED] - Verify response successfully

2020-02-07 15:08:00 - [MESSAGE][PASSED] - Send request and verify the response successfully

2020-02-07 15:08:00 - [TEST_STEP][PASSED] - setValueToCellByAddress(sheet01, "E" + mycount, variable): null

2020-02-07 15:08:00 - [TEST_STEP][PASSED] - saveWorkbook(excelFile01, workbook01): null]]></system-out>
         <system-err><![CDATA[]]></system-err>
      </testcase>
      <testcase name="Test Cases/Test_Beams_by_Zip_to_Excel" time="2.039" classname="Test Cases/Test_Beams_by_Zip_to_Excel" status="PASSED">
         <system-out><![CDATA[2020-02-07 15:08:00 - [TEST_CASE][PASSED] - Test Cases/Test_Beams_by_Zip_to_Excel: Test Cases/Test_Beams_by_Zip_to_Excel

2020-02-07 15:08:00 - [TEST_STEP][PASSED] - excelFile01 = "beams-test-results.xlsx": null

2020-02-07 15:08:00 - [TEST_STEP][PASSED] - ExpectedListSheetFile1 = ["Sheet1"]: null

2020-02-07 15:08:00 - [TEST_STEP][PASSED] - workbookFile01 = getWorkbook(excelFile01): null

2020-02-07 15:08:00 - [TEST_STEP][PASSED] - workbook01 = getWorkbook(excelFile01): null

2020-02-07 15:08:00 - [TEST_STEP][PASSED] - sheet01 = getExcelSheet(workbook01, "Sheet1"): null

2020-02-07 15:08:00 - [TEST_STEP][PASSED] - setValueToCellByAddress(sheet01, "A1", "TEST"): null

2020-02-07 15:08:00 - [TEST_STEP][PASSED] - setValueToCellByAddress(sheet01, "B1", "BEAM"): null

2020-02-07 15:08:00 - [TEST_STEP][PASSED] - setValueToCellByAddress(sheet01, "C1", "UFF"): null

2020-02-07 15:08:00 - [TEST_STEP][PASSED] - setValueToCellByAddress(sheet01, "D1", "PLAN"): null

2020-02-07 15:08:00 - [TEST_STEP][PASSED] - setValueToCellByAddress(sheet01, "E1", "API PLAN"): null

2020-02-07 15:08:00 - [TEST_STEP][PASSED] - mybeam = mybeam: null

2020-02-07 15:08:00 - [TEST_STEP][PASSED] - myuff = myuff: null

2020-02-07 15:08:00 - [TEST_STEP][PASSED] - myplan = myplan: null

2020-02-07 15:08:00 - [TEST_STEP][PASSED] - log = new com.kms.katalon.core.logging.KeywordLogger(): null

2020-02-07 15:08:00 - [TEST_STEP][PASSED] - log.logWarning("beam " + mybeam + " zip " + myzip + " upfront fees " + myuff + " plan " + myplan): beam 710 zip 59632 upfront fees 0 plan VS2 Best Offer B

2020-02-07 15:08:00 - [MESSAGE][WARNING] - beam 710 zip 59632 upfront fees 0 plan VS2 Best Offer B

2020-02-07 15:08:00 - [TEST_STEP][PASSED] - setValueToCellByAddress(sheet01, "B" + mycount, beamFail): null

2020-02-07 15:08:00 - [TEST_STEP][PASSED] - setValueToCellByAddress(sheet01, "C" + mycount, uffFail): null

2020-02-07 15:08:00 - [TEST_STEP][PASSED] - mycount = mycount + 1: null

2020-02-07 15:08:00 - [TEST_STEP][PASSED] - setValueToCellByAddress(sheet01, "A" + mycount, "beam " + mybeam + " zip " + myzip + " upfront fees " + myuff + " plan " + myplan): null

2020-02-07 15:08:00 - [TEST_STEP][PASSED] - setValueToCellByAddress(sheet01, "D" + mycount, myplan): null

2020-02-07 15:08:00 - [TEST_STEP][PASSED] - sendRequestAndVerify(findTestObject("Exede_Zip", ["myzip":myzip])): Send request and verify the response successfully

2020-02-07 15:08:02 - [MESSAGE][INFO] - HAR: /Users/jhampleman/Katalon Studio/Exede_Beam_Tests_v2.1 copy/Reports/20200207_150435/RUN_Exede_Zip_Test/20200207_150435/requests/main/97.har

2020-02-07 15:08:02 - [TEST_CASE][PASSED] - Start Test Case : Verification: Verification accomplished successfully

2020-02-07 15:08:02 - [TEST_STEP][PASSED] - request = getInstance().getCurrentRequest(): null

2020-02-07 15:08:02 - [TEST_STEP][PASSED] - response = getInstance().getCurrentResponse(): null

2020-02-07 15:08:02 - [TEST_STEP][PASSED] - if (!(verifyElementPropertyValue(response, "data.beam", mybeam))): Verify element property value successfully

2020-02-07 15:08:02 - [MESSAGE][PASSED] - Verify element property value successfully

2020-02-07 15:08:02 - [TEST_STEP][PASSED] - else: null

2020-02-07 15:08:02 - [TEST_STEP][PASSED] - beamFail = "P": null

2020-02-07 15:08:02 - [TEST_STEP][PASSED] - if (!(verifyElementPropertyValue(response, "data.product.down", myuff))): Verify element property value successfully

2020-02-07 15:08:02 - [MESSAGE][PASSED] - Verify element property value successfully

2020-02-07 15:08:02 - [TEST_STEP][PASSED] - else: null

2020-02-07 15:08:02 - [TEST_STEP][PASSED] - uffFail = "P": null

2020-02-07 15:08:02 - [TEST_STEP][PASSED] - jsonSlurper = new groovy.json.JsonSlurper(): null

2020-02-07 15:08:02 - [TEST_STEP][PASSED] - object = jsonSlurper.parseText(response.getResponseText()): null

2020-02-07 15:08:02 - [TEST_STEP][PASSED] - println(object): null

2020-02-07 15:08:02 - [TEST_STEP][PASSED] - mytest = plans: null

2020-02-07 15:08:02 - [TEST_STEP][PASSED] - variable = mytest: null

2020-02-07 15:08:02 - [MESSAGE][PASSED] - Verify response successfully

2020-02-07 15:08:02 - [MESSAGE][PASSED] - Send request and verify the response successfully

2020-02-07 15:08:02 - [TEST_STEP][PASSED] - setValueToCellByAddress(sheet01, "E" + mycount, variable): null

2020-02-07 15:08:02 - [TEST_STEP][PASSED] - saveWorkbook(excelFile01, workbook01): null]]></system-out>
         <system-err><![CDATA[]]></system-err>
      </testcase>
      <testcase name="Test Cases/Test_Beams_by_Zip_to_Excel" time="1.828" classname="Test Cases/Test_Beams_by_Zip_to_Excel" status="PASSED">
         <system-out><![CDATA[2020-02-07 15:08:02 - [TEST_CASE][PASSED] - Test Cases/Test_Beams_by_Zip_to_Excel: Test Cases/Test_Beams_by_Zip_to_Excel

2020-02-07 15:08:02 - [TEST_STEP][PASSED] - excelFile01 = "beams-test-results.xlsx": null

2020-02-07 15:08:02 - [TEST_STEP][PASSED] - ExpectedListSheetFile1 = ["Sheet1"]: null

2020-02-07 15:08:02 - [TEST_STEP][PASSED] - workbookFile01 = getWorkbook(excelFile01): null

2020-02-07 15:08:02 - [TEST_STEP][PASSED] - workbook01 = getWorkbook(excelFile01): null

2020-02-07 15:08:02 - [TEST_STEP][PASSED] - sheet01 = getExcelSheet(workbook01, "Sheet1"): null

2020-02-07 15:08:02 - [TEST_STEP][PASSED] - setValueToCellByAddress(sheet01, "A1", "TEST"): null

2020-02-07 15:08:02 - [TEST_STEP][PASSED] - setValueToCellByAddress(sheet01, "B1", "BEAM"): null

2020-02-07 15:08:02 - [TEST_STEP][PASSED] - setValueToCellByAddress(sheet01, "C1", "UFF"): null

2020-02-07 15:08:02 - [TEST_STEP][PASSED] - setValueToCellByAddress(sheet01, "D1", "PLAN"): null

2020-02-07 15:08:02 - [TEST_STEP][PASSED] - setValueToCellByAddress(sheet01, "E1", "API PLAN"): null

2020-02-07 15:08:02 - [TEST_STEP][PASSED] - mybeam = mybeam: null

2020-02-07 15:08:02 - [TEST_STEP][PASSED] - myuff = myuff: null

2020-02-07 15:08:02 - [TEST_STEP][PASSED] - myplan = myplan: null

2020-02-07 15:08:02 - [TEST_STEP][PASSED] - log = new com.kms.katalon.core.logging.KeywordLogger(): null

2020-02-07 15:08:02 - [TEST_STEP][PASSED] - log.logWarning("beam " + mybeam + " zip " + myzip + " upfront fees " + myuff + " plan " + myplan): beam 711 zip 80112 upfront fees 0 plan VS2 Best Offer B

2020-02-07 15:08:02 - [MESSAGE][WARNING] - beam 711 zip 80112 upfront fees 0 plan VS2 Best Offer B

2020-02-07 15:08:02 - [TEST_STEP][PASSED] - setValueToCellByAddress(sheet01, "B" + mycount, beamFail): null

2020-02-07 15:08:02 - [TEST_STEP][PASSED] - setValueToCellByAddress(sheet01, "C" + mycount, uffFail): null

2020-02-07 15:08:02 - [TEST_STEP][PASSED] - mycount = mycount + 1: null

2020-02-07 15:08:02 - [TEST_STEP][PASSED] - setValueToCellByAddress(sheet01, "A" + mycount, "beam " + mybeam + " zip " + myzip + " upfront fees " + myuff + " plan " + myplan): null

2020-02-07 15:08:02 - [TEST_STEP][PASSED] - setValueToCellByAddress(sheet01, "D" + mycount, myplan): null

2020-02-07 15:08:02 - [TEST_STEP][PASSED] - sendRequestAndVerify(findTestObject("Exede_Zip", ["myzip":myzip])): Send request and verify the response successfully

2020-02-07 15:08:04 - [MESSAGE][INFO] - HAR: /Users/jhampleman/Katalon Studio/Exede_Beam_Tests_v2.1 copy/Reports/20200207_150435/RUN_Exede_Zip_Test/20200207_150435/requests/main/98.har

2020-02-07 15:08:04 - [TEST_CASE][PASSED] - Start Test Case : Verification: Verification accomplished successfully

2020-02-07 15:08:04 - [TEST_STEP][PASSED] - request = getInstance().getCurrentRequest(): null

2020-02-07 15:08:04 - [TEST_STEP][PASSED] - response = getInstance().getCurrentResponse(): null

2020-02-07 15:08:04 - [TEST_STEP][PASSED] - if (!(verifyElementPropertyValue(response, "data.beam", mybeam))): Verify element property value successfully

2020-02-07 15:08:04 - [MESSAGE][PASSED] - Verify element property value successfully

2020-02-07 15:08:04 - [TEST_STEP][PASSED] - else: null

2020-02-07 15:08:04 - [TEST_STEP][PASSED] - beamFail = "P": null

2020-02-07 15:08:04 - [TEST_STEP][PASSED] - if (!(verifyElementPropertyValue(response, "data.product.down", myuff))): Verify element property value successfully

2020-02-07 15:08:04 - [MESSAGE][PASSED] - Verify element property value successfully

2020-02-07 15:08:04 - [TEST_STEP][PASSED] - else: null

2020-02-07 15:08:04 - [TEST_STEP][PASSED] - uffFail = "P": null

2020-02-07 15:08:04 - [TEST_STEP][PASSED] - jsonSlurper = new groovy.json.JsonSlurper(): null

2020-02-07 15:08:04 - [TEST_STEP][PASSED] - object = jsonSlurper.parseText(response.getResponseText()): null

2020-02-07 15:08:04 - [TEST_STEP][PASSED] - println(object): null

2020-02-07 15:08:04 - [TEST_STEP][PASSED] - mytest = plans: null

2020-02-07 15:08:04 - [TEST_STEP][PASSED] - variable = mytest: null

2020-02-07 15:08:04 - [MESSAGE][PASSED] - Verify response successfully

2020-02-07 15:08:04 - [MESSAGE][PASSED] - Send request and verify the response successfully

2020-02-07 15:08:04 - [TEST_STEP][PASSED] - setValueToCellByAddress(sheet01, "E" + mycount, variable): null

2020-02-07 15:08:04 - [TEST_STEP][PASSED] - saveWorkbook(excelFile01, workbook01): null]]></system-out>
         <system-err><![CDATA[]]></system-err>
      </testcase>
      <testcase name="Test Cases/Test_Beams_by_Zip_to_Excel" time="1.951" classname="Test Cases/Test_Beams_by_Zip_to_Excel" status="PASSED">
         <system-out><![CDATA[2020-02-07 15:08:04 - [TEST_CASE][PASSED] - Test Cases/Test_Beams_by_Zip_to_Excel: Test Cases/Test_Beams_by_Zip_to_Excel

2020-02-07 15:08:04 - [TEST_STEP][PASSED] - excelFile01 = "beams-test-results.xlsx": null

2020-02-07 15:08:04 - [TEST_STEP][PASSED] - ExpectedListSheetFile1 = ["Sheet1"]: null

2020-02-07 15:08:04 - [TEST_STEP][PASSED] - workbookFile01 = getWorkbook(excelFile01): null

2020-02-07 15:08:04 - [TEST_STEP][PASSED] - workbook01 = getWorkbook(excelFile01): null

2020-02-07 15:08:04 - [TEST_STEP][PASSED] - sheet01 = getExcelSheet(workbook01, "Sheet1"): null

2020-02-07 15:08:04 - [TEST_STEP][PASSED] - setValueToCellByAddress(sheet01, "A1", "TEST"): null

2020-02-07 15:08:04 - [TEST_STEP][PASSED] - setValueToCellByAddress(sheet01, "B1", "BEAM"): null

2020-02-07 15:08:04 - [TEST_STEP][PASSED] - setValueToCellByAddress(sheet01, "C1", "UFF"): null

2020-02-07 15:08:04 - [TEST_STEP][PASSED] - setValueToCellByAddress(sheet01, "D1", "PLAN"): null

2020-02-07 15:08:04 - [TEST_STEP][PASSED] - setValueToCellByAddress(sheet01, "E1", "API PLAN"): null

2020-02-07 15:08:04 - [TEST_STEP][PASSED] - mybeam = mybeam: null

2020-02-07 15:08:04 - [TEST_STEP][PASSED] - myuff = myuff: null

2020-02-07 15:08:04 - [TEST_STEP][PASSED] - myplan = myplan: null

2020-02-07 15:08:04 - [TEST_STEP][PASSED] - log = new com.kms.katalon.core.logging.KeywordLogger(): null

2020-02-07 15:08:04 - [TEST_STEP][PASSED] - log.logWarning("beam " + mybeam + " zip " + myzip + " upfront fees " + myuff + " plan " + myplan): beam 712 zip 78570 upfront fees 0 plan VS2 Best Offer B

2020-02-07 15:08:04 - [MESSAGE][WARNING] - beam 712 zip 78570 upfront fees 0 plan VS2 Best Offer B

2020-02-07 15:08:04 - [TEST_STEP][PASSED] - setValueToCellByAddress(sheet01, "B" + mycount, beamFail): null

2020-02-07 15:08:04 - [TEST_STEP][PASSED] - setValueToCellByAddress(sheet01, "C" + mycount, uffFail): null

2020-02-07 15:08:04 - [TEST_STEP][PASSED] - mycount = mycount + 1: null

2020-02-07 15:08:04 - [TEST_STEP][PASSED] - setValueToCellByAddress(sheet01, "A" + mycount, "beam " + mybeam + " zip " + myzip + " upfront fees " + myuff + " plan " + myplan): null

2020-02-07 15:08:04 - [TEST_STEP][PASSED] - setValueToCellByAddress(sheet01, "D" + mycount, myplan): null

2020-02-07 15:08:04 - [TEST_STEP][PASSED] - sendRequestAndVerify(findTestObject("Exede_Zip", ["myzip":myzip])): Send request and verify the response successfully

2020-02-07 15:08:06 - [MESSAGE][INFO] - HAR: /Users/jhampleman/Katalon Studio/Exede_Beam_Tests_v2.1 copy/Reports/20200207_150435/RUN_Exede_Zip_Test/20200207_150435/requests/main/99.har

2020-02-07 15:08:06 - [TEST_CASE][PASSED] - Start Test Case : Verification: Verification accomplished successfully

2020-02-07 15:08:06 - [TEST_STEP][PASSED] - request = getInstance().getCurrentRequest(): null

2020-02-07 15:08:06 - [TEST_STEP][PASSED] - response = getInstance().getCurrentResponse(): null

2020-02-07 15:08:06 - [TEST_STEP][PASSED] - if (!(verifyElementPropertyValue(response, "data.beam", mybeam))): Verify element property value successfully

2020-02-07 15:08:06 - [MESSAGE][PASSED] - Verify element property value successfully

2020-02-07 15:08:06 - [TEST_STEP][PASSED] - else: null

2020-02-07 15:08:06 - [TEST_STEP][PASSED] - beamFail = "P": null

2020-02-07 15:08:06 - [TEST_STEP][PASSED] - if (!(verifyElementPropertyValue(response, "data.product.down", myuff))): Verify element property value successfully

2020-02-07 15:08:06 - [MESSAGE][PASSED] - Verify element property value successfully

2020-02-07 15:08:06 - [TEST_STEP][PASSED] - else: null

2020-02-07 15:08:06 - [TEST_STEP][PASSED] - uffFail = "P": null

2020-02-07 15:08:06 - [TEST_STEP][PASSED] - jsonSlurper = new groovy.json.JsonSlurper(): null

2020-02-07 15:08:06 - [TEST_STEP][PASSED] - object = jsonSlurper.parseText(response.getResponseText()): null

2020-02-07 15:08:06 - [TEST_STEP][PASSED] - println(object): null

2020-02-07 15:08:06 - [TEST_STEP][PASSED] - mytest = plans: null

2020-02-07 15:08:06 - [TEST_STEP][PASSED] - variable = mytest: null

2020-02-07 15:08:06 - [MESSAGE][PASSED] - Verify response successfully

2020-02-07 15:08:06 - [MESSAGE][PASSED] - Send request and verify the response successfully

2020-02-07 15:08:06 - [TEST_STEP][PASSED] - setValueToCellByAddress(sheet01, "E" + mycount, variable): null

2020-02-07 15:08:06 - [TEST_STEP][PASSED] - saveWorkbook(excelFile01, workbook01): null]]></system-out>
         <system-err><![CDATA[]]></system-err>
      </testcase>
      <testcase name="Test Cases/Test_Beams_by_Zip_to_Excel" time="2.085" classname="Test Cases/Test_Beams_by_Zip_to_Excel" status="PASSED">
         <system-out><![CDATA[2020-02-07 15:08:06 - [TEST_CASE][PASSED] - Test Cases/Test_Beams_by_Zip_to_Excel: Test Cases/Test_Beams_by_Zip_to_Excel

2020-02-07 15:08:06 - [TEST_STEP][PASSED] - excelFile01 = "beams-test-results.xlsx": null

2020-02-07 15:08:06 - [TEST_STEP][PASSED] - ExpectedListSheetFile1 = ["Sheet1"]: null

2020-02-07 15:08:06 - [TEST_STEP][PASSED] - workbookFile01 = getWorkbook(excelFile01): null

2020-02-07 15:08:06 - [TEST_STEP][PASSED] - workbook01 = getWorkbook(excelFile01): null

2020-02-07 15:08:06 - [TEST_STEP][PASSED] - sheet01 = getExcelSheet(workbook01, "Sheet1"): null

2020-02-07 15:08:06 - [TEST_STEP][PASSED] - setValueToCellByAddress(sheet01, "A1", "TEST"): null

2020-02-07 15:08:06 - [TEST_STEP][PASSED] - setValueToCellByAddress(sheet01, "B1", "BEAM"): null

2020-02-07 15:08:06 - [TEST_STEP][PASSED] - setValueToCellByAddress(sheet01, "C1", "UFF"): null

2020-02-07 15:08:06 - [TEST_STEP][PASSED] - setValueToCellByAddress(sheet01, "D1", "PLAN"): null

2020-02-07 15:08:06 - [TEST_STEP][PASSED] - setValueToCellByAddress(sheet01, "E1", "API PLAN"): null

2020-02-07 15:08:06 - [TEST_STEP][PASSED] - mybeam = mybeam: null

2020-02-07 15:08:06 - [TEST_STEP][PASSED] - myuff = myuff: null

2020-02-07 15:08:06 - [TEST_STEP][PASSED] - myplan = myplan: null

2020-02-07 15:08:06 - [TEST_STEP][PASSED] - log = new com.kms.katalon.core.logging.KeywordLogger(): null

2020-02-07 15:08:06 - [TEST_STEP][PASSED] - log.logWarning("beam " + mybeam + " zip " + myzip + " upfront fees " + myuff + " plan " + myplan): beam 713 zip 78130 upfront fees 0 plan VS2 Best Offer B

2020-02-07 15:08:06 - [MESSAGE][WARNING] - beam 713 zip 78130 upfront fees 0 plan VS2 Best Offer B

2020-02-07 15:08:06 - [TEST_STEP][PASSED] - setValueToCellByAddress(sheet01, "B" + mycount, beamFail): null

2020-02-07 15:08:06 - [TEST_STEP][PASSED] - setValueToCellByAddress(sheet01, "C" + mycount, uffFail): null

2020-02-07 15:08:06 - [TEST_STEP][PASSED] - mycount = mycount + 1: null

2020-02-07 15:08:06 - [TEST_STEP][PASSED] - setValueToCellByAddress(sheet01, "A" + mycount, "beam " + mybeam + " zip " + myzip + " upfront fees " + myuff + " plan " + myplan): null

2020-02-07 15:08:06 - [TEST_STEP][PASSED] - setValueToCellByAddress(sheet01, "D" + mycount, myplan): null

2020-02-07 15:08:06 - [TEST_STEP][PASSED] - sendRequestAndVerify(findTestObject("Exede_Zip", ["myzip":myzip])): Send request and verify the response successfully

2020-02-07 15:08:08 - [MESSAGE][INFO] - HAR: /Users/jhampleman/Katalon Studio/Exede_Beam_Tests_v2.1 copy/Reports/20200207_150435/RUN_Exede_Zip_Test/20200207_150435/requests/main/100.har

2020-02-07 15:08:08 - [TEST_CASE][PASSED] - Start Test Case : Verification: Verification accomplished successfully

2020-02-07 15:08:08 - [TEST_STEP][PASSED] - request = getInstance().getCurrentRequest(): null

2020-02-07 15:08:08 - [TEST_STEP][PASSED] - response = getInstance().getCurrentResponse(): null

2020-02-07 15:08:08 - [TEST_STEP][PASSED] - if (!(verifyElementPropertyValue(response, "data.beam", mybeam))): Verify element property value successfully

2020-02-07 15:08:08 - [MESSAGE][PASSED] - Verify element property value successfully

2020-02-07 15:08:08 - [TEST_STEP][PASSED] - else: null

2020-02-07 15:08:08 - [TEST_STEP][PASSED] - beamFail = "P": null

2020-02-07 15:08:08 - [TEST_STEP][PASSED] - if (!(verifyElementPropertyValue(response, "data.product.down", myuff))): Verify element property value successfully

2020-02-07 15:08:08 - [MESSAGE][PASSED] - Verify element property value successfully

2020-02-07 15:08:08 - [TEST_STEP][PASSED] - else: null

2020-02-07 15:08:08 - [TEST_STEP][PASSED] - uffFail = "P": null

2020-02-07 15:08:08 - [TEST_STEP][PASSED] - jsonSlurper = new groovy.json.JsonSlurper(): null

2020-02-07 15:08:08 - [TEST_STEP][PASSED] - object = jsonSlurper.parseText(response.getResponseText()): null

2020-02-07 15:08:08 - [TEST_STEP][PASSED] - println(object): null

2020-02-07 15:08:08 - [TEST_STEP][PASSED] - mytest = plans: null

2020-02-07 15:08:08 - [TEST_STEP][PASSED] - variable = mytest: null

2020-02-07 15:08:08 - [MESSAGE][PASSED] - Verify response successfully

2020-02-07 15:08:08 - [MESSAGE][PASSED] - Send request and verify the response successfully

2020-02-07 15:08:08 - [TEST_STEP][PASSED] - setValueToCellByAddress(sheet01, "E" + mycount, variable): null

2020-02-07 15:08:08 - [TEST_STEP][PASSED] - saveWorkbook(excelFile01, workbook01): null]]></system-out>
         <system-err><![CDATA[]]></system-err>
      </testcase>
      <testcase name="Test Cases/Test_Beams_by_Zip_to_Excel" time="1.834" classname="Test Cases/Test_Beams_by_Zip_to_Excel" status="PASSED">
         <system-out><![CDATA[2020-02-07 15:08:08 - [TEST_CASE][PASSED] - Test Cases/Test_Beams_by_Zip_to_Excel: Test Cases/Test_Beams_by_Zip_to_Excel

2020-02-07 15:08:08 - [TEST_STEP][PASSED] - excelFile01 = "beams-test-results.xlsx": null

2020-02-07 15:08:08 - [TEST_STEP][PASSED] - ExpectedListSheetFile1 = ["Sheet1"]: null

2020-02-07 15:08:08 - [TEST_STEP][PASSED] - workbookFile01 = getWorkbook(excelFile01): null

2020-02-07 15:08:08 - [TEST_STEP][PASSED] - workbook01 = getWorkbook(excelFile01): null

2020-02-07 15:08:08 - [TEST_STEP][PASSED] - sheet01 = getExcelSheet(workbook01, "Sheet1"): null

2020-02-07 15:08:08 - [TEST_STEP][PASSED] - setValueToCellByAddress(sheet01, "A1", "TEST"): null

2020-02-07 15:08:08 - [TEST_STEP][PASSED] - setValueToCellByAddress(sheet01, "B1", "BEAM"): null

2020-02-07 15:08:08 - [TEST_STEP][PASSED] - setValueToCellByAddress(sheet01, "C1", "UFF"): null

2020-02-07 15:08:08 - [TEST_STEP][PASSED] - setValueToCellByAddress(sheet01, "D1", "PLAN"): null

2020-02-07 15:08:08 - [TEST_STEP][PASSED] - setValueToCellByAddress(sheet01, "E1", "API PLAN"): null

2020-02-07 15:08:08 - [TEST_STEP][PASSED] - mybeam = mybeam: null

2020-02-07 15:08:08 - [TEST_STEP][PASSED] - myuff = myuff: null

2020-02-07 15:08:08 - [TEST_STEP][PASSED] - myplan = myplan: null

2020-02-07 15:08:08 - [TEST_STEP][PASSED] - log = new com.kms.katalon.core.logging.KeywordLogger(): null

2020-02-07 15:08:08 - [TEST_STEP][PASSED] - log.logWarning("beam " + mybeam + " zip " + myzip + " upfront fees " + myuff + " plan " + myplan): beam 714 zip 57738 upfront fees 0 plan VS2 Best Offer A

2020-02-07 15:08:08 - [MESSAGE][WARNING] - beam 714 zip 57738 upfront fees 0 plan VS2 Best Offer A

2020-02-07 15:08:08 - [TEST_STEP][PASSED] - setValueToCellByAddress(sheet01, "B" + mycount, beamFail): null

2020-02-07 15:08:08 - [TEST_STEP][PASSED] - setValueToCellByAddress(sheet01, "C" + mycount, uffFail): null

2020-02-07 15:08:08 - [TEST_STEP][PASSED] - mycount = mycount + 1: null

2020-02-07 15:08:08 - [TEST_STEP][PASSED] - setValueToCellByAddress(sheet01, "A" + mycount, "beam " + mybeam + " zip " + myzip + " upfront fees " + myuff + " plan " + myplan): null

2020-02-07 15:08:08 - [TEST_STEP][PASSED] - setValueToCellByAddress(sheet01, "D" + mycount, myplan): null

2020-02-07 15:08:08 - [TEST_STEP][PASSED] - sendRequestAndVerify(findTestObject("Exede_Zip", ["myzip":myzip])): Send request and verify the response successfully

2020-02-07 15:08:10 - [MESSAGE][INFO] - HAR: /Users/jhampleman/Katalon Studio/Exede_Beam_Tests_v2.1 copy/Reports/20200207_150435/RUN_Exede_Zip_Test/20200207_150435/requests/main/101.har

2020-02-07 15:08:10 - [TEST_CASE][PASSED] - Start Test Case : Verification: Verification accomplished successfully

2020-02-07 15:08:10 - [TEST_STEP][PASSED] - request = getInstance().getCurrentRequest(): null

2020-02-07 15:08:10 - [TEST_STEP][PASSED] - response = getInstance().getCurrentResponse(): null

2020-02-07 15:08:10 - [TEST_STEP][PASSED] - if (!(verifyElementPropertyValue(response, "data.beam", mybeam))): Verify element property value successfully

2020-02-07 15:08:10 - [MESSAGE][PASSED] - Verify element property value successfully

2020-02-07 15:08:10 - [TEST_STEP][PASSED] - else: null

2020-02-07 15:08:10 - [TEST_STEP][PASSED] - beamFail = "P": null

2020-02-07 15:08:10 - [TEST_STEP][PASSED] - if (!(verifyElementPropertyValue(response, "data.product.down", myuff))): Verify element property value successfully

2020-02-07 15:08:10 - [MESSAGE][PASSED] - Verify element property value successfully

2020-02-07 15:08:10 - [TEST_STEP][PASSED] - else: null

2020-02-07 15:08:10 - [TEST_STEP][PASSED] - uffFail = "P": null

2020-02-07 15:08:10 - [TEST_STEP][PASSED] - jsonSlurper = new groovy.json.JsonSlurper(): null

2020-02-07 15:08:10 - [TEST_STEP][PASSED] - object = jsonSlurper.parseText(response.getResponseText()): null

2020-02-07 15:08:10 - [TEST_STEP][PASSED] - println(object): null

2020-02-07 15:08:10 - [TEST_STEP][PASSED] - mytest = plans: null

2020-02-07 15:08:10 - [TEST_STEP][PASSED] - variable = mytest: null

2020-02-07 15:08:10 - [MESSAGE][PASSED] - Verify response successfully

2020-02-07 15:08:10 - [MESSAGE][PASSED] - Send request and verify the response successfully

2020-02-07 15:08:10 - [TEST_STEP][PASSED] - setValueToCellByAddress(sheet01, "E" + mycount, variable): null

2020-02-07 15:08:10 - [TEST_STEP][PASSED] - saveWorkbook(excelFile01, workbook01): null]]></system-out>
         <system-err><![CDATA[]]></system-err>
      </testcase>
      <testcase name="Test Cases/Test_Beams_by_Zip_to_Excel" time="2.033" classname="Test Cases/Test_Beams_by_Zip_to_Excel" status="PASSED">
         <system-out><![CDATA[2020-02-07 15:08:10 - [TEST_CASE][PASSED] - Test Cases/Test_Beams_by_Zip_to_Excel: Test Cases/Test_Beams_by_Zip_to_Excel

2020-02-07 15:08:10 - [TEST_STEP][PASSED] - excelFile01 = "beams-test-results.xlsx": null

2020-02-07 15:08:10 - [TEST_STEP][PASSED] - ExpectedListSheetFile1 = ["Sheet1"]: null

2020-02-07 15:08:10 - [TEST_STEP][PASSED] - workbookFile01 = getWorkbook(excelFile01): null

2020-02-07 15:08:10 - [TEST_STEP][PASSED] - workbook01 = getWorkbook(excelFile01): null

2020-02-07 15:08:10 - [TEST_STEP][PASSED] - sheet01 = getExcelSheet(workbook01, "Sheet1"): null

2020-02-07 15:08:10 - [TEST_STEP][PASSED] - setValueToCellByAddress(sheet01, "A1", "TEST"): null

2020-02-07 15:08:10 - [TEST_STEP][PASSED] - setValueToCellByAddress(sheet01, "B1", "BEAM"): null

2020-02-07 15:08:10 - [TEST_STEP][PASSED] - setValueToCellByAddress(sheet01, "C1", "UFF"): null

2020-02-07 15:08:10 - [TEST_STEP][PASSED] - setValueToCellByAddress(sheet01, "D1", "PLAN"): null

2020-02-07 15:08:10 - [TEST_STEP][PASSED] - setValueToCellByAddress(sheet01, "E1", "API PLAN"): null

2020-02-07 15:08:10 - [TEST_STEP][PASSED] - mybeam = mybeam: null

2020-02-07 15:08:10 - [TEST_STEP][PASSED] - myuff = myuff: null

2020-02-07 15:08:10 - [TEST_STEP][PASSED] - myplan = myplan: null

2020-02-07 15:08:10 - [TEST_STEP][PASSED] - log = new com.kms.katalon.core.logging.KeywordLogger(): null

2020-02-07 15:08:10 - [TEST_STEP][PASSED] - log.logWarning("beam " + mybeam + " zip " + myzip + " upfront fees " + myuff + " plan " + myplan): beam 715 zip 75229 upfront fees 0 plan VS2 Best Offer B

2020-02-07 15:08:10 - [MESSAGE][WARNING] - beam 715 zip 75229 upfront fees 0 plan VS2 Best Offer B

2020-02-07 15:08:10 - [TEST_STEP][PASSED] - setValueToCellByAddress(sheet01, "B" + mycount, beamFail): null

2020-02-07 15:08:10 - [TEST_STEP][PASSED] - setValueToCellByAddress(sheet01, "C" + mycount, uffFail): null

2020-02-07 15:08:10 - [TEST_STEP][PASSED] - mycount = mycount + 1: null

2020-02-07 15:08:10 - [TEST_STEP][PASSED] - setValueToCellByAddress(sheet01, "A" + mycount, "beam " + mybeam + " zip " + myzip + " upfront fees " + myuff + " plan " + myplan): null

2020-02-07 15:08:10 - [TEST_STEP][PASSED] - setValueToCellByAddress(sheet01, "D" + mycount, myplan): null

2020-02-07 15:08:10 - [TEST_STEP][PASSED] - sendRequestAndVerify(findTestObject("Exede_Zip", ["myzip":myzip])): Send request and verify the response successfully

2020-02-07 15:08:12 - [MESSAGE][INFO] - HAR: /Users/jhampleman/Katalon Studio/Exede_Beam_Tests_v2.1 copy/Reports/20200207_150435/RUN_Exede_Zip_Test/20200207_150435/requests/main/102.har

2020-02-07 15:08:12 - [TEST_CASE][PASSED] - Start Test Case : Verification: Verification accomplished successfully

2020-02-07 15:08:12 - [TEST_STEP][PASSED] - request = getInstance().getCurrentRequest(): null

2020-02-07 15:08:12 - [TEST_STEP][PASSED] - response = getInstance().getCurrentResponse(): null

2020-02-07 15:08:12 - [TEST_STEP][PASSED] - if (!(verifyElementPropertyValue(response, "data.beam", mybeam))): Verify element property value successfully

2020-02-07 15:08:12 - [MESSAGE][PASSED] - Verify element property value successfully

2020-02-07 15:08:12 - [TEST_STEP][PASSED] - else: null

2020-02-07 15:08:12 - [TEST_STEP][PASSED] - beamFail = "P": null

2020-02-07 15:08:12 - [TEST_STEP][PASSED] - if (!(verifyElementPropertyValue(response, "data.product.down", myuff))): Verify element property value successfully

2020-02-07 15:08:12 - [MESSAGE][PASSED] - Verify element property value successfully

2020-02-07 15:08:12 - [TEST_STEP][PASSED] - else: null

2020-02-07 15:08:12 - [TEST_STEP][PASSED] - uffFail = "P": null

2020-02-07 15:08:12 - [TEST_STEP][PASSED] - jsonSlurper = new groovy.json.JsonSlurper(): null

2020-02-07 15:08:12 - [TEST_STEP][PASSED] - object = jsonSlurper.parseText(response.getResponseText()): null

2020-02-07 15:08:12 - [TEST_STEP][PASSED] - println(object): null

2020-02-07 15:08:12 - [TEST_STEP][PASSED] - mytest = plans: null

2020-02-07 15:08:12 - [TEST_STEP][PASSED] - variable = mytest: null

2020-02-07 15:08:12 - [MESSAGE][PASSED] - Verify response successfully

2020-02-07 15:08:12 - [MESSAGE][PASSED] - Send request and verify the response successfully

2020-02-07 15:08:12 - [TEST_STEP][PASSED] - setValueToCellByAddress(sheet01, "E" + mycount, variable): null

2020-02-07 15:08:12 - [TEST_STEP][PASSED] - saveWorkbook(excelFile01, workbook01): null]]></system-out>
         <system-err><![CDATA[]]></system-err>
      </testcase>
      <testcase name="Test Cases/Test_Beams_by_Zip_to_Excel" time="1.886" classname="Test Cases/Test_Beams_by_Zip_to_Excel" status="PASSED">
         <system-out><![CDATA[2020-02-07 15:08:12 - [TEST_CASE][PASSED] - Test Cases/Test_Beams_by_Zip_to_Excel: Test Cases/Test_Beams_by_Zip_to_Excel

2020-02-07 15:08:12 - [TEST_STEP][PASSED] - excelFile01 = "beams-test-results.xlsx": null

2020-02-07 15:08:12 - [TEST_STEP][PASSED] - ExpectedListSheetFile1 = ["Sheet1"]: null

2020-02-07 15:08:12 - [TEST_STEP][PASSED] - workbookFile01 = getWorkbook(excelFile01): null

2020-02-07 15:08:12 - [TEST_STEP][PASSED] - workbook01 = getWorkbook(excelFile01): null

2020-02-07 15:08:12 - [TEST_STEP][PASSED] - sheet01 = getExcelSheet(workbook01, "Sheet1"): null

2020-02-07 15:08:12 - [TEST_STEP][PASSED] - setValueToCellByAddress(sheet01, "A1", "TEST"): null

2020-02-07 15:08:12 - [TEST_STEP][PASSED] - setValueToCellByAddress(sheet01, "B1", "BEAM"): null

2020-02-07 15:08:12 - [TEST_STEP][PASSED] - setValueToCellByAddress(sheet01, "C1", "UFF"): null

2020-02-07 15:08:12 - [TEST_STEP][PASSED] - setValueToCellByAddress(sheet01, "D1", "PLAN"): null

2020-02-07 15:08:12 - [TEST_STEP][PASSED] - setValueToCellByAddress(sheet01, "E1", "API PLAN"): null

2020-02-07 15:08:12 - [TEST_STEP][PASSED] - mybeam = mybeam: null

2020-02-07 15:08:12 - [TEST_STEP][PASSED] - myuff = myuff: null

2020-02-07 15:08:12 - [TEST_STEP][PASSED] - myplan = myplan: null

2020-02-07 15:08:12 - [TEST_STEP][PASSED] - log = new com.kms.katalon.core.logging.KeywordLogger(): null

2020-02-07 15:08:12 - [TEST_STEP][PASSED] - log.logWarning("beam " + mybeam + " zip " + myzip + " upfront fees " + myuff + " plan " + myplan): beam 716 zip 73049 upfront fees 0 plan VS2 Best Offer B

2020-02-07 15:08:12 - [MESSAGE][WARNING] - beam 716 zip 73049 upfront fees 0 plan VS2 Best Offer B

2020-02-07 15:08:12 - [TEST_STEP][PASSED] - setValueToCellByAddress(sheet01, "B" + mycount, beamFail): null

2020-02-07 15:08:12 - [TEST_STEP][PASSED] - setValueToCellByAddress(sheet01, "C" + mycount, uffFail): null

2020-02-07 15:08:12 - [TEST_STEP][PASSED] - mycount = mycount + 1: null

2020-02-07 15:08:12 - [TEST_STEP][PASSED] - setValueToCellByAddress(sheet01, "A" + mycount, "beam " + mybeam + " zip " + myzip + " upfront fees " + myuff + " plan " + myplan): null

2020-02-07 15:08:12 - [TEST_STEP][PASSED] - setValueToCellByAddress(sheet01, "D" + mycount, myplan): null

2020-02-07 15:08:12 - [TEST_STEP][PASSED] - sendRequestAndVerify(findTestObject("Exede_Zip", ["myzip":myzip])): Send request and verify the response successfully

2020-02-07 15:08:14 - [MESSAGE][INFO] - HAR: /Users/jhampleman/Katalon Studio/Exede_Beam_Tests_v2.1 copy/Reports/20200207_150435/RUN_Exede_Zip_Test/20200207_150435/requests/main/103.har

2020-02-07 15:08:14 - [TEST_CASE][PASSED] - Start Test Case : Verification: Verification accomplished successfully

2020-02-07 15:08:14 - [TEST_STEP][PASSED] - request = getInstance().getCurrentRequest(): null

2020-02-07 15:08:14 - [TEST_STEP][PASSED] - response = getInstance().getCurrentResponse(): null

2020-02-07 15:08:14 - [TEST_STEP][PASSED] - if (!(verifyElementPropertyValue(response, "data.beam", mybeam))): Verify element property value successfully

2020-02-07 15:08:14 - [MESSAGE][PASSED] - Verify element property value successfully

2020-02-07 15:08:14 - [TEST_STEP][PASSED] - else: null

2020-02-07 15:08:14 - [TEST_STEP][PASSED] - beamFail = "P": null

2020-02-07 15:08:14 - [TEST_STEP][PASSED] - if (!(verifyElementPropertyValue(response, "data.product.down", myuff))): Verify element property value successfully

2020-02-07 15:08:14 - [MESSAGE][PASSED] - Verify element property value successfully

2020-02-07 15:08:14 - [TEST_STEP][PASSED] - else: null

2020-02-07 15:08:14 - [TEST_STEP][PASSED] - uffFail = "P": null

2020-02-07 15:08:14 - [TEST_STEP][PASSED] - jsonSlurper = new groovy.json.JsonSlurper(): null

2020-02-07 15:08:14 - [TEST_STEP][PASSED] - object = jsonSlurper.parseText(response.getResponseText()): null

2020-02-07 15:08:14 - [TEST_STEP][PASSED] - println(object): null

2020-02-07 15:08:14 - [TEST_STEP][PASSED] - mytest = plans: null

2020-02-07 15:08:14 - [TEST_STEP][PASSED] - variable = mytest: null

2020-02-07 15:08:14 - [MESSAGE][PASSED] - Verify response successfully

2020-02-07 15:08:14 - [MESSAGE][PASSED] - Send request and verify the response successfully

2020-02-07 15:08:14 - [TEST_STEP][PASSED] - setValueToCellByAddress(sheet01, "E" + mycount, variable): null

2020-02-07 15:08:14 - [TEST_STEP][PASSED] - saveWorkbook(excelFile01, workbook01): null]]></system-out>
         <system-err><![CDATA[]]></system-err>
      </testcase>
      <testcase name="Test Cases/Test_Beams_by_Zip_to_Excel" time="2.167" classname="Test Cases/Test_Beams_by_Zip_to_Excel" status="PASSED">
         <system-out><![CDATA[2020-02-07 15:08:14 - [TEST_CASE][PASSED] - Test Cases/Test_Beams_by_Zip_to_Excel: Test Cases/Test_Beams_by_Zip_to_Excel

2020-02-07 15:08:14 - [TEST_STEP][PASSED] - excelFile01 = "beams-test-results.xlsx": null

2020-02-07 15:08:14 - [TEST_STEP][PASSED] - ExpectedListSheetFile1 = ["Sheet1"]: null

2020-02-07 15:08:14 - [TEST_STEP][PASSED] - workbookFile01 = getWorkbook(excelFile01): null

2020-02-07 15:08:14 - [TEST_STEP][PASSED] - workbook01 = getWorkbook(excelFile01): null

2020-02-07 15:08:14 - [TEST_STEP][PASSED] - sheet01 = getExcelSheet(workbook01, "Sheet1"): null

2020-02-07 15:08:14 - [TEST_STEP][PASSED] - setValueToCellByAddress(sheet01, "A1", "TEST"): null

2020-02-07 15:08:14 - [TEST_STEP][PASSED] - setValueToCellByAddress(sheet01, "B1", "BEAM"): null

2020-02-07 15:08:14 - [TEST_STEP][PASSED] - setValueToCellByAddress(sheet01, "C1", "UFF"): null

2020-02-07 15:08:14 - [TEST_STEP][PASSED] - setValueToCellByAddress(sheet01, "D1", "PLAN"): null

2020-02-07 15:08:14 - [TEST_STEP][PASSED] - setValueToCellByAddress(sheet01, "E1", "API PLAN"): null

2020-02-07 15:08:14 - [TEST_STEP][PASSED] - mybeam = mybeam: null

2020-02-07 15:08:14 - [TEST_STEP][PASSED] - myuff = myuff: null

2020-02-07 15:08:14 - [TEST_STEP][PASSED] - myplan = myplan: null

2020-02-07 15:08:14 - [TEST_STEP][PASSED] - log = new com.kms.katalon.core.logging.KeywordLogger(): null

2020-02-07 15:08:14 - [TEST_STEP][PASSED] - log.logWarning("beam " + mybeam + " zip " + myzip + " upfront fees " + myuff + " plan " + myplan): beam 717 zip 77429 upfront fees 0 plan VS2 Standard Offer

2020-02-07 15:08:14 - [MESSAGE][WARNING] - beam 717 zip 77429 upfront fees 0 plan VS2 Standard Offer

2020-02-07 15:08:14 - [TEST_STEP][PASSED] - setValueToCellByAddress(sheet01, "B" + mycount, beamFail): null

2020-02-07 15:08:14 - [TEST_STEP][PASSED] - setValueToCellByAddress(sheet01, "C" + mycount, uffFail): null

2020-02-07 15:08:14 - [TEST_STEP][PASSED] - mycount = mycount + 1: null

2020-02-07 15:08:14 - [TEST_STEP][PASSED] - setValueToCellByAddress(sheet01, "A" + mycount, "beam " + mybeam + " zip " + myzip + " upfront fees " + myuff + " plan " + myplan): null

2020-02-07 15:08:14 - [TEST_STEP][PASSED] - setValueToCellByAddress(sheet01, "D" + mycount, myplan): null

2020-02-07 15:08:14 - [TEST_STEP][PASSED] - sendRequestAndVerify(findTestObject("Exede_Zip", ["myzip":myzip])): Send request and verify the response successfully

2020-02-07 15:08:16 - [MESSAGE][INFO] - HAR: /Users/jhampleman/Katalon Studio/Exede_Beam_Tests_v2.1 copy/Reports/20200207_150435/RUN_Exede_Zip_Test/20200207_150435/requests/main/104.har

2020-02-07 15:08:16 - [TEST_CASE][PASSED] - Start Test Case : Verification: Verification accomplished successfully

2020-02-07 15:08:16 - [TEST_STEP][PASSED] - request = getInstance().getCurrentRequest(): null

2020-02-07 15:08:16 - [TEST_STEP][PASSED] - response = getInstance().getCurrentResponse(): null

2020-02-07 15:08:16 - [TEST_STEP][PASSED] - if (!(verifyElementPropertyValue(response, "data.beam", mybeam))): Verify element property value successfully

2020-02-07 15:08:16 - [MESSAGE][PASSED] - Verify element property value successfully

2020-02-07 15:08:16 - [TEST_STEP][PASSED] - else: null

2020-02-07 15:08:16 - [TEST_STEP][PASSED] - beamFail = "P": null

2020-02-07 15:08:16 - [TEST_STEP][PASSED] - if (!(verifyElementPropertyValue(response, "data.product.down", myuff))): Verify element property value successfully

2020-02-07 15:08:16 - [MESSAGE][PASSED] - Verify element property value successfully

2020-02-07 15:08:16 - [TEST_STEP][PASSED] - else: null

2020-02-07 15:08:16 - [TEST_STEP][PASSED] - uffFail = "P": null

2020-02-07 15:08:16 - [TEST_STEP][PASSED] - jsonSlurper = new groovy.json.JsonSlurper(): null

2020-02-07 15:08:16 - [TEST_STEP][PASSED] - object = jsonSlurper.parseText(response.getResponseText()): null

2020-02-07 15:08:16 - [TEST_STEP][PASSED] - println(object): null

2020-02-07 15:08:16 - [TEST_STEP][PASSED] - mytest = plans: null

2020-02-07 15:08:16 - [TEST_STEP][PASSED] - variable = mytest: null

2020-02-07 15:08:16 - [MESSAGE][PASSED] - Verify response successfully

2020-02-07 15:08:16 - [MESSAGE][PASSED] - Send request and verify the response successfully

2020-02-07 15:08:16 - [TEST_STEP][PASSED] - setValueToCellByAddress(sheet01, "E" + mycount, variable): null

2020-02-07 15:08:16 - [TEST_STEP][PASSED] - saveWorkbook(excelFile01, workbook01): null]]></system-out>
         <system-err><![CDATA[]]></system-err>
      </testcase>
      <testcase name="Test Cases/Test_Beams_by_Zip_to_Excel" time="1.846" classname="Test Cases/Test_Beams_by_Zip_to_Excel" status="PASSED">
         <system-out><![CDATA[2020-02-07 15:08:16 - [TEST_CASE][PASSED] - Test Cases/Test_Beams_by_Zip_to_Excel: Test Cases/Test_Beams_by_Zip_to_Excel

2020-02-07 15:08:16 - [TEST_STEP][PASSED] - excelFile01 = "beams-test-results.xlsx": null

2020-02-07 15:08:16 - [TEST_STEP][PASSED] - ExpectedListSheetFile1 = ["Sheet1"]: null

2020-02-07 15:08:16 - [TEST_STEP][PASSED] - workbookFile01 = getWorkbook(excelFile01): null

2020-02-07 15:08:16 - [TEST_STEP][PASSED] - workbook01 = getWorkbook(excelFile01): null

2020-02-07 15:08:16 - [TEST_STEP][PASSED] - sheet01 = getExcelSheet(workbook01, "Sheet1"): null

2020-02-07 15:08:16 - [TEST_STEP][PASSED] - setValueToCellByAddress(sheet01, "A1", "TEST"): null

2020-02-07 15:08:16 - [TEST_STEP][PASSED] - setValueToCellByAddress(sheet01, "B1", "BEAM"): null

2020-02-07 15:08:16 - [TEST_STEP][PASSED] - setValueToCellByAddress(sheet01, "C1", "UFF"): null

2020-02-07 15:08:16 - [TEST_STEP][PASSED] - setValueToCellByAddress(sheet01, "D1", "PLAN"): null

2020-02-07 15:08:16 - [TEST_STEP][PASSED] - setValueToCellByAddress(sheet01, "E1", "API PLAN"): null

2020-02-07 15:08:16 - [TEST_STEP][PASSED] - mybeam = mybeam: null

2020-02-07 15:08:16 - [TEST_STEP][PASSED] - myuff = myuff: null

2020-02-07 15:08:16 - [TEST_STEP][PASSED] - myplan = myplan: null

2020-02-07 15:08:16 - [TEST_STEP][PASSED] - log = new com.kms.katalon.core.logging.KeywordLogger(): null

2020-02-07 15:08:16 - [TEST_STEP][PASSED] - log.logWarning("beam " + mybeam + " zip " + myzip + " upfront fees " + myuff + " plan " + myplan): beam 718 zip 68025 upfront fees 0 plan VS2 Best Offer B

2020-02-07 15:08:16 - [MESSAGE][WARNING] - beam 718 zip 68025 upfront fees 0 plan VS2 Best Offer B

2020-02-07 15:08:16 - [TEST_STEP][PASSED] - setValueToCellByAddress(sheet01, "B" + mycount, beamFail): null

2020-02-07 15:08:16 - [TEST_STEP][PASSED] - setValueToCellByAddress(sheet01, "C" + mycount, uffFail): null

2020-02-07 15:08:16 - [TEST_STEP][PASSED] - mycount = mycount + 1: null

2020-02-07 15:08:16 - [TEST_STEP][PASSED] - setValueToCellByAddress(sheet01, "A" + mycount, "beam " + mybeam + " zip " + myzip + " upfront fees " + myuff + " plan " + myplan): null

2020-02-07 15:08:16 - [TEST_STEP][PASSED] - setValueToCellByAddress(sheet01, "D" + mycount, myplan): null

2020-02-07 15:08:16 - [TEST_STEP][PASSED] - sendRequestAndVerify(findTestObject("Exede_Zip", ["myzip":myzip])): Send request and verify the response successfully

2020-02-07 15:08:18 - [MESSAGE][INFO] - HAR: /Users/jhampleman/Katalon Studio/Exede_Beam_Tests_v2.1 copy/Reports/20200207_150435/RUN_Exede_Zip_Test/20200207_150435/requests/main/105.har

2020-02-07 15:08:18 - [TEST_CASE][PASSED] - Start Test Case : Verification: Verification accomplished successfully

2020-02-07 15:08:18 - [TEST_STEP][PASSED] - request = getInstance().getCurrentRequest(): null

2020-02-07 15:08:18 - [TEST_STEP][PASSED] - response = getInstance().getCurrentResponse(): null

2020-02-07 15:08:18 - [TEST_STEP][PASSED] - if (!(verifyElementPropertyValue(response, "data.beam", mybeam))): Verify element property value successfully

2020-02-07 15:08:18 - [MESSAGE][PASSED] - Verify element property value successfully

2020-02-07 15:08:18 - [TEST_STEP][PASSED] - else: null

2020-02-07 15:08:18 - [TEST_STEP][PASSED] - beamFail = "P": null

2020-02-07 15:08:18 - [TEST_STEP][PASSED] - if (!(verifyElementPropertyValue(response, "data.product.down", myuff))): Verify element property value successfully

2020-02-07 15:08:18 - [MESSAGE][PASSED] - Verify element property value successfully

2020-02-07 15:08:18 - [TEST_STEP][PASSED] - else: null

2020-02-07 15:08:18 - [TEST_STEP][PASSED] - uffFail = "P": null

2020-02-07 15:08:18 - [TEST_STEP][PASSED] - jsonSlurper = new groovy.json.JsonSlurper(): null

2020-02-07 15:08:18 - [TEST_STEP][PASSED] - object = jsonSlurper.parseText(response.getResponseText()): null

2020-02-07 15:08:18 - [TEST_STEP][PASSED] - println(object): null

2020-02-07 15:08:18 - [TEST_STEP][PASSED] - mytest = plans: null

2020-02-07 15:08:18 - [TEST_STEP][PASSED] - variable = mytest: null

2020-02-07 15:08:18 - [MESSAGE][PASSED] - Verify response successfully

2020-02-07 15:08:18 - [MESSAGE][PASSED] - Send request and verify the response successfully

2020-02-07 15:08:18 - [TEST_STEP][PASSED] - setValueToCellByAddress(sheet01, "E" + mycount, variable): null

2020-02-07 15:08:18 - [TEST_STEP][PASSED] - saveWorkbook(excelFile01, workbook01): null]]></system-out>
         <system-err><![CDATA[]]></system-err>
      </testcase>
      <testcase name="Test Cases/Test_Beams_by_Zip_to_Excel" time="2.023" classname="Test Cases/Test_Beams_by_Zip_to_Excel" status="PASSED">
         <system-out><![CDATA[2020-02-07 15:08:18 - [TEST_CASE][PASSED] - Test Cases/Test_Beams_by_Zip_to_Excel: Test Cases/Test_Beams_by_Zip_to_Excel

2020-02-07 15:08:18 - [TEST_STEP][PASSED] - excelFile01 = "beams-test-results.xlsx": null

2020-02-07 15:08:18 - [TEST_STEP][PASSED] - ExpectedListSheetFile1 = ["Sheet1"]: null

2020-02-07 15:08:18 - [TEST_STEP][PASSED] - workbookFile01 = getWorkbook(excelFile01): null

2020-02-07 15:08:18 - [TEST_STEP][PASSED] - workbook01 = getWorkbook(excelFile01): null

2020-02-07 15:08:18 - [TEST_STEP][PASSED] - sheet01 = getExcelSheet(workbook01, "Sheet1"): null

2020-02-07 15:08:18 - [TEST_STEP][PASSED] - setValueToCellByAddress(sheet01, "A1", "TEST"): null

2020-02-07 15:08:18 - [TEST_STEP][PASSED] - setValueToCellByAddress(sheet01, "B1", "BEAM"): null

2020-02-07 15:08:18 - [TEST_STEP][PASSED] - setValueToCellByAddress(sheet01, "C1", "UFF"): null

2020-02-07 15:08:18 - [TEST_STEP][PASSED] - setValueToCellByAddress(sheet01, "D1", "PLAN"): null

2020-02-07 15:08:18 - [TEST_STEP][PASSED] - setValueToCellByAddress(sheet01, "E1", "API PLAN"): null

2020-02-07 15:08:18 - [TEST_STEP][PASSED] - mybeam = mybeam: null

2020-02-07 15:08:18 - [TEST_STEP][PASSED] - myuff = myuff: null

2020-02-07 15:08:18 - [TEST_STEP][PASSED] - myplan = myplan: null

2020-02-07 15:08:18 - [TEST_STEP][PASSED] - log = new com.kms.katalon.core.logging.KeywordLogger(): null

2020-02-07 15:08:18 - [TEST_STEP][PASSED] - log.logWarning("beam " + mybeam + " zip " + myzip + " upfront fees " + myuff + " plan " + myplan): beam 719 zip 64080 upfront fees 0 plan VS2 Best Offer B

2020-02-07 15:08:18 - [MESSAGE][WARNING] - beam 719 zip 64080 upfront fees 0 plan VS2 Best Offer B

2020-02-07 15:08:18 - [TEST_STEP][PASSED] - setValueToCellByAddress(sheet01, "B" + mycount, beamFail): null

2020-02-07 15:08:18 - [TEST_STEP][PASSED] - setValueToCellByAddress(sheet01, "C" + mycount, uffFail): null

2020-02-07 15:08:18 - [TEST_STEP][PASSED] - mycount = mycount + 1: null

2020-02-07 15:08:18 - [TEST_STEP][PASSED] - setValueToCellByAddress(sheet01, "A" + mycount, "beam " + mybeam + " zip " + myzip + " upfront fees " + myuff + " plan " + myplan): null

2020-02-07 15:08:18 - [TEST_STEP][PASSED] - setValueToCellByAddress(sheet01, "D" + mycount, myplan): null

2020-02-07 15:08:18 - [TEST_STEP][PASSED] - sendRequestAndVerify(findTestObject("Exede_Zip", ["myzip":myzip])): Send request and verify the response successfully

2020-02-07 15:08:20 - [MESSAGE][INFO] - HAR: /Users/jhampleman/Katalon Studio/Exede_Beam_Tests_v2.1 copy/Reports/20200207_150435/RUN_Exede_Zip_Test/20200207_150435/requests/main/106.har

2020-02-07 15:08:20 - [TEST_CASE][PASSED] - Start Test Case : Verification: Verification accomplished successfully

2020-02-07 15:08:20 - [TEST_STEP][PASSED] - request = getInstance().getCurrentRequest(): null

2020-02-07 15:08:20 - [TEST_STEP][PASSED] - response = getInstance().getCurrentResponse(): null

2020-02-07 15:08:20 - [TEST_STEP][PASSED] - if (!(verifyElementPropertyValue(response, "data.beam", mybeam))): Verify element property value successfully

2020-02-07 15:08:20 - [MESSAGE][PASSED] - Verify element property value successfully

2020-02-07 15:08:20 - [TEST_STEP][PASSED] - else: null

2020-02-07 15:08:20 - [TEST_STEP][PASSED] - beamFail = "P": null

2020-02-07 15:08:20 - [TEST_STEP][PASSED] - if (!(verifyElementPropertyValue(response, "data.product.down", myuff))): Verify element property value successfully

2020-02-07 15:08:20 - [MESSAGE][PASSED] - Verify element property value successfully

2020-02-07 15:08:20 - [TEST_STEP][PASSED] - else: null

2020-02-07 15:08:20 - [TEST_STEP][PASSED] - uffFail = "P": null

2020-02-07 15:08:20 - [TEST_STEP][PASSED] - jsonSlurper = new groovy.json.JsonSlurper(): null

2020-02-07 15:08:20 - [TEST_STEP][PASSED] - object = jsonSlurper.parseText(response.getResponseText()): null

2020-02-07 15:08:20 - [TEST_STEP][PASSED] - println(object): null

2020-02-07 15:08:20 - [TEST_STEP][PASSED] - mytest = plans: null

2020-02-07 15:08:20 - [TEST_STEP][PASSED] - variable = mytest: null

2020-02-07 15:08:20 - [MESSAGE][PASSED] - Verify response successfully

2020-02-07 15:08:20 - [MESSAGE][PASSED] - Send request and verify the response successfully

2020-02-07 15:08:20 - [TEST_STEP][PASSED] - setValueToCellByAddress(sheet01, "E" + mycount, variable): null

2020-02-07 15:08:20 - [TEST_STEP][PASSED] - saveWorkbook(excelFile01, workbook01): null]]></system-out>
         <system-err><![CDATA[]]></system-err>
      </testcase>
      <testcase name="Test Cases/Test_Beams_by_Zip_to_Excel" time="2.019" classname="Test Cases/Test_Beams_by_Zip_to_Excel" status="PASSED">
         <system-out><![CDATA[2020-02-07 15:08:20 - [TEST_CASE][PASSED] - Test Cases/Test_Beams_by_Zip_to_Excel: Test Cases/Test_Beams_by_Zip_to_Excel

2020-02-07 15:08:20 - [TEST_STEP][PASSED] - excelFile01 = "beams-test-results.xlsx": null

2020-02-07 15:08:20 - [TEST_STEP][PASSED] - ExpectedListSheetFile1 = ["Sheet1"]: null

2020-02-07 15:08:20 - [TEST_STEP][PASSED] - workbookFile01 = getWorkbook(excelFile01): null

2020-02-07 15:08:20 - [TEST_STEP][PASSED] - workbook01 = getWorkbook(excelFile01): null

2020-02-07 15:08:20 - [TEST_STEP][PASSED] - sheet01 = getExcelSheet(workbook01, "Sheet1"): null

2020-02-07 15:08:20 - [TEST_STEP][PASSED] - setValueToCellByAddress(sheet01, "A1", "TEST"): null

2020-02-07 15:08:20 - [TEST_STEP][PASSED] - setValueToCellByAddress(sheet01, "B1", "BEAM"): null

2020-02-07 15:08:20 - [TEST_STEP][PASSED] - setValueToCellByAddress(sheet01, "C1", "UFF"): null

2020-02-07 15:08:20 - [TEST_STEP][PASSED] - setValueToCellByAddress(sheet01, "D1", "PLAN"): null

2020-02-07 15:08:20 - [TEST_STEP][PASSED] - setValueToCellByAddress(sheet01, "E1", "API PLAN"): null

2020-02-07 15:08:20 - [TEST_STEP][PASSED] - mybeam = mybeam: null

2020-02-07 15:08:20 - [TEST_STEP][PASSED] - myuff = myuff: null

2020-02-07 15:08:20 - [TEST_STEP][PASSED] - myplan = myplan: null

2020-02-07 15:08:20 - [TEST_STEP][PASSED] - log = new com.kms.katalon.core.logging.KeywordLogger(): null

2020-02-07 15:08:20 - [TEST_STEP][PASSED] - log.logWarning("beam " + mybeam + " zip " + myzip + " upfront fees " + myuff + " plan " + myplan): beam 720 zip 72015 upfront fees 0 plan VS2 Best Offer B

2020-02-07 15:08:20 - [MESSAGE][WARNING] - beam 720 zip 72015 upfront fees 0 plan VS2 Best Offer B

2020-02-07 15:08:20 - [TEST_STEP][PASSED] - setValueToCellByAddress(sheet01, "B" + mycount, beamFail): null

2020-02-07 15:08:20 - [TEST_STEP][PASSED] - setValueToCellByAddress(sheet01, "C" + mycount, uffFail): null

2020-02-07 15:08:20 - [TEST_STEP][PASSED] - mycount = mycount + 1: null

2020-02-07 15:08:20 - [TEST_STEP][PASSED] - setValueToCellByAddress(sheet01, "A" + mycount, "beam " + mybeam + " zip " + myzip + " upfront fees " + myuff + " plan " + myplan): null

2020-02-07 15:08:20 - [TEST_STEP][PASSED] - setValueToCellByAddress(sheet01, "D" + mycount, myplan): null

2020-02-07 15:08:20 - [TEST_STEP][PASSED] - sendRequestAndVerify(findTestObject("Exede_Zip", ["myzip":myzip])): Send request and verify the response successfully

2020-02-07 15:08:22 - [MESSAGE][INFO] - HAR: /Users/jhampleman/Katalon Studio/Exede_Beam_Tests_v2.1 copy/Reports/20200207_150435/RUN_Exede_Zip_Test/20200207_150435/requests/main/107.har

2020-02-07 15:08:22 - [TEST_CASE][PASSED] - Start Test Case : Verification: Verification accomplished successfully

2020-02-07 15:08:22 - [TEST_STEP][PASSED] - request = getInstance().getCurrentRequest(): null

2020-02-07 15:08:22 - [TEST_STEP][PASSED] - response = getInstance().getCurrentResponse(): null

2020-02-07 15:08:22 - [TEST_STEP][PASSED] - if (!(verifyElementPropertyValue(response, "data.beam", mybeam))): Verify element property value successfully

2020-02-07 15:08:22 - [MESSAGE][PASSED] - Verify element property value successfully

2020-02-07 15:08:22 - [TEST_STEP][PASSED] - else: null

2020-02-07 15:08:22 - [TEST_STEP][PASSED] - beamFail = "P": null

2020-02-07 15:08:22 - [TEST_STEP][PASSED] - if (!(verifyElementPropertyValue(response, "data.product.down", myuff))): Verify element property value successfully

2020-02-07 15:08:22 - [MESSAGE][PASSED] - Verify element property value successfully

2020-02-07 15:08:22 - [TEST_STEP][PASSED] - else: null

2020-02-07 15:08:22 - [TEST_STEP][PASSED] - uffFail = "P": null

2020-02-07 15:08:22 - [TEST_STEP][PASSED] - jsonSlurper = new groovy.json.JsonSlurper(): null

2020-02-07 15:08:22 - [TEST_STEP][PASSED] - object = jsonSlurper.parseText(response.getResponseText()): null

2020-02-07 15:08:22 - [TEST_STEP][PASSED] - println(object): null

2020-02-07 15:08:22 - [TEST_STEP][PASSED] - mytest = plans: null

2020-02-07 15:08:22 - [TEST_STEP][PASSED] - variable = mytest: null

2020-02-07 15:08:22 - [MESSAGE][PASSED] - Verify response successfully

2020-02-07 15:08:22 - [MESSAGE][PASSED] - Send request and verify the response successfully

2020-02-07 15:08:22 - [TEST_STEP][PASSED] - setValueToCellByAddress(sheet01, "E" + mycount, variable): null

2020-02-07 15:08:22 - [TEST_STEP][PASSED] - saveWorkbook(excelFile01, workbook01): null]]></system-out>
         <system-err><![CDATA[]]></system-err>
      </testcase>
      <testcase name="Test Cases/Test_Beams_by_Zip_to_Excel" time="1.907" classname="Test Cases/Test_Beams_by_Zip_to_Excel" status="PASSED">
         <system-out><![CDATA[2020-02-07 15:08:22 - [TEST_CASE][PASSED] - Test Cases/Test_Beams_by_Zip_to_Excel: Test Cases/Test_Beams_by_Zip_to_Excel

2020-02-07 15:08:22 - [TEST_STEP][PASSED] - excelFile01 = "beams-test-results.xlsx": null

2020-02-07 15:08:22 - [TEST_STEP][PASSED] - ExpectedListSheetFile1 = ["Sheet1"]: null

2020-02-07 15:08:22 - [TEST_STEP][PASSED] - workbookFile01 = getWorkbook(excelFile01): null

2020-02-07 15:08:22 - [TEST_STEP][PASSED] - workbook01 = getWorkbook(excelFile01): null

2020-02-07 15:08:22 - [TEST_STEP][PASSED] - sheet01 = getExcelSheet(workbook01, "Sheet1"): null

2020-02-07 15:08:22 - [TEST_STEP][PASSED] - setValueToCellByAddress(sheet01, "A1", "TEST"): null

2020-02-07 15:08:22 - [TEST_STEP][PASSED] - setValueToCellByAddress(sheet01, "B1", "BEAM"): null

2020-02-07 15:08:22 - [TEST_STEP][PASSED] - setValueToCellByAddress(sheet01, "C1", "UFF"): null

2020-02-07 15:08:22 - [TEST_STEP][PASSED] - setValueToCellByAddress(sheet01, "D1", "PLAN"): null

2020-02-07 15:08:22 - [TEST_STEP][PASSED] - setValueToCellByAddress(sheet01, "E1", "API PLAN"): null

2020-02-07 15:08:22 - [TEST_STEP][PASSED] - mybeam = mybeam: null

2020-02-07 15:08:22 - [TEST_STEP][PASSED] - myuff = myuff: null

2020-02-07 15:08:22 - [TEST_STEP][PASSED] - myplan = myplan: null

2020-02-07 15:08:22 - [TEST_STEP][PASSED] - log = new com.kms.katalon.core.logging.KeywordLogger(): null

2020-02-07 15:08:22 - [TEST_STEP][PASSED] - log.logWarning("beam " + mybeam + " zip " + myzip + " upfront fees " + myuff + " plan " + myplan): beam 721 zip 50313 upfront fees 0 plan VS2 Best Offer B

2020-02-07 15:08:22 - [MESSAGE][WARNING] - beam 721 zip 50313 upfront fees 0 plan VS2 Best Offer B

2020-02-07 15:08:22 - [TEST_STEP][PASSED] - setValueToCellByAddress(sheet01, "B" + mycount, beamFail): null

2020-02-07 15:08:22 - [TEST_STEP][PASSED] - setValueToCellByAddress(sheet01, "C" + mycount, uffFail): null

2020-02-07 15:08:22 - [TEST_STEP][PASSED] - mycount = mycount + 1: null

2020-02-07 15:08:22 - [TEST_STEP][PASSED] - setValueToCellByAddress(sheet01, "A" + mycount, "beam " + mybeam + " zip " + myzip + " upfront fees " + myuff + " plan " + myplan): null

2020-02-07 15:08:22 - [TEST_STEP][PASSED] - setValueToCellByAddress(sheet01, "D" + mycount, myplan): null

2020-02-07 15:08:22 - [TEST_STEP][PASSED] - sendRequestAndVerify(findTestObject("Exede_Zip", ["myzip":myzip])): Send request and verify the response successfully

2020-02-07 15:08:24 - [MESSAGE][INFO] - HAR: /Users/jhampleman/Katalon Studio/Exede_Beam_Tests_v2.1 copy/Reports/20200207_150435/RUN_Exede_Zip_Test/20200207_150435/requests/main/108.har

2020-02-07 15:08:24 - [TEST_CASE][PASSED] - Start Test Case : Verification: Verification accomplished successfully

2020-02-07 15:08:24 - [TEST_STEP][PASSED] - request = getInstance().getCurrentRequest(): null

2020-02-07 15:08:24 - [TEST_STEP][PASSED] - response = getInstance().getCurrentResponse(): null

2020-02-07 15:08:24 - [TEST_STEP][PASSED] - if (!(verifyElementPropertyValue(response, "data.beam", mybeam))): Verify element property value successfully

2020-02-07 15:08:24 - [MESSAGE][PASSED] - Verify element property value successfully

2020-02-07 15:08:24 - [TEST_STEP][PASSED] - else: null

2020-02-07 15:08:24 - [TEST_STEP][PASSED] - beamFail = "P": null

2020-02-07 15:08:24 - [TEST_STEP][PASSED] - if (!(verifyElementPropertyValue(response, "data.product.down", myuff))): Verify element property value successfully

2020-02-07 15:08:24 - [MESSAGE][PASSED] - Verify element property value successfully

2020-02-07 15:08:24 - [TEST_STEP][PASSED] - else: null

2020-02-07 15:08:24 - [TEST_STEP][PASSED] - uffFail = "P": null

2020-02-07 15:08:24 - [TEST_STEP][PASSED] - jsonSlurper = new groovy.json.JsonSlurper(): null

2020-02-07 15:08:24 - [TEST_STEP][PASSED] - object = jsonSlurper.parseText(response.getResponseText()): null

2020-02-07 15:08:24 - [TEST_STEP][PASSED] - println(object): null

2020-02-07 15:08:24 - [TEST_STEP][PASSED] - mytest = plans: null

2020-02-07 15:08:24 - [TEST_STEP][PASSED] - variable = mytest: null

2020-02-07 15:08:24 - [MESSAGE][PASSED] - Verify response successfully

2020-02-07 15:08:24 - [MESSAGE][PASSED] - Send request and verify the response successfully

2020-02-07 15:08:24 - [TEST_STEP][PASSED] - setValueToCellByAddress(sheet01, "E" + mycount, variable): null

2020-02-07 15:08:24 - [TEST_STEP][PASSED] - saveWorkbook(excelFile01, workbook01): null]]></system-out>
         <system-err><![CDATA[]]></system-err>
      </testcase>
      <testcase name="Test Cases/Test_Beams_by_Zip_to_Excel" time="2.159" classname="Test Cases/Test_Beams_by_Zip_to_Excel" status="PASSED">
         <system-out><![CDATA[2020-02-07 15:08:24 - [TEST_CASE][PASSED] - Test Cases/Test_Beams_by_Zip_to_Excel: Test Cases/Test_Beams_by_Zip_to_Excel

2020-02-07 15:08:24 - [TEST_STEP][PASSED] - excelFile01 = "beams-test-results.xlsx": null

2020-02-07 15:08:24 - [TEST_STEP][PASSED] - ExpectedListSheetFile1 = ["Sheet1"]: null

2020-02-07 15:08:24 - [TEST_STEP][PASSED] - workbookFile01 = getWorkbook(excelFile01): null

2020-02-07 15:08:24 - [TEST_STEP][PASSED] - workbook01 = getWorkbook(excelFile01): null

2020-02-07 15:08:24 - [TEST_STEP][PASSED] - sheet01 = getExcelSheet(workbook01, "Sheet1"): null

2020-02-07 15:08:24 - [TEST_STEP][PASSED] - setValueToCellByAddress(sheet01, "A1", "TEST"): null

2020-02-07 15:08:24 - [TEST_STEP][PASSED] - setValueToCellByAddress(sheet01, "B1", "BEAM"): null

2020-02-07 15:08:24 - [TEST_STEP][PASSED] - setValueToCellByAddress(sheet01, "C1", "UFF"): null

2020-02-07 15:08:24 - [TEST_STEP][PASSED] - setValueToCellByAddress(sheet01, "D1", "PLAN"): null

2020-02-07 15:08:24 - [TEST_STEP][PASSED] - setValueToCellByAddress(sheet01, "E1", "API PLAN"): null

2020-02-07 15:08:24 - [TEST_STEP][PASSED] - mybeam = mybeam: null

2020-02-07 15:08:24 - [TEST_STEP][PASSED] - myuff = myuff: null

2020-02-07 15:08:24 - [TEST_STEP][PASSED] - myplan = myplan: null

2020-02-07 15:08:24 - [TEST_STEP][PASSED] - log = new com.kms.katalon.core.logging.KeywordLogger(): null

2020-02-07 15:08:24 - [TEST_STEP][PASSED] - log.logWarning("beam " + mybeam + " zip " + myzip + " upfront fees " + myuff + " plan " + myplan): beam 722 zip 38017 upfront fees 0 plan VS2 Best Offer A

2020-02-07 15:08:24 - [MESSAGE][WARNING] - beam 722 zip 38017 upfront fees 0 plan VS2 Best Offer A

2020-02-07 15:08:24 - [TEST_STEP][PASSED] - setValueToCellByAddress(sheet01, "B" + mycount, beamFail): null

2020-02-07 15:08:24 - [TEST_STEP][PASSED] - setValueToCellByAddress(sheet01, "C" + mycount, uffFail): null

2020-02-07 15:08:24 - [TEST_STEP][PASSED] - mycount = mycount + 1: null

2020-02-07 15:08:24 - [TEST_STEP][PASSED] - setValueToCellByAddress(sheet01, "A" + mycount, "beam " + mybeam + " zip " + myzip + " upfront fees " + myuff + " plan " + myplan): null

2020-02-07 15:08:24 - [TEST_STEP][PASSED] - setValueToCellByAddress(sheet01, "D" + mycount, myplan): null

2020-02-07 15:08:24 - [TEST_STEP][PASSED] - sendRequestAndVerify(findTestObject("Exede_Zip", ["myzip":myzip])): Send request and verify the response successfully

2020-02-07 15:08:26 - [MESSAGE][INFO] - HAR: /Users/jhampleman/Katalon Studio/Exede_Beam_Tests_v2.1 copy/Reports/20200207_150435/RUN_Exede_Zip_Test/20200207_150435/requests/main/109.har

2020-02-07 15:08:26 - [TEST_CASE][PASSED] - Start Test Case : Verification: Verification accomplished successfully

2020-02-07 15:08:26 - [TEST_STEP][PASSED] - request = getInstance().getCurrentRequest(): null

2020-02-07 15:08:26 - [TEST_STEP][PASSED] - response = getInstance().getCurrentResponse(): null

2020-02-07 15:08:26 - [TEST_STEP][PASSED] - if (!(verifyElementPropertyValue(response, "data.beam", mybeam))): Verify element property value successfully

2020-02-07 15:08:26 - [MESSAGE][PASSED] - Verify element property value successfully

2020-02-07 15:08:26 - [TEST_STEP][PASSED] - else: null

2020-02-07 15:08:26 - [TEST_STEP][PASSED] - beamFail = "P": null

2020-02-07 15:08:26 - [TEST_STEP][PASSED] - if (!(verifyElementPropertyValue(response, "data.product.down", myuff))): Verify element property value successfully

2020-02-07 15:08:26 - [MESSAGE][PASSED] - Verify element property value successfully

2020-02-07 15:08:26 - [TEST_STEP][PASSED] - else: null

2020-02-07 15:08:26 - [TEST_STEP][PASSED] - uffFail = "P": null

2020-02-07 15:08:26 - [TEST_STEP][PASSED] - jsonSlurper = new groovy.json.JsonSlurper(): null

2020-02-07 15:08:26 - [TEST_STEP][PASSED] - object = jsonSlurper.parseText(response.getResponseText()): null

2020-02-07 15:08:26 - [TEST_STEP][PASSED] - println(object): null

2020-02-07 15:08:26 - [TEST_STEP][PASSED] - mytest = plans: null

2020-02-07 15:08:26 - [TEST_STEP][PASSED] - variable = mytest: null

2020-02-07 15:08:26 - [MESSAGE][PASSED] - Verify response successfully

2020-02-07 15:08:26 - [MESSAGE][PASSED] - Send request and verify the response successfully

2020-02-07 15:08:26 - [TEST_STEP][PASSED] - setValueToCellByAddress(sheet01, "E" + mycount, variable): null

2020-02-07 15:08:26 - [TEST_STEP][PASSED] - saveWorkbook(excelFile01, workbook01): null]]></system-out>
         <system-err><![CDATA[]]></system-err>
      </testcase>
      <testcase name="Test Cases/Test_Beams_by_Zip_to_Excel" time="2.026" classname="Test Cases/Test_Beams_by_Zip_to_Excel" status="PASSED">
         <system-out><![CDATA[2020-02-07 15:08:26 - [TEST_CASE][PASSED] - Test Cases/Test_Beams_by_Zip_to_Excel: Test Cases/Test_Beams_by_Zip_to_Excel

2020-02-07 15:08:26 - [TEST_STEP][PASSED] - excelFile01 = "beams-test-results.xlsx": null

2020-02-07 15:08:26 - [TEST_STEP][PASSED] - ExpectedListSheetFile1 = ["Sheet1"]: null

2020-02-07 15:08:26 - [TEST_STEP][PASSED] - workbookFile01 = getWorkbook(excelFile01): null

2020-02-07 15:08:26 - [TEST_STEP][PASSED] - workbook01 = getWorkbook(excelFile01): null

2020-02-07 15:08:26 - [TEST_STEP][PASSED] - sheet01 = getExcelSheet(workbook01, "Sheet1"): null

2020-02-07 15:08:26 - [TEST_STEP][PASSED] - setValueToCellByAddress(sheet01, "A1", "TEST"): null

2020-02-07 15:08:26 - [TEST_STEP][PASSED] - setValueToCellByAddress(sheet01, "B1", "BEAM"): null

2020-02-07 15:08:26 - [TEST_STEP][PASSED] - setValueToCellByAddress(sheet01, "C1", "UFF"): null

2020-02-07 15:08:26 - [TEST_STEP][PASSED] - setValueToCellByAddress(sheet01, "D1", "PLAN"): null

2020-02-07 15:08:26 - [TEST_STEP][PASSED] - setValueToCellByAddress(sheet01, "E1", "API PLAN"): null

2020-02-07 15:08:26 - [TEST_STEP][PASSED] - mybeam = mybeam: null

2020-02-07 15:08:26 - [TEST_STEP][PASSED] - myuff = myuff: null

2020-02-07 15:08:26 - [TEST_STEP][PASSED] - myplan = myplan: null

2020-02-07 15:08:26 - [TEST_STEP][PASSED] - log = new com.kms.katalon.core.logging.KeywordLogger(): null

2020-02-07 15:08:26 - [TEST_STEP][PASSED] - log.logWarning("beam " + mybeam + " zip " + myzip + " upfront fees " + myuff + " plan " + myplan): beam 723 zip 55401 upfront fees 0 plan VS2 Best Offer B

2020-02-07 15:08:26 - [MESSAGE][WARNING] - beam 723 zip 55401 upfront fees 0 plan VS2 Best Offer B

2020-02-07 15:08:26 - [TEST_STEP][PASSED] - setValueToCellByAddress(sheet01, "B" + mycount, beamFail): null

2020-02-07 15:08:26 - [TEST_STEP][PASSED] - setValueToCellByAddress(sheet01, "C" + mycount, uffFail): null

2020-02-07 15:08:26 - [TEST_STEP][PASSED] - mycount = mycount + 1: null

2020-02-07 15:08:26 - [TEST_STEP][PASSED] - setValueToCellByAddress(sheet01, "A" + mycount, "beam " + mybeam + " zip " + myzip + " upfront fees " + myuff + " plan " + myplan): null

2020-02-07 15:08:26 - [TEST_STEP][PASSED] - setValueToCellByAddress(sheet01, "D" + mycount, myplan): null

2020-02-07 15:08:26 - [TEST_STEP][PASSED] - sendRequestAndVerify(findTestObject("Exede_Zip", ["myzip":myzip])): Send request and verify the response successfully

2020-02-07 15:08:28 - [MESSAGE][INFO] - HAR: /Users/jhampleman/Katalon Studio/Exede_Beam_Tests_v2.1 copy/Reports/20200207_150435/RUN_Exede_Zip_Test/20200207_150435/requests/main/110.har

2020-02-07 15:08:28 - [TEST_CASE][PASSED] - Start Test Case : Verification: Verification accomplished successfully

2020-02-07 15:08:28 - [TEST_STEP][PASSED] - request = getInstance().getCurrentRequest(): null

2020-02-07 15:08:28 - [TEST_STEP][PASSED] - response = getInstance().getCurrentResponse(): null

2020-02-07 15:08:28 - [TEST_STEP][PASSED] - if (!(verifyElementPropertyValue(response, "data.beam", mybeam))): Verify element property value successfully

2020-02-07 15:08:28 - [MESSAGE][PASSED] - Verify element property value successfully

2020-02-07 15:08:28 - [TEST_STEP][PASSED] - else: null

2020-02-07 15:08:28 - [TEST_STEP][PASSED] - beamFail = "P": null

2020-02-07 15:08:28 - [TEST_STEP][PASSED] - if (!(verifyElementPropertyValue(response, "data.product.down", myuff))): Verify element property value successfully

2020-02-07 15:08:28 - [MESSAGE][PASSED] - Verify element property value successfully

2020-02-07 15:08:28 - [TEST_STEP][PASSED] - else: null

2020-02-07 15:08:28 - [TEST_STEP][PASSED] - uffFail = "P": null

2020-02-07 15:08:28 - [TEST_STEP][PASSED] - jsonSlurper = new groovy.json.JsonSlurper(): null

2020-02-07 15:08:28 - [TEST_STEP][PASSED] - object = jsonSlurper.parseText(response.getResponseText()): null

2020-02-07 15:08:28 - [TEST_STEP][PASSED] - println(object): null

2020-02-07 15:08:28 - [TEST_STEP][PASSED] - mytest = plans: null

2020-02-07 15:08:28 - [TEST_STEP][PASSED] - variable = mytest: null

2020-02-07 15:08:28 - [MESSAGE][PASSED] - Verify response successfully

2020-02-07 15:08:28 - [MESSAGE][PASSED] - Send request and verify the response successfully

2020-02-07 15:08:28 - [TEST_STEP][PASSED] - setValueToCellByAddress(sheet01, "E" + mycount, variable): null

2020-02-07 15:08:28 - [TEST_STEP][PASSED] - saveWorkbook(excelFile01, workbook01): null]]></system-out>
         <system-err><![CDATA[]]></system-err>
      </testcase>
      <testcase name="Test Cases/Test_Beams_by_Zip_to_Excel" time="2.035" classname="Test Cases/Test_Beams_by_Zip_to_Excel" status="PASSED">
         <system-out><![CDATA[2020-02-07 15:08:28 - [TEST_CASE][PASSED] - Test Cases/Test_Beams_by_Zip_to_Excel: Test Cases/Test_Beams_by_Zip_to_Excel

2020-02-07 15:08:28 - [TEST_STEP][PASSED] - excelFile01 = "beams-test-results.xlsx": null

2020-02-07 15:08:28 - [TEST_STEP][PASSED] - ExpectedListSheetFile1 = ["Sheet1"]: null

2020-02-07 15:08:28 - [TEST_STEP][PASSED] - workbookFile01 = getWorkbook(excelFile01): null

2020-02-07 15:08:28 - [TEST_STEP][PASSED] - workbook01 = getWorkbook(excelFile01): null

2020-02-07 15:08:28 - [TEST_STEP][PASSED] - sheet01 = getExcelSheet(workbook01, "Sheet1"): null

2020-02-07 15:08:28 - [TEST_STEP][PASSED] - setValueToCellByAddress(sheet01, "A1", "TEST"): null

2020-02-07 15:08:28 - [TEST_STEP][PASSED] - setValueToCellByAddress(sheet01, "B1", "BEAM"): null

2020-02-07 15:08:28 - [TEST_STEP][PASSED] - setValueToCellByAddress(sheet01, "C1", "UFF"): null

2020-02-07 15:08:28 - [TEST_STEP][PASSED] - setValueToCellByAddress(sheet01, "D1", "PLAN"): null

2020-02-07 15:08:28 - [TEST_STEP][PASSED] - setValueToCellByAddress(sheet01, "E1", "API PLAN"): null

2020-02-07 15:08:28 - [TEST_STEP][PASSED] - mybeam = mybeam: null

2020-02-07 15:08:28 - [TEST_STEP][PASSED] - myuff = myuff: null

2020-02-07 15:08:28 - [TEST_STEP][PASSED] - myplan = myplan: null

2020-02-07 15:08:28 - [TEST_STEP][PASSED] - log = new com.kms.katalon.core.logging.KeywordLogger(): null

2020-02-07 15:08:28 - [TEST_STEP][PASSED] - log.logWarning("beam " + mybeam + " zip " + myzip + " upfront fees " + myuff + " plan " + myplan): beam 724 zip 62295 upfront fees 0 plan VS2 Best Offer B

2020-02-07 15:08:28 - [MESSAGE][WARNING] - beam 724 zip 62295 upfront fees 0 plan VS2 Best Offer B

2020-02-07 15:08:28 - [TEST_STEP][PASSED] - setValueToCellByAddress(sheet01, "B" + mycount, beamFail): null

2020-02-07 15:08:28 - [TEST_STEP][PASSED] - setValueToCellByAddress(sheet01, "C" + mycount, uffFail): null

2020-02-07 15:08:28 - [TEST_STEP][PASSED] - mycount = mycount + 1: null

2020-02-07 15:08:28 - [TEST_STEP][PASSED] - setValueToCellByAddress(sheet01, "A" + mycount, "beam " + mybeam + " zip " + myzip + " upfront fees " + myuff + " plan " + myplan): null

2020-02-07 15:08:28 - [TEST_STEP][PASSED] - setValueToCellByAddress(sheet01, "D" + mycount, myplan): null

2020-02-07 15:08:28 - [TEST_STEP][PASSED] - sendRequestAndVerify(findTestObject("Exede_Zip", ["myzip":myzip])): Send request and verify the response successfully

2020-02-07 15:08:30 - [MESSAGE][INFO] - HAR: /Users/jhampleman/Katalon Studio/Exede_Beam_Tests_v2.1 copy/Reports/20200207_150435/RUN_Exede_Zip_Test/20200207_150435/requests/main/111.har

2020-02-07 15:08:30 - [TEST_CASE][PASSED] - Start Test Case : Verification: Verification accomplished successfully

2020-02-07 15:08:30 - [TEST_STEP][PASSED] - request = getInstance().getCurrentRequest(): null

2020-02-07 15:08:30 - [TEST_STEP][PASSED] - response = getInstance().getCurrentResponse(): null

2020-02-07 15:08:30 - [TEST_STEP][PASSED] - if (!(verifyElementPropertyValue(response, "data.beam", mybeam))): Verify element property value successfully

2020-02-07 15:08:30 - [MESSAGE][PASSED] - Verify element property value successfully

2020-02-07 15:08:30 - [TEST_STEP][PASSED] - else: null

2020-02-07 15:08:30 - [TEST_STEP][PASSED] - beamFail = "P": null

2020-02-07 15:08:30 - [TEST_STEP][PASSED] - if (!(verifyElementPropertyValue(response, "data.product.down", myuff))): Verify element property value successfully

2020-02-07 15:08:30 - [MESSAGE][PASSED] - Verify element property value successfully

2020-02-07 15:08:30 - [TEST_STEP][PASSED] - else: null

2020-02-07 15:08:30 - [TEST_STEP][PASSED] - uffFail = "P": null

2020-02-07 15:08:30 - [TEST_STEP][PASSED] - jsonSlurper = new groovy.json.JsonSlurper(): null

2020-02-07 15:08:30 - [TEST_STEP][PASSED] - object = jsonSlurper.parseText(response.getResponseText()): null

2020-02-07 15:08:30 - [TEST_STEP][PASSED] - println(object): null

2020-02-07 15:08:30 - [TEST_STEP][PASSED] - mytest = plans: null

2020-02-07 15:08:30 - [TEST_STEP][PASSED] - variable = mytest: null

2020-02-07 15:08:30 - [MESSAGE][PASSED] - Verify response successfully

2020-02-07 15:08:30 - [MESSAGE][PASSED] - Send request and verify the response successfully

2020-02-07 15:08:30 - [TEST_STEP][PASSED] - setValueToCellByAddress(sheet01, "E" + mycount, variable): null

2020-02-07 15:08:30 - [TEST_STEP][PASSED] - saveWorkbook(excelFile01, workbook01): null]]></system-out>
         <system-err><![CDATA[]]></system-err>
      </testcase>
      <testcase name="Test Cases/Test_Beams_by_Zip_to_Excel" time="2.239" classname="Test Cases/Test_Beams_by_Zip_to_Excel" status="PASSED">
         <system-out><![CDATA[2020-02-07 15:08:30 - [TEST_CASE][PASSED] - Test Cases/Test_Beams_by_Zip_to_Excel: Test Cases/Test_Beams_by_Zip_to_Excel

2020-02-07 15:08:30 - [TEST_STEP][PASSED] - excelFile01 = "beams-test-results.xlsx": null

2020-02-07 15:08:30 - [TEST_STEP][PASSED] - ExpectedListSheetFile1 = ["Sheet1"]: null

2020-02-07 15:08:30 - [TEST_STEP][PASSED] - workbookFile01 = getWorkbook(excelFile01): null

2020-02-07 15:08:30 - [TEST_STEP][PASSED] - workbook01 = getWorkbook(excelFile01): null

2020-02-07 15:08:30 - [TEST_STEP][PASSED] - sheet01 = getExcelSheet(workbook01, "Sheet1"): null

2020-02-07 15:08:30 - [TEST_STEP][PASSED] - setValueToCellByAddress(sheet01, "A1", "TEST"): null

2020-02-07 15:08:30 - [TEST_STEP][PASSED] - setValueToCellByAddress(sheet01, "B1", "BEAM"): null

2020-02-07 15:08:30 - [TEST_STEP][PASSED] - setValueToCellByAddress(sheet01, "C1", "UFF"): null

2020-02-07 15:08:30 - [TEST_STEP][PASSED] - setValueToCellByAddress(sheet01, "D1", "PLAN"): null

2020-02-07 15:08:30 - [TEST_STEP][PASSED] - setValueToCellByAddress(sheet01, "E1", "API PLAN"): null

2020-02-07 15:08:30 - [TEST_STEP][PASSED] - mybeam = mybeam: null

2020-02-07 15:08:30 - [TEST_STEP][PASSED] - myuff = myuff: null

2020-02-07 15:08:30 - [TEST_STEP][PASSED] - myplan = myplan: null

2020-02-07 15:08:30 - [TEST_STEP][PASSED] - log = new com.kms.katalon.core.logging.KeywordLogger(): null

2020-02-07 15:08:30 - [TEST_STEP][PASSED] - log.logWarning("beam " + mybeam + " zip " + myzip + " upfront fees " + myuff + " plan " + myplan): beam 725 zip 35020 upfront fees 0 plan VS2 Best Offer B

2020-02-07 15:08:30 - [MESSAGE][WARNING] - beam 725 zip 35020 upfront fees 0 plan VS2 Best Offer B

2020-02-07 15:08:30 - [TEST_STEP][PASSED] - setValueToCellByAddress(sheet01, "B" + mycount, beamFail): null

2020-02-07 15:08:30 - [TEST_STEP][PASSED] - setValueToCellByAddress(sheet01, "C" + mycount, uffFail): null

2020-02-07 15:08:30 - [TEST_STEP][PASSED] - mycount = mycount + 1: null

2020-02-07 15:08:30 - [TEST_STEP][PASSED] - setValueToCellByAddress(sheet01, "A" + mycount, "beam " + mybeam + " zip " + myzip + " upfront fees " + myuff + " plan " + myplan): null

2020-02-07 15:08:30 - [TEST_STEP][PASSED] - setValueToCellByAddress(sheet01, "D" + mycount, myplan): null

2020-02-07 15:08:30 - [TEST_STEP][PASSED] - sendRequestAndVerify(findTestObject("Exede_Zip", ["myzip":myzip])): Send request and verify the response successfully

2020-02-07 15:08:32 - [MESSAGE][INFO] - HAR: /Users/jhampleman/Katalon Studio/Exede_Beam_Tests_v2.1 copy/Reports/20200207_150435/RUN_Exede_Zip_Test/20200207_150435/requests/main/112.har

2020-02-07 15:08:32 - [TEST_CASE][PASSED] - Start Test Case : Verification: Verification accomplished successfully

2020-02-07 15:08:32 - [TEST_STEP][PASSED] - request = getInstance().getCurrentRequest(): null

2020-02-07 15:08:32 - [TEST_STEP][PASSED] - response = getInstance().getCurrentResponse(): null

2020-02-07 15:08:32 - [TEST_STEP][PASSED] - if (!(verifyElementPropertyValue(response, "data.beam", mybeam))): Verify element property value successfully

2020-02-07 15:08:32 - [MESSAGE][PASSED] - Verify element property value successfully

2020-02-07 15:08:32 - [TEST_STEP][PASSED] - else: null

2020-02-07 15:08:32 - [TEST_STEP][PASSED] - beamFail = "P": null

2020-02-07 15:08:32 - [TEST_STEP][PASSED] - if (!(verifyElementPropertyValue(response, "data.product.down", myuff))): Verify element property value successfully

2020-02-07 15:08:32 - [MESSAGE][PASSED] - Verify element property value successfully

2020-02-07 15:08:32 - [TEST_STEP][PASSED] - else: null

2020-02-07 15:08:32 - [TEST_STEP][PASSED] - uffFail = "P": null

2020-02-07 15:08:32 - [TEST_STEP][PASSED] - jsonSlurper = new groovy.json.JsonSlurper(): null

2020-02-07 15:08:32 - [TEST_STEP][PASSED] - object = jsonSlurper.parseText(response.getResponseText()): null

2020-02-07 15:08:32 - [TEST_STEP][PASSED] - println(object): null

2020-02-07 15:08:32 - [TEST_STEP][PASSED] - mytest = plans: null

2020-02-07 15:08:32 - [TEST_STEP][PASSED] - variable = mytest: null

2020-02-07 15:08:32 - [MESSAGE][PASSED] - Verify response successfully

2020-02-07 15:08:32 - [MESSAGE][PASSED] - Send request and verify the response successfully

2020-02-07 15:08:32 - [TEST_STEP][PASSED] - setValueToCellByAddress(sheet01, "E" + mycount, variable): null

2020-02-07 15:08:32 - [TEST_STEP][PASSED] - saveWorkbook(excelFile01, workbook01): null]]></system-out>
         <system-err><![CDATA[]]></system-err>
      </testcase>
      <testcase name="Test Cases/Test_Beams_by_Zip_to_Excel" time="1.835" classname="Test Cases/Test_Beams_by_Zip_to_Excel" status="PASSED">
         <system-out><![CDATA[2020-02-07 15:08:32 - [TEST_CASE][PASSED] - Test Cases/Test_Beams_by_Zip_to_Excel: Test Cases/Test_Beams_by_Zip_to_Excel

2020-02-07 15:08:32 - [TEST_STEP][PASSED] - excelFile01 = "beams-test-results.xlsx": null

2020-02-07 15:08:32 - [TEST_STEP][PASSED] - ExpectedListSheetFile1 = ["Sheet1"]: null

2020-02-07 15:08:32 - [TEST_STEP][PASSED] - workbookFile01 = getWorkbook(excelFile01): null

2020-02-07 15:08:32 - [TEST_STEP][PASSED] - workbook01 = getWorkbook(excelFile01): null

2020-02-07 15:08:32 - [TEST_STEP][PASSED] - sheet01 = getExcelSheet(workbook01, "Sheet1"): null

2020-02-07 15:08:32 - [TEST_STEP][PASSED] - setValueToCellByAddress(sheet01, "A1", "TEST"): null

2020-02-07 15:08:32 - [TEST_STEP][PASSED] - setValueToCellByAddress(sheet01, "B1", "BEAM"): null

2020-02-07 15:08:32 - [TEST_STEP][PASSED] - setValueToCellByAddress(sheet01, "C1", "UFF"): null

2020-02-07 15:08:32 - [TEST_STEP][PASSED] - setValueToCellByAddress(sheet01, "D1", "PLAN"): null

2020-02-07 15:08:32 - [TEST_STEP][PASSED] - setValueToCellByAddress(sheet01, "E1", "API PLAN"): null

2020-02-07 15:08:32 - [TEST_STEP][PASSED] - mybeam = mybeam: null

2020-02-07 15:08:32 - [TEST_STEP][PASSED] - myuff = myuff: null

2020-02-07 15:08:32 - [TEST_STEP][PASSED] - myplan = myplan: null

2020-02-07 15:08:32 - [TEST_STEP][PASSED] - log = new com.kms.katalon.core.logging.KeywordLogger(): null

2020-02-07 15:08:32 - [TEST_STEP][PASSED] - log.logWarning("beam " + mybeam + " zip " + myzip + " upfront fees " + myuff + " plan " + myplan): beam 727 zip 53214 upfront fees 0 plan VS2 Best Offer B

2020-02-07 15:08:32 - [MESSAGE][WARNING] - beam 727 zip 53214 upfront fees 0 plan VS2 Best Offer B

2020-02-07 15:08:32 - [TEST_STEP][PASSED] - setValueToCellByAddress(sheet01, "B" + mycount, beamFail): null

2020-02-07 15:08:32 - [TEST_STEP][PASSED] - setValueToCellByAddress(sheet01, "C" + mycount, uffFail): null

2020-02-07 15:08:32 - [TEST_STEP][PASSED] - mycount = mycount + 1: null

2020-02-07 15:08:32 - [TEST_STEP][PASSED] - setValueToCellByAddress(sheet01, "A" + mycount, "beam " + mybeam + " zip " + myzip + " upfront fees " + myuff + " plan " + myplan): null

2020-02-07 15:08:32 - [TEST_STEP][PASSED] - setValueToCellByAddress(sheet01, "D" + mycount, myplan): null

2020-02-07 15:08:32 - [TEST_STEP][PASSED] - sendRequestAndVerify(findTestObject("Exede_Zip", ["myzip":myzip])): Send request and verify the response successfully

2020-02-07 15:08:34 - [MESSAGE][INFO] - HAR: /Users/jhampleman/Katalon Studio/Exede_Beam_Tests_v2.1 copy/Reports/20200207_150435/RUN_Exede_Zip_Test/20200207_150435/requests/main/113.har

2020-02-07 15:08:34 - [TEST_CASE][PASSED] - Start Test Case : Verification: Verification accomplished successfully

2020-02-07 15:08:34 - [TEST_STEP][PASSED] - request = getInstance().getCurrentRequest(): null

2020-02-07 15:08:34 - [TEST_STEP][PASSED] - response = getInstance().getCurrentResponse(): null

2020-02-07 15:08:34 - [TEST_STEP][PASSED] - if (!(verifyElementPropertyValue(response, "data.beam", mybeam))): Verify element property value successfully

2020-02-07 15:08:34 - [MESSAGE][PASSED] - Verify element property value successfully

2020-02-07 15:08:34 - [TEST_STEP][PASSED] - else: null

2020-02-07 15:08:34 - [TEST_STEP][PASSED] - beamFail = "P": null

2020-02-07 15:08:34 - [TEST_STEP][PASSED] - if (!(verifyElementPropertyValue(response, "data.product.down", myuff))): Verify element property value successfully

2020-02-07 15:08:34 - [MESSAGE][PASSED] - Verify element property value successfully

2020-02-07 15:08:34 - [TEST_STEP][PASSED] - else: null

2020-02-07 15:08:34 - [TEST_STEP][PASSED] - uffFail = "P": null

2020-02-07 15:08:34 - [TEST_STEP][PASSED] - jsonSlurper = new groovy.json.JsonSlurper(): null

2020-02-07 15:08:34 - [TEST_STEP][PASSED] - object = jsonSlurper.parseText(response.getResponseText()): null

2020-02-07 15:08:34 - [TEST_STEP][PASSED] - println(object): null

2020-02-07 15:08:34 - [TEST_STEP][PASSED] - mytest = plans: null

2020-02-07 15:08:34 - [TEST_STEP][PASSED] - variable = mytest: null

2020-02-07 15:08:34 - [MESSAGE][PASSED] - Verify response successfully

2020-02-07 15:08:34 - [MESSAGE][PASSED] - Send request and verify the response successfully

2020-02-07 15:08:34 - [TEST_STEP][PASSED] - setValueToCellByAddress(sheet01, "E" + mycount, variable): null

2020-02-07 15:08:34 - [TEST_STEP][PASSED] - saveWorkbook(excelFile01, workbook01): null]]></system-out>
         <system-err><![CDATA[]]></system-err>
      </testcase>
      <testcase name="Test Cases/Test_Beams_by_Zip_to_Excel" time="2.013" classname="Test Cases/Test_Beams_by_Zip_to_Excel" status="PASSED">
         <system-out><![CDATA[2020-02-07 15:08:34 - [TEST_CASE][PASSED] - Test Cases/Test_Beams_by_Zip_to_Excel: Test Cases/Test_Beams_by_Zip_to_Excel

2020-02-07 15:08:34 - [TEST_STEP][PASSED] - excelFile01 = "beams-test-results.xlsx": null

2020-02-07 15:08:34 - [TEST_STEP][PASSED] - ExpectedListSheetFile1 = ["Sheet1"]: null

2020-02-07 15:08:34 - [TEST_STEP][PASSED] - workbookFile01 = getWorkbook(excelFile01): null

2020-02-07 15:08:34 - [TEST_STEP][PASSED] - workbook01 = getWorkbook(excelFile01): null

2020-02-07 15:08:34 - [TEST_STEP][PASSED] - sheet01 = getExcelSheet(workbook01, "Sheet1"): null

2020-02-07 15:08:34 - [TEST_STEP][PASSED] - setValueToCellByAddress(sheet01, "A1", "TEST"): null

2020-02-07 15:08:34 - [TEST_STEP][PASSED] - setValueToCellByAddress(sheet01, "B1", "BEAM"): null

2020-02-07 15:08:34 - [TEST_STEP][PASSED] - setValueToCellByAddress(sheet01, "C1", "UFF"): null

2020-02-07 15:08:34 - [TEST_STEP][PASSED] - setValueToCellByAddress(sheet01, "D1", "PLAN"): null

2020-02-07 15:08:34 - [TEST_STEP][PASSED] - setValueToCellByAddress(sheet01, "E1", "API PLAN"): null

2020-02-07 15:08:34 - [TEST_STEP][PASSED] - mybeam = mybeam: null

2020-02-07 15:08:34 - [TEST_STEP][PASSED] - myuff = myuff: null

2020-02-07 15:08:34 - [TEST_STEP][PASSED] - myplan = myplan: null

2020-02-07 15:08:34 - [TEST_STEP][PASSED] - log = new com.kms.katalon.core.logging.KeywordLogger(): null

2020-02-07 15:08:34 - [TEST_STEP][PASSED] - log.logWarning("beam " + mybeam + " zip " + myzip + " upfront fees " + myuff + " plan " + myplan): beam 728 zip 46183 upfront fees 0 plan VS2 Best Offer B

2020-02-07 15:08:34 - [MESSAGE][WARNING] - beam 728 zip 46183 upfront fees 0 plan VS2 Best Offer B

2020-02-07 15:08:34 - [TEST_STEP][PASSED] - setValueToCellByAddress(sheet01, "B" + mycount, beamFail): null

2020-02-07 15:08:34 - [TEST_STEP][PASSED] - setValueToCellByAddress(sheet01, "C" + mycount, uffFail): null

2020-02-07 15:08:34 - [TEST_STEP][PASSED] - mycount = mycount + 1: null

2020-02-07 15:08:34 - [TEST_STEP][PASSED] - setValueToCellByAddress(sheet01, "A" + mycount, "beam " + mybeam + " zip " + myzip + " upfront fees " + myuff + " plan " + myplan): null

2020-02-07 15:08:34 - [TEST_STEP][PASSED] - setValueToCellByAddress(sheet01, "D" + mycount, myplan): null

2020-02-07 15:08:34 - [TEST_STEP][PASSED] - sendRequestAndVerify(findTestObject("Exede_Zip", ["myzip":myzip])): Send request and verify the response successfully

2020-02-07 15:08:36 - [MESSAGE][INFO] - HAR: /Users/jhampleman/Katalon Studio/Exede_Beam_Tests_v2.1 copy/Reports/20200207_150435/RUN_Exede_Zip_Test/20200207_150435/requests/main/114.har

2020-02-07 15:08:36 - [TEST_CASE][PASSED] - Start Test Case : Verification: Verification accomplished successfully

2020-02-07 15:08:36 - [TEST_STEP][PASSED] - request = getInstance().getCurrentRequest(): null

2020-02-07 15:08:36 - [TEST_STEP][PASSED] - response = getInstance().getCurrentResponse(): null

2020-02-07 15:08:36 - [TEST_STEP][PASSED] - if (!(verifyElementPropertyValue(response, "data.beam", mybeam))): Verify element property value successfully

2020-02-07 15:08:36 - [MESSAGE][PASSED] - Verify element property value successfully

2020-02-07 15:08:36 - [TEST_STEP][PASSED] - else: null

2020-02-07 15:08:36 - [TEST_STEP][PASSED] - beamFail = "P": null

2020-02-07 15:08:36 - [TEST_STEP][PASSED] - if (!(verifyElementPropertyValue(response, "data.product.down", myuff))): Verify element property value successfully

2020-02-07 15:08:36 - [MESSAGE][PASSED] - Verify element property value successfully

2020-02-07 15:08:36 - [TEST_STEP][PASSED] - else: null

2020-02-07 15:08:36 - [TEST_STEP][PASSED] - uffFail = "P": null

2020-02-07 15:08:36 - [TEST_STEP][PASSED] - jsonSlurper = new groovy.json.JsonSlurper(): null

2020-02-07 15:08:36 - [TEST_STEP][PASSED] - object = jsonSlurper.parseText(response.getResponseText()): null

2020-02-07 15:08:36 - [TEST_STEP][PASSED] - println(object): null

2020-02-07 15:08:36 - [TEST_STEP][PASSED] - mytest = plans: null

2020-02-07 15:08:36 - [TEST_STEP][PASSED] - variable = mytest: null

2020-02-07 15:08:36 - [MESSAGE][PASSED] - Verify response successfully

2020-02-07 15:08:36 - [MESSAGE][PASSED] - Send request and verify the response successfully

2020-02-07 15:08:36 - [TEST_STEP][PASSED] - setValueToCellByAddress(sheet01, "E" + mycount, variable): null

2020-02-07 15:08:36 - [TEST_STEP][PASSED] - saveWorkbook(excelFile01, workbook01): null]]></system-out>
         <system-err><![CDATA[]]></system-err>
      </testcase>
      <testcase name="Test Cases/Test_Beams_by_Zip_to_Excel" time="2.035" classname="Test Cases/Test_Beams_by_Zip_to_Excel" status="PASSED">
         <system-out><![CDATA[2020-02-07 15:08:36 - [TEST_CASE][PASSED] - Test Cases/Test_Beams_by_Zip_to_Excel: Test Cases/Test_Beams_by_Zip_to_Excel

2020-02-07 15:08:36 - [TEST_STEP][PASSED] - excelFile01 = "beams-test-results.xlsx": null

2020-02-07 15:08:36 - [TEST_STEP][PASSED] - ExpectedListSheetFile1 = ["Sheet1"]: null

2020-02-07 15:08:36 - [TEST_STEP][PASSED] - workbookFile01 = getWorkbook(excelFile01): null

2020-02-07 15:08:36 - [TEST_STEP][PASSED] - workbook01 = getWorkbook(excelFile01): null

2020-02-07 15:08:36 - [TEST_STEP][PASSED] - sheet01 = getExcelSheet(workbook01, "Sheet1"): null

2020-02-07 15:08:36 - [TEST_STEP][PASSED] - setValueToCellByAddress(sheet01, "A1", "TEST"): null

2020-02-07 15:08:36 - [TEST_STEP][PASSED] - setValueToCellByAddress(sheet01, "B1", "BEAM"): null

2020-02-07 15:08:36 - [TEST_STEP][PASSED] - setValueToCellByAddress(sheet01, "C1", "UFF"): null

2020-02-07 15:08:36 - [TEST_STEP][PASSED] - setValueToCellByAddress(sheet01, "D1", "PLAN"): null

2020-02-07 15:08:36 - [TEST_STEP][PASSED] - setValueToCellByAddress(sheet01, "E1", "API PLAN"): null

2020-02-07 15:08:36 - [TEST_STEP][PASSED] - mybeam = mybeam: null

2020-02-07 15:08:36 - [TEST_STEP][PASSED] - myuff = myuff: null

2020-02-07 15:08:36 - [TEST_STEP][PASSED] - myplan = myplan: null

2020-02-07 15:08:36 - [TEST_STEP][PASSED] - log = new com.kms.katalon.core.logging.KeywordLogger(): null

2020-02-07 15:08:36 - [TEST_STEP][PASSED] - log.logWarning("beam " + mybeam + " zip " + myzip + " upfront fees " + myuff + " plan " + myplan): beam 729 zip 30084 upfront fees 0 plan VS2 Best Offer B

2020-02-07 15:08:36 - [MESSAGE][WARNING] - beam 729 zip 30084 upfront fees 0 plan VS2 Best Offer B

2020-02-07 15:08:36 - [TEST_STEP][PASSED] - setValueToCellByAddress(sheet01, "B" + mycount, beamFail): null

2020-02-07 15:08:36 - [TEST_STEP][PASSED] - setValueToCellByAddress(sheet01, "C" + mycount, uffFail): null

2020-02-07 15:08:36 - [TEST_STEP][PASSED] - mycount = mycount + 1: null

2020-02-07 15:08:36 - [TEST_STEP][PASSED] - setValueToCellByAddress(sheet01, "A" + mycount, "beam " + mybeam + " zip " + myzip + " upfront fees " + myuff + " plan " + myplan): null

2020-02-07 15:08:36 - [TEST_STEP][PASSED] - setValueToCellByAddress(sheet01, "D" + mycount, myplan): null

2020-02-07 15:08:36 - [TEST_STEP][PASSED] - sendRequestAndVerify(findTestObject("Exede_Zip", ["myzip":myzip])): Send request and verify the response successfully

2020-02-07 15:08:38 - [MESSAGE][INFO] - HAR: /Users/jhampleman/Katalon Studio/Exede_Beam_Tests_v2.1 copy/Reports/20200207_150435/RUN_Exede_Zip_Test/20200207_150435/requests/main/115.har

2020-02-07 15:08:38 - [TEST_CASE][PASSED] - Start Test Case : Verification: Verification accomplished successfully

2020-02-07 15:08:38 - [TEST_STEP][PASSED] - request = getInstance().getCurrentRequest(): null

2020-02-07 15:08:38 - [TEST_STEP][PASSED] - response = getInstance().getCurrentResponse(): null

2020-02-07 15:08:38 - [TEST_STEP][PASSED] - if (!(verifyElementPropertyValue(response, "data.beam", mybeam))): Verify element property value successfully

2020-02-07 15:08:38 - [MESSAGE][PASSED] - Verify element property value successfully

2020-02-07 15:08:38 - [TEST_STEP][PASSED] - else: null

2020-02-07 15:08:38 - [TEST_STEP][PASSED] - beamFail = "P": null

2020-02-07 15:08:38 - [TEST_STEP][PASSED] - if (!(verifyElementPropertyValue(response, "data.product.down", myuff))): Verify element property value successfully

2020-02-07 15:08:38 - [MESSAGE][PASSED] - Verify element property value successfully

2020-02-07 15:08:38 - [TEST_STEP][PASSED] - else: null

2020-02-07 15:08:38 - [TEST_STEP][PASSED] - uffFail = "P": null

2020-02-07 15:08:38 - [TEST_STEP][PASSED] - jsonSlurper = new groovy.json.JsonSlurper(): null

2020-02-07 15:08:38 - [TEST_STEP][PASSED] - object = jsonSlurper.parseText(response.getResponseText()): null

2020-02-07 15:08:38 - [TEST_STEP][PASSED] - println(object): null

2020-02-07 15:08:38 - [TEST_STEP][PASSED] - mytest = plans: null

2020-02-07 15:08:38 - [TEST_STEP][PASSED] - variable = mytest: null

2020-02-07 15:08:38 - [MESSAGE][PASSED] - Verify response successfully

2020-02-07 15:08:38 - [MESSAGE][PASSED] - Send request and verify the response successfully

2020-02-07 15:08:38 - [TEST_STEP][PASSED] - setValueToCellByAddress(sheet01, "E" + mycount, variable): null

2020-02-07 15:08:38 - [TEST_STEP][PASSED] - saveWorkbook(excelFile01, workbook01): null]]></system-out>
         <system-err><![CDATA[]]></system-err>
      </testcase>
      <testcase name="Test Cases/Test_Beams_by_Zip_to_Excel" time="2.035" classname="Test Cases/Test_Beams_by_Zip_to_Excel" status="PASSED">
         <system-out><![CDATA[2020-02-07 15:08:38 - [TEST_CASE][PASSED] - Test Cases/Test_Beams_by_Zip_to_Excel: Test Cases/Test_Beams_by_Zip_to_Excel

2020-02-07 15:08:38 - [TEST_STEP][PASSED] - excelFile01 = "beams-test-results.xlsx": null

2020-02-07 15:08:38 - [TEST_STEP][PASSED] - ExpectedListSheetFile1 = ["Sheet1"]: null

2020-02-07 15:08:38 - [TEST_STEP][PASSED] - workbookFile01 = getWorkbook(excelFile01): null

2020-02-07 15:08:38 - [TEST_STEP][PASSED] - workbook01 = getWorkbook(excelFile01): null

2020-02-07 15:08:38 - [TEST_STEP][PASSED] - sheet01 = getExcelSheet(workbook01, "Sheet1"): null

2020-02-07 15:08:38 - [TEST_STEP][PASSED] - setValueToCellByAddress(sheet01, "A1", "TEST"): null

2020-02-07 15:08:38 - [TEST_STEP][PASSED] - setValueToCellByAddress(sheet01, "B1", "BEAM"): null

2020-02-07 15:08:38 - [TEST_STEP][PASSED] - setValueToCellByAddress(sheet01, "C1", "UFF"): null

2020-02-07 15:08:38 - [TEST_STEP][PASSED] - setValueToCellByAddress(sheet01, "D1", "PLAN"): null

2020-02-07 15:08:38 - [TEST_STEP][PASSED] - setValueToCellByAddress(sheet01, "E1", "API PLAN"): null

2020-02-07 15:08:38 - [TEST_STEP][PASSED] - mybeam = mybeam: null

2020-02-07 15:08:38 - [TEST_STEP][PASSED] - myuff = myuff: null

2020-02-07 15:08:38 - [TEST_STEP][PASSED] - myplan = myplan: null

2020-02-07 15:08:38 - [TEST_STEP][PASSED] - log = new com.kms.katalon.core.logging.KeywordLogger(): null

2020-02-07 15:08:38 - [TEST_STEP][PASSED] - log.logWarning("beam " + mybeam + " zip " + myzip + " upfront fees " + myuff + " plan " + myplan): beam 730 zip 43113 upfront fees 0 plan VS2 Standard Offer

2020-02-07 15:08:38 - [MESSAGE][WARNING] - beam 730 zip 43113 upfront fees 0 plan VS2 Standard Offer

2020-02-07 15:08:38 - [TEST_STEP][PASSED] - setValueToCellByAddress(sheet01, "B" + mycount, beamFail): null

2020-02-07 15:08:38 - [TEST_STEP][PASSED] - setValueToCellByAddress(sheet01, "C" + mycount, uffFail): null

2020-02-07 15:08:38 - [TEST_STEP][PASSED] - mycount = mycount + 1: null

2020-02-07 15:08:38 - [TEST_STEP][PASSED] - setValueToCellByAddress(sheet01, "A" + mycount, "beam " + mybeam + " zip " + myzip + " upfront fees " + myuff + " plan " + myplan): null

2020-02-07 15:08:38 - [TEST_STEP][PASSED] - setValueToCellByAddress(sheet01, "D" + mycount, myplan): null

2020-02-07 15:08:38 - [TEST_STEP][PASSED] - sendRequestAndVerify(findTestObject("Exede_Zip", ["myzip":myzip])): Send request and verify the response successfully

2020-02-07 15:08:40 - [MESSAGE][INFO] - HAR: /Users/jhampleman/Katalon Studio/Exede_Beam_Tests_v2.1 copy/Reports/20200207_150435/RUN_Exede_Zip_Test/20200207_150435/requests/main/116.har

2020-02-07 15:08:40 - [TEST_CASE][PASSED] - Start Test Case : Verification: Verification accomplished successfully

2020-02-07 15:08:40 - [TEST_STEP][PASSED] - request = getInstance().getCurrentRequest(): null

2020-02-07 15:08:40 - [TEST_STEP][PASSED] - response = getInstance().getCurrentResponse(): null

2020-02-07 15:08:40 - [TEST_STEP][PASSED] - if (!(verifyElementPropertyValue(response, "data.beam", mybeam))): Verify element property value successfully

2020-02-07 15:08:40 - [MESSAGE][PASSED] - Verify element property value successfully

2020-02-07 15:08:40 - [TEST_STEP][PASSED] - else: null

2020-02-07 15:08:40 - [TEST_STEP][PASSED] - beamFail = "P": null

2020-02-07 15:08:40 - [TEST_STEP][PASSED] - if (!(verifyElementPropertyValue(response, "data.product.down", myuff))): Verify element property value successfully

2020-02-07 15:08:40 - [MESSAGE][PASSED] - Verify element property value successfully

2020-02-07 15:08:40 - [TEST_STEP][PASSED] - else: null

2020-02-07 15:08:40 - [TEST_STEP][PASSED] - uffFail = "P": null

2020-02-07 15:08:40 - [TEST_STEP][PASSED] - jsonSlurper = new groovy.json.JsonSlurper(): null

2020-02-07 15:08:40 - [TEST_STEP][PASSED] - object = jsonSlurper.parseText(response.getResponseText()): null

2020-02-07 15:08:40 - [TEST_STEP][PASSED] - println(object): null

2020-02-07 15:08:40 - [TEST_STEP][PASSED] - mytest = plans: null

2020-02-07 15:08:40 - [TEST_STEP][PASSED] - variable = mytest: null

2020-02-07 15:08:40 - [MESSAGE][PASSED] - Verify response successfully

2020-02-07 15:08:40 - [MESSAGE][PASSED] - Send request and verify the response successfully

2020-02-07 15:08:40 - [TEST_STEP][PASSED] - setValueToCellByAddress(sheet01, "E" + mycount, variable): null

2020-02-07 15:08:40 - [TEST_STEP][PASSED] - saveWorkbook(excelFile01, workbook01): null]]></system-out>
         <system-err><![CDATA[]]></system-err>
      </testcase>
      <testcase name="Test Cases/Test_Beams_by_Zip_to_Excel" time="1.823" classname="Test Cases/Test_Beams_by_Zip_to_Excel" status="PASSED">
         <system-out><![CDATA[2020-02-07 15:08:40 - [TEST_CASE][PASSED] - Test Cases/Test_Beams_by_Zip_to_Excel: Test Cases/Test_Beams_by_Zip_to_Excel

2020-02-07 15:08:40 - [TEST_STEP][PASSED] - excelFile01 = "beams-test-results.xlsx": null

2020-02-07 15:08:40 - [TEST_STEP][PASSED] - ExpectedListSheetFile1 = ["Sheet1"]: null

2020-02-07 15:08:40 - [TEST_STEP][PASSED] - workbookFile01 = getWorkbook(excelFile01): null

2020-02-07 15:08:40 - [TEST_STEP][PASSED] - workbook01 = getWorkbook(excelFile01): null

2020-02-07 15:08:40 - [TEST_STEP][PASSED] - sheet01 = getExcelSheet(workbook01, "Sheet1"): null

2020-02-07 15:08:40 - [TEST_STEP][PASSED] - setValueToCellByAddress(sheet01, "A1", "TEST"): null

2020-02-07 15:08:40 - [TEST_STEP][PASSED] - setValueToCellByAddress(sheet01, "B1", "BEAM"): null

2020-02-07 15:08:40 - [TEST_STEP][PASSED] - setValueToCellByAddress(sheet01, "C1", "UFF"): null

2020-02-07 15:08:40 - [TEST_STEP][PASSED] - setValueToCellByAddress(sheet01, "D1", "PLAN"): null

2020-02-07 15:08:40 - [TEST_STEP][PASSED] - setValueToCellByAddress(sheet01, "E1", "API PLAN"): null

2020-02-07 15:08:40 - [TEST_STEP][PASSED] - mybeam = mybeam: null

2020-02-07 15:08:40 - [TEST_STEP][PASSED] - myuff = myuff: null

2020-02-07 15:08:40 - [TEST_STEP][PASSED] - myplan = myplan: null

2020-02-07 15:08:40 - [TEST_STEP][PASSED] - log = new com.kms.katalon.core.logging.KeywordLogger(): null

2020-02-07 15:08:40 - [TEST_STEP][PASSED] - log.logWarning("beam " + mybeam + " zip " + myzip + " upfront fees " + myuff + " plan " + myplan): beam 731 zip 29831 upfront fees 0 plan VS2 Standard Offer

2020-02-07 15:08:40 - [MESSAGE][WARNING] - beam 731 zip 29831 upfront fees 0 plan VS2 Standard Offer

2020-02-07 15:08:40 - [TEST_STEP][PASSED] - setValueToCellByAddress(sheet01, "B" + mycount, beamFail): null

2020-02-07 15:08:40 - [TEST_STEP][PASSED] - setValueToCellByAddress(sheet01, "C" + mycount, uffFail): null

2020-02-07 15:08:40 - [TEST_STEP][PASSED] - mycount = mycount + 1: null

2020-02-07 15:08:40 - [TEST_STEP][PASSED] - setValueToCellByAddress(sheet01, "A" + mycount, "beam " + mybeam + " zip " + myzip + " upfront fees " + myuff + " plan " + myplan): null

2020-02-07 15:08:40 - [TEST_STEP][PASSED] - setValueToCellByAddress(sheet01, "D" + mycount, myplan): null

2020-02-07 15:08:40 - [TEST_STEP][PASSED] - sendRequestAndVerify(findTestObject("Exede_Zip", ["myzip":myzip])): Send request and verify the response successfully

2020-02-07 15:08:42 - [MESSAGE][INFO] - HAR: /Users/jhampleman/Katalon Studio/Exede_Beam_Tests_v2.1 copy/Reports/20200207_150435/RUN_Exede_Zip_Test/20200207_150435/requests/main/117.har

2020-02-07 15:08:42 - [TEST_CASE][PASSED] - Start Test Case : Verification: Verification accomplished successfully

2020-02-07 15:08:42 - [TEST_STEP][PASSED] - request = getInstance().getCurrentRequest(): null

2020-02-07 15:08:42 - [TEST_STEP][PASSED] - response = getInstance().getCurrentResponse(): null

2020-02-07 15:08:42 - [TEST_STEP][PASSED] - if (!(verifyElementPropertyValue(response, "data.beam", mybeam))): Verify element property value successfully

2020-02-07 15:08:42 - [MESSAGE][PASSED] - Verify element property value successfully

2020-02-07 15:08:42 - [TEST_STEP][PASSED] - else: null

2020-02-07 15:08:42 - [TEST_STEP][PASSED] - beamFail = "P": null

2020-02-07 15:08:42 - [TEST_STEP][PASSED] - if (!(verifyElementPropertyValue(response, "data.product.down", myuff))): Verify element property value successfully

2020-02-07 15:08:42 - [MESSAGE][PASSED] - Verify element property value successfully

2020-02-07 15:08:42 - [TEST_STEP][PASSED] - else: null

2020-02-07 15:08:42 - [TEST_STEP][PASSED] - uffFail = "P": null

2020-02-07 15:08:42 - [TEST_STEP][PASSED] - jsonSlurper = new groovy.json.JsonSlurper(): null

2020-02-07 15:08:42 - [TEST_STEP][PASSED] - object = jsonSlurper.parseText(response.getResponseText()): null

2020-02-07 15:08:42 - [TEST_STEP][PASSED] - println(object): null

2020-02-07 15:08:42 - [TEST_STEP][PASSED] - mytest = plans: null

2020-02-07 15:08:42 - [TEST_STEP][PASSED] - variable = mytest: null

2020-02-07 15:08:42 - [MESSAGE][PASSED] - Verify response successfully

2020-02-07 15:08:42 - [MESSAGE][PASSED] - Send request and verify the response successfully

2020-02-07 15:08:42 - [TEST_STEP][PASSED] - setValueToCellByAddress(sheet01, "E" + mycount, variable): null

2020-02-07 15:08:42 - [TEST_STEP][PASSED] - saveWorkbook(excelFile01, workbook01): null]]></system-out>
         <system-err><![CDATA[]]></system-err>
      </testcase>
      <testcase name="Test Cases/Test_Beams_by_Zip_to_Excel" time="1.775" classname="Test Cases/Test_Beams_by_Zip_to_Excel" status="PASSED">
         <system-out><![CDATA[2020-02-07 15:08:42 - [TEST_CASE][PASSED] - Test Cases/Test_Beams_by_Zip_to_Excel: Test Cases/Test_Beams_by_Zip_to_Excel

2020-02-07 15:08:42 - [TEST_STEP][PASSED] - excelFile01 = "beams-test-results.xlsx": null

2020-02-07 15:08:42 - [TEST_STEP][PASSED] - ExpectedListSheetFile1 = ["Sheet1"]: null

2020-02-07 15:08:42 - [TEST_STEP][PASSED] - workbookFile01 = getWorkbook(excelFile01): null

2020-02-07 15:08:42 - [TEST_STEP][PASSED] - workbook01 = getWorkbook(excelFile01): null

2020-02-07 15:08:42 - [TEST_STEP][PASSED] - sheet01 = getExcelSheet(workbook01, "Sheet1"): null

2020-02-07 15:08:42 - [TEST_STEP][PASSED] - setValueToCellByAddress(sheet01, "A1", "TEST"): null

2020-02-07 15:08:42 - [TEST_STEP][PASSED] - setValueToCellByAddress(sheet01, "B1", "BEAM"): null

2020-02-07 15:08:42 - [TEST_STEP][PASSED] - setValueToCellByAddress(sheet01, "C1", "UFF"): null

2020-02-07 15:08:42 - [TEST_STEP][PASSED] - setValueToCellByAddress(sheet01, "D1", "PLAN"): null

2020-02-07 15:08:42 - [TEST_STEP][PASSED] - setValueToCellByAddress(sheet01, "E1", "API PLAN"): null

2020-02-07 15:08:42 - [TEST_STEP][PASSED] - mybeam = mybeam: null

2020-02-07 15:08:42 - [TEST_STEP][PASSED] - myuff = myuff: null

2020-02-07 15:08:42 - [TEST_STEP][PASSED] - myplan = myplan: null

2020-02-07 15:08:42 - [TEST_STEP][PASSED] - log = new com.kms.katalon.core.logging.KeywordLogger(): null

2020-02-07 15:08:42 - [TEST_STEP][PASSED] - log.logWarning("beam " + mybeam + " zip " + myzip + " upfront fees " + myuff + " plan " + myplan): beam 732 zip 48503 upfront fees 0 plan VS2 Standard Offer

2020-02-07 15:08:42 - [MESSAGE][WARNING] - beam 732 zip 48503 upfront fees 0 plan VS2 Standard Offer

2020-02-07 15:08:42 - [TEST_STEP][PASSED] - setValueToCellByAddress(sheet01, "B" + mycount, beamFail): null

2020-02-07 15:08:42 - [TEST_STEP][PASSED] - setValueToCellByAddress(sheet01, "C" + mycount, uffFail): null

2020-02-07 15:08:42 - [TEST_STEP][PASSED] - mycount = mycount + 1: null

2020-02-07 15:08:42 - [TEST_STEP][PASSED] - setValueToCellByAddress(sheet01, "A" + mycount, "beam " + mybeam + " zip " + myzip + " upfront fees " + myuff + " plan " + myplan): null

2020-02-07 15:08:42 - [TEST_STEP][PASSED] - setValueToCellByAddress(sheet01, "D" + mycount, myplan): null

2020-02-07 15:08:42 - [TEST_STEP][PASSED] - sendRequestAndVerify(findTestObject("Exede_Zip", ["myzip":myzip])): Send request and verify the response successfully

2020-02-07 15:08:44 - [MESSAGE][INFO] - HAR: /Users/jhampleman/Katalon Studio/Exede_Beam_Tests_v2.1 copy/Reports/20200207_150435/RUN_Exede_Zip_Test/20200207_150435/requests/main/118.har

2020-02-07 15:08:44 - [TEST_CASE][PASSED] - Start Test Case : Verification: Verification accomplished successfully

2020-02-07 15:08:44 - [TEST_STEP][PASSED] - request = getInstance().getCurrentRequest(): null

2020-02-07 15:08:44 - [TEST_STEP][PASSED] - response = getInstance().getCurrentResponse(): null

2020-02-07 15:08:44 - [TEST_STEP][PASSED] - if (!(verifyElementPropertyValue(response, "data.beam", mybeam))): Verify element property value successfully

2020-02-07 15:08:44 - [MESSAGE][PASSED] - Verify element property value successfully

2020-02-07 15:08:44 - [TEST_STEP][PASSED] - else: null

2020-02-07 15:08:44 - [TEST_STEP][PASSED] - beamFail = "P": null

2020-02-07 15:08:44 - [TEST_STEP][PASSED] - if (!(verifyElementPropertyValue(response, "data.product.down", myuff))): Verify element property value successfully

2020-02-07 15:08:44 - [MESSAGE][PASSED] - Verify element property value successfully

2020-02-07 15:08:44 - [TEST_STEP][PASSED] - else: null

2020-02-07 15:08:44 - [TEST_STEP][PASSED] - uffFail = "P": null

2020-02-07 15:08:44 - [TEST_STEP][PASSED] - jsonSlurper = new groovy.json.JsonSlurper(): null

2020-02-07 15:08:44 - [TEST_STEP][PASSED] - object = jsonSlurper.parseText(response.getResponseText()): null

2020-02-07 15:08:44 - [TEST_STEP][PASSED] - println(object): null

2020-02-07 15:08:44 - [TEST_STEP][PASSED] - mytest = plans: null

2020-02-07 15:08:44 - [TEST_STEP][PASSED] - variable = mytest: null

2020-02-07 15:08:44 - [MESSAGE][PASSED] - Verify response successfully

2020-02-07 15:08:44 - [MESSAGE][PASSED] - Send request and verify the response successfully

2020-02-07 15:08:44 - [TEST_STEP][PASSED] - setValueToCellByAddress(sheet01, "E" + mycount, variable): null

2020-02-07 15:08:44 - [TEST_STEP][PASSED] - saveWorkbook(excelFile01, workbook01): null]]></system-out>
         <system-err><![CDATA[]]></system-err>
      </testcase>
      <testcase name="Test Cases/Test_Beams_by_Zip_to_Excel" time="1.881" classname="Test Cases/Test_Beams_by_Zip_to_Excel" status="PASSED">
         <system-out><![CDATA[2020-02-07 15:08:44 - [TEST_CASE][PASSED] - Test Cases/Test_Beams_by_Zip_to_Excel: Test Cases/Test_Beams_by_Zip_to_Excel

2020-02-07 15:08:44 - [TEST_STEP][PASSED] - excelFile01 = "beams-test-results.xlsx": null

2020-02-07 15:08:44 - [TEST_STEP][PASSED] - ExpectedListSheetFile1 = ["Sheet1"]: null

2020-02-07 15:08:44 - [TEST_STEP][PASSED] - workbookFile01 = getWorkbook(excelFile01): null

2020-02-07 15:08:44 - [TEST_STEP][PASSED] - workbook01 = getWorkbook(excelFile01): null

2020-02-07 15:08:44 - [TEST_STEP][PASSED] - sheet01 = getExcelSheet(workbook01, "Sheet1"): null

2020-02-07 15:08:44 - [TEST_STEP][PASSED] - setValueToCellByAddress(sheet01, "A1", "TEST"): null

2020-02-07 15:08:44 - [TEST_STEP][PASSED] - setValueToCellByAddress(sheet01, "B1", "BEAM"): null

2020-02-07 15:08:44 - [TEST_STEP][PASSED] - setValueToCellByAddress(sheet01, "C1", "UFF"): null

2020-02-07 15:08:44 - [TEST_STEP][PASSED] - setValueToCellByAddress(sheet01, "D1", "PLAN"): null

2020-02-07 15:08:44 - [TEST_STEP][PASSED] - setValueToCellByAddress(sheet01, "E1", "API PLAN"): null

2020-02-07 15:08:44 - [TEST_STEP][PASSED] - mybeam = mybeam: null

2020-02-07 15:08:44 - [TEST_STEP][PASSED] - myuff = myuff: null

2020-02-07 15:08:44 - [TEST_STEP][PASSED] - myplan = myplan: null

2020-02-07 15:08:44 - [TEST_STEP][PASSED] - log = new com.kms.katalon.core.logging.KeywordLogger(): null

2020-02-07 15:08:44 - [TEST_STEP][PASSED] - log.logWarning("beam " + mybeam + " zip " + myzip + " upfront fees " + myuff + " plan " + myplan): beam 733 zip 28602 upfront fees 0 plan VS2 Best Offer A

2020-02-07 15:08:44 - [MESSAGE][WARNING] - beam 733 zip 28602 upfront fees 0 plan VS2 Best Offer A

2020-02-07 15:08:44 - [TEST_STEP][PASSED] - setValueToCellByAddress(sheet01, "B" + mycount, beamFail): null

2020-02-07 15:08:44 - [TEST_STEP][PASSED] - setValueToCellByAddress(sheet01, "C" + mycount, uffFail): null

2020-02-07 15:08:44 - [TEST_STEP][PASSED] - mycount = mycount + 1: null

2020-02-07 15:08:44 - [TEST_STEP][PASSED] - setValueToCellByAddress(sheet01, "A" + mycount, "beam " + mybeam + " zip " + myzip + " upfront fees " + myuff + " plan " + myplan): null

2020-02-07 15:08:44 - [TEST_STEP][PASSED] - setValueToCellByAddress(sheet01, "D" + mycount, myplan): null

2020-02-07 15:08:44 - [TEST_STEP][PASSED] - sendRequestAndVerify(findTestObject("Exede_Zip", ["myzip":myzip])): Send request and verify the response successfully

2020-02-07 15:08:46 - [MESSAGE][INFO] - HAR: /Users/jhampleman/Katalon Studio/Exede_Beam_Tests_v2.1 copy/Reports/20200207_150435/RUN_Exede_Zip_Test/20200207_150435/requests/main/119.har

2020-02-07 15:08:46 - [TEST_CASE][PASSED] - Start Test Case : Verification: Verification accomplished successfully

2020-02-07 15:08:46 - [TEST_STEP][PASSED] - request = getInstance().getCurrentRequest(): null

2020-02-07 15:08:46 - [TEST_STEP][PASSED] - response = getInstance().getCurrentResponse(): null

2020-02-07 15:08:46 - [TEST_STEP][PASSED] - if (!(verifyElementPropertyValue(response, "data.beam", mybeam))): Verify element property value successfully

2020-02-07 15:08:46 - [MESSAGE][PASSED] - Verify element property value successfully

2020-02-07 15:08:46 - [TEST_STEP][PASSED] - else: null

2020-02-07 15:08:46 - [TEST_STEP][PASSED] - beamFail = "P": null

2020-02-07 15:08:46 - [TEST_STEP][PASSED] - if (!(verifyElementPropertyValue(response, "data.product.down", myuff))): Verify element property value successfully

2020-02-07 15:08:46 - [MESSAGE][PASSED] - Verify element property value successfully

2020-02-07 15:08:46 - [TEST_STEP][PASSED] - else: null

2020-02-07 15:08:46 - [TEST_STEP][PASSED] - uffFail = "P": null

2020-02-07 15:08:46 - [TEST_STEP][PASSED] - jsonSlurper = new groovy.json.JsonSlurper(): null

2020-02-07 15:08:46 - [TEST_STEP][PASSED] - object = jsonSlurper.parseText(response.getResponseText()): null

2020-02-07 15:08:46 - [TEST_STEP][PASSED] - println(object): null

2020-02-07 15:08:46 - [TEST_STEP][PASSED] - mytest = plans: null

2020-02-07 15:08:46 - [TEST_STEP][PASSED] - variable = mytest: null

2020-02-07 15:08:46 - [MESSAGE][PASSED] - Verify response successfully

2020-02-07 15:08:46 - [MESSAGE][PASSED] - Send request and verify the response successfully

2020-02-07 15:08:46 - [TEST_STEP][PASSED] - setValueToCellByAddress(sheet01, "E" + mycount, variable): null

2020-02-07 15:08:46 - [TEST_STEP][PASSED] - saveWorkbook(excelFile01, workbook01): null]]></system-out>
         <system-err><![CDATA[]]></system-err>
      </testcase>
      <testcase name="Test Cases/Test_Beams_by_Zip_to_Excel" time="2.034" classname="Test Cases/Test_Beams_by_Zip_to_Excel" status="PASSED">
         <system-out><![CDATA[2020-02-07 15:08:46 - [TEST_CASE][PASSED] - Test Cases/Test_Beams_by_Zip_to_Excel: Test Cases/Test_Beams_by_Zip_to_Excel

2020-02-07 15:08:46 - [TEST_STEP][PASSED] - excelFile01 = "beams-test-results.xlsx": null

2020-02-07 15:08:46 - [TEST_STEP][PASSED] - ExpectedListSheetFile1 = ["Sheet1"]: null

2020-02-07 15:08:46 - [TEST_STEP][PASSED] - workbookFile01 = getWorkbook(excelFile01): null

2020-02-07 15:08:46 - [TEST_STEP][PASSED] - workbook01 = getWorkbook(excelFile01): null

2020-02-07 15:08:46 - [TEST_STEP][PASSED] - sheet01 = getExcelSheet(workbook01, "Sheet1"): null

2020-02-07 15:08:46 - [TEST_STEP][PASSED] - setValueToCellByAddress(sheet01, "A1", "TEST"): null

2020-02-07 15:08:46 - [TEST_STEP][PASSED] - setValueToCellByAddress(sheet01, "B1", "BEAM"): null

2020-02-07 15:08:46 - [TEST_STEP][PASSED] - setValueToCellByAddress(sheet01, "C1", "UFF"): null

2020-02-07 15:08:46 - [TEST_STEP][PASSED] - setValueToCellByAddress(sheet01, "D1", "PLAN"): null

2020-02-07 15:08:46 - [TEST_STEP][PASSED] - setValueToCellByAddress(sheet01, "E1", "API PLAN"): null

2020-02-07 15:08:46 - [TEST_STEP][PASSED] - mybeam = mybeam: null

2020-02-07 15:08:46 - [TEST_STEP][PASSED] - myuff = myuff: null

2020-02-07 15:08:46 - [TEST_STEP][PASSED] - myplan = myplan: null

2020-02-07 15:08:46 - [TEST_STEP][PASSED] - log = new com.kms.katalon.core.logging.KeywordLogger(): null

2020-02-07 15:08:46 - [TEST_STEP][PASSED] - log.logWarning("beam " + mybeam + " zip " + myzip + " upfront fees " + myuff + " plan " + myplan): beam 734 zip 15301 upfront fees 0 plan VS2 Best Offer A

2020-02-07 15:08:46 - [MESSAGE][WARNING] - beam 734 zip 15301 upfront fees 0 plan VS2 Best Offer A

2020-02-07 15:08:46 - [TEST_STEP][PASSED] - setValueToCellByAddress(sheet01, "B" + mycount, beamFail): null

2020-02-07 15:08:46 - [TEST_STEP][PASSED] - setValueToCellByAddress(sheet01, "C" + mycount, uffFail): null

2020-02-07 15:08:46 - [TEST_STEP][PASSED] - mycount = mycount + 1: null

2020-02-07 15:08:46 - [TEST_STEP][PASSED] - setValueToCellByAddress(sheet01, "A" + mycount, "beam " + mybeam + " zip " + myzip + " upfront fees " + myuff + " plan " + myplan): null

2020-02-07 15:08:46 - [TEST_STEP][PASSED] - setValueToCellByAddress(sheet01, "D" + mycount, myplan): null

2020-02-07 15:08:46 - [TEST_STEP][PASSED] - sendRequestAndVerify(findTestObject("Exede_Zip", ["myzip":myzip])): Send request and verify the response successfully

2020-02-07 15:08:48 - [MESSAGE][INFO] - HAR: /Users/jhampleman/Katalon Studio/Exede_Beam_Tests_v2.1 copy/Reports/20200207_150435/RUN_Exede_Zip_Test/20200207_150435/requests/main/120.har

2020-02-07 15:08:48 - [TEST_CASE][PASSED] - Start Test Case : Verification: Verification accomplished successfully

2020-02-07 15:08:48 - [TEST_STEP][PASSED] - request = getInstance().getCurrentRequest(): null

2020-02-07 15:08:48 - [TEST_STEP][PASSED] - response = getInstance().getCurrentResponse(): null

2020-02-07 15:08:48 - [TEST_STEP][PASSED] - if (!(verifyElementPropertyValue(response, "data.beam", mybeam))): Verify element property value successfully

2020-02-07 15:08:48 - [MESSAGE][PASSED] - Verify element property value successfully

2020-02-07 15:08:48 - [TEST_STEP][PASSED] - else: null

2020-02-07 15:08:48 - [TEST_STEP][PASSED] - beamFail = "P": null

2020-02-07 15:08:48 - [TEST_STEP][PASSED] - if (!(verifyElementPropertyValue(response, "data.product.down", myuff))): Verify element property value successfully

2020-02-07 15:08:48 - [MESSAGE][PASSED] - Verify element property value successfully

2020-02-07 15:08:48 - [TEST_STEP][PASSED] - else: null

2020-02-07 15:08:48 - [TEST_STEP][PASSED] - uffFail = "P": null

2020-02-07 15:08:48 - [TEST_STEP][PASSED] - jsonSlurper = new groovy.json.JsonSlurper(): null

2020-02-07 15:08:48 - [TEST_STEP][PASSED] - object = jsonSlurper.parseText(response.getResponseText()): null

2020-02-07 15:08:48 - [TEST_STEP][PASSED] - println(object): null

2020-02-07 15:08:48 - [TEST_STEP][PASSED] - mytest = plans: null

2020-02-07 15:08:48 - [TEST_STEP][PASSED] - variable = mytest: null

2020-02-07 15:08:48 - [MESSAGE][PASSED] - Verify response successfully

2020-02-07 15:08:48 - [MESSAGE][PASSED] - Send request and verify the response successfully

2020-02-07 15:08:48 - [TEST_STEP][PASSED] - setValueToCellByAddress(sheet01, "E" + mycount, variable): null

2020-02-07 15:08:48 - [TEST_STEP][PASSED] - saveWorkbook(excelFile01, workbook01): null]]></system-out>
         <system-err><![CDATA[]]></system-err>
      </testcase>
      <testcase name="Test Cases/Test_Beams_by_Zip_to_Excel" time="1.831" classname="Test Cases/Test_Beams_by_Zip_to_Excel" status="PASSED">
         <system-out><![CDATA[2020-02-07 15:08:48 - [TEST_CASE][PASSED] - Test Cases/Test_Beams_by_Zip_to_Excel: Test Cases/Test_Beams_by_Zip_to_Excel

2020-02-07 15:08:48 - [TEST_STEP][PASSED] - excelFile01 = "beams-test-results.xlsx": null

2020-02-07 15:08:48 - [TEST_STEP][PASSED] - ExpectedListSheetFile1 = ["Sheet1"]: null

2020-02-07 15:08:48 - [TEST_STEP][PASSED] - workbookFile01 = getWorkbook(excelFile01): null

2020-02-07 15:08:48 - [TEST_STEP][PASSED] - workbook01 = getWorkbook(excelFile01): null

2020-02-07 15:08:48 - [TEST_STEP][PASSED] - sheet01 = getExcelSheet(workbook01, "Sheet1"): null

2020-02-07 15:08:48 - [TEST_STEP][PASSED] - setValueToCellByAddress(sheet01, "A1", "TEST"): null

2020-02-07 15:08:48 - [TEST_STEP][PASSED] - setValueToCellByAddress(sheet01, "B1", "BEAM"): null

2020-02-07 15:08:48 - [TEST_STEP][PASSED] - setValueToCellByAddress(sheet01, "C1", "UFF"): null

2020-02-07 15:08:48 - [TEST_STEP][PASSED] - setValueToCellByAddress(sheet01, "D1", "PLAN"): null

2020-02-07 15:08:48 - [TEST_STEP][PASSED] - setValueToCellByAddress(sheet01, "E1", "API PLAN"): null

2020-02-07 15:08:48 - [TEST_STEP][PASSED] - mybeam = mybeam: null

2020-02-07 15:08:48 - [TEST_STEP][PASSED] - myuff = myuff: null

2020-02-07 15:08:48 - [TEST_STEP][PASSED] - myplan = myplan: null

2020-02-07 15:08:48 - [TEST_STEP][PASSED] - log = new com.kms.katalon.core.logging.KeywordLogger(): null

2020-02-07 15:08:48 - [TEST_STEP][PASSED] - log.logWarning("beam " + mybeam + " zip " + myzip + " upfront fees " + myuff + " plan " + myplan): beam 735 zip 27597 upfront fees 0 plan VS2 High Fill

2020-02-07 15:08:48 - [MESSAGE][WARNING] - beam 735 zip 27597 upfront fees 0 plan VS2 High Fill

2020-02-07 15:08:48 - [TEST_STEP][PASSED] - setValueToCellByAddress(sheet01, "B" + mycount, beamFail): null

2020-02-07 15:08:48 - [TEST_STEP][PASSED] - setValueToCellByAddress(sheet01, "C" + mycount, uffFail): null

2020-02-07 15:08:48 - [TEST_STEP][PASSED] - mycount = mycount + 1: null

2020-02-07 15:08:48 - [TEST_STEP][PASSED] - setValueToCellByAddress(sheet01, "A" + mycount, "beam " + mybeam + " zip " + myzip + " upfront fees " + myuff + " plan " + myplan): null

2020-02-07 15:08:48 - [TEST_STEP][PASSED] - setValueToCellByAddress(sheet01, "D" + mycount, myplan): null

2020-02-07 15:08:48 - [TEST_STEP][PASSED] - sendRequestAndVerify(findTestObject("Exede_Zip", ["myzip":myzip])): Send request and verify the response successfully

2020-02-07 15:08:50 - [MESSAGE][INFO] - HAR: /Users/jhampleman/Katalon Studio/Exede_Beam_Tests_v2.1 copy/Reports/20200207_150435/RUN_Exede_Zip_Test/20200207_150435/requests/main/121.har

2020-02-07 15:08:50 - [TEST_CASE][PASSED] - Start Test Case : Verification: Verification accomplished successfully

2020-02-07 15:08:50 - [TEST_STEP][PASSED] - request = getInstance().getCurrentRequest(): null

2020-02-07 15:08:50 - [TEST_STEP][PASSED] - response = getInstance().getCurrentResponse(): null

2020-02-07 15:08:50 - [TEST_STEP][PASSED] - if (!(verifyElementPropertyValue(response, "data.beam", mybeam))): Verify element property value successfully

2020-02-07 15:08:50 - [MESSAGE][PASSED] - Verify element property value successfully

2020-02-07 15:08:50 - [TEST_STEP][PASSED] - else: null

2020-02-07 15:08:50 - [TEST_STEP][PASSED] - beamFail = "P": null

2020-02-07 15:08:50 - [TEST_STEP][PASSED] - if (!(verifyElementPropertyValue(response, "data.product.down", myuff))): Verify element property value successfully

2020-02-07 15:08:50 - [MESSAGE][PASSED] - Verify element property value successfully

2020-02-07 15:08:50 - [TEST_STEP][PASSED] - else: null

2020-02-07 15:08:50 - [TEST_STEP][PASSED] - uffFail = "P": null

2020-02-07 15:08:50 - [TEST_STEP][PASSED] - jsonSlurper = new groovy.json.JsonSlurper(): null

2020-02-07 15:08:50 - [TEST_STEP][PASSED] - object = jsonSlurper.parseText(response.getResponseText()): null

2020-02-07 15:08:50 - [TEST_STEP][PASSED] - println(object): null

2020-02-07 15:08:50 - [TEST_STEP][PASSED] - mytest = plans: null

2020-02-07 15:08:50 - [TEST_STEP][PASSED] - variable = mytest: null

2020-02-07 15:08:50 - [MESSAGE][PASSED] - Verify response successfully

2020-02-07 15:08:50 - [MESSAGE][PASSED] - Send request and verify the response successfully

2020-02-07 15:08:50 - [TEST_STEP][PASSED] - setValueToCellByAddress(sheet01, "E" + mycount, variable): null

2020-02-07 15:08:50 - [TEST_STEP][PASSED] - saveWorkbook(excelFile01, workbook01): null]]></system-out>
         <system-err><![CDATA[]]></system-err>
      </testcase>
      <testcase name="Test Cases/Test_Beams_by_Zip_to_Excel" time="1.917" classname="Test Cases/Test_Beams_by_Zip_to_Excel" status="PASSED">
         <system-out><![CDATA[2020-02-07 15:08:50 - [TEST_CASE][PASSED] - Test Cases/Test_Beams_by_Zip_to_Excel: Test Cases/Test_Beams_by_Zip_to_Excel

2020-02-07 15:08:50 - [TEST_STEP][PASSED] - excelFile01 = "beams-test-results.xlsx": null

2020-02-07 15:08:50 - [TEST_STEP][PASSED] - ExpectedListSheetFile1 = ["Sheet1"]: null

2020-02-07 15:08:50 - [TEST_STEP][PASSED] - workbookFile01 = getWorkbook(excelFile01): null

2020-02-07 15:08:50 - [TEST_STEP][PASSED] - workbook01 = getWorkbook(excelFile01): null

2020-02-07 15:08:50 - [TEST_STEP][PASSED] - sheet01 = getExcelSheet(workbook01, "Sheet1"): null

2020-02-07 15:08:50 - [TEST_STEP][PASSED] - setValueToCellByAddress(sheet01, "A1", "TEST"): null

2020-02-07 15:08:50 - [TEST_STEP][PASSED] - setValueToCellByAddress(sheet01, "B1", "BEAM"): null

2020-02-07 15:08:50 - [TEST_STEP][PASSED] - setValueToCellByAddress(sheet01, "C1", "UFF"): null

2020-02-07 15:08:50 - [TEST_STEP][PASSED] - setValueToCellByAddress(sheet01, "D1", "PLAN"): null

2020-02-07 15:08:50 - [TEST_STEP][PASSED] - setValueToCellByAddress(sheet01, "E1", "API PLAN"): null

2020-02-07 15:08:50 - [TEST_STEP][PASSED] - mybeam = mybeam: null

2020-02-07 15:08:50 - [TEST_STEP][PASSED] - myuff = myuff: null

2020-02-07 15:08:50 - [TEST_STEP][PASSED] - myplan = myplan: null

2020-02-07 15:08:50 - [TEST_STEP][PASSED] - log = new com.kms.katalon.core.logging.KeywordLogger(): null

2020-02-07 15:08:50 - [TEST_STEP][PASSED] - log.logWarning("beam " + mybeam + " zip " + myzip + " upfront fees " + myuff + " plan " + myplan): beam 736 zip 23310 upfront fees 0 plan VS2 Standard Offer

2020-02-07 15:08:50 - [MESSAGE][WARNING] - beam 736 zip 23310 upfront fees 0 plan VS2 Standard Offer

2020-02-07 15:08:50 - [TEST_STEP][PASSED] - setValueToCellByAddress(sheet01, "B" + mycount, beamFail): null

2020-02-07 15:08:50 - [TEST_STEP][PASSED] - setValueToCellByAddress(sheet01, "C" + mycount, uffFail): null

2020-02-07 15:08:50 - [TEST_STEP][PASSED] - mycount = mycount + 1: null

2020-02-07 15:08:50 - [TEST_STEP][PASSED] - setValueToCellByAddress(sheet01, "A" + mycount, "beam " + mybeam + " zip " + myzip + " upfront fees " + myuff + " plan " + myplan): null

2020-02-07 15:08:50 - [TEST_STEP][PASSED] - setValueToCellByAddress(sheet01, "D" + mycount, myplan): null

2020-02-07 15:08:50 - [TEST_STEP][PASSED] - sendRequestAndVerify(findTestObject("Exede_Zip", ["myzip":myzip])): Send request and verify the response successfully

2020-02-07 15:08:52 - [MESSAGE][INFO] - HAR: /Users/jhampleman/Katalon Studio/Exede_Beam_Tests_v2.1 copy/Reports/20200207_150435/RUN_Exede_Zip_Test/20200207_150435/requests/main/122.har

2020-02-07 15:08:52 - [TEST_CASE][PASSED] - Start Test Case : Verification: Verification accomplished successfully

2020-02-07 15:08:52 - [TEST_STEP][PASSED] - request = getInstance().getCurrentRequest(): null

2020-02-07 15:08:52 - [TEST_STEP][PASSED] - response = getInstance().getCurrentResponse(): null

2020-02-07 15:08:52 - [TEST_STEP][PASSED] - if (!(verifyElementPropertyValue(response, "data.beam", mybeam))): Verify element property value successfully

2020-02-07 15:08:52 - [MESSAGE][PASSED] - Verify element property value successfully

2020-02-07 15:08:52 - [TEST_STEP][PASSED] - else: null

2020-02-07 15:08:52 - [TEST_STEP][PASSED] - beamFail = "P": null

2020-02-07 15:08:52 - [TEST_STEP][PASSED] - if (!(verifyElementPropertyValue(response, "data.product.down", myuff))): Verify element property value successfully

2020-02-07 15:08:52 - [MESSAGE][PASSED] - Verify element property value successfully

2020-02-07 15:08:52 - [TEST_STEP][PASSED] - else: null

2020-02-07 15:08:52 - [TEST_STEP][PASSED] - uffFail = "P": null

2020-02-07 15:08:52 - [TEST_STEP][PASSED] - jsonSlurper = new groovy.json.JsonSlurper(): null

2020-02-07 15:08:52 - [TEST_STEP][PASSED] - object = jsonSlurper.parseText(response.getResponseText()): null

2020-02-07 15:08:52 - [TEST_STEP][PASSED] - println(object): null

2020-02-07 15:08:52 - [TEST_STEP][PASSED] - mytest = plans: null

2020-02-07 15:08:52 - [TEST_STEP][PASSED] - variable = mytest: null

2020-02-07 15:08:52 - [MESSAGE][PASSED] - Verify response successfully

2020-02-07 15:08:52 - [MESSAGE][PASSED] - Send request and verify the response successfully

2020-02-07 15:08:52 - [TEST_STEP][PASSED] - setValueToCellByAddress(sheet01, "E" + mycount, variable): null

2020-02-07 15:08:52 - [TEST_STEP][PASSED] - saveWorkbook(excelFile01, workbook01): null]]></system-out>
         <system-err><![CDATA[]]></system-err>
      </testcase>
      <testcase name="Test Cases/Test_Beams_by_Zip_to_Excel" time="1.945" classname="Test Cases/Test_Beams_by_Zip_to_Excel" status="PASSED">
         <system-out><![CDATA[2020-02-07 15:08:52 - [TEST_CASE][PASSED] - Test Cases/Test_Beams_by_Zip_to_Excel: Test Cases/Test_Beams_by_Zip_to_Excel

2020-02-07 15:08:52 - [TEST_STEP][PASSED] - excelFile01 = "beams-test-results.xlsx": null

2020-02-07 15:08:52 - [TEST_STEP][PASSED] - ExpectedListSheetFile1 = ["Sheet1"]: null

2020-02-07 15:08:52 - [TEST_STEP][PASSED] - workbookFile01 = getWorkbook(excelFile01): null

2020-02-07 15:08:52 - [TEST_STEP][PASSED] - workbook01 = getWorkbook(excelFile01): null

2020-02-07 15:08:52 - [TEST_STEP][PASSED] - sheet01 = getExcelSheet(workbook01, "Sheet1"): null

2020-02-07 15:08:52 - [TEST_STEP][PASSED] - setValueToCellByAddress(sheet01, "A1", "TEST"): null

2020-02-07 15:08:52 - [TEST_STEP][PASSED] - setValueToCellByAddress(sheet01, "B1", "BEAM"): null

2020-02-07 15:08:52 - [TEST_STEP][PASSED] - setValueToCellByAddress(sheet01, "C1", "UFF"): null

2020-02-07 15:08:52 - [TEST_STEP][PASSED] - setValueToCellByAddress(sheet01, "D1", "PLAN"): null

2020-02-07 15:08:52 - [TEST_STEP][PASSED] - setValueToCellByAddress(sheet01, "E1", "API PLAN"): null

2020-02-07 15:08:52 - [TEST_STEP][PASSED] - mybeam = mybeam: null

2020-02-07 15:08:52 - [TEST_STEP][PASSED] - myuff = myuff: null

2020-02-07 15:08:52 - [TEST_STEP][PASSED] - myplan = myplan: null

2020-02-07 15:08:52 - [TEST_STEP][PASSED] - log = new com.kms.katalon.core.logging.KeywordLogger(): null

2020-02-07 15:08:52 - [TEST_STEP][PASSED] - log.logWarning("beam " + mybeam + " zip " + myzip + " upfront fees " + myuff + " plan " + myplan): beam 737 zip 18634 upfront fees 0 plan VS2 Best Offer A

2020-02-07 15:08:52 - [MESSAGE][WARNING] - beam 737 zip 18634 upfront fees 0 plan VS2 Best Offer A

2020-02-07 15:08:52 - [TEST_STEP][PASSED] - setValueToCellByAddress(sheet01, "B" + mycount, beamFail): null

2020-02-07 15:08:52 - [TEST_STEP][PASSED] - setValueToCellByAddress(sheet01, "C" + mycount, uffFail): null

2020-02-07 15:08:52 - [TEST_STEP][PASSED] - mycount = mycount + 1: null

2020-02-07 15:08:52 - [TEST_STEP][PASSED] - setValueToCellByAddress(sheet01, "A" + mycount, "beam " + mybeam + " zip " + myzip + " upfront fees " + myuff + " plan " + myplan): null

2020-02-07 15:08:52 - [TEST_STEP][PASSED] - setValueToCellByAddress(sheet01, "D" + mycount, myplan): null

2020-02-07 15:08:52 - [TEST_STEP][PASSED] - sendRequestAndVerify(findTestObject("Exede_Zip", ["myzip":myzip])): Send request and verify the response successfully

2020-02-07 15:08:54 - [MESSAGE][INFO] - HAR: /Users/jhampleman/Katalon Studio/Exede_Beam_Tests_v2.1 copy/Reports/20200207_150435/RUN_Exede_Zip_Test/20200207_150435/requests/main/123.har

2020-02-07 15:08:54 - [TEST_CASE][PASSED] - Start Test Case : Verification: Verification accomplished successfully

2020-02-07 15:08:54 - [TEST_STEP][PASSED] - request = getInstance().getCurrentRequest(): null

2020-02-07 15:08:54 - [TEST_STEP][PASSED] - response = getInstance().getCurrentResponse(): null

2020-02-07 15:08:54 - [TEST_STEP][PASSED] - if (!(verifyElementPropertyValue(response, "data.beam", mybeam))): Verify element property value successfully

2020-02-07 15:08:54 - [MESSAGE][PASSED] - Verify element property value successfully

2020-02-07 15:08:54 - [TEST_STEP][PASSED] - else: null

2020-02-07 15:08:54 - [TEST_STEP][PASSED] - beamFail = "P": null

2020-02-07 15:08:54 - [TEST_STEP][PASSED] - if (!(verifyElementPropertyValue(response, "data.product.down", myuff))): Verify element property value successfully

2020-02-07 15:08:54 - [MESSAGE][PASSED] - Verify element property value successfully

2020-02-07 15:08:54 - [TEST_STEP][PASSED] - else: null

2020-02-07 15:08:54 - [TEST_STEP][PASSED] - uffFail = "P": null

2020-02-07 15:08:54 - [TEST_STEP][PASSED] - jsonSlurper = new groovy.json.JsonSlurper(): null

2020-02-07 15:08:54 - [TEST_STEP][PASSED] - object = jsonSlurper.parseText(response.getResponseText()): null

2020-02-07 15:08:54 - [TEST_STEP][PASSED] - println(object): null

2020-02-07 15:08:54 - [TEST_STEP][PASSED] - mytest = plans: null

2020-02-07 15:08:54 - [TEST_STEP][PASSED] - variable = mytest: null

2020-02-07 15:08:54 - [MESSAGE][PASSED] - Verify response successfully

2020-02-07 15:08:54 - [MESSAGE][PASSED] - Send request and verify the response successfully

2020-02-07 15:08:54 - [TEST_STEP][PASSED] - setValueToCellByAddress(sheet01, "E" + mycount, variable): null

2020-02-07 15:08:54 - [TEST_STEP][PASSED] - saveWorkbook(excelFile01, workbook01): null]]></system-out>
         <system-err><![CDATA[]]></system-err>
      </testcase>
      <testcase name="Test Cases/Test_Beams_by_Zip_to_Excel" time="1.849" classname="Test Cases/Test_Beams_by_Zip_to_Excel" status="PASSED">
         <system-out><![CDATA[2020-02-07 15:08:54 - [TEST_CASE][PASSED] - Test Cases/Test_Beams_by_Zip_to_Excel: Test Cases/Test_Beams_by_Zip_to_Excel

2020-02-07 15:08:54 - [TEST_STEP][PASSED] - excelFile01 = "beams-test-results.xlsx": null

2020-02-07 15:08:54 - [TEST_STEP][PASSED] - ExpectedListSheetFile1 = ["Sheet1"]: null

2020-02-07 15:08:54 - [TEST_STEP][PASSED] - workbookFile01 = getWorkbook(excelFile01): null

2020-02-07 15:08:54 - [TEST_STEP][PASSED] - workbook01 = getWorkbook(excelFile01): null

2020-02-07 15:08:54 - [TEST_STEP][PASSED] - sheet01 = getExcelSheet(workbook01, "Sheet1"): null

2020-02-07 15:08:54 - [TEST_STEP][PASSED] - setValueToCellByAddress(sheet01, "A1", "TEST"): null

2020-02-07 15:08:54 - [TEST_STEP][PASSED] - setValueToCellByAddress(sheet01, "B1", "BEAM"): null

2020-02-07 15:08:54 - [TEST_STEP][PASSED] - setValueToCellByAddress(sheet01, "C1", "UFF"): null

2020-02-07 15:08:54 - [TEST_STEP][PASSED] - setValueToCellByAddress(sheet01, "D1", "PLAN"): null

2020-02-07 15:08:54 - [TEST_STEP][PASSED] - setValueToCellByAddress(sheet01, "E1", "API PLAN"): null

2020-02-07 15:08:54 - [TEST_STEP][PASSED] - mybeam = mybeam: null

2020-02-07 15:08:54 - [TEST_STEP][PASSED] - myuff = myuff: null

2020-02-07 15:08:54 - [TEST_STEP][PASSED] - myplan = myplan: null

2020-02-07 15:08:54 - [TEST_STEP][PASSED] - log = new com.kms.katalon.core.logging.KeywordLogger(): null

2020-02-07 15:08:54 - [TEST_STEP][PASSED] - log.logWarning("beam " + mybeam + " zip " + myzip + " upfront fees " + myuff + " plan " + myplan): beam 738 zip 02113 upfront fees 0 plan VS2 Best Offer A

2020-02-07 15:08:54 - [MESSAGE][WARNING] - beam 738 zip 02113 upfront fees 0 plan VS2 Best Offer A

2020-02-07 15:08:54 - [TEST_STEP][PASSED] - setValueToCellByAddress(sheet01, "B" + mycount, beamFail): null

2020-02-07 15:08:54 - [TEST_STEP][PASSED] - setValueToCellByAddress(sheet01, "C" + mycount, uffFail): null

2020-02-07 15:08:54 - [TEST_STEP][PASSED] - mycount = mycount + 1: null

2020-02-07 15:08:54 - [TEST_STEP][PASSED] - setValueToCellByAddress(sheet01, "A" + mycount, "beam " + mybeam + " zip " + myzip + " upfront fees " + myuff + " plan " + myplan): null

2020-02-07 15:08:54 - [TEST_STEP][PASSED] - setValueToCellByAddress(sheet01, "D" + mycount, myplan): null

2020-02-07 15:08:54 - [TEST_STEP][PASSED] - sendRequestAndVerify(findTestObject("Exede_Zip", ["myzip":myzip])): Send request and verify the response successfully

2020-02-07 15:08:55 - [MESSAGE][INFO] - HAR: /Users/jhampleman/Katalon Studio/Exede_Beam_Tests_v2.1 copy/Reports/20200207_150435/RUN_Exede_Zip_Test/20200207_150435/requests/main/124.har

2020-02-07 15:08:55 - [TEST_CASE][PASSED] - Start Test Case : Verification: Verification accomplished successfully

2020-02-07 15:08:55 - [TEST_STEP][PASSED] - request = getInstance().getCurrentRequest(): null

2020-02-07 15:08:55 - [TEST_STEP][PASSED] - response = getInstance().getCurrentResponse(): null

2020-02-07 15:08:55 - [TEST_STEP][PASSED] - if (!(verifyElementPropertyValue(response, "data.beam", mybeam))): Verify element property value successfully

2020-02-07 15:08:55 - [MESSAGE][PASSED] - Verify element property value successfully

2020-02-07 15:08:55 - [TEST_STEP][PASSED] - else: null

2020-02-07 15:08:55 - [TEST_STEP][PASSED] - beamFail = "P": null

2020-02-07 15:08:55 - [TEST_STEP][PASSED] - if (!(verifyElementPropertyValue(response, "data.product.down", myuff))): Verify element property value successfully

2020-02-07 15:08:55 - [MESSAGE][PASSED] - Verify element property value successfully

2020-02-07 15:08:55 - [TEST_STEP][PASSED] - else: null

2020-02-07 15:08:55 - [TEST_STEP][PASSED] - uffFail = "P": null

2020-02-07 15:08:55 - [TEST_STEP][PASSED] - jsonSlurper = new groovy.json.JsonSlurper(): null

2020-02-07 15:08:55 - [TEST_STEP][PASSED] - object = jsonSlurper.parseText(response.getResponseText()): null

2020-02-07 15:08:55 - [TEST_STEP][PASSED] - println(object): null

2020-02-07 15:08:55 - [TEST_STEP][PASSED] - mytest = plans: null

2020-02-07 15:08:55 - [TEST_STEP][PASSED] - variable = mytest: null

2020-02-07 15:08:55 - [MESSAGE][PASSED] - Verify response successfully

2020-02-07 15:08:55 - [MESSAGE][PASSED] - Send request and verify the response successfully

2020-02-07 15:08:55 - [TEST_STEP][PASSED] - setValueToCellByAddress(sheet01, "E" + mycount, variable): null

2020-02-07 15:08:55 - [TEST_STEP][PASSED] - saveWorkbook(excelFile01, workbook01): null]]></system-out>
         <system-err><![CDATA[]]></system-err>
      </testcase>
      <testcase name="Test Cases/Test_Beams_by_Zip_to_Excel" time="1.793" classname="Test Cases/Test_Beams_by_Zip_to_Excel" status="PASSED">
         <system-out><![CDATA[2020-02-07 15:08:56 - [TEST_CASE][PASSED] - Test Cases/Test_Beams_by_Zip_to_Excel: Test Cases/Test_Beams_by_Zip_to_Excel

2020-02-07 15:08:56 - [TEST_STEP][PASSED] - excelFile01 = "beams-test-results.xlsx": null

2020-02-07 15:08:56 - [TEST_STEP][PASSED] - ExpectedListSheetFile1 = ["Sheet1"]: null

2020-02-07 15:08:56 - [TEST_STEP][PASSED] - workbookFile01 = getWorkbook(excelFile01): null

2020-02-07 15:08:56 - [TEST_STEP][PASSED] - workbook01 = getWorkbook(excelFile01): null

2020-02-07 15:08:56 - [TEST_STEP][PASSED] - sheet01 = getExcelSheet(workbook01, "Sheet1"): null

2020-02-07 15:08:56 - [TEST_STEP][PASSED] - setValueToCellByAddress(sheet01, "A1", "TEST"): null

2020-02-07 15:08:56 - [TEST_STEP][PASSED] - setValueToCellByAddress(sheet01, "B1", "BEAM"): null

2020-02-07 15:08:56 - [TEST_STEP][PASSED] - setValueToCellByAddress(sheet01, "C1", "UFF"): null

2020-02-07 15:08:56 - [TEST_STEP][PASSED] - setValueToCellByAddress(sheet01, "D1", "PLAN"): null

2020-02-07 15:08:56 - [TEST_STEP][PASSED] - setValueToCellByAddress(sheet01, "E1", "API PLAN"): null

2020-02-07 15:08:56 - [TEST_STEP][PASSED] - mybeam = mybeam: null

2020-02-07 15:08:56 - [TEST_STEP][PASSED] - myuff = myuff: null

2020-02-07 15:08:56 - [TEST_STEP][PASSED] - myplan = myplan: null

2020-02-07 15:08:56 - [TEST_STEP][PASSED] - log = new com.kms.katalon.core.logging.KeywordLogger(): null

2020-02-07 15:08:56 - [TEST_STEP][PASSED] - log.logWarning("beam " + mybeam + " zip " + myzip + " upfront fees " + myuff + " plan " + myplan): beam 745 zip 92394 upfront fees 0 plan VS2 Standard Offer

2020-02-07 15:08:56 - [MESSAGE][WARNING] - beam 745 zip 92394 upfront fees 0 plan VS2 Standard Offer

2020-02-07 15:08:56 - [TEST_STEP][PASSED] - setValueToCellByAddress(sheet01, "B" + mycount, beamFail): null

2020-02-07 15:08:56 - [TEST_STEP][PASSED] - setValueToCellByAddress(sheet01, "C" + mycount, uffFail): null

2020-02-07 15:08:56 - [TEST_STEP][PASSED] - mycount = mycount + 1: null

2020-02-07 15:08:56 - [TEST_STEP][PASSED] - setValueToCellByAddress(sheet01, "A" + mycount, "beam " + mybeam + " zip " + myzip + " upfront fees " + myuff + " plan " + myplan): null

2020-02-07 15:08:56 - [TEST_STEP][PASSED] - setValueToCellByAddress(sheet01, "D" + mycount, myplan): null

2020-02-07 15:08:56 - [TEST_STEP][PASSED] - sendRequestAndVerify(findTestObject("Exede_Zip", ["myzip":myzip])): Send request and verify the response successfully

2020-02-07 15:08:57 - [MESSAGE][INFO] - HAR: /Users/jhampleman/Katalon Studio/Exede_Beam_Tests_v2.1 copy/Reports/20200207_150435/RUN_Exede_Zip_Test/20200207_150435/requests/main/125.har

2020-02-07 15:08:57 - [TEST_CASE][PASSED] - Start Test Case : Verification: Verification accomplished successfully

2020-02-07 15:08:57 - [TEST_STEP][PASSED] - request = getInstance().getCurrentRequest(): null

2020-02-07 15:08:57 - [TEST_STEP][PASSED] - response = getInstance().getCurrentResponse(): null

2020-02-07 15:08:57 - [TEST_STEP][PASSED] - if (!(verifyElementPropertyValue(response, "data.beam", mybeam))): Verify element property value successfully

2020-02-07 15:08:57 - [MESSAGE][PASSED] - Verify element property value successfully

2020-02-07 15:08:57 - [TEST_STEP][PASSED] - else: null

2020-02-07 15:08:57 - [TEST_STEP][PASSED] - beamFail = "P": null

2020-02-07 15:08:57 - [TEST_STEP][PASSED] - if (!(verifyElementPropertyValue(response, "data.product.down", myuff))): Verify element property value successfully

2020-02-07 15:08:57 - [MESSAGE][PASSED] - Verify element property value successfully

2020-02-07 15:08:57 - [TEST_STEP][PASSED] - else: null

2020-02-07 15:08:57 - [TEST_STEP][PASSED] - uffFail = "P": null

2020-02-07 15:08:57 - [TEST_STEP][PASSED] - jsonSlurper = new groovy.json.JsonSlurper(): null

2020-02-07 15:08:57 - [TEST_STEP][PASSED] - object = jsonSlurper.parseText(response.getResponseText()): null

2020-02-07 15:08:57 - [TEST_STEP][PASSED] - println(object): null

2020-02-07 15:08:57 - [TEST_STEP][PASSED] - mytest = plans: null

2020-02-07 15:08:57 - [TEST_STEP][PASSED] - variable = mytest: null

2020-02-07 15:08:57 - [MESSAGE][PASSED] - Verify response successfully

2020-02-07 15:08:57 - [MESSAGE][PASSED] - Send request and verify the response successfully

2020-02-07 15:08:57 - [TEST_STEP][PASSED] - setValueToCellByAddress(sheet01, "E" + mycount, variable): null

2020-02-07 15:08:57 - [TEST_STEP][PASSED] - saveWorkbook(excelFile01, workbook01): null]]></system-out>
         <system-err><![CDATA[]]></system-err>
      </testcase>
      <testcase name="Test Cases/Test_Beams_by_Zip_to_Excel" time="1.841" classname="Test Cases/Test_Beams_by_Zip_to_Excel" status="FAILED">
         <failure type="FAILED" message="Test Cases/Test_Beams_by_Zip_to_Excel FAILED.
Reason:
com.kms.katalon.core.exception.StepFailedException: Expected element property value '746' is not equal with actual property value '364'
	at com.kms.katalon.core.keyword.internal.KeywordMain.stepFailed(KeywordMain.groovy:39)
	at com.kms.katalon.core.webservice.keyword.builtin.VerifyElementPropertyValueKeyword$_verifyElementPropertyValue_closure1.doCall(VerifyElementPropertyValueKeyword.groovy:56)
	at com.kms.katalon.core.webservice.keyword.builtin.VerifyElementPropertyValueKeyword$_verifyElementPropertyValue_closure1.call(VerifyElementPropertyValueKeyword.groovy)
	at com.kms.katalon.core.keyword.internal.KeywordMain.runKeyword(KeywordMain.groovy:68)
	at com.kms.katalon.core.webservice.keyword.builtin.VerifyElementPropertyValueKeyword.verifyElementPropertyValue(VerifyElementPropertyValueKeyword.groovy:48)
	at com.kms.katalon.core.webservice.keyword.builtin.VerifyElementPropertyValueKeyword.execute(VerifyElementPropertyValueKeyword.groovy:43)
	at com.kms.katalon.core.keyword.internal.KeywordExecutor.executeKeywordForPlatform(KeywordExecutor.groovy:72)
	at com.kms.katalon.core.webservice.keyword.WSBuiltInKeywords.verifyElementPropertyValue(WSBuiltInKeywords.groovy:189)
	at com.kms.katalon.core.webservice.keyword.WSBuiltInKeywords$verifyElementPropertyValue$0.call(Unknown Source)
	at WSVerification1581113339588.run(WSVerification1581113339588:16)
	at com.kms.katalon.core.main.ScriptEngine.run(ScriptEngine.java:194)
	at com.kms.katalon.core.main.ScriptEngine.runScriptAsRawText(ScriptEngine.java:119)
	at com.kms.katalon.core.main.WSVerificationExecutor.runScript(WSVerificationExecutor.java:146)
	at com.kms.katalon.core.main.WSVerificationExecutor.doExecute(WSVerificationExecutor.java:140)
	at com.kms.katalon.core.main.WSVerificationExecutor.processExecutionPhase(WSVerificationExecutor.java:123)
	at com.kms.katalon.core.main.WSVerificationExecutor.accessMainPhase(WSVerificationExecutor.java:115)
	at com.kms.katalon.core.main.WSVerificationExecutor.execute(WSVerificationExecutor.java:103)
	at com.kms.katalon.core.main.TestCaseMain.runWSVerificationScript(TestCaseMain.java:127)
	at com.kms.katalon.core.webservice.keyword.builtin.SendRequestAndVerifyKeyword$_sendRequestAndVerify_closure1.doCall(SendRequestAndVerifyKeyword.groovy:55)
	at com.kms.katalon.core.webservice.keyword.builtin.SendRequestAndVerifyKeyword$_sendRequestAndVerify_closure1.call(SendRequestAndVerifyKeyword.groovy)
	at com.kms.katalon.core.keyword.internal.KeywordMain.runKeyword(KeywordMain.groovy:68)
	at com.kms.katalon.core.webservice.keyword.builtin.SendRequestAndVerifyKeyword.sendRequestAndVerify(SendRequestAndVerifyKeyword.groovy:43)
	at com.kms.katalon.core.webservice.keyword.builtin.SendRequestAndVerifyKeyword.execute(SendRequestAndVerifyKeyword.groovy:38)
	at com.kms.katalon.core.keyword.internal.KeywordExecutor.executeKeywordForPlatform(KeywordExecutor.groovy:72)
	at com.kms.katalon.core.webservice.keyword.WSBuiltInKeywords.sendRequestAndVerify(WSBuiltInKeywords.groovy:65)
	at com.kms.katalon.core.webservice.keyword.WSBuiltInKeywords$sendRequestAndVerify.call(Unknown Source)
	at Test_Beams_by_Zip_to_Excel.run(Test_Beams_by_Zip_to_Excel:68)
	at com.kms.katalon.core.main.ScriptEngine.run(ScriptEngine.java:194)
	at com.kms.katalon.core.main.ScriptEngine.runScriptAsRawText(ScriptEngine.java:119)
	at com.kms.katalon.core.main.TestCaseExecutor.runScript(TestCaseExecutor.java:337)
	at com.kms.katalon.core.main.TestCaseExecutor.doExecute(TestCaseExecutor.java:328)
	at com.kms.katalon.core.main.TestCaseExecutor.processExecutionPhase(TestCaseExecutor.java:307)
	at com.kms.katalon.core.main.TestCaseExecutor.accessMainPhase(TestCaseExecutor.java:299)
	at com.kms.katalon.core.main.TestCaseExecutor.execute(TestCaseExecutor.java:233)
	at com.kms.katalon.core.main.TestSuiteExecutor.accessTestCaseMainPhase(TestSuiteExecutor.java:169)
	at com.kms.katalon.core.main.TestSuiteExecutor.accessTestSuiteMainPhase(TestSuiteExecutor.java:142)
	at com.kms.katalon.core.main.TestSuiteExecutor.execute(TestSuiteExecutor.java:91)
	at com.kms.katalon.core.main.TestCaseMain.startTestSuite(TestCaseMain.java:157)
	at com.kms.katalon.core.main.TestCaseMain$startTestSuite$0.call(Unknown Source)
	at TempTestSuite1581113075265.run(TempTestSuite1581113075265.groovy:36)
"/>
         <system-out><![CDATA[2020-02-07 15:08:57 - [TEST_CASE][FAILED] - Test Cases/Test_Beams_by_Zip_to_Excel: Test Cases/Test_Beams_by_Zip_to_Excel FAILED.
Reason:
com.kms.katalon.core.exception.StepFailedException: Expected element property value '746' is not equal with actual property value '364'
	at com.kms.katalon.core.keyword.internal.KeywordMain.stepFailed(KeywordMain.groovy:39)
	at com.kms.katalon.core.webservice.keyword.builtin.VerifyElementPropertyValueKeyword$_verifyElementPropertyValue_closure1.doCall(VerifyElementPropertyValueKeyword.groovy:56)
	at com.kms.katalon.core.webservice.keyword.builtin.VerifyElementPropertyValueKeyword$_verifyElementPropertyValue_closure1.call(VerifyElementPropertyValueKeyword.groovy)
	at com.kms.katalon.core.keyword.internal.KeywordMain.runKeyword(KeywordMain.groovy:68)
	at com.kms.katalon.core.webservice.keyword.builtin.VerifyElementPropertyValueKeyword.verifyElementPropertyValue(VerifyElementPropertyValueKeyword.groovy:48)
	at com.kms.katalon.core.webservice.keyword.builtin.VerifyElementPropertyValueKeyword.execute(VerifyElementPropertyValueKeyword.groovy:43)
	at com.kms.katalon.core.keyword.internal.KeywordExecutor.executeKeywordForPlatform(KeywordExecutor.groovy:72)
	at com.kms.katalon.core.webservice.keyword.WSBuiltInKeywords.verifyElementPropertyValue(WSBuiltInKeywords.groovy:189)
	at com.kms.katalon.core.webservice.keyword.WSBuiltInKeywords$verifyElementPropertyValue$0.call(Unknown Source)
	at WSVerification1581113339588.run(WSVerification1581113339588:16)
	at com.kms.katalon.core.main.ScriptEngine.run(ScriptEngine.java:194)
	at com.kms.katalon.core.main.ScriptEngine.runScriptAsRawText(ScriptEngine.java:119)
	at com.kms.katalon.core.main.WSVerificationExecutor.runScript(WSVerificationExecutor.java:146)
	at com.kms.katalon.core.main.WSVerificationExecutor.doExecute(WSVerificationExecutor.java:140)
	at com.kms.katalon.core.main.WSVerificationExecutor.processExecutionPhase(WSVerificationExecutor.java:123)
	at com.kms.katalon.core.main.WSVerificationExecutor.accessMainPhase(WSVerificationExecutor.java:115)
	at com.kms.katalon.core.main.WSVerificationExecutor.execute(WSVerificationExecutor.java:103)
	at com.kms.katalon.core.main.TestCaseMain.runWSVerificationScript(TestCaseMain.java:127)
	at com.kms.katalon.core.webservice.keyword.builtin.SendRequestAndVerifyKeyword$_sendRequestAndVerify_closure1.doCall(SendRequestAndVerifyKeyword.groovy:55)
	at com.kms.katalon.core.webservice.keyword.builtin.SendRequestAndVerifyKeyword$_sendRequestAndVerify_closure1.call(SendRequestAndVerifyKeyword.groovy)
	at com.kms.katalon.core.keyword.internal.KeywordMain.runKeyword(KeywordMain.groovy:68)
	at com.kms.katalon.core.webservice.keyword.builtin.SendRequestAndVerifyKeyword.sendRequestAndVerify(SendRequestAndVerifyKeyword.groovy:43)
	at com.kms.katalon.core.webservice.keyword.builtin.SendRequestAndVerifyKeyword.execute(SendRequestAndVerifyKeyword.groovy:38)
	at com.kms.katalon.core.keyword.internal.KeywordExecutor.executeKeywordForPlatform(KeywordExecutor.groovy:72)
	at com.kms.katalon.core.webservice.keyword.WSBuiltInKeywords.sendRequestAndVerify(WSBuiltInKeywords.groovy:65)
	at com.kms.katalon.core.webservice.keyword.WSBuiltInKeywords$sendRequestAndVerify.call(Unknown Source)
	at Test_Beams_by_Zip_to_Excel.run(Test_Beams_by_Zip_to_Excel:68)
	at com.kms.katalon.core.main.ScriptEngine.run(ScriptEngine.java:194)
	at com.kms.katalon.core.main.ScriptEngine.runScriptAsRawText(ScriptEngine.java:119)
	at com.kms.katalon.core.main.TestCaseExecutor.runScript(TestCaseExecutor.java:337)
	at com.kms.katalon.core.main.TestCaseExecutor.doExecute(TestCaseExecutor.java:328)
	at com.kms.katalon.core.main.TestCaseExecutor.processExecutionPhase(TestCaseExecutor.java:307)
	at com.kms.katalon.core.main.TestCaseExecutor.accessMainPhase(TestCaseExecutor.java:299)
	at com.kms.katalon.core.main.TestCaseExecutor.execute(TestCaseExecutor.java:233)
	at com.kms.katalon.core.main.TestSuiteExecutor.accessTestCaseMainPhase(TestSuiteExecutor.java:169)
	at com.kms.katalon.core.main.TestSuiteExecutor.accessTestSuiteMainPhase(TestSuiteExecutor.java:142)
	at com.kms.katalon.core.main.TestSuiteExecutor.execute(TestSuiteExecutor.java:91)
	at com.kms.katalon.core.main.TestCaseMain.startTestSuite(TestCaseMain.java:157)
	at com.kms.katalon.core.main.TestCaseMain$startTestSuite$0.call(Unknown Source)
	at TempTestSuite1581113075265.run(TempTestSuite1581113075265.groovy:36)


2020-02-07 15:08:57 - [TEST_STEP][PASSED] - excelFile01 = "beams-test-results.xlsx": null

2020-02-07 15:08:57 - [TEST_STEP][PASSED] - ExpectedListSheetFile1 = ["Sheet1"]: null

2020-02-07 15:08:57 - [TEST_STEP][PASSED] - workbookFile01 = getWorkbook(excelFile01): null

2020-02-07 15:08:57 - [TEST_STEP][PASSED] - workbook01 = getWorkbook(excelFile01): null

2020-02-07 15:08:57 - [TEST_STEP][PASSED] - sheet01 = getExcelSheet(workbook01, "Sheet1"): null

2020-02-07 15:08:57 - [TEST_STEP][PASSED] - setValueToCellByAddress(sheet01, "A1", "TEST"): null

2020-02-07 15:08:57 - [TEST_STEP][PASSED] - setValueToCellByAddress(sheet01, "B1", "BEAM"): null

2020-02-07 15:08:57 - [TEST_STEP][PASSED] - setValueToCellByAddress(sheet01, "C1", "UFF"): null

2020-02-07 15:08:57 - [TEST_STEP][PASSED] - setValueToCellByAddress(sheet01, "D1", "PLAN"): null

2020-02-07 15:08:57 - [TEST_STEP][PASSED] - setValueToCellByAddress(sheet01, "E1", "API PLAN"): null

2020-02-07 15:08:57 - [TEST_STEP][PASSED] - mybeam = mybeam: null

2020-02-07 15:08:57 - [TEST_STEP][PASSED] - myuff = myuff: null

2020-02-07 15:08:57 - [TEST_STEP][PASSED] - myplan = myplan: null

2020-02-07 15:08:57 - [TEST_STEP][PASSED] - log = new com.kms.katalon.core.logging.KeywordLogger(): null

2020-02-07 15:08:57 - [TEST_STEP][PASSED] - log.logWarning("beam " + mybeam + " zip " + myzip + " upfront fees " + myuff + " plan " + myplan): beam 746 zip 95932 upfront fees 0 plan VS2 Best Offer A

2020-02-07 15:08:57 - [MESSAGE][WARNING] - beam 746 zip 95932 upfront fees 0 plan VS2 Best Offer A

2020-02-07 15:08:57 - [TEST_STEP][PASSED] - setValueToCellByAddress(sheet01, "B" + mycount, beamFail): null

2020-02-07 15:08:57 - [TEST_STEP][PASSED] - setValueToCellByAddress(sheet01, "C" + mycount, uffFail): null

2020-02-07 15:08:57 - [TEST_STEP][PASSED] - mycount = mycount + 1: null

2020-02-07 15:08:57 - [TEST_STEP][PASSED] - setValueToCellByAddress(sheet01, "A" + mycount, "beam " + mybeam + " zip " + myzip + " upfront fees " + myuff + " plan " + myplan): null

2020-02-07 15:08:57 - [TEST_STEP][PASSED] - setValueToCellByAddress(sheet01, "D" + mycount, myplan): null

2020-02-07 15:08:57 - [TEST_STEP][FAILED] - sendRequestAndVerify(findTestObject("Exede_Zip", ["myzip":myzip])): Unable to send request and verify the response (Root cause: com.kms.katalon.core.exception.StepFailedException: Verification failed
	at com.kms.katalon.core.webservice.keyword.builtin.SendRequestAndVerifyKeyword$_sendRequestAndVerify_closure1.doCall(SendRequestAndVerifyKeyword.groovy:59)
	at com.kms.katalon.core.webservice.keyword.builtin.SendRequestAndVerifyKeyword$_sendRequestAndVerify_closure1.call(SendRequestAndVerifyKeyword.groovy)
	at com.kms.katalon.core.keyword.internal.KeywordMain.runKeyword(KeywordMain.groovy:68)
	at com.kms.katalon.core.webservice.keyword.builtin.SendRequestAndVerifyKeyword.sendRequestAndVerify(SendRequestAndVerifyKeyword.groovy:43)
	at com.kms.katalon.core.webservice.keyword.builtin.SendRequestAndVerifyKeyword.execute(SendRequestAndVerifyKeyword.groovy:38)
	at com.kms.katalon.core.keyword.internal.KeywordExecutor.executeKeywordForPlatform(KeywordExecutor.groovy:72)
	at com.kms.katalon.core.webservice.keyword.WSBuiltInKeywords.sendRequestAndVerify(WSBuiltInKeywords.groovy:65)
	at com.kms.katalon.core.webservice.keyword.WSBuiltInKeywords$sendRequestAndVerify.call(Unknown Source)
	at Test_Beams_by_Zip_to_Excel.run(Test_Beams_by_Zip_to_Excel:68)
	at com.kms.katalon.core.main.ScriptEngine.run(ScriptEngine.java:194)
	at com.kms.katalon.core.main.ScriptEngine.runScriptAsRawText(ScriptEngine.java:119)
	at com.kms.katalon.core.main.TestCaseExecutor.runScript(TestCaseExecutor.java:337)
	at com.kms.katalon.core.main.TestCaseExecutor.doExecute(TestCaseExecutor.java:328)
	at com.kms.katalon.core.main.TestCaseExecutor.processExecutionPhase(TestCaseExecutor.java:307)
	at com.kms.katalon.core.main.TestCaseExecutor.accessMainPhase(TestCaseExecutor.java:299)
	at com.kms.katalon.core.main.TestCaseExecutor.execute(TestCaseExecutor.java:233)
	at com.kms.katalon.core.main.TestSuiteExecutor.accessTestCaseMainPhase(TestSuiteExecutor.java:169)
	at com.kms.katalon.core.main.TestSuiteExecutor.accessTestSuiteMainPhase(TestSuiteExecutor.java:142)
	at com.kms.katalon.core.main.TestSuiteExecutor.execute(TestSuiteExecutor.java:91)
	at com.kms.katalon.core.main.TestCaseMain.startTestSuite(TestCaseMain.java:157)
	at com.kms.katalon.core.main.TestCaseMain$startTestSuite$0.call(Unknown Source)
	at TempTestSuite1581113075265.run(TempTestSuite1581113075265.groovy:36)
)

2020-02-07 15:08:59 - [MESSAGE][INFO] - HAR: /Users/jhampleman/Katalon Studio/Exede_Beam_Tests_v2.1 copy/Reports/20200207_150435/RUN_Exede_Zip_Test/20200207_150435/requests/main/126.har

2020-02-07 15:08:59 - [TEST_CASE][FAILED] - Start Test Case : Verification: Verification FAILED.
Reason:
com.kms.katalon.core.exception.StepFailedException: Expected element property value '746' is not equal with actual property value '364'
	at com.kms.katalon.core.keyword.internal.KeywordMain.stepFailed(KeywordMain.groovy:39)
	at com.kms.katalon.core.webservice.keyword.builtin.VerifyElementPropertyValueKeyword$_verifyElementPropertyValue_closure1.doCall(VerifyElementPropertyValueKeyword.groovy:56)
	at com.kms.katalon.core.webservice.keyword.builtin.VerifyElementPropertyValueKeyword$_verifyElementPropertyValue_closure1.call(VerifyElementPropertyValueKeyword.groovy)
	at com.kms.katalon.core.keyword.internal.KeywordMain.runKeyword(KeywordMain.groovy:68)
	at com.kms.katalon.core.webservice.keyword.builtin.VerifyElementPropertyValueKeyword.verifyElementPropertyValue(VerifyElementPropertyValueKeyword.groovy:48)
	at com.kms.katalon.core.webservice.keyword.builtin.VerifyElementPropertyValueKeyword.execute(VerifyElementPropertyValueKeyword.groovy:43)
	at com.kms.katalon.core.keyword.internal.KeywordExecutor.executeKeywordForPlatform(KeywordExecutor.groovy:72)
	at com.kms.katalon.core.webservice.keyword.WSBuiltInKeywords.verifyElementPropertyValue(WSBuiltInKeywords.groovy:189)
	at com.kms.katalon.core.webservice.keyword.WSBuiltInKeywords$verifyElementPropertyValue$0.call(Unknown Source)
	at WSVerification1581113339588.run(WSVerification1581113339588:16)
	at com.kms.katalon.core.main.ScriptEngine.run(ScriptEngine.java:194)
	at com.kms.katalon.core.main.ScriptEngine.runScriptAsRawText(ScriptEngine.java:119)
	at com.kms.katalon.core.main.WSVerificationExecutor.runScript(WSVerificationExecutor.java:146)
	at com.kms.katalon.core.main.WSVerificationExecutor.doExecute(WSVerificationExecutor.java:140)
	at com.kms.katalon.core.main.WSVerificationExecutor.processExecutionPhase(WSVerificationExecutor.java:123)
	at com.kms.katalon.core.main.WSVerificationExecutor.accessMainPhase(WSVerificationExecutor.java:115)
	at com.kms.katalon.core.main.WSVerificationExecutor.execute(WSVerificationExecutor.java:103)
	at com.kms.katalon.core.main.TestCaseMain.runWSVerificationScript(TestCaseMain.java:127)
	at com.kms.katalon.core.webservice.keyword.builtin.SendRequestAndVerifyKeyword$_sendRequestAndVerify_closure1.doCall(SendRequestAndVerifyKeyword.groovy:55)
	at com.kms.katalon.core.webservice.keyword.builtin.SendRequestAndVerifyKeyword$_sendRequestAndVerify_closure1.call(SendRequestAndVerifyKeyword.groovy)
	at com.kms.katalon.core.keyword.internal.KeywordMain.runKeyword(KeywordMain.groovy:68)
	at com.kms.katalon.core.webservice.keyword.builtin.SendRequestAndVerifyKeyword.sendRequestAndVerify(SendRequestAndVerifyKeyword.groovy:43)
	at com.kms.katalon.core.webservice.keyword.builtin.SendRequestAndVerifyKeyword.execute(SendRequestAndVerifyKeyword.groovy:38)
	at com.kms.katalon.core.keyword.internal.KeywordExecutor.executeKeywordForPlatform(KeywordExecutor.groovy:72)
	at com.kms.katalon.core.webservice.keyword.WSBuiltInKeywords.sendRequestAndVerify(WSBuiltInKeywords.groovy:65)
	at com.kms.katalon.core.webservice.keyword.WSBuiltInKeywords$sendRequestAndVerify.call(Unknown Source)
	at Test_Beams_by_Zip_to_Excel.run(Test_Beams_by_Zip_to_Excel:68)
	at com.kms.katalon.core.main.ScriptEngine.run(ScriptEngine.java:194)
	at com.kms.katalon.core.main.ScriptEngine.runScriptAsRawText(ScriptEngine.java:119)
	at com.kms.katalon.core.main.TestCaseExecutor.runScript(TestCaseExecutor.java:337)
	at com.kms.katalon.core.main.TestCaseExecutor.doExecute(TestCaseExecutor.java:328)
	at com.kms.katalon.core.main.TestCaseExecutor.processExecutionPhase(TestCaseExecutor.java:307)
	at com.kms.katalon.core.main.TestCaseExecutor.accessMainPhase(TestCaseExecutor.java:299)
	at com.kms.katalon.core.main.TestCaseExecutor.execute(TestCaseExecutor.java:233)
	at com.kms.katalon.core.main.TestSuiteExecutor.accessTestCaseMainPhase(TestSuiteExecutor.java:169)
	at com.kms.katalon.core.main.TestSuiteExecutor.accessTestSuiteMainPhase(TestSuiteExecutor.java:142)
	at com.kms.katalon.core.main.TestSuiteExecutor.execute(TestSuiteExecutor.java:91)
	at com.kms.katalon.core.main.TestCaseMain.startTestSuite(TestCaseMain.java:157)
	at com.kms.katalon.core.main.TestCaseMain$startTestSuite$0.call(Unknown Source)
	at TempTestSuite1581113075265.run(TempTestSuite1581113075265.groovy:36)


2020-02-07 15:08:59 - [TEST_STEP][PASSED] - request = getInstance().getCurrentRequest(): null

2020-02-07 15:08:59 - [TEST_STEP][PASSED] - response = getInstance().getCurrentResponse(): null

2020-02-07 15:08:59 - [TEST_STEP][FAILED] - if (!(verifyElementPropertyValue(response, "data.beam", mybeam))): null

2020-02-07 15:08:59 - [MESSAGE][FAILED] - Expected element property value '746' is not equal with actual property value '364'

2020-02-07 15:08:59 - [TEST_STEP][PASSED] - beamFail = "F": null

2020-02-07 15:08:59 - [TEST_STEP][FAILED] - if (!(verifyElementPropertyValue(response, "data.product.down", myuff))): null

2020-02-07 15:08:59 - [MESSAGE][FAILED] - Expected element property value '0' is not equal with actual property value '150'

2020-02-07 15:08:59 - [TEST_STEP][PASSED] - uffFail = "F": null

2020-02-07 15:08:59 - [TEST_STEP][PASSED] - jsonSlurper = new groovy.json.JsonSlurper(): null

2020-02-07 15:08:59 - [TEST_STEP][PASSED] - object = jsonSlurper.parseText(response.getResponseText()): null

2020-02-07 15:08:59 - [TEST_STEP][PASSED] - println(object): null

2020-02-07 15:08:59 - [TEST_STEP][PASSED] - mytest = plans: null

2020-02-07 15:08:59 - [TEST_STEP][PASSED] - variable = mytest: null

2020-02-07 15:08:59 - [MESSAGE][FAILED] - Unable to send request and verify the response (Root cause: com.kms.katalon.core.exception.StepFailedException: Verification failed
	at com.kms.katalon.core.webservice.keyword.builtin.SendRequestAndVerifyKeyword$_sendRequestAndVerify_closure1.doCall(SendRequestAndVerifyKeyword.groovy:59)
	at com.kms.katalon.core.webservice.keyword.builtin.SendRequestAndVerifyKeyword$_sendRequestAndVerify_closure1.call(SendRequestAndVerifyKeyword.groovy)
	at com.kms.katalon.core.keyword.internal.KeywordMain.runKeyword(KeywordMain.groovy:68)
	at com.kms.katalon.core.webservice.keyword.builtin.SendRequestAndVerifyKeyword.sendRequestAndVerify(SendRequestAndVerifyKeyword.groovy:43)
	at com.kms.katalon.core.webservice.keyword.builtin.SendRequestAndVerifyKeyword.execute(SendRequestAndVerifyKeyword.groovy:38)
	at com.kms.katalon.core.keyword.internal.KeywordExecutor.executeKeywordForPlatform(KeywordExecutor.groovy:72)
	at com.kms.katalon.core.webservice.keyword.WSBuiltInKeywords.sendRequestAndVerify(WSBuiltInKeywords.groovy:65)
	at com.kms.katalon.core.webservice.keyword.WSBuiltInKeywords$sendRequestAndVerify.call(Unknown Source)
	at Test_Beams_by_Zip_to_Excel.run(Test_Beams_by_Zip_to_Excel:68)
	at com.kms.katalon.core.main.ScriptEngine.run(ScriptEngine.java:194)
	at com.kms.katalon.core.main.ScriptEngine.runScriptAsRawText(ScriptEngine.java:119)
	at com.kms.katalon.core.main.TestCaseExecutor.runScript(TestCaseExecutor.java:337)
	at com.kms.katalon.core.main.TestCaseExecutor.doExecute(TestCaseExecutor.java:328)
	at com.kms.katalon.core.main.TestCaseExecutor.processExecutionPhase(TestCaseExecutor.java:307)
	at com.kms.katalon.core.main.TestCaseExecutor.accessMainPhase(TestCaseExecutor.java:299)
	at com.kms.katalon.core.main.TestCaseExecutor.execute(TestCaseExecutor.java:233)
	at com.kms.katalon.core.main.TestSuiteExecutor.accessTestCaseMainPhase(TestSuiteExecutor.java:169)
	at com.kms.katalon.core.main.TestSuiteExecutor.accessTestSuiteMainPhase(TestSuiteExecutor.java:142)
	at com.kms.katalon.core.main.TestSuiteExecutor.execute(TestSuiteExecutor.java:91)
	at com.kms.katalon.core.main.TestCaseMain.startTestSuite(TestCaseMain.java:157)
	at com.kms.katalon.core.main.TestCaseMain$startTestSuite$0.call(Unknown Source)
	at TempTestSuite1581113075265.run(TempTestSuite1581113075265.groovy:36)
)

2020-02-07 15:08:59 - [TEST_STEP][PASSED] - setValueToCellByAddress(sheet01, "E" + mycount, variable): null

2020-02-07 15:08:59 - [TEST_STEP][PASSED] - saveWorkbook(excelFile01, workbook01): null]]></system-out>
         <system-err><![CDATA[2020-02-07 15:08:57 - [TEST_CASE][FAILED] - Test Cases/Test_Beams_by_Zip_to_Excel: Test Cases/Test_Beams_by_Zip_to_Excel FAILED.
Reason:
com.kms.katalon.core.exception.StepFailedException: Expected element property value '746' is not equal with actual property value '364'
	at com.kms.katalon.core.keyword.internal.KeywordMain.stepFailed(KeywordMain.groovy:39)
	at com.kms.katalon.core.webservice.keyword.builtin.VerifyElementPropertyValueKeyword$_verifyElementPropertyValue_closure1.doCall(VerifyElementPropertyValueKeyword.groovy:56)
	at com.kms.katalon.core.webservice.keyword.builtin.VerifyElementPropertyValueKeyword$_verifyElementPropertyValue_closure1.call(VerifyElementPropertyValueKeyword.groovy)
	at com.kms.katalon.core.keyword.internal.KeywordMain.runKeyword(KeywordMain.groovy:68)
	at com.kms.katalon.core.webservice.keyword.builtin.VerifyElementPropertyValueKeyword.verifyElementPropertyValue(VerifyElementPropertyValueKeyword.groovy:48)
	at com.kms.katalon.core.webservice.keyword.builtin.VerifyElementPropertyValueKeyword.execute(VerifyElementPropertyValueKeyword.groovy:43)
	at com.kms.katalon.core.keyword.internal.KeywordExecutor.executeKeywordForPlatform(KeywordExecutor.groovy:72)
	at com.kms.katalon.core.webservice.keyword.WSBuiltInKeywords.verifyElementPropertyValue(WSBuiltInKeywords.groovy:189)
	at com.kms.katalon.core.webservice.keyword.WSBuiltInKeywords$verifyElementPropertyValue$0.call(Unknown Source)
	at WSVerification1581113339588.run(WSVerification1581113339588:16)
	at com.kms.katalon.core.main.ScriptEngine.run(ScriptEngine.java:194)
	at com.kms.katalon.core.main.ScriptEngine.runScriptAsRawText(ScriptEngine.java:119)
	at com.kms.katalon.core.main.WSVerificationExecutor.runScript(WSVerificationExecutor.java:146)
	at com.kms.katalon.core.main.WSVerificationExecutor.doExecute(WSVerificationExecutor.java:140)
	at com.kms.katalon.core.main.WSVerificationExecutor.processExecutionPhase(WSVerificationExecutor.java:123)
	at com.kms.katalon.core.main.WSVerificationExecutor.accessMainPhase(WSVerificationExecutor.java:115)
	at com.kms.katalon.core.main.WSVerificationExecutor.execute(WSVerificationExecutor.java:103)
	at com.kms.katalon.core.main.TestCaseMain.runWSVerificationScript(TestCaseMain.java:127)
	at com.kms.katalon.core.webservice.keyword.builtin.SendRequestAndVerifyKeyword$_sendRequestAndVerify_closure1.doCall(SendRequestAndVerifyKeyword.groovy:55)
	at com.kms.katalon.core.webservice.keyword.builtin.SendRequestAndVerifyKeyword$_sendRequestAndVerify_closure1.call(SendRequestAndVerifyKeyword.groovy)
	at com.kms.katalon.core.keyword.internal.KeywordMain.runKeyword(KeywordMain.groovy:68)
	at com.kms.katalon.core.webservice.keyword.builtin.SendRequestAndVerifyKeyword.sendRequestAndVerify(SendRequestAndVerifyKeyword.groovy:43)
	at com.kms.katalon.core.webservice.keyword.builtin.SendRequestAndVerifyKeyword.execute(SendRequestAndVerifyKeyword.groovy:38)
	at com.kms.katalon.core.keyword.internal.KeywordExecutor.executeKeywordForPlatform(KeywordExecutor.groovy:72)
	at com.kms.katalon.core.webservice.keyword.WSBuiltInKeywords.sendRequestAndVerify(WSBuiltInKeywords.groovy:65)
	at com.kms.katalon.core.webservice.keyword.WSBuiltInKeywords$sendRequestAndVerify.call(Unknown Source)
	at Test_Beams_by_Zip_to_Excel.run(Test_Beams_by_Zip_to_Excel:68)
	at com.kms.katalon.core.main.ScriptEngine.run(ScriptEngine.java:194)
	at com.kms.katalon.core.main.ScriptEngine.runScriptAsRawText(ScriptEngine.java:119)
	at com.kms.katalon.core.main.TestCaseExecutor.runScript(TestCaseExecutor.java:337)
	at com.kms.katalon.core.main.TestCaseExecutor.doExecute(TestCaseExecutor.java:328)
	at com.kms.katalon.core.main.TestCaseExecutor.processExecutionPhase(TestCaseExecutor.java:307)
	at com.kms.katalon.core.main.TestCaseExecutor.accessMainPhase(TestCaseExecutor.java:299)
	at com.kms.katalon.core.main.TestCaseExecutor.execute(TestCaseExecutor.java:233)
	at com.kms.katalon.core.main.TestSuiteExecutor.accessTestCaseMainPhase(TestSuiteExecutor.java:169)
	at com.kms.katalon.core.main.TestSuiteExecutor.accessTestSuiteMainPhase(TestSuiteExecutor.java:142)
	at com.kms.katalon.core.main.TestSuiteExecutor.execute(TestSuiteExecutor.java:91)
	at com.kms.katalon.core.main.TestCaseMain.startTestSuite(TestCaseMain.java:157)
	at com.kms.katalon.core.main.TestCaseMain$startTestSuite$0.call(Unknown Source)
	at TempTestSuite1581113075265.run(TempTestSuite1581113075265.groovy:36)]]></system-err>
      </testcase>
      <testcase name="Test Cases/Test_Beams_by_Zip_to_Excel" time="2.045" classname="Test Cases/Test_Beams_by_Zip_to_Excel" status="FAILED">
         <failure type="FAILED" message="Test Cases/Test_Beams_by_Zip_to_Excel FAILED.
Reason:
com.kms.katalon.core.exception.StepFailedException: Expected element property value '0' is not equal with actual property value '150'
	at com.kms.katalon.core.keyword.internal.KeywordMain.stepFailed(KeywordMain.groovy:39)
	at com.kms.katalon.core.webservice.keyword.builtin.VerifyElementPropertyValueKeyword$_verifyElementPropertyValue_closure1.doCall(VerifyElementPropertyValueKeyword.groovy:56)
	at com.kms.katalon.core.webservice.keyword.builtin.VerifyElementPropertyValueKeyword$_verifyElementPropertyValue_closure1.call(VerifyElementPropertyValueKeyword.groovy)
	at com.kms.katalon.core.keyword.internal.KeywordMain.runKeyword(KeywordMain.groovy:68)
	at com.kms.katalon.core.webservice.keyword.builtin.VerifyElementPropertyValueKeyword.verifyElementPropertyValue(VerifyElementPropertyValueKeyword.groovy:48)
	at com.kms.katalon.core.webservice.keyword.builtin.VerifyElementPropertyValueKeyword.execute(VerifyElementPropertyValueKeyword.groovy:43)
	at com.kms.katalon.core.keyword.internal.KeywordExecutor.executeKeywordForPlatform(KeywordExecutor.groovy:72)
	at com.kms.katalon.core.webservice.keyword.WSBuiltInKeywords.verifyElementPropertyValue(WSBuiltInKeywords.groovy:189)
	at com.kms.katalon.core.webservice.keyword.WSBuiltInKeywords$verifyElementPropertyValue$0.call(Unknown Source)
	at WSVerification1581113341640.run(WSVerification1581113341640:17)
	at com.kms.katalon.core.main.ScriptEngine.run(ScriptEngine.java:194)
	at com.kms.katalon.core.main.ScriptEngine.runScriptAsRawText(ScriptEngine.java:119)
	at com.kms.katalon.core.main.WSVerificationExecutor.runScript(WSVerificationExecutor.java:146)
	at com.kms.katalon.core.main.WSVerificationExecutor.doExecute(WSVerificationExecutor.java:140)
	at com.kms.katalon.core.main.WSVerificationExecutor.processExecutionPhase(WSVerificationExecutor.java:123)
	at com.kms.katalon.core.main.WSVerificationExecutor.accessMainPhase(WSVerificationExecutor.java:115)
	at com.kms.katalon.core.main.WSVerificationExecutor.execute(WSVerificationExecutor.java:103)
	at com.kms.katalon.core.main.TestCaseMain.runWSVerificationScript(TestCaseMain.java:127)
	at com.kms.katalon.core.webservice.keyword.builtin.SendRequestAndVerifyKeyword$_sendRequestAndVerify_closure1.doCall(SendRequestAndVerifyKeyword.groovy:55)
	at com.kms.katalon.core.webservice.keyword.builtin.SendRequestAndVerifyKeyword$_sendRequestAndVerify_closure1.call(SendRequestAndVerifyKeyword.groovy)
	at com.kms.katalon.core.keyword.internal.KeywordMain.runKeyword(KeywordMain.groovy:68)
	at com.kms.katalon.core.webservice.keyword.builtin.SendRequestAndVerifyKeyword.sendRequestAndVerify(SendRequestAndVerifyKeyword.groovy:43)
	at com.kms.katalon.core.webservice.keyword.builtin.SendRequestAndVerifyKeyword.execute(SendRequestAndVerifyKeyword.groovy:38)
	at com.kms.katalon.core.keyword.internal.KeywordExecutor.executeKeywordForPlatform(KeywordExecutor.groovy:72)
	at com.kms.katalon.core.webservice.keyword.WSBuiltInKeywords.sendRequestAndVerify(WSBuiltInKeywords.groovy:65)
	at com.kms.katalon.core.webservice.keyword.WSBuiltInKeywords$sendRequestAndVerify.call(Unknown Source)
	at Test_Beams_by_Zip_to_Excel.run(Test_Beams_by_Zip_to_Excel:68)
	at com.kms.katalon.core.main.ScriptEngine.run(ScriptEngine.java:194)
	at com.kms.katalon.core.main.ScriptEngine.runScriptAsRawText(ScriptEngine.java:119)
	at com.kms.katalon.core.main.TestCaseExecutor.runScript(TestCaseExecutor.java:337)
	at com.kms.katalon.core.main.TestCaseExecutor.doExecute(TestCaseExecutor.java:328)
	at com.kms.katalon.core.main.TestCaseExecutor.processExecutionPhase(TestCaseExecutor.java:307)
	at com.kms.katalon.core.main.TestCaseExecutor.accessMainPhase(TestCaseExecutor.java:299)
	at com.kms.katalon.core.main.TestCaseExecutor.execute(TestCaseExecutor.java:233)
	at com.kms.katalon.core.main.TestSuiteExecutor.accessTestCaseMainPhase(TestSuiteExecutor.java:169)
	at com.kms.katalon.core.main.TestSuiteExecutor.accessTestSuiteMainPhase(TestSuiteExecutor.java:142)
	at com.kms.katalon.core.main.TestSuiteExecutor.execute(TestSuiteExecutor.java:91)
	at com.kms.katalon.core.main.TestCaseMain.startTestSuite(TestCaseMain.java:157)
	at com.kms.katalon.core.main.TestCaseMain$startTestSuite$0.call(Unknown Source)
	at TempTestSuite1581113075265.run(TempTestSuite1581113075265.groovy:36)
"/>
         <system-out><![CDATA[2020-02-07 15:08:59 - [TEST_CASE][FAILED] - Test Cases/Test_Beams_by_Zip_to_Excel: Test Cases/Test_Beams_by_Zip_to_Excel FAILED.
Reason:
com.kms.katalon.core.exception.StepFailedException: Expected element property value '0' is not equal with actual property value '150'
	at com.kms.katalon.core.keyword.internal.KeywordMain.stepFailed(KeywordMain.groovy:39)
	at com.kms.katalon.core.webservice.keyword.builtin.VerifyElementPropertyValueKeyword$_verifyElementPropertyValue_closure1.doCall(VerifyElementPropertyValueKeyword.groovy:56)
	at com.kms.katalon.core.webservice.keyword.builtin.VerifyElementPropertyValueKeyword$_verifyElementPropertyValue_closure1.call(VerifyElementPropertyValueKeyword.groovy)
	at com.kms.katalon.core.keyword.internal.KeywordMain.runKeyword(KeywordMain.groovy:68)
	at com.kms.katalon.core.webservice.keyword.builtin.VerifyElementPropertyValueKeyword.verifyElementPropertyValue(VerifyElementPropertyValueKeyword.groovy:48)
	at com.kms.katalon.core.webservice.keyword.builtin.VerifyElementPropertyValueKeyword.execute(VerifyElementPropertyValueKeyword.groovy:43)
	at com.kms.katalon.core.keyword.internal.KeywordExecutor.executeKeywordForPlatform(KeywordExecutor.groovy:72)
	at com.kms.katalon.core.webservice.keyword.WSBuiltInKeywords.verifyElementPropertyValue(WSBuiltInKeywords.groovy:189)
	at com.kms.katalon.core.webservice.keyword.WSBuiltInKeywords$verifyElementPropertyValue$0.call(Unknown Source)
	at WSVerification1581113341640.run(WSVerification1581113341640:17)
	at com.kms.katalon.core.main.ScriptEngine.run(ScriptEngine.java:194)
	at com.kms.katalon.core.main.ScriptEngine.runScriptAsRawText(ScriptEngine.java:119)
	at com.kms.katalon.core.main.WSVerificationExecutor.runScript(WSVerificationExecutor.java:146)
	at com.kms.katalon.core.main.WSVerificationExecutor.doExecute(WSVerificationExecutor.java:140)
	at com.kms.katalon.core.main.WSVerificationExecutor.processExecutionPhase(WSVerificationExecutor.java:123)
	at com.kms.katalon.core.main.WSVerificationExecutor.accessMainPhase(WSVerificationExecutor.java:115)
	at com.kms.katalon.core.main.WSVerificationExecutor.execute(WSVerificationExecutor.java:103)
	at com.kms.katalon.core.main.TestCaseMain.runWSVerificationScript(TestCaseMain.java:127)
	at com.kms.katalon.core.webservice.keyword.builtin.SendRequestAndVerifyKeyword$_sendRequestAndVerify_closure1.doCall(SendRequestAndVerifyKeyword.groovy:55)
	at com.kms.katalon.core.webservice.keyword.builtin.SendRequestAndVerifyKeyword$_sendRequestAndVerify_closure1.call(SendRequestAndVerifyKeyword.groovy)
	at com.kms.katalon.core.keyword.internal.KeywordMain.runKeyword(KeywordMain.groovy:68)
	at com.kms.katalon.core.webservice.keyword.builtin.SendRequestAndVerifyKeyword.sendRequestAndVerify(SendRequestAndVerifyKeyword.groovy:43)
	at com.kms.katalon.core.webservice.keyword.builtin.SendRequestAndVerifyKeyword.execute(SendRequestAndVerifyKeyword.groovy:38)
	at com.kms.katalon.core.keyword.internal.KeywordExecutor.executeKeywordForPlatform(KeywordExecutor.groovy:72)
	at com.kms.katalon.core.webservice.keyword.WSBuiltInKeywords.sendRequestAndVerify(WSBuiltInKeywords.groovy:65)
	at com.kms.katalon.core.webservice.keyword.WSBuiltInKeywords$sendRequestAndVerify.call(Unknown Source)
	at Test_Beams_by_Zip_to_Excel.run(Test_Beams_by_Zip_to_Excel:68)
	at com.kms.katalon.core.main.ScriptEngine.run(ScriptEngine.java:194)
	at com.kms.katalon.core.main.ScriptEngine.runScriptAsRawText(ScriptEngine.java:119)
	at com.kms.katalon.core.main.TestCaseExecutor.runScript(TestCaseExecutor.java:337)
	at com.kms.katalon.core.main.TestCaseExecutor.doExecute(TestCaseExecutor.java:328)
	at com.kms.katalon.core.main.TestCaseExecutor.processExecutionPhase(TestCaseExecutor.java:307)
	at com.kms.katalon.core.main.TestCaseExecutor.accessMainPhase(TestCaseExecutor.java:299)
	at com.kms.katalon.core.main.TestCaseExecutor.execute(TestCaseExecutor.java:233)
	at com.kms.katalon.core.main.TestSuiteExecutor.accessTestCaseMainPhase(TestSuiteExecutor.java:169)
	at com.kms.katalon.core.main.TestSuiteExecutor.accessTestSuiteMainPhase(TestSuiteExecutor.java:142)
	at com.kms.katalon.core.main.TestSuiteExecutor.execute(TestSuiteExecutor.java:91)
	at com.kms.katalon.core.main.TestCaseMain.startTestSuite(TestCaseMain.java:157)
	at com.kms.katalon.core.main.TestCaseMain$startTestSuite$0.call(Unknown Source)
	at TempTestSuite1581113075265.run(TempTestSuite1581113075265.groovy:36)


2020-02-07 15:08:59 - [TEST_STEP][PASSED] - excelFile01 = "beams-test-results.xlsx": null

2020-02-07 15:08:59 - [TEST_STEP][PASSED] - ExpectedListSheetFile1 = ["Sheet1"]: null

2020-02-07 15:08:59 - [TEST_STEP][PASSED] - workbookFile01 = getWorkbook(excelFile01): null

2020-02-07 15:08:59 - [TEST_STEP][PASSED] - workbook01 = getWorkbook(excelFile01): null

2020-02-07 15:08:59 - [TEST_STEP][PASSED] - sheet01 = getExcelSheet(workbook01, "Sheet1"): null

2020-02-07 15:08:59 - [TEST_STEP][PASSED] - setValueToCellByAddress(sheet01, "A1", "TEST"): null

2020-02-07 15:08:59 - [TEST_STEP][PASSED] - setValueToCellByAddress(sheet01, "B1", "BEAM"): null

2020-02-07 15:08:59 - [TEST_STEP][PASSED] - setValueToCellByAddress(sheet01, "C1", "UFF"): null

2020-02-07 15:08:59 - [TEST_STEP][PASSED] - setValueToCellByAddress(sheet01, "D1", "PLAN"): null

2020-02-07 15:08:59 - [TEST_STEP][PASSED] - setValueToCellByAddress(sheet01, "E1", "API PLAN"): null

2020-02-07 15:08:59 - [TEST_STEP][PASSED] - mybeam = mybeam: null

2020-02-07 15:08:59 - [TEST_STEP][PASSED] - myuff = myuff: null

2020-02-07 15:08:59 - [TEST_STEP][PASSED] - myplan = myplan: null

2020-02-07 15:08:59 - [TEST_STEP][PASSED] - log = new com.kms.katalon.core.logging.KeywordLogger(): null

2020-02-07 15:08:59 - [TEST_STEP][PASSED] - log.logWarning("beam " + mybeam + " zip " + myzip + " upfront fees " + myuff + " plan " + myplan): beam 364 zip 95932 upfront fees 0 plan VS2 Best Offer A

2020-02-07 15:08:59 - [MESSAGE][WARNING] - beam 364 zip 95932 upfront fees 0 plan VS2 Best Offer A

2020-02-07 15:08:59 - [TEST_STEP][PASSED] - setValueToCellByAddress(sheet01, "B" + mycount, beamFail): null

2020-02-07 15:08:59 - [TEST_STEP][PASSED] - setValueToCellByAddress(sheet01, "C" + mycount, uffFail): null

2020-02-07 15:08:59 - [TEST_STEP][PASSED] - mycount = mycount + 1: null

2020-02-07 15:08:59 - [TEST_STEP][PASSED] - setValueToCellByAddress(sheet01, "A" + mycount, "beam " + mybeam + " zip " + myzip + " upfront fees " + myuff + " plan " + myplan): null

2020-02-07 15:08:59 - [TEST_STEP][PASSED] - setValueToCellByAddress(sheet01, "D" + mycount, myplan): null

2020-02-07 15:08:59 - [TEST_STEP][FAILED] - sendRequestAndVerify(findTestObject("Exede_Zip", ["myzip":myzip])): Unable to send request and verify the response (Root cause: com.kms.katalon.core.exception.StepFailedException: Verification failed
	at com.kms.katalon.core.webservice.keyword.builtin.SendRequestAndVerifyKeyword$_sendRequestAndVerify_closure1.doCall(SendRequestAndVerifyKeyword.groovy:59)
	at com.kms.katalon.core.webservice.keyword.builtin.SendRequestAndVerifyKeyword$_sendRequestAndVerify_closure1.call(SendRequestAndVerifyKeyword.groovy)
	at com.kms.katalon.core.keyword.internal.KeywordMain.runKeyword(KeywordMain.groovy:68)
	at com.kms.katalon.core.webservice.keyword.builtin.SendRequestAndVerifyKeyword.sendRequestAndVerify(SendRequestAndVerifyKeyword.groovy:43)
	at com.kms.katalon.core.webservice.keyword.builtin.SendRequestAndVerifyKeyword.execute(SendRequestAndVerifyKeyword.groovy:38)
	at com.kms.katalon.core.keyword.internal.KeywordExecutor.executeKeywordForPlatform(KeywordExecutor.groovy:72)
	at com.kms.katalon.core.webservice.keyword.WSBuiltInKeywords.sendRequestAndVerify(WSBuiltInKeywords.groovy:65)
	at com.kms.katalon.core.webservice.keyword.WSBuiltInKeywords$sendRequestAndVerify.call(Unknown Source)
	at Test_Beams_by_Zip_to_Excel.run(Test_Beams_by_Zip_to_Excel:68)
	at com.kms.katalon.core.main.ScriptEngine.run(ScriptEngine.java:194)
	at com.kms.katalon.core.main.ScriptEngine.runScriptAsRawText(ScriptEngine.java:119)
	at com.kms.katalon.core.main.TestCaseExecutor.runScript(TestCaseExecutor.java:337)
	at com.kms.katalon.core.main.TestCaseExecutor.doExecute(TestCaseExecutor.java:328)
	at com.kms.katalon.core.main.TestCaseExecutor.processExecutionPhase(TestCaseExecutor.java:307)
	at com.kms.katalon.core.main.TestCaseExecutor.accessMainPhase(TestCaseExecutor.java:299)
	at com.kms.katalon.core.main.TestCaseExecutor.execute(TestCaseExecutor.java:233)
	at com.kms.katalon.core.main.TestSuiteExecutor.accessTestCaseMainPhase(TestSuiteExecutor.java:169)
	at com.kms.katalon.core.main.TestSuiteExecutor.accessTestSuiteMainPhase(TestSuiteExecutor.java:142)
	at com.kms.katalon.core.main.TestSuiteExecutor.execute(TestSuiteExecutor.java:91)
	at com.kms.katalon.core.main.TestCaseMain.startTestSuite(TestCaseMain.java:157)
	at com.kms.katalon.core.main.TestCaseMain$startTestSuite$0.call(Unknown Source)
	at TempTestSuite1581113075265.run(TempTestSuite1581113075265.groovy:36)
)

2020-02-07 15:09:01 - [MESSAGE][INFO] - HAR: /Users/jhampleman/Katalon Studio/Exede_Beam_Tests_v2.1 copy/Reports/20200207_150435/RUN_Exede_Zip_Test/20200207_150435/requests/main/127.har

2020-02-07 15:09:01 - [TEST_CASE][FAILED] - Start Test Case : Verification: Verification FAILED.
Reason:
com.kms.katalon.core.exception.StepFailedException: Expected element property value '0' is not equal with actual property value '150'
	at com.kms.katalon.core.keyword.internal.KeywordMain.stepFailed(KeywordMain.groovy:39)
	at com.kms.katalon.core.webservice.keyword.builtin.VerifyElementPropertyValueKeyword$_verifyElementPropertyValue_closure1.doCall(VerifyElementPropertyValueKeyword.groovy:56)
	at com.kms.katalon.core.webservice.keyword.builtin.VerifyElementPropertyValueKeyword$_verifyElementPropertyValue_closure1.call(VerifyElementPropertyValueKeyword.groovy)
	at com.kms.katalon.core.keyword.internal.KeywordMain.runKeyword(KeywordMain.groovy:68)
	at com.kms.katalon.core.webservice.keyword.builtin.VerifyElementPropertyValueKeyword.verifyElementPropertyValue(VerifyElementPropertyValueKeyword.groovy:48)
	at com.kms.katalon.core.webservice.keyword.builtin.VerifyElementPropertyValueKeyword.execute(VerifyElementPropertyValueKeyword.groovy:43)
	at com.kms.katalon.core.keyword.internal.KeywordExecutor.executeKeywordForPlatform(KeywordExecutor.groovy:72)
	at com.kms.katalon.core.webservice.keyword.WSBuiltInKeywords.verifyElementPropertyValue(WSBuiltInKeywords.groovy:189)
	at com.kms.katalon.core.webservice.keyword.WSBuiltInKeywords$verifyElementPropertyValue$0.call(Unknown Source)
	at WSVerification1581113341640.run(WSVerification1581113341640:17)
	at com.kms.katalon.core.main.ScriptEngine.run(ScriptEngine.java:194)
	at com.kms.katalon.core.main.ScriptEngine.runScriptAsRawText(ScriptEngine.java:119)
	at com.kms.katalon.core.main.WSVerificationExecutor.runScript(WSVerificationExecutor.java:146)
	at com.kms.katalon.core.main.WSVerificationExecutor.doExecute(WSVerificationExecutor.java:140)
	at com.kms.katalon.core.main.WSVerificationExecutor.processExecutionPhase(WSVerificationExecutor.java:123)
	at com.kms.katalon.core.main.WSVerificationExecutor.accessMainPhase(WSVerificationExecutor.java:115)
	at com.kms.katalon.core.main.WSVerificationExecutor.execute(WSVerificationExecutor.java:103)
	at com.kms.katalon.core.main.TestCaseMain.runWSVerificationScript(TestCaseMain.java:127)
	at com.kms.katalon.core.webservice.keyword.builtin.SendRequestAndVerifyKeyword$_sendRequestAndVerify_closure1.doCall(SendRequestAndVerifyKeyword.groovy:55)
	at com.kms.katalon.core.webservice.keyword.builtin.SendRequestAndVerifyKeyword$_sendRequestAndVerify_closure1.call(SendRequestAndVerifyKeyword.groovy)
	at com.kms.katalon.core.keyword.internal.KeywordMain.runKeyword(KeywordMain.groovy:68)
	at com.kms.katalon.core.webservice.keyword.builtin.SendRequestAndVerifyKeyword.sendRequestAndVerify(SendRequestAndVerifyKeyword.groovy:43)
	at com.kms.katalon.core.webservice.keyword.builtin.SendRequestAndVerifyKeyword.execute(SendRequestAndVerifyKeyword.groovy:38)
	at com.kms.katalon.core.keyword.internal.KeywordExecutor.executeKeywordForPlatform(KeywordExecutor.groovy:72)
	at com.kms.katalon.core.webservice.keyword.WSBuiltInKeywords.sendRequestAndVerify(WSBuiltInKeywords.groovy:65)
	at com.kms.katalon.core.webservice.keyword.WSBuiltInKeywords$sendRequestAndVerify.call(Unknown Source)
	at Test_Beams_by_Zip_to_Excel.run(Test_Beams_by_Zip_to_Excel:68)
	at com.kms.katalon.core.main.ScriptEngine.run(ScriptEngine.java:194)
	at com.kms.katalon.core.main.ScriptEngine.runScriptAsRawText(ScriptEngine.java:119)
	at com.kms.katalon.core.main.TestCaseExecutor.runScript(TestCaseExecutor.java:337)
	at com.kms.katalon.core.main.TestCaseExecutor.doExecute(TestCaseExecutor.java:328)
	at com.kms.katalon.core.main.TestCaseExecutor.processExecutionPhase(TestCaseExecutor.java:307)
	at com.kms.katalon.core.main.TestCaseExecutor.accessMainPhase(TestCaseExecutor.java:299)
	at com.kms.katalon.core.main.TestCaseExecutor.execute(TestCaseExecutor.java:233)
	at com.kms.katalon.core.main.TestSuiteExecutor.accessTestCaseMainPhase(TestSuiteExecutor.java:169)
	at com.kms.katalon.core.main.TestSuiteExecutor.accessTestSuiteMainPhase(TestSuiteExecutor.java:142)
	at com.kms.katalon.core.main.TestSuiteExecutor.execute(TestSuiteExecutor.java:91)
	at com.kms.katalon.core.main.TestCaseMain.startTestSuite(TestCaseMain.java:157)
	at com.kms.katalon.core.main.TestCaseMain$startTestSuite$0.call(Unknown Source)
	at TempTestSuite1581113075265.run(TempTestSuite1581113075265.groovy:36)


2020-02-07 15:09:01 - [TEST_STEP][PASSED] - request = getInstance().getCurrentRequest(): null

2020-02-07 15:09:01 - [TEST_STEP][PASSED] - response = getInstance().getCurrentResponse(): null

2020-02-07 15:09:01 - [TEST_STEP][PASSED] - if (!(verifyElementPropertyValue(response, "data.beam", mybeam))): Verify element property value successfully

2020-02-07 15:09:01 - [MESSAGE][PASSED] - Verify element property value successfully

2020-02-07 15:09:01 - [TEST_STEP][PASSED] - else: null

2020-02-07 15:09:01 - [TEST_STEP][PASSED] - beamFail = "P": null

2020-02-07 15:09:01 - [TEST_STEP][FAILED] - if (!(verifyElementPropertyValue(response, "data.product.down", myuff))): null

2020-02-07 15:09:01 - [MESSAGE][FAILED] - Expected element property value '0' is not equal with actual property value '150'

2020-02-07 15:09:01 - [TEST_STEP][PASSED] - uffFail = "F": null

2020-02-07 15:09:01 - [TEST_STEP][PASSED] - jsonSlurper = new groovy.json.JsonSlurper(): null

2020-02-07 15:09:01 - [TEST_STEP][PASSED] - object = jsonSlurper.parseText(response.getResponseText()): null

2020-02-07 15:09:01 - [TEST_STEP][PASSED] - println(object): null

2020-02-07 15:09:01 - [TEST_STEP][PASSED] - mytest = plans: null

2020-02-07 15:09:01 - [TEST_STEP][PASSED] - variable = mytest: null

2020-02-07 15:09:01 - [MESSAGE][FAILED] - Unable to send request and verify the response (Root cause: com.kms.katalon.core.exception.StepFailedException: Verification failed
	at com.kms.katalon.core.webservice.keyword.builtin.SendRequestAndVerifyKeyword$_sendRequestAndVerify_closure1.doCall(SendRequestAndVerifyKeyword.groovy:59)
	at com.kms.katalon.core.webservice.keyword.builtin.SendRequestAndVerifyKeyword$_sendRequestAndVerify_closure1.call(SendRequestAndVerifyKeyword.groovy)
	at com.kms.katalon.core.keyword.internal.KeywordMain.runKeyword(KeywordMain.groovy:68)
	at com.kms.katalon.core.webservice.keyword.builtin.SendRequestAndVerifyKeyword.sendRequestAndVerify(SendRequestAndVerifyKeyword.groovy:43)
	at com.kms.katalon.core.webservice.keyword.builtin.SendRequestAndVerifyKeyword.execute(SendRequestAndVerifyKeyword.groovy:38)
	at com.kms.katalon.core.keyword.internal.KeywordExecutor.executeKeywordForPlatform(KeywordExecutor.groovy:72)
	at com.kms.katalon.core.webservice.keyword.WSBuiltInKeywords.sendRequestAndVerify(WSBuiltInKeywords.groovy:65)
	at com.kms.katalon.core.webservice.keyword.WSBuiltInKeywords$sendRequestAndVerify.call(Unknown Source)
	at Test_Beams_by_Zip_to_Excel.run(Test_Beams_by_Zip_to_Excel:68)
	at com.kms.katalon.core.main.ScriptEngine.run(ScriptEngine.java:194)
	at com.kms.katalon.core.main.ScriptEngine.runScriptAsRawText(ScriptEngine.java:119)
	at com.kms.katalon.core.main.TestCaseExecutor.runScript(TestCaseExecutor.java:337)
	at com.kms.katalon.core.main.TestCaseExecutor.doExecute(TestCaseExecutor.java:328)
	at com.kms.katalon.core.main.TestCaseExecutor.processExecutionPhase(TestCaseExecutor.java:307)
	at com.kms.katalon.core.main.TestCaseExecutor.accessMainPhase(TestCaseExecutor.java:299)
	at com.kms.katalon.core.main.TestCaseExecutor.execute(TestCaseExecutor.java:233)
	at com.kms.katalon.core.main.TestSuiteExecutor.accessTestCaseMainPhase(TestSuiteExecutor.java:169)
	at com.kms.katalon.core.main.TestSuiteExecutor.accessTestSuiteMainPhase(TestSuiteExecutor.java:142)
	at com.kms.katalon.core.main.TestSuiteExecutor.execute(TestSuiteExecutor.java:91)
	at com.kms.katalon.core.main.TestCaseMain.startTestSuite(TestCaseMain.java:157)
	at com.kms.katalon.core.main.TestCaseMain$startTestSuite$0.call(Unknown Source)
	at TempTestSuite1581113075265.run(TempTestSuite1581113075265.groovy:36)
)

2020-02-07 15:09:01 - [TEST_STEP][PASSED] - setValueToCellByAddress(sheet01, "E" + mycount, variable): null

2020-02-07 15:09:01 - [TEST_STEP][PASSED] - saveWorkbook(excelFile01, workbook01): null]]></system-out>
         <system-err><![CDATA[2020-02-07 15:08:59 - [TEST_CASE][FAILED] - Test Cases/Test_Beams_by_Zip_to_Excel: Test Cases/Test_Beams_by_Zip_to_Excel FAILED.
Reason:
com.kms.katalon.core.exception.StepFailedException: Expected element property value '0' is not equal with actual property value '150'
	at com.kms.katalon.core.keyword.internal.KeywordMain.stepFailed(KeywordMain.groovy:39)
	at com.kms.katalon.core.webservice.keyword.builtin.VerifyElementPropertyValueKeyword$_verifyElementPropertyValue_closure1.doCall(VerifyElementPropertyValueKeyword.groovy:56)
	at com.kms.katalon.core.webservice.keyword.builtin.VerifyElementPropertyValueKeyword$_verifyElementPropertyValue_closure1.call(VerifyElementPropertyValueKeyword.groovy)
	at com.kms.katalon.core.keyword.internal.KeywordMain.runKeyword(KeywordMain.groovy:68)
	at com.kms.katalon.core.webservice.keyword.builtin.VerifyElementPropertyValueKeyword.verifyElementPropertyValue(VerifyElementPropertyValueKeyword.groovy:48)
	at com.kms.katalon.core.webservice.keyword.builtin.VerifyElementPropertyValueKeyword.execute(VerifyElementPropertyValueKeyword.groovy:43)
	at com.kms.katalon.core.keyword.internal.KeywordExecutor.executeKeywordForPlatform(KeywordExecutor.groovy:72)
	at com.kms.katalon.core.webservice.keyword.WSBuiltInKeywords.verifyElementPropertyValue(WSBuiltInKeywords.groovy:189)
	at com.kms.katalon.core.webservice.keyword.WSBuiltInKeywords$verifyElementPropertyValue$0.call(Unknown Source)
	at WSVerification1581113341640.run(WSVerification1581113341640:17)
	at com.kms.katalon.core.main.ScriptEngine.run(ScriptEngine.java:194)
	at com.kms.katalon.core.main.ScriptEngine.runScriptAsRawText(ScriptEngine.java:119)
	at com.kms.katalon.core.main.WSVerificationExecutor.runScript(WSVerificationExecutor.java:146)
	at com.kms.katalon.core.main.WSVerificationExecutor.doExecute(WSVerificationExecutor.java:140)
	at com.kms.katalon.core.main.WSVerificationExecutor.processExecutionPhase(WSVerificationExecutor.java:123)
	at com.kms.katalon.core.main.WSVerificationExecutor.accessMainPhase(WSVerificationExecutor.java:115)
	at com.kms.katalon.core.main.WSVerificationExecutor.execute(WSVerificationExecutor.java:103)
	at com.kms.katalon.core.main.TestCaseMain.runWSVerificationScript(TestCaseMain.java:127)
	at com.kms.katalon.core.webservice.keyword.builtin.SendRequestAndVerifyKeyword$_sendRequestAndVerify_closure1.doCall(SendRequestAndVerifyKeyword.groovy:55)
	at com.kms.katalon.core.webservice.keyword.builtin.SendRequestAndVerifyKeyword$_sendRequestAndVerify_closure1.call(SendRequestAndVerifyKeyword.groovy)
	at com.kms.katalon.core.keyword.internal.KeywordMain.runKeyword(KeywordMain.groovy:68)
	at com.kms.katalon.core.webservice.keyword.builtin.SendRequestAndVerifyKeyword.sendRequestAndVerify(SendRequestAndVerifyKeyword.groovy:43)
	at com.kms.katalon.core.webservice.keyword.builtin.SendRequestAndVerifyKeyword.execute(SendRequestAndVerifyKeyword.groovy:38)
	at com.kms.katalon.core.keyword.internal.KeywordExecutor.executeKeywordForPlatform(KeywordExecutor.groovy:72)
	at com.kms.katalon.core.webservice.keyword.WSBuiltInKeywords.sendRequestAndVerify(WSBuiltInKeywords.groovy:65)
	at com.kms.katalon.core.webservice.keyword.WSBuiltInKeywords$sendRequestAndVerify.call(Unknown Source)
	at Test_Beams_by_Zip_to_Excel.run(Test_Beams_by_Zip_to_Excel:68)
	at com.kms.katalon.core.main.ScriptEngine.run(ScriptEngine.java:194)
	at com.kms.katalon.core.main.ScriptEngine.runScriptAsRawText(ScriptEngine.java:119)
	at com.kms.katalon.core.main.TestCaseExecutor.runScript(TestCaseExecutor.java:337)
	at com.kms.katalon.core.main.TestCaseExecutor.doExecute(TestCaseExecutor.java:328)
	at com.kms.katalon.core.main.TestCaseExecutor.processExecutionPhase(TestCaseExecutor.java:307)
	at com.kms.katalon.core.main.TestCaseExecutor.accessMainPhase(TestCaseExecutor.java:299)
	at com.kms.katalon.core.main.TestCaseExecutor.execute(TestCaseExecutor.java:233)
	at com.kms.katalon.core.main.TestSuiteExecutor.accessTestCaseMainPhase(TestSuiteExecutor.java:169)
	at com.kms.katalon.core.main.TestSuiteExecutor.accessTestSuiteMainPhase(TestSuiteExecutor.java:142)
	at com.kms.katalon.core.main.TestSuiteExecutor.execute(TestSuiteExecutor.java:91)
	at com.kms.katalon.core.main.TestCaseMain.startTestSuite(TestCaseMain.java:157)
	at com.kms.katalon.core.main.TestCaseMain$startTestSuite$0.call(Unknown Source)
	at TempTestSuite1581113075265.run(TempTestSuite1581113075265.groovy:36)]]></system-err>
      </testcase>
      <testcase name="Test Cases/Test_Beams_by_Zip_to_Excel" time="2.227" classname="Test Cases/Test_Beams_by_Zip_to_Excel" status="PASSED">
         <system-out><![CDATA[2020-02-07 15:09:01 - [TEST_CASE][PASSED] - Test Cases/Test_Beams_by_Zip_to_Excel: Test Cases/Test_Beams_by_Zip_to_Excel

2020-02-07 15:09:01 - [TEST_STEP][PASSED] - excelFile01 = "beams-test-results.xlsx": null

2020-02-07 15:09:01 - [TEST_STEP][PASSED] - ExpectedListSheetFile1 = ["Sheet1"]: null

2020-02-07 15:09:01 - [TEST_STEP][PASSED] - workbookFile01 = getWorkbook(excelFile01): null

2020-02-07 15:09:01 - [TEST_STEP][PASSED] - workbook01 = getWorkbook(excelFile01): null

2020-02-07 15:09:01 - [TEST_STEP][PASSED] - sheet01 = getExcelSheet(workbook01, "Sheet1"): null

2020-02-07 15:09:01 - [TEST_STEP][PASSED] - setValueToCellByAddress(sheet01, "A1", "TEST"): null

2020-02-07 15:09:01 - [TEST_STEP][PASSED] - setValueToCellByAddress(sheet01, "B1", "BEAM"): null

2020-02-07 15:09:01 - [TEST_STEP][PASSED] - setValueToCellByAddress(sheet01, "C1", "UFF"): null

2020-02-07 15:09:01 - [TEST_STEP][PASSED] - setValueToCellByAddress(sheet01, "D1", "PLAN"): null

2020-02-07 15:09:01 - [TEST_STEP][PASSED] - setValueToCellByAddress(sheet01, "E1", "API PLAN"): null

2020-02-07 15:09:01 - [TEST_STEP][PASSED] - mybeam = mybeam: null

2020-02-07 15:09:01 - [TEST_STEP][PASSED] - myuff = myuff: null

2020-02-07 15:09:01 - [TEST_STEP][PASSED] - myplan = myplan: null

2020-02-07 15:09:01 - [TEST_STEP][PASSED] - log = new com.kms.katalon.core.logging.KeywordLogger(): null

2020-02-07 15:09:01 - [TEST_STEP][PASSED] - log.logWarning("beam " + mybeam + " zip " + myzip + " upfront fees " + myuff + " plan " + myplan): beam 747 zip 97470 upfront fees 0 plan VS2 Best Offer A

2020-02-07 15:09:01 - [MESSAGE][WARNING] - beam 747 zip 97470 upfront fees 0 plan VS2 Best Offer A

2020-02-07 15:09:01 - [TEST_STEP][PASSED] - setValueToCellByAddress(sheet01, "B" + mycount, beamFail): null

2020-02-07 15:09:01 - [TEST_STEP][PASSED] - setValueToCellByAddress(sheet01, "C" + mycount, uffFail): null

2020-02-07 15:09:01 - [TEST_STEP][PASSED] - mycount = mycount + 1: null

2020-02-07 15:09:01 - [TEST_STEP][PASSED] - setValueToCellByAddress(sheet01, "A" + mycount, "beam " + mybeam + " zip " + myzip + " upfront fees " + myuff + " plan " + myplan): null

2020-02-07 15:09:01 - [TEST_STEP][PASSED] - setValueToCellByAddress(sheet01, "D" + mycount, myplan): null

2020-02-07 15:09:01 - [TEST_STEP][PASSED] - sendRequestAndVerify(findTestObject("Exede_Zip", ["myzip":myzip])): Send request and verify the response successfully

2020-02-07 15:09:03 - [MESSAGE][INFO] - HAR: /Users/jhampleman/Katalon Studio/Exede_Beam_Tests_v2.1 copy/Reports/20200207_150435/RUN_Exede_Zip_Test/20200207_150435/requests/main/128.har

2020-02-07 15:09:03 - [TEST_CASE][PASSED] - Start Test Case : Verification: Verification accomplished successfully

2020-02-07 15:09:03 - [TEST_STEP][PASSED] - request = getInstance().getCurrentRequest(): null

2020-02-07 15:09:03 - [TEST_STEP][PASSED] - response = getInstance().getCurrentResponse(): null

2020-02-07 15:09:03 - [TEST_STEP][PASSED] - if (!(verifyElementPropertyValue(response, "data.beam", mybeam))): Verify element property value successfully

2020-02-07 15:09:03 - [MESSAGE][PASSED] - Verify element property value successfully

2020-02-07 15:09:03 - [TEST_STEP][PASSED] - else: null

2020-02-07 15:09:03 - [TEST_STEP][PASSED] - beamFail = "P": null

2020-02-07 15:09:03 - [TEST_STEP][PASSED] - if (!(verifyElementPropertyValue(response, "data.product.down", myuff))): Verify element property value successfully

2020-02-07 15:09:03 - [MESSAGE][PASSED] - Verify element property value successfully

2020-02-07 15:09:03 - [TEST_STEP][PASSED] - else: null

2020-02-07 15:09:03 - [TEST_STEP][PASSED] - uffFail = "P": null

2020-02-07 15:09:03 - [TEST_STEP][PASSED] - jsonSlurper = new groovy.json.JsonSlurper(): null

2020-02-07 15:09:03 - [TEST_STEP][PASSED] - object = jsonSlurper.parseText(response.getResponseText()): null

2020-02-07 15:09:03 - [TEST_STEP][PASSED] - println(object): null

2020-02-07 15:09:03 - [TEST_STEP][PASSED] - mytest = plans: null

2020-02-07 15:09:03 - [TEST_STEP][PASSED] - variable = mytest: null

2020-02-07 15:09:03 - [MESSAGE][PASSED] - Verify response successfully

2020-02-07 15:09:03 - [MESSAGE][PASSED] - Send request and verify the response successfully

2020-02-07 15:09:03 - [TEST_STEP][PASSED] - setValueToCellByAddress(sheet01, "E" + mycount, variable): null

2020-02-07 15:09:03 - [TEST_STEP][PASSED] - saveWorkbook(excelFile01, workbook01): null]]></system-out>
         <system-err><![CDATA[]]></system-err>
      </testcase>
      <testcase name="Test Cases/Test_Beams_by_Zip_to_Excel" time="2.022" classname="Test Cases/Test_Beams_by_Zip_to_Excel" status="PASSED">
         <system-out><![CDATA[2020-02-07 15:09:03 - [TEST_CASE][PASSED] - Test Cases/Test_Beams_by_Zip_to_Excel: Test Cases/Test_Beams_by_Zip_to_Excel

2020-02-07 15:09:03 - [TEST_STEP][PASSED] - excelFile01 = "beams-test-results.xlsx": null

2020-02-07 15:09:03 - [TEST_STEP][PASSED] - ExpectedListSheetFile1 = ["Sheet1"]: null

2020-02-07 15:09:03 - [TEST_STEP][PASSED] - workbookFile01 = getWorkbook(excelFile01): null

2020-02-07 15:09:04 - [TEST_STEP][PASSED] - workbook01 = getWorkbook(excelFile01): null

2020-02-07 15:09:04 - [TEST_STEP][PASSED] - sheet01 = getExcelSheet(workbook01, "Sheet1"): null

2020-02-07 15:09:04 - [TEST_STEP][PASSED] - setValueToCellByAddress(sheet01, "A1", "TEST"): null

2020-02-07 15:09:04 - [TEST_STEP][PASSED] - setValueToCellByAddress(sheet01, "B1", "BEAM"): null

2020-02-07 15:09:04 - [TEST_STEP][PASSED] - setValueToCellByAddress(sheet01, "C1", "UFF"): null

2020-02-07 15:09:04 - [TEST_STEP][PASSED] - setValueToCellByAddress(sheet01, "D1", "PLAN"): null

2020-02-07 15:09:04 - [TEST_STEP][PASSED] - setValueToCellByAddress(sheet01, "E1", "API PLAN"): null

2020-02-07 15:09:04 - [TEST_STEP][PASSED] - mybeam = mybeam: null

2020-02-07 15:09:04 - [TEST_STEP][PASSED] - myuff = myuff: null

2020-02-07 15:09:04 - [TEST_STEP][PASSED] - myplan = myplan: null

2020-02-07 15:09:04 - [TEST_STEP][PASSED] - log = new com.kms.katalon.core.logging.KeywordLogger(): null

2020-02-07 15:09:04 - [TEST_STEP][PASSED] - log.logWarning("beam " + mybeam + " zip " + myzip + " upfront fees " + myuff + " plan " + myplan): beam 749 zip 98901 upfront fees 0 plan VS2 Best Offer A

2020-02-07 15:09:04 - [MESSAGE][WARNING] - beam 749 zip 98901 upfront fees 0 plan VS2 Best Offer A

2020-02-07 15:09:04 - [TEST_STEP][PASSED] - setValueToCellByAddress(sheet01, "B" + mycount, beamFail): null

2020-02-07 15:09:04 - [TEST_STEP][PASSED] - setValueToCellByAddress(sheet01, "C" + mycount, uffFail): null

2020-02-07 15:09:04 - [TEST_STEP][PASSED] - mycount = mycount + 1: null

2020-02-07 15:09:04 - [TEST_STEP][PASSED] - setValueToCellByAddress(sheet01, "A" + mycount, "beam " + mybeam + " zip " + myzip + " upfront fees " + myuff + " plan " + myplan): null

2020-02-07 15:09:04 - [TEST_STEP][PASSED] - setValueToCellByAddress(sheet01, "D" + mycount, myplan): null

2020-02-07 15:09:04 - [TEST_STEP][PASSED] - sendRequestAndVerify(findTestObject("Exede_Zip", ["myzip":myzip])): Send request and verify the response successfully

2020-02-07 15:09:05 - [MESSAGE][INFO] - HAR: /Users/jhampleman/Katalon Studio/Exede_Beam_Tests_v2.1 copy/Reports/20200207_150435/RUN_Exede_Zip_Test/20200207_150435/requests/main/129.har

2020-02-07 15:09:05 - [TEST_CASE][PASSED] - Start Test Case : Verification: Verification accomplished successfully

2020-02-07 15:09:05 - [TEST_STEP][PASSED] - request = getInstance().getCurrentRequest(): null

2020-02-07 15:09:05 - [TEST_STEP][PASSED] - response = getInstance().getCurrentResponse(): null

2020-02-07 15:09:05 - [TEST_STEP][PASSED] - if (!(verifyElementPropertyValue(response, "data.beam", mybeam))): Verify element property value successfully

2020-02-07 15:09:05 - [MESSAGE][PASSED] - Verify element property value successfully

2020-02-07 15:09:05 - [TEST_STEP][PASSED] - else: null

2020-02-07 15:09:05 - [TEST_STEP][PASSED] - beamFail = "P": null

2020-02-07 15:09:05 - [TEST_STEP][PASSED] - if (!(verifyElementPropertyValue(response, "data.product.down", myuff))): Verify element property value successfully

2020-02-07 15:09:05 - [MESSAGE][PASSED] - Verify element property value successfully

2020-02-07 15:09:05 - [TEST_STEP][PASSED] - else: null

2020-02-07 15:09:05 - [TEST_STEP][PASSED] - uffFail = "P": null

2020-02-07 15:09:05 - [TEST_STEP][PASSED] - jsonSlurper = new groovy.json.JsonSlurper(): null

2020-02-07 15:09:05 - [TEST_STEP][PASSED] - object = jsonSlurper.parseText(response.getResponseText()): null

2020-02-07 15:09:05 - [TEST_STEP][PASSED] - println(object): null

2020-02-07 15:09:05 - [TEST_STEP][PASSED] - mytest = plans: null

2020-02-07 15:09:05 - [TEST_STEP][PASSED] - variable = mytest: null

2020-02-07 15:09:05 - [MESSAGE][PASSED] - Verify response successfully

2020-02-07 15:09:05 - [MESSAGE][PASSED] - Send request and verify the response successfully

2020-02-07 15:09:05 - [TEST_STEP][PASSED] - setValueToCellByAddress(sheet01, "E" + mycount, variable): null

2020-02-07 15:09:05 - [TEST_STEP][PASSED] - saveWorkbook(excelFile01, workbook01): null]]></system-out>
         <system-err><![CDATA[]]></system-err>
      </testcase>
      <testcase name="Test Cases/Test_Beams_by_Zip_to_Excel" time="2.247" classname="Test Cases/Test_Beams_by_Zip_to_Excel" status="PASSED">
         <system-out><![CDATA[2020-02-07 15:09:06 - [TEST_CASE][PASSED] - Test Cases/Test_Beams_by_Zip_to_Excel: Test Cases/Test_Beams_by_Zip_to_Excel

2020-02-07 15:09:06 - [TEST_STEP][PASSED] - excelFile01 = "beams-test-results.xlsx": null

2020-02-07 15:09:06 - [TEST_STEP][PASSED] - ExpectedListSheetFile1 = ["Sheet1"]: null

2020-02-07 15:09:06 - [TEST_STEP][PASSED] - workbookFile01 = getWorkbook(excelFile01): null

2020-02-07 15:09:06 - [TEST_STEP][PASSED] - workbook01 = getWorkbook(excelFile01): null

2020-02-07 15:09:06 - [TEST_STEP][PASSED] - sheet01 = getExcelSheet(workbook01, "Sheet1"): null

2020-02-07 15:09:06 - [TEST_STEP][PASSED] - setValueToCellByAddress(sheet01, "A1", "TEST"): null

2020-02-07 15:09:06 - [TEST_STEP][PASSED] - setValueToCellByAddress(sheet01, "B1", "BEAM"): null

2020-02-07 15:09:06 - [TEST_STEP][PASSED] - setValueToCellByAddress(sheet01, "C1", "UFF"): null

2020-02-07 15:09:06 - [TEST_STEP][PASSED] - setValueToCellByAddress(sheet01, "D1", "PLAN"): null

2020-02-07 15:09:06 - [TEST_STEP][PASSED] - setValueToCellByAddress(sheet01, "E1", "API PLAN"): null

2020-02-07 15:09:06 - [TEST_STEP][PASSED] - mybeam = mybeam: null

2020-02-07 15:09:06 - [TEST_STEP][PASSED] - myuff = myuff: null

2020-02-07 15:09:06 - [TEST_STEP][PASSED] - myplan = myplan: null

2020-02-07 15:09:06 - [TEST_STEP][PASSED] - log = new com.kms.katalon.core.logging.KeywordLogger(): null

2020-02-07 15:09:06 - [TEST_STEP][PASSED] - log.logWarning("beam " + mybeam + " zip " + myzip + " upfront fees " + myuff + " plan " + myplan): beam 752 zip 80477 upfront fees 0 plan VS2 Best Offer A

2020-02-07 15:09:06 - [MESSAGE][WARNING] - beam 752 zip 80477 upfront fees 0 plan VS2 Best Offer A

2020-02-07 15:09:06 - [TEST_STEP][PASSED] - setValueToCellByAddress(sheet01, "B" + mycount, beamFail): null

2020-02-07 15:09:06 - [TEST_STEP][PASSED] - setValueToCellByAddress(sheet01, "C" + mycount, uffFail): null

2020-02-07 15:09:06 - [TEST_STEP][PASSED] - mycount = mycount + 1: null

2020-02-07 15:09:06 - [TEST_STEP][PASSED] - setValueToCellByAddress(sheet01, "A" + mycount, "beam " + mybeam + " zip " + myzip + " upfront fees " + myuff + " plan " + myplan): null

2020-02-07 15:09:06 - [TEST_STEP][PASSED] - setValueToCellByAddress(sheet01, "D" + mycount, myplan): null

2020-02-07 15:09:06 - [TEST_STEP][PASSED] - sendRequestAndVerify(findTestObject("Exede_Zip", ["myzip":myzip])): Send request and verify the response successfully

2020-02-07 15:09:08 - [MESSAGE][INFO] - HAR: /Users/jhampleman/Katalon Studio/Exede_Beam_Tests_v2.1 copy/Reports/20200207_150435/RUN_Exede_Zip_Test/20200207_150435/requests/main/130.har

2020-02-07 15:09:08 - [TEST_CASE][PASSED] - Start Test Case : Verification: Verification accomplished successfully

2020-02-07 15:09:08 - [TEST_STEP][PASSED] - request = getInstance().getCurrentRequest(): null

2020-02-07 15:09:08 - [TEST_STEP][PASSED] - response = getInstance().getCurrentResponse(): null

2020-02-07 15:09:08 - [TEST_STEP][PASSED] - if (!(verifyElementPropertyValue(response, "data.beam", mybeam))): Verify element property value successfully

2020-02-07 15:09:08 - [MESSAGE][PASSED] - Verify element property value successfully

2020-02-07 15:09:08 - [TEST_STEP][PASSED] - else: null

2020-02-07 15:09:08 - [TEST_STEP][PASSED] - beamFail = "P": null

2020-02-07 15:09:08 - [TEST_STEP][PASSED] - if (!(verifyElementPropertyValue(response, "data.product.down", myuff))): Verify element property value successfully

2020-02-07 15:09:08 - [MESSAGE][PASSED] - Verify element property value successfully

2020-02-07 15:09:08 - [TEST_STEP][PASSED] - else: null

2020-02-07 15:09:08 - [TEST_STEP][PASSED] - uffFail = "P": null

2020-02-07 15:09:08 - [TEST_STEP][PASSED] - jsonSlurper = new groovy.json.JsonSlurper(): null

2020-02-07 15:09:08 - [TEST_STEP][PASSED] - object = jsonSlurper.parseText(response.getResponseText()): null

2020-02-07 15:09:08 - [TEST_STEP][PASSED] - println(object): null

2020-02-07 15:09:08 - [TEST_STEP][PASSED] - mytest = plans: null

2020-02-07 15:09:08 - [TEST_STEP][PASSED] - variable = mytest: null

2020-02-07 15:09:08 - [MESSAGE][PASSED] - Verify response successfully

2020-02-07 15:09:08 - [MESSAGE][PASSED] - Send request and verify the response successfully

2020-02-07 15:09:08 - [TEST_STEP][PASSED] - setValueToCellByAddress(sheet01, "E" + mycount, variable): null

2020-02-07 15:09:08 - [TEST_STEP][PASSED] - saveWorkbook(excelFile01, workbook01): null]]></system-out>
         <system-err><![CDATA[]]></system-err>
      </testcase>
      <testcase name="Test Cases/Test_Beams_by_Zip_to_Excel" time="2.035" classname="Test Cases/Test_Beams_by_Zip_to_Excel" status="PASSED">
         <system-out><![CDATA[2020-02-07 15:09:08 - [TEST_CASE][PASSED] - Test Cases/Test_Beams_by_Zip_to_Excel: Test Cases/Test_Beams_by_Zip_to_Excel

2020-02-07 15:09:08 - [TEST_STEP][PASSED] - excelFile01 = "beams-test-results.xlsx": null

2020-02-07 15:09:08 - [TEST_STEP][PASSED] - ExpectedListSheetFile1 = ["Sheet1"]: null

2020-02-07 15:09:08 - [TEST_STEP][PASSED] - workbookFile01 = getWorkbook(excelFile01): null

2020-02-07 15:09:08 - [TEST_STEP][PASSED] - workbook01 = getWorkbook(excelFile01): null

2020-02-07 15:09:08 - [TEST_STEP][PASSED] - sheet01 = getExcelSheet(workbook01, "Sheet1"): null

2020-02-07 15:09:08 - [TEST_STEP][PASSED] - setValueToCellByAddress(sheet01, "A1", "TEST"): null

2020-02-07 15:09:08 - [TEST_STEP][PASSED] - setValueToCellByAddress(sheet01, "B1", "BEAM"): null

2020-02-07 15:09:08 - [TEST_STEP][PASSED] - setValueToCellByAddress(sheet01, "C1", "UFF"): null

2020-02-07 15:09:08 - [TEST_STEP][PASSED] - setValueToCellByAddress(sheet01, "D1", "PLAN"): null

2020-02-07 15:09:08 - [TEST_STEP][PASSED] - setValueToCellByAddress(sheet01, "E1", "API PLAN"): null

2020-02-07 15:09:08 - [TEST_STEP][PASSED] - mybeam = mybeam: null

2020-02-07 15:09:08 - [TEST_STEP][PASSED] - myuff = myuff: null

2020-02-07 15:09:08 - [TEST_STEP][PASSED] - myplan = myplan: null

2020-02-07 15:09:08 - [TEST_STEP][PASSED] - log = new com.kms.katalon.core.logging.KeywordLogger(): null

2020-02-07 15:09:08 - [TEST_STEP][PASSED] - log.logWarning("beam " + mybeam + " zip " + myzip + " upfront fees " + myuff + " plan " + myplan): beam 757 zip 76366 upfront fees 0 plan VS2 Standard Offer

2020-02-07 15:09:08 - [MESSAGE][WARNING] - beam 757 zip 76366 upfront fees 0 plan VS2 Standard Offer

2020-02-07 15:09:08 - [TEST_STEP][PASSED] - setValueToCellByAddress(sheet01, "B" + mycount, beamFail): null

2020-02-07 15:09:08 - [TEST_STEP][PASSED] - setValueToCellByAddress(sheet01, "C" + mycount, uffFail): null

2020-02-07 15:09:08 - [TEST_STEP][PASSED] - mycount = mycount + 1: null

2020-02-07 15:09:08 - [TEST_STEP][PASSED] - setValueToCellByAddress(sheet01, "A" + mycount, "beam " + mybeam + " zip " + myzip + " upfront fees " + myuff + " plan " + myplan): null

2020-02-07 15:09:08 - [TEST_STEP][PASSED] - setValueToCellByAddress(sheet01, "D" + mycount, myplan): null

2020-02-07 15:09:08 - [TEST_STEP][PASSED] - sendRequestAndVerify(findTestObject("Exede_Zip", ["myzip":myzip])): Send request and verify the response successfully

2020-02-07 15:09:10 - [MESSAGE][INFO] - HAR: /Users/jhampleman/Katalon Studio/Exede_Beam_Tests_v2.1 copy/Reports/20200207_150435/RUN_Exede_Zip_Test/20200207_150435/requests/main/131.har

2020-02-07 15:09:10 - [TEST_CASE][PASSED] - Start Test Case : Verification: Verification accomplished successfully

2020-02-07 15:09:10 - [TEST_STEP][PASSED] - request = getInstance().getCurrentRequest(): null

2020-02-07 15:09:10 - [TEST_STEP][PASSED] - response = getInstance().getCurrentResponse(): null

2020-02-07 15:09:10 - [TEST_STEP][PASSED] - if (!(verifyElementPropertyValue(response, "data.beam", mybeam))): Verify element property value successfully

2020-02-07 15:09:10 - [MESSAGE][PASSED] - Verify element property value successfully

2020-02-07 15:09:10 - [TEST_STEP][PASSED] - else: null

2020-02-07 15:09:10 - [TEST_STEP][PASSED] - beamFail = "P": null

2020-02-07 15:09:10 - [TEST_STEP][PASSED] - if (!(verifyElementPropertyValue(response, "data.product.down", myuff))): Verify element property value successfully

2020-02-07 15:09:10 - [MESSAGE][PASSED] - Verify element property value successfully

2020-02-07 15:09:10 - [TEST_STEP][PASSED] - else: null

2020-02-07 15:09:10 - [TEST_STEP][PASSED] - uffFail = "P": null

2020-02-07 15:09:10 - [TEST_STEP][PASSED] - jsonSlurper = new groovy.json.JsonSlurper(): null

2020-02-07 15:09:10 - [TEST_STEP][PASSED] - object = jsonSlurper.parseText(response.getResponseText()): null

2020-02-07 15:09:10 - [TEST_STEP][PASSED] - println(object): null

2020-02-07 15:09:10 - [TEST_STEP][PASSED] - mytest = plans: null

2020-02-07 15:09:10 - [TEST_STEP][PASSED] - variable = mytest: null

2020-02-07 15:09:10 - [MESSAGE][PASSED] - Verify response successfully

2020-02-07 15:09:10 - [MESSAGE][PASSED] - Send request and verify the response successfully

2020-02-07 15:09:10 - [TEST_STEP][PASSED] - setValueToCellByAddress(sheet01, "E" + mycount, variable): null

2020-02-07 15:09:10 - [TEST_STEP][PASSED] - saveWorkbook(excelFile01, workbook01): null]]></system-out>
         <system-err><![CDATA[]]></system-err>
      </testcase>
      <testcase name="Test Cases/Test_Beams_by_Zip_to_Excel" time="2.031" classname="Test Cases/Test_Beams_by_Zip_to_Excel" status="PASSED">
         <system-out><![CDATA[2020-02-07 15:09:10 - [TEST_CASE][PASSED] - Test Cases/Test_Beams_by_Zip_to_Excel: Test Cases/Test_Beams_by_Zip_to_Excel

2020-02-07 15:09:10 - [TEST_STEP][PASSED] - excelFile01 = "beams-test-results.xlsx": null

2020-02-07 15:09:10 - [TEST_STEP][PASSED] - ExpectedListSheetFile1 = ["Sheet1"]: null

2020-02-07 15:09:10 - [TEST_STEP][PASSED] - workbookFile01 = getWorkbook(excelFile01): null

2020-02-07 15:09:10 - [TEST_STEP][PASSED] - workbook01 = getWorkbook(excelFile01): null

2020-02-07 15:09:10 - [TEST_STEP][PASSED] - sheet01 = getExcelSheet(workbook01, "Sheet1"): null

2020-02-07 15:09:10 - [TEST_STEP][PASSED] - setValueToCellByAddress(sheet01, "A1", "TEST"): null

2020-02-07 15:09:10 - [TEST_STEP][PASSED] - setValueToCellByAddress(sheet01, "B1", "BEAM"): null

2020-02-07 15:09:10 - [TEST_STEP][PASSED] - setValueToCellByAddress(sheet01, "C1", "UFF"): null

2020-02-07 15:09:10 - [TEST_STEP][PASSED] - setValueToCellByAddress(sheet01, "D1", "PLAN"): null

2020-02-07 15:09:10 - [TEST_STEP][PASSED] - setValueToCellByAddress(sheet01, "E1", "API PLAN"): null

2020-02-07 15:09:10 - [TEST_STEP][PASSED] - mybeam = mybeam: null

2020-02-07 15:09:10 - [TEST_STEP][PASSED] - myuff = myuff: null

2020-02-07 15:09:10 - [TEST_STEP][PASSED] - myplan = myplan: null

2020-02-07 15:09:10 - [TEST_STEP][PASSED] - log = new com.kms.katalon.core.logging.KeywordLogger(): null

2020-02-07 15:09:10 - [TEST_STEP][PASSED] - log.logWarning("beam " + mybeam + " zip " + myzip + " upfront fees " + myuff + " plan " + myplan): beam 771 zip 63703 upfront fees 0 plan VS2 High Fill

2020-02-07 15:09:10 - [MESSAGE][WARNING] - beam 771 zip 63703 upfront fees 0 plan VS2 High Fill

2020-02-07 15:09:10 - [TEST_STEP][PASSED] - setValueToCellByAddress(sheet01, "B" + mycount, beamFail): null

2020-02-07 15:09:10 - [TEST_STEP][PASSED] - setValueToCellByAddress(sheet01, "C" + mycount, uffFail): null

2020-02-07 15:09:10 - [TEST_STEP][PASSED] - mycount = mycount + 1: null

2020-02-07 15:09:10 - [TEST_STEP][PASSED] - setValueToCellByAddress(sheet01, "A" + mycount, "beam " + mybeam + " zip " + myzip + " upfront fees " + myuff + " plan " + myplan): null

2020-02-07 15:09:10 - [TEST_STEP][PASSED] - setValueToCellByAddress(sheet01, "D" + mycount, myplan): null

2020-02-07 15:09:10 - [TEST_STEP][PASSED] - sendRequestAndVerify(findTestObject("Exede_Zip", ["myzip":myzip])): Send request and verify the response successfully

2020-02-07 15:09:12 - [MESSAGE][INFO] - HAR: /Users/jhampleman/Katalon Studio/Exede_Beam_Tests_v2.1 copy/Reports/20200207_150435/RUN_Exede_Zip_Test/20200207_150435/requests/main/132.har

2020-02-07 15:09:12 - [TEST_CASE][PASSED] - Start Test Case : Verification: Verification accomplished successfully

2020-02-07 15:09:12 - [TEST_STEP][PASSED] - request = getInstance().getCurrentRequest(): null

2020-02-07 15:09:12 - [TEST_STEP][PASSED] - response = getInstance().getCurrentResponse(): null

2020-02-07 15:09:12 - [TEST_STEP][PASSED] - if (!(verifyElementPropertyValue(response, "data.beam", mybeam))): Verify element property value successfully

2020-02-07 15:09:12 - [MESSAGE][PASSED] - Verify element property value successfully

2020-02-07 15:09:12 - [TEST_STEP][PASSED] - else: null

2020-02-07 15:09:12 - [TEST_STEP][PASSED] - beamFail = "P": null

2020-02-07 15:09:12 - [TEST_STEP][PASSED] - if (!(verifyElementPropertyValue(response, "data.product.down", myuff))): Verify element property value successfully

2020-02-07 15:09:12 - [MESSAGE][PASSED] - Verify element property value successfully

2020-02-07 15:09:12 - [TEST_STEP][PASSED] - else: null

2020-02-07 15:09:12 - [TEST_STEP][PASSED] - uffFail = "P": null

2020-02-07 15:09:12 - [TEST_STEP][PASSED] - jsonSlurper = new groovy.json.JsonSlurper(): null

2020-02-07 15:09:12 - [TEST_STEP][PASSED] - object = jsonSlurper.parseText(response.getResponseText()): null

2020-02-07 15:09:12 - [TEST_STEP][PASSED] - println(object): null

2020-02-07 15:09:12 - [TEST_STEP][PASSED] - mytest = plans: null

2020-02-07 15:09:12 - [TEST_STEP][PASSED] - variable = mytest: null

2020-02-07 15:09:12 - [MESSAGE][PASSED] - Verify response successfully

2020-02-07 15:09:12 - [MESSAGE][PASSED] - Send request and verify the response successfully

2020-02-07 15:09:12 - [TEST_STEP][PASSED] - setValueToCellByAddress(sheet01, "E" + mycount, variable): null

2020-02-07 15:09:12 - [TEST_STEP][PASSED] - saveWorkbook(excelFile01, workbook01): null]]></system-out>
         <system-err><![CDATA[]]></system-err>
      </testcase>
      <testcase name="Test Cases/Test_Beams_by_Zip_to_Excel" time="1.85" classname="Test Cases/Test_Beams_by_Zip_to_Excel" status="PASSED">
         <system-out><![CDATA[2020-02-07 15:09:12 - [TEST_CASE][PASSED] - Test Cases/Test_Beams_by_Zip_to_Excel: Test Cases/Test_Beams_by_Zip_to_Excel

2020-02-07 15:09:12 - [TEST_STEP][PASSED] - excelFile01 = "beams-test-results.xlsx": null

2020-02-07 15:09:12 - [TEST_STEP][PASSED] - ExpectedListSheetFile1 = ["Sheet1"]: null

2020-02-07 15:09:12 - [TEST_STEP][PASSED] - workbookFile01 = getWorkbook(excelFile01): null

2020-02-07 15:09:12 - [TEST_STEP][PASSED] - workbook01 = getWorkbook(excelFile01): null

2020-02-07 15:09:12 - [TEST_STEP][PASSED] - sheet01 = getExcelSheet(workbook01, "Sheet1"): null

2020-02-07 15:09:12 - [TEST_STEP][PASSED] - setValueToCellByAddress(sheet01, "A1", "TEST"): null

2020-02-07 15:09:12 - [TEST_STEP][PASSED] - setValueToCellByAddress(sheet01, "B1", "BEAM"): null

2020-02-07 15:09:12 - [TEST_STEP][PASSED] - setValueToCellByAddress(sheet01, "C1", "UFF"): null

2020-02-07 15:09:12 - [TEST_STEP][PASSED] - setValueToCellByAddress(sheet01, "D1", "PLAN"): null

2020-02-07 15:09:12 - [TEST_STEP][PASSED] - setValueToCellByAddress(sheet01, "E1", "API PLAN"): null

2020-02-07 15:09:12 - [TEST_STEP][PASSED] - mybeam = mybeam: null

2020-02-07 15:09:12 - [TEST_STEP][PASSED] - myuff = myuff: null

2020-02-07 15:09:12 - [TEST_STEP][PASSED] - myplan = myplan: null

2020-02-07 15:09:12 - [TEST_STEP][PASSED] - log = new com.kms.katalon.core.logging.KeywordLogger(): null

2020-02-07 15:09:12 - [TEST_STEP][PASSED] - log.logWarning("beam " + mybeam + " zip " + myzip + " upfront fees " + myuff + " plan " + myplan): beam 773 zip 61944 upfront fees 0 plan VS2 Standard Offer

2020-02-07 15:09:12 - [MESSAGE][WARNING] - beam 773 zip 61944 upfront fees 0 plan VS2 Standard Offer

2020-02-07 15:09:12 - [TEST_STEP][PASSED] - setValueToCellByAddress(sheet01, "B" + mycount, beamFail): null

2020-02-07 15:09:12 - [TEST_STEP][PASSED] - setValueToCellByAddress(sheet01, "C" + mycount, uffFail): null

2020-02-07 15:09:12 - [TEST_STEP][PASSED] - mycount = mycount + 1: null

2020-02-07 15:09:12 - [TEST_STEP][PASSED] - setValueToCellByAddress(sheet01, "A" + mycount, "beam " + mybeam + " zip " + myzip + " upfront fees " + myuff + " plan " + myplan): null

2020-02-07 15:09:12 - [TEST_STEP][PASSED] - setValueToCellByAddress(sheet01, "D" + mycount, myplan): null

2020-02-07 15:09:12 - [TEST_STEP][PASSED] - sendRequestAndVerify(findTestObject("Exede_Zip", ["myzip":myzip])): Send request and verify the response successfully

2020-02-07 15:09:14 - [MESSAGE][INFO] - HAR: /Users/jhampleman/Katalon Studio/Exede_Beam_Tests_v2.1 copy/Reports/20200207_150435/RUN_Exede_Zip_Test/20200207_150435/requests/main/133.har

2020-02-07 15:09:14 - [TEST_CASE][PASSED] - Start Test Case : Verification: Verification accomplished successfully

2020-02-07 15:09:14 - [TEST_STEP][PASSED] - request = getInstance().getCurrentRequest(): null

2020-02-07 15:09:14 - [TEST_STEP][PASSED] - response = getInstance().getCurrentResponse(): null

2020-02-07 15:09:14 - [TEST_STEP][PASSED] - if (!(verifyElementPropertyValue(response, "data.beam", mybeam))): Verify element property value successfully

2020-02-07 15:09:14 - [MESSAGE][PASSED] - Verify element property value successfully

2020-02-07 15:09:14 - [TEST_STEP][PASSED] - else: null

2020-02-07 15:09:14 - [TEST_STEP][PASSED] - beamFail = "P": null

2020-02-07 15:09:14 - [TEST_STEP][PASSED] - if (!(verifyElementPropertyValue(response, "data.product.down", myuff))): Verify element property value successfully

2020-02-07 15:09:14 - [MESSAGE][PASSED] - Verify element property value successfully

2020-02-07 15:09:14 - [TEST_STEP][PASSED] - else: null

2020-02-07 15:09:14 - [TEST_STEP][PASSED] - uffFail = "P": null

2020-02-07 15:09:14 - [TEST_STEP][PASSED] - jsonSlurper = new groovy.json.JsonSlurper(): null

2020-02-07 15:09:14 - [TEST_STEP][PASSED] - object = jsonSlurper.parseText(response.getResponseText()): null

2020-02-07 15:09:14 - [TEST_STEP][PASSED] - println(object): null

2020-02-07 15:09:14 - [TEST_STEP][PASSED] - mytest = plans: null

2020-02-07 15:09:14 - [TEST_STEP][PASSED] - variable = mytest: null

2020-02-07 15:09:14 - [MESSAGE][PASSED] - Verify response successfully

2020-02-07 15:09:14 - [MESSAGE][PASSED] - Send request and verify the response successfully

2020-02-07 15:09:14 - [TEST_STEP][PASSED] - setValueToCellByAddress(sheet01, "E" + mycount, variable): null

2020-02-07 15:09:14 - [TEST_STEP][PASSED] - saveWorkbook(excelFile01, workbook01): null]]></system-out>
         <system-err><![CDATA[]]></system-err>
      </testcase>
      <testcase name="Test Cases/Test_Beams_by_Zip_to_Excel" time="2.219" classname="Test Cases/Test_Beams_by_Zip_to_Excel" status="PASSED">
         <system-out><![CDATA[2020-02-07 15:09:14 - [TEST_CASE][PASSED] - Test Cases/Test_Beams_by_Zip_to_Excel: Test Cases/Test_Beams_by_Zip_to_Excel

2020-02-07 15:09:14 - [TEST_STEP][PASSED] - excelFile01 = "beams-test-results.xlsx": null

2020-02-07 15:09:14 - [TEST_STEP][PASSED] - ExpectedListSheetFile1 = ["Sheet1"]: null

2020-02-07 15:09:14 - [TEST_STEP][PASSED] - workbookFile01 = getWorkbook(excelFile01): null

2020-02-07 15:09:14 - [TEST_STEP][PASSED] - workbook01 = getWorkbook(excelFile01): null

2020-02-07 15:09:14 - [TEST_STEP][PASSED] - sheet01 = getExcelSheet(workbook01, "Sheet1"): null

2020-02-07 15:09:14 - [TEST_STEP][PASSED] - setValueToCellByAddress(sheet01, "A1", "TEST"): null

2020-02-07 15:09:14 - [TEST_STEP][PASSED] - setValueToCellByAddress(sheet01, "B1", "BEAM"): null

2020-02-07 15:09:14 - [TEST_STEP][PASSED] - setValueToCellByAddress(sheet01, "C1", "UFF"): null

2020-02-07 15:09:14 - [TEST_STEP][PASSED] - setValueToCellByAddress(sheet01, "D1", "PLAN"): null

2020-02-07 15:09:14 - [TEST_STEP][PASSED] - setValueToCellByAddress(sheet01, "E1", "API PLAN"): null

2020-02-07 15:09:14 - [TEST_STEP][PASSED] - mybeam = mybeam: null

2020-02-07 15:09:14 - [TEST_STEP][PASSED] - myuff = myuff: null

2020-02-07 15:09:14 - [TEST_STEP][PASSED] - myplan = myplan: null

2020-02-07 15:09:14 - [TEST_STEP][PASSED] - log = new com.kms.katalon.core.logging.KeywordLogger(): null

2020-02-07 15:09:14 - [TEST_STEP][PASSED] - log.logWarning("beam " + mybeam + " zip " + myzip + " upfront fees " + myuff + " plan " + myplan): beam 774 zip 36832 upfront fees 0 plan VS2 Standard Offer

2020-02-07 15:09:14 - [MESSAGE][WARNING] - beam 774 zip 36832 upfront fees 0 plan VS2 Standard Offer

2020-02-07 15:09:14 - [TEST_STEP][PASSED] - setValueToCellByAddress(sheet01, "B" + mycount, beamFail): null

2020-02-07 15:09:14 - [TEST_STEP][PASSED] - setValueToCellByAddress(sheet01, "C" + mycount, uffFail): null

2020-02-07 15:09:14 - [TEST_STEP][PASSED] - mycount = mycount + 1: null

2020-02-07 15:09:14 - [TEST_STEP][PASSED] - setValueToCellByAddress(sheet01, "A" + mycount, "beam " + mybeam + " zip " + myzip + " upfront fees " + myuff + " plan " + myplan): null

2020-02-07 15:09:14 - [TEST_STEP][PASSED] - setValueToCellByAddress(sheet01, "D" + mycount, myplan): null

2020-02-07 15:09:14 - [TEST_STEP][PASSED] - sendRequestAndVerify(findTestObject("Exede_Zip", ["myzip":myzip])): Send request and verify the response successfully

2020-02-07 15:09:16 - [MESSAGE][INFO] - HAR: /Users/jhampleman/Katalon Studio/Exede_Beam_Tests_v2.1 copy/Reports/20200207_150435/RUN_Exede_Zip_Test/20200207_150435/requests/main/134.har

2020-02-07 15:09:16 - [TEST_CASE][PASSED] - Start Test Case : Verification: Verification accomplished successfully

2020-02-07 15:09:16 - [TEST_STEP][PASSED] - request = getInstance().getCurrentRequest(): null

2020-02-07 15:09:16 - [TEST_STEP][PASSED] - response = getInstance().getCurrentResponse(): null

2020-02-07 15:09:16 - [TEST_STEP][PASSED] - if (!(verifyElementPropertyValue(response, "data.beam", mybeam))): Verify element property value successfully

2020-02-07 15:09:16 - [MESSAGE][PASSED] - Verify element property value successfully

2020-02-07 15:09:16 - [TEST_STEP][PASSED] - else: null

2020-02-07 15:09:16 - [TEST_STEP][PASSED] - beamFail = "P": null

2020-02-07 15:09:16 - [TEST_STEP][PASSED] - if (!(verifyElementPropertyValue(response, "data.product.down", myuff))): Verify element property value successfully

2020-02-07 15:09:16 - [MESSAGE][PASSED] - Verify element property value successfully

2020-02-07 15:09:16 - [TEST_STEP][PASSED] - else: null

2020-02-07 15:09:16 - [TEST_STEP][PASSED] - uffFail = "P": null

2020-02-07 15:09:16 - [TEST_STEP][PASSED] - jsonSlurper = new groovy.json.JsonSlurper(): null

2020-02-07 15:09:16 - [TEST_STEP][PASSED] - object = jsonSlurper.parseText(response.getResponseText()): null

2020-02-07 15:09:16 - [TEST_STEP][PASSED] - println(object): null

2020-02-07 15:09:16 - [TEST_STEP][PASSED] - mytest = plans: null

2020-02-07 15:09:16 - [TEST_STEP][PASSED] - variable = mytest: null

2020-02-07 15:09:16 - [MESSAGE][PASSED] - Verify response successfully

2020-02-07 15:09:16 - [MESSAGE][PASSED] - Send request and verify the response successfully

2020-02-07 15:09:16 - [TEST_STEP][PASSED] - setValueToCellByAddress(sheet01, "E" + mycount, variable): null

2020-02-07 15:09:16 - [TEST_STEP][PASSED] - saveWorkbook(excelFile01, workbook01): null]]></system-out>
         <system-err><![CDATA[]]></system-err>
      </testcase>
      <testcase name="Test Cases/Test_Beams_by_Zip_to_Excel" time="1.973" classname="Test Cases/Test_Beams_by_Zip_to_Excel" status="PASSED">
         <system-out><![CDATA[2020-02-07 15:09:16 - [TEST_CASE][PASSED] - Test Cases/Test_Beams_by_Zip_to_Excel: Test Cases/Test_Beams_by_Zip_to_Excel

2020-02-07 15:09:16 - [TEST_STEP][PASSED] - excelFile01 = "beams-test-results.xlsx": null

2020-02-07 15:09:16 - [TEST_STEP][PASSED] - ExpectedListSheetFile1 = ["Sheet1"]: null

2020-02-07 15:09:16 - [TEST_STEP][PASSED] - workbookFile01 = getWorkbook(excelFile01): null

2020-02-07 15:09:16 - [TEST_STEP][PASSED] - workbook01 = getWorkbook(excelFile01): null

2020-02-07 15:09:16 - [TEST_STEP][PASSED] - sheet01 = getExcelSheet(workbook01, "Sheet1"): null

2020-02-07 15:09:16 - [TEST_STEP][PASSED] - setValueToCellByAddress(sheet01, "A1", "TEST"): null

2020-02-07 15:09:16 - [TEST_STEP][PASSED] - setValueToCellByAddress(sheet01, "B1", "BEAM"): null

2020-02-07 15:09:16 - [TEST_STEP][PASSED] - setValueToCellByAddress(sheet01, "C1", "UFF"): null

2020-02-07 15:09:16 - [TEST_STEP][PASSED] - setValueToCellByAddress(sheet01, "D1", "PLAN"): null

2020-02-07 15:09:16 - [TEST_STEP][PASSED] - setValueToCellByAddress(sheet01, "E1", "API PLAN"): null

2020-02-07 15:09:16 - [TEST_STEP][PASSED] - mybeam = mybeam: null

2020-02-07 15:09:16 - [TEST_STEP][PASSED] - myuff = myuff: null

2020-02-07 15:09:16 - [TEST_STEP][PASSED] - myplan = myplan: null

2020-02-07 15:09:16 - [TEST_STEP][PASSED] - log = new com.kms.katalon.core.logging.KeywordLogger(): null

2020-02-07 15:09:16 - [TEST_STEP][PASSED] - log.logWarning("beam " + mybeam + " zip " + myzip + " upfront fees " + myuff + " plan " + myplan): beam 775 zip 54401 upfront fees 0 plan VS2 Standard Offer

2020-02-07 15:09:16 - [MESSAGE][WARNING] - beam 775 zip 54401 upfront fees 0 plan VS2 Standard Offer

2020-02-07 15:09:16 - [TEST_STEP][PASSED] - setValueToCellByAddress(sheet01, "B" + mycount, beamFail): null

2020-02-07 15:09:16 - [TEST_STEP][PASSED] - setValueToCellByAddress(sheet01, "C" + mycount, uffFail): null

2020-02-07 15:09:16 - [TEST_STEP][PASSED] - mycount = mycount + 1: null

2020-02-07 15:09:16 - [TEST_STEP][PASSED] - setValueToCellByAddress(sheet01, "A" + mycount, "beam " + mybeam + " zip " + myzip + " upfront fees " + myuff + " plan " + myplan): null

2020-02-07 15:09:16 - [TEST_STEP][PASSED] - setValueToCellByAddress(sheet01, "D" + mycount, myplan): null

2020-02-07 15:09:16 - [TEST_STEP][PASSED] - sendRequestAndVerify(findTestObject("Exede_Zip", ["myzip":myzip])): Send request and verify the response successfully

2020-02-07 15:09:18 - [MESSAGE][INFO] - HAR: /Users/jhampleman/Katalon Studio/Exede_Beam_Tests_v2.1 copy/Reports/20200207_150435/RUN_Exede_Zip_Test/20200207_150435/requests/main/135.har

2020-02-07 15:09:18 - [TEST_CASE][PASSED] - Start Test Case : Verification: Verification accomplished successfully

2020-02-07 15:09:18 - [TEST_STEP][PASSED] - request = getInstance().getCurrentRequest(): null

2020-02-07 15:09:18 - [TEST_STEP][PASSED] - response = getInstance().getCurrentResponse(): null

2020-02-07 15:09:18 - [TEST_STEP][PASSED] - if (!(verifyElementPropertyValue(response, "data.beam", mybeam))): Verify element property value successfully

2020-02-07 15:09:18 - [MESSAGE][PASSED] - Verify element property value successfully

2020-02-07 15:09:18 - [TEST_STEP][PASSED] - else: null

2020-02-07 15:09:18 - [TEST_STEP][PASSED] - beamFail = "P": null

2020-02-07 15:09:18 - [TEST_STEP][PASSED] - if (!(verifyElementPropertyValue(response, "data.product.down", myuff))): Verify element property value successfully

2020-02-07 15:09:18 - [MESSAGE][PASSED] - Verify element property value successfully

2020-02-07 15:09:18 - [TEST_STEP][PASSED] - else: null

2020-02-07 15:09:18 - [TEST_STEP][PASSED] - uffFail = "P": null

2020-02-07 15:09:18 - [TEST_STEP][PASSED] - jsonSlurper = new groovy.json.JsonSlurper(): null

2020-02-07 15:09:18 - [TEST_STEP][PASSED] - object = jsonSlurper.parseText(response.getResponseText()): null

2020-02-07 15:09:18 - [TEST_STEP][PASSED] - println(object): null

2020-02-07 15:09:18 - [TEST_STEP][PASSED] - mytest = plans: null

2020-02-07 15:09:18 - [TEST_STEP][PASSED] - variable = mytest: null

2020-02-07 15:09:18 - [MESSAGE][PASSED] - Verify response successfully

2020-02-07 15:09:18 - [MESSAGE][PASSED] - Send request and verify the response successfully

2020-02-07 15:09:18 - [TEST_STEP][PASSED] - setValueToCellByAddress(sheet01, "E" + mycount, variable): null

2020-02-07 15:09:18 - [TEST_STEP][PASSED] - saveWorkbook(excelFile01, workbook01): null]]></system-out>
         <system-err><![CDATA[]]></system-err>
      </testcase>
      <testcase name="Test Cases/Test_Beams_by_Zip_to_Excel" time="1.831" classname="Test Cases/Test_Beams_by_Zip_to_Excel" status="PASSED">
         <system-out><![CDATA[2020-02-07 15:09:18 - [TEST_CASE][PASSED] - Test Cases/Test_Beams_by_Zip_to_Excel: Test Cases/Test_Beams_by_Zip_to_Excel

2020-02-07 15:09:18 - [TEST_STEP][PASSED] - excelFile01 = "beams-test-results.xlsx": null

2020-02-07 15:09:18 - [TEST_STEP][PASSED] - ExpectedListSheetFile1 = ["Sheet1"]: null

2020-02-07 15:09:18 - [TEST_STEP][PASSED] - workbookFile01 = getWorkbook(excelFile01): null

2020-02-07 15:09:18 - [TEST_STEP][PASSED] - workbook01 = getWorkbook(excelFile01): null

2020-02-07 15:09:18 - [TEST_STEP][PASSED] - sheet01 = getExcelSheet(workbook01, "Sheet1"): null

2020-02-07 15:09:18 - [TEST_STEP][PASSED] - setValueToCellByAddress(sheet01, "A1", "TEST"): null

2020-02-07 15:09:18 - [TEST_STEP][PASSED] - setValueToCellByAddress(sheet01, "B1", "BEAM"): null

2020-02-07 15:09:18 - [TEST_STEP][PASSED] - setValueToCellByAddress(sheet01, "C1", "UFF"): null

2020-02-07 15:09:18 - [TEST_STEP][PASSED] - setValueToCellByAddress(sheet01, "D1", "PLAN"): null

2020-02-07 15:09:18 - [TEST_STEP][PASSED] - setValueToCellByAddress(sheet01, "E1", "API PLAN"): null

2020-02-07 15:09:18 - [TEST_STEP][PASSED] - mybeam = mybeam: null

2020-02-07 15:09:18 - [TEST_STEP][PASSED] - myuff = myuff: null

2020-02-07 15:09:18 - [TEST_STEP][PASSED] - myplan = myplan: null

2020-02-07 15:09:18 - [TEST_STEP][PASSED] - log = new com.kms.katalon.core.logging.KeywordLogger(): null

2020-02-07 15:09:18 - [TEST_STEP][PASSED] - log.logWarning("beam " + mybeam + " zip " + myzip + " upfront fees " + myuff + " plan " + myplan): beam 777 zip 31768 upfront fees 0 plan VS2 Best Offer B

2020-02-07 15:09:18 - [MESSAGE][WARNING] - beam 777 zip 31768 upfront fees 0 plan VS2 Best Offer B

2020-02-07 15:09:18 - [TEST_STEP][PASSED] - setValueToCellByAddress(sheet01, "B" + mycount, beamFail): null

2020-02-07 15:09:18 - [TEST_STEP][PASSED] - setValueToCellByAddress(sheet01, "C" + mycount, uffFail): null

2020-02-07 15:09:18 - [TEST_STEP][PASSED] - mycount = mycount + 1: null

2020-02-07 15:09:18 - [TEST_STEP][PASSED] - setValueToCellByAddress(sheet01, "A" + mycount, "beam " + mybeam + " zip " + myzip + " upfront fees " + myuff + " plan " + myplan): null

2020-02-07 15:09:18 - [TEST_STEP][PASSED] - setValueToCellByAddress(sheet01, "D" + mycount, myplan): null

2020-02-07 15:09:18 - [TEST_STEP][PASSED] - sendRequestAndVerify(findTestObject("Exede_Zip", ["myzip":myzip])): Send request and verify the response successfully

2020-02-07 15:09:20 - [MESSAGE][INFO] - HAR: /Users/jhampleman/Katalon Studio/Exede_Beam_Tests_v2.1 copy/Reports/20200207_150435/RUN_Exede_Zip_Test/20200207_150435/requests/main/136.har

2020-02-07 15:09:20 - [TEST_CASE][PASSED] - Start Test Case : Verification: Verification accomplished successfully

2020-02-07 15:09:20 - [TEST_STEP][PASSED] - request = getInstance().getCurrentRequest(): null

2020-02-07 15:09:20 - [TEST_STEP][PASSED] - response = getInstance().getCurrentResponse(): null

2020-02-07 15:09:20 - [TEST_STEP][PASSED] - if (!(verifyElementPropertyValue(response, "data.beam", mybeam))): Verify element property value successfully

2020-02-07 15:09:20 - [MESSAGE][PASSED] - Verify element property value successfully

2020-02-07 15:09:20 - [TEST_STEP][PASSED] - else: null

2020-02-07 15:09:20 - [TEST_STEP][PASSED] - beamFail = "P": null

2020-02-07 15:09:20 - [TEST_STEP][PASSED] - if (!(verifyElementPropertyValue(response, "data.product.down", myuff))): Verify element property value successfully

2020-02-07 15:09:20 - [MESSAGE][PASSED] - Verify element property value successfully

2020-02-07 15:09:20 - [TEST_STEP][PASSED] - else: null

2020-02-07 15:09:20 - [TEST_STEP][PASSED] - uffFail = "P": null

2020-02-07 15:09:20 - [TEST_STEP][PASSED] - jsonSlurper = new groovy.json.JsonSlurper(): null

2020-02-07 15:09:20 - [TEST_STEP][PASSED] - object = jsonSlurper.parseText(response.getResponseText()): null

2020-02-07 15:09:20 - [TEST_STEP][PASSED] - println(object): null

2020-02-07 15:09:20 - [TEST_STEP][PASSED] - mytest = plans: null

2020-02-07 15:09:20 - [TEST_STEP][PASSED] - variable = mytest: null

2020-02-07 15:09:20 - [MESSAGE][PASSED] - Verify response successfully

2020-02-07 15:09:20 - [MESSAGE][PASSED] - Send request and verify the response successfully

2020-02-07 15:09:20 - [TEST_STEP][PASSED] - setValueToCellByAddress(sheet01, "E" + mycount, variable): null

2020-02-07 15:09:20 - [TEST_STEP][PASSED] - saveWorkbook(excelFile01, workbook01): null]]></system-out>
         <system-err><![CDATA[]]></system-err>
      </testcase>
      <testcase name="Test Cases/Test_Beams_by_Zip_to_Excel" time="2.119" classname="Test Cases/Test_Beams_by_Zip_to_Excel" status="PASSED">
         <system-out><![CDATA[2020-02-07 15:09:20 - [TEST_CASE][PASSED] - Test Cases/Test_Beams_by_Zip_to_Excel: Test Cases/Test_Beams_by_Zip_to_Excel

2020-02-07 15:09:20 - [TEST_STEP][PASSED] - excelFile01 = "beams-test-results.xlsx": null

2020-02-07 15:09:20 - [TEST_STEP][PASSED] - ExpectedListSheetFile1 = ["Sheet1"]: null

2020-02-07 15:09:20 - [TEST_STEP][PASSED] - workbookFile01 = getWorkbook(excelFile01): null

2020-02-07 15:09:20 - [TEST_STEP][PASSED] - workbook01 = getWorkbook(excelFile01): null

2020-02-07 15:09:20 - [TEST_STEP][PASSED] - sheet01 = getExcelSheet(workbook01, "Sheet1"): null

2020-02-07 15:09:20 - [TEST_STEP][PASSED] - setValueToCellByAddress(sheet01, "A1", "TEST"): null

2020-02-07 15:09:20 - [TEST_STEP][PASSED] - setValueToCellByAddress(sheet01, "B1", "BEAM"): null

2020-02-07 15:09:20 - [TEST_STEP][PASSED] - setValueToCellByAddress(sheet01, "C1", "UFF"): null

2020-02-07 15:09:20 - [TEST_STEP][PASSED] - setValueToCellByAddress(sheet01, "D1", "PLAN"): null

2020-02-07 15:09:20 - [TEST_STEP][PASSED] - setValueToCellByAddress(sheet01, "E1", "API PLAN"): null

2020-02-07 15:09:20 - [TEST_STEP][PASSED] - mybeam = mybeam: null

2020-02-07 15:09:20 - [TEST_STEP][PASSED] - myuff = myuff: null

2020-02-07 15:09:20 - [TEST_STEP][PASSED] - myplan = myplan: null

2020-02-07 15:09:20 - [TEST_STEP][PASSED] - log = new com.kms.katalon.core.logging.KeywordLogger(): null

2020-02-07 15:09:20 - [TEST_STEP][PASSED] - log.logWarning("beam " + mybeam + " zip " + myzip + " upfront fees " + myuff + " plan " + myplan): beam 778 zip 49892 upfront fees 0 plan VS2 Best Offer B

2020-02-07 15:09:20 - [MESSAGE][WARNING] - beam 778 zip 49892 upfront fees 0 plan VS2 Best Offer B

2020-02-07 15:09:20 - [TEST_STEP][PASSED] - setValueToCellByAddress(sheet01, "B" + mycount, beamFail): null

2020-02-07 15:09:20 - [TEST_STEP][PASSED] - setValueToCellByAddress(sheet01, "C" + mycount, uffFail): null

2020-02-07 15:09:20 - [TEST_STEP][PASSED] - mycount = mycount + 1: null

2020-02-07 15:09:20 - [TEST_STEP][PASSED] - setValueToCellByAddress(sheet01, "A" + mycount, "beam " + mybeam + " zip " + myzip + " upfront fees " + myuff + " plan " + myplan): null

2020-02-07 15:09:20 - [TEST_STEP][PASSED] - setValueToCellByAddress(sheet01, "D" + mycount, myplan): null

2020-02-07 15:09:20 - [TEST_STEP][PASSED] - sendRequestAndVerify(findTestObject("Exede_Zip", ["myzip":myzip])): Send request and verify the response successfully

2020-02-07 15:09:22 - [MESSAGE][INFO] - HAR: /Users/jhampleman/Katalon Studio/Exede_Beam_Tests_v2.1 copy/Reports/20200207_150435/RUN_Exede_Zip_Test/20200207_150435/requests/main/137.har

2020-02-07 15:09:22 - [TEST_CASE][PASSED] - Start Test Case : Verification: Verification accomplished successfully

2020-02-07 15:09:22 - [TEST_STEP][PASSED] - request = getInstance().getCurrentRequest(): null

2020-02-07 15:09:22 - [TEST_STEP][PASSED] - response = getInstance().getCurrentResponse(): null

2020-02-07 15:09:22 - [TEST_STEP][PASSED] - if (!(verifyElementPropertyValue(response, "data.beam", mybeam))): Verify element property value successfully

2020-02-07 15:09:22 - [MESSAGE][PASSED] - Verify element property value successfully

2020-02-07 15:09:22 - [TEST_STEP][PASSED] - else: null

2020-02-07 15:09:22 - [TEST_STEP][PASSED] - beamFail = "P": null

2020-02-07 15:09:22 - [TEST_STEP][PASSED] - if (!(verifyElementPropertyValue(response, "data.product.down", myuff))): Verify element property value successfully

2020-02-07 15:09:22 - [MESSAGE][PASSED] - Verify element property value successfully

2020-02-07 15:09:22 - [TEST_STEP][PASSED] - else: null

2020-02-07 15:09:22 - [TEST_STEP][PASSED] - uffFail = "P": null

2020-02-07 15:09:22 - [TEST_STEP][PASSED] - jsonSlurper = new groovy.json.JsonSlurper(): null

2020-02-07 15:09:22 - [TEST_STEP][PASSED] - object = jsonSlurper.parseText(response.getResponseText()): null

2020-02-07 15:09:22 - [TEST_STEP][PASSED] - println(object): null

2020-02-07 15:09:22 - [TEST_STEP][PASSED] - mytest = plans: null

2020-02-07 15:09:22 - [TEST_STEP][PASSED] - variable = mytest: null

2020-02-07 15:09:22 - [MESSAGE][PASSED] - Verify response successfully

2020-02-07 15:09:22 - [MESSAGE][PASSED] - Send request and verify the response successfully

2020-02-07 15:09:22 - [TEST_STEP][PASSED] - setValueToCellByAddress(sheet01, "E" + mycount, variable): null

2020-02-07 15:09:22 - [TEST_STEP][PASSED] - saveWorkbook(excelFile01, workbook01): null]]></system-out>
         <system-err><![CDATA[]]></system-err>
      </testcase>
      <testcase name="Test Cases/Test_Beams_by_Zip_to_Excel" time="1.858" classname="Test Cases/Test_Beams_by_Zip_to_Excel" status="PASSED">
         <system-out><![CDATA[2020-02-07 15:09:22 - [TEST_CASE][PASSED] - Test Cases/Test_Beams_by_Zip_to_Excel: Test Cases/Test_Beams_by_Zip_to_Excel

2020-02-07 15:09:22 - [TEST_STEP][PASSED] - excelFile01 = "beams-test-results.xlsx": null

2020-02-07 15:09:22 - [TEST_STEP][PASSED] - ExpectedListSheetFile1 = ["Sheet1"]: null

2020-02-07 15:09:22 - [TEST_STEP][PASSED] - workbookFile01 = getWorkbook(excelFile01): null

2020-02-07 15:09:22 - [TEST_STEP][PASSED] - workbook01 = getWorkbook(excelFile01): null

2020-02-07 15:09:22 - [TEST_STEP][PASSED] - sheet01 = getExcelSheet(workbook01, "Sheet1"): null

2020-02-07 15:09:22 - [TEST_STEP][PASSED] - setValueToCellByAddress(sheet01, "A1", "TEST"): null

2020-02-07 15:09:22 - [TEST_STEP][PASSED] - setValueToCellByAddress(sheet01, "B1", "BEAM"): null

2020-02-07 15:09:22 - [TEST_STEP][PASSED] - setValueToCellByAddress(sheet01, "C1", "UFF"): null

2020-02-07 15:09:22 - [TEST_STEP][PASSED] - setValueToCellByAddress(sheet01, "D1", "PLAN"): null

2020-02-07 15:09:22 - [TEST_STEP][PASSED] - setValueToCellByAddress(sheet01, "E1", "API PLAN"): null

2020-02-07 15:09:22 - [TEST_STEP][PASSED] - mybeam = mybeam: null

2020-02-07 15:09:22 - [TEST_STEP][PASSED] - myuff = myuff: null

2020-02-07 15:09:22 - [TEST_STEP][PASSED] - myplan = myplan: null

2020-02-07 15:09:22 - [TEST_STEP][PASSED] - log = new com.kms.katalon.core.logging.KeywordLogger(): null

2020-02-07 15:09:22 - [TEST_STEP][PASSED] - log.logWarning("beam " + mybeam + " zip " + myzip + " upfront fees " + myuff + " plan " + myplan): beam 779 zip 40601 upfront fees 0 plan VS2 Best Offer A

2020-02-07 15:09:22 - [MESSAGE][WARNING] - beam 779 zip 40601 upfront fees 0 plan VS2 Best Offer A

2020-02-07 15:09:22 - [TEST_STEP][PASSED] - setValueToCellByAddress(sheet01, "B" + mycount, beamFail): null

2020-02-07 15:09:22 - [TEST_STEP][PASSED] - setValueToCellByAddress(sheet01, "C" + mycount, uffFail): null

2020-02-07 15:09:22 - [TEST_STEP][PASSED] - mycount = mycount + 1: null

2020-02-07 15:09:22 - [TEST_STEP][PASSED] - setValueToCellByAddress(sheet01, "A" + mycount, "beam " + mybeam + " zip " + myzip + " upfront fees " + myuff + " plan " + myplan): null

2020-02-07 15:09:22 - [TEST_STEP][PASSED] - setValueToCellByAddress(sheet01, "D" + mycount, myplan): null

2020-02-07 15:09:22 - [TEST_STEP][PASSED] - sendRequestAndVerify(findTestObject("Exede_Zip", ["myzip":myzip])): Send request and verify the response successfully

2020-02-07 15:09:24 - [MESSAGE][INFO] - HAR: /Users/jhampleman/Katalon Studio/Exede_Beam_Tests_v2.1 copy/Reports/20200207_150435/RUN_Exede_Zip_Test/20200207_150435/requests/main/138.har

2020-02-07 15:09:24 - [TEST_CASE][PASSED] - Start Test Case : Verification: Verification accomplished successfully

2020-02-07 15:09:24 - [TEST_STEP][PASSED] - request = getInstance().getCurrentRequest(): null

2020-02-07 15:09:24 - [TEST_STEP][PASSED] - response = getInstance().getCurrentResponse(): null

2020-02-07 15:09:24 - [TEST_STEP][PASSED] - if (!(verifyElementPropertyValue(response, "data.beam", mybeam))): Verify element property value successfully

2020-02-07 15:09:24 - [MESSAGE][PASSED] - Verify element property value successfully

2020-02-07 15:09:24 - [TEST_STEP][PASSED] - else: null

2020-02-07 15:09:24 - [TEST_STEP][PASSED] - beamFail = "P": null

2020-02-07 15:09:24 - [TEST_STEP][PASSED] - if (!(verifyElementPropertyValue(response, "data.product.down", myuff))): Verify element property value successfully

2020-02-07 15:09:24 - [MESSAGE][PASSED] - Verify element property value successfully

2020-02-07 15:09:24 - [TEST_STEP][PASSED] - else: null

2020-02-07 15:09:24 - [TEST_STEP][PASSED] - uffFail = "P": null

2020-02-07 15:09:24 - [TEST_STEP][PASSED] - jsonSlurper = new groovy.json.JsonSlurper(): null

2020-02-07 15:09:24 - [TEST_STEP][PASSED] - object = jsonSlurper.parseText(response.getResponseText()): null

2020-02-07 15:09:24 - [TEST_STEP][PASSED] - println(object): null

2020-02-07 15:09:24 - [TEST_STEP][PASSED] - mytest = plans: null

2020-02-07 15:09:24 - [TEST_STEP][PASSED] - variable = mytest: null

2020-02-07 15:09:24 - [MESSAGE][PASSED] - Verify response successfully

2020-02-07 15:09:24 - [MESSAGE][PASSED] - Send request and verify the response successfully

2020-02-07 15:09:24 - [TEST_STEP][PASSED] - setValueToCellByAddress(sheet01, "E" + mycount, variable): null

2020-02-07 15:09:24 - [TEST_STEP][PASSED] - saveWorkbook(excelFile01, workbook01): null]]></system-out>
         <system-err><![CDATA[]]></system-err>
      </testcase>
      <testcase name="Test Cases/Test_Beams_by_Zip_to_Excel" time="1.951" classname="Test Cases/Test_Beams_by_Zip_to_Excel" status="PASSED">
         <system-out><![CDATA[2020-02-07 15:09:24 - [TEST_CASE][PASSED] - Test Cases/Test_Beams_by_Zip_to_Excel: Test Cases/Test_Beams_by_Zip_to_Excel

2020-02-07 15:09:24 - [TEST_STEP][PASSED] - excelFile01 = "beams-test-results.xlsx": null

2020-02-07 15:09:24 - [TEST_STEP][PASSED] - ExpectedListSheetFile1 = ["Sheet1"]: null

2020-02-07 15:09:24 - [TEST_STEP][PASSED] - workbookFile01 = getWorkbook(excelFile01): null

2020-02-07 15:09:24 - [TEST_STEP][PASSED] - workbook01 = getWorkbook(excelFile01): null

2020-02-07 15:09:24 - [TEST_STEP][PASSED] - sheet01 = getExcelSheet(workbook01, "Sheet1"): null

2020-02-07 15:09:24 - [TEST_STEP][PASSED] - setValueToCellByAddress(sheet01, "A1", "TEST"): null

2020-02-07 15:09:24 - [TEST_STEP][PASSED] - setValueToCellByAddress(sheet01, "B1", "BEAM"): null

2020-02-07 15:09:24 - [TEST_STEP][PASSED] - setValueToCellByAddress(sheet01, "C1", "UFF"): null

2020-02-07 15:09:24 - [TEST_STEP][PASSED] - setValueToCellByAddress(sheet01, "D1", "PLAN"): null

2020-02-07 15:09:24 - [TEST_STEP][PASSED] - setValueToCellByAddress(sheet01, "E1", "API PLAN"): null

2020-02-07 15:09:24 - [TEST_STEP][PASSED] - mybeam = mybeam: null

2020-02-07 15:09:24 - [TEST_STEP][PASSED] - myuff = myuff: null

2020-02-07 15:09:24 - [TEST_STEP][PASSED] - myplan = myplan: null

2020-02-07 15:09:24 - [TEST_STEP][PASSED] - log = new com.kms.katalon.core.logging.KeywordLogger(): null

2020-02-07 15:09:24 - [TEST_STEP][PASSED] - log.logWarning("beam " + mybeam + " zip " + myzip + " upfront fees " + myuff + " plan " + myplan): beam 780 zip 46601 upfront fees 0 plan VS2 Best Offer A

2020-02-07 15:09:24 - [MESSAGE][WARNING] - beam 780 zip 46601 upfront fees 0 plan VS2 Best Offer A

2020-02-07 15:09:24 - [TEST_STEP][PASSED] - setValueToCellByAddress(sheet01, "B" + mycount, beamFail): null

2020-02-07 15:09:24 - [TEST_STEP][PASSED] - setValueToCellByAddress(sheet01, "C" + mycount, uffFail): null

2020-02-07 15:09:24 - [TEST_STEP][PASSED] - mycount = mycount + 1: null

2020-02-07 15:09:24 - [TEST_STEP][PASSED] - setValueToCellByAddress(sheet01, "A" + mycount, "beam " + mybeam + " zip " + myzip + " upfront fees " + myuff + " plan " + myplan): null

2020-02-07 15:09:24 - [TEST_STEP][PASSED] - setValueToCellByAddress(sheet01, "D" + mycount, myplan): null

2020-02-07 15:09:24 - [TEST_STEP][PASSED] - sendRequestAndVerify(findTestObject("Exede_Zip", ["myzip":myzip])): Send request and verify the response successfully

2020-02-07 15:09:26 - [MESSAGE][INFO] - HAR: /Users/jhampleman/Katalon Studio/Exede_Beam_Tests_v2.1 copy/Reports/20200207_150435/RUN_Exede_Zip_Test/20200207_150435/requests/main/139.har

2020-02-07 15:09:26 - [TEST_CASE][PASSED] - Start Test Case : Verification: Verification accomplished successfully

2020-02-07 15:09:26 - [TEST_STEP][PASSED] - request = getInstance().getCurrentRequest(): null

2020-02-07 15:09:26 - [TEST_STEP][PASSED] - response = getInstance().getCurrentResponse(): null

2020-02-07 15:09:26 - [TEST_STEP][PASSED] - if (!(verifyElementPropertyValue(response, "data.beam", mybeam))): Verify element property value successfully

2020-02-07 15:09:26 - [MESSAGE][PASSED] - Verify element property value successfully

2020-02-07 15:09:26 - [TEST_STEP][PASSED] - else: null

2020-02-07 15:09:26 - [TEST_STEP][PASSED] - beamFail = "P": null

2020-02-07 15:09:26 - [TEST_STEP][PASSED] - if (!(verifyElementPropertyValue(response, "data.product.down", myuff))): Verify element property value successfully

2020-02-07 15:09:26 - [MESSAGE][PASSED] - Verify element property value successfully

2020-02-07 15:09:26 - [TEST_STEP][PASSED] - else: null

2020-02-07 15:09:26 - [TEST_STEP][PASSED] - uffFail = "P": null

2020-02-07 15:09:26 - [TEST_STEP][PASSED] - jsonSlurper = new groovy.json.JsonSlurper(): null

2020-02-07 15:09:26 - [TEST_STEP][PASSED] - object = jsonSlurper.parseText(response.getResponseText()): null

2020-02-07 15:09:26 - [TEST_STEP][PASSED] - println(object): null

2020-02-07 15:09:26 - [TEST_STEP][PASSED] - mytest = plans: null

2020-02-07 15:09:26 - [TEST_STEP][PASSED] - variable = mytest: null

2020-02-07 15:09:26 - [MESSAGE][PASSED] - Verify response successfully

2020-02-07 15:09:26 - [MESSAGE][PASSED] - Send request and verify the response successfully

2020-02-07 15:09:26 - [TEST_STEP][PASSED] - setValueToCellByAddress(sheet01, "E" + mycount, variable): null

2020-02-07 15:09:26 - [TEST_STEP][PASSED] - saveWorkbook(excelFile01, workbook01): null]]></system-out>
         <system-err><![CDATA[]]></system-err>
      </testcase>
      <testcase name="Test Cases/Test_Beams_by_Zip_to_Excel" time="1.984" classname="Test Cases/Test_Beams_by_Zip_to_Excel" status="PASSED">
         <system-out><![CDATA[2020-02-07 15:09:26 - [TEST_CASE][PASSED] - Test Cases/Test_Beams_by_Zip_to_Excel: Test Cases/Test_Beams_by_Zip_to_Excel

2020-02-07 15:09:26 - [TEST_STEP][PASSED] - excelFile01 = "beams-test-results.xlsx": null

2020-02-07 15:09:26 - [TEST_STEP][PASSED] - ExpectedListSheetFile1 = ["Sheet1"]: null

2020-02-07 15:09:26 - [TEST_STEP][PASSED] - workbookFile01 = getWorkbook(excelFile01): null

2020-02-07 15:09:26 - [TEST_STEP][PASSED] - workbook01 = getWorkbook(excelFile01): null

2020-02-07 15:09:26 - [TEST_STEP][PASSED] - sheet01 = getExcelSheet(workbook01, "Sheet1"): null

2020-02-07 15:09:26 - [TEST_STEP][PASSED] - setValueToCellByAddress(sheet01, "A1", "TEST"): null

2020-02-07 15:09:26 - [TEST_STEP][PASSED] - setValueToCellByAddress(sheet01, "B1", "BEAM"): null

2020-02-07 15:09:26 - [TEST_STEP][PASSED] - setValueToCellByAddress(sheet01, "C1", "UFF"): null

2020-02-07 15:09:26 - [TEST_STEP][PASSED] - setValueToCellByAddress(sheet01, "D1", "PLAN"): null

2020-02-07 15:09:26 - [TEST_STEP][PASSED] - setValueToCellByAddress(sheet01, "E1", "API PLAN"): null

2020-02-07 15:09:26 - [TEST_STEP][PASSED] - mybeam = mybeam: null

2020-02-07 15:09:26 - [TEST_STEP][PASSED] - myuff = myuff: null

2020-02-07 15:09:26 - [TEST_STEP][PASSED] - myplan = myplan: null

2020-02-07 15:09:26 - [TEST_STEP][PASSED] - log = new com.kms.katalon.core.logging.KeywordLogger(): null

2020-02-07 15:09:26 - [TEST_STEP][PASSED] - log.logWarning("beam " + mybeam + " zip " + myzip + " upfront fees " + myuff + " plan " + myplan): beam 781 zip 37938 upfront fees 0 plan VS2 Best Offer B

2020-02-07 15:09:26 - [MESSAGE][WARNING] - beam 781 zip 37938 upfront fees 0 plan VS2 Best Offer B

2020-02-07 15:09:26 - [TEST_STEP][PASSED] - setValueToCellByAddress(sheet01, "B" + mycount, beamFail): null

2020-02-07 15:09:26 - [TEST_STEP][PASSED] - setValueToCellByAddress(sheet01, "C" + mycount, uffFail): null

2020-02-07 15:09:26 - [TEST_STEP][PASSED] - mycount = mycount + 1: null

2020-02-07 15:09:26 - [TEST_STEP][PASSED] - setValueToCellByAddress(sheet01, "A" + mycount, "beam " + mybeam + " zip " + myzip + " upfront fees " + myuff + " plan " + myplan): null

2020-02-07 15:09:26 - [TEST_STEP][PASSED] - setValueToCellByAddress(sheet01, "D" + mycount, myplan): null

2020-02-07 15:09:26 - [TEST_STEP][PASSED] - sendRequestAndVerify(findTestObject("Exede_Zip", ["myzip":myzip])): Send request and verify the response successfully

2020-02-07 15:09:28 - [MESSAGE][INFO] - HAR: /Users/jhampleman/Katalon Studio/Exede_Beam_Tests_v2.1 copy/Reports/20200207_150435/RUN_Exede_Zip_Test/20200207_150435/requests/main/140.har

2020-02-07 15:09:28 - [TEST_CASE][PASSED] - Start Test Case : Verification: Verification accomplished successfully

2020-02-07 15:09:28 - [TEST_STEP][PASSED] - request = getInstance().getCurrentRequest(): null

2020-02-07 15:09:28 - [TEST_STEP][PASSED] - response = getInstance().getCurrentResponse(): null

2020-02-07 15:09:28 - [TEST_STEP][PASSED] - if (!(verifyElementPropertyValue(response, "data.beam", mybeam))): Verify element property value successfully

2020-02-07 15:09:28 - [MESSAGE][PASSED] - Verify element property value successfully

2020-02-07 15:09:28 - [TEST_STEP][PASSED] - else: null

2020-02-07 15:09:28 - [TEST_STEP][PASSED] - beamFail = "P": null

2020-02-07 15:09:28 - [TEST_STEP][PASSED] - if (!(verifyElementPropertyValue(response, "data.product.down", myuff))): Verify element property value successfully

2020-02-07 15:09:28 - [MESSAGE][PASSED] - Verify element property value successfully

2020-02-07 15:09:28 - [TEST_STEP][PASSED] - else: null

2020-02-07 15:09:28 - [TEST_STEP][PASSED] - uffFail = "P": null

2020-02-07 15:09:28 - [TEST_STEP][PASSED] - jsonSlurper = new groovy.json.JsonSlurper(): null

2020-02-07 15:09:28 - [TEST_STEP][PASSED] - object = jsonSlurper.parseText(response.getResponseText()): null

2020-02-07 15:09:28 - [TEST_STEP][PASSED] - println(object): null

2020-02-07 15:09:28 - [TEST_STEP][PASSED] - mytest = plans: null

2020-02-07 15:09:28 - [TEST_STEP][PASSED] - variable = mytest: null

2020-02-07 15:09:28 - [MESSAGE][PASSED] - Verify response successfully

2020-02-07 15:09:28 - [MESSAGE][PASSED] - Send request and verify the response successfully

2020-02-07 15:09:28 - [TEST_STEP][PASSED] - setValueToCellByAddress(sheet01, "E" + mycount, variable): null

2020-02-07 15:09:28 - [TEST_STEP][PASSED] - saveWorkbook(excelFile01, workbook01): null]]></system-out>
         <system-err><![CDATA[]]></system-err>
      </testcase>
      <testcase name="Test Cases/Test_Beams_by_Zip_to_Excel" time="2.686" classname="Test Cases/Test_Beams_by_Zip_to_Excel" status="PASSED">
         <system-out><![CDATA[2020-02-07 15:09:28 - [TEST_CASE][PASSED] - Test Cases/Test_Beams_by_Zip_to_Excel: Test Cases/Test_Beams_by_Zip_to_Excel

2020-02-07 15:09:28 - [TEST_STEP][PASSED] - excelFile01 = "beams-test-results.xlsx": null

2020-02-07 15:09:28 - [TEST_STEP][PASSED] - ExpectedListSheetFile1 = ["Sheet1"]: null

2020-02-07 15:09:28 - [TEST_STEP][PASSED] - workbookFile01 = getWorkbook(excelFile01): null

2020-02-07 15:09:28 - [TEST_STEP][PASSED] - workbook01 = getWorkbook(excelFile01): null

2020-02-07 15:09:28 - [TEST_STEP][PASSED] - sheet01 = getExcelSheet(workbook01, "Sheet1"): null

2020-02-07 15:09:28 - [TEST_STEP][PASSED] - setValueToCellByAddress(sheet01, "A1", "TEST"): null

2020-02-07 15:09:28 - [TEST_STEP][PASSED] - setValueToCellByAddress(sheet01, "B1", "BEAM"): null

2020-02-07 15:09:28 - [TEST_STEP][PASSED] - setValueToCellByAddress(sheet01, "C1", "UFF"): null

2020-02-07 15:09:28 - [TEST_STEP][PASSED] - setValueToCellByAddress(sheet01, "D1", "PLAN"): null

2020-02-07 15:09:28 - [TEST_STEP][PASSED] - setValueToCellByAddress(sheet01, "E1", "API PLAN"): null

2020-02-07 15:09:28 - [TEST_STEP][PASSED] - mybeam = mybeam: null

2020-02-07 15:09:28 - [TEST_STEP][PASSED] - myuff = myuff: null

2020-02-07 15:09:28 - [TEST_STEP][PASSED] - myplan = myplan: null

2020-02-07 15:09:28 - [TEST_STEP][PASSED] - log = new com.kms.katalon.core.logging.KeywordLogger(): null

2020-02-07 15:09:28 - [TEST_STEP][PASSED] - log.logWarning("beam " + mybeam + " zip " + myzip + " upfront fees " + myuff + " plan " + myplan): beam 782 zip 34711 upfront fees 0 plan VS2 Standard Offer

2020-02-07 15:09:28 - [MESSAGE][WARNING] - beam 782 zip 34711 upfront fees 0 plan VS2 Standard Offer

2020-02-07 15:09:28 - [TEST_STEP][PASSED] - setValueToCellByAddress(sheet01, "B" + mycount, beamFail): null

2020-02-07 15:09:28 - [TEST_STEP][PASSED] - setValueToCellByAddress(sheet01, "C" + mycount, uffFail): null

2020-02-07 15:09:28 - [TEST_STEP][PASSED] - mycount = mycount + 1: null

2020-02-07 15:09:28 - [TEST_STEP][PASSED] - setValueToCellByAddress(sheet01, "A" + mycount, "beam " + mybeam + " zip " + myzip + " upfront fees " + myuff + " plan " + myplan): null

2020-02-07 15:09:28 - [TEST_STEP][PASSED] - setValueToCellByAddress(sheet01, "D" + mycount, myplan): null

2020-02-07 15:09:28 - [TEST_STEP][PASSED] - sendRequestAndVerify(findTestObject("Exede_Zip", ["myzip":myzip])): Send request and verify the response successfully

2020-02-07 15:09:31 - [MESSAGE][INFO] - HAR: /Users/jhampleman/Katalon Studio/Exede_Beam_Tests_v2.1 copy/Reports/20200207_150435/RUN_Exede_Zip_Test/20200207_150435/requests/main/141.har

2020-02-07 15:09:31 - [TEST_CASE][PASSED] - Start Test Case : Verification: Verification accomplished successfully

2020-02-07 15:09:31 - [TEST_STEP][PASSED] - request = getInstance().getCurrentRequest(): null

2020-02-07 15:09:31 - [TEST_STEP][PASSED] - response = getInstance().getCurrentResponse(): null

2020-02-07 15:09:31 - [TEST_STEP][PASSED] - if (!(verifyElementPropertyValue(response, "data.beam", mybeam))): Verify element property value successfully

2020-02-07 15:09:31 - [MESSAGE][PASSED] - Verify element property value successfully

2020-02-07 15:09:31 - [TEST_STEP][PASSED] - else: null

2020-02-07 15:09:31 - [TEST_STEP][PASSED] - beamFail = "P": null

2020-02-07 15:09:31 - [TEST_STEP][PASSED] - if (!(verifyElementPropertyValue(response, "data.product.down", myuff))): Verify element property value successfully

2020-02-07 15:09:31 - [MESSAGE][PASSED] - Verify element property value successfully

2020-02-07 15:09:31 - [TEST_STEP][PASSED] - else: null

2020-02-07 15:09:31 - [TEST_STEP][PASSED] - uffFail = "P": null

2020-02-07 15:09:31 - [TEST_STEP][PASSED] - jsonSlurper = new groovy.json.JsonSlurper(): null

2020-02-07 15:09:31 - [TEST_STEP][PASSED] - object = jsonSlurper.parseText(response.getResponseText()): null

2020-02-07 15:09:31 - [TEST_STEP][PASSED] - println(object): null

2020-02-07 15:09:31 - [TEST_STEP][PASSED] - mytest = plans: null

2020-02-07 15:09:31 - [TEST_STEP][PASSED] - variable = mytest: null

2020-02-07 15:09:31 - [MESSAGE][PASSED] - Verify response successfully

2020-02-07 15:09:31 - [MESSAGE][PASSED] - Send request and verify the response successfully

2020-02-07 15:09:31 - [TEST_STEP][PASSED] - setValueToCellByAddress(sheet01, "E" + mycount, variable): null

2020-02-07 15:09:31 - [TEST_STEP][PASSED] - saveWorkbook(excelFile01, workbook01): null]]></system-out>
         <system-err><![CDATA[]]></system-err>
      </testcase>
      <testcase name="Test Cases/Test_Beams_by_Zip_to_Excel" time="2.039" classname="Test Cases/Test_Beams_by_Zip_to_Excel" status="PASSED">
         <system-out><![CDATA[2020-02-07 15:09:31 - [TEST_CASE][PASSED] - Test Cases/Test_Beams_by_Zip_to_Excel: Test Cases/Test_Beams_by_Zip_to_Excel

2020-02-07 15:09:31 - [TEST_STEP][PASSED] - excelFile01 = "beams-test-results.xlsx": null

2020-02-07 15:09:31 - [TEST_STEP][PASSED] - ExpectedListSheetFile1 = ["Sheet1"]: null

2020-02-07 15:09:31 - [TEST_STEP][PASSED] - workbookFile01 = getWorkbook(excelFile01): null

2020-02-07 15:09:31 - [TEST_STEP][PASSED] - workbook01 = getWorkbook(excelFile01): null

2020-02-07 15:09:31 - [TEST_STEP][PASSED] - sheet01 = getExcelSheet(workbook01, "Sheet1"): null

2020-02-07 15:09:31 - [TEST_STEP][PASSED] - setValueToCellByAddress(sheet01, "A1", "TEST"): null

2020-02-07 15:09:31 - [TEST_STEP][PASSED] - setValueToCellByAddress(sheet01, "B1", "BEAM"): null

2020-02-07 15:09:31 - [TEST_STEP][PASSED] - setValueToCellByAddress(sheet01, "C1", "UFF"): null

2020-02-07 15:09:31 - [TEST_STEP][PASSED] - setValueToCellByAddress(sheet01, "D1", "PLAN"): null

2020-02-07 15:09:31 - [TEST_STEP][PASSED] - setValueToCellByAddress(sheet01, "E1", "API PLAN"): null

2020-02-07 15:09:31 - [TEST_STEP][PASSED] - mybeam = mybeam: null

2020-02-07 15:09:31 - [TEST_STEP][PASSED] - myuff = myuff: null

2020-02-07 15:09:31 - [TEST_STEP][PASSED] - myplan = myplan: null

2020-02-07 15:09:31 - [TEST_STEP][PASSED] - log = new com.kms.katalon.core.logging.KeywordLogger(): null

2020-02-07 15:09:31 - [TEST_STEP][PASSED] - log.logWarning("beam " + mybeam + " zip " + myzip + " upfront fees " + myuff + " plan " + myplan): beam 782 zip 32102 upfront fees 0 plan VS2 Standard Offer

2020-02-07 15:09:31 - [MESSAGE][WARNING] - beam 782 zip 32102 upfront fees 0 plan VS2 Standard Offer

2020-02-07 15:09:31 - [TEST_STEP][PASSED] - setValueToCellByAddress(sheet01, "B" + mycount, beamFail): null

2020-02-07 15:09:31 - [TEST_STEP][PASSED] - setValueToCellByAddress(sheet01, "C" + mycount, uffFail): null

2020-02-07 15:09:31 - [TEST_STEP][PASSED] - mycount = mycount + 1: null

2020-02-07 15:09:31 - [TEST_STEP][PASSED] - setValueToCellByAddress(sheet01, "A" + mycount, "beam " + mybeam + " zip " + myzip + " upfront fees " + myuff + " plan " + myplan): null

2020-02-07 15:09:31 - [TEST_STEP][PASSED] - setValueToCellByAddress(sheet01, "D" + mycount, myplan): null

2020-02-07 15:09:31 - [TEST_STEP][PASSED] - sendRequestAndVerify(findTestObject("Exede_Zip", ["myzip":myzip])): Send request and verify the response successfully

2020-02-07 15:09:33 - [MESSAGE][INFO] - HAR: /Users/jhampleman/Katalon Studio/Exede_Beam_Tests_v2.1 copy/Reports/20200207_150435/RUN_Exede_Zip_Test/20200207_150435/requests/main/142.har

2020-02-07 15:09:33 - [TEST_CASE][PASSED] - Start Test Case : Verification: Verification accomplished successfully

2020-02-07 15:09:33 - [TEST_STEP][PASSED] - request = getInstance().getCurrentRequest(): null

2020-02-07 15:09:33 - [TEST_STEP][PASSED] - response = getInstance().getCurrentResponse(): null

2020-02-07 15:09:33 - [TEST_STEP][PASSED] - if (!(verifyElementPropertyValue(response, "data.beam", mybeam))): Verify element property value successfully

2020-02-07 15:09:33 - [MESSAGE][PASSED] - Verify element property value successfully

2020-02-07 15:09:33 - [TEST_STEP][PASSED] - else: null

2020-02-07 15:09:33 - [TEST_STEP][PASSED] - beamFail = "P": null

2020-02-07 15:09:33 - [TEST_STEP][PASSED] - if (!(verifyElementPropertyValue(response, "data.product.down", myuff))): Verify element property value successfully

2020-02-07 15:09:33 - [MESSAGE][PASSED] - Verify element property value successfully

2020-02-07 15:09:33 - [TEST_STEP][PASSED] - else: null

2020-02-07 15:09:33 - [TEST_STEP][PASSED] - uffFail = "P": null

2020-02-07 15:09:33 - [TEST_STEP][PASSED] - jsonSlurper = new groovy.json.JsonSlurper(): null

2020-02-07 15:09:33 - [TEST_STEP][PASSED] - object = jsonSlurper.parseText(response.getResponseText()): null

2020-02-07 15:09:33 - [TEST_STEP][PASSED] - println(object): null

2020-02-07 15:09:33 - [TEST_STEP][PASSED] - mytest = plans: null

2020-02-07 15:09:33 - [TEST_STEP][PASSED] - variable = mytest: null

2020-02-07 15:09:33 - [MESSAGE][PASSED] - Verify response successfully

2020-02-07 15:09:33 - [MESSAGE][PASSED] - Send request and verify the response successfully

2020-02-07 15:09:33 - [TEST_STEP][PASSED] - setValueToCellByAddress(sheet01, "E" + mycount, variable): null

2020-02-07 15:09:33 - [TEST_STEP][PASSED] - saveWorkbook(excelFile01, workbook01): null]]></system-out>
         <system-err><![CDATA[]]></system-err>
      </testcase>
      <testcase name="Test Cases/Test_Beams_by_Zip_to_Excel" time="1.839" classname="Test Cases/Test_Beams_by_Zip_to_Excel" status="PASSED">
         <system-out><![CDATA[2020-02-07 15:09:33 - [TEST_CASE][PASSED] - Test Cases/Test_Beams_by_Zip_to_Excel: Test Cases/Test_Beams_by_Zip_to_Excel

2020-02-07 15:09:33 - [TEST_STEP][PASSED] - excelFile01 = "beams-test-results.xlsx": null

2020-02-07 15:09:33 - [TEST_STEP][PASSED] - ExpectedListSheetFile1 = ["Sheet1"]: null

2020-02-07 15:09:33 - [TEST_STEP][PASSED] - workbookFile01 = getWorkbook(excelFile01): null

2020-02-07 15:09:33 - [TEST_STEP][PASSED] - workbook01 = getWorkbook(excelFile01): null

2020-02-07 15:09:33 - [TEST_STEP][PASSED] - sheet01 = getExcelSheet(workbook01, "Sheet1"): null

2020-02-07 15:09:33 - [TEST_STEP][PASSED] - setValueToCellByAddress(sheet01, "A1", "TEST"): null

2020-02-07 15:09:33 - [TEST_STEP][PASSED] - setValueToCellByAddress(sheet01, "B1", "BEAM"): null

2020-02-07 15:09:33 - [TEST_STEP][PASSED] - setValueToCellByAddress(sheet01, "C1", "UFF"): null

2020-02-07 15:09:33 - [TEST_STEP][PASSED] - setValueToCellByAddress(sheet01, "D1", "PLAN"): null

2020-02-07 15:09:33 - [TEST_STEP][PASSED] - setValueToCellByAddress(sheet01, "E1", "API PLAN"): null

2020-02-07 15:09:33 - [TEST_STEP][PASSED] - mybeam = mybeam: null

2020-02-07 15:09:33 - [TEST_STEP][PASSED] - myuff = myuff: null

2020-02-07 15:09:33 - [TEST_STEP][PASSED] - myplan = myplan: null

2020-02-07 15:09:33 - [TEST_STEP][PASSED] - log = new com.kms.katalon.core.logging.KeywordLogger(): null

2020-02-07 15:09:33 - [TEST_STEP][PASSED] - log.logWarning("beam " + mybeam + " zip " + myzip + " upfront fees " + myuff + " plan " + myplan): beam 711 zip 80403 upfront fees 0 plan END

2020-02-07 15:09:33 - [MESSAGE][WARNING] - beam 711 zip 80403 upfront fees 0 plan END

2020-02-07 15:09:33 - [TEST_STEP][PASSED] - setValueToCellByAddress(sheet01, "B" + mycount, beamFail): null

2020-02-07 15:09:33 - [TEST_STEP][PASSED] - setValueToCellByAddress(sheet01, "C" + mycount, uffFail): null

2020-02-07 15:09:33 - [TEST_STEP][PASSED] - mycount = mycount + 1: null

2020-02-07 15:09:33 - [TEST_STEP][PASSED] - setValueToCellByAddress(sheet01, "A" + mycount, "beam " + mybeam + " zip " + myzip + " upfront fees " + myuff + " plan " + myplan): null

2020-02-07 15:09:33 - [TEST_STEP][PASSED] - setValueToCellByAddress(sheet01, "D" + mycount, myplan): null

2020-02-07 15:09:33 - [TEST_STEP][PASSED] - sendRequestAndVerify(findTestObject("Exede_Zip", ["myzip":myzip])): Send request and verify the response successfully

2020-02-07 15:09:35 - [MESSAGE][INFO] - HAR: /Users/jhampleman/Katalon Studio/Exede_Beam_Tests_v2.1 copy/Reports/20200207_150435/RUN_Exede_Zip_Test/20200207_150435/requests/main/143.har

2020-02-07 15:09:35 - [TEST_CASE][PASSED] - Start Test Case : Verification: Verification accomplished successfully

2020-02-07 15:09:35 - [TEST_STEP][PASSED] - request = getInstance().getCurrentRequest(): null

2020-02-07 15:09:35 - [TEST_STEP][PASSED] - response = getInstance().getCurrentResponse(): null

2020-02-07 15:09:35 - [TEST_STEP][PASSED] - if (!(verifyElementPropertyValue(response, "data.beam", mybeam))): Verify element property value successfully

2020-02-07 15:09:35 - [MESSAGE][PASSED] - Verify element property value successfully

2020-02-07 15:09:35 - [TEST_STEP][PASSED] - else: null

2020-02-07 15:09:35 - [TEST_STEP][PASSED] - beamFail = "P": null

2020-02-07 15:09:35 - [TEST_STEP][PASSED] - if (!(verifyElementPropertyValue(response, "data.product.down", myuff))): Verify element property value successfully

2020-02-07 15:09:35 - [MESSAGE][PASSED] - Verify element property value successfully

2020-02-07 15:09:35 - [TEST_STEP][PASSED] - else: null

2020-02-07 15:09:35 - [TEST_STEP][PASSED] - uffFail = "P": null

2020-02-07 15:09:35 - [TEST_STEP][PASSED] - jsonSlurper = new groovy.json.JsonSlurper(): null

2020-02-07 15:09:35 - [TEST_STEP][PASSED] - object = jsonSlurper.parseText(response.getResponseText()): null

2020-02-07 15:09:35 - [TEST_STEP][PASSED] - println(object): null

2020-02-07 15:09:35 - [TEST_STEP][PASSED] - mytest = plans: null

2020-02-07 15:09:35 - [TEST_STEP][PASSED] - variable = mytest: null

2020-02-07 15:09:35 - [MESSAGE][PASSED] - Verify response successfully

2020-02-07 15:09:35 - [MESSAGE][PASSED] - Send request and verify the response successfully

2020-02-07 15:09:35 - [TEST_STEP][PASSED] - setValueToCellByAddress(sheet01, "E" + mycount, variable): null

2020-02-07 15:09:35 - [TEST_STEP][PASSED] - saveWorkbook(excelFile01, workbook01): null]]></system-out>
         <system-err><![CDATA[]]></system-err>
      </testcase>
      <system-out><![CDATA[2020-02-07 15:04:37 - [TEST_SUITE][FAILED] - RUN_Exede_Zip_Test: Test Cases/Test_Beams_by_Zip_to_Excel FAILED.
Reason:
com.kms.katalon.core.exception.StepFailedException: Expected element property value '372' is not equal with actual property value 'null'
	at com.kms.katalon.core.keyword.internal.KeywordMain.stepFailed(KeywordMain.groovy:39)
	at com.kms.katalon.core.webservice.keyword.builtin.VerifyElementPropertyValueKeyword$_verifyElementPropertyValue_closure1.doCall(VerifyElementPropertyValueKeyword.groovy:56)
	at com.kms.katalon.core.webservice.keyword.builtin.VerifyElementPropertyValueKeyword$_verifyElementPropertyValue_closure1.call(VerifyElementPropertyValueKeyword.groovy)
	at com.kms.katalon.core.keyword.internal.KeywordMain.runKeyword(KeywordMain.groovy:68)
	at com.kms.katalon.core.webservice.keyword.builtin.VerifyElementPropertyValueKeyword.verifyElementPropertyValue(VerifyElementPropertyValueKeyword.groovy:48)
	at com.kms.katalon.core.webservice.keyword.builtin.VerifyElementPropertyValueKeyword.execute(VerifyElementPropertyValueKeyword.groovy:43)
	at com.kms.katalon.core.keyword.internal.KeywordExecutor.executeKeywordForPlatform(KeywordExecutor.groovy:72)
	at com.kms.katalon.core.webservice.keyword.WSBuiltInKeywords.verifyElementPropertyValue(WSBuiltInKeywords.groovy:189)
	at com.kms.katalon.core.webservice.keyword.WSBuiltInKeywords$verifyElementPropertyValue$0.call(Unknown Source)
	at WSVerification1581113188855.run(WSVerification1581113188855:16)
	at com.kms.katalon.core.main.ScriptEngine.run(ScriptEngine.java:194)
	at com.kms.katalon.core.main.ScriptEngine.runScriptAsRawText(ScriptEngine.java:119)
	at com.kms.katalon.core.main.WSVerificationExecutor.runScript(WSVerificationExecutor.java:146)
	at com.kms.katalon.core.main.WSVerificationExecutor.doExecute(WSVerificationExecutor.java:140)
	at com.kms.katalon.core.main.WSVerificationExecutor.processExecutionPhase(WSVerificationExecutor.java:123)
	at com.kms.katalon.core.main.WSVerificationExecutor.accessMainPhase(WSVerificationExecutor.java:115)
	at com.kms.katalon.core.main.WSVerificationExecutor.execute(WSVerificationExecutor.java:103)
	at com.kms.katalon.core.main.TestCaseMain.runWSVerificationScript(TestCaseMain.java:127)
	at com.kms.katalon.core.webservice.keyword.builtin.SendRequestAndVerifyKeyword$_sendRequestAndVerify_closure1.doCall(SendRequestAndVerifyKeyword.groovy:55)
	at com.kms.katalon.core.webservice.keyword.builtin.SendRequestAndVerifyKeyword$_sendRequestAndVerify_closure1.call(SendRequestAndVerifyKeyword.groovy)
	at com.kms.katalon.core.keyword.internal.KeywordMain.runKeyword(KeywordMain.groovy:68)
	at com.kms.katalon.core.webservice.keyword.builtin.SendRequestAndVerifyKeyword.sendRequestAndVerify(SendRequestAndVerifyKeyword.groovy:43)
	at com.kms.katalon.core.webservice.keyword.builtin.SendRequestAndVerifyKeyword.execute(SendRequestAndVerifyKeyword.groovy:38)
	at com.kms.katalon.core.keyword.internal.KeywordExecutor.executeKeywordForPlatform(KeywordExecutor.groovy:72)
	at com.kms.katalon.core.webservice.keyword.WSBuiltInKeywords.sendRequestAndVerify(WSBuiltInKeywords.groovy:65)
	at com.kms.katalon.core.webservice.keyword.WSBuiltInKeywords$sendRequestAndVerify.call(Unknown Source)
	at Test_Beams_by_Zip_to_Excel.run(Test_Beams_by_Zip_to_Excel:68)
	at com.kms.katalon.core.main.ScriptEngine.run(ScriptEngine.java:194)
	at com.kms.katalon.core.main.ScriptEngine.runScriptAsRawText(ScriptEngine.java:119)
	at com.kms.katalon.core.main.TestCaseExecutor.runScript(TestCaseExecutor.java:337)
	at com.kms.katalon.core.main.TestCaseExecutor.doExecute(TestCaseExecutor.java:328)
	at com.kms.katalon.core.main.TestCaseExecutor.processExecutionPhase(TestCaseExecutor.java:307)
	at com.kms.katalon.core.main.TestCaseExecutor.accessMainPhase(TestCaseExecutor.java:299)
	at com.kms.katalon.core.main.TestCaseExecutor.execute(TestCaseExecutor.java:233)
	at com.kms.katalon.core.main.TestSuiteExecutor.accessTestCaseMainPhase(TestSuiteExecutor.java:169)
	at com.kms.katalon.core.main.TestSuiteExecutor.accessTestSuiteMainPhase(TestSuiteExecutor.java:142)
	at com.kms.katalon.core.main.TestSuiteExecutor.execute(TestSuiteExecutor.java:91)
	at com.kms.katalon.core.main.TestCaseMain.startTestSuite(TestCaseMain.java:157)
	at com.kms.katalon.core.main.TestCaseMain$startTestSuite$0.call(Unknown Source)
	at TempTestSuite1581113075265.run(TempTestSuite1581113075265.groovy:36)]]></system-out>
      <system-err><![CDATA[2020-02-07 15:04:37 - [TEST_SUITE][FAILED] - RUN_Exede_Zip_Test: Test Cases/Test_Beams_by_Zip_to_Excel FAILED.
Reason:
com.kms.katalon.core.exception.StepFailedException: Expected element property value '372' is not equal with actual property value 'null'
	at com.kms.katalon.core.keyword.internal.KeywordMain.stepFailed(KeywordMain.groovy:39)
	at com.kms.katalon.core.webservice.keyword.builtin.VerifyElementPropertyValueKeyword$_verifyElementPropertyValue_closure1.doCall(VerifyElementPropertyValueKeyword.groovy:56)
	at com.kms.katalon.core.webservice.keyword.builtin.VerifyElementPropertyValueKeyword$_verifyElementPropertyValue_closure1.call(VerifyElementPropertyValueKeyword.groovy)
	at com.kms.katalon.core.keyword.internal.KeywordMain.runKeyword(KeywordMain.groovy:68)
	at com.kms.katalon.core.webservice.keyword.builtin.VerifyElementPropertyValueKeyword.verifyElementPropertyValue(VerifyElementPropertyValueKeyword.groovy:48)
	at com.kms.katalon.core.webservice.keyword.builtin.VerifyElementPropertyValueKeyword.execute(VerifyElementPropertyValueKeyword.groovy:43)
	at com.kms.katalon.core.keyword.internal.KeywordExecutor.executeKeywordForPlatform(KeywordExecutor.groovy:72)
	at com.kms.katalon.core.webservice.keyword.WSBuiltInKeywords.verifyElementPropertyValue(WSBuiltInKeywords.groovy:189)
	at com.kms.katalon.core.webservice.keyword.WSBuiltInKeywords$verifyElementPropertyValue$0.call(Unknown Source)
	at WSVerification1581113188855.run(WSVerification1581113188855:16)
	at com.kms.katalon.core.main.ScriptEngine.run(ScriptEngine.java:194)
	at com.kms.katalon.core.main.ScriptEngine.runScriptAsRawText(ScriptEngine.java:119)
	at com.kms.katalon.core.main.WSVerificationExecutor.runScript(WSVerificationExecutor.java:146)
	at com.kms.katalon.core.main.WSVerificationExecutor.doExecute(WSVerificationExecutor.java:140)
	at com.kms.katalon.core.main.WSVerificationExecutor.processExecutionPhase(WSVerificationExecutor.java:123)
	at com.kms.katalon.core.main.WSVerificationExecutor.accessMainPhase(WSVerificationExecutor.java:115)
	at com.kms.katalon.core.main.WSVerificationExecutor.execute(WSVerificationExecutor.java:103)
	at com.kms.katalon.core.main.TestCaseMain.runWSVerificationScript(TestCaseMain.java:127)
	at com.kms.katalon.core.webservice.keyword.builtin.SendRequestAndVerifyKeyword$_sendRequestAndVerify_closure1.doCall(SendRequestAndVerifyKeyword.groovy:55)
	at com.kms.katalon.core.webservice.keyword.builtin.SendRequestAndVerifyKeyword$_sendRequestAndVerify_closure1.call(SendRequestAndVerifyKeyword.groovy)
	at com.kms.katalon.core.keyword.internal.KeywordMain.runKeyword(KeywordMain.groovy:68)
	at com.kms.katalon.core.webservice.keyword.builtin.SendRequestAndVerifyKeyword.sendRequestAndVerify(SendRequestAndVerifyKeyword.groovy:43)
	at com.kms.katalon.core.webservice.keyword.builtin.SendRequestAndVerifyKeyword.execute(SendRequestAndVerifyKeyword.groovy:38)
	at com.kms.katalon.core.keyword.internal.KeywordExecutor.executeKeywordForPlatform(KeywordExecutor.groovy:72)
	at com.kms.katalon.core.webservice.keyword.WSBuiltInKeywords.sendRequestAndVerify(WSBuiltInKeywords.groovy:65)
	at com.kms.katalon.core.webservice.keyword.WSBuiltInKeywords$sendRequestAndVerify.call(Unknown Source)
	at Test_Beams_by_Zip_to_Excel.run(Test_Beams_by_Zip_to_Excel:68)
	at com.kms.katalon.core.main.ScriptEngine.run(ScriptEngine.java:194)
	at com.kms.katalon.core.main.ScriptEngine.runScriptAsRawText(ScriptEngine.java:119)
	at com.kms.katalon.core.main.TestCaseExecutor.runScript(TestCaseExecutor.java:337)
	at com.kms.katalon.core.main.TestCaseExecutor.doExecute(TestCaseExecutor.java:328)
	at com.kms.katalon.core.main.TestCaseExecutor.processExecutionPhase(TestCaseExecutor.java:307)
	at com.kms.katalon.core.main.TestCaseExecutor.accessMainPhase(TestCaseExecutor.java:299)
	at com.kms.katalon.core.main.TestCaseExecutor.execute(TestCaseExecutor.java:233)
	at com.kms.katalon.core.main.TestSuiteExecutor.accessTestCaseMainPhase(TestSuiteExecutor.java:169)
	at com.kms.katalon.core.main.TestSuiteExecutor.accessTestSuiteMainPhase(TestSuiteExecutor.java:142)
	at com.kms.katalon.core.main.TestSuiteExecutor.execute(TestSuiteExecutor.java:91)
	at com.kms.katalon.core.main.TestCaseMain.startTestSuite(TestCaseMain.java:157)
	at com.kms.katalon.core.main.TestCaseMain$startTestSuite$0.call(Unknown Source)
	at TempTestSuite1581113075265.run(TempTestSuite1581113075265.groovy:36)]]></system-err>
   </testsuite>
</testsuites>
