<?xml version="1.0" encoding="UTF-8"?>
<testsuites name="RUN_Exede_Zip_Test" time="305.841" tests="144" failures="9" errors="0">
   <testsuite name="RUN_Exede_Zip_Test" tests="144" failures="9" errors="0" time="305.841" timestamp="2020-02-14 09:50:31" hostname="jhampleman - 172.30.158.16" id="Test Suites/RUN_Exede_Zip_Test">
      <properties>
         <property name="deviceName" value=""/>
         <property name="devicePlatform" value=""/>
         <property name="logFolder" value="/Users/jhampleman/jenkins-beam-tests-master/Reports/20200214_095028/RUN_Exede_Zip_Test/20200214_095028"/>
         <property name="logFiles" value="/Users/jhampleman/jenkins-beam-tests-master/Reports/20200214_095028/RUN_Exede_Zip_Test/20200214_095028/execution0.log"/>
         <property name="attachments" value=""/>
         <property name="hostName" value="jhampleman - 172.30.158.16"/>
         <property name="hostAddress" value="172.30.158.16"/>
         <property name="os" value="Mac OS X 64bit"/>
         <property name="katalonVersion" value="7.2.1.1"/>
      </properties>
      <testcase name="Test Cases/Test_Beams_by_Zip_to_Excel" time="4.981" classname="Test Cases/Test_Beams_by_Zip_to_Excel" status="PASSED">
         <system-out><![CDATA[2020-02-14 09:50:31 - [TEST_CASE][PASSED] - Test Cases/Test_Beams_by_Zip_to_Excel: Test Cases/Test_Beams_by_Zip_to_Excel

2020-02-14 09:50:32 - [TEST_STEP][PASSED] - excelFile01 = "beams-test-results.xlsx": null

2020-02-14 09:50:32 - [TEST_STEP][PASSED] - ExpectedListSheetFile1 = ["Sheet1"]: null

2020-02-14 09:50:32 - [TEST_STEP][PASSED] - workbookFile01 = getWorkbook(excelFile01): null

2020-02-14 09:50:33 - [TEST_STEP][PASSED] - workbook01 = getWorkbook(excelFile01): null

2020-02-14 09:50:33 - [TEST_STEP][PASSED] - sheet01 = getExcelSheet(workbook01, "Sheet1"): null

2020-02-14 09:50:33 - [TEST_STEP][PASSED] - setValueToCellByAddress(sheet01, "A1", "TEST"): null

2020-02-14 09:50:33 - [TEST_STEP][PASSED] - setValueToCellByAddress(sheet01, "B1", "BEAM"): null

2020-02-14 09:50:33 - [TEST_STEP][PASSED] - setValueToCellByAddress(sheet01, "C1", "UFF"): null

2020-02-14 09:50:33 - [TEST_STEP][PASSED] - setValueToCellByAddress(sheet01, "D1", "PLAN"): null

2020-02-14 09:50:33 - [TEST_STEP][PASSED] - setValueToCellByAddress(sheet01, "E1", "API PLAN"): null

2020-02-14 09:50:33 - [TEST_STEP][PASSED] - mybeam = mybeam: null

2020-02-14 09:50:33 - [TEST_STEP][PASSED] - myuff = myuff: null

2020-02-14 09:50:33 - [TEST_STEP][PASSED] - myplan = myplan: null

2020-02-14 09:50:33 - [TEST_STEP][PASSED] - log = new com.kms.katalon.core.logging.KeywordLogger(): null

2020-02-14 09:50:33 - [TEST_STEP][PASSED] - log.logWarning("beam " + mybeam + " zip " + myzip + " upfront fees " + myuff + " plan " + myplan): beam 65 zip 58438 upfront fees 0 plan Augmented Standard Plan

2020-02-14 09:50:33 - [MESSAGE][WARNING] - beam 65 zip 58438 upfront fees 0 plan Augmented Standard Plan

2020-02-14 09:50:33 - [TEST_STEP][PASSED] - setValueToCellByAddress(sheet01, "B" + mycount, beamFail): null

2020-02-14 09:50:33 - [TEST_STEP][PASSED] - setValueToCellByAddress(sheet01, "C" + mycount, uffFail): null

2020-02-14 09:50:33 - [TEST_STEP][PASSED] - mycount = mycount + 1: null

2020-02-14 09:50:33 - [TEST_STEP][PASSED] - setValueToCellByAddress(sheet01, "A" + mycount, "beam " + mybeam + " zip " + myzip + " upfront fees " + myuff + " plan " + myplan): null

2020-02-14 09:50:33 - [TEST_STEP][PASSED] - setValueToCellByAddress(sheet01, "D" + mycount, myplan): null

2020-02-14 09:50:33 - [TEST_STEP][PASSED] - sendRequestAndVerify(findTestObject("Exede_Zip", ["myzip":myzip])): Send request and verify the response successfully

2020-02-14 09:50:36 - [MESSAGE][INFO] - HAR: /Users/jhampleman/jenkins-beam-tests-master/Reports/20200214_095028/RUN_Exede_Zip_Test/20200214_095028/requests/main/0.har

2020-02-14 09:50:36 - [TEST_CASE][PASSED] - Start Test Case : Verification: Verification accomplished successfully

2020-02-14 09:50:36 - [TEST_STEP][PASSED] - request = getInstance().getCurrentRequest(): null

2020-02-14 09:50:36 - [TEST_STEP][PASSED] - response = getInstance().getCurrentResponse(): null

2020-02-14 09:50:36 - [TEST_STEP][PASSED] - if (!(verifyElementPropertyValue(response, "data.beam", mybeam))): Verify element property value successfully

2020-02-14 09:50:36 - [MESSAGE][PASSED] - Verify element property value successfully

2020-02-14 09:50:36 - [TEST_STEP][PASSED] - else: null

2020-02-14 09:50:36 - [TEST_STEP][PASSED] - beamFail = "P": null

2020-02-14 09:50:36 - [TEST_STEP][PASSED] - if (!(verifyElementPropertyValue(response, "data.product.down", myuff))): Verify element property value successfully

2020-02-14 09:50:36 - [MESSAGE][PASSED] - Verify element property value successfully

2020-02-14 09:50:36 - [TEST_STEP][PASSED] - else: null

2020-02-14 09:50:36 - [TEST_STEP][PASSED] - uffFail = "P": null

2020-02-14 09:50:36 - [TEST_STEP][PASSED] - jsonSlurper = new groovy.json.JsonSlurper(): null

2020-02-14 09:50:36 - [TEST_STEP][PASSED] - object = jsonSlurper.parseText(response.getResponseText()): null

2020-02-14 09:50:36 - [TEST_STEP][PASSED] - println(object): null

2020-02-14 09:50:36 - [TEST_STEP][PASSED] - mytest = plans: null

2020-02-14 09:50:36 - [TEST_STEP][PASSED] - variable = mytest: null

2020-02-14 09:50:36 - [MESSAGE][PASSED] - Verify response successfully

2020-02-14 09:50:36 - [MESSAGE][PASSED] - Send request and verify the response successfully

2020-02-14 09:50:36 - [TEST_STEP][PASSED] - setValueToCellByAddress(sheet01, "E" + mycount, variable): null

2020-02-14 09:50:36 - [TEST_STEP][PASSED] - saveWorkbook(excelFile01, workbook01): null]]></system-out>
         <system-err><![CDATA[]]></system-err>
      </testcase>
      <testcase name="Test Cases/Test_Beams_by_Zip_to_Excel" time="2.111" classname="Test Cases/Test_Beams_by_Zip_to_Excel" status="PASSED">
         <system-out><![CDATA[2020-02-14 09:50:36 - [TEST_CASE][PASSED] - Test Cases/Test_Beams_by_Zip_to_Excel: Test Cases/Test_Beams_by_Zip_to_Excel

2020-02-14 09:50:37 - [TEST_STEP][PASSED] - excelFile01 = "beams-test-results.xlsx": null

2020-02-14 09:50:37 - [TEST_STEP][PASSED] - ExpectedListSheetFile1 = ["Sheet1"]: null

2020-02-14 09:50:37 - [TEST_STEP][PASSED] - workbookFile01 = getWorkbook(excelFile01): null

2020-02-14 09:50:37 - [TEST_STEP][PASSED] - workbook01 = getWorkbook(excelFile01): null

2020-02-14 09:50:37 - [TEST_STEP][PASSED] - sheet01 = getExcelSheet(workbook01, "Sheet1"): null

2020-02-14 09:50:37 - [TEST_STEP][PASSED] - setValueToCellByAddress(sheet01, "A1", "TEST"): null

2020-02-14 09:50:37 - [TEST_STEP][PASSED] - setValueToCellByAddress(sheet01, "B1", "BEAM"): null

2020-02-14 09:50:37 - [TEST_STEP][PASSED] - setValueToCellByAddress(sheet01, "C1", "UFF"): null

2020-02-14 09:50:37 - [TEST_STEP][PASSED] - setValueToCellByAddress(sheet01, "D1", "PLAN"): null

2020-02-14 09:50:37 - [TEST_STEP][PASSED] - setValueToCellByAddress(sheet01, "E1", "API PLAN"): null

2020-02-14 09:50:37 - [TEST_STEP][PASSED] - mybeam = mybeam: null

2020-02-14 09:50:37 - [TEST_STEP][PASSED] - myuff = myuff: null

2020-02-14 09:50:37 - [TEST_STEP][PASSED] - myplan = myplan: null

2020-02-14 09:50:37 - [TEST_STEP][PASSED] - log = new com.kms.katalon.core.logging.KeywordLogger(): null

2020-02-14 09:50:37 - [TEST_STEP][PASSED] - log.logWarning("beam " + mybeam + " zip " + myzip + " upfront fees " + myuff + " plan " + myplan): beam 65 zip 56740 upfront fees 0 plan Augmented Standard Plan

2020-02-14 09:50:37 - [MESSAGE][WARNING] - beam 65 zip 56740 upfront fees 0 plan Augmented Standard Plan

2020-02-14 09:50:37 - [TEST_STEP][PASSED] - setValueToCellByAddress(sheet01, "B" + mycount, beamFail): null

2020-02-14 09:50:37 - [TEST_STEP][PASSED] - setValueToCellByAddress(sheet01, "C" + mycount, uffFail): null

2020-02-14 09:50:37 - [TEST_STEP][PASSED] - mycount = mycount + 1: null

2020-02-14 09:50:37 - [TEST_STEP][PASSED] - setValueToCellByAddress(sheet01, "A" + mycount, "beam " + mybeam + " zip " + myzip + " upfront fees " + myuff + " plan " + myplan): null

2020-02-14 09:50:37 - [TEST_STEP][PASSED] - setValueToCellByAddress(sheet01, "D" + mycount, myplan): null

2020-02-14 09:50:37 - [TEST_STEP][PASSED] - sendRequestAndVerify(findTestObject("Exede_Zip", ["myzip":myzip])): Send request and verify the response successfully

2020-02-14 09:50:38 - [MESSAGE][INFO] - HAR: /Users/jhampleman/jenkins-beam-tests-master/Reports/20200214_095028/RUN_Exede_Zip_Test/20200214_095028/requests/main/1.har

2020-02-14 09:50:38 - [TEST_CASE][PASSED] - Start Test Case : Verification: Verification accomplished successfully

2020-02-14 09:50:38 - [TEST_STEP][PASSED] - request = getInstance().getCurrentRequest(): null

2020-02-14 09:50:38 - [TEST_STEP][PASSED] - response = getInstance().getCurrentResponse(): null

2020-02-14 09:50:38 - [TEST_STEP][PASSED] - if (!(verifyElementPropertyValue(response, "data.beam", mybeam))): Verify element property value successfully

2020-02-14 09:50:39 - [MESSAGE][PASSED] - Verify element property value successfully

2020-02-14 09:50:39 - [TEST_STEP][PASSED] - else: null

2020-02-14 09:50:39 - [TEST_STEP][PASSED] - beamFail = "P": null

2020-02-14 09:50:39 - [TEST_STEP][PASSED] - if (!(verifyElementPropertyValue(response, "data.product.down", myuff))): Verify element property value successfully

2020-02-14 09:50:39 - [MESSAGE][PASSED] - Verify element property value successfully

2020-02-14 09:50:39 - [TEST_STEP][PASSED] - else: null

2020-02-14 09:50:39 - [TEST_STEP][PASSED] - uffFail = "P": null

2020-02-14 09:50:39 - [TEST_STEP][PASSED] - jsonSlurper = new groovy.json.JsonSlurper(): null

2020-02-14 09:50:39 - [TEST_STEP][PASSED] - object = jsonSlurper.parseText(response.getResponseText()): null

2020-02-14 09:50:39 - [TEST_STEP][PASSED] - println(object): null

2020-02-14 09:50:39 - [TEST_STEP][PASSED] - mytest = plans: null

2020-02-14 09:50:39 - [TEST_STEP][PASSED] - variable = mytest: null

2020-02-14 09:50:39 - [MESSAGE][PASSED] - Verify response successfully

2020-02-14 09:50:39 - [MESSAGE][PASSED] - Send request and verify the response successfully

2020-02-14 09:50:39 - [TEST_STEP][PASSED] - setValueToCellByAddress(sheet01, "E" + mycount, variable): null

2020-02-14 09:50:39 - [TEST_STEP][PASSED] - saveWorkbook(excelFile01, workbook01): null]]></system-out>
         <system-err><![CDATA[]]></system-err>
      </testcase>
      <testcase name="Test Cases/Test_Beams_by_Zip_to_Excel" time="2.21" classname="Test Cases/Test_Beams_by_Zip_to_Excel" status="PASSED">
         <system-out><![CDATA[2020-02-14 09:50:39 - [TEST_CASE][PASSED] - Test Cases/Test_Beams_by_Zip_to_Excel: Test Cases/Test_Beams_by_Zip_to_Excel

2020-02-14 09:50:39 - [TEST_STEP][PASSED] - excelFile01 = "beams-test-results.xlsx": null

2020-02-14 09:50:39 - [TEST_STEP][PASSED] - ExpectedListSheetFile1 = ["Sheet1"]: null

2020-02-14 09:50:39 - [TEST_STEP][PASSED] - workbookFile01 = getWorkbook(excelFile01): null

2020-02-14 09:50:39 - [TEST_STEP][PASSED] - workbook01 = getWorkbook(excelFile01): null

2020-02-14 09:50:39 - [TEST_STEP][PASSED] - sheet01 = getExcelSheet(workbook01, "Sheet1"): null

2020-02-14 09:50:39 - [TEST_STEP][PASSED] - setValueToCellByAddress(sheet01, "A1", "TEST"): null

2020-02-14 09:50:39 - [TEST_STEP][PASSED] - setValueToCellByAddress(sheet01, "B1", "BEAM"): null

2020-02-14 09:50:39 - [TEST_STEP][PASSED] - setValueToCellByAddress(sheet01, "C1", "UFF"): null

2020-02-14 09:50:39 - [TEST_STEP][PASSED] - setValueToCellByAddress(sheet01, "D1", "PLAN"): null

2020-02-14 09:50:39 - [TEST_STEP][PASSED] - setValueToCellByAddress(sheet01, "E1", "API PLAN"): null

2020-02-14 09:50:39 - [TEST_STEP][PASSED] - mybeam = mybeam: null

2020-02-14 09:50:39 - [TEST_STEP][PASSED] - myuff = myuff: null

2020-02-14 09:50:39 - [TEST_STEP][PASSED] - myplan = myplan: null

2020-02-14 09:50:39 - [TEST_STEP][PASSED] - log = new com.kms.katalon.core.logging.KeywordLogger(): null

2020-02-14 09:50:39 - [TEST_STEP][PASSED] - log.logWarning("beam " + mybeam + " zip " + myzip + " upfront fees " + myuff + " plan " + myplan): beam 67 zip 49916 upfront fees 0 plan Augmented Standard Plan

2020-02-14 09:50:39 - [MESSAGE][WARNING] - beam 67 zip 49916 upfront fees 0 plan Augmented Standard Plan

2020-02-14 09:50:39 - [TEST_STEP][PASSED] - setValueToCellByAddress(sheet01, "B" + mycount, beamFail): null

2020-02-14 09:50:39 - [TEST_STEP][PASSED] - setValueToCellByAddress(sheet01, "C" + mycount, uffFail): null

2020-02-14 09:50:39 - [TEST_STEP][PASSED] - mycount = mycount + 1: null

2020-02-14 09:50:39 - [TEST_STEP][PASSED] - setValueToCellByAddress(sheet01, "A" + mycount, "beam " + mybeam + " zip " + myzip + " upfront fees " + myuff + " plan " + myplan): null

2020-02-14 09:50:39 - [TEST_STEP][PASSED] - setValueToCellByAddress(sheet01, "D" + mycount, myplan): null

2020-02-14 09:50:39 - [TEST_STEP][PASSED] - sendRequestAndVerify(findTestObject("Exede_Zip", ["myzip":myzip])): Send request and verify the response successfully

2020-02-14 09:50:41 - [MESSAGE][INFO] - HAR: /Users/jhampleman/jenkins-beam-tests-master/Reports/20200214_095028/RUN_Exede_Zip_Test/20200214_095028/requests/main/2.har

2020-02-14 09:50:41 - [TEST_CASE][PASSED] - Start Test Case : Verification: Verification accomplished successfully

2020-02-14 09:50:41 - [TEST_STEP][PASSED] - request = getInstance().getCurrentRequest(): null

2020-02-14 09:50:41 - [TEST_STEP][PASSED] - response = getInstance().getCurrentResponse(): null

2020-02-14 09:50:41 - [TEST_STEP][PASSED] - if (!(verifyElementPropertyValue(response, "data.beam", mybeam))): Verify element property value successfully

2020-02-14 09:50:41 - [MESSAGE][PASSED] - Verify element property value successfully

2020-02-14 09:50:41 - [TEST_STEP][PASSED] - else: null

2020-02-14 09:50:41 - [TEST_STEP][PASSED] - beamFail = "P": null

2020-02-14 09:50:41 - [TEST_STEP][PASSED] - if (!(verifyElementPropertyValue(response, "data.product.down", myuff))): Verify element property value successfully

2020-02-14 09:50:41 - [MESSAGE][PASSED] - Verify element property value successfully

2020-02-14 09:50:41 - [TEST_STEP][PASSED] - else: null

2020-02-14 09:50:41 - [TEST_STEP][PASSED] - uffFail = "P": null

2020-02-14 09:50:41 - [TEST_STEP][PASSED] - jsonSlurper = new groovy.json.JsonSlurper(): null

2020-02-14 09:50:41 - [TEST_STEP][PASSED] - object = jsonSlurper.parseText(response.getResponseText()): null

2020-02-14 09:50:41 - [TEST_STEP][PASSED] - println(object): null

2020-02-14 09:50:41 - [TEST_STEP][PASSED] - mytest = plans: null

2020-02-14 09:50:41 - [TEST_STEP][PASSED] - variable = mytest: null

2020-02-14 09:50:41 - [MESSAGE][PASSED] - Verify response successfully

2020-02-14 09:50:41 - [MESSAGE][PASSED] - Send request and verify the response successfully

2020-02-14 09:50:41 - [TEST_STEP][PASSED] - setValueToCellByAddress(sheet01, "E" + mycount, variable): null

2020-02-14 09:50:41 - [TEST_STEP][PASSED] - saveWorkbook(excelFile01, workbook01): null]]></system-out>
         <system-err><![CDATA[]]></system-err>
      </testcase>
      <testcase name="Test Cases/Test_Beams_by_Zip_to_Excel" time="3.012" classname="Test Cases/Test_Beams_by_Zip_to_Excel" status="PASSED">
         <system-out><![CDATA[2020-02-14 09:50:41 - [TEST_CASE][PASSED] - Test Cases/Test_Beams_by_Zip_to_Excel: Test Cases/Test_Beams_by_Zip_to_Excel

2020-02-14 09:50:41 - [TEST_STEP][PASSED] - excelFile01 = "beams-test-results.xlsx": null

2020-02-14 09:50:41 - [TEST_STEP][PASSED] - ExpectedListSheetFile1 = ["Sheet1"]: null

2020-02-14 09:50:41 - [TEST_STEP][PASSED] - workbookFile01 = getWorkbook(excelFile01): null

2020-02-14 09:50:41 - [TEST_STEP][PASSED] - workbook01 = getWorkbook(excelFile01): null

2020-02-14 09:50:41 - [TEST_STEP][PASSED] - sheet01 = getExcelSheet(workbook01, "Sheet1"): null

2020-02-14 09:50:41 - [TEST_STEP][PASSED] - setValueToCellByAddress(sheet01, "A1", "TEST"): null

2020-02-14 09:50:41 - [TEST_STEP][PASSED] - setValueToCellByAddress(sheet01, "B1", "BEAM"): null

2020-02-14 09:50:41 - [TEST_STEP][PASSED] - setValueToCellByAddress(sheet01, "C1", "UFF"): null

2020-02-14 09:50:41 - [TEST_STEP][PASSED] - setValueToCellByAddress(sheet01, "D1", "PLAN"): null

2020-02-14 09:50:41 - [TEST_STEP][PASSED] - setValueToCellByAddress(sheet01, "E1", "API PLAN"): null

2020-02-14 09:50:41 - [TEST_STEP][PASSED] - mybeam = mybeam: null

2020-02-14 09:50:41 - [TEST_STEP][PASSED] - myuff = myuff: null

2020-02-14 09:50:41 - [TEST_STEP][PASSED] - myplan = myplan: null

2020-02-14 09:50:41 - [TEST_STEP][PASSED] - log = new com.kms.katalon.core.logging.KeywordLogger(): null

2020-02-14 09:50:41 - [TEST_STEP][PASSED] - log.logWarning("beam " + mybeam + " zip " + myzip + " upfront fees " + myuff + " plan " + myplan): beam 79 zip 04763 upfront fees 0 plan Augmented Standard Plan

2020-02-14 09:50:41 - [MESSAGE][WARNING] - beam 79 zip 04763 upfront fees 0 plan Augmented Standard Plan

2020-02-14 09:50:41 - [TEST_STEP][PASSED] - setValueToCellByAddress(sheet01, "B" + mycount, beamFail): null

2020-02-14 09:50:41 - [TEST_STEP][PASSED] - setValueToCellByAddress(sheet01, "C" + mycount, uffFail): null

2020-02-14 09:50:41 - [TEST_STEP][PASSED] - mycount = mycount + 1: null

2020-02-14 09:50:41 - [TEST_STEP][PASSED] - setValueToCellByAddress(sheet01, "A" + mycount, "beam " + mybeam + " zip " + myzip + " upfront fees " + myuff + " plan " + myplan): null

2020-02-14 09:50:41 - [TEST_STEP][PASSED] - setValueToCellByAddress(sheet01, "D" + mycount, myplan): null

2020-02-14 09:50:41 - [TEST_STEP][PASSED] - sendRequestAndVerify(findTestObject("Exede_Zip", ["myzip":myzip])): Send request and verify the response successfully

2020-02-14 09:50:44 - [MESSAGE][INFO] - HAR: /Users/jhampleman/jenkins-beam-tests-master/Reports/20200214_095028/RUN_Exede_Zip_Test/20200214_095028/requests/main/3.har

2020-02-14 09:50:44 - [TEST_CASE][PASSED] - Start Test Case : Verification: Verification accomplished successfully

2020-02-14 09:50:44 - [TEST_STEP][PASSED] - request = getInstance().getCurrentRequest(): null

2020-02-14 09:50:44 - [TEST_STEP][PASSED] - response = getInstance().getCurrentResponse(): null

2020-02-14 09:50:44 - [TEST_STEP][PASSED] - if (!(verifyElementPropertyValue(response, "data.beam", mybeam))): Verify element property value successfully

2020-02-14 09:50:44 - [MESSAGE][PASSED] - Verify element property value successfully

2020-02-14 09:50:44 - [TEST_STEP][PASSED] - else: null

2020-02-14 09:50:44 - [TEST_STEP][PASSED] - beamFail = "P": null

2020-02-14 09:50:44 - [TEST_STEP][PASSED] - if (!(verifyElementPropertyValue(response, "data.product.down", myuff))): Verify element property value successfully

2020-02-14 09:50:44 - [MESSAGE][PASSED] - Verify element property value successfully

2020-02-14 09:50:44 - [TEST_STEP][PASSED] - else: null

2020-02-14 09:50:44 - [TEST_STEP][PASSED] - uffFail = "P": null

2020-02-14 09:50:44 - [TEST_STEP][PASSED] - jsonSlurper = new groovy.json.JsonSlurper(): null

2020-02-14 09:50:44 - [TEST_STEP][PASSED] - object = jsonSlurper.parseText(response.getResponseText()): null

2020-02-14 09:50:44 - [TEST_STEP][PASSED] - println(object): null

2020-02-14 09:50:44 - [TEST_STEP][PASSED] - mytest = plans: null

2020-02-14 09:50:44 - [TEST_STEP][PASSED] - variable = mytest: null

2020-02-14 09:50:44 - [MESSAGE][PASSED] - Verify response successfully

2020-02-14 09:50:44 - [MESSAGE][PASSED] - Send request and verify the response successfully

2020-02-14 09:50:44 - [TEST_STEP][PASSED] - setValueToCellByAddress(sheet01, "E" + mycount, variable): null

2020-02-14 09:50:44 - [TEST_STEP][PASSED] - saveWorkbook(excelFile01, workbook01): null]]></system-out>
         <system-err><![CDATA[]]></system-err>
      </testcase>
      <testcase name="Test Cases/Test_Beams_by_Zip_to_Excel" time="3.077" classname="Test Cases/Test_Beams_by_Zip_to_Excel" status="PASSED">
         <system-out><![CDATA[2020-02-14 09:50:44 - [TEST_CASE][PASSED] - Test Cases/Test_Beams_by_Zip_to_Excel: Test Cases/Test_Beams_by_Zip_to_Excel

2020-02-14 09:50:44 - [TEST_STEP][PASSED] - excelFile01 = "beams-test-results.xlsx": null

2020-02-14 09:50:44 - [TEST_STEP][PASSED] - ExpectedListSheetFile1 = ["Sheet1"]: null

2020-02-14 09:50:44 - [TEST_STEP][PASSED] - workbookFile01 = getWorkbook(excelFile01): null

2020-02-14 09:50:44 - [TEST_STEP][PASSED] - workbook01 = getWorkbook(excelFile01): null

2020-02-14 09:50:44 - [TEST_STEP][PASSED] - sheet01 = getExcelSheet(workbook01, "Sheet1"): null

2020-02-14 09:50:44 - [TEST_STEP][PASSED] - setValueToCellByAddress(sheet01, "A1", "TEST"): null

2020-02-14 09:50:44 - [TEST_STEP][PASSED] - setValueToCellByAddress(sheet01, "B1", "BEAM"): null

2020-02-14 09:50:44 - [TEST_STEP][PASSED] - setValueToCellByAddress(sheet01, "C1", "UFF"): null

2020-02-14 09:50:44 - [TEST_STEP][PASSED] - setValueToCellByAddress(sheet01, "D1", "PLAN"): null

2020-02-14 09:50:44 - [TEST_STEP][PASSED] - setValueToCellByAddress(sheet01, "E1", "API PLAN"): null

2020-02-14 09:50:44 - [TEST_STEP][PASSED] - mybeam = mybeam: null

2020-02-14 09:50:44 - [TEST_STEP][PASSED] - myuff = myuff: null

2020-02-14 09:50:44 - [TEST_STEP][PASSED] - myplan = myplan: null

2020-02-14 09:50:44 - [TEST_STEP][PASSED] - log = new com.kms.katalon.core.logging.KeywordLogger(): null

2020-02-14 09:50:44 - [TEST_STEP][PASSED] - log.logWarning("beam " + mybeam + " zip " + myzip + " upfront fees " + myuff + " plan " + myplan): beam 95 zip 33040 upfront fees 0 plan Augmented Standard Plan

2020-02-14 09:50:44 - [MESSAGE][WARNING] - beam 95 zip 33040 upfront fees 0 plan Augmented Standard Plan

2020-02-14 09:50:44 - [TEST_STEP][PASSED] - setValueToCellByAddress(sheet01, "B" + mycount, beamFail): null

2020-02-14 09:50:44 - [TEST_STEP][PASSED] - setValueToCellByAddress(sheet01, "C" + mycount, uffFail): null

2020-02-14 09:50:44 - [TEST_STEP][PASSED] - mycount = mycount + 1: null

2020-02-14 09:50:44 - [TEST_STEP][PASSED] - setValueToCellByAddress(sheet01, "A" + mycount, "beam " + mybeam + " zip " + myzip + " upfront fees " + myuff + " plan " + myplan): null

2020-02-14 09:50:44 - [TEST_STEP][PASSED] - setValueToCellByAddress(sheet01, "D" + mycount, myplan): null

2020-02-14 09:50:44 - [TEST_STEP][PASSED] - sendRequestAndVerify(findTestObject("Exede_Zip", ["myzip":myzip])): Send request and verify the response successfully

2020-02-14 09:50:47 - [MESSAGE][INFO] - HAR: /Users/jhampleman/jenkins-beam-tests-master/Reports/20200214_095028/RUN_Exede_Zip_Test/20200214_095028/requests/main/4.har

2020-02-14 09:50:47 - [TEST_CASE][PASSED] - Start Test Case : Verification: Verification accomplished successfully

2020-02-14 09:50:47 - [TEST_STEP][PASSED] - request = getInstance().getCurrentRequest(): null

2020-02-14 09:50:47 - [TEST_STEP][PASSED] - response = getInstance().getCurrentResponse(): null

2020-02-14 09:50:47 - [TEST_STEP][PASSED] - if (!(verifyElementPropertyValue(response, "data.beam", mybeam))): Verify element property value successfully

2020-02-14 09:50:47 - [MESSAGE][PASSED] - Verify element property value successfully

2020-02-14 09:50:47 - [TEST_STEP][PASSED] - else: null

2020-02-14 09:50:47 - [TEST_STEP][PASSED] - beamFail = "P": null

2020-02-14 09:50:47 - [TEST_STEP][PASSED] - if (!(verifyElementPropertyValue(response, "data.product.down", myuff))): Verify element property value successfully

2020-02-14 09:50:47 - [MESSAGE][PASSED] - Verify element property value successfully

2020-02-14 09:50:47 - [TEST_STEP][PASSED] - else: null

2020-02-14 09:50:47 - [TEST_STEP][PASSED] - uffFail = "P": null

2020-02-14 09:50:47 - [TEST_STEP][PASSED] - jsonSlurper = new groovy.json.JsonSlurper(): null

2020-02-14 09:50:47 - [TEST_STEP][PASSED] - object = jsonSlurper.parseText(response.getResponseText()): null

2020-02-14 09:50:47 - [TEST_STEP][PASSED] - println(object): null

2020-02-14 09:50:47 - [TEST_STEP][PASSED] - mytest = plans: null

2020-02-14 09:50:47 - [TEST_STEP][PASSED] - variable = mytest: null

2020-02-14 09:50:47 - [MESSAGE][PASSED] - Verify response successfully

2020-02-14 09:50:47 - [MESSAGE][PASSED] - Send request and verify the response successfully

2020-02-14 09:50:47 - [TEST_STEP][PASSED] - setValueToCellByAddress(sheet01, "E" + mycount, variable): null

2020-02-14 09:50:47 - [TEST_STEP][PASSED] - saveWorkbook(excelFile01, workbook01): null]]></system-out>
         <system-err><![CDATA[]]></system-err>
      </testcase>
      <testcase name="Test Cases/Test_Beams_by_Zip_to_Excel" time="2.167" classname="Test Cases/Test_Beams_by_Zip_to_Excel" status="PASSED">
         <system-out><![CDATA[2020-02-14 09:50:47 - [TEST_CASE][PASSED] - Test Cases/Test_Beams_by_Zip_to_Excel: Test Cases/Test_Beams_by_Zip_to_Excel

2020-02-14 09:50:47 - [TEST_STEP][PASSED] - excelFile01 = "beams-test-results.xlsx": null

2020-02-14 09:50:47 - [TEST_STEP][PASSED] - ExpectedListSheetFile1 = ["Sheet1"]: null

2020-02-14 09:50:47 - [TEST_STEP][PASSED] - workbookFile01 = getWorkbook(excelFile01): null

2020-02-14 09:50:47 - [TEST_STEP][PASSED] - workbook01 = getWorkbook(excelFile01): null

2020-02-14 09:50:47 - [TEST_STEP][PASSED] - sheet01 = getExcelSheet(workbook01, "Sheet1"): null

2020-02-14 09:50:47 - [TEST_STEP][PASSED] - setValueToCellByAddress(sheet01, "A1", "TEST"): null

2020-02-14 09:50:47 - [TEST_STEP][PASSED] - setValueToCellByAddress(sheet01, "B1", "BEAM"): null

2020-02-14 09:50:47 - [TEST_STEP][PASSED] - setValueToCellByAddress(sheet01, "C1", "UFF"): null

2020-02-14 09:50:47 - [TEST_STEP][PASSED] - setValueToCellByAddress(sheet01, "D1", "PLAN"): null

2020-02-14 09:50:47 - [TEST_STEP][PASSED] - setValueToCellByAddress(sheet01, "E1", "API PLAN"): null

2020-02-14 09:50:47 - [TEST_STEP][PASSED] - mybeam = mybeam: null

2020-02-14 09:50:47 - [TEST_STEP][PASSED] - myuff = myuff: null

2020-02-14 09:50:47 - [TEST_STEP][PASSED] - myplan = myplan: null

2020-02-14 09:50:47 - [TEST_STEP][PASSED] - log = new com.kms.katalon.core.logging.KeywordLogger(): null

2020-02-14 09:50:47 - [TEST_STEP][PASSED] - log.logWarning("beam " + mybeam + " zip " + myzip + " upfront fees " + myuff + " plan " + myplan): beam 301 zip 55806 upfront fees 0 plan VS2 Standard Offer

2020-02-14 09:50:47 - [MESSAGE][WARNING] - beam 301 zip 55806 upfront fees 0 plan VS2 Standard Offer

2020-02-14 09:50:47 - [TEST_STEP][PASSED] - setValueToCellByAddress(sheet01, "B" + mycount, beamFail): null

2020-02-14 09:50:47 - [TEST_STEP][PASSED] - setValueToCellByAddress(sheet01, "C" + mycount, uffFail): null

2020-02-14 09:50:47 - [TEST_STEP][PASSED] - mycount = mycount + 1: null

2020-02-14 09:50:47 - [TEST_STEP][PASSED] - setValueToCellByAddress(sheet01, "A" + mycount, "beam " + mybeam + " zip " + myzip + " upfront fees " + myuff + " plan " + myplan): null

2020-02-14 09:50:47 - [TEST_STEP][PASSED] - setValueToCellByAddress(sheet01, "D" + mycount, myplan): null

2020-02-14 09:50:47 - [TEST_STEP][PASSED] - sendRequestAndVerify(findTestObject("Exede_Zip", ["myzip":myzip])): Send request and verify the response successfully

2020-02-14 09:50:49 - [MESSAGE][INFO] - HAR: /Users/jhampleman/jenkins-beam-tests-master/Reports/20200214_095028/RUN_Exede_Zip_Test/20200214_095028/requests/main/5.har

2020-02-14 09:50:49 - [TEST_CASE][PASSED] - Start Test Case : Verification: Verification accomplished successfully

2020-02-14 09:50:49 - [TEST_STEP][PASSED] - request = getInstance().getCurrentRequest(): null

2020-02-14 09:50:49 - [TEST_STEP][PASSED] - response = getInstance().getCurrentResponse(): null

2020-02-14 09:50:49 - [TEST_STEP][PASSED] - if (!(verifyElementPropertyValue(response, "data.beam", mybeam))): Verify element property value successfully

2020-02-14 09:50:49 - [MESSAGE][PASSED] - Verify element property value successfully

2020-02-14 09:50:49 - [TEST_STEP][PASSED] - else: null

2020-02-14 09:50:49 - [TEST_STEP][PASSED] - beamFail = "P": null

2020-02-14 09:50:49 - [TEST_STEP][PASSED] - if (!(verifyElementPropertyValue(response, "data.product.down", myuff))): Verify element property value successfully

2020-02-14 09:50:49 - [MESSAGE][PASSED] - Verify element property value successfully

2020-02-14 09:50:49 - [TEST_STEP][PASSED] - else: null

2020-02-14 09:50:49 - [TEST_STEP][PASSED] - uffFail = "P": null

2020-02-14 09:50:49 - [TEST_STEP][PASSED] - jsonSlurper = new groovy.json.JsonSlurper(): null

2020-02-14 09:50:49 - [TEST_STEP][PASSED] - object = jsonSlurper.parseText(response.getResponseText()): null

2020-02-14 09:50:49 - [TEST_STEP][PASSED] - println(object): null

2020-02-14 09:50:49 - [TEST_STEP][PASSED] - mytest = plans: null

2020-02-14 09:50:49 - [TEST_STEP][PASSED] - variable = mytest: null

2020-02-14 09:50:49 - [MESSAGE][PASSED] - Verify response successfully

2020-02-14 09:50:49 - [MESSAGE][PASSED] - Send request and verify the response successfully

2020-02-14 09:50:49 - [TEST_STEP][PASSED] - setValueToCellByAddress(sheet01, "E" + mycount, variable): null

2020-02-14 09:50:49 - [TEST_STEP][PASSED] - saveWorkbook(excelFile01, workbook01): null]]></system-out>
         <system-err><![CDATA[]]></system-err>
      </testcase>
      <testcase name="Test Cases/Test_Beams_by_Zip_to_Excel" time="1.961" classname="Test Cases/Test_Beams_by_Zip_to_Excel" status="PASSED">
         <system-out><![CDATA[2020-02-14 09:50:49 - [TEST_CASE][PASSED] - Test Cases/Test_Beams_by_Zip_to_Excel: Test Cases/Test_Beams_by_Zip_to_Excel

2020-02-14 09:50:49 - [TEST_STEP][PASSED] - excelFile01 = "beams-test-results.xlsx": null

2020-02-14 09:50:49 - [TEST_STEP][PASSED] - ExpectedListSheetFile1 = ["Sheet1"]: null

2020-02-14 09:50:49 - [TEST_STEP][PASSED] - workbookFile01 = getWorkbook(excelFile01): null

2020-02-14 09:50:49 - [TEST_STEP][PASSED] - workbook01 = getWorkbook(excelFile01): null

2020-02-14 09:50:49 - [TEST_STEP][PASSED] - sheet01 = getExcelSheet(workbook01, "Sheet1"): null

2020-02-14 09:50:49 - [TEST_STEP][PASSED] - setValueToCellByAddress(sheet01, "A1", "TEST"): null

2020-02-14 09:50:49 - [TEST_STEP][PASSED] - setValueToCellByAddress(sheet01, "B1", "BEAM"): null

2020-02-14 09:50:49 - [TEST_STEP][PASSED] - setValueToCellByAddress(sheet01, "C1", "UFF"): null

2020-02-14 09:50:49 - [TEST_STEP][PASSED] - setValueToCellByAddress(sheet01, "D1", "PLAN"): null

2020-02-14 09:50:49 - [TEST_STEP][PASSED] - setValueToCellByAddress(sheet01, "E1", "API PLAN"): null

2020-02-14 09:50:49 - [TEST_STEP][PASSED] - mybeam = mybeam: null

2020-02-14 09:50:49 - [TEST_STEP][PASSED] - myuff = myuff: null

2020-02-14 09:50:49 - [TEST_STEP][PASSED] - myplan = myplan: null

2020-02-14 09:50:49 - [TEST_STEP][PASSED] - log = new com.kms.katalon.core.logging.KeywordLogger(): null

2020-02-14 09:50:49 - [TEST_STEP][PASSED] - log.logWarning("beam " + mybeam + " zip " + myzip + " upfront fees " + myuff + " plan " + myplan): beam 302 zip 56440 upfront fees 0 plan VS2 Standard Offer

2020-02-14 09:50:49 - [MESSAGE][WARNING] - beam 302 zip 56440 upfront fees 0 plan VS2 Standard Offer

2020-02-14 09:50:49 - [TEST_STEP][PASSED] - setValueToCellByAddress(sheet01, "B" + mycount, beamFail): null

2020-02-14 09:50:49 - [TEST_STEP][PASSED] - setValueToCellByAddress(sheet01, "C" + mycount, uffFail): null

2020-02-14 09:50:49 - [TEST_STEP][PASSED] - mycount = mycount + 1: null

2020-02-14 09:50:49 - [TEST_STEP][PASSED] - setValueToCellByAddress(sheet01, "A" + mycount, "beam " + mybeam + " zip " + myzip + " upfront fees " + myuff + " plan " + myplan): null

2020-02-14 09:50:49 - [TEST_STEP][PASSED] - setValueToCellByAddress(sheet01, "D" + mycount, myplan): null

2020-02-14 09:50:49 - [TEST_STEP][PASSED] - sendRequestAndVerify(findTestObject("Exede_Zip", ["myzip":myzip])): Send request and verify the response successfully

2020-02-14 09:50:51 - [MESSAGE][INFO] - HAR: /Users/jhampleman/jenkins-beam-tests-master/Reports/20200214_095028/RUN_Exede_Zip_Test/20200214_095028/requests/main/6.har

2020-02-14 09:50:51 - [TEST_CASE][PASSED] - Start Test Case : Verification: Verification accomplished successfully

2020-02-14 09:50:51 - [TEST_STEP][PASSED] - request = getInstance().getCurrentRequest(): null

2020-02-14 09:50:51 - [TEST_STEP][PASSED] - response = getInstance().getCurrentResponse(): null

2020-02-14 09:50:51 - [TEST_STEP][PASSED] - if (!(verifyElementPropertyValue(response, "data.beam", mybeam))): Verify element property value successfully

2020-02-14 09:50:51 - [MESSAGE][PASSED] - Verify element property value successfully

2020-02-14 09:50:51 - [TEST_STEP][PASSED] - else: null

2020-02-14 09:50:51 - [TEST_STEP][PASSED] - beamFail = "P": null

2020-02-14 09:50:51 - [TEST_STEP][PASSED] - if (!(verifyElementPropertyValue(response, "data.product.down", myuff))): Verify element property value successfully

2020-02-14 09:50:51 - [MESSAGE][PASSED] - Verify element property value successfully

2020-02-14 09:50:51 - [TEST_STEP][PASSED] - else: null

2020-02-14 09:50:51 - [TEST_STEP][PASSED] - uffFail = "P": null

2020-02-14 09:50:51 - [TEST_STEP][PASSED] - jsonSlurper = new groovy.json.JsonSlurper(): null

2020-02-14 09:50:51 - [TEST_STEP][PASSED] - object = jsonSlurper.parseText(response.getResponseText()): null

2020-02-14 09:50:51 - [TEST_STEP][PASSED] - println(object): null

2020-02-14 09:50:51 - [TEST_STEP][PASSED] - mytest = plans: null

2020-02-14 09:50:51 - [TEST_STEP][PASSED] - variable = mytest: null

2020-02-14 09:50:51 - [MESSAGE][PASSED] - Verify response successfully

2020-02-14 09:50:51 - [MESSAGE][PASSED] - Send request and verify the response successfully

2020-02-14 09:50:51 - [TEST_STEP][PASSED] - setValueToCellByAddress(sheet01, "E" + mycount, variable): null

2020-02-14 09:50:51 - [TEST_STEP][PASSED] - saveWorkbook(excelFile01, workbook01): null]]></system-out>
         <system-err><![CDATA[]]></system-err>
      </testcase>
      <testcase name="Test Cases/Test_Beams_by_Zip_to_Excel" time="2.118" classname="Test Cases/Test_Beams_by_Zip_to_Excel" status="PASSED">
         <system-out><![CDATA[2020-02-14 09:50:51 - [TEST_CASE][PASSED] - Test Cases/Test_Beams_by_Zip_to_Excel: Test Cases/Test_Beams_by_Zip_to_Excel

2020-02-14 09:50:51 - [TEST_STEP][PASSED] - excelFile01 = "beams-test-results.xlsx": null

2020-02-14 09:50:51 - [TEST_STEP][PASSED] - ExpectedListSheetFile1 = ["Sheet1"]: null

2020-02-14 09:50:51 - [TEST_STEP][PASSED] - workbookFile01 = getWorkbook(excelFile01): null

2020-02-14 09:50:51 - [TEST_STEP][PASSED] - workbook01 = getWorkbook(excelFile01): null

2020-02-14 09:50:51 - [TEST_STEP][PASSED] - sheet01 = getExcelSheet(workbook01, "Sheet1"): null

2020-02-14 09:50:51 - [TEST_STEP][PASSED] - setValueToCellByAddress(sheet01, "A1", "TEST"): null

2020-02-14 09:50:51 - [TEST_STEP][PASSED] - setValueToCellByAddress(sheet01, "B1", "BEAM"): null

2020-02-14 09:50:51 - [TEST_STEP][PASSED] - setValueToCellByAddress(sheet01, "C1", "UFF"): null

2020-02-14 09:50:51 - [TEST_STEP][PASSED] - setValueToCellByAddress(sheet01, "D1", "PLAN"): null

2020-02-14 09:50:51 - [TEST_STEP][PASSED] - setValueToCellByAddress(sheet01, "E1", "API PLAN"): null

2020-02-14 09:50:51 - [TEST_STEP][PASSED] - mybeam = mybeam: null

2020-02-14 09:50:51 - [TEST_STEP][PASSED] - myuff = myuff: null

2020-02-14 09:50:51 - [TEST_STEP][PASSED] - myplan = myplan: null

2020-02-14 09:50:51 - [TEST_STEP][PASSED] - log = new com.kms.katalon.core.logging.KeywordLogger(): null

2020-02-14 09:50:51 - [TEST_STEP][PASSED] - log.logWarning("beam " + mybeam + " zip " + myzip + " upfront fees " + myuff + " plan " + myplan): beam 303 zip 54701 upfront fees 0 plan VS2 Standard Offer

2020-02-14 09:50:51 - [MESSAGE][WARNING] - beam 303 zip 54701 upfront fees 0 plan VS2 Standard Offer

2020-02-14 09:50:51 - [TEST_STEP][PASSED] - setValueToCellByAddress(sheet01, "B" + mycount, beamFail): null

2020-02-14 09:50:51 - [TEST_STEP][PASSED] - setValueToCellByAddress(sheet01, "C" + mycount, uffFail): null

2020-02-14 09:50:51 - [TEST_STEP][PASSED] - mycount = mycount + 1: null

2020-02-14 09:50:51 - [TEST_STEP][PASSED] - setValueToCellByAddress(sheet01, "A" + mycount, "beam " + mybeam + " zip " + myzip + " upfront fees " + myuff + " plan " + myplan): null

2020-02-14 09:50:51 - [TEST_STEP][PASSED] - setValueToCellByAddress(sheet01, "D" + mycount, myplan): null

2020-02-14 09:50:51 - [TEST_STEP][PASSED] - sendRequestAndVerify(findTestObject("Exede_Zip", ["myzip":myzip])): Send request and verify the response successfully

2020-02-14 09:50:53 - [MESSAGE][INFO] - HAR: /Users/jhampleman/jenkins-beam-tests-master/Reports/20200214_095028/RUN_Exede_Zip_Test/20200214_095028/requests/main/7.har

2020-02-14 09:50:53 - [TEST_CASE][PASSED] - Start Test Case : Verification: Verification accomplished successfully

2020-02-14 09:50:53 - [TEST_STEP][PASSED] - request = getInstance().getCurrentRequest(): null

2020-02-14 09:50:53 - [TEST_STEP][PASSED] - response = getInstance().getCurrentResponse(): null

2020-02-14 09:50:53 - [TEST_STEP][PASSED] - if (!(verifyElementPropertyValue(response, "data.beam", mybeam))): Verify element property value successfully

2020-02-14 09:50:53 - [MESSAGE][PASSED] - Verify element property value successfully

2020-02-14 09:50:53 - [TEST_STEP][PASSED] - else: null

2020-02-14 09:50:53 - [TEST_STEP][PASSED] - beamFail = "P": null

2020-02-14 09:50:53 - [TEST_STEP][PASSED] - if (!(verifyElementPropertyValue(response, "data.product.down", myuff))): Verify element property value successfully

2020-02-14 09:50:53 - [MESSAGE][PASSED] - Verify element property value successfully

2020-02-14 09:50:53 - [TEST_STEP][PASSED] - else: null

2020-02-14 09:50:53 - [TEST_STEP][PASSED] - uffFail = "P": null

2020-02-14 09:50:53 - [TEST_STEP][PASSED] - jsonSlurper = new groovy.json.JsonSlurper(): null

2020-02-14 09:50:53 - [TEST_STEP][PASSED] - object = jsonSlurper.parseText(response.getResponseText()): null

2020-02-14 09:50:53 - [TEST_STEP][PASSED] - println(object): null

2020-02-14 09:50:53 - [TEST_STEP][PASSED] - mytest = plans: null

2020-02-14 09:50:53 - [TEST_STEP][PASSED] - variable = mytest: null

2020-02-14 09:50:53 - [MESSAGE][PASSED] - Verify response successfully

2020-02-14 09:50:53 - [MESSAGE][PASSED] - Send request and verify the response successfully

2020-02-14 09:50:53 - [TEST_STEP][PASSED] - setValueToCellByAddress(sheet01, "E" + mycount, variable): null

2020-02-14 09:50:53 - [TEST_STEP][PASSED] - saveWorkbook(excelFile01, workbook01): null]]></system-out>
         <system-err><![CDATA[]]></system-err>
      </testcase>
      <testcase name="Test Cases/Test_Beams_by_Zip_to_Excel" time="2.199" classname="Test Cases/Test_Beams_by_Zip_to_Excel" status="PASSED">
         <system-out><![CDATA[2020-02-14 09:50:53 - [TEST_CASE][PASSED] - Test Cases/Test_Beams_by_Zip_to_Excel: Test Cases/Test_Beams_by_Zip_to_Excel

2020-02-14 09:50:53 - [TEST_STEP][PASSED] - excelFile01 = "beams-test-results.xlsx": null

2020-02-14 09:50:53 - [TEST_STEP][PASSED] - ExpectedListSheetFile1 = ["Sheet1"]: null

2020-02-14 09:50:53 - [TEST_STEP][PASSED] - workbookFile01 = getWorkbook(excelFile01): null

2020-02-14 09:50:53 - [TEST_STEP][PASSED] - workbook01 = getWorkbook(excelFile01): null

2020-02-14 09:50:53 - [TEST_STEP][PASSED] - sheet01 = getExcelSheet(workbook01, "Sheet1"): null

2020-02-14 09:50:53 - [TEST_STEP][PASSED] - setValueToCellByAddress(sheet01, "A1", "TEST"): null

2020-02-14 09:50:53 - [TEST_STEP][PASSED] - setValueToCellByAddress(sheet01, "B1", "BEAM"): null

2020-02-14 09:50:53 - [TEST_STEP][PASSED] - setValueToCellByAddress(sheet01, "C1", "UFF"): null

2020-02-14 09:50:53 - [TEST_STEP][PASSED] - setValueToCellByAddress(sheet01, "D1", "PLAN"): null

2020-02-14 09:50:53 - [TEST_STEP][PASSED] - setValueToCellByAddress(sheet01, "E1", "API PLAN"): null

2020-02-14 09:50:53 - [TEST_STEP][PASSED] - mybeam = mybeam: null

2020-02-14 09:50:53 - [TEST_STEP][PASSED] - myuff = myuff: null

2020-02-14 09:50:53 - [TEST_STEP][PASSED] - myplan = myplan: null

2020-02-14 09:50:53 - [TEST_STEP][PASSED] - log = new com.kms.katalon.core.logging.KeywordLogger(): null

2020-02-14 09:50:53 - [TEST_STEP][PASSED] - log.logWarning("beam " + mybeam + " zip " + myzip + " upfront fees " + myuff + " plan " + myplan): beam 304 zip 54124 upfront fees 0 plan Liberty 12/25/50/Unlimited

2020-02-14 09:50:53 - [MESSAGE][WARNING] - beam 304 zip 54124 upfront fees 0 plan Liberty 12/25/50/Unlimited

2020-02-14 09:50:53 - [TEST_STEP][PASSED] - setValueToCellByAddress(sheet01, "B" + mycount, beamFail): null

2020-02-14 09:50:53 - [TEST_STEP][PASSED] - setValueToCellByAddress(sheet01, "C" + mycount, uffFail): null

2020-02-14 09:50:53 - [TEST_STEP][PASSED] - mycount = mycount + 1: null

2020-02-14 09:50:53 - [TEST_STEP][PASSED] - setValueToCellByAddress(sheet01, "A" + mycount, "beam " + mybeam + " zip " + myzip + " upfront fees " + myuff + " plan " + myplan): null

2020-02-14 09:50:53 - [TEST_STEP][PASSED] - setValueToCellByAddress(sheet01, "D" + mycount, myplan): null

2020-02-14 09:50:53 - [TEST_STEP][PASSED] - sendRequestAndVerify(findTestObject("Exede_Zip", ["myzip":myzip])): Send request and verify the response successfully

2020-02-14 09:50:55 - [MESSAGE][INFO] - HAR: /Users/jhampleman/jenkins-beam-tests-master/Reports/20200214_095028/RUN_Exede_Zip_Test/20200214_095028/requests/main/8.har

2020-02-14 09:50:55 - [TEST_CASE][PASSED] - Start Test Case : Verification: Verification accomplished successfully

2020-02-14 09:50:55 - [TEST_STEP][PASSED] - request = getInstance().getCurrentRequest(): null

2020-02-14 09:50:55 - [TEST_STEP][PASSED] - response = getInstance().getCurrentResponse(): null

2020-02-14 09:50:55 - [TEST_STEP][PASSED] - if (!(verifyElementPropertyValue(response, "data.beam", mybeam))): Verify element property value successfully

2020-02-14 09:50:55 - [MESSAGE][PASSED] - Verify element property value successfully

2020-02-14 09:50:55 - [TEST_STEP][PASSED] - else: null

2020-02-14 09:50:55 - [TEST_STEP][PASSED] - beamFail = "P": null

2020-02-14 09:50:55 - [TEST_STEP][PASSED] - if (!(verifyElementPropertyValue(response, "data.product.down", myuff))): Verify element property value successfully

2020-02-14 09:50:56 - [MESSAGE][PASSED] - Verify element property value successfully

2020-02-14 09:50:56 - [TEST_STEP][PASSED] - else: null

2020-02-14 09:50:56 - [TEST_STEP][PASSED] - uffFail = "P": null

2020-02-14 09:50:56 - [TEST_STEP][PASSED] - jsonSlurper = new groovy.json.JsonSlurper(): null

2020-02-14 09:50:56 - [TEST_STEP][PASSED] - object = jsonSlurper.parseText(response.getResponseText()): null

2020-02-14 09:50:56 - [TEST_STEP][PASSED] - println(object): null

2020-02-14 09:50:56 - [TEST_STEP][PASSED] - mytest = plans: null

2020-02-14 09:50:56 - [TEST_STEP][PASSED] - variable = mytest: null

2020-02-14 09:50:56 - [MESSAGE][PASSED] - Verify response successfully

2020-02-14 09:50:56 - [MESSAGE][PASSED] - Send request and verify the response successfully

2020-02-14 09:50:56 - [TEST_STEP][PASSED] - setValueToCellByAddress(sheet01, "E" + mycount, variable): null

2020-02-14 09:50:56 - [TEST_STEP][PASSED] - saveWorkbook(excelFile01, workbook01): null]]></system-out>
         <system-err><![CDATA[]]></system-err>
      </testcase>
      <testcase name="Test Cases/Test_Beams_by_Zip_to_Excel" time="2.008" classname="Test Cases/Test_Beams_by_Zip_to_Excel" status="PASSED">
         <system-out><![CDATA[2020-02-14 09:50:56 - [TEST_CASE][PASSED] - Test Cases/Test_Beams_by_Zip_to_Excel: Test Cases/Test_Beams_by_Zip_to_Excel

2020-02-14 09:50:56 - [TEST_STEP][PASSED] - excelFile01 = "beams-test-results.xlsx": null

2020-02-14 09:50:56 - [TEST_STEP][PASSED] - ExpectedListSheetFile1 = ["Sheet1"]: null

2020-02-14 09:50:56 - [TEST_STEP][PASSED] - workbookFile01 = getWorkbook(excelFile01): null

2020-02-14 09:50:56 - [TEST_STEP][PASSED] - workbook01 = getWorkbook(excelFile01): null

2020-02-14 09:50:56 - [TEST_STEP][PASSED] - sheet01 = getExcelSheet(workbook01, "Sheet1"): null

2020-02-14 09:50:56 - [TEST_STEP][PASSED] - setValueToCellByAddress(sheet01, "A1", "TEST"): null

2020-02-14 09:50:56 - [TEST_STEP][PASSED] - setValueToCellByAddress(sheet01, "B1", "BEAM"): null

2020-02-14 09:50:56 - [TEST_STEP][PASSED] - setValueToCellByAddress(sheet01, "C1", "UFF"): null

2020-02-14 09:50:56 - [TEST_STEP][PASSED] - setValueToCellByAddress(sheet01, "D1", "PLAN"): null

2020-02-14 09:50:56 - [TEST_STEP][PASSED] - setValueToCellByAddress(sheet01, "E1", "API PLAN"): null

2020-02-14 09:50:56 - [TEST_STEP][PASSED] - mybeam = mybeam: null

2020-02-14 09:50:56 - [TEST_STEP][PASSED] - myuff = myuff: null

2020-02-14 09:50:56 - [TEST_STEP][PASSED] - myplan = myplan: null

2020-02-14 09:50:56 - [TEST_STEP][PASSED] - log = new com.kms.katalon.core.logging.KeywordLogger(): null

2020-02-14 09:50:56 - [TEST_STEP][PASSED] - log.logWarning("beam " + mybeam + " zip " + myzip + " upfront fees " + myuff + " plan " + myplan): beam 305 zip 48661 upfront fees 0 plan VS2 Standard Offer

2020-02-14 09:50:56 - [MESSAGE][WARNING] - beam 305 zip 48661 upfront fees 0 plan VS2 Standard Offer

2020-02-14 09:50:56 - [TEST_STEP][PASSED] - setValueToCellByAddress(sheet01, "B" + mycount, beamFail): null

2020-02-14 09:50:56 - [TEST_STEP][PASSED] - setValueToCellByAddress(sheet01, "C" + mycount, uffFail): null

2020-02-14 09:50:56 - [TEST_STEP][PASSED] - mycount = mycount + 1: null

2020-02-14 09:50:56 - [TEST_STEP][PASSED] - setValueToCellByAddress(sheet01, "A" + mycount, "beam " + mybeam + " zip " + myzip + " upfront fees " + myuff + " plan " + myplan): null

2020-02-14 09:50:56 - [TEST_STEP][PASSED] - setValueToCellByAddress(sheet01, "D" + mycount, myplan): null

2020-02-14 09:50:56 - [TEST_STEP][PASSED] - sendRequestAndVerify(findTestObject("Exede_Zip", ["myzip":myzip])): Send request and verify the response successfully

2020-02-14 09:50:57 - [MESSAGE][INFO] - HAR: /Users/jhampleman/jenkins-beam-tests-master/Reports/20200214_095028/RUN_Exede_Zip_Test/20200214_095028/requests/main/9.har

2020-02-14 09:50:57 - [TEST_CASE][PASSED] - Start Test Case : Verification: Verification accomplished successfully

2020-02-14 09:50:58 - [TEST_STEP][PASSED] - request = getInstance().getCurrentRequest(): null

2020-02-14 09:50:58 - [TEST_STEP][PASSED] - response = getInstance().getCurrentResponse(): null

2020-02-14 09:50:58 - [TEST_STEP][PASSED] - if (!(verifyElementPropertyValue(response, "data.beam", mybeam))): Verify element property value successfully

2020-02-14 09:50:58 - [MESSAGE][PASSED] - Verify element property value successfully

2020-02-14 09:50:58 - [TEST_STEP][PASSED] - else: null

2020-02-14 09:50:58 - [TEST_STEP][PASSED] - beamFail = "P": null

2020-02-14 09:50:58 - [TEST_STEP][PASSED] - if (!(verifyElementPropertyValue(response, "data.product.down", myuff))): Verify element property value successfully

2020-02-14 09:50:58 - [MESSAGE][PASSED] - Verify element property value successfully

2020-02-14 09:50:58 - [TEST_STEP][PASSED] - else: null

2020-02-14 09:50:58 - [TEST_STEP][PASSED] - uffFail = "P": null

2020-02-14 09:50:58 - [TEST_STEP][PASSED] - jsonSlurper = new groovy.json.JsonSlurper(): null

2020-02-14 09:50:58 - [TEST_STEP][PASSED] - object = jsonSlurper.parseText(response.getResponseText()): null

2020-02-14 09:50:58 - [TEST_STEP][PASSED] - println(object): null

2020-02-14 09:50:58 - [TEST_STEP][PASSED] - mytest = plans: null

2020-02-14 09:50:58 - [TEST_STEP][PASSED] - variable = mytest: null

2020-02-14 09:50:58 - [MESSAGE][PASSED] - Verify response successfully

2020-02-14 09:50:58 - [MESSAGE][PASSED] - Send request and verify the response successfully

2020-02-14 09:50:58 - [TEST_STEP][PASSED] - setValueToCellByAddress(sheet01, "E" + mycount, variable): null

2020-02-14 09:50:58 - [TEST_STEP][PASSED] - saveWorkbook(excelFile01, workbook01): null]]></system-out>
         <system-err><![CDATA[]]></system-err>
      </testcase>
      <testcase name="Test Cases/Test_Beams_by_Zip_to_Excel" time="2.03" classname="Test Cases/Test_Beams_by_Zip_to_Excel" status="PASSED">
         <system-out><![CDATA[2020-02-14 09:50:58 - [TEST_CASE][PASSED] - Test Cases/Test_Beams_by_Zip_to_Excel: Test Cases/Test_Beams_by_Zip_to_Excel

2020-02-14 09:50:58 - [TEST_STEP][PASSED] - excelFile01 = "beams-test-results.xlsx": null

2020-02-14 09:50:58 - [TEST_STEP][PASSED] - ExpectedListSheetFile1 = ["Sheet1"]: null

2020-02-14 09:50:58 - [TEST_STEP][PASSED] - workbookFile01 = getWorkbook(excelFile01): null

2020-02-14 09:50:58 - [TEST_STEP][PASSED] - workbook01 = getWorkbook(excelFile01): null

2020-02-14 09:50:58 - [TEST_STEP][PASSED] - sheet01 = getExcelSheet(workbook01, "Sheet1"): null

2020-02-14 09:50:58 - [TEST_STEP][PASSED] - setValueToCellByAddress(sheet01, "A1", "TEST"): null

2020-02-14 09:50:58 - [TEST_STEP][PASSED] - setValueToCellByAddress(sheet01, "B1", "BEAM"): null

2020-02-14 09:50:58 - [TEST_STEP][PASSED] - setValueToCellByAddress(sheet01, "C1", "UFF"): null

2020-02-14 09:50:58 - [TEST_STEP][PASSED] - setValueToCellByAddress(sheet01, "D1", "PLAN"): null

2020-02-14 09:50:58 - [TEST_STEP][PASSED] - setValueToCellByAddress(sheet01, "E1", "API PLAN"): null

2020-02-14 09:50:58 - [TEST_STEP][PASSED] - mybeam = mybeam: null

2020-02-14 09:50:58 - [TEST_STEP][PASSED] - myuff = myuff: null

2020-02-14 09:50:58 - [TEST_STEP][PASSED] - myplan = myplan: null

2020-02-14 09:50:58 - [TEST_STEP][PASSED] - log = new com.kms.katalon.core.logging.KeywordLogger(): null

2020-02-14 09:50:58 - [TEST_STEP][PASSED] - log.logWarning("beam " + mybeam + " zip " + myzip + " upfront fees " + myuff + " plan " + myplan): beam 309 zip 50126 upfront fees 0 plan VS2 Standard Offer

2020-02-14 09:50:58 - [MESSAGE][WARNING] - beam 309 zip 50126 upfront fees 0 plan VS2 Standard Offer

2020-02-14 09:50:58 - [TEST_STEP][PASSED] - setValueToCellByAddress(sheet01, "B" + mycount, beamFail): null

2020-02-14 09:50:58 - [TEST_STEP][PASSED] - setValueToCellByAddress(sheet01, "C" + mycount, uffFail): null

2020-02-14 09:50:58 - [TEST_STEP][PASSED] - mycount = mycount + 1: null

2020-02-14 09:50:58 - [TEST_STEP][PASSED] - setValueToCellByAddress(sheet01, "A" + mycount, "beam " + mybeam + " zip " + myzip + " upfront fees " + myuff + " plan " + myplan): null

2020-02-14 09:50:58 - [TEST_STEP][PASSED] - setValueToCellByAddress(sheet01, "D" + mycount, myplan): null

2020-02-14 09:50:58 - [TEST_STEP][PASSED] - sendRequestAndVerify(findTestObject("Exede_Zip", ["myzip":myzip])): Send request and verify the response successfully

2020-02-14 09:50:59 - [MESSAGE][INFO] - HAR: /Users/jhampleman/jenkins-beam-tests-master/Reports/20200214_095028/RUN_Exede_Zip_Test/20200214_095028/requests/main/10.har

2020-02-14 09:51:00 - [TEST_CASE][PASSED] - Start Test Case : Verification: Verification accomplished successfully

2020-02-14 09:51:00 - [TEST_STEP][PASSED] - request = getInstance().getCurrentRequest(): null

2020-02-14 09:51:00 - [TEST_STEP][PASSED] - response = getInstance().getCurrentResponse(): null

2020-02-14 09:51:00 - [TEST_STEP][PASSED] - if (!(verifyElementPropertyValue(response, "data.beam", mybeam))): Verify element property value successfully

2020-02-14 09:51:00 - [MESSAGE][PASSED] - Verify element property value successfully

2020-02-14 09:51:00 - [TEST_STEP][PASSED] - else: null

2020-02-14 09:51:00 - [TEST_STEP][PASSED] - beamFail = "P": null

2020-02-14 09:51:00 - [TEST_STEP][PASSED] - if (!(verifyElementPropertyValue(response, "data.product.down", myuff))): Verify element property value successfully

2020-02-14 09:51:00 - [MESSAGE][PASSED] - Verify element property value successfully

2020-02-14 09:51:00 - [TEST_STEP][PASSED] - else: null

2020-02-14 09:51:00 - [TEST_STEP][PASSED] - uffFail = "P": null

2020-02-14 09:51:00 - [TEST_STEP][PASSED] - jsonSlurper = new groovy.json.JsonSlurper(): null

2020-02-14 09:51:00 - [TEST_STEP][PASSED] - object = jsonSlurper.parseText(response.getResponseText()): null

2020-02-14 09:51:00 - [TEST_STEP][PASSED] - println(object): null

2020-02-14 09:51:00 - [TEST_STEP][PASSED] - mytest = plans: null

2020-02-14 09:51:00 - [TEST_STEP][PASSED] - variable = mytest: null

2020-02-14 09:51:00 - [MESSAGE][PASSED] - Verify response successfully

2020-02-14 09:51:00 - [MESSAGE][PASSED] - Send request and verify the response successfully

2020-02-14 09:51:00 - [TEST_STEP][PASSED] - setValueToCellByAddress(sheet01, "E" + mycount, variable): null

2020-02-14 09:51:00 - [TEST_STEP][PASSED] - saveWorkbook(excelFile01, workbook01): null]]></system-out>
         <system-err><![CDATA[]]></system-err>
      </testcase>
      <testcase name="Test Cases/Test_Beams_by_Zip_to_Excel" time="2.25" classname="Test Cases/Test_Beams_by_Zip_to_Excel" status="PASSED">
         <system-out><![CDATA[2020-02-14 09:51:00 - [TEST_CASE][PASSED] - Test Cases/Test_Beams_by_Zip_to_Excel: Test Cases/Test_Beams_by_Zip_to_Excel

2020-02-14 09:51:00 - [TEST_STEP][PASSED] - excelFile01 = "beams-test-results.xlsx": null

2020-02-14 09:51:00 - [TEST_STEP][PASSED] - ExpectedListSheetFile1 = ["Sheet1"]: null

2020-02-14 09:51:00 - [TEST_STEP][PASSED] - workbookFile01 = getWorkbook(excelFile01): null

2020-02-14 09:51:00 - [TEST_STEP][PASSED] - workbook01 = getWorkbook(excelFile01): null

2020-02-14 09:51:00 - [TEST_STEP][PASSED] - sheet01 = getExcelSheet(workbook01, "Sheet1"): null

2020-02-14 09:51:00 - [TEST_STEP][PASSED] - setValueToCellByAddress(sheet01, "A1", "TEST"): null

2020-02-14 09:51:00 - [TEST_STEP][PASSED] - setValueToCellByAddress(sheet01, "B1", "BEAM"): null

2020-02-14 09:51:00 - [TEST_STEP][PASSED] - setValueToCellByAddress(sheet01, "C1", "UFF"): null

2020-02-14 09:51:00 - [TEST_STEP][PASSED] - setValueToCellByAddress(sheet01, "D1", "PLAN"): null

2020-02-14 09:51:00 - [TEST_STEP][PASSED] - setValueToCellByAddress(sheet01, "E1", "API PLAN"): null

2020-02-14 09:51:00 - [TEST_STEP][PASSED] - mybeam = mybeam: null

2020-02-14 09:51:00 - [TEST_STEP][PASSED] - myuff = myuff: null

2020-02-14 09:51:00 - [TEST_STEP][PASSED] - myplan = myplan: null

2020-02-14 09:51:00 - [TEST_STEP][PASSED] - log = new com.kms.katalon.core.logging.KeywordLogger(): null

2020-02-14 09:51:00 - [TEST_STEP][PASSED] - log.logWarning("beam " + mybeam + " zip " + myzip + " upfront fees " + myuff + " plan " + myplan): beam 310 zip 61032 upfront fees 0 plan VS2 Standard Offer

2020-02-14 09:51:00 - [MESSAGE][WARNING] - beam 310 zip 61032 upfront fees 0 plan VS2 Standard Offer

2020-02-14 09:51:00 - [TEST_STEP][PASSED] - setValueToCellByAddress(sheet01, "B" + mycount, beamFail): null

2020-02-14 09:51:00 - [TEST_STEP][PASSED] - setValueToCellByAddress(sheet01, "C" + mycount, uffFail): null

2020-02-14 09:51:00 - [TEST_STEP][PASSED] - mycount = mycount + 1: null

2020-02-14 09:51:00 - [TEST_STEP][PASSED] - setValueToCellByAddress(sheet01, "A" + mycount, "beam " + mybeam + " zip " + myzip + " upfront fees " + myuff + " plan " + myplan): null

2020-02-14 09:51:00 - [TEST_STEP][PASSED] - setValueToCellByAddress(sheet01, "D" + mycount, myplan): null

2020-02-14 09:51:00 - [TEST_STEP][PASSED] - sendRequestAndVerify(findTestObject("Exede_Zip", ["myzip":myzip])): Send request and verify the response successfully

2020-02-14 09:51:02 - [MESSAGE][INFO] - HAR: /Users/jhampleman/jenkins-beam-tests-master/Reports/20200214_095028/RUN_Exede_Zip_Test/20200214_095028/requests/main/11.har

2020-02-14 09:51:02 - [TEST_CASE][PASSED] - Start Test Case : Verification: Verification accomplished successfully

2020-02-14 09:51:02 - [TEST_STEP][PASSED] - request = getInstance().getCurrentRequest(): null

2020-02-14 09:51:02 - [TEST_STEP][PASSED] - response = getInstance().getCurrentResponse(): null

2020-02-14 09:51:02 - [TEST_STEP][PASSED] - if (!(verifyElementPropertyValue(response, "data.beam", mybeam))): Verify element property value successfully

2020-02-14 09:51:02 - [MESSAGE][PASSED] - Verify element property value successfully

2020-02-14 09:51:02 - [TEST_STEP][PASSED] - else: null

2020-02-14 09:51:02 - [TEST_STEP][PASSED] - beamFail = "P": null

2020-02-14 09:51:02 - [TEST_STEP][PASSED] - if (!(verifyElementPropertyValue(response, "data.product.down", myuff))): Verify element property value successfully

2020-02-14 09:51:02 - [MESSAGE][PASSED] - Verify element property value successfully

2020-02-14 09:51:02 - [TEST_STEP][PASSED] - else: null

2020-02-14 09:51:02 - [TEST_STEP][PASSED] - uffFail = "P": null

2020-02-14 09:51:02 - [TEST_STEP][PASSED] - jsonSlurper = new groovy.json.JsonSlurper(): null

2020-02-14 09:51:02 - [TEST_STEP][PASSED] - object = jsonSlurper.parseText(response.getResponseText()): null

2020-02-14 09:51:02 - [TEST_STEP][PASSED] - println(object): null

2020-02-14 09:51:02 - [TEST_STEP][PASSED] - mytest = plans: null

2020-02-14 09:51:02 - [TEST_STEP][PASSED] - variable = mytest: null

2020-02-14 09:51:02 - [MESSAGE][PASSED] - Verify response successfully

2020-02-14 09:51:02 - [MESSAGE][PASSED] - Send request and verify the response successfully

2020-02-14 09:51:02 - [TEST_STEP][PASSED] - setValueToCellByAddress(sheet01, "E" + mycount, variable): null

2020-02-14 09:51:02 - [TEST_STEP][PASSED] - saveWorkbook(excelFile01, workbook01): null]]></system-out>
         <system-err><![CDATA[]]></system-err>
      </testcase>
      <testcase name="Test Cases/Test_Beams_by_Zip_to_Excel" time="2.41" classname="Test Cases/Test_Beams_by_Zip_to_Excel" status="PASSED">
         <system-out><![CDATA[2020-02-14 09:51:02 - [TEST_CASE][PASSED] - Test Cases/Test_Beams_by_Zip_to_Excel: Test Cases/Test_Beams_by_Zip_to_Excel

2020-02-14 09:51:02 - [TEST_STEP][PASSED] - excelFile01 = "beams-test-results.xlsx": null

2020-02-14 09:51:02 - [TEST_STEP][PASSED] - ExpectedListSheetFile1 = ["Sheet1"]: null

2020-02-14 09:51:02 - [TEST_STEP][PASSED] - workbookFile01 = getWorkbook(excelFile01): null

2020-02-14 09:51:02 - [TEST_STEP][PASSED] - workbook01 = getWorkbook(excelFile01): null

2020-02-14 09:51:02 - [TEST_STEP][PASSED] - sheet01 = getExcelSheet(workbook01, "Sheet1"): null

2020-02-14 09:51:02 - [TEST_STEP][PASSED] - setValueToCellByAddress(sheet01, "A1", "TEST"): null

2020-02-14 09:51:02 - [TEST_STEP][PASSED] - setValueToCellByAddress(sheet01, "B1", "BEAM"): null

2020-02-14 09:51:02 - [TEST_STEP][PASSED] - setValueToCellByAddress(sheet01, "C1", "UFF"): null

2020-02-14 09:51:02 - [TEST_STEP][PASSED] - setValueToCellByAddress(sheet01, "D1", "PLAN"): null

2020-02-14 09:51:02 - [TEST_STEP][PASSED] - setValueToCellByAddress(sheet01, "E1", "API PLAN"): null

2020-02-14 09:51:02 - [TEST_STEP][PASSED] - mybeam = mybeam: null

2020-02-14 09:51:02 - [TEST_STEP][PASSED] - myuff = myuff: null

2020-02-14 09:51:02 - [TEST_STEP][PASSED] - myplan = myplan: null

2020-02-14 09:51:02 - [TEST_STEP][PASSED] - log = new com.kms.katalon.core.logging.KeywordLogger(): null

2020-02-14 09:51:02 - [TEST_STEP][PASSED] - log.logWarning("beam " + mybeam + " zip " + myzip + " upfront fees " + myuff + " plan " + myplan): beam 311 zip 47963 upfront fees 0 plan Liberty 12/25/50/Unlimited

2020-02-14 09:51:02 - [MESSAGE][WARNING] - beam 311 zip 47963 upfront fees 0 plan Liberty 12/25/50/Unlimited

2020-02-14 09:51:02 - [TEST_STEP][PASSED] - setValueToCellByAddress(sheet01, "B" + mycount, beamFail): null

2020-02-14 09:51:02 - [TEST_STEP][PASSED] - setValueToCellByAddress(sheet01, "C" + mycount, uffFail): null

2020-02-14 09:51:02 - [TEST_STEP][PASSED] - mycount = mycount + 1: null

2020-02-14 09:51:02 - [TEST_STEP][PASSED] - setValueToCellByAddress(sheet01, "A" + mycount, "beam " + mybeam + " zip " + myzip + " upfront fees " + myuff + " plan " + myplan): null

2020-02-14 09:51:02 - [TEST_STEP][PASSED] - setValueToCellByAddress(sheet01, "D" + mycount, myplan): null

2020-02-14 09:51:02 - [TEST_STEP][PASSED] - sendRequestAndVerify(findTestObject("Exede_Zip", ["myzip":myzip])): Send request and verify the response successfully

2020-02-14 09:51:04 - [MESSAGE][INFO] - HAR: /Users/jhampleman/jenkins-beam-tests-master/Reports/20200214_095028/RUN_Exede_Zip_Test/20200214_095028/requests/main/12.har

2020-02-14 09:51:04 - [TEST_CASE][PASSED] - Start Test Case : Verification: Verification accomplished successfully

2020-02-14 09:51:04 - [TEST_STEP][PASSED] - request = getInstance().getCurrentRequest(): null

2020-02-14 09:51:04 - [TEST_STEP][PASSED] - response = getInstance().getCurrentResponse(): null

2020-02-14 09:51:04 - [TEST_STEP][PASSED] - if (!(verifyElementPropertyValue(response, "data.beam", mybeam))): Verify element property value successfully

2020-02-14 09:51:04 - [MESSAGE][PASSED] - Verify element property value successfully

2020-02-14 09:51:04 - [TEST_STEP][PASSED] - else: null

2020-02-14 09:51:04 - [TEST_STEP][PASSED] - beamFail = "P": null

2020-02-14 09:51:04 - [TEST_STEP][PASSED] - if (!(verifyElementPropertyValue(response, "data.product.down", myuff))): Verify element property value successfully

2020-02-14 09:51:04 - [MESSAGE][PASSED] - Verify element property value successfully

2020-02-14 09:51:04 - [TEST_STEP][PASSED] - else: null

2020-02-14 09:51:04 - [TEST_STEP][PASSED] - uffFail = "P": null

2020-02-14 09:51:04 - [TEST_STEP][PASSED] - jsonSlurper = new groovy.json.JsonSlurper(): null

2020-02-14 09:51:04 - [TEST_STEP][PASSED] - object = jsonSlurper.parseText(response.getResponseText()): null

2020-02-14 09:51:04 - [TEST_STEP][PASSED] - println(object): null

2020-02-14 09:51:04 - [TEST_STEP][PASSED] - mytest = plans: null

2020-02-14 09:51:04 - [TEST_STEP][PASSED] - variable = mytest: null

2020-02-14 09:51:04 - [MESSAGE][PASSED] - Verify response successfully

2020-02-14 09:51:04 - [MESSAGE][PASSED] - Send request and verify the response successfully

2020-02-14 09:51:04 - [TEST_STEP][PASSED] - setValueToCellByAddress(sheet01, "E" + mycount, variable): null

2020-02-14 09:51:04 - [TEST_STEP][PASSED] - saveWorkbook(excelFile01, workbook01): null]]></system-out>
         <system-err><![CDATA[]]></system-err>
      </testcase>
      <testcase name="Test Cases/Test_Beams_by_Zip_to_Excel" time="2.039" classname="Test Cases/Test_Beams_by_Zip_to_Excel" status="PASSED">
         <system-out><![CDATA[2020-02-14 09:51:04 - [TEST_CASE][PASSED] - Test Cases/Test_Beams_by_Zip_to_Excel: Test Cases/Test_Beams_by_Zip_to_Excel

2020-02-14 09:51:04 - [TEST_STEP][PASSED] - excelFile01 = "beams-test-results.xlsx": null

2020-02-14 09:51:04 - [TEST_STEP][PASSED] - ExpectedListSheetFile1 = ["Sheet1"]: null

2020-02-14 09:51:04 - [TEST_STEP][PASSED] - workbookFile01 = getWorkbook(excelFile01): null

2020-02-14 09:51:04 - [TEST_STEP][PASSED] - workbook01 = getWorkbook(excelFile01): null

2020-02-14 09:51:04 - [TEST_STEP][PASSED] - sheet01 = getExcelSheet(workbook01, "Sheet1"): null

2020-02-14 09:51:04 - [TEST_STEP][PASSED] - setValueToCellByAddress(sheet01, "A1", "TEST"): null

2020-02-14 09:51:04 - [TEST_STEP][PASSED] - setValueToCellByAddress(sheet01, "B1", "BEAM"): null

2020-02-14 09:51:04 - [TEST_STEP][PASSED] - setValueToCellByAddress(sheet01, "C1", "UFF"): null

2020-02-14 09:51:04 - [TEST_STEP][PASSED] - setValueToCellByAddress(sheet01, "D1", "PLAN"): null

2020-02-14 09:51:04 - [TEST_STEP][PASSED] - setValueToCellByAddress(sheet01, "E1", "API PLAN"): null

2020-02-14 09:51:04 - [TEST_STEP][PASSED] - mybeam = mybeam: null

2020-02-14 09:51:04 - [TEST_STEP][PASSED] - myuff = myuff: null

2020-02-14 09:51:04 - [TEST_STEP][PASSED] - myplan = myplan: null

2020-02-14 09:51:04 - [TEST_STEP][PASSED] - log = new com.kms.katalon.core.logging.KeywordLogger(): null

2020-02-14 09:51:04 - [TEST_STEP][PASSED] - log.logWarning("beam " + mybeam + " zip " + myzip + " upfront fees " + myuff + " plan " + myplan): beam 312 zip 46777 upfront fees 0 plan Liberty 12/25/50/Unlimited

2020-02-14 09:51:04 - [MESSAGE][WARNING] - beam 312 zip 46777 upfront fees 0 plan Liberty 12/25/50/Unlimited

2020-02-14 09:51:04 - [TEST_STEP][PASSED] - setValueToCellByAddress(sheet01, "B" + mycount, beamFail): null

2020-02-14 09:51:04 - [TEST_STEP][PASSED] - setValueToCellByAddress(sheet01, "C" + mycount, uffFail): null

2020-02-14 09:51:04 - [TEST_STEP][PASSED] - mycount = mycount + 1: null

2020-02-14 09:51:04 - [TEST_STEP][PASSED] - setValueToCellByAddress(sheet01, "A" + mycount, "beam " + mybeam + " zip " + myzip + " upfront fees " + myuff + " plan " + myplan): null

2020-02-14 09:51:04 - [TEST_STEP][PASSED] - setValueToCellByAddress(sheet01, "D" + mycount, myplan): null

2020-02-14 09:51:04 - [TEST_STEP][PASSED] - sendRequestAndVerify(findTestObject("Exede_Zip", ["myzip":myzip])): Send request and verify the response successfully

2020-02-14 09:51:06 - [MESSAGE][INFO] - HAR: /Users/jhampleman/jenkins-beam-tests-master/Reports/20200214_095028/RUN_Exede_Zip_Test/20200214_095028/requests/main/13.har

2020-02-14 09:51:06 - [TEST_CASE][PASSED] - Start Test Case : Verification: Verification accomplished successfully

2020-02-14 09:51:06 - [TEST_STEP][PASSED] - request = getInstance().getCurrentRequest(): null

2020-02-14 09:51:06 - [TEST_STEP][PASSED] - response = getInstance().getCurrentResponse(): null

2020-02-14 09:51:06 - [TEST_STEP][PASSED] - if (!(verifyElementPropertyValue(response, "data.beam", mybeam))): Verify element property value successfully

2020-02-14 09:51:06 - [MESSAGE][PASSED] - Verify element property value successfully

2020-02-14 09:51:06 - [TEST_STEP][PASSED] - else: null

2020-02-14 09:51:06 - [TEST_STEP][PASSED] - beamFail = "P": null

2020-02-14 09:51:06 - [TEST_STEP][PASSED] - if (!(verifyElementPropertyValue(response, "data.product.down", myuff))): Verify element property value successfully

2020-02-14 09:51:06 - [MESSAGE][PASSED] - Verify element property value successfully

2020-02-14 09:51:06 - [TEST_STEP][PASSED] - else: null

2020-02-14 09:51:06 - [TEST_STEP][PASSED] - uffFail = "P": null

2020-02-14 09:51:06 - [TEST_STEP][PASSED] - jsonSlurper = new groovy.json.JsonSlurper(): null

2020-02-14 09:51:06 - [TEST_STEP][PASSED] - object = jsonSlurper.parseText(response.getResponseText()): null

2020-02-14 09:51:06 - [TEST_STEP][PASSED] - println(object): null

2020-02-14 09:51:06 - [TEST_STEP][PASSED] - mytest = plans: null

2020-02-14 09:51:06 - [TEST_STEP][PASSED] - variable = mytest: null

2020-02-14 09:51:06 - [MESSAGE][PASSED] - Verify response successfully

2020-02-14 09:51:06 - [MESSAGE][PASSED] - Send request and verify the response successfully

2020-02-14 09:51:06 - [TEST_STEP][PASSED] - setValueToCellByAddress(sheet01, "E" + mycount, variable): null

2020-02-14 09:51:06 - [TEST_STEP][PASSED] - saveWorkbook(excelFile01, workbook01): null]]></system-out>
         <system-err><![CDATA[]]></system-err>
      </testcase>
      <testcase name="Test Cases/Test_Beams_by_Zip_to_Excel" time="1.902" classname="Test Cases/Test_Beams_by_Zip_to_Excel" status="PASSED">
         <system-out><![CDATA[2020-02-14 09:51:06 - [TEST_CASE][PASSED] - Test Cases/Test_Beams_by_Zip_to_Excel: Test Cases/Test_Beams_by_Zip_to_Excel

2020-02-14 09:51:06 - [TEST_STEP][PASSED] - excelFile01 = "beams-test-results.xlsx": null

2020-02-14 09:51:06 - [TEST_STEP][PASSED] - ExpectedListSheetFile1 = ["Sheet1"]: null

2020-02-14 09:51:06 - [TEST_STEP][PASSED] - workbookFile01 = getWorkbook(excelFile01): null

2020-02-14 09:51:06 - [TEST_STEP][PASSED] - workbook01 = getWorkbook(excelFile01): null

2020-02-14 09:51:06 - [TEST_STEP][PASSED] - sheet01 = getExcelSheet(workbook01, "Sheet1"): null

2020-02-14 09:51:06 - [TEST_STEP][PASSED] - setValueToCellByAddress(sheet01, "A1", "TEST"): null

2020-02-14 09:51:06 - [TEST_STEP][PASSED] - setValueToCellByAddress(sheet01, "B1", "BEAM"): null

2020-02-14 09:51:06 - [TEST_STEP][PASSED] - setValueToCellByAddress(sheet01, "C1", "UFF"): null

2020-02-14 09:51:06 - [TEST_STEP][PASSED] - setValueToCellByAddress(sheet01, "D1", "PLAN"): null

2020-02-14 09:51:06 - [TEST_STEP][PASSED] - setValueToCellByAddress(sheet01, "E1", "API PLAN"): null

2020-02-14 09:51:06 - [TEST_STEP][PASSED] - mybeam = mybeam: null

2020-02-14 09:51:06 - [TEST_STEP][PASSED] - myuff = myuff: null

2020-02-14 09:51:06 - [TEST_STEP][PASSED] - myplan = myplan: null

2020-02-14 09:51:06 - [TEST_STEP][PASSED] - log = new com.kms.katalon.core.logging.KeywordLogger(): null

2020-02-14 09:51:06 - [TEST_STEP][PASSED] - log.logWarning("beam " + mybeam + " zip " + myzip + " upfront fees " + myuff + " plan " + myplan): beam 314 zip 13730 upfront fees 0 plan VS2 Standard Offer

2020-02-14 09:51:06 - [MESSAGE][WARNING] - beam 314 zip 13730 upfront fees 0 plan VS2 Standard Offer

2020-02-14 09:51:06 - [TEST_STEP][PASSED] - setValueToCellByAddress(sheet01, "B" + mycount, beamFail): null

2020-02-14 09:51:06 - [TEST_STEP][PASSED] - setValueToCellByAddress(sheet01, "C" + mycount, uffFail): null

2020-02-14 09:51:06 - [TEST_STEP][PASSED] - mycount = mycount + 1: null

2020-02-14 09:51:06 - [TEST_STEP][PASSED] - setValueToCellByAddress(sheet01, "A" + mycount, "beam " + mybeam + " zip " + myzip + " upfront fees " + myuff + " plan " + myplan): null

2020-02-14 09:51:06 - [TEST_STEP][PASSED] - setValueToCellByAddress(sheet01, "D" + mycount, myplan): null

2020-02-14 09:51:06 - [TEST_STEP][PASSED] - sendRequestAndVerify(findTestObject("Exede_Zip", ["myzip":myzip])): Send request and verify the response successfully

2020-02-14 09:51:08 - [MESSAGE][INFO] - HAR: /Users/jhampleman/jenkins-beam-tests-master/Reports/20200214_095028/RUN_Exede_Zip_Test/20200214_095028/requests/main/14.har

2020-02-14 09:51:08 - [TEST_CASE][PASSED] - Start Test Case : Verification: Verification accomplished successfully

2020-02-14 09:51:08 - [TEST_STEP][PASSED] - request = getInstance().getCurrentRequest(): null

2020-02-14 09:51:08 - [TEST_STEP][PASSED] - response = getInstance().getCurrentResponse(): null

2020-02-14 09:51:08 - [TEST_STEP][PASSED] - if (!(verifyElementPropertyValue(response, "data.beam", mybeam))): Verify element property value successfully

2020-02-14 09:51:08 - [MESSAGE][PASSED] - Verify element property value successfully

2020-02-14 09:51:08 - [TEST_STEP][PASSED] - else: null

2020-02-14 09:51:08 - [TEST_STEP][PASSED] - beamFail = "P": null

2020-02-14 09:51:08 - [TEST_STEP][PASSED] - if (!(verifyElementPropertyValue(response, "data.product.down", myuff))): Verify element property value successfully

2020-02-14 09:51:08 - [MESSAGE][PASSED] - Verify element property value successfully

2020-02-14 09:51:08 - [TEST_STEP][PASSED] - else: null

2020-02-14 09:51:08 - [TEST_STEP][PASSED] - uffFail = "P": null

2020-02-14 09:51:08 - [TEST_STEP][PASSED] - jsonSlurper = new groovy.json.JsonSlurper(): null

2020-02-14 09:51:08 - [TEST_STEP][PASSED] - object = jsonSlurper.parseText(response.getResponseText()): null

2020-02-14 09:51:08 - [TEST_STEP][PASSED] - println(object): null

2020-02-14 09:51:08 - [TEST_STEP][PASSED] - mytest = plans: null

2020-02-14 09:51:08 - [TEST_STEP][PASSED] - variable = mytest: null

2020-02-14 09:51:08 - [MESSAGE][PASSED] - Verify response successfully

2020-02-14 09:51:08 - [MESSAGE][PASSED] - Send request and verify the response successfully

2020-02-14 09:51:08 - [TEST_STEP][PASSED] - setValueToCellByAddress(sheet01, "E" + mycount, variable): null

2020-02-14 09:51:08 - [TEST_STEP][PASSED] - saveWorkbook(excelFile01, workbook01): null]]></system-out>
         <system-err><![CDATA[]]></system-err>
      </testcase>
      <testcase name="Test Cases/Test_Beams_by_Zip_to_Excel" time="1.944" classname="Test Cases/Test_Beams_by_Zip_to_Excel" status="PASSED">
         <system-out><![CDATA[2020-02-14 09:51:08 - [TEST_CASE][PASSED] - Test Cases/Test_Beams_by_Zip_to_Excel: Test Cases/Test_Beams_by_Zip_to_Excel

2020-02-14 09:51:08 - [TEST_STEP][PASSED] - excelFile01 = "beams-test-results.xlsx": null

2020-02-14 09:51:08 - [TEST_STEP][PASSED] - ExpectedListSheetFile1 = ["Sheet1"]: null

2020-02-14 09:51:08 - [TEST_STEP][PASSED] - workbookFile01 = getWorkbook(excelFile01): null

2020-02-14 09:51:08 - [TEST_STEP][PASSED] - workbook01 = getWorkbook(excelFile01): null

2020-02-14 09:51:08 - [TEST_STEP][PASSED] - sheet01 = getExcelSheet(workbook01, "Sheet1"): null

2020-02-14 09:51:08 - [TEST_STEP][PASSED] - setValueToCellByAddress(sheet01, "A1", "TEST"): null

2020-02-14 09:51:08 - [TEST_STEP][PASSED] - setValueToCellByAddress(sheet01, "B1", "BEAM"): null

2020-02-14 09:51:08 - [TEST_STEP][PASSED] - setValueToCellByAddress(sheet01, "C1", "UFF"): null

2020-02-14 09:51:08 - [TEST_STEP][PASSED] - setValueToCellByAddress(sheet01, "D1", "PLAN"): null

2020-02-14 09:51:08 - [TEST_STEP][PASSED] - setValueToCellByAddress(sheet01, "E1", "API PLAN"): null

2020-02-14 09:51:08 - [TEST_STEP][PASSED] - mybeam = mybeam: null

2020-02-14 09:51:08 - [TEST_STEP][PASSED] - myuff = myuff: null

2020-02-14 09:51:08 - [TEST_STEP][PASSED] - myplan = myplan: null

2020-02-14 09:51:08 - [TEST_STEP][PASSED] - log = new com.kms.katalon.core.logging.KeywordLogger(): null

2020-02-14 09:51:08 - [TEST_STEP][PASSED] - log.logWarning("beam " + mybeam + " zip " + myzip + " upfront fees " + myuff + " plan " + myplan): beam 315 zip 12208 upfront fees 150 plan Liberty 12/25/50/Unlimited

2020-02-14 09:51:08 - [MESSAGE][WARNING] - beam 315 zip 12208 upfront fees 150 plan Liberty 12/25/50/Unlimited

2020-02-14 09:51:08 - [TEST_STEP][PASSED] - setValueToCellByAddress(sheet01, "B" + mycount, beamFail): null

2020-02-14 09:51:08 - [TEST_STEP][PASSED] - setValueToCellByAddress(sheet01, "C" + mycount, uffFail): null

2020-02-14 09:51:08 - [TEST_STEP][PASSED] - mycount = mycount + 1: null

2020-02-14 09:51:08 - [TEST_STEP][PASSED] - setValueToCellByAddress(sheet01, "A" + mycount, "beam " + mybeam + " zip " + myzip + " upfront fees " + myuff + " plan " + myplan): null

2020-02-14 09:51:08 - [TEST_STEP][PASSED] - setValueToCellByAddress(sheet01, "D" + mycount, myplan): null

2020-02-14 09:51:08 - [TEST_STEP][PASSED] - sendRequestAndVerify(findTestObject("Exede_Zip", ["myzip":myzip])): Send request and verify the response successfully

2020-02-14 09:51:10 - [MESSAGE][INFO] - HAR: /Users/jhampleman/jenkins-beam-tests-master/Reports/20200214_095028/RUN_Exede_Zip_Test/20200214_095028/requests/main/15.har

2020-02-14 09:51:10 - [TEST_CASE][PASSED] - Start Test Case : Verification: Verification accomplished successfully

2020-02-14 09:51:10 - [TEST_STEP][PASSED] - request = getInstance().getCurrentRequest(): null

2020-02-14 09:51:10 - [TEST_STEP][PASSED] - response = getInstance().getCurrentResponse(): null

2020-02-14 09:51:10 - [TEST_STEP][PASSED] - if (!(verifyElementPropertyValue(response, "data.beam", mybeam))): Verify element property value successfully

2020-02-14 09:51:10 - [MESSAGE][PASSED] - Verify element property value successfully

2020-02-14 09:51:10 - [TEST_STEP][PASSED] - else: null

2020-02-14 09:51:10 - [TEST_STEP][PASSED] - beamFail = "P": null

2020-02-14 09:51:10 - [TEST_STEP][PASSED] - if (!(verifyElementPropertyValue(response, "data.product.down", myuff))): Verify element property value successfully

2020-02-14 09:51:10 - [MESSAGE][PASSED] - Verify element property value successfully

2020-02-14 09:51:10 - [TEST_STEP][PASSED] - else: null

2020-02-14 09:51:10 - [TEST_STEP][PASSED] - uffFail = "P": null

2020-02-14 09:51:10 - [TEST_STEP][PASSED] - jsonSlurper = new groovy.json.JsonSlurper(): null

2020-02-14 09:51:10 - [TEST_STEP][PASSED] - object = jsonSlurper.parseText(response.getResponseText()): null

2020-02-14 09:51:10 - [TEST_STEP][PASSED] - println(object): null

2020-02-14 09:51:10 - [TEST_STEP][PASSED] - mytest = plans: null

2020-02-14 09:51:10 - [TEST_STEP][PASSED] - variable = mytest: null

2020-02-14 09:51:10 - [MESSAGE][PASSED] - Verify response successfully

2020-02-14 09:51:10 - [MESSAGE][PASSED] - Send request and verify the response successfully

2020-02-14 09:51:10 - [TEST_STEP][PASSED] - setValueToCellByAddress(sheet01, "E" + mycount, variable): null

2020-02-14 09:51:10 - [TEST_STEP][PASSED] - saveWorkbook(excelFile01, workbook01): null]]></system-out>
         <system-err><![CDATA[]]></system-err>
      </testcase>
      <testcase name="Test Cases/Test_Beams_by_Zip_to_Excel" time="1.894" classname="Test Cases/Test_Beams_by_Zip_to_Excel" status="PASSED">
         <system-out><![CDATA[2020-02-14 09:51:10 - [TEST_CASE][PASSED] - Test Cases/Test_Beams_by_Zip_to_Excel: Test Cases/Test_Beams_by_Zip_to_Excel

2020-02-14 09:51:10 - [TEST_STEP][PASSED] - excelFile01 = "beams-test-results.xlsx": null

2020-02-14 09:51:10 - [TEST_STEP][PASSED] - ExpectedListSheetFile1 = ["Sheet1"]: null

2020-02-14 09:51:10 - [TEST_STEP][PASSED] - workbookFile01 = getWorkbook(excelFile01): null

2020-02-14 09:51:10 - [TEST_STEP][PASSED] - workbook01 = getWorkbook(excelFile01): null

2020-02-14 09:51:10 - [TEST_STEP][PASSED] - sheet01 = getExcelSheet(workbook01, "Sheet1"): null

2020-02-14 09:51:10 - [TEST_STEP][PASSED] - setValueToCellByAddress(sheet01, "A1", "TEST"): null

2020-02-14 09:51:10 - [TEST_STEP][PASSED] - setValueToCellByAddress(sheet01, "B1", "BEAM"): null

2020-02-14 09:51:10 - [TEST_STEP][PASSED] - setValueToCellByAddress(sheet01, "C1", "UFF"): null

2020-02-14 09:51:10 - [TEST_STEP][PASSED] - setValueToCellByAddress(sheet01, "D1", "PLAN"): null

2020-02-14 09:51:10 - [TEST_STEP][PASSED] - setValueToCellByAddress(sheet01, "E1", "API PLAN"): null

2020-02-14 09:51:10 - [TEST_STEP][PASSED] - mybeam = mybeam: null

2020-02-14 09:51:10 - [TEST_STEP][PASSED] - myuff = myuff: null

2020-02-14 09:51:10 - [TEST_STEP][PASSED] - myplan = myplan: null

2020-02-14 09:51:10 - [TEST_STEP][PASSED] - log = new com.kms.katalon.core.logging.KeywordLogger(): null

2020-02-14 09:51:10 - [TEST_STEP][PASSED] - log.logWarning("beam " + mybeam + " zip " + myzip + " upfront fees " + myuff + " plan " + myplan): beam 317 zip 62702 upfront fees 0 plan VS2 Standard Offer

2020-02-14 09:51:10 - [MESSAGE][WARNING] - beam 317 zip 62702 upfront fees 0 plan VS2 Standard Offer

2020-02-14 09:51:10 - [TEST_STEP][PASSED] - setValueToCellByAddress(sheet01, "B" + mycount, beamFail): null

2020-02-14 09:51:10 - [TEST_STEP][PASSED] - setValueToCellByAddress(sheet01, "C" + mycount, uffFail): null

2020-02-14 09:51:10 - [TEST_STEP][PASSED] - mycount = mycount + 1: null

2020-02-14 09:51:10 - [TEST_STEP][PASSED] - setValueToCellByAddress(sheet01, "A" + mycount, "beam " + mybeam + " zip " + myzip + " upfront fees " + myuff + " plan " + myplan): null

2020-02-14 09:51:10 - [TEST_STEP][PASSED] - setValueToCellByAddress(sheet01, "D" + mycount, myplan): null

2020-02-14 09:51:10 - [TEST_STEP][PASSED] - sendRequestAndVerify(findTestObject("Exede_Zip", ["myzip":myzip])): Send request and verify the response successfully

2020-02-14 09:51:12 - [MESSAGE][INFO] - HAR: /Users/jhampleman/jenkins-beam-tests-master/Reports/20200214_095028/RUN_Exede_Zip_Test/20200214_095028/requests/main/16.har

2020-02-14 09:51:12 - [TEST_CASE][PASSED] - Start Test Case : Verification: Verification accomplished successfully

2020-02-14 09:51:12 - [TEST_STEP][PASSED] - request = getInstance().getCurrentRequest(): null

2020-02-14 09:51:12 - [TEST_STEP][PASSED] - response = getInstance().getCurrentResponse(): null

2020-02-14 09:51:12 - [TEST_STEP][PASSED] - if (!(verifyElementPropertyValue(response, "data.beam", mybeam))): Verify element property value successfully

2020-02-14 09:51:12 - [MESSAGE][PASSED] - Verify element property value successfully

2020-02-14 09:51:12 - [TEST_STEP][PASSED] - else: null

2020-02-14 09:51:12 - [TEST_STEP][PASSED] - beamFail = "P": null

2020-02-14 09:51:12 - [TEST_STEP][PASSED] - if (!(verifyElementPropertyValue(response, "data.product.down", myuff))): Verify element property value successfully

2020-02-14 09:51:12 - [MESSAGE][PASSED] - Verify element property value successfully

2020-02-14 09:51:12 - [TEST_STEP][PASSED] - else: null

2020-02-14 09:51:12 - [TEST_STEP][PASSED] - uffFail = "P": null

2020-02-14 09:51:12 - [TEST_STEP][PASSED] - jsonSlurper = new groovy.json.JsonSlurper(): null

2020-02-14 09:51:12 - [TEST_STEP][PASSED] - object = jsonSlurper.parseText(response.getResponseText()): null

2020-02-14 09:51:12 - [TEST_STEP][PASSED] - println(object): null

2020-02-14 09:51:12 - [TEST_STEP][PASSED] - mytest = plans: null

2020-02-14 09:51:12 - [TEST_STEP][PASSED] - variable = mytest: null

2020-02-14 09:51:12 - [MESSAGE][PASSED] - Verify response successfully

2020-02-14 09:51:12 - [MESSAGE][PASSED] - Send request and verify the response successfully

2020-02-14 09:51:12 - [TEST_STEP][PASSED] - setValueToCellByAddress(sheet01, "E" + mycount, variable): null

2020-02-14 09:51:12 - [TEST_STEP][PASSED] - saveWorkbook(excelFile01, workbook01): null]]></system-out>
         <system-err><![CDATA[]]></system-err>
      </testcase>
      <testcase name="Test Cases/Test_Beams_by_Zip_to_Excel" time="2.146" classname="Test Cases/Test_Beams_by_Zip_to_Excel" status="PASSED">
         <system-out><![CDATA[2020-02-14 09:51:12 - [TEST_CASE][PASSED] - Test Cases/Test_Beams_by_Zip_to_Excel: Test Cases/Test_Beams_by_Zip_to_Excel

2020-02-14 09:51:12 - [TEST_STEP][PASSED] - excelFile01 = "beams-test-results.xlsx": null

2020-02-14 09:51:12 - [TEST_STEP][PASSED] - ExpectedListSheetFile1 = ["Sheet1"]: null

2020-02-14 09:51:12 - [TEST_STEP][PASSED] - workbookFile01 = getWorkbook(excelFile01): null

2020-02-14 09:51:12 - [TEST_STEP][PASSED] - workbook01 = getWorkbook(excelFile01): null

2020-02-14 09:51:12 - [TEST_STEP][PASSED] - sheet01 = getExcelSheet(workbook01, "Sheet1"): null

2020-02-14 09:51:12 - [TEST_STEP][PASSED] - setValueToCellByAddress(sheet01, "A1", "TEST"): null

2020-02-14 09:51:12 - [TEST_STEP][PASSED] - setValueToCellByAddress(sheet01, "B1", "BEAM"): null

2020-02-14 09:51:12 - [TEST_STEP][PASSED] - setValueToCellByAddress(sheet01, "C1", "UFF"): null

2020-02-14 09:51:12 - [TEST_STEP][PASSED] - setValueToCellByAddress(sheet01, "D1", "PLAN"): null

2020-02-14 09:51:12 - [TEST_STEP][PASSED] - setValueToCellByAddress(sheet01, "E1", "API PLAN"): null

2020-02-14 09:51:12 - [TEST_STEP][PASSED] - mybeam = mybeam: null

2020-02-14 09:51:12 - [TEST_STEP][PASSED] - myuff = myuff: null

2020-02-14 09:51:12 - [TEST_STEP][PASSED] - myplan = myplan: null

2020-02-14 09:51:12 - [TEST_STEP][PASSED] - log = new com.kms.katalon.core.logging.KeywordLogger(): null

2020-02-14 09:51:12 - [TEST_STEP][PASSED] - log.logWarning("beam " + mybeam + " zip " + myzip + " upfront fees " + myuff + " plan " + myplan): beam 319 zip 45414 upfront fees 0 plan VS2 Standard Offer

2020-02-14 09:51:12 - [MESSAGE][WARNING] - beam 319 zip 45414 upfront fees 0 plan VS2 Standard Offer

2020-02-14 09:51:12 - [TEST_STEP][PASSED] - setValueToCellByAddress(sheet01, "B" + mycount, beamFail): null

2020-02-14 09:51:12 - [TEST_STEP][PASSED] - setValueToCellByAddress(sheet01, "C" + mycount, uffFail): null

2020-02-14 09:51:12 - [TEST_STEP][PASSED] - mycount = mycount + 1: null

2020-02-14 09:51:12 - [TEST_STEP][PASSED] - setValueToCellByAddress(sheet01, "A" + mycount, "beam " + mybeam + " zip " + myzip + " upfront fees " + myuff + " plan " + myplan): null

2020-02-14 09:51:12 - [TEST_STEP][PASSED] - setValueToCellByAddress(sheet01, "D" + mycount, myplan): null

2020-02-14 09:51:12 - [TEST_STEP][PASSED] - sendRequestAndVerify(findTestObject("Exede_Zip", ["myzip":myzip])): Send request and verify the response successfully

2020-02-14 09:51:14 - [MESSAGE][INFO] - HAR: /Users/jhampleman/jenkins-beam-tests-master/Reports/20200214_095028/RUN_Exede_Zip_Test/20200214_095028/requests/main/17.har

2020-02-14 09:51:14 - [TEST_CASE][PASSED] - Start Test Case : Verification: Verification accomplished successfully

2020-02-14 09:51:14 - [TEST_STEP][PASSED] - request = getInstance().getCurrentRequest(): null

2020-02-14 09:51:14 - [TEST_STEP][PASSED] - response = getInstance().getCurrentResponse(): null

2020-02-14 09:51:14 - [TEST_STEP][PASSED] - if (!(verifyElementPropertyValue(response, "data.beam", mybeam))): Verify element property value successfully

2020-02-14 09:51:14 - [MESSAGE][PASSED] - Verify element property value successfully

2020-02-14 09:51:14 - [TEST_STEP][PASSED] - else: null

2020-02-14 09:51:14 - [TEST_STEP][PASSED] - beamFail = "P": null

2020-02-14 09:51:14 - [TEST_STEP][PASSED] - if (!(verifyElementPropertyValue(response, "data.product.down", myuff))): Verify element property value successfully

2020-02-14 09:51:14 - [MESSAGE][PASSED] - Verify element property value successfully

2020-02-14 09:51:14 - [TEST_STEP][PASSED] - else: null

2020-02-14 09:51:14 - [TEST_STEP][PASSED] - uffFail = "P": null

2020-02-14 09:51:14 - [TEST_STEP][PASSED] - jsonSlurper = new groovy.json.JsonSlurper(): null

2020-02-14 09:51:14 - [TEST_STEP][PASSED] - object = jsonSlurper.parseText(response.getResponseText()): null

2020-02-14 09:51:14 - [TEST_STEP][PASSED] - println(object): null

2020-02-14 09:51:14 - [TEST_STEP][PASSED] - mytest = plans: null

2020-02-14 09:51:14 - [TEST_STEP][PASSED] - variable = mytest: null

2020-02-14 09:51:14 - [MESSAGE][PASSED] - Verify response successfully

2020-02-14 09:51:14 - [MESSAGE][PASSED] - Send request and verify the response successfully

2020-02-14 09:51:14 - [TEST_STEP][PASSED] - setValueToCellByAddress(sheet01, "E" + mycount, variable): null

2020-02-14 09:51:14 - [TEST_STEP][PASSED] - saveWorkbook(excelFile01, workbook01): null]]></system-out>
         <system-err><![CDATA[]]></system-err>
      </testcase>
      <testcase name="Test Cases/Test_Beams_by_Zip_to_Excel" time="2.02" classname="Test Cases/Test_Beams_by_Zip_to_Excel" status="PASSED">
         <system-out><![CDATA[2020-02-14 09:51:14 - [TEST_CASE][PASSED] - Test Cases/Test_Beams_by_Zip_to_Excel: Test Cases/Test_Beams_by_Zip_to_Excel

2020-02-14 09:51:14 - [TEST_STEP][PASSED] - excelFile01 = "beams-test-results.xlsx": null

2020-02-14 09:51:14 - [TEST_STEP][PASSED] - ExpectedListSheetFile1 = ["Sheet1"]: null

2020-02-14 09:51:14 - [TEST_STEP][PASSED] - workbookFile01 = getWorkbook(excelFile01): null

2020-02-14 09:51:14 - [TEST_STEP][PASSED] - workbook01 = getWorkbook(excelFile01): null

2020-02-14 09:51:14 - [TEST_STEP][PASSED] - sheet01 = getExcelSheet(workbook01, "Sheet1"): null

2020-02-14 09:51:14 - [TEST_STEP][PASSED] - setValueToCellByAddress(sheet01, "A1", "TEST"): null

2020-02-14 09:51:14 - [TEST_STEP][PASSED] - setValueToCellByAddress(sheet01, "B1", "BEAM"): null

2020-02-14 09:51:14 - [TEST_STEP][PASSED] - setValueToCellByAddress(sheet01, "C1", "UFF"): null

2020-02-14 09:51:14 - [TEST_STEP][PASSED] - setValueToCellByAddress(sheet01, "D1", "PLAN"): null

2020-02-14 09:51:14 - [TEST_STEP][PASSED] - setValueToCellByAddress(sheet01, "E1", "API PLAN"): null

2020-02-14 09:51:14 - [TEST_STEP][PASSED] - mybeam = mybeam: null

2020-02-14 09:51:14 - [TEST_STEP][PASSED] - myuff = myuff: null

2020-02-14 09:51:14 - [TEST_STEP][PASSED] - myplan = myplan: null

2020-02-14 09:51:14 - [TEST_STEP][PASSED] - log = new com.kms.katalon.core.logging.KeywordLogger(): null

2020-02-14 09:51:14 - [TEST_STEP][PASSED] - log.logWarning("beam " + mybeam + " zip " + myzip + " upfront fees " + myuff + " plan " + myplan): beam 322 zip 08724 upfront fees 150 plan Liberty 12/25/50/Unlimited

2020-02-14 09:51:14 - [MESSAGE][WARNING] - beam 322 zip 08724 upfront fees 150 plan Liberty 12/25/50/Unlimited

2020-02-14 09:51:14 - [TEST_STEP][PASSED] - setValueToCellByAddress(sheet01, "B" + mycount, beamFail): null

2020-02-14 09:51:14 - [TEST_STEP][PASSED] - setValueToCellByAddress(sheet01, "C" + mycount, uffFail): null

2020-02-14 09:51:14 - [TEST_STEP][PASSED] - mycount = mycount + 1: null

2020-02-14 09:51:14 - [TEST_STEP][PASSED] - setValueToCellByAddress(sheet01, "A" + mycount, "beam " + mybeam + " zip " + myzip + " upfront fees " + myuff + " plan " + myplan): null

2020-02-14 09:51:14 - [TEST_STEP][PASSED] - setValueToCellByAddress(sheet01, "D" + mycount, myplan): null

2020-02-14 09:51:14 - [TEST_STEP][PASSED] - sendRequestAndVerify(findTestObject("Exede_Zip", ["myzip":myzip])): Send request and verify the response successfully

2020-02-14 09:51:16 - [MESSAGE][INFO] - HAR: /Users/jhampleman/jenkins-beam-tests-master/Reports/20200214_095028/RUN_Exede_Zip_Test/20200214_095028/requests/main/18.har

2020-02-14 09:51:16 - [TEST_CASE][PASSED] - Start Test Case : Verification: Verification accomplished successfully

2020-02-14 09:51:16 - [TEST_STEP][PASSED] - request = getInstance().getCurrentRequest(): null

2020-02-14 09:51:16 - [TEST_STEP][PASSED] - response = getInstance().getCurrentResponse(): null

2020-02-14 09:51:16 - [TEST_STEP][PASSED] - if (!(verifyElementPropertyValue(response, "data.beam", mybeam))): Verify element property value successfully

2020-02-14 09:51:16 - [MESSAGE][PASSED] - Verify element property value successfully

2020-02-14 09:51:16 - [TEST_STEP][PASSED] - else: null

2020-02-14 09:51:16 - [TEST_STEP][PASSED] - beamFail = "P": null

2020-02-14 09:51:16 - [TEST_STEP][PASSED] - if (!(verifyElementPropertyValue(response, "data.product.down", myuff))): Verify element property value successfully

2020-02-14 09:51:16 - [MESSAGE][PASSED] - Verify element property value successfully

2020-02-14 09:51:16 - [TEST_STEP][PASSED] - else: null

2020-02-14 09:51:16 - [TEST_STEP][PASSED] - uffFail = "P": null

2020-02-14 09:51:16 - [TEST_STEP][PASSED] - jsonSlurper = new groovy.json.JsonSlurper(): null

2020-02-14 09:51:16 - [TEST_STEP][PASSED] - object = jsonSlurper.parseText(response.getResponseText()): null

2020-02-14 09:51:16 - [TEST_STEP][PASSED] - println(object): null

2020-02-14 09:51:16 - [TEST_STEP][PASSED] - mytest = plans: null

2020-02-14 09:51:16 - [TEST_STEP][PASSED] - variable = mytest: null

2020-02-14 09:51:16 - [MESSAGE][PASSED] - Verify response successfully

2020-02-14 09:51:16 - [MESSAGE][PASSED] - Send request and verify the response successfully

2020-02-14 09:51:16 - [TEST_STEP][PASSED] - setValueToCellByAddress(sheet01, "E" + mycount, variable): null

2020-02-14 09:51:16 - [TEST_STEP][PASSED] - saveWorkbook(excelFile01, workbook01): null]]></system-out>
         <system-err><![CDATA[]]></system-err>
      </testcase>
      <testcase name="Test Cases/Test_Beams_by_Zip_to_Excel" time="2.046" classname="Test Cases/Test_Beams_by_Zip_to_Excel" status="PASSED">
         <system-out><![CDATA[2020-02-14 09:51:16 - [TEST_CASE][PASSED] - Test Cases/Test_Beams_by_Zip_to_Excel: Test Cases/Test_Beams_by_Zip_to_Excel

2020-02-14 09:51:16 - [TEST_STEP][PASSED] - excelFile01 = "beams-test-results.xlsx": null

2020-02-14 09:51:16 - [TEST_STEP][PASSED] - ExpectedListSheetFile1 = ["Sheet1"]: null

2020-02-14 09:51:16 - [TEST_STEP][PASSED] - workbookFile01 = getWorkbook(excelFile01): null

2020-02-14 09:51:16 - [TEST_STEP][PASSED] - workbook01 = getWorkbook(excelFile01): null

2020-02-14 09:51:16 - [TEST_STEP][PASSED] - sheet01 = getExcelSheet(workbook01, "Sheet1"): null

2020-02-14 09:51:16 - [TEST_STEP][PASSED] - setValueToCellByAddress(sheet01, "A1", "TEST"): null

2020-02-14 09:51:16 - [TEST_STEP][PASSED] - setValueToCellByAddress(sheet01, "B1", "BEAM"): null

2020-02-14 09:51:16 - [TEST_STEP][PASSED] - setValueToCellByAddress(sheet01, "C1", "UFF"): null

2020-02-14 09:51:16 - [TEST_STEP][PASSED] - setValueToCellByAddress(sheet01, "D1", "PLAN"): null

2020-02-14 09:51:16 - [TEST_STEP][PASSED] - setValueToCellByAddress(sheet01, "E1", "API PLAN"): null

2020-02-14 09:51:16 - [TEST_STEP][PASSED] - mybeam = mybeam: null

2020-02-14 09:51:16 - [TEST_STEP][PASSED] - myuff = myuff: null

2020-02-14 09:51:16 - [TEST_STEP][PASSED] - myplan = myplan: null

2020-02-14 09:51:16 - [TEST_STEP][PASSED] - log = new com.kms.katalon.core.logging.KeywordLogger(): null

2020-02-14 09:51:16 - [TEST_STEP][PASSED] - log.logWarning("beam " + mybeam + " zip " + myzip + " upfront fees " + myuff + " plan " + myplan): beam 325 zip 72401 upfront fees 0 plan Liberty 12/25/50/Unlimited

2020-02-14 09:51:16 - [MESSAGE][WARNING] - beam 325 zip 72401 upfront fees 0 plan Liberty 12/25/50/Unlimited

2020-02-14 09:51:16 - [TEST_STEP][PASSED] - setValueToCellByAddress(sheet01, "B" + mycount, beamFail): null

2020-02-14 09:51:16 - [TEST_STEP][PASSED] - setValueToCellByAddress(sheet01, "C" + mycount, uffFail): null

2020-02-14 09:51:16 - [TEST_STEP][PASSED] - mycount = mycount + 1: null

2020-02-14 09:51:16 - [TEST_STEP][PASSED] - setValueToCellByAddress(sheet01, "A" + mycount, "beam " + mybeam + " zip " + myzip + " upfront fees " + myuff + " plan " + myplan): null

2020-02-14 09:51:16 - [TEST_STEP][PASSED] - setValueToCellByAddress(sheet01, "D" + mycount, myplan): null

2020-02-14 09:51:16 - [TEST_STEP][PASSED] - sendRequestAndVerify(findTestObject("Exede_Zip", ["myzip":myzip])): Send request and verify the response successfully

2020-02-14 09:51:18 - [MESSAGE][INFO] - HAR: /Users/jhampleman/jenkins-beam-tests-master/Reports/20200214_095028/RUN_Exede_Zip_Test/20200214_095028/requests/main/19.har

2020-02-14 09:51:18 - [TEST_CASE][PASSED] - Start Test Case : Verification: Verification accomplished successfully

2020-02-14 09:51:18 - [TEST_STEP][PASSED] - request = getInstance().getCurrentRequest(): null

2020-02-14 09:51:18 - [TEST_STEP][PASSED] - response = getInstance().getCurrentResponse(): null

2020-02-14 09:51:18 - [TEST_STEP][PASSED] - if (!(verifyElementPropertyValue(response, "data.beam", mybeam))): Verify element property value successfully

2020-02-14 09:51:18 - [MESSAGE][PASSED] - Verify element property value successfully

2020-02-14 09:51:18 - [TEST_STEP][PASSED] - else: null

2020-02-14 09:51:18 - [TEST_STEP][PASSED] - beamFail = "P": null

2020-02-14 09:51:18 - [TEST_STEP][PASSED] - if (!(verifyElementPropertyValue(response, "data.product.down", myuff))): Verify element property value successfully

2020-02-14 09:51:18 - [MESSAGE][PASSED] - Verify element property value successfully

2020-02-14 09:51:18 - [TEST_STEP][PASSED] - else: null

2020-02-14 09:51:18 - [TEST_STEP][PASSED] - uffFail = "P": null

2020-02-14 09:51:18 - [TEST_STEP][PASSED] - jsonSlurper = new groovy.json.JsonSlurper(): null

2020-02-14 09:51:18 - [TEST_STEP][PASSED] - object = jsonSlurper.parseText(response.getResponseText()): null

2020-02-14 09:51:18 - [TEST_STEP][PASSED] - println(object): null

2020-02-14 09:51:18 - [TEST_STEP][PASSED] - mytest = plans: null

2020-02-14 09:51:18 - [TEST_STEP][PASSED] - variable = mytest: null

2020-02-14 09:51:18 - [MESSAGE][PASSED] - Verify response successfully

2020-02-14 09:51:18 - [MESSAGE][PASSED] - Send request and verify the response successfully

2020-02-14 09:51:18 - [TEST_STEP][PASSED] - setValueToCellByAddress(sheet01, "E" + mycount, variable): null

2020-02-14 09:51:18 - [TEST_STEP][PASSED] - saveWorkbook(excelFile01, workbook01): null]]></system-out>
         <system-err><![CDATA[]]></system-err>
      </testcase>
      <testcase name="Test Cases/Test_Beams_by_Zip_to_Excel" time="1.91" classname="Test Cases/Test_Beams_by_Zip_to_Excel" status="PASSED">
         <system-out><![CDATA[2020-02-14 09:51:18 - [TEST_CASE][PASSED] - Test Cases/Test_Beams_by_Zip_to_Excel: Test Cases/Test_Beams_by_Zip_to_Excel

2020-02-14 09:51:18 - [TEST_STEP][PASSED] - excelFile01 = "beams-test-results.xlsx": null

2020-02-14 09:51:18 - [TEST_STEP][PASSED] - ExpectedListSheetFile1 = ["Sheet1"]: null

2020-02-14 09:51:18 - [TEST_STEP][PASSED] - workbookFile01 = getWorkbook(excelFile01): null

2020-02-14 09:51:19 - [TEST_STEP][PASSED] - workbook01 = getWorkbook(excelFile01): null

2020-02-14 09:51:19 - [TEST_STEP][PASSED] - sheet01 = getExcelSheet(workbook01, "Sheet1"): null

2020-02-14 09:51:19 - [TEST_STEP][PASSED] - setValueToCellByAddress(sheet01, "A1", "TEST"): null

2020-02-14 09:51:19 - [TEST_STEP][PASSED] - setValueToCellByAddress(sheet01, "B1", "BEAM"): null

2020-02-14 09:51:19 - [TEST_STEP][PASSED] - setValueToCellByAddress(sheet01, "C1", "UFF"): null

2020-02-14 09:51:19 - [TEST_STEP][PASSED] - setValueToCellByAddress(sheet01, "D1", "PLAN"): null

2020-02-14 09:51:19 - [TEST_STEP][PASSED] - setValueToCellByAddress(sheet01, "E1", "API PLAN"): null

2020-02-14 09:51:19 - [TEST_STEP][PASSED] - mybeam = mybeam: null

2020-02-14 09:51:19 - [TEST_STEP][PASSED] - myuff = myuff: null

2020-02-14 09:51:19 - [TEST_STEP][PASSED] - myplan = myplan: null

2020-02-14 09:51:19 - [TEST_STEP][PASSED] - log = new com.kms.katalon.core.logging.KeywordLogger(): null

2020-02-14 09:51:19 - [TEST_STEP][PASSED] - log.logWarning("beam " + mybeam + " zip " + myzip + " upfront fees " + myuff + " plan " + myplan): beam 327 zip 40744 upfront fees 0 plan VS2 Standard Offer

2020-02-14 09:51:19 - [MESSAGE][WARNING] - beam 327 zip 40744 upfront fees 0 plan VS2 Standard Offer

2020-02-14 09:51:19 - [TEST_STEP][PASSED] - setValueToCellByAddress(sheet01, "B" + mycount, beamFail): null

2020-02-14 09:51:19 - [TEST_STEP][PASSED] - setValueToCellByAddress(sheet01, "C" + mycount, uffFail): null

2020-02-14 09:51:19 - [TEST_STEP][PASSED] - mycount = mycount + 1: null

2020-02-14 09:51:19 - [TEST_STEP][PASSED] - setValueToCellByAddress(sheet01, "A" + mycount, "beam " + mybeam + " zip " + myzip + " upfront fees " + myuff + " plan " + myplan): null

2020-02-14 09:51:19 - [TEST_STEP][PASSED] - setValueToCellByAddress(sheet01, "D" + mycount, myplan): null

2020-02-14 09:51:19 - [TEST_STEP][PASSED] - sendRequestAndVerify(findTestObject("Exede_Zip", ["myzip":myzip])): Send request and verify the response successfully

2020-02-14 09:51:20 - [MESSAGE][INFO] - HAR: /Users/jhampleman/jenkins-beam-tests-master/Reports/20200214_095028/RUN_Exede_Zip_Test/20200214_095028/requests/main/20.har

2020-02-14 09:51:20 - [TEST_CASE][PASSED] - Start Test Case : Verification: Verification accomplished successfully

2020-02-14 09:51:20 - [TEST_STEP][PASSED] - request = getInstance().getCurrentRequest(): null

2020-02-14 09:51:20 - [TEST_STEP][PASSED] - response = getInstance().getCurrentResponse(): null

2020-02-14 09:51:20 - [TEST_STEP][PASSED] - if (!(verifyElementPropertyValue(response, "data.beam", mybeam))): Verify element property value successfully

2020-02-14 09:51:20 - [MESSAGE][PASSED] - Verify element property value successfully

2020-02-14 09:51:20 - [TEST_STEP][PASSED] - else: null

2020-02-14 09:51:20 - [TEST_STEP][PASSED] - beamFail = "P": null

2020-02-14 09:51:20 - [TEST_STEP][PASSED] - if (!(verifyElementPropertyValue(response, "data.product.down", myuff))): Verify element property value successfully

2020-02-14 09:51:20 - [MESSAGE][PASSED] - Verify element property value successfully

2020-02-14 09:51:20 - [TEST_STEP][PASSED] - else: null

2020-02-14 09:51:20 - [TEST_STEP][PASSED] - uffFail = "P": null

2020-02-14 09:51:20 - [TEST_STEP][PASSED] - jsonSlurper = new groovy.json.JsonSlurper(): null

2020-02-14 09:51:20 - [TEST_STEP][PASSED] - object = jsonSlurper.parseText(response.getResponseText()): null

2020-02-14 09:51:20 - [TEST_STEP][PASSED] - println(object): null

2020-02-14 09:51:20 - [TEST_STEP][PASSED] - mytest = plans: null

2020-02-14 09:51:20 - [TEST_STEP][PASSED] - variable = mytest: null

2020-02-14 09:51:20 - [MESSAGE][PASSED] - Verify response successfully

2020-02-14 09:51:20 - [MESSAGE][PASSED] - Send request and verify the response successfully

2020-02-14 09:51:20 - [TEST_STEP][PASSED] - setValueToCellByAddress(sheet01, "E" + mycount, variable): null

2020-02-14 09:51:20 - [TEST_STEP][PASSED] - saveWorkbook(excelFile01, workbook01): null]]></system-out>
         <system-err><![CDATA[]]></system-err>
      </testcase>
      <testcase name="Test Cases/Test_Beams_by_Zip_to_Excel" time="1.894" classname="Test Cases/Test_Beams_by_Zip_to_Excel" status="PASSED">
         <system-out><![CDATA[2020-02-14 09:51:20 - [TEST_CASE][PASSED] - Test Cases/Test_Beams_by_Zip_to_Excel: Test Cases/Test_Beams_by_Zip_to_Excel

2020-02-14 09:51:20 - [TEST_STEP][PASSED] - excelFile01 = "beams-test-results.xlsx": null

2020-02-14 09:51:20 - [TEST_STEP][PASSED] - ExpectedListSheetFile1 = ["Sheet1"]: null

2020-02-14 09:51:20 - [TEST_STEP][PASSED] - workbookFile01 = getWorkbook(excelFile01): null

2020-02-14 09:51:20 - [TEST_STEP][PASSED] - workbook01 = getWorkbook(excelFile01): null

2020-02-14 09:51:20 - [TEST_STEP][PASSED] - sheet01 = getExcelSheet(workbook01, "Sheet1"): null

2020-02-14 09:51:20 - [TEST_STEP][PASSED] - setValueToCellByAddress(sheet01, "A1", "TEST"): null

2020-02-14 09:51:20 - [TEST_STEP][PASSED] - setValueToCellByAddress(sheet01, "B1", "BEAM"): null

2020-02-14 09:51:20 - [TEST_STEP][PASSED] - setValueToCellByAddress(sheet01, "C1", "UFF"): null

2020-02-14 09:51:20 - [TEST_STEP][PASSED] - setValueToCellByAddress(sheet01, "D1", "PLAN"): null

2020-02-14 09:51:20 - [TEST_STEP][PASSED] - setValueToCellByAddress(sheet01, "E1", "API PLAN"): null

2020-02-14 09:51:20 - [TEST_STEP][PASSED] - mybeam = mybeam: null

2020-02-14 09:51:20 - [TEST_STEP][PASSED] - myuff = myuff: null

2020-02-14 09:51:20 - [TEST_STEP][PASSED] - myplan = myplan: null

2020-02-14 09:51:20 - [TEST_STEP][PASSED] - log = new com.kms.katalon.core.logging.KeywordLogger(): null

2020-02-14 09:51:20 - [TEST_STEP][PASSED] - log.logWarning("beam " + mybeam + " zip " + myzip + " upfront fees " + myuff + " plan " + myplan): beam 328 zip 24121 upfront fees 150 plan Liberty 12/25/50/Unlimited

2020-02-14 09:51:20 - [MESSAGE][WARNING] - beam 328 zip 24121 upfront fees 150 plan Liberty 12/25/50/Unlimited

2020-02-14 09:51:20 - [TEST_STEP][PASSED] - setValueToCellByAddress(sheet01, "B" + mycount, beamFail): null

2020-02-14 09:51:20 - [TEST_STEP][PASSED] - setValueToCellByAddress(sheet01, "C" + mycount, uffFail): null

2020-02-14 09:51:20 - [TEST_STEP][PASSED] - mycount = mycount + 1: null

2020-02-14 09:51:20 - [TEST_STEP][PASSED] - setValueToCellByAddress(sheet01, "A" + mycount, "beam " + mybeam + " zip " + myzip + " upfront fees " + myuff + " plan " + myplan): null

2020-02-14 09:51:20 - [TEST_STEP][PASSED] - setValueToCellByAddress(sheet01, "D" + mycount, myplan): null

2020-02-14 09:51:20 - [TEST_STEP][PASSED] - sendRequestAndVerify(findTestObject("Exede_Zip", ["myzip":myzip])): Send request and verify the response successfully

2020-02-14 09:51:22 - [MESSAGE][INFO] - HAR: /Users/jhampleman/jenkins-beam-tests-master/Reports/20200214_095028/RUN_Exede_Zip_Test/20200214_095028/requests/main/21.har

2020-02-14 09:51:22 - [TEST_CASE][PASSED] - Start Test Case : Verification: Verification accomplished successfully

2020-02-14 09:51:22 - [TEST_STEP][PASSED] - request = getInstance().getCurrentRequest(): null

2020-02-14 09:51:22 - [TEST_STEP][PASSED] - response = getInstance().getCurrentResponse(): null

2020-02-14 09:51:22 - [TEST_STEP][PASSED] - if (!(verifyElementPropertyValue(response, "data.beam", mybeam))): Verify element property value successfully

2020-02-14 09:51:22 - [MESSAGE][PASSED] - Verify element property value successfully

2020-02-14 09:51:22 - [TEST_STEP][PASSED] - else: null

2020-02-14 09:51:22 - [TEST_STEP][PASSED] - beamFail = "P": null

2020-02-14 09:51:22 - [TEST_STEP][PASSED] - if (!(verifyElementPropertyValue(response, "data.product.down", myuff))): Verify element property value successfully

2020-02-14 09:51:22 - [MESSAGE][PASSED] - Verify element property value successfully

2020-02-14 09:51:22 - [TEST_STEP][PASSED] - else: null

2020-02-14 09:51:22 - [TEST_STEP][PASSED] - uffFail = "P": null

2020-02-14 09:51:22 - [TEST_STEP][PASSED] - jsonSlurper = new groovy.json.JsonSlurper(): null

2020-02-14 09:51:22 - [TEST_STEP][PASSED] - object = jsonSlurper.parseText(response.getResponseText()): null

2020-02-14 09:51:22 - [TEST_STEP][PASSED] - println(object): null

2020-02-14 09:51:22 - [TEST_STEP][PASSED] - mytest = plans: null

2020-02-14 09:51:22 - [TEST_STEP][PASSED] - variable = mytest: null

2020-02-14 09:51:22 - [MESSAGE][PASSED] - Verify response successfully

2020-02-14 09:51:22 - [MESSAGE][PASSED] - Send request and verify the response successfully

2020-02-14 09:51:22 - [TEST_STEP][PASSED] - setValueToCellByAddress(sheet01, "E" + mycount, variable): null

2020-02-14 09:51:22 - [TEST_STEP][PASSED] - saveWorkbook(excelFile01, workbook01): null]]></system-out>
         <system-err><![CDATA[]]></system-err>
      </testcase>
      <testcase name="Test Cases/Test_Beams_by_Zip_to_Excel" time="1.994" classname="Test Cases/Test_Beams_by_Zip_to_Excel" status="PASSED">
         <system-out><![CDATA[2020-02-14 09:51:22 - [TEST_CASE][PASSED] - Test Cases/Test_Beams_by_Zip_to_Excel: Test Cases/Test_Beams_by_Zip_to_Excel

2020-02-14 09:51:22 - [TEST_STEP][PASSED] - excelFile01 = "beams-test-results.xlsx": null

2020-02-14 09:51:22 - [TEST_STEP][PASSED] - ExpectedListSheetFile1 = ["Sheet1"]: null

2020-02-14 09:51:22 - [TEST_STEP][PASSED] - workbookFile01 = getWorkbook(excelFile01): null

2020-02-14 09:51:22 - [TEST_STEP][PASSED] - workbook01 = getWorkbook(excelFile01): null

2020-02-14 09:51:22 - [TEST_STEP][PASSED] - sheet01 = getExcelSheet(workbook01, "Sheet1"): null

2020-02-14 09:51:22 - [TEST_STEP][PASSED] - setValueToCellByAddress(sheet01, "A1", "TEST"): null

2020-02-14 09:51:22 - [TEST_STEP][PASSED] - setValueToCellByAddress(sheet01, "B1", "BEAM"): null

2020-02-14 09:51:22 - [TEST_STEP][PASSED] - setValueToCellByAddress(sheet01, "C1", "UFF"): null

2020-02-14 09:51:22 - [TEST_STEP][PASSED] - setValueToCellByAddress(sheet01, "D1", "PLAN"): null

2020-02-14 09:51:22 - [TEST_STEP][PASSED] - setValueToCellByAddress(sheet01, "E1", "API PLAN"): null

2020-02-14 09:51:22 - [TEST_STEP][PASSED] - mybeam = mybeam: null

2020-02-14 09:51:22 - [TEST_STEP][PASSED] - myuff = myuff: null

2020-02-14 09:51:22 - [TEST_STEP][PASSED] - myplan = myplan: null

2020-02-14 09:51:22 - [TEST_STEP][PASSED] - log = new com.kms.katalon.core.logging.KeywordLogger(): null

2020-02-14 09:51:22 - [TEST_STEP][PASSED] - log.logWarning("beam " + mybeam + " zip " + myzip + " upfront fees " + myuff + " plan " + myplan): beam 330 zip 73505 upfront fees 150 plan Liberty 12/25/50/Unlimited

2020-02-14 09:51:22 - [MESSAGE][WARNING] - beam 330 zip 73505 upfront fees 150 plan Liberty 12/25/50/Unlimited

2020-02-14 09:51:22 - [TEST_STEP][PASSED] - setValueToCellByAddress(sheet01, "B" + mycount, beamFail): null

2020-02-14 09:51:22 - [TEST_STEP][PASSED] - setValueToCellByAddress(sheet01, "C" + mycount, uffFail): null

2020-02-14 09:51:22 - [TEST_STEP][PASSED] - mycount = mycount + 1: null

2020-02-14 09:51:22 - [TEST_STEP][PASSED] - setValueToCellByAddress(sheet01, "A" + mycount, "beam " + mybeam + " zip " + myzip + " upfront fees " + myuff + " plan " + myplan): null

2020-02-14 09:51:22 - [TEST_STEP][PASSED] - setValueToCellByAddress(sheet01, "D" + mycount, myplan): null

2020-02-14 09:51:22 - [TEST_STEP][PASSED] - sendRequestAndVerify(findTestObject("Exede_Zip", ["myzip":myzip])): Send request and verify the response successfully

2020-02-14 09:51:24 - [MESSAGE][INFO] - HAR: /Users/jhampleman/jenkins-beam-tests-master/Reports/20200214_095028/RUN_Exede_Zip_Test/20200214_095028/requests/main/22.har

2020-02-14 09:51:24 - [TEST_CASE][PASSED] - Start Test Case : Verification: Verification accomplished successfully

2020-02-14 09:51:24 - [TEST_STEP][PASSED] - request = getInstance().getCurrentRequest(): null

2020-02-14 09:51:24 - [TEST_STEP][PASSED] - response = getInstance().getCurrentResponse(): null

2020-02-14 09:51:24 - [TEST_STEP][PASSED] - if (!(verifyElementPropertyValue(response, "data.beam", mybeam))): Verify element property value successfully

2020-02-14 09:51:24 - [MESSAGE][PASSED] - Verify element property value successfully

2020-02-14 09:51:24 - [TEST_STEP][PASSED] - else: null

2020-02-14 09:51:24 - [TEST_STEP][PASSED] - beamFail = "P": null

2020-02-14 09:51:24 - [TEST_STEP][PASSED] - if (!(verifyElementPropertyValue(response, "data.product.down", myuff))): Verify element property value successfully

2020-02-14 09:51:24 - [MESSAGE][PASSED] - Verify element property value successfully

2020-02-14 09:51:24 - [TEST_STEP][PASSED] - else: null

2020-02-14 09:51:24 - [TEST_STEP][PASSED] - uffFail = "P": null

2020-02-14 09:51:24 - [TEST_STEP][PASSED] - jsonSlurper = new groovy.json.JsonSlurper(): null

2020-02-14 09:51:24 - [TEST_STEP][PASSED] - object = jsonSlurper.parseText(response.getResponseText()): null

2020-02-14 09:51:24 - [TEST_STEP][PASSED] - println(object): null

2020-02-14 09:51:24 - [TEST_STEP][PASSED] - mytest = plans: null

2020-02-14 09:51:24 - [TEST_STEP][PASSED] - variable = mytest: null

2020-02-14 09:51:24 - [MESSAGE][PASSED] - Verify response successfully

2020-02-14 09:51:24 - [MESSAGE][PASSED] - Send request and verify the response successfully

2020-02-14 09:51:24 - [TEST_STEP][PASSED] - setValueToCellByAddress(sheet01, "E" + mycount, variable): null

2020-02-14 09:51:24 - [TEST_STEP][PASSED] - saveWorkbook(excelFile01, workbook01): null]]></system-out>
         <system-err><![CDATA[]]></system-err>
      </testcase>
      <testcase name="Test Cases/Test_Beams_by_Zip_to_Excel" time="2.067" classname="Test Cases/Test_Beams_by_Zip_to_Excel" status="PASSED">
         <system-out><![CDATA[2020-02-14 09:51:24 - [TEST_CASE][PASSED] - Test Cases/Test_Beams_by_Zip_to_Excel: Test Cases/Test_Beams_by_Zip_to_Excel

2020-02-14 09:51:24 - [TEST_STEP][PASSED] - excelFile01 = "beams-test-results.xlsx": null

2020-02-14 09:51:24 - [TEST_STEP][PASSED] - ExpectedListSheetFile1 = ["Sheet1"]: null

2020-02-14 09:51:24 - [TEST_STEP][PASSED] - workbookFile01 = getWorkbook(excelFile01): null

2020-02-14 09:51:24 - [TEST_STEP][PASSED] - workbook01 = getWorkbook(excelFile01): null

2020-02-14 09:51:24 - [TEST_STEP][PASSED] - sheet01 = getExcelSheet(workbook01, "Sheet1"): null

2020-02-14 09:51:24 - [TEST_STEP][PASSED] - setValueToCellByAddress(sheet01, "A1", "TEST"): null

2020-02-14 09:51:24 - [TEST_STEP][PASSED] - setValueToCellByAddress(sheet01, "B1", "BEAM"): null

2020-02-14 09:51:24 - [TEST_STEP][PASSED] - setValueToCellByAddress(sheet01, "C1", "UFF"): null

2020-02-14 09:51:24 - [TEST_STEP][PASSED] - setValueToCellByAddress(sheet01, "D1", "PLAN"): null

2020-02-14 09:51:24 - [TEST_STEP][PASSED] - setValueToCellByAddress(sheet01, "E1", "API PLAN"): null

2020-02-14 09:51:24 - [TEST_STEP][PASSED] - mybeam = mybeam: null

2020-02-14 09:51:24 - [TEST_STEP][PASSED] - myuff = myuff: null

2020-02-14 09:51:24 - [TEST_STEP][PASSED] - myplan = myplan: null

2020-02-14 09:51:24 - [TEST_STEP][PASSED] - log = new com.kms.katalon.core.logging.KeywordLogger(): null

2020-02-14 09:51:24 - [TEST_STEP][PASSED] - log.logWarning("beam " + mybeam + " zip " + myzip + " upfront fees " + myuff + " plan " + myplan): beam 332 zip 71603 upfront fees 0 plan Liberty 12/25/50/Unlimited

2020-02-14 09:51:24 - [MESSAGE][WARNING] - beam 332 zip 71603 upfront fees 0 plan Liberty 12/25/50/Unlimited

2020-02-14 09:51:24 - [TEST_STEP][PASSED] - setValueToCellByAddress(sheet01, "B" + mycount, beamFail): null

2020-02-14 09:51:24 - [TEST_STEP][PASSED] - setValueToCellByAddress(sheet01, "C" + mycount, uffFail): null

2020-02-14 09:51:24 - [TEST_STEP][PASSED] - mycount = mycount + 1: null

2020-02-14 09:51:24 - [TEST_STEP][PASSED] - setValueToCellByAddress(sheet01, "A" + mycount, "beam " + mybeam + " zip " + myzip + " upfront fees " + myuff + " plan " + myplan): null

2020-02-14 09:51:24 - [TEST_STEP][PASSED] - setValueToCellByAddress(sheet01, "D" + mycount, myplan): null

2020-02-14 09:51:24 - [TEST_STEP][PASSED] - sendRequestAndVerify(findTestObject("Exede_Zip", ["myzip":myzip])): Send request and verify the response successfully

2020-02-14 09:51:26 - [MESSAGE][INFO] - HAR: /Users/jhampleman/jenkins-beam-tests-master/Reports/20200214_095028/RUN_Exede_Zip_Test/20200214_095028/requests/main/23.har

2020-02-14 09:51:26 - [TEST_CASE][PASSED] - Start Test Case : Verification: Verification accomplished successfully

2020-02-14 09:51:26 - [TEST_STEP][PASSED] - request = getInstance().getCurrentRequest(): null

2020-02-14 09:51:26 - [TEST_STEP][PASSED] - response = getInstance().getCurrentResponse(): null

2020-02-14 09:51:26 - [TEST_STEP][PASSED] - if (!(verifyElementPropertyValue(response, "data.beam", mybeam))): Verify element property value successfully

2020-02-14 09:51:26 - [MESSAGE][PASSED] - Verify element property value successfully

2020-02-14 09:51:26 - [TEST_STEP][PASSED] - else: null

2020-02-14 09:51:26 - [TEST_STEP][PASSED] - beamFail = "P": null

2020-02-14 09:51:26 - [TEST_STEP][PASSED] - if (!(verifyElementPropertyValue(response, "data.product.down", myuff))): Verify element property value successfully

2020-02-14 09:51:26 - [MESSAGE][PASSED] - Verify element property value successfully

2020-02-14 09:51:26 - [TEST_STEP][PASSED] - else: null

2020-02-14 09:51:26 - [TEST_STEP][PASSED] - uffFail = "P": null

2020-02-14 09:51:26 - [TEST_STEP][PASSED] - jsonSlurper = new groovy.json.JsonSlurper(): null

2020-02-14 09:51:26 - [TEST_STEP][PASSED] - object = jsonSlurper.parseText(response.getResponseText()): null

2020-02-14 09:51:26 - [TEST_STEP][PASSED] - println(object): null

2020-02-14 09:51:26 - [TEST_STEP][PASSED] - mytest = plans: null

2020-02-14 09:51:26 - [TEST_STEP][PASSED] - variable = mytest: null

2020-02-14 09:51:26 - [MESSAGE][PASSED] - Verify response successfully

2020-02-14 09:51:26 - [MESSAGE][PASSED] - Send request and verify the response successfully

2020-02-14 09:51:26 - [TEST_STEP][PASSED] - setValueToCellByAddress(sheet01, "E" + mycount, variable): null

2020-02-14 09:51:26 - [TEST_STEP][PASSED] - saveWorkbook(excelFile01, workbook01): null]]></system-out>
         <system-err><![CDATA[]]></system-err>
      </testcase>
      <testcase name="Test Cases/Test_Beams_by_Zip_to_Excel" time="2.073" classname="Test Cases/Test_Beams_by_Zip_to_Excel" status="PASSED">
         <system-out><![CDATA[2020-02-14 09:51:26 - [TEST_CASE][PASSED] - Test Cases/Test_Beams_by_Zip_to_Excel: Test Cases/Test_Beams_by_Zip_to_Excel

2020-02-14 09:51:26 - [TEST_STEP][PASSED] - excelFile01 = "beams-test-results.xlsx": null

2020-02-14 09:51:26 - [TEST_STEP][PASSED] - ExpectedListSheetFile1 = ["Sheet1"]: null

2020-02-14 09:51:26 - [TEST_STEP][PASSED] - workbookFile01 = getWorkbook(excelFile01): null

2020-02-14 09:51:26 - [TEST_STEP][PASSED] - workbook01 = getWorkbook(excelFile01): null

2020-02-14 09:51:26 - [TEST_STEP][PASSED] - sheet01 = getExcelSheet(workbook01, "Sheet1"): null

2020-02-14 09:51:26 - [TEST_STEP][PASSED] - setValueToCellByAddress(sheet01, "A1", "TEST"): null

2020-02-14 09:51:26 - [TEST_STEP][PASSED] - setValueToCellByAddress(sheet01, "B1", "BEAM"): null

2020-02-14 09:51:26 - [TEST_STEP][PASSED] - setValueToCellByAddress(sheet01, "C1", "UFF"): null

2020-02-14 09:51:26 - [TEST_STEP][PASSED] - setValueToCellByAddress(sheet01, "D1", "PLAN"): null

2020-02-14 09:51:26 - [TEST_STEP][PASSED] - setValueToCellByAddress(sheet01, "E1", "API PLAN"): null

2020-02-14 09:51:26 - [TEST_STEP][PASSED] - mybeam = mybeam: null

2020-02-14 09:51:26 - [TEST_STEP][PASSED] - myuff = myuff: null

2020-02-14 09:51:26 - [TEST_STEP][PASSED] - myplan = myplan: null

2020-02-14 09:51:26 - [TEST_STEP][PASSED] - log = new com.kms.katalon.core.logging.KeywordLogger(): null

2020-02-14 09:51:26 - [TEST_STEP][PASSED] - log.logWarning("beam " + mybeam + " zip " + myzip + " upfront fees " + myuff + " plan " + myplan): beam 333 zip 38901 upfront fees 0 plan VS2 Standard Offer

2020-02-14 09:51:26 - [MESSAGE][WARNING] - beam 333 zip 38901 upfront fees 0 plan VS2 Standard Offer

2020-02-14 09:51:26 - [TEST_STEP][PASSED] - setValueToCellByAddress(sheet01, "B" + mycount, beamFail): null

2020-02-14 09:51:26 - [TEST_STEP][PASSED] - setValueToCellByAddress(sheet01, "C" + mycount, uffFail): null

2020-02-14 09:51:26 - [TEST_STEP][PASSED] - mycount = mycount + 1: null

2020-02-14 09:51:26 - [TEST_STEP][PASSED] - setValueToCellByAddress(sheet01, "A" + mycount, "beam " + mybeam + " zip " + myzip + " upfront fees " + myuff + " plan " + myplan): null

2020-02-14 09:51:26 - [TEST_STEP][PASSED] - setValueToCellByAddress(sheet01, "D" + mycount, myplan): null

2020-02-14 09:51:26 - [TEST_STEP][PASSED] - sendRequestAndVerify(findTestObject("Exede_Zip", ["myzip":myzip])): Send request and verify the response successfully

2020-02-14 09:51:28 - [MESSAGE][INFO] - HAR: /Users/jhampleman/jenkins-beam-tests-master/Reports/20200214_095028/RUN_Exede_Zip_Test/20200214_095028/requests/main/24.har

2020-02-14 09:51:28 - [TEST_CASE][PASSED] - Start Test Case : Verification: Verification accomplished successfully

2020-02-14 09:51:28 - [TEST_STEP][PASSED] - request = getInstance().getCurrentRequest(): null

2020-02-14 09:51:28 - [TEST_STEP][PASSED] - response = getInstance().getCurrentResponse(): null

2020-02-14 09:51:28 - [TEST_STEP][PASSED] - if (!(verifyElementPropertyValue(response, "data.beam", mybeam))): Verify element property value successfully

2020-02-14 09:51:28 - [MESSAGE][PASSED] - Verify element property value successfully

2020-02-14 09:51:28 - [TEST_STEP][PASSED] - else: null

2020-02-14 09:51:28 - [TEST_STEP][PASSED] - beamFail = "P": null

2020-02-14 09:51:28 - [TEST_STEP][PASSED] - if (!(verifyElementPropertyValue(response, "data.product.down", myuff))): Verify element property value successfully

2020-02-14 09:51:28 - [MESSAGE][PASSED] - Verify element property value successfully

2020-02-14 09:51:28 - [TEST_STEP][PASSED] - else: null

2020-02-14 09:51:28 - [TEST_STEP][PASSED] - uffFail = "P": null

2020-02-14 09:51:28 - [TEST_STEP][PASSED] - jsonSlurper = new groovy.json.JsonSlurper(): null

2020-02-14 09:51:28 - [TEST_STEP][PASSED] - object = jsonSlurper.parseText(response.getResponseText()): null

2020-02-14 09:51:28 - [TEST_STEP][PASSED] - println(object): null

2020-02-14 09:51:28 - [TEST_STEP][PASSED] - mytest = plans: null

2020-02-14 09:51:28 - [TEST_STEP][PASSED] - variable = mytest: null

2020-02-14 09:51:28 - [MESSAGE][PASSED] - Verify response successfully

2020-02-14 09:51:28 - [MESSAGE][PASSED] - Send request and verify the response successfully

2020-02-14 09:51:28 - [TEST_STEP][PASSED] - setValueToCellByAddress(sheet01, "E" + mycount, variable): null

2020-02-14 09:51:28 - [TEST_STEP][PASSED] - saveWorkbook(excelFile01, workbook01): null]]></system-out>
         <system-err><![CDATA[]]></system-err>
      </testcase>
      <testcase name="Test Cases/Test_Beams_by_Zip_to_Excel" time="2.203" classname="Test Cases/Test_Beams_by_Zip_to_Excel" status="PASSED">
         <system-out><![CDATA[2020-02-14 09:51:29 - [TEST_CASE][PASSED] - Test Cases/Test_Beams_by_Zip_to_Excel: Test Cases/Test_Beams_by_Zip_to_Excel

2020-02-14 09:51:29 - [TEST_STEP][PASSED] - excelFile01 = "beams-test-results.xlsx": null

2020-02-14 09:51:29 - [TEST_STEP][PASSED] - ExpectedListSheetFile1 = ["Sheet1"]: null

2020-02-14 09:51:29 - [TEST_STEP][PASSED] - workbookFile01 = getWorkbook(excelFile01): null

2020-02-14 09:51:29 - [TEST_STEP][PASSED] - workbook01 = getWorkbook(excelFile01): null

2020-02-14 09:51:29 - [TEST_STEP][PASSED] - sheet01 = getExcelSheet(workbook01, "Sheet1"): null

2020-02-14 09:51:29 - [TEST_STEP][PASSED] - setValueToCellByAddress(sheet01, "A1", "TEST"): null

2020-02-14 09:51:29 - [TEST_STEP][PASSED] - setValueToCellByAddress(sheet01, "B1", "BEAM"): null

2020-02-14 09:51:29 - [TEST_STEP][PASSED] - setValueToCellByAddress(sheet01, "C1", "UFF"): null

2020-02-14 09:51:29 - [TEST_STEP][PASSED] - setValueToCellByAddress(sheet01, "D1", "PLAN"): null

2020-02-14 09:51:29 - [TEST_STEP][PASSED] - setValueToCellByAddress(sheet01, "E1", "API PLAN"): null

2020-02-14 09:51:29 - [TEST_STEP][PASSED] - mybeam = mybeam: null

2020-02-14 09:51:29 - [TEST_STEP][PASSED] - myuff = myuff: null

2020-02-14 09:51:29 - [TEST_STEP][PASSED] - myplan = myplan: null

2020-02-14 09:51:29 - [TEST_STEP][PASSED] - log = new com.kms.katalon.core.logging.KeywordLogger(): null

2020-02-14 09:51:29 - [TEST_STEP][PASSED] - log.logWarning("beam " + mybeam + " zip " + myzip + " upfront fees " + myuff + " plan " + myplan): beam 334 zip 35758 upfront fees 0 plan Liberty 12/25/50/Unlimited

2020-02-14 09:51:29 - [MESSAGE][WARNING] - beam 334 zip 35758 upfront fees 0 plan Liberty 12/25/50/Unlimited

2020-02-14 09:51:29 - [TEST_STEP][PASSED] - setValueToCellByAddress(sheet01, "B" + mycount, beamFail): null

2020-02-14 09:51:29 - [TEST_STEP][PASSED] - setValueToCellByAddress(sheet01, "C" + mycount, uffFail): null

2020-02-14 09:51:29 - [TEST_STEP][PASSED] - mycount = mycount + 1: null

2020-02-14 09:51:29 - [TEST_STEP][PASSED] - setValueToCellByAddress(sheet01, "A" + mycount, "beam " + mybeam + " zip " + myzip + " upfront fees " + myuff + " plan " + myplan): null

2020-02-14 09:51:29 - [TEST_STEP][PASSED] - setValueToCellByAddress(sheet01, "D" + mycount, myplan): null

2020-02-14 09:51:29 - [TEST_STEP][PASSED] - sendRequestAndVerify(findTestObject("Exede_Zip", ["myzip":myzip])): Send request and verify the response successfully

2020-02-14 09:51:31 - [MESSAGE][INFO] - HAR: /Users/jhampleman/jenkins-beam-tests-master/Reports/20200214_095028/RUN_Exede_Zip_Test/20200214_095028/requests/main/25.har

2020-02-14 09:51:31 - [TEST_CASE][PASSED] - Start Test Case : Verification: Verification accomplished successfully

2020-02-14 09:51:31 - [TEST_STEP][PASSED] - request = getInstance().getCurrentRequest(): null

2020-02-14 09:51:31 - [TEST_STEP][PASSED] - response = getInstance().getCurrentResponse(): null

2020-02-14 09:51:31 - [TEST_STEP][PASSED] - if (!(verifyElementPropertyValue(response, "data.beam", mybeam))): Verify element property value successfully

2020-02-14 09:51:31 - [MESSAGE][PASSED] - Verify element property value successfully

2020-02-14 09:51:31 - [TEST_STEP][PASSED] - else: null

2020-02-14 09:51:31 - [TEST_STEP][PASSED] - beamFail = "P": null

2020-02-14 09:51:31 - [TEST_STEP][PASSED] - if (!(verifyElementPropertyValue(response, "data.product.down", myuff))): Verify element property value successfully

2020-02-14 09:51:31 - [MESSAGE][PASSED] - Verify element property value successfully

2020-02-14 09:51:31 - [TEST_STEP][PASSED] - else: null

2020-02-14 09:51:31 - [TEST_STEP][PASSED] - uffFail = "P": null

2020-02-14 09:51:31 - [TEST_STEP][PASSED] - jsonSlurper = new groovy.json.JsonSlurper(): null

2020-02-14 09:51:31 - [TEST_STEP][PASSED] - object = jsonSlurper.parseText(response.getResponseText()): null

2020-02-14 09:51:31 - [TEST_STEP][PASSED] - println(object): null

2020-02-14 09:51:31 - [TEST_STEP][PASSED] - mytest = plans: null

2020-02-14 09:51:31 - [TEST_STEP][PASSED] - variable = mytest: null

2020-02-14 09:51:31 - [MESSAGE][PASSED] - Verify response successfully

2020-02-14 09:51:31 - [MESSAGE][PASSED] - Send request and verify the response successfully

2020-02-14 09:51:31 - [TEST_STEP][PASSED] - setValueToCellByAddress(sheet01, "E" + mycount, variable): null

2020-02-14 09:51:31 - [TEST_STEP][PASSED] - saveWorkbook(excelFile01, workbook01): null]]></system-out>
         <system-err><![CDATA[]]></system-err>
      </testcase>
      <testcase name="Test Cases/Test_Beams_by_Zip_to_Excel" time="2.028" classname="Test Cases/Test_Beams_by_Zip_to_Excel" status="PASSED">
         <system-out><![CDATA[2020-02-14 09:51:31 - [TEST_CASE][PASSED] - Test Cases/Test_Beams_by_Zip_to_Excel: Test Cases/Test_Beams_by_Zip_to_Excel

2020-02-14 09:51:31 - [TEST_STEP][PASSED] - excelFile01 = "beams-test-results.xlsx": null

2020-02-14 09:51:31 - [TEST_STEP][PASSED] - ExpectedListSheetFile1 = ["Sheet1"]: null

2020-02-14 09:51:31 - [TEST_STEP][PASSED] - workbookFile01 = getWorkbook(excelFile01): null

2020-02-14 09:51:31 - [TEST_STEP][PASSED] - workbook01 = getWorkbook(excelFile01): null

2020-02-14 09:51:31 - [TEST_STEP][PASSED] - sheet01 = getExcelSheet(workbook01, "Sheet1"): null

2020-02-14 09:51:31 - [TEST_STEP][PASSED] - setValueToCellByAddress(sheet01, "A1", "TEST"): null

2020-02-14 09:51:31 - [TEST_STEP][PASSED] - setValueToCellByAddress(sheet01, "B1", "BEAM"): null

2020-02-14 09:51:31 - [TEST_STEP][PASSED] - setValueToCellByAddress(sheet01, "C1", "UFF"): null

2020-02-14 09:51:31 - [TEST_STEP][PASSED] - setValueToCellByAddress(sheet01, "D1", "PLAN"): null

2020-02-14 09:51:31 - [TEST_STEP][PASSED] - setValueToCellByAddress(sheet01, "E1", "API PLAN"): null

2020-02-14 09:51:31 - [TEST_STEP][PASSED] - mybeam = mybeam: null

2020-02-14 09:51:31 - [TEST_STEP][PASSED] - myuff = myuff: null

2020-02-14 09:51:31 - [TEST_STEP][PASSED] - myplan = myplan: null

2020-02-14 09:51:31 - [TEST_STEP][PASSED] - log = new com.kms.katalon.core.logging.KeywordLogger(): null

2020-02-14 09:51:31 - [TEST_STEP][PASSED] - log.logWarning("beam " + mybeam + " zip " + myzip + " upfront fees " + myuff + " plan " + myplan): beam 336 zip 29204 upfront fees 0 plan Liberty 12/25/50/Unlimited

2020-02-14 09:51:31 - [MESSAGE][WARNING] - beam 336 zip 29204 upfront fees 0 plan Liberty 12/25/50/Unlimited

2020-02-14 09:51:31 - [TEST_STEP][PASSED] - setValueToCellByAddress(sheet01, "B" + mycount, beamFail): null

2020-02-14 09:51:31 - [TEST_STEP][PASSED] - setValueToCellByAddress(sheet01, "C" + mycount, uffFail): null

2020-02-14 09:51:31 - [TEST_STEP][PASSED] - mycount = mycount + 1: null

2020-02-14 09:51:31 - [TEST_STEP][PASSED] - setValueToCellByAddress(sheet01, "A" + mycount, "beam " + mybeam + " zip " + myzip + " upfront fees " + myuff + " plan " + myplan): null

2020-02-14 09:51:31 - [TEST_STEP][PASSED] - setValueToCellByAddress(sheet01, "D" + mycount, myplan): null

2020-02-14 09:51:31 - [TEST_STEP][PASSED] - sendRequestAndVerify(findTestObject("Exede_Zip", ["myzip":myzip])): Send request and verify the response successfully

2020-02-14 09:51:33 - [MESSAGE][INFO] - HAR: /Users/jhampleman/jenkins-beam-tests-master/Reports/20200214_095028/RUN_Exede_Zip_Test/20200214_095028/requests/main/26.har

2020-02-14 09:51:33 - [TEST_CASE][PASSED] - Start Test Case : Verification: Verification accomplished successfully

2020-02-14 09:51:33 - [TEST_STEP][PASSED] - request = getInstance().getCurrentRequest(): null

2020-02-14 09:51:33 - [TEST_STEP][PASSED] - response = getInstance().getCurrentResponse(): null

2020-02-14 09:51:33 - [TEST_STEP][PASSED] - if (!(verifyElementPropertyValue(response, "data.beam", mybeam))): Verify element property value successfully

2020-02-14 09:51:33 - [MESSAGE][PASSED] - Verify element property value successfully

2020-02-14 09:51:33 - [TEST_STEP][PASSED] - else: null

2020-02-14 09:51:33 - [TEST_STEP][PASSED] - beamFail = "P": null

2020-02-14 09:51:33 - [TEST_STEP][PASSED] - if (!(verifyElementPropertyValue(response, "data.product.down", myuff))): Verify element property value successfully

2020-02-14 09:51:33 - [MESSAGE][PASSED] - Verify element property value successfully

2020-02-14 09:51:33 - [TEST_STEP][PASSED] - else: null

2020-02-14 09:51:33 - [TEST_STEP][PASSED] - uffFail = "P": null

2020-02-14 09:51:33 - [TEST_STEP][PASSED] - jsonSlurper = new groovy.json.JsonSlurper(): null

2020-02-14 09:51:33 - [TEST_STEP][PASSED] - object = jsonSlurper.parseText(response.getResponseText()): null

2020-02-14 09:51:33 - [TEST_STEP][PASSED] - println(object): null

2020-02-14 09:51:33 - [TEST_STEP][PASSED] - mytest = plans: null

2020-02-14 09:51:33 - [TEST_STEP][PASSED] - variable = mytest: null

2020-02-14 09:51:33 - [MESSAGE][PASSED] - Verify response successfully

2020-02-14 09:51:33 - [MESSAGE][PASSED] - Send request and verify the response successfully

2020-02-14 09:51:33 - [TEST_STEP][PASSED] - setValueToCellByAddress(sheet01, "E" + mycount, variable): null

2020-02-14 09:51:33 - [TEST_STEP][PASSED] - saveWorkbook(excelFile01, workbook01): null]]></system-out>
         <system-err><![CDATA[]]></system-err>
      </testcase>
      <testcase name="Test Cases/Test_Beams_by_Zip_to_Excel" time="1.989" classname="Test Cases/Test_Beams_by_Zip_to_Excel" status="PASSED">
         <system-out><![CDATA[2020-02-14 09:51:33 - [TEST_CASE][PASSED] - Test Cases/Test_Beams_by_Zip_to_Excel: Test Cases/Test_Beams_by_Zip_to_Excel

2020-02-14 09:51:33 - [TEST_STEP][PASSED] - excelFile01 = "beams-test-results.xlsx": null

2020-02-14 09:51:33 - [TEST_STEP][PASSED] - ExpectedListSheetFile1 = ["Sheet1"]: null

2020-02-14 09:51:33 - [TEST_STEP][PASSED] - workbookFile01 = getWorkbook(excelFile01): null

2020-02-14 09:51:33 - [TEST_STEP][PASSED] - workbook01 = getWorkbook(excelFile01): null

2020-02-14 09:51:33 - [TEST_STEP][PASSED] - sheet01 = getExcelSheet(workbook01, "Sheet1"): null

2020-02-14 09:51:33 - [TEST_STEP][PASSED] - setValueToCellByAddress(sheet01, "A1", "TEST"): null

2020-02-14 09:51:33 - [TEST_STEP][PASSED] - setValueToCellByAddress(sheet01, "B1", "BEAM"): null

2020-02-14 09:51:33 - [TEST_STEP][PASSED] - setValueToCellByAddress(sheet01, "C1", "UFF"): null

2020-02-14 09:51:33 - [TEST_STEP][PASSED] - setValueToCellByAddress(sheet01, "D1", "PLAN"): null

2020-02-14 09:51:33 - [TEST_STEP][PASSED] - setValueToCellByAddress(sheet01, "E1", "API PLAN"): null

2020-02-14 09:51:33 - [TEST_STEP][PASSED] - mybeam = mybeam: null

2020-02-14 09:51:33 - [TEST_STEP][PASSED] - myuff = myuff: null

2020-02-14 09:51:33 - [TEST_STEP][PASSED] - myplan = myplan: null

2020-02-14 09:51:33 - [TEST_STEP][PASSED] - log = new com.kms.katalon.core.logging.KeywordLogger(): null

2020-02-14 09:51:33 - [TEST_STEP][PASSED] - log.logWarning("beam " + mybeam + " zip " + myzip + " upfront fees " + myuff + " plan " + myplan): beam 337 zip 27858 upfront fees 0 plan VS2 Standard Offer

2020-02-14 09:51:33 - [MESSAGE][WARNING] - beam 337 zip 27858 upfront fees 0 plan VS2 Standard Offer

2020-02-14 09:51:33 - [TEST_STEP][PASSED] - setValueToCellByAddress(sheet01, "B" + mycount, beamFail): null

2020-02-14 09:51:33 - [TEST_STEP][PASSED] - setValueToCellByAddress(sheet01, "C" + mycount, uffFail): null

2020-02-14 09:51:33 - [TEST_STEP][PASSED] - mycount = mycount + 1: null

2020-02-14 09:51:33 - [TEST_STEP][PASSED] - setValueToCellByAddress(sheet01, "A" + mycount, "beam " + mybeam + " zip " + myzip + " upfront fees " + myuff + " plan " + myplan): null

2020-02-14 09:51:33 - [TEST_STEP][PASSED] - setValueToCellByAddress(sheet01, "D" + mycount, myplan): null

2020-02-14 09:51:33 - [TEST_STEP][PASSED] - sendRequestAndVerify(findTestObject("Exede_Zip", ["myzip":myzip])): Send request and verify the response successfully

2020-02-14 09:51:35 - [MESSAGE][INFO] - HAR: /Users/jhampleman/jenkins-beam-tests-master/Reports/20200214_095028/RUN_Exede_Zip_Test/20200214_095028/requests/main/27.har

2020-02-14 09:51:35 - [TEST_CASE][PASSED] - Start Test Case : Verification: Verification accomplished successfully

2020-02-14 09:51:35 - [TEST_STEP][PASSED] - request = getInstance().getCurrentRequest(): null

2020-02-14 09:51:35 - [TEST_STEP][PASSED] - response = getInstance().getCurrentResponse(): null

2020-02-14 09:51:35 - [TEST_STEP][PASSED] - if (!(verifyElementPropertyValue(response, "data.beam", mybeam))): Verify element property value successfully

2020-02-14 09:51:35 - [MESSAGE][PASSED] - Verify element property value successfully

2020-02-14 09:51:35 - [TEST_STEP][PASSED] - else: null

2020-02-14 09:51:35 - [TEST_STEP][PASSED] - beamFail = "P": null

2020-02-14 09:51:35 - [TEST_STEP][PASSED] - if (!(verifyElementPropertyValue(response, "data.product.down", myuff))): Verify element property value successfully

2020-02-14 09:51:35 - [MESSAGE][PASSED] - Verify element property value successfully

2020-02-14 09:51:35 - [TEST_STEP][PASSED] - else: null

2020-02-14 09:51:35 - [TEST_STEP][PASSED] - uffFail = "P": null

2020-02-14 09:51:35 - [TEST_STEP][PASSED] - jsonSlurper = new groovy.json.JsonSlurper(): null

2020-02-14 09:51:35 - [TEST_STEP][PASSED] - object = jsonSlurper.parseText(response.getResponseText()): null

2020-02-14 09:51:35 - [TEST_STEP][PASSED] - println(object): null

2020-02-14 09:51:35 - [TEST_STEP][PASSED] - mytest = plans: null

2020-02-14 09:51:35 - [TEST_STEP][PASSED] - variable = mytest: null

2020-02-14 09:51:35 - [MESSAGE][PASSED] - Verify response successfully

2020-02-14 09:51:35 - [MESSAGE][PASSED] - Send request and verify the response successfully

2020-02-14 09:51:35 - [TEST_STEP][PASSED] - setValueToCellByAddress(sheet01, "E" + mycount, variable): null

2020-02-14 09:51:35 - [TEST_STEP][PASSED] - saveWorkbook(excelFile01, workbook01): null]]></system-out>
         <system-err><![CDATA[]]></system-err>
      </testcase>
      <testcase name="Test Cases/Test_Beams_by_Zip_to_Excel" time="2.117" classname="Test Cases/Test_Beams_by_Zip_to_Excel" status="PASSED">
         <system-out><![CDATA[2020-02-14 09:51:35 - [TEST_CASE][PASSED] - Test Cases/Test_Beams_by_Zip_to_Excel: Test Cases/Test_Beams_by_Zip_to_Excel

2020-02-14 09:51:35 - [TEST_STEP][PASSED] - excelFile01 = "beams-test-results.xlsx": null

2020-02-14 09:51:35 - [TEST_STEP][PASSED] - ExpectedListSheetFile1 = ["Sheet1"]: null

2020-02-14 09:51:35 - [TEST_STEP][PASSED] - workbookFile01 = getWorkbook(excelFile01): null

2020-02-14 09:51:35 - [TEST_STEP][PASSED] - workbook01 = getWorkbook(excelFile01): null

2020-02-14 09:51:35 - [TEST_STEP][PASSED] - sheet01 = getExcelSheet(workbook01, "Sheet1"): null

2020-02-14 09:51:35 - [TEST_STEP][PASSED] - setValueToCellByAddress(sheet01, "A1", "TEST"): null

2020-02-14 09:51:35 - [TEST_STEP][PASSED] - setValueToCellByAddress(sheet01, "B1", "BEAM"): null

2020-02-14 09:51:35 - [TEST_STEP][PASSED] - setValueToCellByAddress(sheet01, "C1", "UFF"): null

2020-02-14 09:51:35 - [TEST_STEP][PASSED] - setValueToCellByAddress(sheet01, "D1", "PLAN"): null

2020-02-14 09:51:35 - [TEST_STEP][PASSED] - setValueToCellByAddress(sheet01, "E1", "API PLAN"): null

2020-02-14 09:51:35 - [TEST_STEP][PASSED] - mybeam = mybeam: null

2020-02-14 09:51:35 - [TEST_STEP][PASSED] - myuff = myuff: null

2020-02-14 09:51:35 - [TEST_STEP][PASSED] - myplan = myplan: null

2020-02-14 09:51:35 - [TEST_STEP][PASSED] - log = new com.kms.katalon.core.logging.KeywordLogger(): null

2020-02-14 09:51:35 - [TEST_STEP][PASSED] - log.logWarning("beam " + mybeam + " zip " + myzip + " upfront fees " + myuff + " plan " + myplan): beam 339 zip 75961 upfront fees 150 plan Liberty 12/25/50/Unlimited

2020-02-14 09:51:35 - [MESSAGE][WARNING] - beam 339 zip 75961 upfront fees 150 plan Liberty 12/25/50/Unlimited

2020-02-14 09:51:35 - [TEST_STEP][PASSED] - setValueToCellByAddress(sheet01, "B" + mycount, beamFail): null

2020-02-14 09:51:35 - [TEST_STEP][PASSED] - setValueToCellByAddress(sheet01, "C" + mycount, uffFail): null

2020-02-14 09:51:35 - [TEST_STEP][PASSED] - mycount = mycount + 1: null

2020-02-14 09:51:35 - [TEST_STEP][PASSED] - setValueToCellByAddress(sheet01, "A" + mycount, "beam " + mybeam + " zip " + myzip + " upfront fees " + myuff + " plan " + myplan): null

2020-02-14 09:51:35 - [TEST_STEP][PASSED] - setValueToCellByAddress(sheet01, "D" + mycount, myplan): null

2020-02-14 09:51:35 - [TEST_STEP][PASSED] - sendRequestAndVerify(findTestObject("Exede_Zip", ["myzip":myzip])): Send request and verify the response successfully

2020-02-14 09:51:37 - [MESSAGE][INFO] - HAR: /Users/jhampleman/jenkins-beam-tests-master/Reports/20200214_095028/RUN_Exede_Zip_Test/20200214_095028/requests/main/28.har

2020-02-14 09:51:37 - [TEST_CASE][PASSED] - Start Test Case : Verification: Verification accomplished successfully

2020-02-14 09:51:37 - [TEST_STEP][PASSED] - request = getInstance().getCurrentRequest(): null

2020-02-14 09:51:37 - [TEST_STEP][PASSED] - response = getInstance().getCurrentResponse(): null

2020-02-14 09:51:37 - [TEST_STEP][PASSED] - if (!(verifyElementPropertyValue(response, "data.beam", mybeam))): Verify element property value successfully

2020-02-14 09:51:37 - [MESSAGE][PASSED] - Verify element property value successfully

2020-02-14 09:51:37 - [TEST_STEP][PASSED] - else: null

2020-02-14 09:51:37 - [TEST_STEP][PASSED] - beamFail = "P": null

2020-02-14 09:51:37 - [TEST_STEP][PASSED] - if (!(verifyElementPropertyValue(response, "data.product.down", myuff))): Verify element property value successfully

2020-02-14 09:51:37 - [MESSAGE][PASSED] - Verify element property value successfully

2020-02-14 09:51:37 - [TEST_STEP][PASSED] - else: null

2020-02-14 09:51:37 - [TEST_STEP][PASSED] - uffFail = "P": null

2020-02-14 09:51:37 - [TEST_STEP][PASSED] - jsonSlurper = new groovy.json.JsonSlurper(): null

2020-02-14 09:51:37 - [TEST_STEP][PASSED] - object = jsonSlurper.parseText(response.getResponseText()): null

2020-02-14 09:51:37 - [TEST_STEP][PASSED] - println(object): null

2020-02-14 09:51:37 - [TEST_STEP][PASSED] - mytest = plans: null

2020-02-14 09:51:37 - [TEST_STEP][PASSED] - variable = mytest: null

2020-02-14 09:51:37 - [MESSAGE][PASSED] - Verify response successfully

2020-02-14 09:51:37 - [MESSAGE][PASSED] - Send request and verify the response successfully

2020-02-14 09:51:37 - [TEST_STEP][PASSED] - setValueToCellByAddress(sheet01, "E" + mycount, variable): null

2020-02-14 09:51:37 - [TEST_STEP][PASSED] - saveWorkbook(excelFile01, workbook01): null]]></system-out>
         <system-err><![CDATA[]]></system-err>
      </testcase>
      <testcase name="Test Cases/Test_Beams_by_Zip_to_Excel" time="2.142" classname="Test Cases/Test_Beams_by_Zip_to_Excel" status="PASSED">
         <system-out><![CDATA[2020-02-14 09:51:37 - [TEST_CASE][PASSED] - Test Cases/Test_Beams_by_Zip_to_Excel: Test Cases/Test_Beams_by_Zip_to_Excel

2020-02-14 09:51:37 - [TEST_STEP][PASSED] - excelFile01 = "beams-test-results.xlsx": null

2020-02-14 09:51:37 - [TEST_STEP][PASSED] - ExpectedListSheetFile1 = ["Sheet1"]: null

2020-02-14 09:51:37 - [TEST_STEP][PASSED] - workbookFile01 = getWorkbook(excelFile01): null

2020-02-14 09:51:37 - [TEST_STEP][PASSED] - workbook01 = getWorkbook(excelFile01): null

2020-02-14 09:51:37 - [TEST_STEP][PASSED] - sheet01 = getExcelSheet(workbook01, "Sheet1"): null

2020-02-14 09:51:37 - [TEST_STEP][PASSED] - setValueToCellByAddress(sheet01, "A1", "TEST"): null

2020-02-14 09:51:37 - [TEST_STEP][PASSED] - setValueToCellByAddress(sheet01, "B1", "BEAM"): null

2020-02-14 09:51:37 - [TEST_STEP][PASSED] - setValueToCellByAddress(sheet01, "C1", "UFF"): null

2020-02-14 09:51:37 - [TEST_STEP][PASSED] - setValueToCellByAddress(sheet01, "D1", "PLAN"): null

2020-02-14 09:51:37 - [TEST_STEP][PASSED] - setValueToCellByAddress(sheet01, "E1", "API PLAN"): null

2020-02-14 09:51:37 - [TEST_STEP][PASSED] - mybeam = mybeam: null

2020-02-14 09:51:37 - [TEST_STEP][PASSED] - myuff = myuff: null

2020-02-14 09:51:37 - [TEST_STEP][PASSED] - myplan = myplan: null

2020-02-14 09:51:37 - [TEST_STEP][PASSED] - log = new com.kms.katalon.core.logging.KeywordLogger(): null

2020-02-14 09:51:37 - [TEST_STEP][PASSED] - log.logWarning("beam " + mybeam + " zip " + myzip + " upfront fees " + myuff + " plan " + myplan): beam 341 zip 39305 upfront fees 0 plan VS2 Standard Offer

2020-02-14 09:51:37 - [MESSAGE][WARNING] - beam 341 zip 39305 upfront fees 0 plan VS2 Standard Offer

2020-02-14 09:51:37 - [TEST_STEP][PASSED] - setValueToCellByAddress(sheet01, "B" + mycount, beamFail): null

2020-02-14 09:51:37 - [TEST_STEP][PASSED] - setValueToCellByAddress(sheet01, "C" + mycount, uffFail): null

2020-02-14 09:51:37 - [TEST_STEP][PASSED] - mycount = mycount + 1: null

2020-02-14 09:51:37 - [TEST_STEP][PASSED] - setValueToCellByAddress(sheet01, "A" + mycount, "beam " + mybeam + " zip " + myzip + " upfront fees " + myuff + " plan " + myplan): null

2020-02-14 09:51:37 - [TEST_STEP][PASSED] - setValueToCellByAddress(sheet01, "D" + mycount, myplan): null

2020-02-14 09:51:37 - [TEST_STEP][PASSED] - sendRequestAndVerify(findTestObject("Exede_Zip", ["myzip":myzip])): Send request and verify the response successfully

2020-02-14 09:51:39 - [MESSAGE][INFO] - HAR: /Users/jhampleman/jenkins-beam-tests-master/Reports/20200214_095028/RUN_Exede_Zip_Test/20200214_095028/requests/main/29.har

2020-02-14 09:51:39 - [TEST_CASE][PASSED] - Start Test Case : Verification: Verification accomplished successfully

2020-02-14 09:51:39 - [TEST_STEP][PASSED] - request = getInstance().getCurrentRequest(): null

2020-02-14 09:51:39 - [TEST_STEP][PASSED] - response = getInstance().getCurrentResponse(): null

2020-02-14 09:51:39 - [TEST_STEP][PASSED] - if (!(verifyElementPropertyValue(response, "data.beam", mybeam))): Verify element property value successfully

2020-02-14 09:51:39 - [MESSAGE][PASSED] - Verify element property value successfully

2020-02-14 09:51:39 - [TEST_STEP][PASSED] - else: null

2020-02-14 09:51:39 - [TEST_STEP][PASSED] - beamFail = "P": null

2020-02-14 09:51:39 - [TEST_STEP][PASSED] - if (!(verifyElementPropertyValue(response, "data.product.down", myuff))): Verify element property value successfully

2020-02-14 09:51:39 - [MESSAGE][PASSED] - Verify element property value successfully

2020-02-14 09:51:39 - [TEST_STEP][PASSED] - else: null

2020-02-14 09:51:39 - [TEST_STEP][PASSED] - uffFail = "P": null

2020-02-14 09:51:39 - [TEST_STEP][PASSED] - jsonSlurper = new groovy.json.JsonSlurper(): null

2020-02-14 09:51:39 - [TEST_STEP][PASSED] - object = jsonSlurper.parseText(response.getResponseText()): null

2020-02-14 09:51:39 - [TEST_STEP][PASSED] - println(object): null

2020-02-14 09:51:39 - [TEST_STEP][PASSED] - mytest = plans: null

2020-02-14 09:51:39 - [TEST_STEP][PASSED] - variable = mytest: null

2020-02-14 09:51:39 - [MESSAGE][PASSED] - Verify response successfully

2020-02-14 09:51:39 - [MESSAGE][PASSED] - Send request and verify the response successfully

2020-02-14 09:51:39 - [TEST_STEP][PASSED] - setValueToCellByAddress(sheet01, "E" + mycount, variable): null

2020-02-14 09:51:39 - [TEST_STEP][PASSED] - saveWorkbook(excelFile01, workbook01): null]]></system-out>
         <system-err><![CDATA[]]></system-err>
      </testcase>
      <testcase name="Test Cases/Test_Beams_by_Zip_to_Excel" time="2.025" classname="Test Cases/Test_Beams_by_Zip_to_Excel" status="PASSED">
         <system-out><![CDATA[2020-02-14 09:51:39 - [TEST_CASE][PASSED] - Test Cases/Test_Beams_by_Zip_to_Excel: Test Cases/Test_Beams_by_Zip_to_Excel

2020-02-14 09:51:39 - [TEST_STEP][PASSED] - excelFile01 = "beams-test-results.xlsx": null

2020-02-14 09:51:39 - [TEST_STEP][PASSED] - ExpectedListSheetFile1 = ["Sheet1"]: null

2020-02-14 09:51:39 - [TEST_STEP][PASSED] - workbookFile01 = getWorkbook(excelFile01): null

2020-02-14 09:51:39 - [TEST_STEP][PASSED] - workbook01 = getWorkbook(excelFile01): null

2020-02-14 09:51:39 - [TEST_STEP][PASSED] - sheet01 = getExcelSheet(workbook01, "Sheet1"): null

2020-02-14 09:51:39 - [TEST_STEP][PASSED] - setValueToCellByAddress(sheet01, "A1", "TEST"): null

2020-02-14 09:51:39 - [TEST_STEP][PASSED] - setValueToCellByAddress(sheet01, "B1", "BEAM"): null

2020-02-14 09:51:39 - [TEST_STEP][PASSED] - setValueToCellByAddress(sheet01, "C1", "UFF"): null

2020-02-14 09:51:39 - [TEST_STEP][PASSED] - setValueToCellByAddress(sheet01, "D1", "PLAN"): null

2020-02-14 09:51:39 - [TEST_STEP][PASSED] - setValueToCellByAddress(sheet01, "E1", "API PLAN"): null

2020-02-14 09:51:39 - [TEST_STEP][PASSED] - mybeam = mybeam: null

2020-02-14 09:51:39 - [TEST_STEP][PASSED] - myuff = myuff: null

2020-02-14 09:51:39 - [TEST_STEP][PASSED] - myplan = myplan: null

2020-02-14 09:51:39 - [TEST_STEP][PASSED] - log = new com.kms.katalon.core.logging.KeywordLogger(): null

2020-02-14 09:51:39 - [TEST_STEP][PASSED] - log.logWarning("beam " + mybeam + " zip " + myzip + " upfront fees " + myuff + " plan " + myplan): beam 342 zip 36037 upfront fees 150 plan Liberty 12/25/50/Unlimited

2020-02-14 09:51:39 - [MESSAGE][WARNING] - beam 342 zip 36037 upfront fees 150 plan Liberty 12/25/50/Unlimited

2020-02-14 09:51:39 - [TEST_STEP][PASSED] - setValueToCellByAddress(sheet01, "B" + mycount, beamFail): null

2020-02-14 09:51:39 - [TEST_STEP][PASSED] - setValueToCellByAddress(sheet01, "C" + mycount, uffFail): null

2020-02-14 09:51:39 - [TEST_STEP][PASSED] - mycount = mycount + 1: null

2020-02-14 09:51:39 - [TEST_STEP][PASSED] - setValueToCellByAddress(sheet01, "A" + mycount, "beam " + mybeam + " zip " + myzip + " upfront fees " + myuff + " plan " + myplan): null

2020-02-14 09:51:39 - [TEST_STEP][PASSED] - setValueToCellByAddress(sheet01, "D" + mycount, myplan): null

2020-02-14 09:51:39 - [TEST_STEP][PASSED] - sendRequestAndVerify(findTestObject("Exede_Zip", ["myzip":myzip])): Send request and verify the response successfully

2020-02-14 09:51:41 - [MESSAGE][INFO] - HAR: /Users/jhampleman/jenkins-beam-tests-master/Reports/20200214_095028/RUN_Exede_Zip_Test/20200214_095028/requests/main/30.har

2020-02-14 09:51:41 - [TEST_CASE][PASSED] - Start Test Case : Verification: Verification accomplished successfully

2020-02-14 09:51:41 - [TEST_STEP][PASSED] - request = getInstance().getCurrentRequest(): null

2020-02-14 09:51:41 - [TEST_STEP][PASSED] - response = getInstance().getCurrentResponse(): null

2020-02-14 09:51:41 - [TEST_STEP][PASSED] - if (!(verifyElementPropertyValue(response, "data.beam", mybeam))): Verify element property value successfully

2020-02-14 09:51:41 - [MESSAGE][PASSED] - Verify element property value successfully

2020-02-14 09:51:41 - [TEST_STEP][PASSED] - else: null

2020-02-14 09:51:41 - [TEST_STEP][PASSED] - beamFail = "P": null

2020-02-14 09:51:41 - [TEST_STEP][PASSED] - if (!(verifyElementPropertyValue(response, "data.product.down", myuff))): Verify element property value successfully

2020-02-14 09:51:41 - [MESSAGE][PASSED] - Verify element property value successfully

2020-02-14 09:51:41 - [TEST_STEP][PASSED] - else: null

2020-02-14 09:51:41 - [TEST_STEP][PASSED] - uffFail = "P": null

2020-02-14 09:51:41 - [TEST_STEP][PASSED] - jsonSlurper = new groovy.json.JsonSlurper(): null

2020-02-14 09:51:41 - [TEST_STEP][PASSED] - object = jsonSlurper.parseText(response.getResponseText()): null

2020-02-14 09:51:41 - [TEST_STEP][PASSED] - println(object): null

2020-02-14 09:51:41 - [TEST_STEP][PASSED] - mytest = plans: null

2020-02-14 09:51:41 - [TEST_STEP][PASSED] - variable = mytest: null

2020-02-14 09:51:41 - [MESSAGE][PASSED] - Verify response successfully

2020-02-14 09:51:41 - [MESSAGE][PASSED] - Send request and verify the response successfully

2020-02-14 09:51:41 - [TEST_STEP][PASSED] - setValueToCellByAddress(sheet01, "E" + mycount, variable): null

2020-02-14 09:51:41 - [TEST_STEP][PASSED] - saveWorkbook(excelFile01, workbook01): null]]></system-out>
         <system-err><![CDATA[]]></system-err>
      </testcase>
      <testcase name="Test Cases/Test_Beams_by_Zip_to_Excel" time="2.244" classname="Test Cases/Test_Beams_by_Zip_to_Excel" status="PASSED">
         <system-out><![CDATA[2020-02-14 09:51:41 - [TEST_CASE][PASSED] - Test Cases/Test_Beams_by_Zip_to_Excel: Test Cases/Test_Beams_by_Zip_to_Excel

2020-02-14 09:51:41 - [TEST_STEP][PASSED] - excelFile01 = "beams-test-results.xlsx": null

2020-02-14 09:51:41 - [TEST_STEP][PASSED] - ExpectedListSheetFile1 = ["Sheet1"]: null

2020-02-14 09:51:41 - [TEST_STEP][PASSED] - workbookFile01 = getWorkbook(excelFile01): null

2020-02-14 09:51:41 - [TEST_STEP][PASSED] - workbook01 = getWorkbook(excelFile01): null

2020-02-14 09:51:41 - [TEST_STEP][PASSED] - sheet01 = getExcelSheet(workbook01, "Sheet1"): null

2020-02-14 09:51:41 - [TEST_STEP][PASSED] - setValueToCellByAddress(sheet01, "A1", "TEST"): null

2020-02-14 09:51:41 - [TEST_STEP][PASSED] - setValueToCellByAddress(sheet01, "B1", "BEAM"): null

2020-02-14 09:51:41 - [TEST_STEP][PASSED] - setValueToCellByAddress(sheet01, "C1", "UFF"): null

2020-02-14 09:51:41 - [TEST_STEP][PASSED] - setValueToCellByAddress(sheet01, "D1", "PLAN"): null

2020-02-14 09:51:41 - [TEST_STEP][PASSED] - setValueToCellByAddress(sheet01, "E1", "API PLAN"): null

2020-02-14 09:51:41 - [TEST_STEP][PASSED] - mybeam = mybeam: null

2020-02-14 09:51:41 - [TEST_STEP][PASSED] - myuff = myuff: null

2020-02-14 09:51:41 - [TEST_STEP][PASSED] - myplan = myplan: null

2020-02-14 09:51:41 - [TEST_STEP][PASSED] - log = new com.kms.katalon.core.logging.KeywordLogger(): null

2020-02-14 09:51:41 - [TEST_STEP][PASSED] - log.logWarning("beam " + mybeam + " zip " + myzip + " upfront fees " + myuff + " plan " + myplan): beam 343 zip 31201 upfront fees 100 plan Liberty 12/25/50/Unlimited

2020-02-14 09:51:41 - [MESSAGE][WARNING] - beam 343 zip 31201 upfront fees 100 plan Liberty 12/25/50/Unlimited

2020-02-14 09:51:41 - [TEST_STEP][PASSED] - setValueToCellByAddress(sheet01, "B" + mycount, beamFail): null

2020-02-14 09:51:41 - [TEST_STEP][PASSED] - setValueToCellByAddress(sheet01, "C" + mycount, uffFail): null

2020-02-14 09:51:41 - [TEST_STEP][PASSED] - mycount = mycount + 1: null

2020-02-14 09:51:41 - [TEST_STEP][PASSED] - setValueToCellByAddress(sheet01, "A" + mycount, "beam " + mybeam + " zip " + myzip + " upfront fees " + myuff + " plan " + myplan): null

2020-02-14 09:51:41 - [TEST_STEP][PASSED] - setValueToCellByAddress(sheet01, "D" + mycount, myplan): null

2020-02-14 09:51:41 - [TEST_STEP][PASSED] - sendRequestAndVerify(findTestObject("Exede_Zip", ["myzip":myzip])): Send request and verify the response successfully

2020-02-14 09:51:43 - [MESSAGE][INFO] - HAR: /Users/jhampleman/jenkins-beam-tests-master/Reports/20200214_095028/RUN_Exede_Zip_Test/20200214_095028/requests/main/31.har

2020-02-14 09:51:43 - [TEST_CASE][PASSED] - Start Test Case : Verification: Verification accomplished successfully

2020-02-14 09:51:43 - [TEST_STEP][PASSED] - request = getInstance().getCurrentRequest(): null

2020-02-14 09:51:43 - [TEST_STEP][PASSED] - response = getInstance().getCurrentResponse(): null

2020-02-14 09:51:43 - [TEST_STEP][PASSED] - if (!(verifyElementPropertyValue(response, "data.beam", mybeam))): Verify element property value successfully

2020-02-14 09:51:43 - [MESSAGE][PASSED] - Verify element property value successfully

2020-02-14 09:51:43 - [TEST_STEP][PASSED] - else: null

2020-02-14 09:51:43 - [TEST_STEP][PASSED] - beamFail = "P": null

2020-02-14 09:51:43 - [TEST_STEP][PASSED] - if (!(verifyElementPropertyValue(response, "data.product.down", myuff))): Verify element property value successfully

2020-02-14 09:51:43 - [MESSAGE][PASSED] - Verify element property value successfully

2020-02-14 09:51:43 - [TEST_STEP][PASSED] - else: null

2020-02-14 09:51:43 - [TEST_STEP][PASSED] - uffFail = "P": null

2020-02-14 09:51:43 - [TEST_STEP][PASSED] - jsonSlurper = new groovy.json.JsonSlurper(): null

2020-02-14 09:51:43 - [TEST_STEP][PASSED] - object = jsonSlurper.parseText(response.getResponseText()): null

2020-02-14 09:51:43 - [TEST_STEP][PASSED] - println(object): null

2020-02-14 09:51:43 - [TEST_STEP][PASSED] - mytest = plans: null

2020-02-14 09:51:43 - [TEST_STEP][PASSED] - variable = mytest: null

2020-02-14 09:51:43 - [MESSAGE][PASSED] - Verify response successfully

2020-02-14 09:51:43 - [MESSAGE][PASSED] - Send request and verify the response successfully

2020-02-14 09:51:43 - [TEST_STEP][PASSED] - setValueToCellByAddress(sheet01, "E" + mycount, variable): null

2020-02-14 09:51:43 - [TEST_STEP][PASSED] - saveWorkbook(excelFile01, workbook01): null]]></system-out>
         <system-err><![CDATA[]]></system-err>
      </testcase>
      <testcase name="Test Cases/Test_Beams_by_Zip_to_Excel" time="1.958" classname="Test Cases/Test_Beams_by_Zip_to_Excel" status="PASSED">
         <system-out><![CDATA[2020-02-14 09:51:43 - [TEST_CASE][PASSED] - Test Cases/Test_Beams_by_Zip_to_Excel: Test Cases/Test_Beams_by_Zip_to_Excel

2020-02-14 09:51:43 - [TEST_STEP][PASSED] - excelFile01 = "beams-test-results.xlsx": null

2020-02-14 09:51:43 - [TEST_STEP][PASSED] - ExpectedListSheetFile1 = ["Sheet1"]: null

2020-02-14 09:51:43 - [TEST_STEP][PASSED] - workbookFile01 = getWorkbook(excelFile01): null

2020-02-14 09:51:43 - [TEST_STEP][PASSED] - workbook01 = getWorkbook(excelFile01): null

2020-02-14 09:51:44 - [TEST_STEP][PASSED] - sheet01 = getExcelSheet(workbook01, "Sheet1"): null

2020-02-14 09:51:44 - [TEST_STEP][PASSED] - setValueToCellByAddress(sheet01, "A1", "TEST"): null

2020-02-14 09:51:44 - [TEST_STEP][PASSED] - setValueToCellByAddress(sheet01, "B1", "BEAM"): null

2020-02-14 09:51:44 - [TEST_STEP][PASSED] - setValueToCellByAddress(sheet01, "C1", "UFF"): null

2020-02-14 09:51:44 - [TEST_STEP][PASSED] - setValueToCellByAddress(sheet01, "D1", "PLAN"): null

2020-02-14 09:51:44 - [TEST_STEP][PASSED] - setValueToCellByAddress(sheet01, "E1", "API PLAN"): null

2020-02-14 09:51:44 - [TEST_STEP][PASSED] - mybeam = mybeam: null

2020-02-14 09:51:44 - [TEST_STEP][PASSED] - myuff = myuff: null

2020-02-14 09:51:44 - [TEST_STEP][PASSED] - myplan = myplan: null

2020-02-14 09:51:44 - [TEST_STEP][PASSED] - log = new com.kms.katalon.core.logging.KeywordLogger(): null

2020-02-14 09:51:44 - [TEST_STEP][PASSED] - log.logWarning("beam " + mybeam + " zip " + myzip + " upfront fees " + myuff + " plan " + myplan): beam 344 zip 29554 upfront fees 0 plan Liberty 12/25/50/Unlimited

2020-02-14 09:51:44 - [MESSAGE][WARNING] - beam 344 zip 29554 upfront fees 0 plan Liberty 12/25/50/Unlimited

2020-02-14 09:51:44 - [TEST_STEP][PASSED] - setValueToCellByAddress(sheet01, "B" + mycount, beamFail): null

2020-02-14 09:51:44 - [TEST_STEP][PASSED] - setValueToCellByAddress(sheet01, "C" + mycount, uffFail): null

2020-02-14 09:51:44 - [TEST_STEP][PASSED] - mycount = mycount + 1: null

2020-02-14 09:51:44 - [TEST_STEP][PASSED] - setValueToCellByAddress(sheet01, "A" + mycount, "beam " + mybeam + " zip " + myzip + " upfront fees " + myuff + " plan " + myplan): null

2020-02-14 09:51:44 - [TEST_STEP][PASSED] - setValueToCellByAddress(sheet01, "D" + mycount, myplan): null

2020-02-14 09:51:44 - [TEST_STEP][PASSED] - sendRequestAndVerify(findTestObject("Exede_Zip", ["myzip":myzip])): Send request and verify the response successfully

2020-02-14 09:51:45 - [MESSAGE][INFO] - HAR: /Users/jhampleman/jenkins-beam-tests-master/Reports/20200214_095028/RUN_Exede_Zip_Test/20200214_095028/requests/main/32.har

2020-02-14 09:51:45 - [TEST_CASE][PASSED] - Start Test Case : Verification: Verification accomplished successfully

2020-02-14 09:51:45 - [TEST_STEP][PASSED] - request = getInstance().getCurrentRequest(): null

2020-02-14 09:51:45 - [TEST_STEP][PASSED] - response = getInstance().getCurrentResponse(): null

2020-02-14 09:51:45 - [TEST_STEP][PASSED] - if (!(verifyElementPropertyValue(response, "data.beam", mybeam))): Verify element property value successfully

2020-02-14 09:51:45 - [MESSAGE][PASSED] - Verify element property value successfully

2020-02-14 09:51:45 - [TEST_STEP][PASSED] - else: null

2020-02-14 09:51:45 - [TEST_STEP][PASSED] - beamFail = "P": null

2020-02-14 09:51:45 - [TEST_STEP][PASSED] - if (!(verifyElementPropertyValue(response, "data.product.down", myuff))): Verify element property value successfully

2020-02-14 09:51:45 - [MESSAGE][PASSED] - Verify element property value successfully

2020-02-14 09:51:45 - [TEST_STEP][PASSED] - else: null

2020-02-14 09:51:45 - [TEST_STEP][PASSED] - uffFail = "P": null

2020-02-14 09:51:45 - [TEST_STEP][PASSED] - jsonSlurper = new groovy.json.JsonSlurper(): null

2020-02-14 09:51:45 - [TEST_STEP][PASSED] - object = jsonSlurper.parseText(response.getResponseText()): null

2020-02-14 09:51:45 - [TEST_STEP][PASSED] - println(object): null

2020-02-14 09:51:45 - [TEST_STEP][PASSED] - mytest = plans: null

2020-02-14 09:51:45 - [TEST_STEP][PASSED] - variable = mytest: null

2020-02-14 09:51:45 - [MESSAGE][PASSED] - Verify response successfully

2020-02-14 09:51:45 - [MESSAGE][PASSED] - Send request and verify the response successfully

2020-02-14 09:51:45 - [TEST_STEP][PASSED] - setValueToCellByAddress(sheet01, "E" + mycount, variable): null

2020-02-14 09:51:45 - [TEST_STEP][PASSED] - saveWorkbook(excelFile01, workbook01): null]]></system-out>
         <system-err><![CDATA[]]></system-err>
      </testcase>
      <testcase name="Test Cases/Test_Beams_by_Zip_to_Excel" time="2.099" classname="Test Cases/Test_Beams_by_Zip_to_Excel" status="PASSED">
         <system-out><![CDATA[2020-02-14 09:51:45 - [TEST_CASE][PASSED] - Test Cases/Test_Beams_by_Zip_to_Excel: Test Cases/Test_Beams_by_Zip_to_Excel

2020-02-14 09:51:45 - [TEST_STEP][PASSED] - excelFile01 = "beams-test-results.xlsx": null

2020-02-14 09:51:45 - [TEST_STEP][PASSED] - ExpectedListSheetFile1 = ["Sheet1"]: null

2020-02-14 09:51:45 - [TEST_STEP][PASSED] - workbookFile01 = getWorkbook(excelFile01): null

2020-02-14 09:51:45 - [TEST_STEP][PASSED] - workbook01 = getWorkbook(excelFile01): null

2020-02-14 09:51:45 - [TEST_STEP][PASSED] - sheet01 = getExcelSheet(workbook01, "Sheet1"): null

2020-02-14 09:51:45 - [TEST_STEP][PASSED] - setValueToCellByAddress(sheet01, "A1", "TEST"): null

2020-02-14 09:51:45 - [TEST_STEP][PASSED] - setValueToCellByAddress(sheet01, "B1", "BEAM"): null

2020-02-14 09:51:45 - [TEST_STEP][PASSED] - setValueToCellByAddress(sheet01, "C1", "UFF"): null

2020-02-14 09:51:45 - [TEST_STEP][PASSED] - setValueToCellByAddress(sheet01, "D1", "PLAN"): null

2020-02-14 09:51:45 - [TEST_STEP][PASSED] - setValueToCellByAddress(sheet01, "E1", "API PLAN"): null

2020-02-14 09:51:45 - [TEST_STEP][PASSED] - mybeam = mybeam: null

2020-02-14 09:51:45 - [TEST_STEP][PASSED] - myuff = myuff: null

2020-02-14 09:51:45 - [TEST_STEP][PASSED] - myplan = myplan: null

2020-02-14 09:51:45 - [TEST_STEP][PASSED] - log = new com.kms.katalon.core.logging.KeywordLogger(): null

2020-02-14 09:51:45 - [TEST_STEP][PASSED] - log.logWarning("beam " + mybeam + " zip " + myzip + " upfront fees " + myuff + " plan " + myplan): beam 345 zip 78643 upfront fees 0 plan VS2 Standard Offer

2020-02-14 09:51:45 - [MESSAGE][WARNING] - beam 345 zip 78643 upfront fees 0 plan VS2 Standard Offer

2020-02-14 09:51:45 - [TEST_STEP][PASSED] - setValueToCellByAddress(sheet01, "B" + mycount, beamFail): null

2020-02-14 09:51:45 - [TEST_STEP][PASSED] - setValueToCellByAddress(sheet01, "C" + mycount, uffFail): null

2020-02-14 09:51:45 - [TEST_STEP][PASSED] - mycount = mycount + 1: null

2020-02-14 09:51:45 - [TEST_STEP][PASSED] - setValueToCellByAddress(sheet01, "A" + mycount, "beam " + mybeam + " zip " + myzip + " upfront fees " + myuff + " plan " + myplan): null

2020-02-14 09:51:45 - [TEST_STEP][PASSED] - setValueToCellByAddress(sheet01, "D" + mycount, myplan): null

2020-02-14 09:51:45 - [TEST_STEP][PASSED] - sendRequestAndVerify(findTestObject("Exede_Zip", ["myzip":myzip])): Send request and verify the response successfully

2020-02-14 09:51:47 - [MESSAGE][INFO] - HAR: /Users/jhampleman/jenkins-beam-tests-master/Reports/20200214_095028/RUN_Exede_Zip_Test/20200214_095028/requests/main/33.har

2020-02-14 09:51:47 - [TEST_CASE][PASSED] - Start Test Case : Verification: Verification accomplished successfully

2020-02-14 09:51:47 - [TEST_STEP][PASSED] - request = getInstance().getCurrentRequest(): null

2020-02-14 09:51:47 - [TEST_STEP][PASSED] - response = getInstance().getCurrentResponse(): null

2020-02-14 09:51:47 - [TEST_STEP][PASSED] - if (!(verifyElementPropertyValue(response, "data.beam", mybeam))): Verify element property value successfully

2020-02-14 09:51:47 - [MESSAGE][PASSED] - Verify element property value successfully

2020-02-14 09:51:47 - [TEST_STEP][PASSED] - else: null

2020-02-14 09:51:47 - [TEST_STEP][PASSED] - beamFail = "P": null

2020-02-14 09:51:47 - [TEST_STEP][PASSED] - if (!(verifyElementPropertyValue(response, "data.product.down", myuff))): Verify element property value successfully

2020-02-14 09:51:47 - [MESSAGE][PASSED] - Verify element property value successfully

2020-02-14 09:51:47 - [TEST_STEP][PASSED] - else: null

2020-02-14 09:51:47 - [TEST_STEP][PASSED] - uffFail = "P": null

2020-02-14 09:51:47 - [TEST_STEP][PASSED] - jsonSlurper = new groovy.json.JsonSlurper(): null

2020-02-14 09:51:47 - [TEST_STEP][PASSED] - object = jsonSlurper.parseText(response.getResponseText()): null

2020-02-14 09:51:47 - [TEST_STEP][PASSED] - println(object): null

2020-02-14 09:51:47 - [TEST_STEP][PASSED] - mytest = plans: null

2020-02-14 09:51:47 - [TEST_STEP][PASSED] - variable = mytest: null

2020-02-14 09:51:47 - [MESSAGE][PASSED] - Verify response successfully

2020-02-14 09:51:47 - [MESSAGE][PASSED] - Send request and verify the response successfully

2020-02-14 09:51:47 - [TEST_STEP][PASSED] - setValueToCellByAddress(sheet01, "E" + mycount, variable): null

2020-02-14 09:51:47 - [TEST_STEP][PASSED] - saveWorkbook(excelFile01, workbook01): null]]></system-out>
         <system-err><![CDATA[]]></system-err>
      </testcase>
      <testcase name="Test Cases/Test_Beams_by_Zip_to_Excel" time="2.037" classname="Test Cases/Test_Beams_by_Zip_to_Excel" status="PASSED">
         <system-out><![CDATA[2020-02-14 09:51:48 - [TEST_CASE][PASSED] - Test Cases/Test_Beams_by_Zip_to_Excel: Test Cases/Test_Beams_by_Zip_to_Excel

2020-02-14 09:51:48 - [TEST_STEP][PASSED] - excelFile01 = "beams-test-results.xlsx": null

2020-02-14 09:51:48 - [TEST_STEP][PASSED] - ExpectedListSheetFile1 = ["Sheet1"]: null

2020-02-14 09:51:48 - [TEST_STEP][PASSED] - workbookFile01 = getWorkbook(excelFile01): null

2020-02-14 09:51:48 - [TEST_STEP][PASSED] - workbook01 = getWorkbook(excelFile01): null

2020-02-14 09:51:48 - [TEST_STEP][PASSED] - sheet01 = getExcelSheet(workbook01, "Sheet1"): null

2020-02-14 09:51:48 - [TEST_STEP][PASSED] - setValueToCellByAddress(sheet01, "A1", "TEST"): null

2020-02-14 09:51:48 - [TEST_STEP][PASSED] - setValueToCellByAddress(sheet01, "B1", "BEAM"): null

2020-02-14 09:51:48 - [TEST_STEP][PASSED] - setValueToCellByAddress(sheet01, "C1", "UFF"): null

2020-02-14 09:51:48 - [TEST_STEP][PASSED] - setValueToCellByAddress(sheet01, "D1", "PLAN"): null

2020-02-14 09:51:48 - [TEST_STEP][PASSED] - setValueToCellByAddress(sheet01, "E1", "API PLAN"): null

2020-02-14 09:51:48 - [TEST_STEP][PASSED] - mybeam = mybeam: null

2020-02-14 09:51:48 - [TEST_STEP][PASSED] - myuff = myuff: null

2020-02-14 09:51:48 - [TEST_STEP][PASSED] - myplan = myplan: null

2020-02-14 09:51:48 - [TEST_STEP][PASSED] - log = new com.kms.katalon.core.logging.KeywordLogger(): null

2020-02-14 09:51:48 - [TEST_STEP][PASSED] - log.logWarning("beam " + mybeam + " zip " + myzip + " upfront fees " + myuff + " plan " + myplan): beam 347 zip 70601 upfront fees 0 plan VS2 Standard Offer

2020-02-14 09:51:48 - [MESSAGE][WARNING] - beam 347 zip 70601 upfront fees 0 plan VS2 Standard Offer

2020-02-14 09:51:48 - [TEST_STEP][PASSED] - setValueToCellByAddress(sheet01, "B" + mycount, beamFail): null

2020-02-14 09:51:48 - [TEST_STEP][PASSED] - setValueToCellByAddress(sheet01, "C" + mycount, uffFail): null

2020-02-14 09:51:48 - [TEST_STEP][PASSED] - mycount = mycount + 1: null

2020-02-14 09:51:48 - [TEST_STEP][PASSED] - setValueToCellByAddress(sheet01, "A" + mycount, "beam " + mybeam + " zip " + myzip + " upfront fees " + myuff + " plan " + myplan): null

2020-02-14 09:51:48 - [TEST_STEP][PASSED] - setValueToCellByAddress(sheet01, "D" + mycount, myplan): null

2020-02-14 09:51:48 - [TEST_STEP][PASSED] - sendRequestAndVerify(findTestObject("Exede_Zip", ["myzip":myzip])): Send request and verify the response successfully

2020-02-14 09:51:49 - [MESSAGE][INFO] - HAR: /Users/jhampleman/jenkins-beam-tests-master/Reports/20200214_095028/RUN_Exede_Zip_Test/20200214_095028/requests/main/34.har

2020-02-14 09:51:49 - [TEST_CASE][PASSED] - Start Test Case : Verification: Verification accomplished successfully

2020-02-14 09:51:50 - [TEST_STEP][PASSED] - request = getInstance().getCurrentRequest(): null

2020-02-14 09:51:50 - [TEST_STEP][PASSED] - response = getInstance().getCurrentResponse(): null

2020-02-14 09:51:50 - [TEST_STEP][PASSED] - if (!(verifyElementPropertyValue(response, "data.beam", mybeam))): Verify element property value successfully

2020-02-14 09:51:50 - [MESSAGE][PASSED] - Verify element property value successfully

2020-02-14 09:51:50 - [TEST_STEP][PASSED] - else: null

2020-02-14 09:51:50 - [TEST_STEP][PASSED] - beamFail = "P": null

2020-02-14 09:51:50 - [TEST_STEP][PASSED] - if (!(verifyElementPropertyValue(response, "data.product.down", myuff))): Verify element property value successfully

2020-02-14 09:51:50 - [MESSAGE][PASSED] - Verify element property value successfully

2020-02-14 09:51:50 - [TEST_STEP][PASSED] - else: null

2020-02-14 09:51:50 - [TEST_STEP][PASSED] - uffFail = "P": null

2020-02-14 09:51:50 - [TEST_STEP][PASSED] - jsonSlurper = new groovy.json.JsonSlurper(): null

2020-02-14 09:51:50 - [TEST_STEP][PASSED] - object = jsonSlurper.parseText(response.getResponseText()): null

2020-02-14 09:51:50 - [TEST_STEP][PASSED] - println(object): null

2020-02-14 09:51:50 - [TEST_STEP][PASSED] - mytest = plans: null

2020-02-14 09:51:50 - [TEST_STEP][PASSED] - variable = mytest: null

2020-02-14 09:51:50 - [MESSAGE][PASSED] - Verify response successfully

2020-02-14 09:51:50 - [MESSAGE][PASSED] - Send request and verify the response successfully

2020-02-14 09:51:50 - [TEST_STEP][PASSED] - setValueToCellByAddress(sheet01, "E" + mycount, variable): null

2020-02-14 09:51:50 - [TEST_STEP][PASSED] - saveWorkbook(excelFile01, workbook01): null]]></system-out>
         <system-err><![CDATA[]]></system-err>
      </testcase>
      <testcase name="Test Cases/Test_Beams_by_Zip_to_Excel" time="1.834" classname="Test Cases/Test_Beams_by_Zip_to_Excel" status="PASSED">
         <system-out><![CDATA[2020-02-14 09:51:50 - [TEST_CASE][PASSED] - Test Cases/Test_Beams_by_Zip_to_Excel: Test Cases/Test_Beams_by_Zip_to_Excel

2020-02-14 09:51:50 - [TEST_STEP][PASSED] - excelFile01 = "beams-test-results.xlsx": null

2020-02-14 09:51:50 - [TEST_STEP][PASSED] - ExpectedListSheetFile1 = ["Sheet1"]: null

2020-02-14 09:51:50 - [TEST_STEP][PASSED] - workbookFile01 = getWorkbook(excelFile01): null

2020-02-14 09:51:50 - [TEST_STEP][PASSED] - workbook01 = getWorkbook(excelFile01): null

2020-02-14 09:51:50 - [TEST_STEP][PASSED] - sheet01 = getExcelSheet(workbook01, "Sheet1"): null

2020-02-14 09:51:50 - [TEST_STEP][PASSED] - setValueToCellByAddress(sheet01, "A1", "TEST"): null

2020-02-14 09:51:50 - [TEST_STEP][PASSED] - setValueToCellByAddress(sheet01, "B1", "BEAM"): null

2020-02-14 09:51:50 - [TEST_STEP][PASSED] - setValueToCellByAddress(sheet01, "C1", "UFF"): null

2020-02-14 09:51:50 - [TEST_STEP][PASSED] - setValueToCellByAddress(sheet01, "D1", "PLAN"): null

2020-02-14 09:51:50 - [TEST_STEP][PASSED] - setValueToCellByAddress(sheet01, "E1", "API PLAN"): null

2020-02-14 09:51:50 - [TEST_STEP][PASSED] - mybeam = mybeam: null

2020-02-14 09:51:50 - [TEST_STEP][PASSED] - myuff = myuff: null

2020-02-14 09:51:50 - [TEST_STEP][PASSED] - myplan = myplan: null

2020-02-14 09:51:50 - [TEST_STEP][PASSED] - log = new com.kms.katalon.core.logging.KeywordLogger(): null

2020-02-14 09:51:50 - [TEST_STEP][PASSED] - log.logWarning("beam " + mybeam + " zip " + myzip + " upfront fees " + myuff + " plan " + myplan): beam 348 zip 70065 upfront fees 0 plan VS2 Standard Offer

2020-02-14 09:51:50 - [MESSAGE][WARNING] - beam 348 zip 70065 upfront fees 0 plan VS2 Standard Offer

2020-02-14 09:51:50 - [TEST_STEP][PASSED] - setValueToCellByAddress(sheet01, "B" + mycount, beamFail): null

2020-02-14 09:51:50 - [TEST_STEP][PASSED] - setValueToCellByAddress(sheet01, "C" + mycount, uffFail): null

2020-02-14 09:51:50 - [TEST_STEP][PASSED] - mycount = mycount + 1: null

2020-02-14 09:51:50 - [TEST_STEP][PASSED] - setValueToCellByAddress(sheet01, "A" + mycount, "beam " + mybeam + " zip " + myzip + " upfront fees " + myuff + " plan " + myplan): null

2020-02-14 09:51:50 - [TEST_STEP][PASSED] - setValueToCellByAddress(sheet01, "D" + mycount, myplan): null

2020-02-14 09:51:50 - [TEST_STEP][PASSED] - sendRequestAndVerify(findTestObject("Exede_Zip", ["myzip":myzip])): Send request and verify the response successfully

2020-02-14 09:51:51 - [MESSAGE][INFO] - HAR: /Users/jhampleman/jenkins-beam-tests-master/Reports/20200214_095028/RUN_Exede_Zip_Test/20200214_095028/requests/main/35.har

2020-02-14 09:51:51 - [TEST_CASE][PASSED] - Start Test Case : Verification: Verification accomplished successfully

2020-02-14 09:51:51 - [TEST_STEP][PASSED] - request = getInstance().getCurrentRequest(): null

2020-02-14 09:51:51 - [TEST_STEP][PASSED] - response = getInstance().getCurrentResponse(): null

2020-02-14 09:51:51 - [TEST_STEP][PASSED] - if (!(verifyElementPropertyValue(response, "data.beam", mybeam))): Verify element property value successfully

2020-02-14 09:51:51 - [MESSAGE][PASSED] - Verify element property value successfully

2020-02-14 09:51:51 - [TEST_STEP][PASSED] - else: null

2020-02-14 09:51:51 - [TEST_STEP][PASSED] - beamFail = "P": null

2020-02-14 09:51:51 - [TEST_STEP][PASSED] - if (!(verifyElementPropertyValue(response, "data.product.down", myuff))): Verify element property value successfully

2020-02-14 09:51:51 - [MESSAGE][PASSED] - Verify element property value successfully

2020-02-14 09:51:51 - [TEST_STEP][PASSED] - else: null

2020-02-14 09:51:51 - [TEST_STEP][PASSED] - uffFail = "P": null

2020-02-14 09:51:51 - [TEST_STEP][PASSED] - jsonSlurper = new groovy.json.JsonSlurper(): null

2020-02-14 09:51:51 - [TEST_STEP][PASSED] - object = jsonSlurper.parseText(response.getResponseText()): null

2020-02-14 09:51:51 - [TEST_STEP][PASSED] - println(object): null

2020-02-14 09:51:51 - [TEST_STEP][PASSED] - mytest = plans: null

2020-02-14 09:51:51 - [TEST_STEP][PASSED] - variable = mytest: null

2020-02-14 09:51:51 - [MESSAGE][PASSED] - Verify response successfully

2020-02-14 09:51:51 - [MESSAGE][PASSED] - Send request and verify the response successfully

2020-02-14 09:51:51 - [TEST_STEP][PASSED] - setValueToCellByAddress(sheet01, "E" + mycount, variable): null

2020-02-14 09:51:51 - [TEST_STEP][PASSED] - saveWorkbook(excelFile01, workbook01): null]]></system-out>
         <system-err><![CDATA[]]></system-err>
      </testcase>
      <testcase name="Test Cases/Test_Beams_by_Zip_to_Excel" time="2.002" classname="Test Cases/Test_Beams_by_Zip_to_Excel" status="PASSED">
         <system-out><![CDATA[2020-02-14 09:51:51 - [TEST_CASE][PASSED] - Test Cases/Test_Beams_by_Zip_to_Excel: Test Cases/Test_Beams_by_Zip_to_Excel

2020-02-14 09:51:51 - [TEST_STEP][PASSED] - excelFile01 = "beams-test-results.xlsx": null

2020-02-14 09:51:51 - [TEST_STEP][PASSED] - ExpectedListSheetFile1 = ["Sheet1"]: null

2020-02-14 09:51:51 - [TEST_STEP][PASSED] - workbookFile01 = getWorkbook(excelFile01): null

2020-02-14 09:51:51 - [TEST_STEP][PASSED] - workbook01 = getWorkbook(excelFile01): null

2020-02-14 09:51:51 - [TEST_STEP][PASSED] - sheet01 = getExcelSheet(workbook01, "Sheet1"): null

2020-02-14 09:51:51 - [TEST_STEP][PASSED] - setValueToCellByAddress(sheet01, "A1", "TEST"): null

2020-02-14 09:51:51 - [TEST_STEP][PASSED] - setValueToCellByAddress(sheet01, "B1", "BEAM"): null

2020-02-14 09:51:51 - [TEST_STEP][PASSED] - setValueToCellByAddress(sheet01, "C1", "UFF"): null

2020-02-14 09:51:51 - [TEST_STEP][PASSED] - setValueToCellByAddress(sheet01, "D1", "PLAN"): null

2020-02-14 09:51:51 - [TEST_STEP][PASSED] - setValueToCellByAddress(sheet01, "E1", "API PLAN"): null

2020-02-14 09:51:51 - [TEST_STEP][PASSED] - mybeam = mybeam: null

2020-02-14 09:51:51 - [TEST_STEP][PASSED] - myuff = myuff: null

2020-02-14 09:51:51 - [TEST_STEP][PASSED] - myplan = myplan: null

2020-02-14 09:51:51 - [TEST_STEP][PASSED] - log = new com.kms.katalon.core.logging.KeywordLogger(): null

2020-02-14 09:51:51 - [TEST_STEP][PASSED] - log.logWarning("beam " + mybeam + " zip " + myzip + " upfront fees " + myuff + " plan " + myplan): beam 349 zip 39507 upfront fees 0 plan VS2 Standard Offer

2020-02-14 09:51:51 - [MESSAGE][WARNING] - beam 349 zip 39507 upfront fees 0 plan VS2 Standard Offer

2020-02-14 09:51:51 - [TEST_STEP][PASSED] - setValueToCellByAddress(sheet01, "B" + mycount, beamFail): null

2020-02-14 09:51:51 - [TEST_STEP][PASSED] - setValueToCellByAddress(sheet01, "C" + mycount, uffFail): null

2020-02-14 09:51:51 - [TEST_STEP][PASSED] - mycount = mycount + 1: null

2020-02-14 09:51:51 - [TEST_STEP][PASSED] - setValueToCellByAddress(sheet01, "A" + mycount, "beam " + mybeam + " zip " + myzip + " upfront fees " + myuff + " plan " + myplan): null

2020-02-14 09:51:51 - [TEST_STEP][PASSED] - setValueToCellByAddress(sheet01, "D" + mycount, myplan): null

2020-02-14 09:51:51 - [TEST_STEP][PASSED] - sendRequestAndVerify(findTestObject("Exede_Zip", ["myzip":myzip])): Send request and verify the response successfully

2020-02-14 09:51:53 - [MESSAGE][INFO] - HAR: /Users/jhampleman/jenkins-beam-tests-master/Reports/20200214_095028/RUN_Exede_Zip_Test/20200214_095028/requests/main/36.har

2020-02-14 09:51:53 - [TEST_CASE][PASSED] - Start Test Case : Verification: Verification accomplished successfully

2020-02-14 09:51:53 - [TEST_STEP][PASSED] - request = getInstance().getCurrentRequest(): null

2020-02-14 09:51:53 - [TEST_STEP][PASSED] - response = getInstance().getCurrentResponse(): null

2020-02-14 09:51:53 - [TEST_STEP][PASSED] - if (!(verifyElementPropertyValue(response, "data.beam", mybeam))): Verify element property value successfully

2020-02-14 09:51:53 - [MESSAGE][PASSED] - Verify element property value successfully

2020-02-14 09:51:53 - [TEST_STEP][PASSED] - else: null

2020-02-14 09:51:53 - [TEST_STEP][PASSED] - beamFail = "P": null

2020-02-14 09:51:53 - [TEST_STEP][PASSED] - if (!(verifyElementPropertyValue(response, "data.product.down", myuff))): Verify element property value successfully

2020-02-14 09:51:53 - [MESSAGE][PASSED] - Verify element property value successfully

2020-02-14 09:51:53 - [TEST_STEP][PASSED] - else: null

2020-02-14 09:51:53 - [TEST_STEP][PASSED] - uffFail = "P": null

2020-02-14 09:51:53 - [TEST_STEP][PASSED] - jsonSlurper = new groovy.json.JsonSlurper(): null

2020-02-14 09:51:53 - [TEST_STEP][PASSED] - object = jsonSlurper.parseText(response.getResponseText()): null

2020-02-14 09:51:53 - [TEST_STEP][PASSED] - println(object): null

2020-02-14 09:51:53 - [TEST_STEP][PASSED] - mytest = plans: null

2020-02-14 09:51:53 - [TEST_STEP][PASSED] - variable = mytest: null

2020-02-14 09:51:53 - [MESSAGE][PASSED] - Verify response successfully

2020-02-14 09:51:53 - [MESSAGE][PASSED] - Send request and verify the response successfully

2020-02-14 09:51:53 - [TEST_STEP][PASSED] - setValueToCellByAddress(sheet01, "E" + mycount, variable): null

2020-02-14 09:51:53 - [TEST_STEP][PASSED] - saveWorkbook(excelFile01, workbook01): null]]></system-out>
         <system-err><![CDATA[]]></system-err>
      </testcase>
      <testcase name="Test Cases/Test_Beams_by_Zip_to_Excel" time="1.976" classname="Test Cases/Test_Beams_by_Zip_to_Excel" status="PASSED">
         <system-out><![CDATA[2020-02-14 09:51:53 - [TEST_CASE][PASSED] - Test Cases/Test_Beams_by_Zip_to_Excel: Test Cases/Test_Beams_by_Zip_to_Excel

2020-02-14 09:51:53 - [TEST_STEP][PASSED] - excelFile01 = "beams-test-results.xlsx": null

2020-02-14 09:51:53 - [TEST_STEP][PASSED] - ExpectedListSheetFile1 = ["Sheet1"]: null

2020-02-14 09:51:53 - [TEST_STEP][PASSED] - workbookFile01 = getWorkbook(excelFile01): null

2020-02-14 09:51:54 - [TEST_STEP][PASSED] - workbook01 = getWorkbook(excelFile01): null

2020-02-14 09:51:54 - [TEST_STEP][PASSED] - sheet01 = getExcelSheet(workbook01, "Sheet1"): null

2020-02-14 09:51:54 - [TEST_STEP][PASSED] - setValueToCellByAddress(sheet01, "A1", "TEST"): null

2020-02-14 09:51:54 - [TEST_STEP][PASSED] - setValueToCellByAddress(sheet01, "B1", "BEAM"): null

2020-02-14 09:51:54 - [TEST_STEP][PASSED] - setValueToCellByAddress(sheet01, "C1", "UFF"): null

2020-02-14 09:51:54 - [TEST_STEP][PASSED] - setValueToCellByAddress(sheet01, "D1", "PLAN"): null

2020-02-14 09:51:54 - [TEST_STEP][PASSED] - setValueToCellByAddress(sheet01, "E1", "API PLAN"): null

2020-02-14 09:51:54 - [TEST_STEP][PASSED] - mybeam = mybeam: null

2020-02-14 09:51:54 - [TEST_STEP][PASSED] - myuff = myuff: null

2020-02-14 09:51:54 - [TEST_STEP][PASSED] - myplan = myplan: null

2020-02-14 09:51:54 - [TEST_STEP][PASSED] - log = new com.kms.katalon.core.logging.KeywordLogger(): null

2020-02-14 09:51:54 - [TEST_STEP][PASSED] - log.logWarning("beam " + mybeam + " zip " + myzip + " upfront fees " + myuff + " plan " + myplan): beam 350 zip 32428 upfront fees 150 plan Liberty 12/25/50/Unlimited

2020-02-14 09:51:54 - [MESSAGE][WARNING] - beam 350 zip 32428 upfront fees 150 plan Liberty 12/25/50/Unlimited

2020-02-14 09:51:54 - [TEST_STEP][PASSED] - setValueToCellByAddress(sheet01, "B" + mycount, beamFail): null

2020-02-14 09:51:54 - [TEST_STEP][PASSED] - setValueToCellByAddress(sheet01, "C" + mycount, uffFail): null

2020-02-14 09:51:54 - [TEST_STEP][PASSED] - mycount = mycount + 1: null

2020-02-14 09:51:54 - [TEST_STEP][PASSED] - setValueToCellByAddress(sheet01, "A" + mycount, "beam " + mybeam + " zip " + myzip + " upfront fees " + myuff + " plan " + myplan): null

2020-02-14 09:51:54 - [TEST_STEP][PASSED] - setValueToCellByAddress(sheet01, "D" + mycount, myplan): null

2020-02-14 09:51:54 - [TEST_STEP][PASSED] - sendRequestAndVerify(findTestObject("Exede_Zip", ["myzip":myzip])): Send request and verify the response successfully

2020-02-14 09:51:55 - [MESSAGE][INFO] - HAR: /Users/jhampleman/jenkins-beam-tests-master/Reports/20200214_095028/RUN_Exede_Zip_Test/20200214_095028/requests/main/37.har

2020-02-14 09:51:55 - [TEST_CASE][PASSED] - Start Test Case : Verification: Verification accomplished successfully

2020-02-14 09:51:55 - [TEST_STEP][PASSED] - request = getInstance().getCurrentRequest(): null

2020-02-14 09:51:55 - [TEST_STEP][PASSED] - response = getInstance().getCurrentResponse(): null

2020-02-14 09:51:55 - [TEST_STEP][PASSED] - if (!(verifyElementPropertyValue(response, "data.beam", mybeam))): Verify element property value successfully

2020-02-14 09:51:55 - [MESSAGE][PASSED] - Verify element property value successfully

2020-02-14 09:51:55 - [TEST_STEP][PASSED] - else: null

2020-02-14 09:51:55 - [TEST_STEP][PASSED] - beamFail = "P": null

2020-02-14 09:51:55 - [TEST_STEP][PASSED] - if (!(verifyElementPropertyValue(response, "data.product.down", myuff))): Verify element property value successfully

2020-02-14 09:51:55 - [MESSAGE][PASSED] - Verify element property value successfully

2020-02-14 09:51:55 - [TEST_STEP][PASSED] - else: null

2020-02-14 09:51:55 - [TEST_STEP][PASSED] - uffFail = "P": null

2020-02-14 09:51:55 - [TEST_STEP][PASSED] - jsonSlurper = new groovy.json.JsonSlurper(): null

2020-02-14 09:51:55 - [TEST_STEP][PASSED] - object = jsonSlurper.parseText(response.getResponseText()): null

2020-02-14 09:51:55 - [TEST_STEP][PASSED] - println(object): null

2020-02-14 09:51:55 - [TEST_STEP][PASSED] - mytest = plans: null

2020-02-14 09:51:55 - [TEST_STEP][PASSED] - variable = mytest: null

2020-02-14 09:51:55 - [MESSAGE][PASSED] - Verify response successfully

2020-02-14 09:51:55 - [MESSAGE][PASSED] - Send request and verify the response successfully

2020-02-14 09:51:55 - [TEST_STEP][PASSED] - setValueToCellByAddress(sheet01, "E" + mycount, variable): null

2020-02-14 09:51:55 - [TEST_STEP][PASSED] - saveWorkbook(excelFile01, workbook01): null]]></system-out>
         <system-err><![CDATA[]]></system-err>
      </testcase>
      <testcase name="Test Cases/Test_Beams_by_Zip_to_Excel" time="1.913" classname="Test Cases/Test_Beams_by_Zip_to_Excel" status="PASSED">
         <system-out><![CDATA[2020-02-14 09:51:55 - [TEST_CASE][PASSED] - Test Cases/Test_Beams_by_Zip_to_Excel: Test Cases/Test_Beams_by_Zip_to_Excel

2020-02-14 09:51:55 - [TEST_STEP][PASSED] - excelFile01 = "beams-test-results.xlsx": null

2020-02-14 09:51:55 - [TEST_STEP][PASSED] - ExpectedListSheetFile1 = ["Sheet1"]: null

2020-02-14 09:51:55 - [TEST_STEP][PASSED] - workbookFile01 = getWorkbook(excelFile01): null

2020-02-14 09:51:56 - [TEST_STEP][PASSED] - workbook01 = getWorkbook(excelFile01): null

2020-02-14 09:51:56 - [TEST_STEP][PASSED] - sheet01 = getExcelSheet(workbook01, "Sheet1"): null

2020-02-14 09:51:56 - [TEST_STEP][PASSED] - setValueToCellByAddress(sheet01, "A1", "TEST"): null

2020-02-14 09:51:56 - [TEST_STEP][PASSED] - setValueToCellByAddress(sheet01, "B1", "BEAM"): null

2020-02-14 09:51:56 - [TEST_STEP][PASSED] - setValueToCellByAddress(sheet01, "C1", "UFF"): null

2020-02-14 09:51:56 - [TEST_STEP][PASSED] - setValueToCellByAddress(sheet01, "D1", "PLAN"): null

2020-02-14 09:51:56 - [TEST_STEP][PASSED] - setValueToCellByAddress(sheet01, "E1", "API PLAN"): null

2020-02-14 09:51:56 - [TEST_STEP][PASSED] - mybeam = mybeam: null

2020-02-14 09:51:56 - [TEST_STEP][PASSED] - myuff = myuff: null

2020-02-14 09:51:56 - [TEST_STEP][PASSED] - myplan = myplan: null

2020-02-14 09:51:56 - [TEST_STEP][PASSED] - log = new com.kms.katalon.core.logging.KeywordLogger(): null

2020-02-14 09:51:56 - [TEST_STEP][PASSED] - log.logWarning("beam " + mybeam + " zip " + myzip + " upfront fees " + myuff + " plan " + myplan): beam 351 zip 32207 upfront fees 0 plan VS2 Standard Offer

2020-02-14 09:51:56 - [MESSAGE][WARNING] - beam 351 zip 32207 upfront fees 0 plan VS2 Standard Offer

2020-02-14 09:51:56 - [TEST_STEP][PASSED] - setValueToCellByAddress(sheet01, "B" + mycount, beamFail): null

2020-02-14 09:51:56 - [TEST_STEP][PASSED] - setValueToCellByAddress(sheet01, "C" + mycount, uffFail): null

2020-02-14 09:51:56 - [TEST_STEP][PASSED] - mycount = mycount + 1: null

2020-02-14 09:51:56 - [TEST_STEP][PASSED] - setValueToCellByAddress(sheet01, "A" + mycount, "beam " + mybeam + " zip " + myzip + " upfront fees " + myuff + " plan " + myplan): null

2020-02-14 09:51:56 - [TEST_STEP][PASSED] - setValueToCellByAddress(sheet01, "D" + mycount, myplan): null

2020-02-14 09:51:56 - [TEST_STEP][PASSED] - sendRequestAndVerify(findTestObject("Exede_Zip", ["myzip":myzip])): Send request and verify the response successfully

2020-02-14 09:51:57 - [MESSAGE][INFO] - HAR: /Users/jhampleman/jenkins-beam-tests-master/Reports/20200214_095028/RUN_Exede_Zip_Test/20200214_095028/requests/main/38.har

2020-02-14 09:51:57 - [TEST_CASE][PASSED] - Start Test Case : Verification: Verification accomplished successfully

2020-02-14 09:51:57 - [TEST_STEP][PASSED] - request = getInstance().getCurrentRequest(): null

2020-02-14 09:51:57 - [TEST_STEP][PASSED] - response = getInstance().getCurrentResponse(): null

2020-02-14 09:51:57 - [TEST_STEP][PASSED] - if (!(verifyElementPropertyValue(response, "data.beam", mybeam))): Verify element property value successfully

2020-02-14 09:51:57 - [MESSAGE][PASSED] - Verify element property value successfully

2020-02-14 09:51:57 - [TEST_STEP][PASSED] - else: null

2020-02-14 09:51:57 - [TEST_STEP][PASSED] - beamFail = "P": null

2020-02-14 09:51:57 - [TEST_STEP][PASSED] - if (!(verifyElementPropertyValue(response, "data.product.down", myuff))): Verify element property value successfully

2020-02-14 09:51:57 - [MESSAGE][PASSED] - Verify element property value successfully

2020-02-14 09:51:57 - [TEST_STEP][PASSED] - else: null

2020-02-14 09:51:57 - [TEST_STEP][PASSED] - uffFail = "P": null

2020-02-14 09:51:57 - [TEST_STEP][PASSED] - jsonSlurper = new groovy.json.JsonSlurper(): null

2020-02-14 09:51:57 - [TEST_STEP][PASSED] - object = jsonSlurper.parseText(response.getResponseText()): null

2020-02-14 09:51:57 - [TEST_STEP][PASSED] - println(object): null

2020-02-14 09:51:57 - [TEST_STEP][PASSED] - mytest = plans: null

2020-02-14 09:51:57 - [TEST_STEP][PASSED] - variable = mytest: null

2020-02-14 09:51:57 - [MESSAGE][PASSED] - Verify response successfully

2020-02-14 09:51:57 - [MESSAGE][PASSED] - Send request and verify the response successfully

2020-02-14 09:51:57 - [TEST_STEP][PASSED] - setValueToCellByAddress(sheet01, "E" + mycount, variable): null

2020-02-14 09:51:57 - [TEST_STEP][PASSED] - saveWorkbook(excelFile01, workbook01): null]]></system-out>
         <system-err><![CDATA[]]></system-err>
      </testcase>
      <testcase name="Test Cases/Test_Beams_by_Zip_to_Excel" time="2.825" classname="Test Cases/Test_Beams_by_Zip_to_Excel" status="PASSED">
         <system-out><![CDATA[2020-02-14 09:51:57 - [TEST_CASE][PASSED] - Test Cases/Test_Beams_by_Zip_to_Excel: Test Cases/Test_Beams_by_Zip_to_Excel

2020-02-14 09:51:57 - [TEST_STEP][PASSED] - excelFile01 = "beams-test-results.xlsx": null

2020-02-14 09:51:57 - [TEST_STEP][PASSED] - ExpectedListSheetFile1 = ["Sheet1"]: null

2020-02-14 09:51:57 - [TEST_STEP][PASSED] - workbookFile01 = getWorkbook(excelFile01): null

2020-02-14 09:51:57 - [TEST_STEP][PASSED] - workbook01 = getWorkbook(excelFile01): null

2020-02-14 09:51:57 - [TEST_STEP][PASSED] - sheet01 = getExcelSheet(workbook01, "Sheet1"): null

2020-02-14 09:51:57 - [TEST_STEP][PASSED] - setValueToCellByAddress(sheet01, "A1", "TEST"): null

2020-02-14 09:51:57 - [TEST_STEP][PASSED] - setValueToCellByAddress(sheet01, "B1", "BEAM"): null

2020-02-14 09:51:57 - [TEST_STEP][PASSED] - setValueToCellByAddress(sheet01, "C1", "UFF"): null

2020-02-14 09:51:57 - [TEST_STEP][PASSED] - setValueToCellByAddress(sheet01, "D1", "PLAN"): null

2020-02-14 09:51:57 - [TEST_STEP][PASSED] - setValueToCellByAddress(sheet01, "E1", "API PLAN"): null

2020-02-14 09:51:57 - [TEST_STEP][PASSED] - mybeam = mybeam: null

2020-02-14 09:51:57 - [TEST_STEP][PASSED] - myuff = myuff: null

2020-02-14 09:51:57 - [TEST_STEP][PASSED] - myplan = myplan: null

2020-02-14 09:51:57 - [TEST_STEP][PASSED] - log = new com.kms.katalon.core.logging.KeywordLogger(): null

2020-02-14 09:51:57 - [TEST_STEP][PASSED] - log.logWarning("beam " + mybeam + " zip " + myzip + " upfront fees " + myuff + " plan " + myplan): beam 357 zip 99501 upfront fees 150 plan VS2 Standard Offer

2020-02-14 09:51:57 - [MESSAGE][WARNING] - beam 357 zip 99501 upfront fees 150 plan VS2 Standard Offer

2020-02-14 09:51:57 - [TEST_STEP][PASSED] - setValueToCellByAddress(sheet01, "B" + mycount, beamFail): null

2020-02-14 09:51:57 - [TEST_STEP][PASSED] - setValueToCellByAddress(sheet01, "C" + mycount, uffFail): null

2020-02-14 09:51:57 - [TEST_STEP][PASSED] - mycount = mycount + 1: null

2020-02-14 09:51:57 - [TEST_STEP][PASSED] - setValueToCellByAddress(sheet01, "A" + mycount, "beam " + mybeam + " zip " + myzip + " upfront fees " + myuff + " plan " + myplan): null

2020-02-14 09:51:57 - [TEST_STEP][PASSED] - setValueToCellByAddress(sheet01, "D" + mycount, myplan): null

2020-02-14 09:51:57 - [TEST_STEP][PASSED] - sendRequestAndVerify(findTestObject("Exede_Zip", ["myzip":myzip])): Send request and verify the response successfully

2020-02-14 09:52:00 - [MESSAGE][INFO] - HAR: /Users/jhampleman/jenkins-beam-tests-master/Reports/20200214_095028/RUN_Exede_Zip_Test/20200214_095028/requests/main/39.har

2020-02-14 09:52:00 - [TEST_CASE][PASSED] - Start Test Case : Verification: Verification accomplished successfully

2020-02-14 09:52:00 - [TEST_STEP][PASSED] - request = getInstance().getCurrentRequest(): null

2020-02-14 09:52:00 - [TEST_STEP][PASSED] - response = getInstance().getCurrentResponse(): null

2020-02-14 09:52:00 - [TEST_STEP][PASSED] - if (!(verifyElementPropertyValue(response, "data.beam", mybeam))): Verify element property value successfully

2020-02-14 09:52:00 - [MESSAGE][PASSED] - Verify element property value successfully

2020-02-14 09:52:00 - [TEST_STEP][PASSED] - else: null

2020-02-14 09:52:00 - [TEST_STEP][PASSED] - beamFail = "P": null

2020-02-14 09:52:00 - [TEST_STEP][PASSED] - if (!(verifyElementPropertyValue(response, "data.product.down", myuff))): Verify element property value successfully

2020-02-14 09:52:00 - [MESSAGE][PASSED] - Verify element property value successfully

2020-02-14 09:52:00 - [TEST_STEP][PASSED] - else: null

2020-02-14 09:52:00 - [TEST_STEP][PASSED] - uffFail = "P": null

2020-02-14 09:52:00 - [TEST_STEP][PASSED] - jsonSlurper = new groovy.json.JsonSlurper(): null

2020-02-14 09:52:00 - [TEST_STEP][PASSED] - object = jsonSlurper.parseText(response.getResponseText()): null

2020-02-14 09:52:00 - [TEST_STEP][PASSED] - println(object): null

2020-02-14 09:52:00 - [TEST_STEP][PASSED] - mytest = plans: null

2020-02-14 09:52:00 - [TEST_STEP][PASSED] - variable = mytest: null

2020-02-14 09:52:00 - [MESSAGE][PASSED] - Verify response successfully

2020-02-14 09:52:00 - [MESSAGE][PASSED] - Send request and verify the response successfully

2020-02-14 09:52:00 - [TEST_STEP][PASSED] - setValueToCellByAddress(sheet01, "E" + mycount, variable): null

2020-02-14 09:52:00 - [TEST_STEP][PASSED] - saveWorkbook(excelFile01, workbook01): null]]></system-out>
         <system-err><![CDATA[]]></system-err>
      </testcase>
      <testcase name="Test Cases/Test_Beams_by_Zip_to_Excel" time="1.923" classname="Test Cases/Test_Beams_by_Zip_to_Excel" status="PASSED">
         <system-out><![CDATA[2020-02-14 09:52:00 - [TEST_CASE][PASSED] - Test Cases/Test_Beams_by_Zip_to_Excel: Test Cases/Test_Beams_by_Zip_to_Excel

2020-02-14 09:52:00 - [TEST_STEP][PASSED] - excelFile01 = "beams-test-results.xlsx": null

2020-02-14 09:52:00 - [TEST_STEP][PASSED] - ExpectedListSheetFile1 = ["Sheet1"]: null

2020-02-14 09:52:00 - [TEST_STEP][PASSED] - workbookFile01 = getWorkbook(excelFile01): null

2020-02-14 09:52:00 - [TEST_STEP][PASSED] - workbook01 = getWorkbook(excelFile01): null

2020-02-14 09:52:00 - [TEST_STEP][PASSED] - sheet01 = getExcelSheet(workbook01, "Sheet1"): null

2020-02-14 09:52:00 - [TEST_STEP][PASSED] - setValueToCellByAddress(sheet01, "A1", "TEST"): null

2020-02-14 09:52:00 - [TEST_STEP][PASSED] - setValueToCellByAddress(sheet01, "B1", "BEAM"): null

2020-02-14 09:52:00 - [TEST_STEP][PASSED] - setValueToCellByAddress(sheet01, "C1", "UFF"): null

2020-02-14 09:52:00 - [TEST_STEP][PASSED] - setValueToCellByAddress(sheet01, "D1", "PLAN"): null

2020-02-14 09:52:00 - [TEST_STEP][PASSED] - setValueToCellByAddress(sheet01, "E1", "API PLAN"): null

2020-02-14 09:52:00 - [TEST_STEP][PASSED] - mybeam = mybeam: null

2020-02-14 09:52:00 - [TEST_STEP][PASSED] - myuff = myuff: null

2020-02-14 09:52:00 - [TEST_STEP][PASSED] - myplan = myplan: null

2020-02-14 09:52:00 - [TEST_STEP][PASSED] - log = new com.kms.katalon.core.logging.KeywordLogger(): null

2020-02-14 09:52:00 - [TEST_STEP][PASSED] - log.logWarning("beam " + mybeam + " zip " + myzip + " upfront fees " + myuff + " plan " + myplan): beam 359 zip 32940 upfront fees 0 plan VS2 Standard Offer

2020-02-14 09:52:00 - [MESSAGE][WARNING] - beam 359 zip 32940 upfront fees 0 plan VS2 Standard Offer

2020-02-14 09:52:00 - [TEST_STEP][PASSED] - setValueToCellByAddress(sheet01, "B" + mycount, beamFail): null

2020-02-14 09:52:00 - [TEST_STEP][PASSED] - setValueToCellByAddress(sheet01, "C" + mycount, uffFail): null

2020-02-14 09:52:00 - [TEST_STEP][PASSED] - mycount = mycount + 1: null

2020-02-14 09:52:00 - [TEST_STEP][PASSED] - setValueToCellByAddress(sheet01, "A" + mycount, "beam " + mybeam + " zip " + myzip + " upfront fees " + myuff + " plan " + myplan): null

2020-02-14 09:52:00 - [TEST_STEP][PASSED] - setValueToCellByAddress(sheet01, "D" + mycount, myplan): null

2020-02-14 09:52:00 - [TEST_STEP][PASSED] - sendRequestAndVerify(findTestObject("Exede_Zip", ["myzip":myzip])): Send request and verify the response successfully

2020-02-14 09:52:02 - [MESSAGE][INFO] - HAR: /Users/jhampleman/jenkins-beam-tests-master/Reports/20200214_095028/RUN_Exede_Zip_Test/20200214_095028/requests/main/40.har

2020-02-14 09:52:02 - [TEST_CASE][PASSED] - Start Test Case : Verification: Verification accomplished successfully

2020-02-14 09:52:02 - [TEST_STEP][PASSED] - request = getInstance().getCurrentRequest(): null

2020-02-14 09:52:02 - [TEST_STEP][PASSED] - response = getInstance().getCurrentResponse(): null

2020-02-14 09:52:02 - [TEST_STEP][PASSED] - if (!(verifyElementPropertyValue(response, "data.beam", mybeam))): Verify element property value successfully

2020-02-14 09:52:02 - [MESSAGE][PASSED] - Verify element property value successfully

2020-02-14 09:52:02 - [TEST_STEP][PASSED] - else: null

2020-02-14 09:52:02 - [TEST_STEP][PASSED] - beamFail = "P": null

2020-02-14 09:52:02 - [TEST_STEP][PASSED] - if (!(verifyElementPropertyValue(response, "data.product.down", myuff))): Verify element property value successfully

2020-02-14 09:52:02 - [MESSAGE][PASSED] - Verify element property value successfully

2020-02-14 09:52:02 - [TEST_STEP][PASSED] - else: null

2020-02-14 09:52:02 - [TEST_STEP][PASSED] - uffFail = "P": null

2020-02-14 09:52:02 - [TEST_STEP][PASSED] - jsonSlurper = new groovy.json.JsonSlurper(): null

2020-02-14 09:52:02 - [TEST_STEP][PASSED] - object = jsonSlurper.parseText(response.getResponseText()): null

2020-02-14 09:52:02 - [TEST_STEP][PASSED] - println(object): null

2020-02-14 09:52:02 - [TEST_STEP][PASSED] - mytest = plans: null

2020-02-14 09:52:02 - [TEST_STEP][PASSED] - variable = mytest: null

2020-02-14 09:52:02 - [MESSAGE][PASSED] - Verify response successfully

2020-02-14 09:52:02 - [MESSAGE][PASSED] - Send request and verify the response successfully

2020-02-14 09:52:02 - [TEST_STEP][PASSED] - setValueToCellByAddress(sheet01, "E" + mycount, variable): null

2020-02-14 09:52:02 - [TEST_STEP][PASSED] - saveWorkbook(excelFile01, workbook01): null]]></system-out>
         <system-err><![CDATA[]]></system-err>
      </testcase>
      <testcase name="Test Cases/Test_Beams_by_Zip_to_Excel" time="2.958" classname="Test Cases/Test_Beams_by_Zip_to_Excel" status="PASSED">
         <system-out><![CDATA[2020-02-14 09:52:02 - [TEST_CASE][PASSED] - Test Cases/Test_Beams_by_Zip_to_Excel: Test Cases/Test_Beams_by_Zip_to_Excel

2020-02-14 09:52:02 - [TEST_STEP][PASSED] - excelFile01 = "beams-test-results.xlsx": null

2020-02-14 09:52:02 - [TEST_STEP][PASSED] - ExpectedListSheetFile1 = ["Sheet1"]: null

2020-02-14 09:52:02 - [TEST_STEP][PASSED] - workbookFile01 = getWorkbook(excelFile01): null

2020-02-14 09:52:02 - [TEST_STEP][PASSED] - workbook01 = getWorkbook(excelFile01): null

2020-02-14 09:52:02 - [TEST_STEP][PASSED] - sheet01 = getExcelSheet(workbook01, "Sheet1"): null

2020-02-14 09:52:02 - [TEST_STEP][PASSED] - setValueToCellByAddress(sheet01, "A1", "TEST"): null

2020-02-14 09:52:02 - [TEST_STEP][PASSED] - setValueToCellByAddress(sheet01, "B1", "BEAM"): null

2020-02-14 09:52:02 - [TEST_STEP][PASSED] - setValueToCellByAddress(sheet01, "C1", "UFF"): null

2020-02-14 09:52:02 - [TEST_STEP][PASSED] - setValueToCellByAddress(sheet01, "D1", "PLAN"): null

2020-02-14 09:52:02 - [TEST_STEP][PASSED] - setValueToCellByAddress(sheet01, "E1", "API PLAN"): null

2020-02-14 09:52:02 - [TEST_STEP][PASSED] - mybeam = mybeam: null

2020-02-14 09:52:02 - [TEST_STEP][PASSED] - myuff = myuff: null

2020-02-14 09:52:02 - [TEST_STEP][PASSED] - myplan = myplan: null

2020-02-14 09:52:02 - [TEST_STEP][PASSED] - log = new com.kms.katalon.core.logging.KeywordLogger(): null

2020-02-14 09:52:02 - [TEST_STEP][PASSED] - log.logWarning("beam " + mybeam + " zip " + myzip + " upfront fees " + myuff + " plan " + myplan): beam 361 zip 96720 upfront fees 0 plan VS2 Standard Offer

2020-02-14 09:52:02 - [MESSAGE][WARNING] - beam 361 zip 96720 upfront fees 0 plan VS2 Standard Offer

2020-02-14 09:52:02 - [TEST_STEP][PASSED] - setValueToCellByAddress(sheet01, "B" + mycount, beamFail): null

2020-02-14 09:52:02 - [TEST_STEP][PASSED] - setValueToCellByAddress(sheet01, "C" + mycount, uffFail): null

2020-02-14 09:52:02 - [TEST_STEP][PASSED] - mycount = mycount + 1: null

2020-02-14 09:52:02 - [TEST_STEP][PASSED] - setValueToCellByAddress(sheet01, "A" + mycount, "beam " + mybeam + " zip " + myzip + " upfront fees " + myuff + " plan " + myplan): null

2020-02-14 09:52:02 - [TEST_STEP][PASSED] - setValueToCellByAddress(sheet01, "D" + mycount, myplan): null

2020-02-14 09:52:02 - [TEST_STEP][PASSED] - sendRequestAndVerify(findTestObject("Exede_Zip", ["myzip":myzip])): Send request and verify the response successfully

2020-02-14 09:52:05 - [MESSAGE][INFO] - HAR: /Users/jhampleman/jenkins-beam-tests-master/Reports/20200214_095028/RUN_Exede_Zip_Test/20200214_095028/requests/main/41.har

2020-02-14 09:52:05 - [TEST_CASE][PASSED] - Start Test Case : Verification: Verification accomplished successfully

2020-02-14 09:52:05 - [TEST_STEP][PASSED] - request = getInstance().getCurrentRequest(): null

2020-02-14 09:52:05 - [TEST_STEP][PASSED] - response = getInstance().getCurrentResponse(): null

2020-02-14 09:52:05 - [TEST_STEP][PASSED] - if (!(verifyElementPropertyValue(response, "data.beam", mybeam))): Verify element property value successfully

2020-02-14 09:52:05 - [MESSAGE][PASSED] - Verify element property value successfully

2020-02-14 09:52:05 - [TEST_STEP][PASSED] - else: null

2020-02-14 09:52:05 - [TEST_STEP][PASSED] - beamFail = "P": null

2020-02-14 09:52:05 - [TEST_STEP][PASSED] - if (!(verifyElementPropertyValue(response, "data.product.down", myuff))): Verify element property value successfully

2020-02-14 09:52:05 - [MESSAGE][PASSED] - Verify element property value successfully

2020-02-14 09:52:05 - [TEST_STEP][PASSED] - else: null

2020-02-14 09:52:05 - [TEST_STEP][PASSED] - uffFail = "P": null

2020-02-14 09:52:05 - [TEST_STEP][PASSED] - jsonSlurper = new groovy.json.JsonSlurper(): null

2020-02-14 09:52:05 - [TEST_STEP][PASSED] - object = jsonSlurper.parseText(response.getResponseText()): null

2020-02-14 09:52:05 - [TEST_STEP][PASSED] - println(object): null

2020-02-14 09:52:05 - [TEST_STEP][PASSED] - mytest = plans: null

2020-02-14 09:52:05 - [TEST_STEP][PASSED] - variable = mytest: null

2020-02-14 09:52:05 - [MESSAGE][PASSED] - Verify response successfully

2020-02-14 09:52:05 - [MESSAGE][PASSED] - Send request and verify the response successfully

2020-02-14 09:52:05 - [TEST_STEP][PASSED] - setValueToCellByAddress(sheet01, "E" + mycount, variable): null

2020-02-14 09:52:05 - [TEST_STEP][PASSED] - saveWorkbook(excelFile01, workbook01): null]]></system-out>
         <system-err><![CDATA[]]></system-err>
      </testcase>
      <testcase name="Test Cases/Test_Beams_by_Zip_to_Excel" time="2.028" classname="Test Cases/Test_Beams_by_Zip_to_Excel" status="PASSED">
         <system-out><![CDATA[2020-02-14 09:52:05 - [TEST_CASE][PASSED] - Test Cases/Test_Beams_by_Zip_to_Excel: Test Cases/Test_Beams_by_Zip_to_Excel

2020-02-14 09:52:05 - [TEST_STEP][PASSED] - excelFile01 = "beams-test-results.xlsx": null

2020-02-14 09:52:05 - [TEST_STEP][PASSED] - ExpectedListSheetFile1 = ["Sheet1"]: null

2020-02-14 09:52:05 - [TEST_STEP][PASSED] - workbookFile01 = getWorkbook(excelFile01): null

2020-02-14 09:52:05 - [TEST_STEP][PASSED] - workbook01 = getWorkbook(excelFile01): null

2020-02-14 09:52:05 - [TEST_STEP][PASSED] - sheet01 = getExcelSheet(workbook01, "Sheet1"): null

2020-02-14 09:52:05 - [TEST_STEP][PASSED] - setValueToCellByAddress(sheet01, "A1", "TEST"): null

2020-02-14 09:52:05 - [TEST_STEP][PASSED] - setValueToCellByAddress(sheet01, "B1", "BEAM"): null

2020-02-14 09:52:05 - [TEST_STEP][PASSED] - setValueToCellByAddress(sheet01, "C1", "UFF"): null

2020-02-14 09:52:05 - [TEST_STEP][PASSED] - setValueToCellByAddress(sheet01, "D1", "PLAN"): null

2020-02-14 09:52:05 - [TEST_STEP][PASSED] - setValueToCellByAddress(sheet01, "E1", "API PLAN"): null

2020-02-14 09:52:05 - [TEST_STEP][PASSED] - mybeam = mybeam: null

2020-02-14 09:52:05 - [TEST_STEP][PASSED] - myuff = myuff: null

2020-02-14 09:52:05 - [TEST_STEP][PASSED] - myplan = myplan: null

2020-02-14 09:52:05 - [TEST_STEP][PASSED] - log = new com.kms.katalon.core.logging.KeywordLogger(): null

2020-02-14 09:52:05 - [TEST_STEP][PASSED] - log.logWarning("beam " + mybeam + " zip " + myzip + " upfront fees " + myuff + " plan " + myplan): beam 362 zip 78375 upfront fees 0 plan VS2 Standard Offer

2020-02-14 09:52:05 - [MESSAGE][WARNING] - beam 362 zip 78375 upfront fees 0 plan VS2 Standard Offer

2020-02-14 09:52:05 - [TEST_STEP][PASSED] - setValueToCellByAddress(sheet01, "B" + mycount, beamFail): null

2020-02-14 09:52:05 - [TEST_STEP][PASSED] - setValueToCellByAddress(sheet01, "C" + mycount, uffFail): null

2020-02-14 09:52:05 - [TEST_STEP][PASSED] - mycount = mycount + 1: null

2020-02-14 09:52:05 - [TEST_STEP][PASSED] - setValueToCellByAddress(sheet01, "A" + mycount, "beam " + mybeam + " zip " + myzip + " upfront fees " + myuff + " plan " + myplan): null

2020-02-14 09:52:05 - [TEST_STEP][PASSED] - setValueToCellByAddress(sheet01, "D" + mycount, myplan): null

2020-02-14 09:52:05 - [TEST_STEP][PASSED] - sendRequestAndVerify(findTestObject("Exede_Zip", ["myzip":myzip])): Send request and verify the response successfully

2020-02-14 09:52:07 - [MESSAGE][INFO] - HAR: /Users/jhampleman/jenkins-beam-tests-master/Reports/20200214_095028/RUN_Exede_Zip_Test/20200214_095028/requests/main/42.har

2020-02-14 09:52:07 - [TEST_CASE][PASSED] - Start Test Case : Verification: Verification accomplished successfully

2020-02-14 09:52:07 - [TEST_STEP][PASSED] - request = getInstance().getCurrentRequest(): null

2020-02-14 09:52:07 - [TEST_STEP][PASSED] - response = getInstance().getCurrentResponse(): null

2020-02-14 09:52:07 - [TEST_STEP][PASSED] - if (!(verifyElementPropertyValue(response, "data.beam", mybeam))): Verify element property value successfully

2020-02-14 09:52:07 - [MESSAGE][PASSED] - Verify element property value successfully

2020-02-14 09:52:07 - [TEST_STEP][PASSED] - else: null

2020-02-14 09:52:07 - [TEST_STEP][PASSED] - beamFail = "P": null

2020-02-14 09:52:07 - [TEST_STEP][PASSED] - if (!(verifyElementPropertyValue(response, "data.product.down", myuff))): Verify element property value successfully

2020-02-14 09:52:07 - [MESSAGE][PASSED] - Verify element property value successfully

2020-02-14 09:52:07 - [TEST_STEP][PASSED] - else: null

2020-02-14 09:52:07 - [TEST_STEP][PASSED] - uffFail = "P": null

2020-02-14 09:52:07 - [TEST_STEP][PASSED] - jsonSlurper = new groovy.json.JsonSlurper(): null

2020-02-14 09:52:07 - [TEST_STEP][PASSED] - object = jsonSlurper.parseText(response.getResponseText()): null

2020-02-14 09:52:07 - [TEST_STEP][PASSED] - println(object): null

2020-02-14 09:52:07 - [TEST_STEP][PASSED] - mytest = plans: null

2020-02-14 09:52:07 - [TEST_STEP][PASSED] - variable = mytest: null

2020-02-14 09:52:07 - [MESSAGE][PASSED] - Verify response successfully

2020-02-14 09:52:07 - [MESSAGE][PASSED] - Send request and verify the response successfully

2020-02-14 09:52:07 - [TEST_STEP][PASSED] - setValueToCellByAddress(sheet01, "E" + mycount, variable): null

2020-02-14 09:52:07 - [TEST_STEP][PASSED] - saveWorkbook(excelFile01, workbook01): null]]></system-out>
         <system-err><![CDATA[]]></system-err>
      </testcase>
      <testcase name="Test Cases/Test_Beams_by_Zip_to_Excel" time="2.026" classname="Test Cases/Test_Beams_by_Zip_to_Excel" status="PASSED">
         <system-out><![CDATA[2020-02-14 09:52:07 - [TEST_CASE][PASSED] - Test Cases/Test_Beams_by_Zip_to_Excel: Test Cases/Test_Beams_by_Zip_to_Excel

2020-02-14 09:52:07 - [TEST_STEP][PASSED] - excelFile01 = "beams-test-results.xlsx": null

2020-02-14 09:52:07 - [TEST_STEP][PASSED] - ExpectedListSheetFile1 = ["Sheet1"]: null

2020-02-14 09:52:07 - [TEST_STEP][PASSED] - workbookFile01 = getWorkbook(excelFile01): null

2020-02-14 09:52:07 - [TEST_STEP][PASSED] - workbook01 = getWorkbook(excelFile01): null

2020-02-14 09:52:07 - [TEST_STEP][PASSED] - sheet01 = getExcelSheet(workbook01, "Sheet1"): null

2020-02-14 09:52:07 - [TEST_STEP][PASSED] - setValueToCellByAddress(sheet01, "A1", "TEST"): null

2020-02-14 09:52:07 - [TEST_STEP][PASSED] - setValueToCellByAddress(sheet01, "B1", "BEAM"): null

2020-02-14 09:52:07 - [TEST_STEP][PASSED] - setValueToCellByAddress(sheet01, "C1", "UFF"): null

2020-02-14 09:52:07 - [TEST_STEP][PASSED] - setValueToCellByAddress(sheet01, "D1", "PLAN"): null

2020-02-14 09:52:07 - [TEST_STEP][PASSED] - setValueToCellByAddress(sheet01, "E1", "API PLAN"): null

2020-02-14 09:52:07 - [TEST_STEP][PASSED] - mybeam = mybeam: null

2020-02-14 09:52:07 - [TEST_STEP][PASSED] - myuff = myuff: null

2020-02-14 09:52:07 - [TEST_STEP][PASSED] - myplan = myplan: null

2020-02-14 09:52:07 - [TEST_STEP][PASSED] - log = new com.kms.katalon.core.logging.KeywordLogger(): null

2020-02-14 09:52:07 - [TEST_STEP][PASSED] - log.logWarning("beam " + mybeam + " zip " + myzip + " upfront fees " + myuff + " plan " + myplan): beam 363 zip 85041 upfront fees 0 plan VS2 Standard Offer

2020-02-14 09:52:07 - [MESSAGE][WARNING] - beam 363 zip 85041 upfront fees 0 plan VS2 Standard Offer

2020-02-14 09:52:07 - [TEST_STEP][PASSED] - setValueToCellByAddress(sheet01, "B" + mycount, beamFail): null

2020-02-14 09:52:07 - [TEST_STEP][PASSED] - setValueToCellByAddress(sheet01, "C" + mycount, uffFail): null

2020-02-14 09:52:07 - [TEST_STEP][PASSED] - mycount = mycount + 1: null

2020-02-14 09:52:07 - [TEST_STEP][PASSED] - setValueToCellByAddress(sheet01, "A" + mycount, "beam " + mybeam + " zip " + myzip + " upfront fees " + myuff + " plan " + myplan): null

2020-02-14 09:52:07 - [TEST_STEP][PASSED] - setValueToCellByAddress(sheet01, "D" + mycount, myplan): null

2020-02-14 09:52:07 - [TEST_STEP][PASSED] - sendRequestAndVerify(findTestObject("Exede_Zip", ["myzip":myzip])): Send request and verify the response successfully

2020-02-14 09:52:09 - [MESSAGE][INFO] - HAR: /Users/jhampleman/jenkins-beam-tests-master/Reports/20200214_095028/RUN_Exede_Zip_Test/20200214_095028/requests/main/43.har

2020-02-14 09:52:09 - [TEST_CASE][PASSED] - Start Test Case : Verification: Verification accomplished successfully

2020-02-14 09:52:09 - [TEST_STEP][PASSED] - request = getInstance().getCurrentRequest(): null

2020-02-14 09:52:09 - [TEST_STEP][PASSED] - response = getInstance().getCurrentResponse(): null

2020-02-14 09:52:09 - [TEST_STEP][PASSED] - if (!(verifyElementPropertyValue(response, "data.beam", mybeam))): Verify element property value successfully

2020-02-14 09:52:09 - [MESSAGE][PASSED] - Verify element property value successfully

2020-02-14 09:52:09 - [TEST_STEP][PASSED] - else: null

2020-02-14 09:52:09 - [TEST_STEP][PASSED] - beamFail = "P": null

2020-02-14 09:52:09 - [TEST_STEP][PASSED] - if (!(verifyElementPropertyValue(response, "data.product.down", myuff))): Verify element property value successfully

2020-02-14 09:52:09 - [MESSAGE][PASSED] - Verify element property value successfully

2020-02-14 09:52:09 - [TEST_STEP][PASSED] - else: null

2020-02-14 09:52:09 - [TEST_STEP][PASSED] - uffFail = "P": null

2020-02-14 09:52:09 - [TEST_STEP][PASSED] - jsonSlurper = new groovy.json.JsonSlurper(): null

2020-02-14 09:52:09 - [TEST_STEP][PASSED] - object = jsonSlurper.parseText(response.getResponseText()): null

2020-02-14 09:52:09 - [TEST_STEP][PASSED] - println(object): null

2020-02-14 09:52:09 - [TEST_STEP][PASSED] - mytest = plans: null

2020-02-14 09:52:09 - [TEST_STEP][PASSED] - variable = mytest: null

2020-02-14 09:52:09 - [MESSAGE][PASSED] - Verify response successfully

2020-02-14 09:52:09 - [MESSAGE][PASSED] - Send request and verify the response successfully

2020-02-14 09:52:09 - [TEST_STEP][PASSED] - setValueToCellByAddress(sheet01, "E" + mycount, variable): null

2020-02-14 09:52:09 - [TEST_STEP][PASSED] - saveWorkbook(excelFile01, workbook01): null]]></system-out>
         <system-err><![CDATA[]]></system-err>
      </testcase>
      <testcase name="Test Cases/Test_Beams_by_Zip_to_Excel" time="1.944" classname="Test Cases/Test_Beams_by_Zip_to_Excel" status="PASSED">
         <system-out><![CDATA[2020-02-14 09:52:09 - [TEST_CASE][PASSED] - Test Cases/Test_Beams_by_Zip_to_Excel: Test Cases/Test_Beams_by_Zip_to_Excel

2020-02-14 09:52:09 - [TEST_STEP][PASSED] - excelFile01 = "beams-test-results.xlsx": null

2020-02-14 09:52:09 - [TEST_STEP][PASSED] - ExpectedListSheetFile1 = ["Sheet1"]: null

2020-02-14 09:52:09 - [TEST_STEP][PASSED] - workbookFile01 = getWorkbook(excelFile01): null

2020-02-14 09:52:09 - [TEST_STEP][PASSED] - workbook01 = getWorkbook(excelFile01): null

2020-02-14 09:52:09 - [TEST_STEP][PASSED] - sheet01 = getExcelSheet(workbook01, "Sheet1"): null

2020-02-14 09:52:09 - [TEST_STEP][PASSED] - setValueToCellByAddress(sheet01, "A1", "TEST"): null

2020-02-14 09:52:09 - [TEST_STEP][PASSED] - setValueToCellByAddress(sheet01, "B1", "BEAM"): null

2020-02-14 09:52:09 - [TEST_STEP][PASSED] - setValueToCellByAddress(sheet01, "C1", "UFF"): null

2020-02-14 09:52:09 - [TEST_STEP][PASSED] - setValueToCellByAddress(sheet01, "D1", "PLAN"): null

2020-02-14 09:52:09 - [TEST_STEP][PASSED] - setValueToCellByAddress(sheet01, "E1", "API PLAN"): null

2020-02-14 09:52:09 - [TEST_STEP][PASSED] - mybeam = mybeam: null

2020-02-14 09:52:09 - [TEST_STEP][PASSED] - myuff = myuff: null

2020-02-14 09:52:09 - [TEST_STEP][PASSED] - myplan = myplan: null

2020-02-14 09:52:09 - [TEST_STEP][PASSED] - log = new com.kms.katalon.core.logging.KeywordLogger(): null

2020-02-14 09:52:09 - [TEST_STEP][PASSED] - log.logWarning("beam " + mybeam + " zip " + myzip + " upfront fees " + myuff + " plan " + myplan): beam 364 zip 95407 upfront fees 150 plan Liberty 12/25/50/Unlimited

2020-02-14 09:52:09 - [MESSAGE][WARNING] - beam 364 zip 95407 upfront fees 150 plan Liberty 12/25/50/Unlimited

2020-02-14 09:52:09 - [TEST_STEP][PASSED] - setValueToCellByAddress(sheet01, "B" + mycount, beamFail): null

2020-02-14 09:52:09 - [TEST_STEP][PASSED] - setValueToCellByAddress(sheet01, "C" + mycount, uffFail): null

2020-02-14 09:52:09 - [TEST_STEP][PASSED] - mycount = mycount + 1: null

2020-02-14 09:52:09 - [TEST_STEP][PASSED] - setValueToCellByAddress(sheet01, "A" + mycount, "beam " + mybeam + " zip " + myzip + " upfront fees " + myuff + " plan " + myplan): null

2020-02-14 09:52:09 - [TEST_STEP][PASSED] - setValueToCellByAddress(sheet01, "D" + mycount, myplan): null

2020-02-14 09:52:09 - [TEST_STEP][PASSED] - sendRequestAndVerify(findTestObject("Exede_Zip", ["myzip":myzip])): Send request and verify the response successfully

2020-02-14 09:52:11 - [MESSAGE][INFO] - HAR: /Users/jhampleman/jenkins-beam-tests-master/Reports/20200214_095028/RUN_Exede_Zip_Test/20200214_095028/requests/main/44.har

2020-02-14 09:52:11 - [TEST_CASE][PASSED] - Start Test Case : Verification: Verification accomplished successfully

2020-02-14 09:52:11 - [TEST_STEP][PASSED] - request = getInstance().getCurrentRequest(): null

2020-02-14 09:52:11 - [TEST_STEP][PASSED] - response = getInstance().getCurrentResponse(): null

2020-02-14 09:52:11 - [TEST_STEP][PASSED] - if (!(verifyElementPropertyValue(response, "data.beam", mybeam))): Verify element property value successfully

2020-02-14 09:52:11 - [MESSAGE][PASSED] - Verify element property value successfully

2020-02-14 09:52:11 - [TEST_STEP][PASSED] - else: null

2020-02-14 09:52:11 - [TEST_STEP][PASSED] - beamFail = "P": null

2020-02-14 09:52:11 - [TEST_STEP][PASSED] - if (!(verifyElementPropertyValue(response, "data.product.down", myuff))): Verify element property value successfully

2020-02-14 09:52:11 - [MESSAGE][PASSED] - Verify element property value successfully

2020-02-14 09:52:11 - [TEST_STEP][PASSED] - else: null

2020-02-14 09:52:11 - [TEST_STEP][PASSED] - uffFail = "P": null

2020-02-14 09:52:11 - [TEST_STEP][PASSED] - jsonSlurper = new groovy.json.JsonSlurper(): null

2020-02-14 09:52:11 - [TEST_STEP][PASSED] - object = jsonSlurper.parseText(response.getResponseText()): null

2020-02-14 09:52:11 - [TEST_STEP][PASSED] - println(object): null

2020-02-14 09:52:11 - [TEST_STEP][PASSED] - mytest = plans: null

2020-02-14 09:52:11 - [TEST_STEP][PASSED] - variable = mytest: null

2020-02-14 09:52:11 - [MESSAGE][PASSED] - Verify response successfully

2020-02-14 09:52:11 - [MESSAGE][PASSED] - Send request and verify the response successfully

2020-02-14 09:52:11 - [TEST_STEP][PASSED] - setValueToCellByAddress(sheet01, "E" + mycount, variable): null

2020-02-14 09:52:11 - [TEST_STEP][PASSED] - saveWorkbook(excelFile01, workbook01): null]]></system-out>
         <system-err><![CDATA[]]></system-err>
      </testcase>
      <testcase name="Test Cases/Test_Beams_by_Zip_to_Excel" time="1.95" classname="Test Cases/Test_Beams_by_Zip_to_Excel" status="PASSED">
         <system-out><![CDATA[2020-02-14 09:52:11 - [TEST_CASE][PASSED] - Test Cases/Test_Beams_by_Zip_to_Excel: Test Cases/Test_Beams_by_Zip_to_Excel

2020-02-14 09:52:11 - [TEST_STEP][PASSED] - excelFile01 = "beams-test-results.xlsx": null

2020-02-14 09:52:11 - [TEST_STEP][PASSED] - ExpectedListSheetFile1 = ["Sheet1"]: null

2020-02-14 09:52:11 - [TEST_STEP][PASSED] - workbookFile01 = getWorkbook(excelFile01): null

2020-02-14 09:52:11 - [TEST_STEP][PASSED] - workbook01 = getWorkbook(excelFile01): null

2020-02-14 09:52:11 - [TEST_STEP][PASSED] - sheet01 = getExcelSheet(workbook01, "Sheet1"): null

2020-02-14 09:52:11 - [TEST_STEP][PASSED] - setValueToCellByAddress(sheet01, "A1", "TEST"): null

2020-02-14 09:52:11 - [TEST_STEP][PASSED] - setValueToCellByAddress(sheet01, "B1", "BEAM"): null

2020-02-14 09:52:11 - [TEST_STEP][PASSED] - setValueToCellByAddress(sheet01, "C1", "UFF"): null

2020-02-14 09:52:11 - [TEST_STEP][PASSED] - setValueToCellByAddress(sheet01, "D1", "PLAN"): null

2020-02-14 09:52:11 - [TEST_STEP][PASSED] - setValueToCellByAddress(sheet01, "E1", "API PLAN"): null

2020-02-14 09:52:11 - [TEST_STEP][PASSED] - mybeam = mybeam: null

2020-02-14 09:52:11 - [TEST_STEP][PASSED] - myuff = myuff: null

2020-02-14 09:52:11 - [TEST_STEP][PASSED] - myplan = myplan: null

2020-02-14 09:52:11 - [TEST_STEP][PASSED] - log = new com.kms.katalon.core.logging.KeywordLogger(): null

2020-02-14 09:52:11 - [TEST_STEP][PASSED] - log.logWarning("beam " + mybeam + " zip " + myzip + " upfront fees " + myuff + " plan " + myplan): beam 366 zip 98377 upfront fees 150 plan $50 OPP Liberty 12/25/50

2020-02-14 09:52:11 - [MESSAGE][WARNING] - beam 366 zip 98377 upfront fees 150 plan $50 OPP Liberty 12/25/50

2020-02-14 09:52:11 - [TEST_STEP][PASSED] - setValueToCellByAddress(sheet01, "B" + mycount, beamFail): null

2020-02-14 09:52:11 - [TEST_STEP][PASSED] - setValueToCellByAddress(sheet01, "C" + mycount, uffFail): null

2020-02-14 09:52:11 - [TEST_STEP][PASSED] - mycount = mycount + 1: null

2020-02-14 09:52:11 - [TEST_STEP][PASSED] - setValueToCellByAddress(sheet01, "A" + mycount, "beam " + mybeam + " zip " + myzip + " upfront fees " + myuff + " plan " + myplan): null

2020-02-14 09:52:11 - [TEST_STEP][PASSED] - setValueToCellByAddress(sheet01, "D" + mycount, myplan): null

2020-02-14 09:52:11 - [TEST_STEP][PASSED] - sendRequestAndVerify(findTestObject("Exede_Zip", ["myzip":myzip])): Send request and verify the response successfully

2020-02-14 09:52:13 - [MESSAGE][INFO] - HAR: /Users/jhampleman/jenkins-beam-tests-master/Reports/20200214_095028/RUN_Exede_Zip_Test/20200214_095028/requests/main/45.har

2020-02-14 09:52:13 - [TEST_CASE][PASSED] - Start Test Case : Verification: Verification accomplished successfully

2020-02-14 09:52:13 - [TEST_STEP][PASSED] - request = getInstance().getCurrentRequest(): null

2020-02-14 09:52:13 - [TEST_STEP][PASSED] - response = getInstance().getCurrentResponse(): null

2020-02-14 09:52:13 - [TEST_STEP][PASSED] - if (!(verifyElementPropertyValue(response, "data.beam", mybeam))): Verify element property value successfully

2020-02-14 09:52:13 - [MESSAGE][PASSED] - Verify element property value successfully

2020-02-14 09:52:13 - [TEST_STEP][PASSED] - else: null

2020-02-14 09:52:13 - [TEST_STEP][PASSED] - beamFail = "P": null

2020-02-14 09:52:13 - [TEST_STEP][PASSED] - if (!(verifyElementPropertyValue(response, "data.product.down", myuff))): Verify element property value successfully

2020-02-14 09:52:13 - [MESSAGE][PASSED] - Verify element property value successfully

2020-02-14 09:52:13 - [TEST_STEP][PASSED] - else: null

2020-02-14 09:52:13 - [TEST_STEP][PASSED] - uffFail = "P": null

2020-02-14 09:52:13 - [TEST_STEP][PASSED] - jsonSlurper = new groovy.json.JsonSlurper(): null

2020-02-14 09:52:13 - [TEST_STEP][PASSED] - object = jsonSlurper.parseText(response.getResponseText()): null

2020-02-14 09:52:13 - [TEST_STEP][PASSED] - println(object): null

2020-02-14 09:52:13 - [TEST_STEP][PASSED] - mytest = plans: null

2020-02-14 09:52:13 - [TEST_STEP][PASSED] - variable = mytest: null

2020-02-14 09:52:13 - [MESSAGE][PASSED] - Verify response successfully

2020-02-14 09:52:13 - [MESSAGE][PASSED] - Send request and verify the response successfully

2020-02-14 09:52:13 - [TEST_STEP][PASSED] - setValueToCellByAddress(sheet01, "E" + mycount, variable): null

2020-02-14 09:52:13 - [TEST_STEP][PASSED] - saveWorkbook(excelFile01, workbook01): null]]></system-out>
         <system-err><![CDATA[]]></system-err>
      </testcase>
      <testcase name="Test Cases/Test_Beams_by_Zip_to_Excel" time="2.18" classname="Test Cases/Test_Beams_by_Zip_to_Excel" status="PASSED">
         <system-out><![CDATA[2020-02-14 09:52:13 - [TEST_CASE][PASSED] - Test Cases/Test_Beams_by_Zip_to_Excel: Test Cases/Test_Beams_by_Zip_to_Excel

2020-02-14 09:52:13 - [TEST_STEP][PASSED] - excelFile01 = "beams-test-results.xlsx": null

2020-02-14 09:52:13 - [TEST_STEP][PASSED] - ExpectedListSheetFile1 = ["Sheet1"]: null

2020-02-14 09:52:13 - [TEST_STEP][PASSED] - workbookFile01 = getWorkbook(excelFile01): null

2020-02-14 09:52:13 - [TEST_STEP][PASSED] - workbook01 = getWorkbook(excelFile01): null

2020-02-14 09:52:13 - [TEST_STEP][PASSED] - sheet01 = getExcelSheet(workbook01, "Sheet1"): null

2020-02-14 09:52:13 - [TEST_STEP][PASSED] - setValueToCellByAddress(sheet01, "A1", "TEST"): null

2020-02-14 09:52:13 - [TEST_STEP][PASSED] - setValueToCellByAddress(sheet01, "B1", "BEAM"): null

2020-02-14 09:52:13 - [TEST_STEP][PASSED] - setValueToCellByAddress(sheet01, "C1", "UFF"): null

2020-02-14 09:52:13 - [TEST_STEP][PASSED] - setValueToCellByAddress(sheet01, "D1", "PLAN"): null

2020-02-14 09:52:13 - [TEST_STEP][PASSED] - setValueToCellByAddress(sheet01, "E1", "API PLAN"): null

2020-02-14 09:52:13 - [TEST_STEP][PASSED] - mybeam = mybeam: null

2020-02-14 09:52:13 - [TEST_STEP][PASSED] - myuff = myuff: null

2020-02-14 09:52:13 - [TEST_STEP][PASSED] - myplan = myplan: null

2020-02-14 09:52:13 - [TEST_STEP][PASSED] - log = new com.kms.katalon.core.logging.KeywordLogger(): null

2020-02-14 09:52:13 - [TEST_STEP][PASSED] - log.logWarning("beam " + mybeam + " zip " + myzip + " upfront fees " + myuff + " plan " + myplan): beam 367 zip 97402 upfront fees 0 plan VS2 Standard Offer

2020-02-14 09:52:13 - [MESSAGE][WARNING] - beam 367 zip 97402 upfront fees 0 plan VS2 Standard Offer

2020-02-14 09:52:13 - [TEST_STEP][PASSED] - setValueToCellByAddress(sheet01, "B" + mycount, beamFail): null

2020-02-14 09:52:13 - [TEST_STEP][PASSED] - setValueToCellByAddress(sheet01, "C" + mycount, uffFail): null

2020-02-14 09:52:13 - [TEST_STEP][PASSED] - mycount = mycount + 1: null

2020-02-14 09:52:13 - [TEST_STEP][PASSED] - setValueToCellByAddress(sheet01, "A" + mycount, "beam " + mybeam + " zip " + myzip + " upfront fees " + myuff + " plan " + myplan): null

2020-02-14 09:52:13 - [TEST_STEP][PASSED] - setValueToCellByAddress(sheet01, "D" + mycount, myplan): null

2020-02-14 09:52:13 - [TEST_STEP][PASSED] - sendRequestAndVerify(findTestObject("Exede_Zip", ["myzip":myzip])): Send request and verify the response successfully

2020-02-14 09:52:15 - [MESSAGE][INFO] - HAR: /Users/jhampleman/jenkins-beam-tests-master/Reports/20200214_095028/RUN_Exede_Zip_Test/20200214_095028/requests/main/46.har

2020-02-14 09:52:15 - [TEST_CASE][PASSED] - Start Test Case : Verification: Verification accomplished successfully

2020-02-14 09:52:15 - [TEST_STEP][PASSED] - request = getInstance().getCurrentRequest(): null

2020-02-14 09:52:15 - [TEST_STEP][PASSED] - response = getInstance().getCurrentResponse(): null

2020-02-14 09:52:15 - [TEST_STEP][PASSED] - if (!(verifyElementPropertyValue(response, "data.beam", mybeam))): Verify element property value successfully

2020-02-14 09:52:15 - [MESSAGE][PASSED] - Verify element property value successfully

2020-02-14 09:52:15 - [TEST_STEP][PASSED] - else: null

2020-02-14 09:52:15 - [TEST_STEP][PASSED] - beamFail = "P": null

2020-02-14 09:52:15 - [TEST_STEP][PASSED] - if (!(verifyElementPropertyValue(response, "data.product.down", myuff))): Verify element property value successfully

2020-02-14 09:52:15 - [MESSAGE][PASSED] - Verify element property value successfully

2020-02-14 09:52:15 - [TEST_STEP][PASSED] - else: null

2020-02-14 09:52:15 - [TEST_STEP][PASSED] - uffFail = "P": null

2020-02-14 09:52:15 - [TEST_STEP][PASSED] - jsonSlurper = new groovy.json.JsonSlurper(): null

2020-02-14 09:52:15 - [TEST_STEP][PASSED] - object = jsonSlurper.parseText(response.getResponseText()): null

2020-02-14 09:52:15 - [TEST_STEP][PASSED] - println(object): null

2020-02-14 09:52:15 - [TEST_STEP][PASSED] - mytest = plans: null

2020-02-14 09:52:15 - [TEST_STEP][PASSED] - variable = mytest: null

2020-02-14 09:52:15 - [MESSAGE][PASSED] - Verify response successfully

2020-02-14 09:52:15 - [MESSAGE][PASSED] - Send request and verify the response successfully

2020-02-14 09:52:15 - [TEST_STEP][PASSED] - setValueToCellByAddress(sheet01, "E" + mycount, variable): null

2020-02-14 09:52:15 - [TEST_STEP][PASSED] - saveWorkbook(excelFile01, workbook01): null]]></system-out>
         <system-err><![CDATA[]]></system-err>
      </testcase>
      <testcase name="Test Cases/Test_Beams_by_Zip_to_Excel" time="1.836" classname="Test Cases/Test_Beams_by_Zip_to_Excel" status="PASSED">
         <system-out><![CDATA[2020-02-14 09:52:15 - [TEST_CASE][PASSED] - Test Cases/Test_Beams_by_Zip_to_Excel: Test Cases/Test_Beams_by_Zip_to_Excel

2020-02-14 09:52:15 - [TEST_STEP][PASSED] - excelFile01 = "beams-test-results.xlsx": null

2020-02-14 09:52:15 - [TEST_STEP][PASSED] - ExpectedListSheetFile1 = ["Sheet1"]: null

2020-02-14 09:52:15 - [TEST_STEP][PASSED] - workbookFile01 = getWorkbook(excelFile01): null

2020-02-14 09:52:15 - [TEST_STEP][PASSED] - workbook01 = getWorkbook(excelFile01): null

2020-02-14 09:52:15 - [TEST_STEP][PASSED] - sheet01 = getExcelSheet(workbook01, "Sheet1"): null

2020-02-14 09:52:15 - [TEST_STEP][PASSED] - setValueToCellByAddress(sheet01, "A1", "TEST"): null

2020-02-14 09:52:15 - [TEST_STEP][PASSED] - setValueToCellByAddress(sheet01, "B1", "BEAM"): null

2020-02-14 09:52:15 - [TEST_STEP][PASSED] - setValueToCellByAddress(sheet01, "C1", "UFF"): null

2020-02-14 09:52:15 - [TEST_STEP][PASSED] - setValueToCellByAddress(sheet01, "D1", "PLAN"): null

2020-02-14 09:52:15 - [TEST_STEP][PASSED] - setValueToCellByAddress(sheet01, "E1", "API PLAN"): null

2020-02-14 09:52:15 - [TEST_STEP][PASSED] - mybeam = mybeam: null

2020-02-14 09:52:15 - [TEST_STEP][PASSED] - myuff = myuff: null

2020-02-14 09:52:15 - [TEST_STEP][PASSED] - myplan = myplan: null

2020-02-14 09:52:15 - [TEST_STEP][PASSED] - log = new com.kms.katalon.core.logging.KeywordLogger(): null

2020-02-14 09:52:15 - [TEST_STEP][PASSED] - log.logWarning("beam " + mybeam + " zip " + myzip + " upfront fees " + myuff + " plan " + myplan): beam 368 zip 95548 upfront fees 0 plan VS2 Standard Offer

2020-02-14 09:52:15 - [MESSAGE][WARNING] - beam 368 zip 95548 upfront fees 0 plan VS2 Standard Offer

2020-02-14 09:52:15 - [TEST_STEP][PASSED] - setValueToCellByAddress(sheet01, "B" + mycount, beamFail): null

2020-02-14 09:52:15 - [TEST_STEP][PASSED] - setValueToCellByAddress(sheet01, "C" + mycount, uffFail): null

2020-02-14 09:52:15 - [TEST_STEP][PASSED] - mycount = mycount + 1: null

2020-02-14 09:52:15 - [TEST_STEP][PASSED] - setValueToCellByAddress(sheet01, "A" + mycount, "beam " + mybeam + " zip " + myzip + " upfront fees " + myuff + " plan " + myplan): null

2020-02-14 09:52:15 - [TEST_STEP][PASSED] - setValueToCellByAddress(sheet01, "D" + mycount, myplan): null

2020-02-14 09:52:15 - [TEST_STEP][PASSED] - sendRequestAndVerify(findTestObject("Exede_Zip", ["myzip":myzip])): Send request and verify the response successfully

2020-02-14 09:52:17 - [MESSAGE][INFO] - HAR: /Users/jhampleman/jenkins-beam-tests-master/Reports/20200214_095028/RUN_Exede_Zip_Test/20200214_095028/requests/main/47.har

2020-02-14 09:52:17 - [TEST_CASE][PASSED] - Start Test Case : Verification: Verification accomplished successfully

2020-02-14 09:52:17 - [TEST_STEP][PASSED] - request = getInstance().getCurrentRequest(): null

2020-02-14 09:52:17 - [TEST_STEP][PASSED] - response = getInstance().getCurrentResponse(): null

2020-02-14 09:52:17 - [TEST_STEP][PASSED] - if (!(verifyElementPropertyValue(response, "data.beam", mybeam))): Verify element property value successfully

2020-02-14 09:52:17 - [MESSAGE][PASSED] - Verify element property value successfully

2020-02-14 09:52:17 - [TEST_STEP][PASSED] - else: null

2020-02-14 09:52:17 - [TEST_STEP][PASSED] - beamFail = "P": null

2020-02-14 09:52:17 - [TEST_STEP][PASSED] - if (!(verifyElementPropertyValue(response, "data.product.down", myuff))): Verify element property value successfully

2020-02-14 09:52:17 - [MESSAGE][PASSED] - Verify element property value successfully

2020-02-14 09:52:17 - [TEST_STEP][PASSED] - else: null

2020-02-14 09:52:17 - [TEST_STEP][PASSED] - uffFail = "P": null

2020-02-14 09:52:17 - [TEST_STEP][PASSED] - jsonSlurper = new groovy.json.JsonSlurper(): null

2020-02-14 09:52:17 - [TEST_STEP][PASSED] - object = jsonSlurper.parseText(response.getResponseText()): null

2020-02-14 09:52:17 - [TEST_STEP][PASSED] - println(object): null

2020-02-14 09:52:17 - [TEST_STEP][PASSED] - mytest = plans: null

2020-02-14 09:52:17 - [TEST_STEP][PASSED] - variable = mytest: null

2020-02-14 09:52:17 - [MESSAGE][PASSED] - Verify response successfully

2020-02-14 09:52:17 - [MESSAGE][PASSED] - Send request and verify the response successfully

2020-02-14 09:52:17 - [TEST_STEP][PASSED] - setValueToCellByAddress(sheet01, "E" + mycount, variable): null

2020-02-14 09:52:17 - [TEST_STEP][PASSED] - saveWorkbook(excelFile01, workbook01): null]]></system-out>
         <system-err><![CDATA[]]></system-err>
      </testcase>
      <testcase name="Test Cases/Test_Beams_by_Zip_to_Excel" time="2.02" classname="Test Cases/Test_Beams_by_Zip_to_Excel" status="PASSED">
         <system-out><![CDATA[2020-02-14 09:52:17 - [TEST_CASE][PASSED] - Test Cases/Test_Beams_by_Zip_to_Excel: Test Cases/Test_Beams_by_Zip_to_Excel

2020-02-14 09:52:17 - [TEST_STEP][PASSED] - excelFile01 = "beams-test-results.xlsx": null

2020-02-14 09:52:17 - [TEST_STEP][PASSED] - ExpectedListSheetFile1 = ["Sheet1"]: null

2020-02-14 09:52:17 - [TEST_STEP][PASSED] - workbookFile01 = getWorkbook(excelFile01): null

2020-02-14 09:52:17 - [TEST_STEP][PASSED] - workbook01 = getWorkbook(excelFile01): null

2020-02-14 09:52:17 - [TEST_STEP][PASSED] - sheet01 = getExcelSheet(workbook01, "Sheet1"): null

2020-02-14 09:52:17 - [TEST_STEP][PASSED] - setValueToCellByAddress(sheet01, "A1", "TEST"): null

2020-02-14 09:52:17 - [TEST_STEP][PASSED] - setValueToCellByAddress(sheet01, "B1", "BEAM"): null

2020-02-14 09:52:17 - [TEST_STEP][PASSED] - setValueToCellByAddress(sheet01, "C1", "UFF"): null

2020-02-14 09:52:17 - [TEST_STEP][PASSED] - setValueToCellByAddress(sheet01, "D1", "PLAN"): null

2020-02-14 09:52:17 - [TEST_STEP][PASSED] - setValueToCellByAddress(sheet01, "E1", "API PLAN"): null

2020-02-14 09:52:17 - [TEST_STEP][PASSED] - mybeam = mybeam: null

2020-02-14 09:52:17 - [TEST_STEP][PASSED] - myuff = myuff: null

2020-02-14 09:52:17 - [TEST_STEP][PASSED] - myplan = myplan: null

2020-02-14 09:52:17 - [TEST_STEP][PASSED] - log = new com.kms.katalon.core.logging.KeywordLogger(): null

2020-02-14 09:52:17 - [TEST_STEP][PASSED] - log.logWarning("beam " + mybeam + " zip " + myzip + " upfront fees " + myuff + " plan " + myplan): beam 369 zip 93905 upfront fees 0 plan VS2 High Fill

2020-02-14 09:52:17 - [MESSAGE][WARNING] - beam 369 zip 93905 upfront fees 0 plan VS2 High Fill

2020-02-14 09:52:17 - [TEST_STEP][PASSED] - setValueToCellByAddress(sheet01, "B" + mycount, beamFail): null

2020-02-14 09:52:17 - [TEST_STEP][PASSED] - setValueToCellByAddress(sheet01, "C" + mycount, uffFail): null

2020-02-14 09:52:17 - [TEST_STEP][PASSED] - mycount = mycount + 1: null

2020-02-14 09:52:17 - [TEST_STEP][PASSED] - setValueToCellByAddress(sheet01, "A" + mycount, "beam " + mybeam + " zip " + myzip + " upfront fees " + myuff + " plan " + myplan): null

2020-02-14 09:52:17 - [TEST_STEP][PASSED] - setValueToCellByAddress(sheet01, "D" + mycount, myplan): null

2020-02-14 09:52:17 - [TEST_STEP][PASSED] - sendRequestAndVerify(findTestObject("Exede_Zip", ["myzip":myzip])): Send request and verify the response successfully

2020-02-14 09:52:19 - [MESSAGE][INFO] - HAR: /Users/jhampleman/jenkins-beam-tests-master/Reports/20200214_095028/RUN_Exede_Zip_Test/20200214_095028/requests/main/48.har

2020-02-14 09:52:19 - [TEST_CASE][PASSED] - Start Test Case : Verification: Verification accomplished successfully

2020-02-14 09:52:19 - [TEST_STEP][PASSED] - request = getInstance().getCurrentRequest(): null

2020-02-14 09:52:19 - [TEST_STEP][PASSED] - response = getInstance().getCurrentResponse(): null

2020-02-14 09:52:19 - [TEST_STEP][PASSED] - if (!(verifyElementPropertyValue(response, "data.beam", mybeam))): Verify element property value successfully

2020-02-14 09:52:19 - [MESSAGE][PASSED] - Verify element property value successfully

2020-02-14 09:52:19 - [TEST_STEP][PASSED] - else: null

2020-02-14 09:52:19 - [TEST_STEP][PASSED] - beamFail = "P": null

2020-02-14 09:52:19 - [TEST_STEP][PASSED] - if (!(verifyElementPropertyValue(response, "data.product.down", myuff))): Verify element property value successfully

2020-02-14 09:52:19 - [MESSAGE][PASSED] - Verify element property value successfully

2020-02-14 09:52:19 - [TEST_STEP][PASSED] - else: null

2020-02-14 09:52:19 - [TEST_STEP][PASSED] - uffFail = "P": null

2020-02-14 09:52:19 - [TEST_STEP][PASSED] - jsonSlurper = new groovy.json.JsonSlurper(): null

2020-02-14 09:52:19 - [TEST_STEP][PASSED] - object = jsonSlurper.parseText(response.getResponseText()): null

2020-02-14 09:52:19 - [TEST_STEP][PASSED] - println(object): null

2020-02-14 09:52:19 - [TEST_STEP][PASSED] - mytest = plans: null

2020-02-14 09:52:19 - [TEST_STEP][PASSED] - variable = mytest: null

2020-02-14 09:52:19 - [MESSAGE][PASSED] - Verify response successfully

2020-02-14 09:52:19 - [MESSAGE][PASSED] - Send request and verify the response successfully

2020-02-14 09:52:19 - [TEST_STEP][PASSED] - setValueToCellByAddress(sheet01, "E" + mycount, variable): null

2020-02-14 09:52:19 - [TEST_STEP][PASSED] - saveWorkbook(excelFile01, workbook01): null]]></system-out>
         <system-err><![CDATA[]]></system-err>
      </testcase>
      <testcase name="Test Cases/Test_Beams_by_Zip_to_Excel" time="2.029" classname="Test Cases/Test_Beams_by_Zip_to_Excel" status="PASSED">
         <system-out><![CDATA[2020-02-14 09:52:19 - [TEST_CASE][PASSED] - Test Cases/Test_Beams_by_Zip_to_Excel: Test Cases/Test_Beams_by_Zip_to_Excel

2020-02-14 09:52:19 - [TEST_STEP][PASSED] - excelFile01 = "beams-test-results.xlsx": null

2020-02-14 09:52:19 - [TEST_STEP][PASSED] - ExpectedListSheetFile1 = ["Sheet1"]: null

2020-02-14 09:52:19 - [TEST_STEP][PASSED] - workbookFile01 = getWorkbook(excelFile01): null

2020-02-14 09:52:19 - [TEST_STEP][PASSED] - workbook01 = getWorkbook(excelFile01): null

2020-02-14 09:52:19 - [TEST_STEP][PASSED] - sheet01 = getExcelSheet(workbook01, "Sheet1"): null

2020-02-14 09:52:19 - [TEST_STEP][PASSED] - setValueToCellByAddress(sheet01, "A1", "TEST"): null

2020-02-14 09:52:19 - [TEST_STEP][PASSED] - setValueToCellByAddress(sheet01, "B1", "BEAM"): null

2020-02-14 09:52:19 - [TEST_STEP][PASSED] - setValueToCellByAddress(sheet01, "C1", "UFF"): null

2020-02-14 09:52:19 - [TEST_STEP][PASSED] - setValueToCellByAddress(sheet01, "D1", "PLAN"): null

2020-02-14 09:52:19 - [TEST_STEP][PASSED] - setValueToCellByAddress(sheet01, "E1", "API PLAN"): null

2020-02-14 09:52:19 - [TEST_STEP][PASSED] - mybeam = mybeam: null

2020-02-14 09:52:19 - [TEST_STEP][PASSED] - myuff = myuff: null

2020-02-14 09:52:19 - [TEST_STEP][PASSED] - myplan = myplan: null

2020-02-14 09:52:19 - [TEST_STEP][PASSED] - log = new com.kms.katalon.core.logging.KeywordLogger(): null

2020-02-14 09:52:19 - [TEST_STEP][PASSED] - log.logWarning("beam " + mybeam + " zip " + myzip + " upfront fees " + myuff + " plan " + myplan): beam 370 zip 93301 upfront fees 0 plan VS2 Standard Offer

2020-02-14 09:52:19 - [MESSAGE][WARNING] - beam 370 zip 93301 upfront fees 0 plan VS2 Standard Offer

2020-02-14 09:52:19 - [TEST_STEP][PASSED] - setValueToCellByAddress(sheet01, "B" + mycount, beamFail): null

2020-02-14 09:52:19 - [TEST_STEP][PASSED] - setValueToCellByAddress(sheet01, "C" + mycount, uffFail): null

2020-02-14 09:52:19 - [TEST_STEP][PASSED] - mycount = mycount + 1: null

2020-02-14 09:52:19 - [TEST_STEP][PASSED] - setValueToCellByAddress(sheet01, "A" + mycount, "beam " + mybeam + " zip " + myzip + " upfront fees " + myuff + " plan " + myplan): null

2020-02-14 09:52:19 - [TEST_STEP][PASSED] - setValueToCellByAddress(sheet01, "D" + mycount, myplan): null

2020-02-14 09:52:19 - [TEST_STEP][PASSED] - sendRequestAndVerify(findTestObject("Exede_Zip", ["myzip":myzip])): Send request and verify the response successfully

2020-02-14 09:52:21 - [MESSAGE][INFO] - HAR: /Users/jhampleman/jenkins-beam-tests-master/Reports/20200214_095028/RUN_Exede_Zip_Test/20200214_095028/requests/main/49.har

2020-02-14 09:52:21 - [TEST_CASE][PASSED] - Start Test Case : Verification: Verification accomplished successfully

2020-02-14 09:52:21 - [TEST_STEP][PASSED] - request = getInstance().getCurrentRequest(): null

2020-02-14 09:52:21 - [TEST_STEP][PASSED] - response = getInstance().getCurrentResponse(): null

2020-02-14 09:52:21 - [TEST_STEP][PASSED] - if (!(verifyElementPropertyValue(response, "data.beam", mybeam))): Verify element property value successfully

2020-02-14 09:52:21 - [MESSAGE][PASSED] - Verify element property value successfully

2020-02-14 09:52:21 - [TEST_STEP][PASSED] - else: null

2020-02-14 09:52:21 - [TEST_STEP][PASSED] - beamFail = "P": null

2020-02-14 09:52:21 - [TEST_STEP][PASSED] - if (!(verifyElementPropertyValue(response, "data.product.down", myuff))): Verify element property value successfully

2020-02-14 09:52:21 - [MESSAGE][PASSED] - Verify element property value successfully

2020-02-14 09:52:21 - [TEST_STEP][PASSED] - else: null

2020-02-14 09:52:21 - [TEST_STEP][PASSED] - uffFail = "P": null

2020-02-14 09:52:21 - [TEST_STEP][PASSED] - jsonSlurper = new groovy.json.JsonSlurper(): null

2020-02-14 09:52:21 - [TEST_STEP][PASSED] - object = jsonSlurper.parseText(response.getResponseText()): null

2020-02-14 09:52:21 - [TEST_STEP][PASSED] - println(object): null

2020-02-14 09:52:21 - [TEST_STEP][PASSED] - mytest = plans: null

2020-02-14 09:52:21 - [TEST_STEP][PASSED] - variable = mytest: null

2020-02-14 09:52:21 - [MESSAGE][PASSED] - Verify response successfully

2020-02-14 09:52:21 - [MESSAGE][PASSED] - Send request and verify the response successfully

2020-02-14 09:52:21 - [TEST_STEP][PASSED] - setValueToCellByAddress(sheet01, "E" + mycount, variable): null

2020-02-14 09:52:21 - [TEST_STEP][PASSED] - saveWorkbook(excelFile01, workbook01): null]]></system-out>
         <system-err><![CDATA[]]></system-err>
      </testcase>
      <testcase name="Test Cases/Test_Beams_by_Zip_to_Excel" time="1.821" classname="Test Cases/Test_Beams_by_Zip_to_Excel" status="PASSED">
         <system-out><![CDATA[2020-02-14 09:52:21 - [TEST_CASE][PASSED] - Test Cases/Test_Beams_by_Zip_to_Excel: Test Cases/Test_Beams_by_Zip_to_Excel

2020-02-14 09:52:21 - [TEST_STEP][PASSED] - excelFile01 = "beams-test-results.xlsx": null

2020-02-14 09:52:21 - [TEST_STEP][PASSED] - ExpectedListSheetFile1 = ["Sheet1"]: null

2020-02-14 09:52:21 - [TEST_STEP][PASSED] - workbookFile01 = getWorkbook(excelFile01): null

2020-02-14 09:52:21 - [TEST_STEP][PASSED] - workbook01 = getWorkbook(excelFile01): null

2020-02-14 09:52:21 - [TEST_STEP][PASSED] - sheet01 = getExcelSheet(workbook01, "Sheet1"): null

2020-02-14 09:52:21 - [TEST_STEP][PASSED] - setValueToCellByAddress(sheet01, "A1", "TEST"): null

2020-02-14 09:52:21 - [TEST_STEP][PASSED] - setValueToCellByAddress(sheet01, "B1", "BEAM"): null

2020-02-14 09:52:21 - [TEST_STEP][PASSED] - setValueToCellByAddress(sheet01, "C1", "UFF"): null

2020-02-14 09:52:21 - [TEST_STEP][PASSED] - setValueToCellByAddress(sheet01, "D1", "PLAN"): null

2020-02-14 09:52:21 - [TEST_STEP][PASSED] - setValueToCellByAddress(sheet01, "E1", "API PLAN"): null

2020-02-14 09:52:21 - [TEST_STEP][PASSED] - mybeam = mybeam: null

2020-02-14 09:52:21 - [TEST_STEP][PASSED] - myuff = myuff: null

2020-02-14 09:52:21 - [TEST_STEP][PASSED] - myplan = myplan: null

2020-02-14 09:52:21 - [TEST_STEP][PASSED] - log = new com.kms.katalon.core.logging.KeywordLogger(): null

2020-02-14 09:52:21 - [TEST_STEP][PASSED] - log.logWarning("beam " + mybeam + " zip " + myzip + " upfront fees " + myuff + " plan " + myplan): beam 371 zip 91204 upfront fees 0 plan VS2 Standard Offer

2020-02-14 09:52:21 - [MESSAGE][WARNING] - beam 371 zip 91204 upfront fees 0 plan VS2 Standard Offer

2020-02-14 09:52:21 - [TEST_STEP][PASSED] - setValueToCellByAddress(sheet01, "B" + mycount, beamFail): null

2020-02-14 09:52:21 - [TEST_STEP][PASSED] - setValueToCellByAddress(sheet01, "C" + mycount, uffFail): null

2020-02-14 09:52:21 - [TEST_STEP][PASSED] - mycount = mycount + 1: null

2020-02-14 09:52:21 - [TEST_STEP][PASSED] - setValueToCellByAddress(sheet01, "A" + mycount, "beam " + mybeam + " zip " + myzip + " upfront fees " + myuff + " plan " + myplan): null

2020-02-14 09:52:21 - [TEST_STEP][PASSED] - setValueToCellByAddress(sheet01, "D" + mycount, myplan): null

2020-02-14 09:52:21 - [TEST_STEP][PASSED] - sendRequestAndVerify(findTestObject("Exede_Zip", ["myzip":myzip])): Send request and verify the response successfully

2020-02-14 09:52:23 - [MESSAGE][INFO] - HAR: /Users/jhampleman/jenkins-beam-tests-master/Reports/20200214_095028/RUN_Exede_Zip_Test/20200214_095028/requests/main/50.har

2020-02-14 09:52:23 - [TEST_CASE][PASSED] - Start Test Case : Verification: Verification accomplished successfully

2020-02-14 09:52:23 - [TEST_STEP][PASSED] - request = getInstance().getCurrentRequest(): null

2020-02-14 09:52:23 - [TEST_STEP][PASSED] - response = getInstance().getCurrentResponse(): null

2020-02-14 09:52:23 - [TEST_STEP][PASSED] - if (!(verifyElementPropertyValue(response, "data.beam", mybeam))): Verify element property value successfully

2020-02-14 09:52:23 - [MESSAGE][PASSED] - Verify element property value successfully

2020-02-14 09:52:23 - [TEST_STEP][PASSED] - else: null

2020-02-14 09:52:23 - [TEST_STEP][PASSED] - beamFail = "P": null

2020-02-14 09:52:23 - [TEST_STEP][PASSED] - if (!(verifyElementPropertyValue(response, "data.product.down", myuff))): Verify element property value successfully

2020-02-14 09:52:23 - [MESSAGE][PASSED] - Verify element property value successfully

2020-02-14 09:52:23 - [TEST_STEP][PASSED] - else: null

2020-02-14 09:52:23 - [TEST_STEP][PASSED] - uffFail = "P": null

2020-02-14 09:52:23 - [TEST_STEP][PASSED] - jsonSlurper = new groovy.json.JsonSlurper(): null

2020-02-14 09:52:23 - [TEST_STEP][PASSED] - object = jsonSlurper.parseText(response.getResponseText()): null

2020-02-14 09:52:23 - [TEST_STEP][PASSED] - println(object): null

2020-02-14 09:52:23 - [TEST_STEP][PASSED] - mytest = plans: null

2020-02-14 09:52:23 - [TEST_STEP][PASSED] - variable = mytest: null

2020-02-14 09:52:23 - [MESSAGE][PASSED] - Verify response successfully

2020-02-14 09:52:23 - [MESSAGE][PASSED] - Send request and verify the response successfully

2020-02-14 09:52:23 - [TEST_STEP][PASSED] - setValueToCellByAddress(sheet01, "E" + mycount, variable): null

2020-02-14 09:52:23 - [TEST_STEP][PASSED] - saveWorkbook(excelFile01, workbook01): null]]></system-out>
         <system-err><![CDATA[]]></system-err>
      </testcase>
      <testcase name="Test Cases/Test_Beams_by_Zip_to_Excel" time="1.906" classname="Test Cases/Test_Beams_by_Zip_to_Excel" status="FAILED">
         <failure type="FAILED" message="Test Cases/Test_Beams_by_Zip_to_Excel FAILED.
Reason:
com.kms.katalon.core.exception.StepFailedException: Expected element property value '372' is not equal with actual property value 'null'
	at com.kms.katalon.core.keyword.internal.KeywordMain.stepFailed(KeywordMain.groovy:39)
	at com.kms.katalon.core.webservice.keyword.builtin.VerifyElementPropertyValueKeyword$_verifyElementPropertyValue_closure1.doCall(VerifyElementPropertyValueKeyword.groovy:56)
	at com.kms.katalon.core.webservice.keyword.builtin.VerifyElementPropertyValueKeyword$_verifyElementPropertyValue_closure1.call(VerifyElementPropertyValueKeyword.groovy)
	at com.kms.katalon.core.keyword.internal.KeywordMain.runKeyword(KeywordMain.groovy:68)
	at com.kms.katalon.core.webservice.keyword.builtin.VerifyElementPropertyValueKeyword.verifyElementPropertyValue(VerifyElementPropertyValueKeyword.groovy:48)
	at com.kms.katalon.core.webservice.keyword.builtin.VerifyElementPropertyValueKeyword.execute(VerifyElementPropertyValueKeyword.groovy:43)
	at com.kms.katalon.core.keyword.internal.KeywordExecutor.executeKeywordForPlatform(KeywordExecutor.groovy:72)
	at com.kms.katalon.core.webservice.keyword.WSBuiltInKeywords.verifyElementPropertyValue(WSBuiltInKeywords.groovy:189)
	at com.kms.katalon.core.webservice.keyword.WSBuiltInKeywords$verifyElementPropertyValue$0.call(Unknown Source)
	at WSVerification1581699145453.run(WSVerification1581699145453:16)
	at com.kms.katalon.core.main.ScriptEngine.run(ScriptEngine.java:194)
	at com.kms.katalon.core.main.ScriptEngine.runScriptAsRawText(ScriptEngine.java:119)
	at com.kms.katalon.core.main.WSVerificationExecutor.runScript(WSVerificationExecutor.java:146)
	at com.kms.katalon.core.main.WSVerificationExecutor.doExecute(WSVerificationExecutor.java:140)
	at com.kms.katalon.core.main.WSVerificationExecutor.processExecutionPhase(WSVerificationExecutor.java:123)
	at com.kms.katalon.core.main.WSVerificationExecutor.accessMainPhase(WSVerificationExecutor.java:115)
	at com.kms.katalon.core.main.WSVerificationExecutor.execute(WSVerificationExecutor.java:103)
	at com.kms.katalon.core.main.TestCaseMain.runWSVerificationScript(TestCaseMain.java:127)
	at com.kms.katalon.core.webservice.keyword.builtin.SendRequestAndVerifyKeyword$_sendRequestAndVerify_closure1.doCall(SendRequestAndVerifyKeyword.groovy:55)
	at com.kms.katalon.core.webservice.keyword.builtin.SendRequestAndVerifyKeyword$_sendRequestAndVerify_closure1.call(SendRequestAndVerifyKeyword.groovy)
	at com.kms.katalon.core.keyword.internal.KeywordMain.runKeyword(KeywordMain.groovy:68)
	at com.kms.katalon.core.webservice.keyword.builtin.SendRequestAndVerifyKeyword.sendRequestAndVerify(SendRequestAndVerifyKeyword.groovy:43)
	at com.kms.katalon.core.webservice.keyword.builtin.SendRequestAndVerifyKeyword.execute(SendRequestAndVerifyKeyword.groovy:38)
	at com.kms.katalon.core.keyword.internal.KeywordExecutor.executeKeywordForPlatform(KeywordExecutor.groovy:72)
	at com.kms.katalon.core.webservice.keyword.WSBuiltInKeywords.sendRequestAndVerify(WSBuiltInKeywords.groovy:65)
	at com.kms.katalon.core.webservice.keyword.WSBuiltInKeywords$sendRequestAndVerify.call(Unknown Source)
	at Test_Beams_by_Zip_to_Excel.run(Test_Beams_by_Zip_to_Excel:68)
	at com.kms.katalon.core.main.ScriptEngine.run(ScriptEngine.java:194)
	at com.kms.katalon.core.main.ScriptEngine.runScriptAsRawText(ScriptEngine.java:119)
	at com.kms.katalon.core.main.TestCaseExecutor.runScript(TestCaseExecutor.java:337)
	at com.kms.katalon.core.main.TestCaseExecutor.doExecute(TestCaseExecutor.java:328)
	at com.kms.katalon.core.main.TestCaseExecutor.processExecutionPhase(TestCaseExecutor.java:307)
	at com.kms.katalon.core.main.TestCaseExecutor.accessMainPhase(TestCaseExecutor.java:299)
	at com.kms.katalon.core.main.TestCaseExecutor.execute(TestCaseExecutor.java:233)
	at com.kms.katalon.core.main.TestSuiteExecutor.accessTestCaseMainPhase(TestSuiteExecutor.java:169)
	at com.kms.katalon.core.main.TestSuiteExecutor.accessTestSuiteMainPhase(TestSuiteExecutor.java:142)
	at com.kms.katalon.core.main.TestSuiteExecutor.execute(TestSuiteExecutor.java:91)
	at com.kms.katalon.core.main.TestCaseMain.startTestSuite(TestCaseMain.java:157)
	at com.kms.katalon.core.main.TestCaseMain$startTestSuite$0.call(Unknown Source)
	at TempTestSuite1581699028664.run(TempTestSuite1581699028664.groovy:36)
"/>
         <system-out><![CDATA[2020-02-14 09:52:23 - [TEST_CASE][FAILED] - Test Cases/Test_Beams_by_Zip_to_Excel: Test Cases/Test_Beams_by_Zip_to_Excel FAILED.
Reason:
com.kms.katalon.core.exception.StepFailedException: Expected element property value '372' is not equal with actual property value 'null'
	at com.kms.katalon.core.keyword.internal.KeywordMain.stepFailed(KeywordMain.groovy:39)
	at com.kms.katalon.core.webservice.keyword.builtin.VerifyElementPropertyValueKeyword$_verifyElementPropertyValue_closure1.doCall(VerifyElementPropertyValueKeyword.groovy:56)
	at com.kms.katalon.core.webservice.keyword.builtin.VerifyElementPropertyValueKeyword$_verifyElementPropertyValue_closure1.call(VerifyElementPropertyValueKeyword.groovy)
	at com.kms.katalon.core.keyword.internal.KeywordMain.runKeyword(KeywordMain.groovy:68)
	at com.kms.katalon.core.webservice.keyword.builtin.VerifyElementPropertyValueKeyword.verifyElementPropertyValue(VerifyElementPropertyValueKeyword.groovy:48)
	at com.kms.katalon.core.webservice.keyword.builtin.VerifyElementPropertyValueKeyword.execute(VerifyElementPropertyValueKeyword.groovy:43)
	at com.kms.katalon.core.keyword.internal.KeywordExecutor.executeKeywordForPlatform(KeywordExecutor.groovy:72)
	at com.kms.katalon.core.webservice.keyword.WSBuiltInKeywords.verifyElementPropertyValue(WSBuiltInKeywords.groovy:189)
	at com.kms.katalon.core.webservice.keyword.WSBuiltInKeywords$verifyElementPropertyValue$0.call(Unknown Source)
	at WSVerification1581699145453.run(WSVerification1581699145453:16)
	at com.kms.katalon.core.main.ScriptEngine.run(ScriptEngine.java:194)
	at com.kms.katalon.core.main.ScriptEngine.runScriptAsRawText(ScriptEngine.java:119)
	at com.kms.katalon.core.main.WSVerificationExecutor.runScript(WSVerificationExecutor.java:146)
	at com.kms.katalon.core.main.WSVerificationExecutor.doExecute(WSVerificationExecutor.java:140)
	at com.kms.katalon.core.main.WSVerificationExecutor.processExecutionPhase(WSVerificationExecutor.java:123)
	at com.kms.katalon.core.main.WSVerificationExecutor.accessMainPhase(WSVerificationExecutor.java:115)
	at com.kms.katalon.core.main.WSVerificationExecutor.execute(WSVerificationExecutor.java:103)
	at com.kms.katalon.core.main.TestCaseMain.runWSVerificationScript(TestCaseMain.java:127)
	at com.kms.katalon.core.webservice.keyword.builtin.SendRequestAndVerifyKeyword$_sendRequestAndVerify_closure1.doCall(SendRequestAndVerifyKeyword.groovy:55)
	at com.kms.katalon.core.webservice.keyword.builtin.SendRequestAndVerifyKeyword$_sendRequestAndVerify_closure1.call(SendRequestAndVerifyKeyword.groovy)
	at com.kms.katalon.core.keyword.internal.KeywordMain.runKeyword(KeywordMain.groovy:68)
	at com.kms.katalon.core.webservice.keyword.builtin.SendRequestAndVerifyKeyword.sendRequestAndVerify(SendRequestAndVerifyKeyword.groovy:43)
	at com.kms.katalon.core.webservice.keyword.builtin.SendRequestAndVerifyKeyword.execute(SendRequestAndVerifyKeyword.groovy:38)
	at com.kms.katalon.core.keyword.internal.KeywordExecutor.executeKeywordForPlatform(KeywordExecutor.groovy:72)
	at com.kms.katalon.core.webservice.keyword.WSBuiltInKeywords.sendRequestAndVerify(WSBuiltInKeywords.groovy:65)
	at com.kms.katalon.core.webservice.keyword.WSBuiltInKeywords$sendRequestAndVerify.call(Unknown Source)
	at Test_Beams_by_Zip_to_Excel.run(Test_Beams_by_Zip_to_Excel:68)
	at com.kms.katalon.core.main.ScriptEngine.run(ScriptEngine.java:194)
	at com.kms.katalon.core.main.ScriptEngine.runScriptAsRawText(ScriptEngine.java:119)
	at com.kms.katalon.core.main.TestCaseExecutor.runScript(TestCaseExecutor.java:337)
	at com.kms.katalon.core.main.TestCaseExecutor.doExecute(TestCaseExecutor.java:328)
	at com.kms.katalon.core.main.TestCaseExecutor.processExecutionPhase(TestCaseExecutor.java:307)
	at com.kms.katalon.core.main.TestCaseExecutor.accessMainPhase(TestCaseExecutor.java:299)
	at com.kms.katalon.core.main.TestCaseExecutor.execute(TestCaseExecutor.java:233)
	at com.kms.katalon.core.main.TestSuiteExecutor.accessTestCaseMainPhase(TestSuiteExecutor.java:169)
	at com.kms.katalon.core.main.TestSuiteExecutor.accessTestSuiteMainPhase(TestSuiteExecutor.java:142)
	at com.kms.katalon.core.main.TestSuiteExecutor.execute(TestSuiteExecutor.java:91)
	at com.kms.katalon.core.main.TestCaseMain.startTestSuite(TestCaseMain.java:157)
	at com.kms.katalon.core.main.TestCaseMain$startTestSuite$0.call(Unknown Source)
	at TempTestSuite1581699028664.run(TempTestSuite1581699028664.groovy:36)


2020-02-14 09:52:23 - [TEST_STEP][PASSED] - excelFile01 = "beams-test-results.xlsx": null

2020-02-14 09:52:23 - [TEST_STEP][PASSED] - ExpectedListSheetFile1 = ["Sheet1"]: null

2020-02-14 09:52:23 - [TEST_STEP][PASSED] - workbookFile01 = getWorkbook(excelFile01): null

2020-02-14 09:52:23 - [TEST_STEP][PASSED] - workbook01 = getWorkbook(excelFile01): null

2020-02-14 09:52:23 - [TEST_STEP][PASSED] - sheet01 = getExcelSheet(workbook01, "Sheet1"): null

2020-02-14 09:52:23 - [TEST_STEP][PASSED] - setValueToCellByAddress(sheet01, "A1", "TEST"): null

2020-02-14 09:52:23 - [TEST_STEP][PASSED] - setValueToCellByAddress(sheet01, "B1", "BEAM"): null

2020-02-14 09:52:23 - [TEST_STEP][PASSED] - setValueToCellByAddress(sheet01, "C1", "UFF"): null

2020-02-14 09:52:23 - [TEST_STEP][PASSED] - setValueToCellByAddress(sheet01, "D1", "PLAN"): null

2020-02-14 09:52:23 - [TEST_STEP][PASSED] - setValueToCellByAddress(sheet01, "E1", "API PLAN"): null

2020-02-14 09:52:23 - [TEST_STEP][PASSED] - mybeam = mybeam: null

2020-02-14 09:52:23 - [TEST_STEP][PASSED] - myuff = myuff: null

2020-02-14 09:52:23 - [TEST_STEP][PASSED] - myplan = myplan: null

2020-02-14 09:52:23 - [TEST_STEP][PASSED] - log = new com.kms.katalon.core.logging.KeywordLogger(): null

2020-02-14 09:52:23 - [TEST_STEP][PASSED] - log.logWarning("beam " + mybeam + " zip " + myzip + " upfront fees " + myuff + " plan " + myplan): beam 372 zip 92262 upfront fees 0 plan VS2 Standard Offer

2020-02-14 09:52:23 - [MESSAGE][WARNING] - beam 372 zip 92262 upfront fees 0 plan VS2 Standard Offer

2020-02-14 09:52:23 - [TEST_STEP][PASSED] - setValueToCellByAddress(sheet01, "B" + mycount, beamFail): null

2020-02-14 09:52:23 - [TEST_STEP][PASSED] - setValueToCellByAddress(sheet01, "C" + mycount, uffFail): null

2020-02-14 09:52:23 - [TEST_STEP][PASSED] - mycount = mycount + 1: null

2020-02-14 09:52:23 - [TEST_STEP][PASSED] - setValueToCellByAddress(sheet01, "A" + mycount, "beam " + mybeam + " zip " + myzip + " upfront fees " + myuff + " plan " + myplan): null

2020-02-14 09:52:23 - [TEST_STEP][PASSED] - setValueToCellByAddress(sheet01, "D" + mycount, myplan): null

2020-02-14 09:52:23 - [TEST_STEP][FAILED] - sendRequestAndVerify(findTestObject("Exede_Zip", ["myzip":myzip])): Unable to send request and verify the response (Root cause: com.kms.katalon.core.exception.StepFailedException: Verification failed
	at com.kms.katalon.core.webservice.keyword.builtin.SendRequestAndVerifyKeyword$_sendRequestAndVerify_closure1.doCall(SendRequestAndVerifyKeyword.groovy:59)
	at com.kms.katalon.core.webservice.keyword.builtin.SendRequestAndVerifyKeyword$_sendRequestAndVerify_closure1.call(SendRequestAndVerifyKeyword.groovy)
	at com.kms.katalon.core.keyword.internal.KeywordMain.runKeyword(KeywordMain.groovy:68)
	at com.kms.katalon.core.webservice.keyword.builtin.SendRequestAndVerifyKeyword.sendRequestAndVerify(SendRequestAndVerifyKeyword.groovy:43)
	at com.kms.katalon.core.webservice.keyword.builtin.SendRequestAndVerifyKeyword.execute(SendRequestAndVerifyKeyword.groovy:38)
	at com.kms.katalon.core.keyword.internal.KeywordExecutor.executeKeywordForPlatform(KeywordExecutor.groovy:72)
	at com.kms.katalon.core.webservice.keyword.WSBuiltInKeywords.sendRequestAndVerify(WSBuiltInKeywords.groovy:65)
	at com.kms.katalon.core.webservice.keyword.WSBuiltInKeywords$sendRequestAndVerify.call(Unknown Source)
	at Test_Beams_by_Zip_to_Excel.run(Test_Beams_by_Zip_to_Excel:68)
	at com.kms.katalon.core.main.ScriptEngine.run(ScriptEngine.java:194)
	at com.kms.katalon.core.main.ScriptEngine.runScriptAsRawText(ScriptEngine.java:119)
	at com.kms.katalon.core.main.TestCaseExecutor.runScript(TestCaseExecutor.java:337)
	at com.kms.katalon.core.main.TestCaseExecutor.doExecute(TestCaseExecutor.java:328)
	at com.kms.katalon.core.main.TestCaseExecutor.processExecutionPhase(TestCaseExecutor.java:307)
	at com.kms.katalon.core.main.TestCaseExecutor.accessMainPhase(TestCaseExecutor.java:299)
	at com.kms.katalon.core.main.TestCaseExecutor.execute(TestCaseExecutor.java:233)
	at com.kms.katalon.core.main.TestSuiteExecutor.accessTestCaseMainPhase(TestSuiteExecutor.java:169)
	at com.kms.katalon.core.main.TestSuiteExecutor.accessTestSuiteMainPhase(TestSuiteExecutor.java:142)
	at com.kms.katalon.core.main.TestSuiteExecutor.execute(TestSuiteExecutor.java:91)
	at com.kms.katalon.core.main.TestCaseMain.startTestSuite(TestCaseMain.java:157)
	at com.kms.katalon.core.main.TestCaseMain$startTestSuite$0.call(Unknown Source)
	at TempTestSuite1581699028664.run(TempTestSuite1581699028664.groovy:36)
)

2020-02-14 09:52:25 - [MESSAGE][INFO] - HAR: /Users/jhampleman/jenkins-beam-tests-master/Reports/20200214_095028/RUN_Exede_Zip_Test/20200214_095028/requests/main/51.har

2020-02-14 09:52:25 - [TEST_CASE][FAILED] - Start Test Case : Verification: Verification FAILED.
Reason:
com.kms.katalon.core.exception.StepFailedException: Expected element property value '372' is not equal with actual property value 'null'
	at com.kms.katalon.core.keyword.internal.KeywordMain.stepFailed(KeywordMain.groovy:39)
	at com.kms.katalon.core.webservice.keyword.builtin.VerifyElementPropertyValueKeyword$_verifyElementPropertyValue_closure1.doCall(VerifyElementPropertyValueKeyword.groovy:56)
	at com.kms.katalon.core.webservice.keyword.builtin.VerifyElementPropertyValueKeyword$_verifyElementPropertyValue_closure1.call(VerifyElementPropertyValueKeyword.groovy)
	at com.kms.katalon.core.keyword.internal.KeywordMain.runKeyword(KeywordMain.groovy:68)
	at com.kms.katalon.core.webservice.keyword.builtin.VerifyElementPropertyValueKeyword.verifyElementPropertyValue(VerifyElementPropertyValueKeyword.groovy:48)
	at com.kms.katalon.core.webservice.keyword.builtin.VerifyElementPropertyValueKeyword.execute(VerifyElementPropertyValueKeyword.groovy:43)
	at com.kms.katalon.core.keyword.internal.KeywordExecutor.executeKeywordForPlatform(KeywordExecutor.groovy:72)
	at com.kms.katalon.core.webservice.keyword.WSBuiltInKeywords.verifyElementPropertyValue(WSBuiltInKeywords.groovy:189)
	at com.kms.katalon.core.webservice.keyword.WSBuiltInKeywords$verifyElementPropertyValue$0.call(Unknown Source)
	at WSVerification1581699145453.run(WSVerification1581699145453:16)
	at com.kms.katalon.core.main.ScriptEngine.run(ScriptEngine.java:194)
	at com.kms.katalon.core.main.ScriptEngine.runScriptAsRawText(ScriptEngine.java:119)
	at com.kms.katalon.core.main.WSVerificationExecutor.runScript(WSVerificationExecutor.java:146)
	at com.kms.katalon.core.main.WSVerificationExecutor.doExecute(WSVerificationExecutor.java:140)
	at com.kms.katalon.core.main.WSVerificationExecutor.processExecutionPhase(WSVerificationExecutor.java:123)
	at com.kms.katalon.core.main.WSVerificationExecutor.accessMainPhase(WSVerificationExecutor.java:115)
	at com.kms.katalon.core.main.WSVerificationExecutor.execute(WSVerificationExecutor.java:103)
	at com.kms.katalon.core.main.TestCaseMain.runWSVerificationScript(TestCaseMain.java:127)
	at com.kms.katalon.core.webservice.keyword.builtin.SendRequestAndVerifyKeyword$_sendRequestAndVerify_closure1.doCall(SendRequestAndVerifyKeyword.groovy:55)
	at com.kms.katalon.core.webservice.keyword.builtin.SendRequestAndVerifyKeyword$_sendRequestAndVerify_closure1.call(SendRequestAndVerifyKeyword.groovy)
	at com.kms.katalon.core.keyword.internal.KeywordMain.runKeyword(KeywordMain.groovy:68)
	at com.kms.katalon.core.webservice.keyword.builtin.SendRequestAndVerifyKeyword.sendRequestAndVerify(SendRequestAndVerifyKeyword.groovy:43)
	at com.kms.katalon.core.webservice.keyword.builtin.SendRequestAndVerifyKeyword.execute(SendRequestAndVerifyKeyword.groovy:38)
	at com.kms.katalon.core.keyword.internal.KeywordExecutor.executeKeywordForPlatform(KeywordExecutor.groovy:72)
	at com.kms.katalon.core.webservice.keyword.WSBuiltInKeywords.sendRequestAndVerify(WSBuiltInKeywords.groovy:65)
	at com.kms.katalon.core.webservice.keyword.WSBuiltInKeywords$sendRequestAndVerify.call(Unknown Source)
	at Test_Beams_by_Zip_to_Excel.run(Test_Beams_by_Zip_to_Excel:68)
	at com.kms.katalon.core.main.ScriptEngine.run(ScriptEngine.java:194)
	at com.kms.katalon.core.main.ScriptEngine.runScriptAsRawText(ScriptEngine.java:119)
	at com.kms.katalon.core.main.TestCaseExecutor.runScript(TestCaseExecutor.java:337)
	at com.kms.katalon.core.main.TestCaseExecutor.doExecute(TestCaseExecutor.java:328)
	at com.kms.katalon.core.main.TestCaseExecutor.processExecutionPhase(TestCaseExecutor.java:307)
	at com.kms.katalon.core.main.TestCaseExecutor.accessMainPhase(TestCaseExecutor.java:299)
	at com.kms.katalon.core.main.TestCaseExecutor.execute(TestCaseExecutor.java:233)
	at com.kms.katalon.core.main.TestSuiteExecutor.accessTestCaseMainPhase(TestSuiteExecutor.java:169)
	at com.kms.katalon.core.main.TestSuiteExecutor.accessTestSuiteMainPhase(TestSuiteExecutor.java:142)
	at com.kms.katalon.core.main.TestSuiteExecutor.execute(TestSuiteExecutor.java:91)
	at com.kms.katalon.core.main.TestCaseMain.startTestSuite(TestCaseMain.java:157)
	at com.kms.katalon.core.main.TestCaseMain$startTestSuite$0.call(Unknown Source)
	at TempTestSuite1581699028664.run(TempTestSuite1581699028664.groovy:36)


2020-02-14 09:52:25 - [TEST_STEP][PASSED] - request = getInstance().getCurrentRequest(): null

2020-02-14 09:52:25 - [TEST_STEP][PASSED] - response = getInstance().getCurrentResponse(): null

2020-02-14 09:52:25 - [TEST_STEP][FAILED] - if (!(verifyElementPropertyValue(response, "data.beam", mybeam))): null

2020-02-14 09:52:25 - [MESSAGE][FAILED] - Expected element property value '372' is not equal with actual property value 'null'

2020-02-14 09:52:25 - [TEST_STEP][PASSED] - beamFail = "F": null

2020-02-14 09:52:25 - [TEST_STEP][FAILED] - if (!(verifyElementPropertyValue(response, "data.product.down", myuff))): null

2020-02-14 09:52:25 - [MESSAGE][FAILED] - Unable to verify element property value (Root cause: java.lang.NullPointerException: Cannot get property 'down' on null object
	at Script1.run(Script1.groovy:1)
	at com.kms.katalon.core.webservice.helper.WebServiceCommonHelper.parseAndGetPropertyValueForJson(WebServiceCommonHelper.java:162)
	at com.kms.katalon.core.webservice.keyword.builtin.VerifyElementPropertyValueKeyword$_verifyElementPropertyValue_closure1.doCall(VerifyElementPropertyValueKeyword.groovy:52)
	at com.kms.katalon.core.webservice.keyword.builtin.VerifyElementPropertyValueKeyword$_verifyElementPropertyValue_closure1.call(VerifyElementPropertyValueKeyword.groovy)
	at com.kms.katalon.core.keyword.internal.KeywordMain.runKeyword(KeywordMain.groovy:68)
	at com.kms.katalon.core.webservice.keyword.builtin.VerifyElementPropertyValueKeyword.verifyElementPropertyValue(VerifyElementPropertyValueKeyword.groovy:48)
	at com.kms.katalon.core.webservice.keyword.builtin.VerifyElementPropertyValueKeyword.execute(VerifyElementPropertyValueKeyword.groovy:43)
	at com.kms.katalon.core.keyword.internal.KeywordExecutor.executeKeywordForPlatform(KeywordExecutor.groovy:72)
	at com.kms.katalon.core.webservice.keyword.WSBuiltInKeywords.verifyElementPropertyValue(WSBuiltInKeywords.groovy:189)
	at com.kms.katalon.core.webservice.keyword.WSBuiltInKeywords$verifyElementPropertyValue$0.call(Unknown Source)
	at WSVerification1581699145453.run(WSVerification1581699145453:17)
	at com.kms.katalon.core.main.ScriptEngine.run(ScriptEngine.java:194)
	at com.kms.katalon.core.main.ScriptEngine.runScriptAsRawText(ScriptEngine.java:119)
	at com.kms.katalon.core.main.WSVerificationExecutor.runScript(WSVerificationExecutor.java:146)
	at com.kms.katalon.core.main.WSVerificationExecutor.doExecute(WSVerificationExecutor.java:140)
	at com.kms.katalon.core.main.WSVerificationExecutor.processExecutionPhase(WSVerificationExecutor.java:123)
	at com.kms.katalon.core.main.WSVerificationExecutor.accessMainPhase(WSVerificationExecutor.java:115)
	at com.kms.katalon.core.main.WSVerificationExecutor.execute(WSVerificationExecutor.java:103)
	at com.kms.katalon.core.main.TestCaseMain.runWSVerificationScript(TestCaseMain.java:127)
	at com.kms.katalon.core.webservice.keyword.builtin.SendRequestAndVerifyKeyword$_sendRequestAndVerify_closure1.doCall(SendRequestAndVerifyKeyword.groovy:55)
	at com.kms.katalon.core.webservice.keyword.builtin.SendRequestAndVerifyKeyword$_sendRequestAndVerify_closure1.call(SendRequestAndVerifyKeyword.groovy)
	at com.kms.katalon.core.keyword.internal.KeywordMain.runKeyword(KeywordMain.groovy:68)
	at com.kms.katalon.core.webservice.keyword.builtin.SendRequestAndVerifyKeyword.sendRequestAndVerify(SendRequestAndVerifyKeyword.groovy:43)
	at com.kms.katalon.core.webservice.keyword.builtin.SendRequestAndVerifyKeyword.execute(SendRequestAndVerifyKeyword.groovy:38)
	at com.kms.katalon.core.keyword.internal.KeywordExecutor.executeKeywordForPlatform(KeywordExecutor.groovy:72)
	at com.kms.katalon.core.webservice.keyword.WSBuiltInKeywords.sendRequestAndVerify(WSBuiltInKeywords.groovy:65)
	at com.kms.katalon.core.webservice.keyword.WSBuiltInKeywords$sendRequestAndVerify.call(Unknown Source)
	at Test_Beams_by_Zip_to_Excel.run(Test_Beams_by_Zip_to_Excel:68)
	at com.kms.katalon.core.main.ScriptEngine.run(ScriptEngine.java:194)
	at com.kms.katalon.core.main.ScriptEngine.runScriptAsRawText(ScriptEngine.java:119)
	at com.kms.katalon.core.main.TestCaseExecutor.runScript(TestCaseExecutor.java:337)
	at com.kms.katalon.core.main.TestCaseExecutor.doExecute(TestCaseExecutor.java:328)
	at com.kms.katalon.core.main.TestCaseExecutor.processExecutionPhase(TestCaseExecutor.java:307)
	at com.kms.katalon.core.main.TestCaseExecutor.accessMainPhase(TestCaseExecutor.java:299)
	at com.kms.katalon.core.main.TestCaseExecutor.execute(TestCaseExecutor.java:233)
	at com.kms.katalon.core.main.TestSuiteExecutor.accessTestCaseMainPhase(TestSuiteExecutor.java:169)
	at com.kms.katalon.core.main.TestSuiteExecutor.accessTestSuiteMainPhase(TestSuiteExecutor.java:142)
	at com.kms.katalon.core.main.TestSuiteExecutor.execute(TestSuiteExecutor.java:91)
	at com.kms.katalon.core.main.TestCaseMain.startTestSuite(TestCaseMain.java:157)
	at com.kms.katalon.core.main.TestCaseMain$startTestSuite$0.call(Unknown Source)
	at TempTestSuite1581699028664.run(TempTestSuite1581699028664.groovy:36)
)

2020-02-14 09:52:25 - [TEST_STEP][PASSED] - uffFail = "F": null

2020-02-14 09:52:25 - [TEST_STEP][PASSED] - jsonSlurper = new groovy.json.JsonSlurper(): null

2020-02-14 09:52:25 - [TEST_STEP][PASSED] - object = jsonSlurper.parseText(response.getResponseText()): null

2020-02-14 09:52:25 - [TEST_STEP][PASSED] - println(object): null

2020-02-14 09:52:25 - [TEST_STEP][PASSED] - mytest = plans: null

2020-02-14 09:52:25 - [MESSAGE][FAILED] - Unable to send request and verify the response (Root cause: com.kms.katalon.core.exception.StepFailedException: Verification failed
	at com.kms.katalon.core.webservice.keyword.builtin.SendRequestAndVerifyKeyword$_sendRequestAndVerify_closure1.doCall(SendRequestAndVerifyKeyword.groovy:59)
	at com.kms.katalon.core.webservice.keyword.builtin.SendRequestAndVerifyKeyword$_sendRequestAndVerify_closure1.call(SendRequestAndVerifyKeyword.groovy)
	at com.kms.katalon.core.keyword.internal.KeywordMain.runKeyword(KeywordMain.groovy:68)
	at com.kms.katalon.core.webservice.keyword.builtin.SendRequestAndVerifyKeyword.sendRequestAndVerify(SendRequestAndVerifyKeyword.groovy:43)
	at com.kms.katalon.core.webservice.keyword.builtin.SendRequestAndVerifyKeyword.execute(SendRequestAndVerifyKeyword.groovy:38)
	at com.kms.katalon.core.keyword.internal.KeywordExecutor.executeKeywordForPlatform(KeywordExecutor.groovy:72)
	at com.kms.katalon.core.webservice.keyword.WSBuiltInKeywords.sendRequestAndVerify(WSBuiltInKeywords.groovy:65)
	at com.kms.katalon.core.webservice.keyword.WSBuiltInKeywords$sendRequestAndVerify.call(Unknown Source)
	at Test_Beams_by_Zip_to_Excel.run(Test_Beams_by_Zip_to_Excel:68)
	at com.kms.katalon.core.main.ScriptEngine.run(ScriptEngine.java:194)
	at com.kms.katalon.core.main.ScriptEngine.runScriptAsRawText(ScriptEngine.java:119)
	at com.kms.katalon.core.main.TestCaseExecutor.runScript(TestCaseExecutor.java:337)
	at com.kms.katalon.core.main.TestCaseExecutor.doExecute(TestCaseExecutor.java:328)
	at com.kms.katalon.core.main.TestCaseExecutor.processExecutionPhase(TestCaseExecutor.java:307)
	at com.kms.katalon.core.main.TestCaseExecutor.accessMainPhase(TestCaseExecutor.java:299)
	at com.kms.katalon.core.main.TestCaseExecutor.execute(TestCaseExecutor.java:233)
	at com.kms.katalon.core.main.TestSuiteExecutor.accessTestCaseMainPhase(TestSuiteExecutor.java:169)
	at com.kms.katalon.core.main.TestSuiteExecutor.accessTestSuiteMainPhase(TestSuiteExecutor.java:142)
	at com.kms.katalon.core.main.TestSuiteExecutor.execute(TestSuiteExecutor.java:91)
	at com.kms.katalon.core.main.TestCaseMain.startTestSuite(TestCaseMain.java:157)
	at com.kms.katalon.core.main.TestCaseMain$startTestSuite$0.call(Unknown Source)
	at TempTestSuite1581699028664.run(TempTestSuite1581699028664.groovy:36)
)

2020-02-14 09:52:25 - [TEST_STEP][PASSED] - setValueToCellByAddress(sheet01, "E" + mycount, variable): null

2020-02-14 09:52:25 - [TEST_STEP][PASSED] - saveWorkbook(excelFile01, workbook01): null]]></system-out>
         <system-err><![CDATA[2020-02-14 09:52:23 - [TEST_CASE][FAILED] - Test Cases/Test_Beams_by_Zip_to_Excel: Test Cases/Test_Beams_by_Zip_to_Excel FAILED.
Reason:
com.kms.katalon.core.exception.StepFailedException: Expected element property value '372' is not equal with actual property value 'null'
	at com.kms.katalon.core.keyword.internal.KeywordMain.stepFailed(KeywordMain.groovy:39)
	at com.kms.katalon.core.webservice.keyword.builtin.VerifyElementPropertyValueKeyword$_verifyElementPropertyValue_closure1.doCall(VerifyElementPropertyValueKeyword.groovy:56)
	at com.kms.katalon.core.webservice.keyword.builtin.VerifyElementPropertyValueKeyword$_verifyElementPropertyValue_closure1.call(VerifyElementPropertyValueKeyword.groovy)
	at com.kms.katalon.core.keyword.internal.KeywordMain.runKeyword(KeywordMain.groovy:68)
	at com.kms.katalon.core.webservice.keyword.builtin.VerifyElementPropertyValueKeyword.verifyElementPropertyValue(VerifyElementPropertyValueKeyword.groovy:48)
	at com.kms.katalon.core.webservice.keyword.builtin.VerifyElementPropertyValueKeyword.execute(VerifyElementPropertyValueKeyword.groovy:43)
	at com.kms.katalon.core.keyword.internal.KeywordExecutor.executeKeywordForPlatform(KeywordExecutor.groovy:72)
	at com.kms.katalon.core.webservice.keyword.WSBuiltInKeywords.verifyElementPropertyValue(WSBuiltInKeywords.groovy:189)
	at com.kms.katalon.core.webservice.keyword.WSBuiltInKeywords$verifyElementPropertyValue$0.call(Unknown Source)
	at WSVerification1581699145453.run(WSVerification1581699145453:16)
	at com.kms.katalon.core.main.ScriptEngine.run(ScriptEngine.java:194)
	at com.kms.katalon.core.main.ScriptEngine.runScriptAsRawText(ScriptEngine.java:119)
	at com.kms.katalon.core.main.WSVerificationExecutor.runScript(WSVerificationExecutor.java:146)
	at com.kms.katalon.core.main.WSVerificationExecutor.doExecute(WSVerificationExecutor.java:140)
	at com.kms.katalon.core.main.WSVerificationExecutor.processExecutionPhase(WSVerificationExecutor.java:123)
	at com.kms.katalon.core.main.WSVerificationExecutor.accessMainPhase(WSVerificationExecutor.java:115)
	at com.kms.katalon.core.main.WSVerificationExecutor.execute(WSVerificationExecutor.java:103)
	at com.kms.katalon.core.main.TestCaseMain.runWSVerificationScript(TestCaseMain.java:127)
	at com.kms.katalon.core.webservice.keyword.builtin.SendRequestAndVerifyKeyword$_sendRequestAndVerify_closure1.doCall(SendRequestAndVerifyKeyword.groovy:55)
	at com.kms.katalon.core.webservice.keyword.builtin.SendRequestAndVerifyKeyword$_sendRequestAndVerify_closure1.call(SendRequestAndVerifyKeyword.groovy)
	at com.kms.katalon.core.keyword.internal.KeywordMain.runKeyword(KeywordMain.groovy:68)
	at com.kms.katalon.core.webservice.keyword.builtin.SendRequestAndVerifyKeyword.sendRequestAndVerify(SendRequestAndVerifyKeyword.groovy:43)
	at com.kms.katalon.core.webservice.keyword.builtin.SendRequestAndVerifyKeyword.execute(SendRequestAndVerifyKeyword.groovy:38)
	at com.kms.katalon.core.keyword.internal.KeywordExecutor.executeKeywordForPlatform(KeywordExecutor.groovy:72)
	at com.kms.katalon.core.webservice.keyword.WSBuiltInKeywords.sendRequestAndVerify(WSBuiltInKeywords.groovy:65)
	at com.kms.katalon.core.webservice.keyword.WSBuiltInKeywords$sendRequestAndVerify.call(Unknown Source)
	at Test_Beams_by_Zip_to_Excel.run(Test_Beams_by_Zip_to_Excel:68)
	at com.kms.katalon.core.main.ScriptEngine.run(ScriptEngine.java:194)
	at com.kms.katalon.core.main.ScriptEngine.runScriptAsRawText(ScriptEngine.java:119)
	at com.kms.katalon.core.main.TestCaseExecutor.runScript(TestCaseExecutor.java:337)
	at com.kms.katalon.core.main.TestCaseExecutor.doExecute(TestCaseExecutor.java:328)
	at com.kms.katalon.core.main.TestCaseExecutor.processExecutionPhase(TestCaseExecutor.java:307)
	at com.kms.katalon.core.main.TestCaseExecutor.accessMainPhase(TestCaseExecutor.java:299)
	at com.kms.katalon.core.main.TestCaseExecutor.execute(TestCaseExecutor.java:233)
	at com.kms.katalon.core.main.TestSuiteExecutor.accessTestCaseMainPhase(TestSuiteExecutor.java:169)
	at com.kms.katalon.core.main.TestSuiteExecutor.accessTestSuiteMainPhase(TestSuiteExecutor.java:142)
	at com.kms.katalon.core.main.TestSuiteExecutor.execute(TestSuiteExecutor.java:91)
	at com.kms.katalon.core.main.TestCaseMain.startTestSuite(TestCaseMain.java:157)
	at com.kms.katalon.core.main.TestCaseMain$startTestSuite$0.call(Unknown Source)
	at TempTestSuite1581699028664.run(TempTestSuite1581699028664.groovy:36)]]></system-err>
      </testcase>
      <testcase name="Test Cases/Test_Beams_by_Zip_to_Excel" time="2.948" classname="Test Cases/Test_Beams_by_Zip_to_Excel" status="PASSED">
         <system-out><![CDATA[2020-02-14 09:52:25 - [TEST_CASE][PASSED] - Test Cases/Test_Beams_by_Zip_to_Excel: Test Cases/Test_Beams_by_Zip_to_Excel

2020-02-14 09:52:25 - [TEST_STEP][PASSED] - excelFile01 = "beams-test-results.xlsx": null

2020-02-14 09:52:25 - [TEST_STEP][PASSED] - ExpectedListSheetFile1 = ["Sheet1"]: null

2020-02-14 09:52:25 - [TEST_STEP][PASSED] - workbookFile01 = getWorkbook(excelFile01): null

2020-02-14 09:52:25 - [TEST_STEP][PASSED] - workbook01 = getWorkbook(excelFile01): null

2020-02-14 09:52:25 - [TEST_STEP][PASSED] - sheet01 = getExcelSheet(workbook01, "Sheet1"): null

2020-02-14 09:52:25 - [TEST_STEP][PASSED] - setValueToCellByAddress(sheet01, "A1", "TEST"): null

2020-02-14 09:52:25 - [TEST_STEP][PASSED] - setValueToCellByAddress(sheet01, "B1", "BEAM"): null

2020-02-14 09:52:25 - [TEST_STEP][PASSED] - setValueToCellByAddress(sheet01, "C1", "UFF"): null

2020-02-14 09:52:25 - [TEST_STEP][PASSED] - setValueToCellByAddress(sheet01, "D1", "PLAN"): null

2020-02-14 09:52:25 - [TEST_STEP][PASSED] - setValueToCellByAddress(sheet01, "E1", "API PLAN"): null

2020-02-14 09:52:25 - [TEST_STEP][PASSED] - mybeam = mybeam: null

2020-02-14 09:52:25 - [TEST_STEP][PASSED] - myuff = myuff: null

2020-02-14 09:52:25 - [TEST_STEP][PASSED] - myplan = myplan: null

2020-02-14 09:52:25 - [TEST_STEP][PASSED] - log = new com.kms.katalon.core.logging.KeywordLogger(): null

2020-02-14 09:52:25 - [TEST_STEP][PASSED] - log.logWarning("beam " + mybeam + " zip " + myzip + " upfront fees " + myuff + " plan " + myplan): beam 447 zip 04774 upfront fees 0 plan VS2 High Fill

2020-02-14 09:52:25 - [MESSAGE][WARNING] - beam 447 zip 04774 upfront fees 0 plan VS2 High Fill

2020-02-14 09:52:25 - [TEST_STEP][PASSED] - setValueToCellByAddress(sheet01, "B" + mycount, beamFail): null

2020-02-14 09:52:25 - [TEST_STEP][PASSED] - setValueToCellByAddress(sheet01, "C" + mycount, uffFail): null

2020-02-14 09:52:25 - [TEST_STEP][PASSED] - mycount = mycount + 1: null

2020-02-14 09:52:25 - [TEST_STEP][PASSED] - setValueToCellByAddress(sheet01, "A" + mycount, "beam " + mybeam + " zip " + myzip + " upfront fees " + myuff + " plan " + myplan): null

2020-02-14 09:52:25 - [TEST_STEP][PASSED] - setValueToCellByAddress(sheet01, "D" + mycount, myplan): null

2020-02-14 09:52:25 - [TEST_STEP][PASSED] - sendRequestAndVerify(findTestObject("Exede_Zip", ["myzip":myzip])): Send request and verify the response successfully

2020-02-14 09:52:28 - [MESSAGE][INFO] - HAR: /Users/jhampleman/jenkins-beam-tests-master/Reports/20200214_095028/RUN_Exede_Zip_Test/20200214_095028/requests/main/52.har

2020-02-14 09:52:28 - [TEST_CASE][PASSED] - Start Test Case : Verification: Verification accomplished successfully

2020-02-14 09:52:28 - [TEST_STEP][PASSED] - request = getInstance().getCurrentRequest(): null

2020-02-14 09:52:28 - [TEST_STEP][PASSED] - response = getInstance().getCurrentResponse(): null

2020-02-14 09:52:28 - [TEST_STEP][PASSED] - if (!(verifyElementPropertyValue(response, "data.beam", mybeam))): Verify element property value successfully

2020-02-14 09:52:28 - [MESSAGE][PASSED] - Verify element property value successfully

2020-02-14 09:52:28 - [TEST_STEP][PASSED] - else: null

2020-02-14 09:52:28 - [TEST_STEP][PASSED] - beamFail = "P": null

2020-02-14 09:52:28 - [TEST_STEP][PASSED] - if (!(verifyElementPropertyValue(response, "data.product.down", myuff))): Verify element property value successfully

2020-02-14 09:52:28 - [MESSAGE][PASSED] - Verify element property value successfully

2020-02-14 09:52:28 - [TEST_STEP][PASSED] - else: null

2020-02-14 09:52:28 - [TEST_STEP][PASSED] - uffFail = "P": null

2020-02-14 09:52:28 - [TEST_STEP][PASSED] - jsonSlurper = new groovy.json.JsonSlurper(): null

2020-02-14 09:52:28 - [TEST_STEP][PASSED] - object = jsonSlurper.parseText(response.getResponseText()): null

2020-02-14 09:52:28 - [TEST_STEP][PASSED] - println(object): null

2020-02-14 09:52:28 - [TEST_STEP][PASSED] - mytest = plans: null

2020-02-14 09:52:28 - [TEST_STEP][PASSED] - variable = mytest: null

2020-02-14 09:52:28 - [MESSAGE][PASSED] - Verify response successfully

2020-02-14 09:52:28 - [MESSAGE][PASSED] - Send request and verify the response successfully

2020-02-14 09:52:28 - [TEST_STEP][PASSED] - setValueToCellByAddress(sheet01, "E" + mycount, variable): null

2020-02-14 09:52:28 - [TEST_STEP][PASSED] - saveWorkbook(excelFile01, workbook01): null]]></system-out>
         <system-err><![CDATA[]]></system-err>
      </testcase>
      <testcase name="Test Cases/Test_Beams_by_Zip_to_Excel" time="2.937" classname="Test Cases/Test_Beams_by_Zip_to_Excel" status="PASSED">
         <system-out><![CDATA[2020-02-14 09:52:28 - [TEST_CASE][PASSED] - Test Cases/Test_Beams_by_Zip_to_Excel: Test Cases/Test_Beams_by_Zip_to_Excel

2020-02-14 09:52:28 - [TEST_STEP][PASSED] - excelFile01 = "beams-test-results.xlsx": null

2020-02-14 09:52:28 - [TEST_STEP][PASSED] - ExpectedListSheetFile1 = ["Sheet1"]: null

2020-02-14 09:52:28 - [TEST_STEP][PASSED] - workbookFile01 = getWorkbook(excelFile01): null

2020-02-14 09:52:28 - [TEST_STEP][PASSED] - workbook01 = getWorkbook(excelFile01): null

2020-02-14 09:52:28 - [TEST_STEP][PASSED] - sheet01 = getExcelSheet(workbook01, "Sheet1"): null

2020-02-14 09:52:28 - [TEST_STEP][PASSED] - setValueToCellByAddress(sheet01, "A1", "TEST"): null

2020-02-14 09:52:28 - [TEST_STEP][PASSED] - setValueToCellByAddress(sheet01, "B1", "BEAM"): null

2020-02-14 09:52:28 - [TEST_STEP][PASSED] - setValueToCellByAddress(sheet01, "C1", "UFF"): null

2020-02-14 09:52:28 - [TEST_STEP][PASSED] - setValueToCellByAddress(sheet01, "D1", "PLAN"): null

2020-02-14 09:52:28 - [TEST_STEP][PASSED] - setValueToCellByAddress(sheet01, "E1", "API PLAN"): null

2020-02-14 09:52:28 - [TEST_STEP][PASSED] - mybeam = mybeam: null

2020-02-14 09:52:28 - [TEST_STEP][PASSED] - myuff = myuff: null

2020-02-14 09:52:28 - [TEST_STEP][PASSED] - myplan = myplan: null

2020-02-14 09:52:28 - [TEST_STEP][PASSED] - log = new com.kms.katalon.core.logging.KeywordLogger(): null

2020-02-14 09:52:28 - [TEST_STEP][PASSED] - log.logWarning("beam " + mybeam + " zip " + myzip + " upfront fees " + myuff + " plan " + myplan): beam 448 zip 04736 upfront fees 0 plan VS2 High Fill

2020-02-14 09:52:28 - [MESSAGE][WARNING] - beam 448 zip 04736 upfront fees 0 plan VS2 High Fill

2020-02-14 09:52:28 - [TEST_STEP][PASSED] - setValueToCellByAddress(sheet01, "B" + mycount, beamFail): null

2020-02-14 09:52:28 - [TEST_STEP][PASSED] - setValueToCellByAddress(sheet01, "C" + mycount, uffFail): null

2020-02-14 09:52:28 - [TEST_STEP][PASSED] - mycount = mycount + 1: null

2020-02-14 09:52:28 - [TEST_STEP][PASSED] - setValueToCellByAddress(sheet01, "A" + mycount, "beam " + mybeam + " zip " + myzip + " upfront fees " + myuff + " plan " + myplan): null

2020-02-14 09:52:28 - [TEST_STEP][PASSED] - setValueToCellByAddress(sheet01, "D" + mycount, myplan): null

2020-02-14 09:52:28 - [TEST_STEP][PASSED] - sendRequestAndVerify(findTestObject("Exede_Zip", ["myzip":myzip])): Send request and verify the response successfully

2020-02-14 09:52:31 - [MESSAGE][INFO] - HAR: /Users/jhampleman/jenkins-beam-tests-master/Reports/20200214_095028/RUN_Exede_Zip_Test/20200214_095028/requests/main/53.har

2020-02-14 09:52:31 - [TEST_CASE][PASSED] - Start Test Case : Verification: Verification accomplished successfully

2020-02-14 09:52:31 - [TEST_STEP][PASSED] - request = getInstance().getCurrentRequest(): null

2020-02-14 09:52:31 - [TEST_STEP][PASSED] - response = getInstance().getCurrentResponse(): null

2020-02-14 09:52:31 - [TEST_STEP][PASSED] - if (!(verifyElementPropertyValue(response, "data.beam", mybeam))): Verify element property value successfully

2020-02-14 09:52:31 - [MESSAGE][PASSED] - Verify element property value successfully

2020-02-14 09:52:31 - [TEST_STEP][PASSED] - else: null

2020-02-14 09:52:31 - [TEST_STEP][PASSED] - beamFail = "P": null

2020-02-14 09:52:31 - [TEST_STEP][PASSED] - if (!(verifyElementPropertyValue(response, "data.product.down", myuff))): Verify element property value successfully

2020-02-14 09:52:31 - [MESSAGE][PASSED] - Verify element property value successfully

2020-02-14 09:52:31 - [TEST_STEP][PASSED] - else: null

2020-02-14 09:52:31 - [TEST_STEP][PASSED] - uffFail = "P": null

2020-02-14 09:52:31 - [TEST_STEP][PASSED] - jsonSlurper = new groovy.json.JsonSlurper(): null

2020-02-14 09:52:31 - [TEST_STEP][PASSED] - object = jsonSlurper.parseText(response.getResponseText()): null

2020-02-14 09:52:31 - [TEST_STEP][PASSED] - println(object): null

2020-02-14 09:52:31 - [TEST_STEP][PASSED] - mytest = plans: null

2020-02-14 09:52:31 - [TEST_STEP][PASSED] - variable = mytest: null

2020-02-14 09:52:31 - [MESSAGE][PASSED] - Verify response successfully

2020-02-14 09:52:31 - [MESSAGE][PASSED] - Send request and verify the response successfully

2020-02-14 09:52:31 - [TEST_STEP][PASSED] - setValueToCellByAddress(sheet01, "E" + mycount, variable): null

2020-02-14 09:52:31 - [TEST_STEP][PASSED] - saveWorkbook(excelFile01, workbook01): null]]></system-out>
         <system-err><![CDATA[]]></system-err>
      </testcase>
      <testcase name="Test Cases/Test_Beams_by_Zip_to_Excel" time="1.939" classname="Test Cases/Test_Beams_by_Zip_to_Excel" status="PASSED">
         <system-out><![CDATA[2020-02-14 09:52:31 - [TEST_CASE][PASSED] - Test Cases/Test_Beams_by_Zip_to_Excel: Test Cases/Test_Beams_by_Zip_to_Excel

2020-02-14 09:52:31 - [TEST_STEP][PASSED] - excelFile01 = "beams-test-results.xlsx": null

2020-02-14 09:52:31 - [TEST_STEP][PASSED] - ExpectedListSheetFile1 = ["Sheet1"]: null

2020-02-14 09:52:31 - [TEST_STEP][PASSED] - workbookFile01 = getWorkbook(excelFile01): null

2020-02-14 09:52:31 - [TEST_STEP][PASSED] - workbook01 = getWorkbook(excelFile01): null

2020-02-14 09:52:31 - [TEST_STEP][PASSED] - sheet01 = getExcelSheet(workbook01, "Sheet1"): null

2020-02-14 09:52:31 - [TEST_STEP][PASSED] - setValueToCellByAddress(sheet01, "A1", "TEST"): null

2020-02-14 09:52:31 - [TEST_STEP][PASSED] - setValueToCellByAddress(sheet01, "B1", "BEAM"): null

2020-02-14 09:52:31 - [TEST_STEP][PASSED] - setValueToCellByAddress(sheet01, "C1", "UFF"): null

2020-02-14 09:52:31 - [TEST_STEP][PASSED] - setValueToCellByAddress(sheet01, "D1", "PLAN"): null

2020-02-14 09:52:31 - [TEST_STEP][PASSED] - setValueToCellByAddress(sheet01, "E1", "API PLAN"): null

2020-02-14 09:52:31 - [TEST_STEP][PASSED] - mybeam = mybeam: null

2020-02-14 09:52:31 - [TEST_STEP][PASSED] - myuff = myuff: null

2020-02-14 09:52:31 - [TEST_STEP][PASSED] - myplan = myplan: null

2020-02-14 09:52:31 - [TEST_STEP][PASSED] - log = new com.kms.katalon.core.logging.KeywordLogger(): null

2020-02-14 09:52:31 - [TEST_STEP][PASSED] - log.logWarning("beam " + mybeam + " zip " + myzip + " upfront fees " + myuff + " plan " + myplan): beam 457 zip 97850 upfront fees 0 plan VS2 High Fill

2020-02-14 09:52:31 - [MESSAGE][WARNING] - beam 457 zip 97850 upfront fees 0 plan VS2 High Fill

2020-02-14 09:52:31 - [TEST_STEP][PASSED] - setValueToCellByAddress(sheet01, "B" + mycount, beamFail): null

2020-02-14 09:52:31 - [TEST_STEP][PASSED] - setValueToCellByAddress(sheet01, "C" + mycount, uffFail): null

2020-02-14 09:52:31 - [TEST_STEP][PASSED] - mycount = mycount + 1: null

2020-02-14 09:52:31 - [TEST_STEP][PASSED] - setValueToCellByAddress(sheet01, "A" + mycount, "beam " + mybeam + " zip " + myzip + " upfront fees " + myuff + " plan " + myplan): null

2020-02-14 09:52:31 - [TEST_STEP][PASSED] - setValueToCellByAddress(sheet01, "D" + mycount, myplan): null

2020-02-14 09:52:31 - [TEST_STEP][PASSED] - sendRequestAndVerify(findTestObject("Exede_Zip", ["myzip":myzip])): Send request and verify the response successfully

2020-02-14 09:52:33 - [MESSAGE][INFO] - HAR: /Users/jhampleman/jenkins-beam-tests-master/Reports/20200214_095028/RUN_Exede_Zip_Test/20200214_095028/requests/main/54.har

2020-02-14 09:52:33 - [TEST_CASE][PASSED] - Start Test Case : Verification: Verification accomplished successfully

2020-02-14 09:52:33 - [TEST_STEP][PASSED] - request = getInstance().getCurrentRequest(): null

2020-02-14 09:52:33 - [TEST_STEP][PASSED] - response = getInstance().getCurrentResponse(): null

2020-02-14 09:52:33 - [TEST_STEP][PASSED] - if (!(verifyElementPropertyValue(response, "data.beam", mybeam))): Verify element property value successfully

2020-02-14 09:52:33 - [MESSAGE][PASSED] - Verify element property value successfully

2020-02-14 09:52:33 - [TEST_STEP][PASSED] - else: null

2020-02-14 09:52:33 - [TEST_STEP][PASSED] - beamFail = "P": null

2020-02-14 09:52:33 - [TEST_STEP][PASSED] - if (!(verifyElementPropertyValue(response, "data.product.down", myuff))): Verify element property value successfully

2020-02-14 09:52:33 - [MESSAGE][PASSED] - Verify element property value successfully

2020-02-14 09:52:33 - [TEST_STEP][PASSED] - else: null

2020-02-14 09:52:33 - [TEST_STEP][PASSED] - uffFail = "P": null

2020-02-14 09:52:33 - [TEST_STEP][PASSED] - jsonSlurper = new groovy.json.JsonSlurper(): null

2020-02-14 09:52:33 - [TEST_STEP][PASSED] - object = jsonSlurper.parseText(response.getResponseText()): null

2020-02-14 09:52:33 - [TEST_STEP][PASSED] - println(object): null

2020-02-14 09:52:33 - [TEST_STEP][PASSED] - mytest = plans: null

2020-02-14 09:52:33 - [TEST_STEP][PASSED] - variable = mytest: null

2020-02-14 09:52:33 - [MESSAGE][PASSED] - Verify response successfully

2020-02-14 09:52:33 - [MESSAGE][PASSED] - Send request and verify the response successfully

2020-02-14 09:52:33 - [TEST_STEP][PASSED] - setValueToCellByAddress(sheet01, "E" + mycount, variable): null

2020-02-14 09:52:33 - [TEST_STEP][PASSED] - saveWorkbook(excelFile01, workbook01): null]]></system-out>
         <system-err><![CDATA[]]></system-err>
      </testcase>
      <testcase name="Test Cases/Test_Beams_by_Zip_to_Excel" time="1.885" classname="Test Cases/Test_Beams_by_Zip_to_Excel" status="PASSED">
         <system-out><![CDATA[2020-02-14 09:52:33 - [TEST_CASE][PASSED] - Test Cases/Test_Beams_by_Zip_to_Excel: Test Cases/Test_Beams_by_Zip_to_Excel

2020-02-14 09:52:33 - [TEST_STEP][PASSED] - excelFile01 = "beams-test-results.xlsx": null

2020-02-14 09:52:33 - [TEST_STEP][PASSED] - ExpectedListSheetFile1 = ["Sheet1"]: null

2020-02-14 09:52:33 - [TEST_STEP][PASSED] - workbookFile01 = getWorkbook(excelFile01): null

2020-02-14 09:52:33 - [TEST_STEP][PASSED] - workbook01 = getWorkbook(excelFile01): null

2020-02-14 09:52:33 - [TEST_STEP][PASSED] - sheet01 = getExcelSheet(workbook01, "Sheet1"): null

2020-02-14 09:52:33 - [TEST_STEP][PASSED] - setValueToCellByAddress(sheet01, "A1", "TEST"): null

2020-02-14 09:52:33 - [TEST_STEP][PASSED] - setValueToCellByAddress(sheet01, "B1", "BEAM"): null

2020-02-14 09:52:33 - [TEST_STEP][PASSED] - setValueToCellByAddress(sheet01, "C1", "UFF"): null

2020-02-14 09:52:33 - [TEST_STEP][PASSED] - setValueToCellByAddress(sheet01, "D1", "PLAN"): null

2020-02-14 09:52:33 - [TEST_STEP][PASSED] - setValueToCellByAddress(sheet01, "E1", "API PLAN"): null

2020-02-14 09:52:33 - [TEST_STEP][PASSED] - mybeam = mybeam: null

2020-02-14 09:52:33 - [TEST_STEP][PASSED] - myuff = myuff: null

2020-02-14 09:52:33 - [TEST_STEP][PASSED] - myplan = myplan: null

2020-02-14 09:52:33 - [TEST_STEP][PASSED] - log = new com.kms.katalon.core.logging.KeywordLogger(): null

2020-02-14 09:52:33 - [TEST_STEP][PASSED] - log.logWarning("beam " + mybeam + " zip " + myzip + " upfront fees " + myuff + " plan " + myplan): beam 458 zip 59829 upfront fees 150 plan VS2 High Fill

2020-02-14 09:52:33 - [MESSAGE][WARNING] - beam 458 zip 59829 upfront fees 150 plan VS2 High Fill

2020-02-14 09:52:33 - [TEST_STEP][PASSED] - setValueToCellByAddress(sheet01, "B" + mycount, beamFail): null

2020-02-14 09:52:33 - [TEST_STEP][PASSED] - setValueToCellByAddress(sheet01, "C" + mycount, uffFail): null

2020-02-14 09:52:33 - [TEST_STEP][PASSED] - mycount = mycount + 1: null

2020-02-14 09:52:33 - [TEST_STEP][PASSED] - setValueToCellByAddress(sheet01, "A" + mycount, "beam " + mybeam + " zip " + myzip + " upfront fees " + myuff + " plan " + myplan): null

2020-02-14 09:52:33 - [TEST_STEP][PASSED] - setValueToCellByAddress(sheet01, "D" + mycount, myplan): null

2020-02-14 09:52:33 - [TEST_STEP][PASSED] - sendRequestAndVerify(findTestObject("Exede_Zip", ["myzip":myzip])): Send request and verify the response successfully

2020-02-14 09:52:35 - [MESSAGE][INFO] - HAR: /Users/jhampleman/jenkins-beam-tests-master/Reports/20200214_095028/RUN_Exede_Zip_Test/20200214_095028/requests/main/55.har

2020-02-14 09:52:35 - [TEST_CASE][PASSED] - Start Test Case : Verification: Verification accomplished successfully

2020-02-14 09:52:35 - [TEST_STEP][PASSED] - request = getInstance().getCurrentRequest(): null

2020-02-14 09:52:35 - [TEST_STEP][PASSED] - response = getInstance().getCurrentResponse(): null

2020-02-14 09:52:35 - [TEST_STEP][PASSED] - if (!(verifyElementPropertyValue(response, "data.beam", mybeam))): Verify element property value successfully

2020-02-14 09:52:35 - [MESSAGE][PASSED] - Verify element property value successfully

2020-02-14 09:52:35 - [TEST_STEP][PASSED] - else: null

2020-02-14 09:52:35 - [TEST_STEP][PASSED] - beamFail = "P": null

2020-02-14 09:52:35 - [TEST_STEP][PASSED] - if (!(verifyElementPropertyValue(response, "data.product.down", myuff))): Verify element property value successfully

2020-02-14 09:52:35 - [MESSAGE][PASSED] - Verify element property value successfully

2020-02-14 09:52:35 - [TEST_STEP][PASSED] - else: null

2020-02-14 09:52:35 - [TEST_STEP][PASSED] - uffFail = "P": null

2020-02-14 09:52:35 - [TEST_STEP][PASSED] - jsonSlurper = new groovy.json.JsonSlurper(): null

2020-02-14 09:52:35 - [TEST_STEP][PASSED] - object = jsonSlurper.parseText(response.getResponseText()): null

2020-02-14 09:52:35 - [TEST_STEP][PASSED] - println(object): null

2020-02-14 09:52:35 - [TEST_STEP][PASSED] - mytest = plans: null

2020-02-14 09:52:35 - [TEST_STEP][PASSED] - variable = mytest: null

2020-02-14 09:52:35 - [MESSAGE][PASSED] - Verify response successfully

2020-02-14 09:52:35 - [MESSAGE][PASSED] - Send request and verify the response successfully

2020-02-14 09:52:35 - [TEST_STEP][PASSED] - setValueToCellByAddress(sheet01, "E" + mycount, variable): null

2020-02-14 09:52:35 - [TEST_STEP][PASSED] - saveWorkbook(excelFile01, workbook01): null]]></system-out>
         <system-err><![CDATA[]]></system-err>
      </testcase>
      <testcase name="Test Cases/Test_Beams_by_Zip_to_Excel" time="1.983" classname="Test Cases/Test_Beams_by_Zip_to_Excel" status="FAILED">
         <failure type="FAILED" message="Test Cases/Test_Beams_by_Zip_to_Excel FAILED.
Reason:
com.kms.katalon.core.exception.StepFailedException: Expected element property value '459' is not equal with actual property value '153'
	at com.kms.katalon.core.keyword.internal.KeywordMain.stepFailed(KeywordMain.groovy:39)
	at com.kms.katalon.core.webservice.keyword.builtin.VerifyElementPropertyValueKeyword$_verifyElementPropertyValue_closure1.doCall(VerifyElementPropertyValueKeyword.groovy:56)
	at com.kms.katalon.core.webservice.keyword.builtin.VerifyElementPropertyValueKeyword$_verifyElementPropertyValue_closure1.call(VerifyElementPropertyValueKeyword.groovy)
	at com.kms.katalon.core.keyword.internal.KeywordMain.runKeyword(KeywordMain.groovy:68)
	at com.kms.katalon.core.webservice.keyword.builtin.VerifyElementPropertyValueKeyword.verifyElementPropertyValue(VerifyElementPropertyValueKeyword.groovy:48)
	at com.kms.katalon.core.webservice.keyword.builtin.VerifyElementPropertyValueKeyword.execute(VerifyElementPropertyValueKeyword.groovy:43)
	at com.kms.katalon.core.keyword.internal.KeywordExecutor.executeKeywordForPlatform(KeywordExecutor.groovy:72)
	at com.kms.katalon.core.webservice.keyword.WSBuiltInKeywords.verifyElementPropertyValue(WSBuiltInKeywords.groovy:189)
	at com.kms.katalon.core.webservice.keyword.WSBuiltInKeywords$verifyElementPropertyValue$0.call(Unknown Source)
	at WSVerification1581699157298.run(WSVerification1581699157298:16)
	at com.kms.katalon.core.main.ScriptEngine.run(ScriptEngine.java:194)
	at com.kms.katalon.core.main.ScriptEngine.runScriptAsRawText(ScriptEngine.java:119)
	at com.kms.katalon.core.main.WSVerificationExecutor.runScript(WSVerificationExecutor.java:146)
	at com.kms.katalon.core.main.WSVerificationExecutor.doExecute(WSVerificationExecutor.java:140)
	at com.kms.katalon.core.main.WSVerificationExecutor.processExecutionPhase(WSVerificationExecutor.java:123)
	at com.kms.katalon.core.main.WSVerificationExecutor.accessMainPhase(WSVerificationExecutor.java:115)
	at com.kms.katalon.core.main.WSVerificationExecutor.execute(WSVerificationExecutor.java:103)
	at com.kms.katalon.core.main.TestCaseMain.runWSVerificationScript(TestCaseMain.java:127)
	at com.kms.katalon.core.webservice.keyword.builtin.SendRequestAndVerifyKeyword$_sendRequestAndVerify_closure1.doCall(SendRequestAndVerifyKeyword.groovy:55)
	at com.kms.katalon.core.webservice.keyword.builtin.SendRequestAndVerifyKeyword$_sendRequestAndVerify_closure1.call(SendRequestAndVerifyKeyword.groovy)
	at com.kms.katalon.core.keyword.internal.KeywordMain.runKeyword(KeywordMain.groovy:68)
	at com.kms.katalon.core.webservice.keyword.builtin.SendRequestAndVerifyKeyword.sendRequestAndVerify(SendRequestAndVerifyKeyword.groovy:43)
	at com.kms.katalon.core.webservice.keyword.builtin.SendRequestAndVerifyKeyword.execute(SendRequestAndVerifyKeyword.groovy:38)
	at com.kms.katalon.core.keyword.internal.KeywordExecutor.executeKeywordForPlatform(KeywordExecutor.groovy:72)
	at com.kms.katalon.core.webservice.keyword.WSBuiltInKeywords.sendRequestAndVerify(WSBuiltInKeywords.groovy:65)
	at com.kms.katalon.core.webservice.keyword.WSBuiltInKeywords$sendRequestAndVerify.call(Unknown Source)
	at Test_Beams_by_Zip_to_Excel.run(Test_Beams_by_Zip_to_Excel:68)
	at com.kms.katalon.core.main.ScriptEngine.run(ScriptEngine.java:194)
	at com.kms.katalon.core.main.ScriptEngine.runScriptAsRawText(ScriptEngine.java:119)
	at com.kms.katalon.core.main.TestCaseExecutor.runScript(TestCaseExecutor.java:337)
	at com.kms.katalon.core.main.TestCaseExecutor.doExecute(TestCaseExecutor.java:328)
	at com.kms.katalon.core.main.TestCaseExecutor.processExecutionPhase(TestCaseExecutor.java:307)
	at com.kms.katalon.core.main.TestCaseExecutor.accessMainPhase(TestCaseExecutor.java:299)
	at com.kms.katalon.core.main.TestCaseExecutor.execute(TestCaseExecutor.java:233)
	at com.kms.katalon.core.main.TestSuiteExecutor.accessTestCaseMainPhase(TestSuiteExecutor.java:169)
	at com.kms.katalon.core.main.TestSuiteExecutor.accessTestSuiteMainPhase(TestSuiteExecutor.java:142)
	at com.kms.katalon.core.main.TestSuiteExecutor.execute(TestSuiteExecutor.java:91)
	at com.kms.katalon.core.main.TestCaseMain.startTestSuite(TestCaseMain.java:157)
	at com.kms.katalon.core.main.TestCaseMain$startTestSuite$0.call(Unknown Source)
	at TempTestSuite1581699028664.run(TempTestSuite1581699028664.groovy:36)
"/>
         <system-out><![CDATA[2020-02-14 09:52:35 - [TEST_CASE][FAILED] - Test Cases/Test_Beams_by_Zip_to_Excel: Test Cases/Test_Beams_by_Zip_to_Excel FAILED.
Reason:
com.kms.katalon.core.exception.StepFailedException: Expected element property value '459' is not equal with actual property value '153'
	at com.kms.katalon.core.keyword.internal.KeywordMain.stepFailed(KeywordMain.groovy:39)
	at com.kms.katalon.core.webservice.keyword.builtin.VerifyElementPropertyValueKeyword$_verifyElementPropertyValue_closure1.doCall(VerifyElementPropertyValueKeyword.groovy:56)
	at com.kms.katalon.core.webservice.keyword.builtin.VerifyElementPropertyValueKeyword$_verifyElementPropertyValue_closure1.call(VerifyElementPropertyValueKeyword.groovy)
	at com.kms.katalon.core.keyword.internal.KeywordMain.runKeyword(KeywordMain.groovy:68)
	at com.kms.katalon.core.webservice.keyword.builtin.VerifyElementPropertyValueKeyword.verifyElementPropertyValue(VerifyElementPropertyValueKeyword.groovy:48)
	at com.kms.katalon.core.webservice.keyword.builtin.VerifyElementPropertyValueKeyword.execute(VerifyElementPropertyValueKeyword.groovy:43)
	at com.kms.katalon.core.keyword.internal.KeywordExecutor.executeKeywordForPlatform(KeywordExecutor.groovy:72)
	at com.kms.katalon.core.webservice.keyword.WSBuiltInKeywords.verifyElementPropertyValue(WSBuiltInKeywords.groovy:189)
	at com.kms.katalon.core.webservice.keyword.WSBuiltInKeywords$verifyElementPropertyValue$0.call(Unknown Source)
	at WSVerification1581699157298.run(WSVerification1581699157298:16)
	at com.kms.katalon.core.main.ScriptEngine.run(ScriptEngine.java:194)
	at com.kms.katalon.core.main.ScriptEngine.runScriptAsRawText(ScriptEngine.java:119)
	at com.kms.katalon.core.main.WSVerificationExecutor.runScript(WSVerificationExecutor.java:146)
	at com.kms.katalon.core.main.WSVerificationExecutor.doExecute(WSVerificationExecutor.java:140)
	at com.kms.katalon.core.main.WSVerificationExecutor.processExecutionPhase(WSVerificationExecutor.java:123)
	at com.kms.katalon.core.main.WSVerificationExecutor.accessMainPhase(WSVerificationExecutor.java:115)
	at com.kms.katalon.core.main.WSVerificationExecutor.execute(WSVerificationExecutor.java:103)
	at com.kms.katalon.core.main.TestCaseMain.runWSVerificationScript(TestCaseMain.java:127)
	at com.kms.katalon.core.webservice.keyword.builtin.SendRequestAndVerifyKeyword$_sendRequestAndVerify_closure1.doCall(SendRequestAndVerifyKeyword.groovy:55)
	at com.kms.katalon.core.webservice.keyword.builtin.SendRequestAndVerifyKeyword$_sendRequestAndVerify_closure1.call(SendRequestAndVerifyKeyword.groovy)
	at com.kms.katalon.core.keyword.internal.KeywordMain.runKeyword(KeywordMain.groovy:68)
	at com.kms.katalon.core.webservice.keyword.builtin.SendRequestAndVerifyKeyword.sendRequestAndVerify(SendRequestAndVerifyKeyword.groovy:43)
	at com.kms.katalon.core.webservice.keyword.builtin.SendRequestAndVerifyKeyword.execute(SendRequestAndVerifyKeyword.groovy:38)
	at com.kms.katalon.core.keyword.internal.KeywordExecutor.executeKeywordForPlatform(KeywordExecutor.groovy:72)
	at com.kms.katalon.core.webservice.keyword.WSBuiltInKeywords.sendRequestAndVerify(WSBuiltInKeywords.groovy:65)
	at com.kms.katalon.core.webservice.keyword.WSBuiltInKeywords$sendRequestAndVerify.call(Unknown Source)
	at Test_Beams_by_Zip_to_Excel.run(Test_Beams_by_Zip_to_Excel:68)
	at com.kms.katalon.core.main.ScriptEngine.run(ScriptEngine.java:194)
	at com.kms.katalon.core.main.ScriptEngine.runScriptAsRawText(ScriptEngine.java:119)
	at com.kms.katalon.core.main.TestCaseExecutor.runScript(TestCaseExecutor.java:337)
	at com.kms.katalon.core.main.TestCaseExecutor.doExecute(TestCaseExecutor.java:328)
	at com.kms.katalon.core.main.TestCaseExecutor.processExecutionPhase(TestCaseExecutor.java:307)
	at com.kms.katalon.core.main.TestCaseExecutor.accessMainPhase(TestCaseExecutor.java:299)
	at com.kms.katalon.core.main.TestCaseExecutor.execute(TestCaseExecutor.java:233)
	at com.kms.katalon.core.main.TestSuiteExecutor.accessTestCaseMainPhase(TestSuiteExecutor.java:169)
	at com.kms.katalon.core.main.TestSuiteExecutor.accessTestSuiteMainPhase(TestSuiteExecutor.java:142)
	at com.kms.katalon.core.main.TestSuiteExecutor.execute(TestSuiteExecutor.java:91)
	at com.kms.katalon.core.main.TestCaseMain.startTestSuite(TestCaseMain.java:157)
	at com.kms.katalon.core.main.TestCaseMain$startTestSuite$0.call(Unknown Source)
	at TempTestSuite1581699028664.run(TempTestSuite1581699028664.groovy:36)


2020-02-14 09:52:35 - [TEST_STEP][PASSED] - excelFile01 = "beams-test-results.xlsx": null

2020-02-14 09:52:35 - [TEST_STEP][PASSED] - ExpectedListSheetFile1 = ["Sheet1"]: null

2020-02-14 09:52:35 - [TEST_STEP][PASSED] - workbookFile01 = getWorkbook(excelFile01): null

2020-02-14 09:52:35 - [TEST_STEP][PASSED] - workbook01 = getWorkbook(excelFile01): null

2020-02-14 09:52:35 - [TEST_STEP][PASSED] - sheet01 = getExcelSheet(workbook01, "Sheet1"): null

2020-02-14 09:52:35 - [TEST_STEP][PASSED] - setValueToCellByAddress(sheet01, "A1", "TEST"): null

2020-02-14 09:52:35 - [TEST_STEP][PASSED] - setValueToCellByAddress(sheet01, "B1", "BEAM"): null

2020-02-14 09:52:35 - [TEST_STEP][PASSED] - setValueToCellByAddress(sheet01, "C1", "UFF"): null

2020-02-14 09:52:35 - [TEST_STEP][PASSED] - setValueToCellByAddress(sheet01, "D1", "PLAN"): null

2020-02-14 09:52:35 - [TEST_STEP][PASSED] - setValueToCellByAddress(sheet01, "E1", "API PLAN"): null

2020-02-14 09:52:35 - [TEST_STEP][PASSED] - mybeam = mybeam: null

2020-02-14 09:52:35 - [TEST_STEP][PASSED] - myuff = myuff: null

2020-02-14 09:52:35 - [TEST_STEP][PASSED] - myplan = myplan: null

2020-02-14 09:52:35 - [TEST_STEP][PASSED] - log = new com.kms.katalon.core.logging.KeywordLogger(): null

2020-02-14 09:52:35 - [TEST_STEP][PASSED] - log.logWarning("beam " + mybeam + " zip " + myzip + " upfront fees " + myuff + " plan " + myplan): beam 459 zip 59101 upfront fees 150 plan VS2 High Fill

2020-02-14 09:52:35 - [MESSAGE][WARNING] - beam 459 zip 59101 upfront fees 150 plan VS2 High Fill

2020-02-14 09:52:35 - [TEST_STEP][PASSED] - setValueToCellByAddress(sheet01, "B" + mycount, beamFail): null

2020-02-14 09:52:35 - [TEST_STEP][PASSED] - setValueToCellByAddress(sheet01, "C" + mycount, uffFail): null

2020-02-14 09:52:35 - [TEST_STEP][PASSED] - mycount = mycount + 1: null

2020-02-14 09:52:35 - [TEST_STEP][PASSED] - setValueToCellByAddress(sheet01, "A" + mycount, "beam " + mybeam + " zip " + myzip + " upfront fees " + myuff + " plan " + myplan): null

2020-02-14 09:52:35 - [TEST_STEP][PASSED] - setValueToCellByAddress(sheet01, "D" + mycount, myplan): null

2020-02-14 09:52:35 - [TEST_STEP][FAILED] - sendRequestAndVerify(findTestObject("Exede_Zip", ["myzip":myzip])): Unable to send request and verify the response (Root cause: com.kms.katalon.core.exception.StepFailedException: Verification failed
	at com.kms.katalon.core.webservice.keyword.builtin.SendRequestAndVerifyKeyword$_sendRequestAndVerify_closure1.doCall(SendRequestAndVerifyKeyword.groovy:59)
	at com.kms.katalon.core.webservice.keyword.builtin.SendRequestAndVerifyKeyword$_sendRequestAndVerify_closure1.call(SendRequestAndVerifyKeyword.groovy)
	at com.kms.katalon.core.keyword.internal.KeywordMain.runKeyword(KeywordMain.groovy:68)
	at com.kms.katalon.core.webservice.keyword.builtin.SendRequestAndVerifyKeyword.sendRequestAndVerify(SendRequestAndVerifyKeyword.groovy:43)
	at com.kms.katalon.core.webservice.keyword.builtin.SendRequestAndVerifyKeyword.execute(SendRequestAndVerifyKeyword.groovy:38)
	at com.kms.katalon.core.keyword.internal.KeywordExecutor.executeKeywordForPlatform(KeywordExecutor.groovy:72)
	at com.kms.katalon.core.webservice.keyword.WSBuiltInKeywords.sendRequestAndVerify(WSBuiltInKeywords.groovy:65)
	at com.kms.katalon.core.webservice.keyword.WSBuiltInKeywords$sendRequestAndVerify.call(Unknown Source)
	at Test_Beams_by_Zip_to_Excel.run(Test_Beams_by_Zip_to_Excel:68)
	at com.kms.katalon.core.main.ScriptEngine.run(ScriptEngine.java:194)
	at com.kms.katalon.core.main.ScriptEngine.runScriptAsRawText(ScriptEngine.java:119)
	at com.kms.katalon.core.main.TestCaseExecutor.runScript(TestCaseExecutor.java:337)
	at com.kms.katalon.core.main.TestCaseExecutor.doExecute(TestCaseExecutor.java:328)
	at com.kms.katalon.core.main.TestCaseExecutor.processExecutionPhase(TestCaseExecutor.java:307)
	at com.kms.katalon.core.main.TestCaseExecutor.accessMainPhase(TestCaseExecutor.java:299)
	at com.kms.katalon.core.main.TestCaseExecutor.execute(TestCaseExecutor.java:233)
	at com.kms.katalon.core.main.TestSuiteExecutor.accessTestCaseMainPhase(TestSuiteExecutor.java:169)
	at com.kms.katalon.core.main.TestSuiteExecutor.accessTestSuiteMainPhase(TestSuiteExecutor.java:142)
	at com.kms.katalon.core.main.TestSuiteExecutor.execute(TestSuiteExecutor.java:91)
	at com.kms.katalon.core.main.TestCaseMain.startTestSuite(TestCaseMain.java:157)
	at com.kms.katalon.core.main.TestCaseMain$startTestSuite$0.call(Unknown Source)
	at TempTestSuite1581699028664.run(TempTestSuite1581699028664.groovy:36)
)

2020-02-14 09:52:37 - [MESSAGE][INFO] - HAR: /Users/jhampleman/jenkins-beam-tests-master/Reports/20200214_095028/RUN_Exede_Zip_Test/20200214_095028/requests/main/56.har

2020-02-14 09:52:37 - [TEST_CASE][FAILED] - Start Test Case : Verification: Verification FAILED.
Reason:
com.kms.katalon.core.exception.StepFailedException: Expected element property value '459' is not equal with actual property value '153'
	at com.kms.katalon.core.keyword.internal.KeywordMain.stepFailed(KeywordMain.groovy:39)
	at com.kms.katalon.core.webservice.keyword.builtin.VerifyElementPropertyValueKeyword$_verifyElementPropertyValue_closure1.doCall(VerifyElementPropertyValueKeyword.groovy:56)
	at com.kms.katalon.core.webservice.keyword.builtin.VerifyElementPropertyValueKeyword$_verifyElementPropertyValue_closure1.call(VerifyElementPropertyValueKeyword.groovy)
	at com.kms.katalon.core.keyword.internal.KeywordMain.runKeyword(KeywordMain.groovy:68)
	at com.kms.katalon.core.webservice.keyword.builtin.VerifyElementPropertyValueKeyword.verifyElementPropertyValue(VerifyElementPropertyValueKeyword.groovy:48)
	at com.kms.katalon.core.webservice.keyword.builtin.VerifyElementPropertyValueKeyword.execute(VerifyElementPropertyValueKeyword.groovy:43)
	at com.kms.katalon.core.keyword.internal.KeywordExecutor.executeKeywordForPlatform(KeywordExecutor.groovy:72)
	at com.kms.katalon.core.webservice.keyword.WSBuiltInKeywords.verifyElementPropertyValue(WSBuiltInKeywords.groovy:189)
	at com.kms.katalon.core.webservice.keyword.WSBuiltInKeywords$verifyElementPropertyValue$0.call(Unknown Source)
	at WSVerification1581699157298.run(WSVerification1581699157298:16)
	at com.kms.katalon.core.main.ScriptEngine.run(ScriptEngine.java:194)
	at com.kms.katalon.core.main.ScriptEngine.runScriptAsRawText(ScriptEngine.java:119)
	at com.kms.katalon.core.main.WSVerificationExecutor.runScript(WSVerificationExecutor.java:146)
	at com.kms.katalon.core.main.WSVerificationExecutor.doExecute(WSVerificationExecutor.java:140)
	at com.kms.katalon.core.main.WSVerificationExecutor.processExecutionPhase(WSVerificationExecutor.java:123)
	at com.kms.katalon.core.main.WSVerificationExecutor.accessMainPhase(WSVerificationExecutor.java:115)
	at com.kms.katalon.core.main.WSVerificationExecutor.execute(WSVerificationExecutor.java:103)
	at com.kms.katalon.core.main.TestCaseMain.runWSVerificationScript(TestCaseMain.java:127)
	at com.kms.katalon.core.webservice.keyword.builtin.SendRequestAndVerifyKeyword$_sendRequestAndVerify_closure1.doCall(SendRequestAndVerifyKeyword.groovy:55)
	at com.kms.katalon.core.webservice.keyword.builtin.SendRequestAndVerifyKeyword$_sendRequestAndVerify_closure1.call(SendRequestAndVerifyKeyword.groovy)
	at com.kms.katalon.core.keyword.internal.KeywordMain.runKeyword(KeywordMain.groovy:68)
	at com.kms.katalon.core.webservice.keyword.builtin.SendRequestAndVerifyKeyword.sendRequestAndVerify(SendRequestAndVerifyKeyword.groovy:43)
	at com.kms.katalon.core.webservice.keyword.builtin.SendRequestAndVerifyKeyword.execute(SendRequestAndVerifyKeyword.groovy:38)
	at com.kms.katalon.core.keyword.internal.KeywordExecutor.executeKeywordForPlatform(KeywordExecutor.groovy:72)
	at com.kms.katalon.core.webservice.keyword.WSBuiltInKeywords.sendRequestAndVerify(WSBuiltInKeywords.groovy:65)
	at com.kms.katalon.core.webservice.keyword.WSBuiltInKeywords$sendRequestAndVerify.call(Unknown Source)
	at Test_Beams_by_Zip_to_Excel.run(Test_Beams_by_Zip_to_Excel:68)
	at com.kms.katalon.core.main.ScriptEngine.run(ScriptEngine.java:194)
	at com.kms.katalon.core.main.ScriptEngine.runScriptAsRawText(ScriptEngine.java:119)
	at com.kms.katalon.core.main.TestCaseExecutor.runScript(TestCaseExecutor.java:337)
	at com.kms.katalon.core.main.TestCaseExecutor.doExecute(TestCaseExecutor.java:328)
	at com.kms.katalon.core.main.TestCaseExecutor.processExecutionPhase(TestCaseExecutor.java:307)
	at com.kms.katalon.core.main.TestCaseExecutor.accessMainPhase(TestCaseExecutor.java:299)
	at com.kms.katalon.core.main.TestCaseExecutor.execute(TestCaseExecutor.java:233)
	at com.kms.katalon.core.main.TestSuiteExecutor.accessTestCaseMainPhase(TestSuiteExecutor.java:169)
	at com.kms.katalon.core.main.TestSuiteExecutor.accessTestSuiteMainPhase(TestSuiteExecutor.java:142)
	at com.kms.katalon.core.main.TestSuiteExecutor.execute(TestSuiteExecutor.java:91)
	at com.kms.katalon.core.main.TestCaseMain.startTestSuite(TestCaseMain.java:157)
	at com.kms.katalon.core.main.TestCaseMain$startTestSuite$0.call(Unknown Source)
	at TempTestSuite1581699028664.run(TempTestSuite1581699028664.groovy:36)


2020-02-14 09:52:37 - [TEST_STEP][PASSED] - request = getInstance().getCurrentRequest(): null

2020-02-14 09:52:37 - [TEST_STEP][PASSED] - response = getInstance().getCurrentResponse(): null

2020-02-14 09:52:37 - [TEST_STEP][FAILED] - if (!(verifyElementPropertyValue(response, "data.beam", mybeam))): null

2020-02-14 09:52:37 - [MESSAGE][FAILED] - Expected element property value '459' is not equal with actual property value '153'

2020-02-14 09:52:37 - [TEST_STEP][PASSED] - beamFail = "F": null

2020-02-14 09:52:37 - [TEST_STEP][FAILED] - if (!(verifyElementPropertyValue(response, "data.product.down", myuff))): null

2020-02-14 09:52:37 - [MESSAGE][FAILED] - Expected element property value '150' is not equal with actual property value '0'

2020-02-14 09:52:37 - [TEST_STEP][PASSED] - uffFail = "F": null

2020-02-14 09:52:37 - [TEST_STEP][PASSED] - jsonSlurper = new groovy.json.JsonSlurper(): null

2020-02-14 09:52:37 - [TEST_STEP][PASSED] - object = jsonSlurper.parseText(response.getResponseText()): null

2020-02-14 09:52:37 - [TEST_STEP][PASSED] - println(object): null

2020-02-14 09:52:37 - [TEST_STEP][PASSED] - mytest = plans: null

2020-02-14 09:52:37 - [TEST_STEP][PASSED] - variable = mytest: null

2020-02-14 09:52:37 - [MESSAGE][FAILED] - Unable to send request and verify the response (Root cause: com.kms.katalon.core.exception.StepFailedException: Verification failed
	at com.kms.katalon.core.webservice.keyword.builtin.SendRequestAndVerifyKeyword$_sendRequestAndVerify_closure1.doCall(SendRequestAndVerifyKeyword.groovy:59)
	at com.kms.katalon.core.webservice.keyword.builtin.SendRequestAndVerifyKeyword$_sendRequestAndVerify_closure1.call(SendRequestAndVerifyKeyword.groovy)
	at com.kms.katalon.core.keyword.internal.KeywordMain.runKeyword(KeywordMain.groovy:68)
	at com.kms.katalon.core.webservice.keyword.builtin.SendRequestAndVerifyKeyword.sendRequestAndVerify(SendRequestAndVerifyKeyword.groovy:43)
	at com.kms.katalon.core.webservice.keyword.builtin.SendRequestAndVerifyKeyword.execute(SendRequestAndVerifyKeyword.groovy:38)
	at com.kms.katalon.core.keyword.internal.KeywordExecutor.executeKeywordForPlatform(KeywordExecutor.groovy:72)
	at com.kms.katalon.core.webservice.keyword.WSBuiltInKeywords.sendRequestAndVerify(WSBuiltInKeywords.groovy:65)
	at com.kms.katalon.core.webservice.keyword.WSBuiltInKeywords$sendRequestAndVerify.call(Unknown Source)
	at Test_Beams_by_Zip_to_Excel.run(Test_Beams_by_Zip_to_Excel:68)
	at com.kms.katalon.core.main.ScriptEngine.run(ScriptEngine.java:194)
	at com.kms.katalon.core.main.ScriptEngine.runScriptAsRawText(ScriptEngine.java:119)
	at com.kms.katalon.core.main.TestCaseExecutor.runScript(TestCaseExecutor.java:337)
	at com.kms.katalon.core.main.TestCaseExecutor.doExecute(TestCaseExecutor.java:328)
	at com.kms.katalon.core.main.TestCaseExecutor.processExecutionPhase(TestCaseExecutor.java:307)
	at com.kms.katalon.core.main.TestCaseExecutor.accessMainPhase(TestCaseExecutor.java:299)
	at com.kms.katalon.core.main.TestCaseExecutor.execute(TestCaseExecutor.java:233)
	at com.kms.katalon.core.main.TestSuiteExecutor.accessTestCaseMainPhase(TestSuiteExecutor.java:169)
	at com.kms.katalon.core.main.TestSuiteExecutor.accessTestSuiteMainPhase(TestSuiteExecutor.java:142)
	at com.kms.katalon.core.main.TestSuiteExecutor.execute(TestSuiteExecutor.java:91)
	at com.kms.katalon.core.main.TestCaseMain.startTestSuite(TestCaseMain.java:157)
	at com.kms.katalon.core.main.TestCaseMain$startTestSuite$0.call(Unknown Source)
	at TempTestSuite1581699028664.run(TempTestSuite1581699028664.groovy:36)
)

2020-02-14 09:52:37 - [TEST_STEP][PASSED] - setValueToCellByAddress(sheet01, "E" + mycount, variable): null

2020-02-14 09:52:37 - [TEST_STEP][PASSED] - saveWorkbook(excelFile01, workbook01): null]]></system-out>
         <system-err><![CDATA[2020-02-14 09:52:35 - [TEST_CASE][FAILED] - Test Cases/Test_Beams_by_Zip_to_Excel: Test Cases/Test_Beams_by_Zip_to_Excel FAILED.
Reason:
com.kms.katalon.core.exception.StepFailedException: Expected element property value '459' is not equal with actual property value '153'
	at com.kms.katalon.core.keyword.internal.KeywordMain.stepFailed(KeywordMain.groovy:39)
	at com.kms.katalon.core.webservice.keyword.builtin.VerifyElementPropertyValueKeyword$_verifyElementPropertyValue_closure1.doCall(VerifyElementPropertyValueKeyword.groovy:56)
	at com.kms.katalon.core.webservice.keyword.builtin.VerifyElementPropertyValueKeyword$_verifyElementPropertyValue_closure1.call(VerifyElementPropertyValueKeyword.groovy)
	at com.kms.katalon.core.keyword.internal.KeywordMain.runKeyword(KeywordMain.groovy:68)
	at com.kms.katalon.core.webservice.keyword.builtin.VerifyElementPropertyValueKeyword.verifyElementPropertyValue(VerifyElementPropertyValueKeyword.groovy:48)
	at com.kms.katalon.core.webservice.keyword.builtin.VerifyElementPropertyValueKeyword.execute(VerifyElementPropertyValueKeyword.groovy:43)
	at com.kms.katalon.core.keyword.internal.KeywordExecutor.executeKeywordForPlatform(KeywordExecutor.groovy:72)
	at com.kms.katalon.core.webservice.keyword.WSBuiltInKeywords.verifyElementPropertyValue(WSBuiltInKeywords.groovy:189)
	at com.kms.katalon.core.webservice.keyword.WSBuiltInKeywords$verifyElementPropertyValue$0.call(Unknown Source)
	at WSVerification1581699157298.run(WSVerification1581699157298:16)
	at com.kms.katalon.core.main.ScriptEngine.run(ScriptEngine.java:194)
	at com.kms.katalon.core.main.ScriptEngine.runScriptAsRawText(ScriptEngine.java:119)
	at com.kms.katalon.core.main.WSVerificationExecutor.runScript(WSVerificationExecutor.java:146)
	at com.kms.katalon.core.main.WSVerificationExecutor.doExecute(WSVerificationExecutor.java:140)
	at com.kms.katalon.core.main.WSVerificationExecutor.processExecutionPhase(WSVerificationExecutor.java:123)
	at com.kms.katalon.core.main.WSVerificationExecutor.accessMainPhase(WSVerificationExecutor.java:115)
	at com.kms.katalon.core.main.WSVerificationExecutor.execute(WSVerificationExecutor.java:103)
	at com.kms.katalon.core.main.TestCaseMain.runWSVerificationScript(TestCaseMain.java:127)
	at com.kms.katalon.core.webservice.keyword.builtin.SendRequestAndVerifyKeyword$_sendRequestAndVerify_closure1.doCall(SendRequestAndVerifyKeyword.groovy:55)
	at com.kms.katalon.core.webservice.keyword.builtin.SendRequestAndVerifyKeyword$_sendRequestAndVerify_closure1.call(SendRequestAndVerifyKeyword.groovy)
	at com.kms.katalon.core.keyword.internal.KeywordMain.runKeyword(KeywordMain.groovy:68)
	at com.kms.katalon.core.webservice.keyword.builtin.SendRequestAndVerifyKeyword.sendRequestAndVerify(SendRequestAndVerifyKeyword.groovy:43)
	at com.kms.katalon.core.webservice.keyword.builtin.SendRequestAndVerifyKeyword.execute(SendRequestAndVerifyKeyword.groovy:38)
	at com.kms.katalon.core.keyword.internal.KeywordExecutor.executeKeywordForPlatform(KeywordExecutor.groovy:72)
	at com.kms.katalon.core.webservice.keyword.WSBuiltInKeywords.sendRequestAndVerify(WSBuiltInKeywords.groovy:65)
	at com.kms.katalon.core.webservice.keyword.WSBuiltInKeywords$sendRequestAndVerify.call(Unknown Source)
	at Test_Beams_by_Zip_to_Excel.run(Test_Beams_by_Zip_to_Excel:68)
	at com.kms.katalon.core.main.ScriptEngine.run(ScriptEngine.java:194)
	at com.kms.katalon.core.main.ScriptEngine.runScriptAsRawText(ScriptEngine.java:119)
	at com.kms.katalon.core.main.TestCaseExecutor.runScript(TestCaseExecutor.java:337)
	at com.kms.katalon.core.main.TestCaseExecutor.doExecute(TestCaseExecutor.java:328)
	at com.kms.katalon.core.main.TestCaseExecutor.processExecutionPhase(TestCaseExecutor.java:307)
	at com.kms.katalon.core.main.TestCaseExecutor.accessMainPhase(TestCaseExecutor.java:299)
	at com.kms.katalon.core.main.TestCaseExecutor.execute(TestCaseExecutor.java:233)
	at com.kms.katalon.core.main.TestSuiteExecutor.accessTestCaseMainPhase(TestSuiteExecutor.java:169)
	at com.kms.katalon.core.main.TestSuiteExecutor.accessTestSuiteMainPhase(TestSuiteExecutor.java:142)
	at com.kms.katalon.core.main.TestSuiteExecutor.execute(TestSuiteExecutor.java:91)
	at com.kms.katalon.core.main.TestCaseMain.startTestSuite(TestCaseMain.java:157)
	at com.kms.katalon.core.main.TestCaseMain$startTestSuite$0.call(Unknown Source)
	at TempTestSuite1581699028664.run(TempTestSuite1581699028664.groovy:36)]]></system-err>
      </testcase>
      <testcase name="Test Cases/Test_Beams_by_Zip_to_Excel" time="2.03" classname="Test Cases/Test_Beams_by_Zip_to_Excel" status="PASSED">
         <system-out><![CDATA[2020-02-14 09:52:37 - [TEST_CASE][PASSED] - Test Cases/Test_Beams_by_Zip_to_Excel: Test Cases/Test_Beams_by_Zip_to_Excel

2020-02-14 09:52:37 - [TEST_STEP][PASSED] - excelFile01 = "beams-test-results.xlsx": null

2020-02-14 09:52:37 - [TEST_STEP][PASSED] - ExpectedListSheetFile1 = ["Sheet1"]: null

2020-02-14 09:52:37 - [TEST_STEP][PASSED] - workbookFile01 = getWorkbook(excelFile01): null

2020-02-14 09:52:37 - [TEST_STEP][PASSED] - workbook01 = getWorkbook(excelFile01): null

2020-02-14 09:52:37 - [TEST_STEP][PASSED] - sheet01 = getExcelSheet(workbook01, "Sheet1"): null

2020-02-14 09:52:37 - [TEST_STEP][PASSED] - setValueToCellByAddress(sheet01, "A1", "TEST"): null

2020-02-14 09:52:37 - [TEST_STEP][PASSED] - setValueToCellByAddress(sheet01, "B1", "BEAM"): null

2020-02-14 09:52:37 - [TEST_STEP][PASSED] - setValueToCellByAddress(sheet01, "C1", "UFF"): null

2020-02-14 09:52:37 - [TEST_STEP][PASSED] - setValueToCellByAddress(sheet01, "D1", "PLAN"): null

2020-02-14 09:52:37 - [TEST_STEP][PASSED] - setValueToCellByAddress(sheet01, "E1", "API PLAN"): null

2020-02-14 09:52:37 - [TEST_STEP][PASSED] - mybeam = mybeam: null

2020-02-14 09:52:37 - [TEST_STEP][PASSED] - myuff = myuff: null

2020-02-14 09:52:37 - [TEST_STEP][PASSED] - myplan = myplan: null

2020-02-14 09:52:37 - [TEST_STEP][PASSED] - log = new com.kms.katalon.core.logging.KeywordLogger(): null

2020-02-14 09:52:37 - [TEST_STEP][PASSED] - log.logWarning("beam " + mybeam + " zip " + myzip + " upfront fees " + myuff + " plan " + myplan): beam 153 zip 59101 upfront fees 0 plan Augmented Standard Plan

2020-02-14 09:52:37 - [MESSAGE][WARNING] - beam 153 zip 59101 upfront fees 0 plan Augmented Standard Plan

2020-02-14 09:52:37 - [TEST_STEP][PASSED] - setValueToCellByAddress(sheet01, "B" + mycount, beamFail): null

2020-02-14 09:52:37 - [TEST_STEP][PASSED] - setValueToCellByAddress(sheet01, "C" + mycount, uffFail): null

2020-02-14 09:52:37 - [TEST_STEP][PASSED] - mycount = mycount + 1: null

2020-02-14 09:52:37 - [TEST_STEP][PASSED] - setValueToCellByAddress(sheet01, "A" + mycount, "beam " + mybeam + " zip " + myzip + " upfront fees " + myuff + " plan " + myplan): null

2020-02-14 09:52:37 - [TEST_STEP][PASSED] - setValueToCellByAddress(sheet01, "D" + mycount, myplan): null

2020-02-14 09:52:37 - [TEST_STEP][PASSED] - sendRequestAndVerify(findTestObject("Exede_Zip", ["myzip":myzip])): Send request and verify the response successfully

2020-02-14 09:52:39 - [MESSAGE][INFO] - HAR: /Users/jhampleman/jenkins-beam-tests-master/Reports/20200214_095028/RUN_Exede_Zip_Test/20200214_095028/requests/main/57.har

2020-02-14 09:52:39 - [TEST_CASE][PASSED] - Start Test Case : Verification: Verification accomplished successfully

2020-02-14 09:52:39 - [TEST_STEP][PASSED] - request = getInstance().getCurrentRequest(): null

2020-02-14 09:52:39 - [TEST_STEP][PASSED] - response = getInstance().getCurrentResponse(): null

2020-02-14 09:52:39 - [TEST_STEP][PASSED] - if (!(verifyElementPropertyValue(response, "data.beam", mybeam))): Verify element property value successfully

2020-02-14 09:52:39 - [MESSAGE][PASSED] - Verify element property value successfully

2020-02-14 09:52:39 - [TEST_STEP][PASSED] - else: null

2020-02-14 09:52:39 - [TEST_STEP][PASSED] - beamFail = "P": null

2020-02-14 09:52:39 - [TEST_STEP][PASSED] - if (!(verifyElementPropertyValue(response, "data.product.down", myuff))): Verify element property value successfully

2020-02-14 09:52:39 - [MESSAGE][PASSED] - Verify element property value successfully

2020-02-14 09:52:39 - [TEST_STEP][PASSED] - else: null

2020-02-14 09:52:39 - [TEST_STEP][PASSED] - uffFail = "P": null

2020-02-14 09:52:39 - [TEST_STEP][PASSED] - jsonSlurper = new groovy.json.JsonSlurper(): null

2020-02-14 09:52:39 - [TEST_STEP][PASSED] - object = jsonSlurper.parseText(response.getResponseText()): null

2020-02-14 09:52:39 - [TEST_STEP][PASSED] - println(object): null

2020-02-14 09:52:39 - [TEST_STEP][PASSED] - mytest = plans: null

2020-02-14 09:52:39 - [TEST_STEP][PASSED] - variable = mytest: null

2020-02-14 09:52:39 - [MESSAGE][PASSED] - Verify response successfully

2020-02-14 09:52:39 - [MESSAGE][PASSED] - Send request and verify the response successfully

2020-02-14 09:52:39 - [TEST_STEP][PASSED] - setValueToCellByAddress(sheet01, "E" + mycount, variable): null

2020-02-14 09:52:39 - [TEST_STEP][PASSED] - saveWorkbook(excelFile01, workbook01): null]]></system-out>
         <system-err><![CDATA[]]></system-err>
      </testcase>
      <testcase name="Test Cases/Test_Beams_by_Zip_to_Excel" time="2.027" classname="Test Cases/Test_Beams_by_Zip_to_Excel" status="PASSED">
         <system-out><![CDATA[2020-02-14 09:52:39 - [TEST_CASE][PASSED] - Test Cases/Test_Beams_by_Zip_to_Excel: Test Cases/Test_Beams_by_Zip_to_Excel

2020-02-14 09:52:39 - [TEST_STEP][PASSED] - excelFile01 = "beams-test-results.xlsx": null

2020-02-14 09:52:39 - [TEST_STEP][PASSED] - ExpectedListSheetFile1 = ["Sheet1"]: null

2020-02-14 09:52:39 - [TEST_STEP][PASSED] - workbookFile01 = getWorkbook(excelFile01): null

2020-02-14 09:52:39 - [TEST_STEP][PASSED] - workbook01 = getWorkbook(excelFile01): null

2020-02-14 09:52:39 - [TEST_STEP][PASSED] - sheet01 = getExcelSheet(workbook01, "Sheet1"): null

2020-02-14 09:52:39 - [TEST_STEP][PASSED] - setValueToCellByAddress(sheet01, "A1", "TEST"): null

2020-02-14 09:52:39 - [TEST_STEP][PASSED] - setValueToCellByAddress(sheet01, "B1", "BEAM"): null

2020-02-14 09:52:39 - [TEST_STEP][PASSED] - setValueToCellByAddress(sheet01, "C1", "UFF"): null

2020-02-14 09:52:39 - [TEST_STEP][PASSED] - setValueToCellByAddress(sheet01, "D1", "PLAN"): null

2020-02-14 09:52:39 - [TEST_STEP][PASSED] - setValueToCellByAddress(sheet01, "E1", "API PLAN"): null

2020-02-14 09:52:39 - [TEST_STEP][PASSED] - mybeam = mybeam: null

2020-02-14 09:52:39 - [TEST_STEP][PASSED] - myuff = myuff: null

2020-02-14 09:52:39 - [TEST_STEP][PASSED] - myplan = myplan: null

2020-02-14 09:52:39 - [TEST_STEP][PASSED] - log = new com.kms.katalon.core.logging.KeywordLogger(): null

2020-02-14 09:52:39 - [TEST_STEP][PASSED] - log.logWarning("beam " + mybeam + " zip " + myzip + " upfront fees " + myuff + " plan " + myplan): beam 460 zip 57724 upfront fees 0 plan VS2 High Fill

2020-02-14 09:52:39 - [MESSAGE][WARNING] - beam 460 zip 57724 upfront fees 0 plan VS2 High Fill

2020-02-14 09:52:39 - [TEST_STEP][PASSED] - setValueToCellByAddress(sheet01, "B" + mycount, beamFail): null

2020-02-14 09:52:39 - [TEST_STEP][PASSED] - setValueToCellByAddress(sheet01, "C" + mycount, uffFail): null

2020-02-14 09:52:39 - [TEST_STEP][PASSED] - mycount = mycount + 1: null

2020-02-14 09:52:39 - [TEST_STEP][PASSED] - setValueToCellByAddress(sheet01, "A" + mycount, "beam " + mybeam + " zip " + myzip + " upfront fees " + myuff + " plan " + myplan): null

2020-02-14 09:52:39 - [TEST_STEP][PASSED] - setValueToCellByAddress(sheet01, "D" + mycount, myplan): null

2020-02-14 09:52:39 - [TEST_STEP][PASSED] - sendRequestAndVerify(findTestObject("Exede_Zip", ["myzip":myzip])): Send request and verify the response successfully

2020-02-14 09:52:41 - [MESSAGE][INFO] - HAR: /Users/jhampleman/jenkins-beam-tests-master/Reports/20200214_095028/RUN_Exede_Zip_Test/20200214_095028/requests/main/58.har

2020-02-14 09:52:41 - [TEST_CASE][PASSED] - Start Test Case : Verification: Verification accomplished successfully

2020-02-14 09:52:41 - [TEST_STEP][PASSED] - request = getInstance().getCurrentRequest(): null

2020-02-14 09:52:41 - [TEST_STEP][PASSED] - response = getInstance().getCurrentResponse(): null

2020-02-14 09:52:41 - [TEST_STEP][PASSED] - if (!(verifyElementPropertyValue(response, "data.beam", mybeam))): Verify element property value successfully

2020-02-14 09:52:41 - [MESSAGE][PASSED] - Verify element property value successfully

2020-02-14 09:52:41 - [TEST_STEP][PASSED] - else: null

2020-02-14 09:52:41 - [TEST_STEP][PASSED] - beamFail = "P": null

2020-02-14 09:52:41 - [TEST_STEP][PASSED] - if (!(verifyElementPropertyValue(response, "data.product.down", myuff))): Verify element property value successfully

2020-02-14 09:52:41 - [MESSAGE][PASSED] - Verify element property value successfully

2020-02-14 09:52:41 - [TEST_STEP][PASSED] - else: null

2020-02-14 09:52:41 - [TEST_STEP][PASSED] - uffFail = "P": null

2020-02-14 09:52:41 - [TEST_STEP][PASSED] - jsonSlurper = new groovy.json.JsonSlurper(): null

2020-02-14 09:52:41 - [TEST_STEP][PASSED] - object = jsonSlurper.parseText(response.getResponseText()): null

2020-02-14 09:52:41 - [TEST_STEP][PASSED] - println(object): null

2020-02-14 09:52:41 - [TEST_STEP][PASSED] - mytest = plans: null

2020-02-14 09:52:41 - [TEST_STEP][PASSED] - variable = mytest: null

2020-02-14 09:52:41 - [MESSAGE][PASSED] - Verify response successfully

2020-02-14 09:52:41 - [MESSAGE][PASSED] - Send request and verify the response successfully

2020-02-14 09:52:41 - [TEST_STEP][PASSED] - setValueToCellByAddress(sheet01, "E" + mycount, variable): null

2020-02-14 09:52:41 - [TEST_STEP][PASSED] - saveWorkbook(excelFile01, workbook01): null]]></system-out>
         <system-err><![CDATA[]]></system-err>
      </testcase>
      <testcase name="Test Cases/Test_Beams_by_Zip_to_Excel" time="2.029" classname="Test Cases/Test_Beams_by_Zip_to_Excel" status="PASSED">
         <system-out><![CDATA[2020-02-14 09:52:41 - [TEST_CASE][PASSED] - Test Cases/Test_Beams_by_Zip_to_Excel: Test Cases/Test_Beams_by_Zip_to_Excel

2020-02-14 09:52:41 - [TEST_STEP][PASSED] - excelFile01 = "beams-test-results.xlsx": null

2020-02-14 09:52:41 - [TEST_STEP][PASSED] - ExpectedListSheetFile1 = ["Sheet1"]: null

2020-02-14 09:52:41 - [TEST_STEP][PASSED] - workbookFile01 = getWorkbook(excelFile01): null

2020-02-14 09:52:41 - [TEST_STEP][PASSED] - workbook01 = getWorkbook(excelFile01): null

2020-02-14 09:52:41 - [TEST_STEP][PASSED] - sheet01 = getExcelSheet(workbook01, "Sheet1"): null

2020-02-14 09:52:41 - [TEST_STEP][PASSED] - setValueToCellByAddress(sheet01, "A1", "TEST"): null

2020-02-14 09:52:41 - [TEST_STEP][PASSED] - setValueToCellByAddress(sheet01, "B1", "BEAM"): null

2020-02-14 09:52:41 - [TEST_STEP][PASSED] - setValueToCellByAddress(sheet01, "C1", "UFF"): null

2020-02-14 09:52:41 - [TEST_STEP][PASSED] - setValueToCellByAddress(sheet01, "D1", "PLAN"): null

2020-02-14 09:52:41 - [TEST_STEP][PASSED] - setValueToCellByAddress(sheet01, "E1", "API PLAN"): null

2020-02-14 09:52:41 - [TEST_STEP][PASSED] - mybeam = mybeam: null

2020-02-14 09:52:41 - [TEST_STEP][PASSED] - myuff = myuff: null

2020-02-14 09:52:41 - [TEST_STEP][PASSED] - myplan = myplan: null

2020-02-14 09:52:41 - [TEST_STEP][PASSED] - log = new com.kms.katalon.core.logging.KeywordLogger(): null

2020-02-14 09:52:41 - [TEST_STEP][PASSED] - log.logWarning("beam " + mybeam + " zip " + myzip + " upfront fees " + myuff + " plan " + myplan): beam 461 zip 56256 upfront fees 0 plan VS2 High Fill

2020-02-14 09:52:41 - [MESSAGE][WARNING] - beam 461 zip 56256 upfront fees 0 plan VS2 High Fill

2020-02-14 09:52:41 - [TEST_STEP][PASSED] - setValueToCellByAddress(sheet01, "B" + mycount, beamFail): null

2020-02-14 09:52:41 - [TEST_STEP][PASSED] - setValueToCellByAddress(sheet01, "C" + mycount, uffFail): null

2020-02-14 09:52:41 - [TEST_STEP][PASSED] - mycount = mycount + 1: null

2020-02-14 09:52:41 - [TEST_STEP][PASSED] - setValueToCellByAddress(sheet01, "A" + mycount, "beam " + mybeam + " zip " + myzip + " upfront fees " + myuff + " plan " + myplan): null

2020-02-14 09:52:41 - [TEST_STEP][PASSED] - setValueToCellByAddress(sheet01, "D" + mycount, myplan): null

2020-02-14 09:52:41 - [TEST_STEP][PASSED] - sendRequestAndVerify(findTestObject("Exede_Zip", ["myzip":myzip])): Send request and verify the response successfully

2020-02-14 09:52:43 - [MESSAGE][INFO] - HAR: /Users/jhampleman/jenkins-beam-tests-master/Reports/20200214_095028/RUN_Exede_Zip_Test/20200214_095028/requests/main/59.har

2020-02-14 09:52:43 - [TEST_CASE][PASSED] - Start Test Case : Verification: Verification accomplished successfully

2020-02-14 09:52:43 - [TEST_STEP][PASSED] - request = getInstance().getCurrentRequest(): null

2020-02-14 09:52:43 - [TEST_STEP][PASSED] - response = getInstance().getCurrentResponse(): null

2020-02-14 09:52:43 - [TEST_STEP][PASSED] - if (!(verifyElementPropertyValue(response, "data.beam", mybeam))): Verify element property value successfully

2020-02-14 09:52:43 - [MESSAGE][PASSED] - Verify element property value successfully

2020-02-14 09:52:43 - [TEST_STEP][PASSED] - else: null

2020-02-14 09:52:43 - [TEST_STEP][PASSED] - beamFail = "P": null

2020-02-14 09:52:43 - [TEST_STEP][PASSED] - if (!(verifyElementPropertyValue(response, "data.product.down", myuff))): Verify element property value successfully

2020-02-14 09:52:43 - [MESSAGE][PASSED] - Verify element property value successfully

2020-02-14 09:52:43 - [TEST_STEP][PASSED] - else: null

2020-02-14 09:52:43 - [TEST_STEP][PASSED] - uffFail = "P": null

2020-02-14 09:52:43 - [TEST_STEP][PASSED] - jsonSlurper = new groovy.json.JsonSlurper(): null

2020-02-14 09:52:43 - [TEST_STEP][PASSED] - object = jsonSlurper.parseText(response.getResponseText()): null

2020-02-14 09:52:43 - [TEST_STEP][PASSED] - println(object): null

2020-02-14 09:52:43 - [TEST_STEP][PASSED] - mytest = plans: null

2020-02-14 09:52:43 - [TEST_STEP][PASSED] - variable = mytest: null

2020-02-14 09:52:43 - [MESSAGE][PASSED] - Verify response successfully

2020-02-14 09:52:43 - [MESSAGE][PASSED] - Send request and verify the response successfully

2020-02-14 09:52:43 - [TEST_STEP][PASSED] - setValueToCellByAddress(sheet01, "E" + mycount, variable): null

2020-02-14 09:52:43 - [TEST_STEP][PASSED] - saveWorkbook(excelFile01, workbook01): null]]></system-out>
         <system-err><![CDATA[]]></system-err>
      </testcase>
      <testcase name="Test Cases/Test_Beams_by_Zip_to_Excel" time="2.241" classname="Test Cases/Test_Beams_by_Zip_to_Excel" status="PASSED">
         <system-out><![CDATA[2020-02-14 09:52:43 - [TEST_CASE][PASSED] - Test Cases/Test_Beams_by_Zip_to_Excel: Test Cases/Test_Beams_by_Zip_to_Excel

2020-02-14 09:52:43 - [TEST_STEP][PASSED] - excelFile01 = "beams-test-results.xlsx": null

2020-02-14 09:52:43 - [TEST_STEP][PASSED] - ExpectedListSheetFile1 = ["Sheet1"]: null

2020-02-14 09:52:43 - [TEST_STEP][PASSED] - workbookFile01 = getWorkbook(excelFile01): null

2020-02-14 09:52:43 - [TEST_STEP][PASSED] - workbook01 = getWorkbook(excelFile01): null

2020-02-14 09:52:43 - [TEST_STEP][PASSED] - sheet01 = getExcelSheet(workbook01, "Sheet1"): null

2020-02-14 09:52:43 - [TEST_STEP][PASSED] - setValueToCellByAddress(sheet01, "A1", "TEST"): null

2020-02-14 09:52:43 - [TEST_STEP][PASSED] - setValueToCellByAddress(sheet01, "B1", "BEAM"): null

2020-02-14 09:52:43 - [TEST_STEP][PASSED] - setValueToCellByAddress(sheet01, "C1", "UFF"): null

2020-02-14 09:52:43 - [TEST_STEP][PASSED] - setValueToCellByAddress(sheet01, "D1", "PLAN"): null

2020-02-14 09:52:43 - [TEST_STEP][PASSED] - setValueToCellByAddress(sheet01, "E1", "API PLAN"): null

2020-02-14 09:52:43 - [TEST_STEP][PASSED] - mybeam = mybeam: null

2020-02-14 09:52:43 - [TEST_STEP][PASSED] - myuff = myuff: null

2020-02-14 09:52:43 - [TEST_STEP][PASSED] - myplan = myplan: null

2020-02-14 09:52:43 - [TEST_STEP][PASSED] - log = new com.kms.katalon.core.logging.KeywordLogger(): null

2020-02-14 09:52:43 - [TEST_STEP][PASSED] - log.logWarning("beam " + mybeam + " zip " + myzip + " upfront fees " + myuff + " plan " + myplan): beam 467 zip 04765 upfront fees 0 plan VS2 High Fill

2020-02-14 09:52:43 - [MESSAGE][WARNING] - beam 467 zip 04765 upfront fees 0 plan VS2 High Fill

2020-02-14 09:52:43 - [TEST_STEP][PASSED] - setValueToCellByAddress(sheet01, "B" + mycount, beamFail): null

2020-02-14 09:52:43 - [TEST_STEP][PASSED] - setValueToCellByAddress(sheet01, "C" + mycount, uffFail): null

2020-02-14 09:52:43 - [TEST_STEP][PASSED] - mycount = mycount + 1: null

2020-02-14 09:52:43 - [TEST_STEP][PASSED] - setValueToCellByAddress(sheet01, "A" + mycount, "beam " + mybeam + " zip " + myzip + " upfront fees " + myuff + " plan " + myplan): null

2020-02-14 09:52:43 - [TEST_STEP][PASSED] - setValueToCellByAddress(sheet01, "D" + mycount, myplan): null

2020-02-14 09:52:43 - [TEST_STEP][PASSED] - sendRequestAndVerify(findTestObject("Exede_Zip", ["myzip":myzip])): Send request and verify the response successfully

2020-02-14 09:52:45 - [MESSAGE][INFO] - HAR: /Users/jhampleman/jenkins-beam-tests-master/Reports/20200214_095028/RUN_Exede_Zip_Test/20200214_095028/requests/main/60.har

2020-02-14 09:52:45 - [TEST_CASE][PASSED] - Start Test Case : Verification: Verification accomplished successfully

2020-02-14 09:52:45 - [TEST_STEP][PASSED] - request = getInstance().getCurrentRequest(): null

2020-02-14 09:52:45 - [TEST_STEP][PASSED] - response = getInstance().getCurrentResponse(): null

2020-02-14 09:52:45 - [TEST_STEP][PASSED] - if (!(verifyElementPropertyValue(response, "data.beam", mybeam))): Verify element property value successfully

2020-02-14 09:52:45 - [MESSAGE][PASSED] - Verify element property value successfully

2020-02-14 09:52:45 - [TEST_STEP][PASSED] - else: null

2020-02-14 09:52:45 - [TEST_STEP][PASSED] - beamFail = "P": null

2020-02-14 09:52:45 - [TEST_STEP][PASSED] - if (!(verifyElementPropertyValue(response, "data.product.down", myuff))): Verify element property value successfully

2020-02-14 09:52:45 - [MESSAGE][PASSED] - Verify element property value successfully

2020-02-14 09:52:45 - [TEST_STEP][PASSED] - else: null

2020-02-14 09:52:45 - [TEST_STEP][PASSED] - uffFail = "P": null

2020-02-14 09:52:45 - [TEST_STEP][PASSED] - jsonSlurper = new groovy.json.JsonSlurper(): null

2020-02-14 09:52:45 - [TEST_STEP][PASSED] - object = jsonSlurper.parseText(response.getResponseText()): null

2020-02-14 09:52:45 - [TEST_STEP][PASSED] - println(object): null

2020-02-14 09:52:45 - [TEST_STEP][PASSED] - mytest = plans: null

2020-02-14 09:52:45 - [TEST_STEP][PASSED] - variable = mytest: null

2020-02-14 09:52:45 - [MESSAGE][PASSED] - Verify response successfully

2020-02-14 09:52:45 - [MESSAGE][PASSED] - Send request and verify the response successfully

2020-02-14 09:52:45 - [TEST_STEP][PASSED] - setValueToCellByAddress(sheet01, "E" + mycount, variable): null

2020-02-14 09:52:45 - [TEST_STEP][PASSED] - saveWorkbook(excelFile01, workbook01): null]]></system-out>
         <system-err><![CDATA[]]></system-err>
      </testcase>
      <testcase name="Test Cases/Test_Beams_by_Zip_to_Excel" time="2.018" classname="Test Cases/Test_Beams_by_Zip_to_Excel" status="PASSED">
         <system-out><![CDATA[2020-02-14 09:52:45 - [TEST_CASE][PASSED] - Test Cases/Test_Beams_by_Zip_to_Excel: Test Cases/Test_Beams_by_Zip_to_Excel

2020-02-14 09:52:45 - [TEST_STEP][PASSED] - excelFile01 = "beams-test-results.xlsx": null

2020-02-14 09:52:45 - [TEST_STEP][PASSED] - ExpectedListSheetFile1 = ["Sheet1"]: null

2020-02-14 09:52:45 - [TEST_STEP][PASSED] - workbookFile01 = getWorkbook(excelFile01): null

2020-02-14 09:52:45 - [TEST_STEP][PASSED] - workbook01 = getWorkbook(excelFile01): null

2020-02-14 09:52:45 - [TEST_STEP][PASSED] - sheet01 = getExcelSheet(workbook01, "Sheet1"): null

2020-02-14 09:52:45 - [TEST_STEP][PASSED] - setValueToCellByAddress(sheet01, "A1", "TEST"): null

2020-02-14 09:52:45 - [TEST_STEP][PASSED] - setValueToCellByAddress(sheet01, "B1", "BEAM"): null

2020-02-14 09:52:45 - [TEST_STEP][PASSED] - setValueToCellByAddress(sheet01, "C1", "UFF"): null

2020-02-14 09:52:45 - [TEST_STEP][PASSED] - setValueToCellByAddress(sheet01, "D1", "PLAN"): null

2020-02-14 09:52:45 - [TEST_STEP][PASSED] - setValueToCellByAddress(sheet01, "E1", "API PLAN"): null

2020-02-14 09:52:45 - [TEST_STEP][PASSED] - mybeam = mybeam: null

2020-02-14 09:52:45 - [TEST_STEP][PASSED] - myuff = myuff: null

2020-02-14 09:52:45 - [TEST_STEP][PASSED] - myplan = myplan: null

2020-02-14 09:52:45 - [TEST_STEP][PASSED] - log = new com.kms.katalon.core.logging.KeywordLogger(): null

2020-02-14 09:52:45 - [TEST_STEP][PASSED] - log.logWarning("beam " + mybeam + " zip " + myzip + " upfront fees " + myuff + " plan " + myplan): beam 478 zip 96101 upfront fees 150 plan VS2 High Fill

2020-02-14 09:52:45 - [MESSAGE][WARNING] - beam 478 zip 96101 upfront fees 150 plan VS2 High Fill

2020-02-14 09:52:45 - [TEST_STEP][PASSED] - setValueToCellByAddress(sheet01, "B" + mycount, beamFail): null

2020-02-14 09:52:45 - [TEST_STEP][PASSED] - setValueToCellByAddress(sheet01, "C" + mycount, uffFail): null

2020-02-14 09:52:45 - [TEST_STEP][PASSED] - mycount = mycount + 1: null

2020-02-14 09:52:45 - [TEST_STEP][PASSED] - setValueToCellByAddress(sheet01, "A" + mycount, "beam " + mybeam + " zip " + myzip + " upfront fees " + myuff + " plan " + myplan): null

2020-02-14 09:52:45 - [TEST_STEP][PASSED] - setValueToCellByAddress(sheet01, "D" + mycount, myplan): null

2020-02-14 09:52:45 - [TEST_STEP][PASSED] - sendRequestAndVerify(findTestObject("Exede_Zip", ["myzip":myzip])): Send request and verify the response successfully

2020-02-14 09:52:47 - [MESSAGE][INFO] - HAR: /Users/jhampleman/jenkins-beam-tests-master/Reports/20200214_095028/RUN_Exede_Zip_Test/20200214_095028/requests/main/61.har

2020-02-14 09:52:47 - [TEST_CASE][PASSED] - Start Test Case : Verification: Verification accomplished successfully

2020-02-14 09:52:47 - [TEST_STEP][PASSED] - request = getInstance().getCurrentRequest(): null

2020-02-14 09:52:47 - [TEST_STEP][PASSED] - response = getInstance().getCurrentResponse(): null

2020-02-14 09:52:47 - [TEST_STEP][PASSED] - if (!(verifyElementPropertyValue(response, "data.beam", mybeam))): Verify element property value successfully

2020-02-14 09:52:47 - [MESSAGE][PASSED] - Verify element property value successfully

2020-02-14 09:52:47 - [TEST_STEP][PASSED] - else: null

2020-02-14 09:52:47 - [TEST_STEP][PASSED] - beamFail = "P": null

2020-02-14 09:52:47 - [TEST_STEP][PASSED] - if (!(verifyElementPropertyValue(response, "data.product.down", myuff))): Verify element property value successfully

2020-02-14 09:52:47 - [MESSAGE][PASSED] - Verify element property value successfully

2020-02-14 09:52:47 - [TEST_STEP][PASSED] - else: null

2020-02-14 09:52:47 - [TEST_STEP][PASSED] - uffFail = "P": null

2020-02-14 09:52:47 - [TEST_STEP][PASSED] - jsonSlurper = new groovy.json.JsonSlurper(): null

2020-02-14 09:52:47 - [TEST_STEP][PASSED] - object = jsonSlurper.parseText(response.getResponseText()): null

2020-02-14 09:52:47 - [TEST_STEP][PASSED] - println(object): null

2020-02-14 09:52:47 - [TEST_STEP][PASSED] - mytest = plans: null

2020-02-14 09:52:47 - [TEST_STEP][PASSED] - variable = mytest: null

2020-02-14 09:52:47 - [MESSAGE][PASSED] - Verify response successfully

2020-02-14 09:52:47 - [MESSAGE][PASSED] - Send request and verify the response successfully

2020-02-14 09:52:47 - [TEST_STEP][PASSED] - setValueToCellByAddress(sheet01, "E" + mycount, variable): null

2020-02-14 09:52:47 - [TEST_STEP][PASSED] - saveWorkbook(excelFile01, workbook01): null]]></system-out>
         <system-err><![CDATA[]]></system-err>
      </testcase>
      <testcase name="Test Cases/Test_Beams_by_Zip_to_Excel" time="2.042" classname="Test Cases/Test_Beams_by_Zip_to_Excel" status="PASSED">
         <system-out><![CDATA[2020-02-14 09:52:47 - [TEST_CASE][PASSED] - Test Cases/Test_Beams_by_Zip_to_Excel: Test Cases/Test_Beams_by_Zip_to_Excel

2020-02-14 09:52:47 - [TEST_STEP][PASSED] - excelFile01 = "beams-test-results.xlsx": null

2020-02-14 09:52:47 - [TEST_STEP][PASSED] - ExpectedListSheetFile1 = ["Sheet1"]: null

2020-02-14 09:52:47 - [TEST_STEP][PASSED] - workbookFile01 = getWorkbook(excelFile01): null

2020-02-14 09:52:47 - [TEST_STEP][PASSED] - workbook01 = getWorkbook(excelFile01): null

2020-02-14 09:52:47 - [TEST_STEP][PASSED] - sheet01 = getExcelSheet(workbook01, "Sheet1"): null

2020-02-14 09:52:47 - [TEST_STEP][PASSED] - setValueToCellByAddress(sheet01, "A1", "TEST"): null

2020-02-14 09:52:47 - [TEST_STEP][PASSED] - setValueToCellByAddress(sheet01, "B1", "BEAM"): null

2020-02-14 09:52:47 - [TEST_STEP][PASSED] - setValueToCellByAddress(sheet01, "C1", "UFF"): null

2020-02-14 09:52:47 - [TEST_STEP][PASSED] - setValueToCellByAddress(sheet01, "D1", "PLAN"): null

2020-02-14 09:52:47 - [TEST_STEP][PASSED] - setValueToCellByAddress(sheet01, "E1", "API PLAN"): null

2020-02-14 09:52:47 - [TEST_STEP][PASSED] - mybeam = mybeam: null

2020-02-14 09:52:47 - [TEST_STEP][PASSED] - myuff = myuff: null

2020-02-14 09:52:47 - [TEST_STEP][PASSED] - myplan = myplan: null

2020-02-14 09:52:47 - [TEST_STEP][PASSED] - log = new com.kms.katalon.core.logging.KeywordLogger(): null

2020-02-14 09:52:47 - [TEST_STEP][PASSED] - log.logWarning("beam " + mybeam + " zip " + myzip + " upfront fees " + myuff + " plan " + myplan): beam 479 zip 83301 upfront fees 0 plan VS2 High Fill

2020-02-14 09:52:47 - [MESSAGE][WARNING] - beam 479 zip 83301 upfront fees 0 plan VS2 High Fill

2020-02-14 09:52:47 - [TEST_STEP][PASSED] - setValueToCellByAddress(sheet01, "B" + mycount, beamFail): null

2020-02-14 09:52:47 - [TEST_STEP][PASSED] - setValueToCellByAddress(sheet01, "C" + mycount, uffFail): null

2020-02-14 09:52:47 - [TEST_STEP][PASSED] - mycount = mycount + 1: null

2020-02-14 09:52:47 - [TEST_STEP][PASSED] - setValueToCellByAddress(sheet01, "A" + mycount, "beam " + mybeam + " zip " + myzip + " upfront fees " + myuff + " plan " + myplan): null

2020-02-14 09:52:47 - [TEST_STEP][PASSED] - setValueToCellByAddress(sheet01, "D" + mycount, myplan): null

2020-02-14 09:52:47 - [TEST_STEP][PASSED] - sendRequestAndVerify(findTestObject("Exede_Zip", ["myzip":myzip])): Send request and verify the response successfully

2020-02-14 09:52:49 - [MESSAGE][INFO] - HAR: /Users/jhampleman/jenkins-beam-tests-master/Reports/20200214_095028/RUN_Exede_Zip_Test/20200214_095028/requests/main/62.har

2020-02-14 09:52:49 - [TEST_CASE][PASSED] - Start Test Case : Verification: Verification accomplished successfully

2020-02-14 09:52:49 - [TEST_STEP][PASSED] - request = getInstance().getCurrentRequest(): null

2020-02-14 09:52:49 - [TEST_STEP][PASSED] - response = getInstance().getCurrentResponse(): null

2020-02-14 09:52:49 - [TEST_STEP][PASSED] - if (!(verifyElementPropertyValue(response, "data.beam", mybeam))): Verify element property value successfully

2020-02-14 09:52:49 - [MESSAGE][PASSED] - Verify element property value successfully

2020-02-14 09:52:49 - [TEST_STEP][PASSED] - else: null

2020-02-14 09:52:49 - [TEST_STEP][PASSED] - beamFail = "P": null

2020-02-14 09:52:49 - [TEST_STEP][PASSED] - if (!(verifyElementPropertyValue(response, "data.product.down", myuff))): Verify element property value successfully

2020-02-14 09:52:49 - [MESSAGE][PASSED] - Verify element property value successfully

2020-02-14 09:52:49 - [TEST_STEP][PASSED] - else: null

2020-02-14 09:52:49 - [TEST_STEP][PASSED] - uffFail = "P": null

2020-02-14 09:52:49 - [TEST_STEP][PASSED] - jsonSlurper = new groovy.json.JsonSlurper(): null

2020-02-14 09:52:49 - [TEST_STEP][PASSED] - object = jsonSlurper.parseText(response.getResponseText()): null

2020-02-14 09:52:49 - [TEST_STEP][PASSED] - println(object): null

2020-02-14 09:52:49 - [TEST_STEP][PASSED] - mytest = plans: null

2020-02-14 09:52:49 - [TEST_STEP][PASSED] - variable = mytest: null

2020-02-14 09:52:49 - [MESSAGE][PASSED] - Verify response successfully

2020-02-14 09:52:49 - [MESSAGE][PASSED] - Send request and verify the response successfully

2020-02-14 09:52:49 - [TEST_STEP][PASSED] - setValueToCellByAddress(sheet01, "E" + mycount, variable): null

2020-02-14 09:52:49 - [TEST_STEP][PASSED] - saveWorkbook(excelFile01, workbook01): null]]></system-out>
         <system-err><![CDATA[]]></system-err>
      </testcase>
      <testcase name="Test Cases/Test_Beams_by_Zip_to_Excel" time="2.04" classname="Test Cases/Test_Beams_by_Zip_to_Excel" status="PASSED">
         <system-out><![CDATA[2020-02-14 09:52:49 - [TEST_CASE][PASSED] - Test Cases/Test_Beams_by_Zip_to_Excel: Test Cases/Test_Beams_by_Zip_to_Excel

2020-02-14 09:52:49 - [TEST_STEP][PASSED] - excelFile01 = "beams-test-results.xlsx": null

2020-02-14 09:52:49 - [TEST_STEP][PASSED] - ExpectedListSheetFile1 = ["Sheet1"]: null

2020-02-14 09:52:49 - [TEST_STEP][PASSED] - workbookFile01 = getWorkbook(excelFile01): null

2020-02-14 09:52:49 - [TEST_STEP][PASSED] - workbook01 = getWorkbook(excelFile01): null

2020-02-14 09:52:49 - [TEST_STEP][PASSED] - sheet01 = getExcelSheet(workbook01, "Sheet1"): null

2020-02-14 09:52:49 - [TEST_STEP][PASSED] - setValueToCellByAddress(sheet01, "A1", "TEST"): null

2020-02-14 09:52:49 - [TEST_STEP][PASSED] - setValueToCellByAddress(sheet01, "B1", "BEAM"): null

2020-02-14 09:52:49 - [TEST_STEP][PASSED] - setValueToCellByAddress(sheet01, "C1", "UFF"): null

2020-02-14 09:52:49 - [TEST_STEP][PASSED] - setValueToCellByAddress(sheet01, "D1", "PLAN"): null

2020-02-14 09:52:49 - [TEST_STEP][PASSED] - setValueToCellByAddress(sheet01, "E1", "API PLAN"): null

2020-02-14 09:52:49 - [TEST_STEP][PASSED] - mybeam = mybeam: null

2020-02-14 09:52:49 - [TEST_STEP][PASSED] - myuff = myuff: null

2020-02-14 09:52:49 - [TEST_STEP][PASSED] - myplan = myplan: null

2020-02-14 09:52:49 - [TEST_STEP][PASSED] - log = new com.kms.katalon.core.logging.KeywordLogger(): null

2020-02-14 09:52:49 - [TEST_STEP][PASSED] - log.logWarning("beam " + mybeam + " zip " + myzip + " upfront fees " + myuff + " plan " + myplan): beam 480 zip 82070 upfront fees 0 plan VS2 High Fill

2020-02-14 09:52:49 - [MESSAGE][WARNING] - beam 480 zip 82070 upfront fees 0 plan VS2 High Fill

2020-02-14 09:52:49 - [TEST_STEP][PASSED] - setValueToCellByAddress(sheet01, "B" + mycount, beamFail): null

2020-02-14 09:52:49 - [TEST_STEP][PASSED] - setValueToCellByAddress(sheet01, "C" + mycount, uffFail): null

2020-02-14 09:52:49 - [TEST_STEP][PASSED] - mycount = mycount + 1: null

2020-02-14 09:52:49 - [TEST_STEP][PASSED] - setValueToCellByAddress(sheet01, "A" + mycount, "beam " + mybeam + " zip " + myzip + " upfront fees " + myuff + " plan " + myplan): null

2020-02-14 09:52:49 - [TEST_STEP][PASSED] - setValueToCellByAddress(sheet01, "D" + mycount, myplan): null

2020-02-14 09:52:49 - [TEST_STEP][PASSED] - sendRequestAndVerify(findTestObject("Exede_Zip", ["myzip":myzip])): Send request and verify the response successfully

2020-02-14 09:52:51 - [MESSAGE][INFO] - HAR: /Users/jhampleman/jenkins-beam-tests-master/Reports/20200214_095028/RUN_Exede_Zip_Test/20200214_095028/requests/main/63.har

2020-02-14 09:52:51 - [TEST_CASE][PASSED] - Start Test Case : Verification: Verification accomplished successfully

2020-02-14 09:52:51 - [TEST_STEP][PASSED] - request = getInstance().getCurrentRequest(): null

2020-02-14 09:52:51 - [TEST_STEP][PASSED] - response = getInstance().getCurrentResponse(): null

2020-02-14 09:52:51 - [TEST_STEP][PASSED] - if (!(verifyElementPropertyValue(response, "data.beam", mybeam))): Verify element property value successfully

2020-02-14 09:52:51 - [MESSAGE][PASSED] - Verify element property value successfully

2020-02-14 09:52:51 - [TEST_STEP][PASSED] - else: null

2020-02-14 09:52:51 - [TEST_STEP][PASSED] - beamFail = "P": null

2020-02-14 09:52:51 - [TEST_STEP][PASSED] - if (!(verifyElementPropertyValue(response, "data.product.down", myuff))): Verify element property value successfully

2020-02-14 09:52:51 - [MESSAGE][PASSED] - Verify element property value successfully

2020-02-14 09:52:51 - [TEST_STEP][PASSED] - else: null

2020-02-14 09:52:51 - [TEST_STEP][PASSED] - uffFail = "P": null

2020-02-14 09:52:51 - [TEST_STEP][PASSED] - jsonSlurper = new groovy.json.JsonSlurper(): null

2020-02-14 09:52:51 - [TEST_STEP][PASSED] - object = jsonSlurper.parseText(response.getResponseText()): null

2020-02-14 09:52:51 - [TEST_STEP][PASSED] - println(object): null

2020-02-14 09:52:51 - [TEST_STEP][PASSED] - mytest = plans: null

2020-02-14 09:52:51 - [TEST_STEP][PASSED] - variable = mytest: null

2020-02-14 09:52:51 - [MESSAGE][PASSED] - Verify response successfully

2020-02-14 09:52:51 - [MESSAGE][PASSED] - Send request and verify the response successfully

2020-02-14 09:52:51 - [TEST_STEP][PASSED] - setValueToCellByAddress(sheet01, "E" + mycount, variable): null

2020-02-14 09:52:51 - [TEST_STEP][PASSED] - saveWorkbook(excelFile01, workbook01): null]]></system-out>
         <system-err><![CDATA[]]></system-err>
      </testcase>
      <testcase name="Test Cases/Test_Beams_by_Zip_to_Excel" time="2.021" classname="Test Cases/Test_Beams_by_Zip_to_Excel" status="PASSED">
         <system-out><![CDATA[2020-02-14 09:52:51 - [TEST_CASE][PASSED] - Test Cases/Test_Beams_by_Zip_to_Excel: Test Cases/Test_Beams_by_Zip_to_Excel

2020-02-14 09:52:51 - [TEST_STEP][PASSED] - excelFile01 = "beams-test-results.xlsx": null

2020-02-14 09:52:51 - [TEST_STEP][PASSED] - ExpectedListSheetFile1 = ["Sheet1"]: null

2020-02-14 09:52:51 - [TEST_STEP][PASSED] - workbookFile01 = getWorkbook(excelFile01): null

2020-02-14 09:52:51 - [TEST_STEP][PASSED] - workbook01 = getWorkbook(excelFile01): null

2020-02-14 09:52:51 - [TEST_STEP][PASSED] - sheet01 = getExcelSheet(workbook01, "Sheet1"): null

2020-02-14 09:52:51 - [TEST_STEP][PASSED] - setValueToCellByAddress(sheet01, "A1", "TEST"): null

2020-02-14 09:52:51 - [TEST_STEP][PASSED] - setValueToCellByAddress(sheet01, "B1", "BEAM"): null

2020-02-14 09:52:51 - [TEST_STEP][PASSED] - setValueToCellByAddress(sheet01, "C1", "UFF"): null

2020-02-14 09:52:51 - [TEST_STEP][PASSED] - setValueToCellByAddress(sheet01, "D1", "PLAN"): null

2020-02-14 09:52:51 - [TEST_STEP][PASSED] - setValueToCellByAddress(sheet01, "E1", "API PLAN"): null

2020-02-14 09:52:51 - [TEST_STEP][PASSED] - mybeam = mybeam: null

2020-02-14 09:52:51 - [TEST_STEP][PASSED] - myuff = myuff: null

2020-02-14 09:52:51 - [TEST_STEP][PASSED] - myplan = myplan: null

2020-02-14 09:52:51 - [TEST_STEP][PASSED] - log = new com.kms.katalon.core.logging.KeywordLogger(): null

2020-02-14 09:52:51 - [TEST_STEP][PASSED] - log.logWarning("beam " + mybeam + " zip " + myzip + " upfront fees " + myuff + " plan " + myplan): beam 481 zip 67731 upfront fees 0 plan VS2 High Fill

2020-02-14 09:52:51 - [MESSAGE][WARNING] - beam 481 zip 67731 upfront fees 0 plan VS2 High Fill

2020-02-14 09:52:51 - [TEST_STEP][PASSED] - setValueToCellByAddress(sheet01, "B" + mycount, beamFail): null

2020-02-14 09:52:51 - [TEST_STEP][PASSED] - setValueToCellByAddress(sheet01, "C" + mycount, uffFail): null

2020-02-14 09:52:51 - [TEST_STEP][PASSED] - mycount = mycount + 1: null

2020-02-14 09:52:51 - [TEST_STEP][PASSED] - setValueToCellByAddress(sheet01, "A" + mycount, "beam " + mybeam + " zip " + myzip + " upfront fees " + myuff + " plan " + myplan): null

2020-02-14 09:52:51 - [TEST_STEP][PASSED] - setValueToCellByAddress(sheet01, "D" + mycount, myplan): null

2020-02-14 09:52:52 - [TEST_STEP][PASSED] - sendRequestAndVerify(findTestObject("Exede_Zip", ["myzip":myzip])): Send request and verify the response successfully

2020-02-14 09:52:53 - [MESSAGE][INFO] - HAR: /Users/jhampleman/jenkins-beam-tests-master/Reports/20200214_095028/RUN_Exede_Zip_Test/20200214_095028/requests/main/64.har

2020-02-14 09:52:53 - [TEST_CASE][PASSED] - Start Test Case : Verification: Verification accomplished successfully

2020-02-14 09:52:53 - [TEST_STEP][PASSED] - request = getInstance().getCurrentRequest(): null

2020-02-14 09:52:53 - [TEST_STEP][PASSED] - response = getInstance().getCurrentResponse(): null

2020-02-14 09:52:53 - [TEST_STEP][PASSED] - if (!(verifyElementPropertyValue(response, "data.beam", mybeam))): Verify element property value successfully

2020-02-14 09:52:53 - [MESSAGE][PASSED] - Verify element property value successfully

2020-02-14 09:52:53 - [TEST_STEP][PASSED] - else: null

2020-02-14 09:52:53 - [TEST_STEP][PASSED] - beamFail = "P": null

2020-02-14 09:52:53 - [TEST_STEP][PASSED] - if (!(verifyElementPropertyValue(response, "data.product.down", myuff))): Verify element property value successfully

2020-02-14 09:52:53 - [MESSAGE][PASSED] - Verify element property value successfully

2020-02-14 09:52:53 - [TEST_STEP][PASSED] - else: null

2020-02-14 09:52:53 - [TEST_STEP][PASSED] - uffFail = "P": null

2020-02-14 09:52:53 - [TEST_STEP][PASSED] - jsonSlurper = new groovy.json.JsonSlurper(): null

2020-02-14 09:52:53 - [TEST_STEP][PASSED] - object = jsonSlurper.parseText(response.getResponseText()): null

2020-02-14 09:52:53 - [TEST_STEP][PASSED] - println(object): null

2020-02-14 09:52:53 - [TEST_STEP][PASSED] - mytest = plans: null

2020-02-14 09:52:53 - [TEST_STEP][PASSED] - variable = mytest: null

2020-02-14 09:52:53 - [MESSAGE][PASSED] - Verify response successfully

2020-02-14 09:52:53 - [MESSAGE][PASSED] - Send request and verify the response successfully

2020-02-14 09:52:53 - [TEST_STEP][PASSED] - setValueToCellByAddress(sheet01, "E" + mycount, variable): null

2020-02-14 09:52:53 - [TEST_STEP][PASSED] - saveWorkbook(excelFile01, workbook01): null]]></system-out>
         <system-err><![CDATA[]]></system-err>
      </testcase>
      <testcase name="Test Cases/Test_Beams_by_Zip_to_Excel" time="1.91" classname="Test Cases/Test_Beams_by_Zip_to_Excel" status="PASSED">
         <system-out><![CDATA[2020-02-14 09:52:53 - [TEST_CASE][PASSED] - Test Cases/Test_Beams_by_Zip_to_Excel: Test Cases/Test_Beams_by_Zip_to_Excel

2020-02-14 09:52:54 - [TEST_STEP][PASSED] - excelFile01 = "beams-test-results.xlsx": null

2020-02-14 09:52:54 - [TEST_STEP][PASSED] - ExpectedListSheetFile1 = ["Sheet1"]: null

2020-02-14 09:52:54 - [TEST_STEP][PASSED] - workbookFile01 = getWorkbook(excelFile01): null

2020-02-14 09:52:54 - [TEST_STEP][PASSED] - workbook01 = getWorkbook(excelFile01): null

2020-02-14 09:52:54 - [TEST_STEP][PASSED] - sheet01 = getExcelSheet(workbook01, "Sheet1"): null

2020-02-14 09:52:54 - [TEST_STEP][PASSED] - setValueToCellByAddress(sheet01, "A1", "TEST"): null

2020-02-14 09:52:54 - [TEST_STEP][PASSED] - setValueToCellByAddress(sheet01, "B1", "BEAM"): null

2020-02-14 09:52:54 - [TEST_STEP][PASSED] - setValueToCellByAddress(sheet01, "C1", "UFF"): null

2020-02-14 09:52:54 - [TEST_STEP][PASSED] - setValueToCellByAddress(sheet01, "D1", "PLAN"): null

2020-02-14 09:52:54 - [TEST_STEP][PASSED] - setValueToCellByAddress(sheet01, "E1", "API PLAN"): null

2020-02-14 09:52:54 - [TEST_STEP][PASSED] - mybeam = mybeam: null

2020-02-14 09:52:54 - [TEST_STEP][PASSED] - myuff = myuff: null

2020-02-14 09:52:54 - [TEST_STEP][PASSED] - myplan = myplan: null

2020-02-14 09:52:54 - [TEST_STEP][PASSED] - log = new com.kms.katalon.core.logging.KeywordLogger(): null

2020-02-14 09:52:54 - [TEST_STEP][PASSED] - log.logWarning("beam " + mybeam + " zip " + myzip + " upfront fees " + myuff + " plan " + myplan): beam 482 zip 68434 upfront fees 100 plan VS2 High Fill

2020-02-14 09:52:54 - [MESSAGE][WARNING] - beam 482 zip 68434 upfront fees 100 plan VS2 High Fill

2020-02-14 09:52:54 - [TEST_STEP][PASSED] - setValueToCellByAddress(sheet01, "B" + mycount, beamFail): null

2020-02-14 09:52:54 - [TEST_STEP][PASSED] - setValueToCellByAddress(sheet01, "C" + mycount, uffFail): null

2020-02-14 09:52:54 - [TEST_STEP][PASSED] - mycount = mycount + 1: null

2020-02-14 09:52:54 - [TEST_STEP][PASSED] - setValueToCellByAddress(sheet01, "A" + mycount, "beam " + mybeam + " zip " + myzip + " upfront fees " + myuff + " plan " + myplan): null

2020-02-14 09:52:54 - [TEST_STEP][PASSED] - setValueToCellByAddress(sheet01, "D" + mycount, myplan): null

2020-02-14 09:52:54 - [TEST_STEP][PASSED] - sendRequestAndVerify(findTestObject("Exede_Zip", ["myzip":myzip])): Send request and verify the response successfully

2020-02-14 09:52:55 - [MESSAGE][INFO] - HAR: /Users/jhampleman/jenkins-beam-tests-master/Reports/20200214_095028/RUN_Exede_Zip_Test/20200214_095028/requests/main/65.har

2020-02-14 09:52:55 - [TEST_CASE][PASSED] - Start Test Case : Verification: Verification accomplished successfully

2020-02-14 09:52:55 - [TEST_STEP][PASSED] - request = getInstance().getCurrentRequest(): null

2020-02-14 09:52:55 - [TEST_STEP][PASSED] - response = getInstance().getCurrentResponse(): null

2020-02-14 09:52:55 - [TEST_STEP][PASSED] - if (!(verifyElementPropertyValue(response, "data.beam", mybeam))): Verify element property value successfully

2020-02-14 09:52:55 - [MESSAGE][PASSED] - Verify element property value successfully

2020-02-14 09:52:55 - [TEST_STEP][PASSED] - else: null

2020-02-14 09:52:55 - [TEST_STEP][PASSED] - beamFail = "P": null

2020-02-14 09:52:55 - [TEST_STEP][PASSED] - if (!(verifyElementPropertyValue(response, "data.product.down", myuff))): Verify element property value successfully

2020-02-14 09:52:55 - [MESSAGE][PASSED] - Verify element property value successfully

2020-02-14 09:52:55 - [TEST_STEP][PASSED] - else: null

2020-02-14 09:52:55 - [TEST_STEP][PASSED] - uffFail = "P": null

2020-02-14 09:52:55 - [TEST_STEP][PASSED] - jsonSlurper = new groovy.json.JsonSlurper(): null

2020-02-14 09:52:55 - [TEST_STEP][PASSED] - object = jsonSlurper.parseText(response.getResponseText()): null

2020-02-14 09:52:55 - [TEST_STEP][PASSED] - println(object): null

2020-02-14 09:52:55 - [TEST_STEP][PASSED] - mytest = plans: null

2020-02-14 09:52:55 - [TEST_STEP][PASSED] - variable = mytest: null

2020-02-14 09:52:55 - [MESSAGE][PASSED] - Verify response successfully

2020-02-14 09:52:55 - [MESSAGE][PASSED] - Send request and verify the response successfully

2020-02-14 09:52:55 - [TEST_STEP][PASSED] - setValueToCellByAddress(sheet01, "E" + mycount, variable): null

2020-02-14 09:52:55 - [TEST_STEP][PASSED] - saveWorkbook(excelFile01, workbook01): null]]></system-out>
         <system-err><![CDATA[]]></system-err>
      </testcase>
      <testcase name="Test Cases/Test_Beams_by_Zip_to_Excel" time="1.953" classname="Test Cases/Test_Beams_by_Zip_to_Excel" status="PASSED">
         <system-out><![CDATA[2020-02-14 09:52:55 - [TEST_CASE][PASSED] - Test Cases/Test_Beams_by_Zip_to_Excel: Test Cases/Test_Beams_by_Zip_to_Excel

2020-02-14 09:52:55 - [TEST_STEP][PASSED] - excelFile01 = "beams-test-results.xlsx": null

2020-02-14 09:52:55 - [TEST_STEP][PASSED] - ExpectedListSheetFile1 = ["Sheet1"]: null

2020-02-14 09:52:55 - [TEST_STEP][PASSED] - workbookFile01 = getWorkbook(excelFile01): null

2020-02-14 09:52:55 - [TEST_STEP][PASSED] - workbook01 = getWorkbook(excelFile01): null

2020-02-14 09:52:55 - [TEST_STEP][PASSED] - sheet01 = getExcelSheet(workbook01, "Sheet1"): null

2020-02-14 09:52:55 - [TEST_STEP][PASSED] - setValueToCellByAddress(sheet01, "A1", "TEST"): null

2020-02-14 09:52:55 - [TEST_STEP][PASSED] - setValueToCellByAddress(sheet01, "B1", "BEAM"): null

2020-02-14 09:52:55 - [TEST_STEP][PASSED] - setValueToCellByAddress(sheet01, "C1", "UFF"): null

2020-02-14 09:52:55 - [TEST_STEP][PASSED] - setValueToCellByAddress(sheet01, "D1", "PLAN"): null

2020-02-14 09:52:55 - [TEST_STEP][PASSED] - setValueToCellByAddress(sheet01, "E1", "API PLAN"): null

2020-02-14 09:52:55 - [TEST_STEP][PASSED] - mybeam = mybeam: null

2020-02-14 09:52:55 - [TEST_STEP][PASSED] - myuff = myuff: null

2020-02-14 09:52:55 - [TEST_STEP][PASSED] - myplan = myplan: null

2020-02-14 09:52:55 - [TEST_STEP][PASSED] - log = new com.kms.katalon.core.logging.KeywordLogger(): null

2020-02-14 09:52:55 - [TEST_STEP][PASSED] - log.logWarning("beam " + mybeam + " zip " + myzip + " upfront fees " + myuff + " plan " + myplan): beam 486 zip 16601 upfront fees 150 plan VS2 High Fill

2020-02-14 09:52:55 - [MESSAGE][WARNING] - beam 486 zip 16601 upfront fees 150 plan VS2 High Fill

2020-02-14 09:52:55 - [TEST_STEP][PASSED] - setValueToCellByAddress(sheet01, "B" + mycount, beamFail): null

2020-02-14 09:52:55 - [TEST_STEP][PASSED] - setValueToCellByAddress(sheet01, "C" + mycount, uffFail): null

2020-02-14 09:52:55 - [TEST_STEP][PASSED] - mycount = mycount + 1: null

2020-02-14 09:52:55 - [TEST_STEP][PASSED] - setValueToCellByAddress(sheet01, "A" + mycount, "beam " + mybeam + " zip " + myzip + " upfront fees " + myuff + " plan " + myplan): null

2020-02-14 09:52:55 - [TEST_STEP][PASSED] - setValueToCellByAddress(sheet01, "D" + mycount, myplan): null

2020-02-14 09:52:55 - [TEST_STEP][PASSED] - sendRequestAndVerify(findTestObject("Exede_Zip", ["myzip":myzip])): Send request and verify the response successfully

2020-02-14 09:52:57 - [MESSAGE][INFO] - HAR: /Users/jhampleman/jenkins-beam-tests-master/Reports/20200214_095028/RUN_Exede_Zip_Test/20200214_095028/requests/main/66.har

2020-02-14 09:52:57 - [TEST_CASE][PASSED] - Start Test Case : Verification: Verification accomplished successfully

2020-02-14 09:52:57 - [TEST_STEP][PASSED] - request = getInstance().getCurrentRequest(): null

2020-02-14 09:52:57 - [TEST_STEP][PASSED] - response = getInstance().getCurrentResponse(): null

2020-02-14 09:52:57 - [TEST_STEP][PASSED] - if (!(verifyElementPropertyValue(response, "data.beam", mybeam))): Verify element property value successfully

2020-02-14 09:52:57 - [MESSAGE][PASSED] - Verify element property value successfully

2020-02-14 09:52:57 - [TEST_STEP][PASSED] - else: null

2020-02-14 09:52:57 - [TEST_STEP][PASSED] - beamFail = "P": null

2020-02-14 09:52:57 - [TEST_STEP][PASSED] - if (!(verifyElementPropertyValue(response, "data.product.down", myuff))): Verify element property value successfully

2020-02-14 09:52:57 - [MESSAGE][PASSED] - Verify element property value successfully

2020-02-14 09:52:57 - [TEST_STEP][PASSED] - else: null

2020-02-14 09:52:57 - [TEST_STEP][PASSED] - uffFail = "P": null

2020-02-14 09:52:57 - [TEST_STEP][PASSED] - jsonSlurper = new groovy.json.JsonSlurper(): null

2020-02-14 09:52:57 - [TEST_STEP][PASSED] - object = jsonSlurper.parseText(response.getResponseText()): null

2020-02-14 09:52:57 - [TEST_STEP][PASSED] - println(object): null

2020-02-14 09:52:57 - [TEST_STEP][PASSED] - mytest = plans: null

2020-02-14 09:52:57 - [TEST_STEP][PASSED] - variable = mytest: null

2020-02-14 09:52:57 - [MESSAGE][PASSED] - Verify response successfully

2020-02-14 09:52:57 - [MESSAGE][PASSED] - Send request and verify the response successfully

2020-02-14 09:52:57 - [TEST_STEP][PASSED] - setValueToCellByAddress(sheet01, "E" + mycount, variable): null

2020-02-14 09:52:57 - [TEST_STEP][PASSED] - saveWorkbook(excelFile01, workbook01): null]]></system-out>
         <system-err><![CDATA[]]></system-err>
      </testcase>
      <testcase name="Test Cases/Test_Beams_by_Zip_to_Excel" time="2.023" classname="Test Cases/Test_Beams_by_Zip_to_Excel" status="PASSED">
         <system-out><![CDATA[2020-02-14 09:52:57 - [TEST_CASE][PASSED] - Test Cases/Test_Beams_by_Zip_to_Excel: Test Cases/Test_Beams_by_Zip_to_Excel

2020-02-14 09:52:57 - [TEST_STEP][PASSED] - excelFile01 = "beams-test-results.xlsx": null

2020-02-14 09:52:57 - [TEST_STEP][PASSED] - ExpectedListSheetFile1 = ["Sheet1"]: null

2020-02-14 09:52:57 - [TEST_STEP][PASSED] - workbookFile01 = getWorkbook(excelFile01): null

2020-02-14 09:52:57 - [TEST_STEP][PASSED] - workbook01 = getWorkbook(excelFile01): null

2020-02-14 09:52:57 - [TEST_STEP][PASSED] - sheet01 = getExcelSheet(workbook01, "Sheet1"): null

2020-02-14 09:52:57 - [TEST_STEP][PASSED] - setValueToCellByAddress(sheet01, "A1", "TEST"): null

2020-02-14 09:52:57 - [TEST_STEP][PASSED] - setValueToCellByAddress(sheet01, "B1", "BEAM"): null

2020-02-14 09:52:57 - [TEST_STEP][PASSED] - setValueToCellByAddress(sheet01, "C1", "UFF"): null

2020-02-14 09:52:57 - [TEST_STEP][PASSED] - setValueToCellByAddress(sheet01, "D1", "PLAN"): null

2020-02-14 09:52:57 - [TEST_STEP][PASSED] - setValueToCellByAddress(sheet01, "E1", "API PLAN"): null

2020-02-14 09:52:57 - [TEST_STEP][PASSED] - mybeam = mybeam: null

2020-02-14 09:52:57 - [TEST_STEP][PASSED] - myuff = myuff: null

2020-02-14 09:52:57 - [TEST_STEP][PASSED] - myplan = myplan: null

2020-02-14 09:52:57 - [TEST_STEP][PASSED] - log = new com.kms.katalon.core.logging.KeywordLogger(): null

2020-02-14 09:52:57 - [TEST_STEP][PASSED] - log.logWarning("beam " + mybeam + " zip " + myzip + " upfront fees " + myuff + " plan " + myplan): beam 495 zip 93514 upfront fees 100 plan VS2 High Fill

2020-02-14 09:52:57 - [MESSAGE][WARNING] - beam 495 zip 93514 upfront fees 100 plan VS2 High Fill

2020-02-14 09:52:57 - [TEST_STEP][PASSED] - setValueToCellByAddress(sheet01, "B" + mycount, beamFail): null

2020-02-14 09:52:57 - [TEST_STEP][PASSED] - setValueToCellByAddress(sheet01, "C" + mycount, uffFail): null

2020-02-14 09:52:57 - [TEST_STEP][PASSED] - mycount = mycount + 1: null

2020-02-14 09:52:57 - [TEST_STEP][PASSED] - setValueToCellByAddress(sheet01, "A" + mycount, "beam " + mybeam + " zip " + myzip + " upfront fees " + myuff + " plan " + myplan): null

2020-02-14 09:52:57 - [TEST_STEP][PASSED] - setValueToCellByAddress(sheet01, "D" + mycount, myplan): null

2020-02-14 09:52:57 - [TEST_STEP][PASSED] - sendRequestAndVerify(findTestObject("Exede_Zip", ["myzip":myzip])): Send request and verify the response successfully

2020-02-14 09:52:59 - [MESSAGE][INFO] - HAR: /Users/jhampleman/jenkins-beam-tests-master/Reports/20200214_095028/RUN_Exede_Zip_Test/20200214_095028/requests/main/67.har

2020-02-14 09:52:59 - [TEST_CASE][PASSED] - Start Test Case : Verification: Verification accomplished successfully

2020-02-14 09:52:59 - [TEST_STEP][PASSED] - request = getInstance().getCurrentRequest(): null

2020-02-14 09:52:59 - [TEST_STEP][PASSED] - response = getInstance().getCurrentResponse(): null

2020-02-14 09:52:59 - [TEST_STEP][PASSED] - if (!(verifyElementPropertyValue(response, "data.beam", mybeam))): Verify element property value successfully

2020-02-14 09:52:59 - [MESSAGE][PASSED] - Verify element property value successfully

2020-02-14 09:52:59 - [TEST_STEP][PASSED] - else: null

2020-02-14 09:52:59 - [TEST_STEP][PASSED] - beamFail = "P": null

2020-02-14 09:52:59 - [TEST_STEP][PASSED] - if (!(verifyElementPropertyValue(response, "data.product.down", myuff))): Verify element property value successfully

2020-02-14 09:52:59 - [MESSAGE][PASSED] - Verify element property value successfully

2020-02-14 09:52:59 - [TEST_STEP][PASSED] - else: null

2020-02-14 09:52:59 - [TEST_STEP][PASSED] - uffFail = "P": null

2020-02-14 09:52:59 - [TEST_STEP][PASSED] - jsonSlurper = new groovy.json.JsonSlurper(): null

2020-02-14 09:52:59 - [TEST_STEP][PASSED] - object = jsonSlurper.parseText(response.getResponseText()): null

2020-02-14 09:52:59 - [TEST_STEP][PASSED] - println(object): null

2020-02-14 09:52:59 - [TEST_STEP][PASSED] - mytest = plans: null

2020-02-14 09:52:59 - [TEST_STEP][PASSED] - variable = mytest: null

2020-02-14 09:52:59 - [MESSAGE][PASSED] - Verify response successfully

2020-02-14 09:52:59 - [MESSAGE][PASSED] - Send request and verify the response successfully

2020-02-14 09:52:59 - [TEST_STEP][PASSED] - setValueToCellByAddress(sheet01, "E" + mycount, variable): null

2020-02-14 09:52:59 - [TEST_STEP][PASSED] - saveWorkbook(excelFile01, workbook01): null]]></system-out>
         <system-err><![CDATA[]]></system-err>
      </testcase>
      <testcase name="Test Cases/Test_Beams_by_Zip_to_Excel" time="2.036" classname="Test Cases/Test_Beams_by_Zip_to_Excel" status="PASSED">
         <system-out><![CDATA[2020-02-14 09:52:59 - [TEST_CASE][PASSED] - Test Cases/Test_Beams_by_Zip_to_Excel: Test Cases/Test_Beams_by_Zip_to_Excel

2020-02-14 09:52:59 - [TEST_STEP][PASSED] - excelFile01 = "beams-test-results.xlsx": null

2020-02-14 09:52:59 - [TEST_STEP][PASSED] - ExpectedListSheetFile1 = ["Sheet1"]: null

2020-02-14 09:52:59 - [TEST_STEP][PASSED] - workbookFile01 = getWorkbook(excelFile01): null

2020-02-14 09:52:59 - [TEST_STEP][PASSED] - workbook01 = getWorkbook(excelFile01): null

2020-02-14 09:52:59 - [TEST_STEP][PASSED] - sheet01 = getExcelSheet(workbook01, "Sheet1"): null

2020-02-14 09:52:59 - [TEST_STEP][PASSED] - setValueToCellByAddress(sheet01, "A1", "TEST"): null

2020-02-14 09:52:59 - [TEST_STEP][PASSED] - setValueToCellByAddress(sheet01, "B1", "BEAM"): null

2020-02-14 09:52:59 - [TEST_STEP][PASSED] - setValueToCellByAddress(sheet01, "C1", "UFF"): null

2020-02-14 09:52:59 - [TEST_STEP][PASSED] - setValueToCellByAddress(sheet01, "D1", "PLAN"): null

2020-02-14 09:52:59 - [TEST_STEP][PASSED] - setValueToCellByAddress(sheet01, "E1", "API PLAN"): null

2020-02-14 09:52:59 - [TEST_STEP][PASSED] - mybeam = mybeam: null

2020-02-14 09:52:59 - [TEST_STEP][PASSED] - myuff = myuff: null

2020-02-14 09:52:59 - [TEST_STEP][PASSED] - myplan = myplan: null

2020-02-14 09:52:59 - [TEST_STEP][PASSED] - log = new com.kms.katalon.core.logging.KeywordLogger(): null

2020-02-14 09:52:59 - [TEST_STEP][PASSED] - log.logWarning("beam " + mybeam + " zip " + myzip + " upfront fees " + myuff + " plan " + myplan): beam 496 zip 84770 upfront fees 0 plan VS2 High Fill

2020-02-14 09:52:59 - [MESSAGE][WARNING] - beam 496 zip 84770 upfront fees 0 plan VS2 High Fill

2020-02-14 09:52:59 - [TEST_STEP][PASSED] - setValueToCellByAddress(sheet01, "B" + mycount, beamFail): null

2020-02-14 09:52:59 - [TEST_STEP][PASSED] - setValueToCellByAddress(sheet01, "C" + mycount, uffFail): null

2020-02-14 09:52:59 - [TEST_STEP][PASSED] - mycount = mycount + 1: null

2020-02-14 09:52:59 - [TEST_STEP][PASSED] - setValueToCellByAddress(sheet01, "A" + mycount, "beam " + mybeam + " zip " + myzip + " upfront fees " + myuff + " plan " + myplan): null

2020-02-14 09:52:59 - [TEST_STEP][PASSED] - setValueToCellByAddress(sheet01, "D" + mycount, myplan): null

2020-02-14 09:52:59 - [TEST_STEP][PASSED] - sendRequestAndVerify(findTestObject("Exede_Zip", ["myzip":myzip])): Send request and verify the response successfully

2020-02-14 09:53:01 - [MESSAGE][INFO] - HAR: /Users/jhampleman/jenkins-beam-tests-master/Reports/20200214_095028/RUN_Exede_Zip_Test/20200214_095028/requests/main/68.har

2020-02-14 09:53:01 - [TEST_CASE][PASSED] - Start Test Case : Verification: Verification accomplished successfully

2020-02-14 09:53:01 - [TEST_STEP][PASSED] - request = getInstance().getCurrentRequest(): null

2020-02-14 09:53:01 - [TEST_STEP][PASSED] - response = getInstance().getCurrentResponse(): null

2020-02-14 09:53:01 - [TEST_STEP][PASSED] - if (!(verifyElementPropertyValue(response, "data.beam", mybeam))): Verify element property value successfully

2020-02-14 09:53:01 - [MESSAGE][PASSED] - Verify element property value successfully

2020-02-14 09:53:01 - [TEST_STEP][PASSED] - else: null

2020-02-14 09:53:01 - [TEST_STEP][PASSED] - beamFail = "P": null

2020-02-14 09:53:01 - [TEST_STEP][PASSED] - if (!(verifyElementPropertyValue(response, "data.product.down", myuff))): Verify element property value successfully

2020-02-14 09:53:01 - [MESSAGE][PASSED] - Verify element property value successfully

2020-02-14 09:53:01 - [TEST_STEP][PASSED] - else: null

2020-02-14 09:53:01 - [TEST_STEP][PASSED] - uffFail = "P": null

2020-02-14 09:53:01 - [TEST_STEP][PASSED] - jsonSlurper = new groovy.json.JsonSlurper(): null

2020-02-14 09:53:01 - [TEST_STEP][PASSED] - object = jsonSlurper.parseText(response.getResponseText()): null

2020-02-14 09:53:01 - [TEST_STEP][PASSED] - println(object): null

2020-02-14 09:53:01 - [TEST_STEP][PASSED] - mytest = plans: null

2020-02-14 09:53:01 - [TEST_STEP][PASSED] - variable = mytest: null

2020-02-14 09:53:01 - [MESSAGE][PASSED] - Verify response successfully

2020-02-14 09:53:01 - [MESSAGE][PASSED] - Send request and verify the response successfully

2020-02-14 09:53:01 - [TEST_STEP][PASSED] - setValueToCellByAddress(sheet01, "E" + mycount, variable): null

2020-02-14 09:53:01 - [TEST_STEP][PASSED] - saveWorkbook(excelFile01, workbook01): null]]></system-out>
         <system-err><![CDATA[]]></system-err>
      </testcase>
      <testcase name="Test Cases/Test_Beams_by_Zip_to_Excel" time="1.892" classname="Test Cases/Test_Beams_by_Zip_to_Excel" status="FAILED">
         <failure type="FAILED" message="Test Cases/Test_Beams_by_Zip_to_Excel FAILED.
Reason:
com.kms.katalon.core.exception.StepFailedException: Expected element property value '497' is not equal with actual property value '73'
	at com.kms.katalon.core.keyword.internal.KeywordMain.stepFailed(KeywordMain.groovy:39)
	at com.kms.katalon.core.webservice.keyword.builtin.VerifyElementPropertyValueKeyword$_verifyElementPropertyValue_closure1.doCall(VerifyElementPropertyValueKeyword.groovy:56)
	at com.kms.katalon.core.webservice.keyword.builtin.VerifyElementPropertyValueKeyword$_verifyElementPropertyValue_closure1.call(VerifyElementPropertyValueKeyword.groovy)
	at com.kms.katalon.core.keyword.internal.KeywordMain.runKeyword(KeywordMain.groovy:68)
	at com.kms.katalon.core.webservice.keyword.builtin.VerifyElementPropertyValueKeyword.verifyElementPropertyValue(VerifyElementPropertyValueKeyword.groovy:48)
	at com.kms.katalon.core.webservice.keyword.builtin.VerifyElementPropertyValueKeyword.execute(VerifyElementPropertyValueKeyword.groovy:43)
	at com.kms.katalon.core.keyword.internal.KeywordExecutor.executeKeywordForPlatform(KeywordExecutor.groovy:72)
	at com.kms.katalon.core.webservice.keyword.WSBuiltInKeywords.verifyElementPropertyValue(WSBuiltInKeywords.groovy:189)
	at com.kms.katalon.core.webservice.keyword.WSBuiltInKeywords$verifyElementPropertyValue$0.call(Unknown Source)
	at WSVerification1581699183776.run(WSVerification1581699183776:16)
	at com.kms.katalon.core.main.ScriptEngine.run(ScriptEngine.java:194)
	at com.kms.katalon.core.main.ScriptEngine.runScriptAsRawText(ScriptEngine.java:119)
	at com.kms.katalon.core.main.WSVerificationExecutor.runScript(WSVerificationExecutor.java:146)
	at com.kms.katalon.core.main.WSVerificationExecutor.doExecute(WSVerificationExecutor.java:140)
	at com.kms.katalon.core.main.WSVerificationExecutor.processExecutionPhase(WSVerificationExecutor.java:123)
	at com.kms.katalon.core.main.WSVerificationExecutor.accessMainPhase(WSVerificationExecutor.java:115)
	at com.kms.katalon.core.main.WSVerificationExecutor.execute(WSVerificationExecutor.java:103)
	at com.kms.katalon.core.main.TestCaseMain.runWSVerificationScript(TestCaseMain.java:127)
	at com.kms.katalon.core.webservice.keyword.builtin.SendRequestAndVerifyKeyword$_sendRequestAndVerify_closure1.doCall(SendRequestAndVerifyKeyword.groovy:55)
	at com.kms.katalon.core.webservice.keyword.builtin.SendRequestAndVerifyKeyword$_sendRequestAndVerify_closure1.call(SendRequestAndVerifyKeyword.groovy)
	at com.kms.katalon.core.keyword.internal.KeywordMain.runKeyword(KeywordMain.groovy:68)
	at com.kms.katalon.core.webservice.keyword.builtin.SendRequestAndVerifyKeyword.sendRequestAndVerify(SendRequestAndVerifyKeyword.groovy:43)
	at com.kms.katalon.core.webservice.keyword.builtin.SendRequestAndVerifyKeyword.execute(SendRequestAndVerifyKeyword.groovy:38)
	at com.kms.katalon.core.keyword.internal.KeywordExecutor.executeKeywordForPlatform(KeywordExecutor.groovy:72)
	at com.kms.katalon.core.webservice.keyword.WSBuiltInKeywords.sendRequestAndVerify(WSBuiltInKeywords.groovy:65)
	at com.kms.katalon.core.webservice.keyword.WSBuiltInKeywords$sendRequestAndVerify.call(Unknown Source)
	at Test_Beams_by_Zip_to_Excel.run(Test_Beams_by_Zip_to_Excel:68)
	at com.kms.katalon.core.main.ScriptEngine.run(ScriptEngine.java:194)
	at com.kms.katalon.core.main.ScriptEngine.runScriptAsRawText(ScriptEngine.java:119)
	at com.kms.katalon.core.main.TestCaseExecutor.runScript(TestCaseExecutor.java:337)
	at com.kms.katalon.core.main.TestCaseExecutor.doExecute(TestCaseExecutor.java:328)
	at com.kms.katalon.core.main.TestCaseExecutor.processExecutionPhase(TestCaseExecutor.java:307)
	at com.kms.katalon.core.main.TestCaseExecutor.accessMainPhase(TestCaseExecutor.java:299)
	at com.kms.katalon.core.main.TestCaseExecutor.execute(TestCaseExecutor.java:233)
	at com.kms.katalon.core.main.TestSuiteExecutor.accessTestCaseMainPhase(TestSuiteExecutor.java:169)
	at com.kms.katalon.core.main.TestSuiteExecutor.accessTestSuiteMainPhase(TestSuiteExecutor.java:142)
	at com.kms.katalon.core.main.TestSuiteExecutor.execute(TestSuiteExecutor.java:91)
	at com.kms.katalon.core.main.TestCaseMain.startTestSuite(TestCaseMain.java:157)
	at com.kms.katalon.core.main.TestCaseMain$startTestSuite$0.call(Unknown Source)
	at TempTestSuite1581699028664.run(TempTestSuite1581699028664.groovy:36)
"/>
         <system-out><![CDATA[2020-02-14 09:53:01 - [TEST_CASE][FAILED] - Test Cases/Test_Beams_by_Zip_to_Excel: Test Cases/Test_Beams_by_Zip_to_Excel FAILED.
Reason:
com.kms.katalon.core.exception.StepFailedException: Expected element property value '497' is not equal with actual property value '73'
	at com.kms.katalon.core.keyword.internal.KeywordMain.stepFailed(KeywordMain.groovy:39)
	at com.kms.katalon.core.webservice.keyword.builtin.VerifyElementPropertyValueKeyword$_verifyElementPropertyValue_closure1.doCall(VerifyElementPropertyValueKeyword.groovy:56)
	at com.kms.katalon.core.webservice.keyword.builtin.VerifyElementPropertyValueKeyword$_verifyElementPropertyValue_closure1.call(VerifyElementPropertyValueKeyword.groovy)
	at com.kms.katalon.core.keyword.internal.KeywordMain.runKeyword(KeywordMain.groovy:68)
	at com.kms.katalon.core.webservice.keyword.builtin.VerifyElementPropertyValueKeyword.verifyElementPropertyValue(VerifyElementPropertyValueKeyword.groovy:48)
	at com.kms.katalon.core.webservice.keyword.builtin.VerifyElementPropertyValueKeyword.execute(VerifyElementPropertyValueKeyword.groovy:43)
	at com.kms.katalon.core.keyword.internal.KeywordExecutor.executeKeywordForPlatform(KeywordExecutor.groovy:72)
	at com.kms.katalon.core.webservice.keyword.WSBuiltInKeywords.verifyElementPropertyValue(WSBuiltInKeywords.groovy:189)
	at com.kms.katalon.core.webservice.keyword.WSBuiltInKeywords$verifyElementPropertyValue$0.call(Unknown Source)
	at WSVerification1581699183776.run(WSVerification1581699183776:16)
	at com.kms.katalon.core.main.ScriptEngine.run(ScriptEngine.java:194)
	at com.kms.katalon.core.main.ScriptEngine.runScriptAsRawText(ScriptEngine.java:119)
	at com.kms.katalon.core.main.WSVerificationExecutor.runScript(WSVerificationExecutor.java:146)
	at com.kms.katalon.core.main.WSVerificationExecutor.doExecute(WSVerificationExecutor.java:140)
	at com.kms.katalon.core.main.WSVerificationExecutor.processExecutionPhase(WSVerificationExecutor.java:123)
	at com.kms.katalon.core.main.WSVerificationExecutor.accessMainPhase(WSVerificationExecutor.java:115)
	at com.kms.katalon.core.main.WSVerificationExecutor.execute(WSVerificationExecutor.java:103)
	at com.kms.katalon.core.main.TestCaseMain.runWSVerificationScript(TestCaseMain.java:127)
	at com.kms.katalon.core.webservice.keyword.builtin.SendRequestAndVerifyKeyword$_sendRequestAndVerify_closure1.doCall(SendRequestAndVerifyKeyword.groovy:55)
	at com.kms.katalon.core.webservice.keyword.builtin.SendRequestAndVerifyKeyword$_sendRequestAndVerify_closure1.call(SendRequestAndVerifyKeyword.groovy)
	at com.kms.katalon.core.keyword.internal.KeywordMain.runKeyword(KeywordMain.groovy:68)
	at com.kms.katalon.core.webservice.keyword.builtin.SendRequestAndVerifyKeyword.sendRequestAndVerify(SendRequestAndVerifyKeyword.groovy:43)
	at com.kms.katalon.core.webservice.keyword.builtin.SendRequestAndVerifyKeyword.execute(SendRequestAndVerifyKeyword.groovy:38)
	at com.kms.katalon.core.keyword.internal.KeywordExecutor.executeKeywordForPlatform(KeywordExecutor.groovy:72)
	at com.kms.katalon.core.webservice.keyword.WSBuiltInKeywords.sendRequestAndVerify(WSBuiltInKeywords.groovy:65)
	at com.kms.katalon.core.webservice.keyword.WSBuiltInKeywords$sendRequestAndVerify.call(Unknown Source)
	at Test_Beams_by_Zip_to_Excel.run(Test_Beams_by_Zip_to_Excel:68)
	at com.kms.katalon.core.main.ScriptEngine.run(ScriptEngine.java:194)
	at com.kms.katalon.core.main.ScriptEngine.runScriptAsRawText(ScriptEngine.java:119)
	at com.kms.katalon.core.main.TestCaseExecutor.runScript(TestCaseExecutor.java:337)
	at com.kms.katalon.core.main.TestCaseExecutor.doExecute(TestCaseExecutor.java:328)
	at com.kms.katalon.core.main.TestCaseExecutor.processExecutionPhase(TestCaseExecutor.java:307)
	at com.kms.katalon.core.main.TestCaseExecutor.accessMainPhase(TestCaseExecutor.java:299)
	at com.kms.katalon.core.main.TestCaseExecutor.execute(TestCaseExecutor.java:233)
	at com.kms.katalon.core.main.TestSuiteExecutor.accessTestCaseMainPhase(TestSuiteExecutor.java:169)
	at com.kms.katalon.core.main.TestSuiteExecutor.accessTestSuiteMainPhase(TestSuiteExecutor.java:142)
	at com.kms.katalon.core.main.TestSuiteExecutor.execute(TestSuiteExecutor.java:91)
	at com.kms.katalon.core.main.TestCaseMain.startTestSuite(TestCaseMain.java:157)
	at com.kms.katalon.core.main.TestCaseMain$startTestSuite$0.call(Unknown Source)
	at TempTestSuite1581699028664.run(TempTestSuite1581699028664.groovy:36)


2020-02-14 09:53:01 - [TEST_STEP][PASSED] - excelFile01 = "beams-test-results.xlsx": null

2020-02-14 09:53:01 - [TEST_STEP][PASSED] - ExpectedListSheetFile1 = ["Sheet1"]: null

2020-02-14 09:53:01 - [TEST_STEP][PASSED] - workbookFile01 = getWorkbook(excelFile01): null

2020-02-14 09:53:01 - [TEST_STEP][PASSED] - workbook01 = getWorkbook(excelFile01): null

2020-02-14 09:53:02 - [TEST_STEP][PASSED] - sheet01 = getExcelSheet(workbook01, "Sheet1"): null

2020-02-14 09:53:02 - [TEST_STEP][PASSED] - setValueToCellByAddress(sheet01, "A1", "TEST"): null

2020-02-14 09:53:02 - [TEST_STEP][PASSED] - setValueToCellByAddress(sheet01, "B1", "BEAM"): null

2020-02-14 09:53:02 - [TEST_STEP][PASSED] - setValueToCellByAddress(sheet01, "C1", "UFF"): null

2020-02-14 09:53:02 - [TEST_STEP][PASSED] - setValueToCellByAddress(sheet01, "D1", "PLAN"): null

2020-02-14 09:53:02 - [TEST_STEP][PASSED] - setValueToCellByAddress(sheet01, "E1", "API PLAN"): null

2020-02-14 09:53:02 - [TEST_STEP][PASSED] - mybeam = mybeam: null

2020-02-14 09:53:02 - [TEST_STEP][PASSED] - myuff = myuff: null

2020-02-14 09:53:02 - [TEST_STEP][PASSED] - myplan = myplan: null

2020-02-14 09:53:02 - [TEST_STEP][PASSED] - log = new com.kms.katalon.core.logging.KeywordLogger(): null

2020-02-14 09:53:02 - [TEST_STEP][PASSED] - log.logWarning("beam " + mybeam + " zip " + myzip + " upfront fees " + myuff + " plan " + myplan): beam 497 zip 81507 upfront fees 100 plan VS2 High Fill

2020-02-14 09:53:02 - [MESSAGE][WARNING] - beam 497 zip 81507 upfront fees 100 plan VS2 High Fill

2020-02-14 09:53:02 - [TEST_STEP][PASSED] - setValueToCellByAddress(sheet01, "B" + mycount, beamFail): null

2020-02-14 09:53:02 - [TEST_STEP][PASSED] - setValueToCellByAddress(sheet01, "C" + mycount, uffFail): null

2020-02-14 09:53:02 - [TEST_STEP][PASSED] - mycount = mycount + 1: null

2020-02-14 09:53:02 - [TEST_STEP][PASSED] - setValueToCellByAddress(sheet01, "A" + mycount, "beam " + mybeam + " zip " + myzip + " upfront fees " + myuff + " plan " + myplan): null

2020-02-14 09:53:02 - [TEST_STEP][PASSED] - setValueToCellByAddress(sheet01, "D" + mycount, myplan): null

2020-02-14 09:53:02 - [TEST_STEP][FAILED] - sendRequestAndVerify(findTestObject("Exede_Zip", ["myzip":myzip])): Unable to send request and verify the response (Root cause: com.kms.katalon.core.exception.StepFailedException: Verification failed
	at com.kms.katalon.core.webservice.keyword.builtin.SendRequestAndVerifyKeyword$_sendRequestAndVerify_closure1.doCall(SendRequestAndVerifyKeyword.groovy:59)
	at com.kms.katalon.core.webservice.keyword.builtin.SendRequestAndVerifyKeyword$_sendRequestAndVerify_closure1.call(SendRequestAndVerifyKeyword.groovy)
	at com.kms.katalon.core.keyword.internal.KeywordMain.runKeyword(KeywordMain.groovy:68)
	at com.kms.katalon.core.webservice.keyword.builtin.SendRequestAndVerifyKeyword.sendRequestAndVerify(SendRequestAndVerifyKeyword.groovy:43)
	at com.kms.katalon.core.webservice.keyword.builtin.SendRequestAndVerifyKeyword.execute(SendRequestAndVerifyKeyword.groovy:38)
	at com.kms.katalon.core.keyword.internal.KeywordExecutor.executeKeywordForPlatform(KeywordExecutor.groovy:72)
	at com.kms.katalon.core.webservice.keyword.WSBuiltInKeywords.sendRequestAndVerify(WSBuiltInKeywords.groovy:65)
	at com.kms.katalon.core.webservice.keyword.WSBuiltInKeywords$sendRequestAndVerify.call(Unknown Source)
	at Test_Beams_by_Zip_to_Excel.run(Test_Beams_by_Zip_to_Excel:68)
	at com.kms.katalon.core.main.ScriptEngine.run(ScriptEngine.java:194)
	at com.kms.katalon.core.main.ScriptEngine.runScriptAsRawText(ScriptEngine.java:119)
	at com.kms.katalon.core.main.TestCaseExecutor.runScript(TestCaseExecutor.java:337)
	at com.kms.katalon.core.main.TestCaseExecutor.doExecute(TestCaseExecutor.java:328)
	at com.kms.katalon.core.main.TestCaseExecutor.processExecutionPhase(TestCaseExecutor.java:307)
	at com.kms.katalon.core.main.TestCaseExecutor.accessMainPhase(TestCaseExecutor.java:299)
	at com.kms.katalon.core.main.TestCaseExecutor.execute(TestCaseExecutor.java:233)
	at com.kms.katalon.core.main.TestSuiteExecutor.accessTestCaseMainPhase(TestSuiteExecutor.java:169)
	at com.kms.katalon.core.main.TestSuiteExecutor.accessTestSuiteMainPhase(TestSuiteExecutor.java:142)
	at com.kms.katalon.core.main.TestSuiteExecutor.execute(TestSuiteExecutor.java:91)
	at com.kms.katalon.core.main.TestCaseMain.startTestSuite(TestCaseMain.java:157)
	at com.kms.katalon.core.main.TestCaseMain$startTestSuite$0.call(Unknown Source)
	at TempTestSuite1581699028664.run(TempTestSuite1581699028664.groovy:36)
)

2020-02-14 09:53:03 - [MESSAGE][INFO] - HAR: /Users/jhampleman/jenkins-beam-tests-master/Reports/20200214_095028/RUN_Exede_Zip_Test/20200214_095028/requests/main/69.har

2020-02-14 09:53:03 - [TEST_CASE][FAILED] - Start Test Case : Verification: Verification FAILED.
Reason:
com.kms.katalon.core.exception.StepFailedException: Expected element property value '497' is not equal with actual property value '73'
	at com.kms.katalon.core.keyword.internal.KeywordMain.stepFailed(KeywordMain.groovy:39)
	at com.kms.katalon.core.webservice.keyword.builtin.VerifyElementPropertyValueKeyword$_verifyElementPropertyValue_closure1.doCall(VerifyElementPropertyValueKeyword.groovy:56)
	at com.kms.katalon.core.webservice.keyword.builtin.VerifyElementPropertyValueKeyword$_verifyElementPropertyValue_closure1.call(VerifyElementPropertyValueKeyword.groovy)
	at com.kms.katalon.core.keyword.internal.KeywordMain.runKeyword(KeywordMain.groovy:68)
	at com.kms.katalon.core.webservice.keyword.builtin.VerifyElementPropertyValueKeyword.verifyElementPropertyValue(VerifyElementPropertyValueKeyword.groovy:48)
	at com.kms.katalon.core.webservice.keyword.builtin.VerifyElementPropertyValueKeyword.execute(VerifyElementPropertyValueKeyword.groovy:43)
	at com.kms.katalon.core.keyword.internal.KeywordExecutor.executeKeywordForPlatform(KeywordExecutor.groovy:72)
	at com.kms.katalon.core.webservice.keyword.WSBuiltInKeywords.verifyElementPropertyValue(WSBuiltInKeywords.groovy:189)
	at com.kms.katalon.core.webservice.keyword.WSBuiltInKeywords$verifyElementPropertyValue$0.call(Unknown Source)
	at WSVerification1581699183776.run(WSVerification1581699183776:16)
	at com.kms.katalon.core.main.ScriptEngine.run(ScriptEngine.java:194)
	at com.kms.katalon.core.main.ScriptEngine.runScriptAsRawText(ScriptEngine.java:119)
	at com.kms.katalon.core.main.WSVerificationExecutor.runScript(WSVerificationExecutor.java:146)
	at com.kms.katalon.core.main.WSVerificationExecutor.doExecute(WSVerificationExecutor.java:140)
	at com.kms.katalon.core.main.WSVerificationExecutor.processExecutionPhase(WSVerificationExecutor.java:123)
	at com.kms.katalon.core.main.WSVerificationExecutor.accessMainPhase(WSVerificationExecutor.java:115)
	at com.kms.katalon.core.main.WSVerificationExecutor.execute(WSVerificationExecutor.java:103)
	at com.kms.katalon.core.main.TestCaseMain.runWSVerificationScript(TestCaseMain.java:127)
	at com.kms.katalon.core.webservice.keyword.builtin.SendRequestAndVerifyKeyword$_sendRequestAndVerify_closure1.doCall(SendRequestAndVerifyKeyword.groovy:55)
	at com.kms.katalon.core.webservice.keyword.builtin.SendRequestAndVerifyKeyword$_sendRequestAndVerify_closure1.call(SendRequestAndVerifyKeyword.groovy)
	at com.kms.katalon.core.keyword.internal.KeywordMain.runKeyword(KeywordMain.groovy:68)
	at com.kms.katalon.core.webservice.keyword.builtin.SendRequestAndVerifyKeyword.sendRequestAndVerify(SendRequestAndVerifyKeyword.groovy:43)
	at com.kms.katalon.core.webservice.keyword.builtin.SendRequestAndVerifyKeyword.execute(SendRequestAndVerifyKeyword.groovy:38)
	at com.kms.katalon.core.keyword.internal.KeywordExecutor.executeKeywordForPlatform(KeywordExecutor.groovy:72)
	at com.kms.katalon.core.webservice.keyword.WSBuiltInKeywords.sendRequestAndVerify(WSBuiltInKeywords.groovy:65)
	at com.kms.katalon.core.webservice.keyword.WSBuiltInKeywords$sendRequestAndVerify.call(Unknown Source)
	at Test_Beams_by_Zip_to_Excel.run(Test_Beams_by_Zip_to_Excel:68)
	at com.kms.katalon.core.main.ScriptEngine.run(ScriptEngine.java:194)
	at com.kms.katalon.core.main.ScriptEngine.runScriptAsRawText(ScriptEngine.java:119)
	at com.kms.katalon.core.main.TestCaseExecutor.runScript(TestCaseExecutor.java:337)
	at com.kms.katalon.core.main.TestCaseExecutor.doExecute(TestCaseExecutor.java:328)
	at com.kms.katalon.core.main.TestCaseExecutor.processExecutionPhase(TestCaseExecutor.java:307)
	at com.kms.katalon.core.main.TestCaseExecutor.accessMainPhase(TestCaseExecutor.java:299)
	at com.kms.katalon.core.main.TestCaseExecutor.execute(TestCaseExecutor.java:233)
	at com.kms.katalon.core.main.TestSuiteExecutor.accessTestCaseMainPhase(TestSuiteExecutor.java:169)
	at com.kms.katalon.core.main.TestSuiteExecutor.accessTestSuiteMainPhase(TestSuiteExecutor.java:142)
	at com.kms.katalon.core.main.TestSuiteExecutor.execute(TestSuiteExecutor.java:91)
	at com.kms.katalon.core.main.TestCaseMain.startTestSuite(TestCaseMain.java:157)
	at com.kms.katalon.core.main.TestCaseMain$startTestSuite$0.call(Unknown Source)
	at TempTestSuite1581699028664.run(TempTestSuite1581699028664.groovy:36)


2020-02-14 09:53:03 - [TEST_STEP][PASSED] - request = getInstance().getCurrentRequest(): null

2020-02-14 09:53:03 - [TEST_STEP][PASSED] - response = getInstance().getCurrentResponse(): null

2020-02-14 09:53:03 - [TEST_STEP][FAILED] - if (!(verifyElementPropertyValue(response, "data.beam", mybeam))): null

2020-02-14 09:53:03 - [MESSAGE][FAILED] - Expected element property value '497' is not equal with actual property value '73'

2020-02-14 09:53:03 - [TEST_STEP][PASSED] - beamFail = "F": null

2020-02-14 09:53:03 - [TEST_STEP][FAILED] - if (!(verifyElementPropertyValue(response, "data.product.down", myuff))): null

2020-02-14 09:53:03 - [MESSAGE][FAILED] - Expected element property value '100' is not equal with actual property value '0'

2020-02-14 09:53:03 - [TEST_STEP][PASSED] - uffFail = "F": null

2020-02-14 09:53:03 - [TEST_STEP][PASSED] - jsonSlurper = new groovy.json.JsonSlurper(): null

2020-02-14 09:53:03 - [TEST_STEP][PASSED] - object = jsonSlurper.parseText(response.getResponseText()): null

2020-02-14 09:53:03 - [TEST_STEP][PASSED] - println(object): null

2020-02-14 09:53:03 - [TEST_STEP][PASSED] - mytest = plans: null

2020-02-14 09:53:03 - [TEST_STEP][PASSED] - variable = mytest: null

2020-02-14 09:53:03 - [MESSAGE][FAILED] - Unable to send request and verify the response (Root cause: com.kms.katalon.core.exception.StepFailedException: Verification failed
	at com.kms.katalon.core.webservice.keyword.builtin.SendRequestAndVerifyKeyword$_sendRequestAndVerify_closure1.doCall(SendRequestAndVerifyKeyword.groovy:59)
	at com.kms.katalon.core.webservice.keyword.builtin.SendRequestAndVerifyKeyword$_sendRequestAndVerify_closure1.call(SendRequestAndVerifyKeyword.groovy)
	at com.kms.katalon.core.keyword.internal.KeywordMain.runKeyword(KeywordMain.groovy:68)
	at com.kms.katalon.core.webservice.keyword.builtin.SendRequestAndVerifyKeyword.sendRequestAndVerify(SendRequestAndVerifyKeyword.groovy:43)
	at com.kms.katalon.core.webservice.keyword.builtin.SendRequestAndVerifyKeyword.execute(SendRequestAndVerifyKeyword.groovy:38)
	at com.kms.katalon.core.keyword.internal.KeywordExecutor.executeKeywordForPlatform(KeywordExecutor.groovy:72)
	at com.kms.katalon.core.webservice.keyword.WSBuiltInKeywords.sendRequestAndVerify(WSBuiltInKeywords.groovy:65)
	at com.kms.katalon.core.webservice.keyword.WSBuiltInKeywords$sendRequestAndVerify.call(Unknown Source)
	at Test_Beams_by_Zip_to_Excel.run(Test_Beams_by_Zip_to_Excel:68)
	at com.kms.katalon.core.main.ScriptEngine.run(ScriptEngine.java:194)
	at com.kms.katalon.core.main.ScriptEngine.runScriptAsRawText(ScriptEngine.java:119)
	at com.kms.katalon.core.main.TestCaseExecutor.runScript(TestCaseExecutor.java:337)
	at com.kms.katalon.core.main.TestCaseExecutor.doExecute(TestCaseExecutor.java:328)
	at com.kms.katalon.core.main.TestCaseExecutor.processExecutionPhase(TestCaseExecutor.java:307)
	at com.kms.katalon.core.main.TestCaseExecutor.accessMainPhase(TestCaseExecutor.java:299)
	at com.kms.katalon.core.main.TestCaseExecutor.execute(TestCaseExecutor.java:233)
	at com.kms.katalon.core.main.TestSuiteExecutor.accessTestCaseMainPhase(TestSuiteExecutor.java:169)
	at com.kms.katalon.core.main.TestSuiteExecutor.accessTestSuiteMainPhase(TestSuiteExecutor.java:142)
	at com.kms.katalon.core.main.TestSuiteExecutor.execute(TestSuiteExecutor.java:91)
	at com.kms.katalon.core.main.TestCaseMain.startTestSuite(TestCaseMain.java:157)
	at com.kms.katalon.core.main.TestCaseMain$startTestSuite$0.call(Unknown Source)
	at TempTestSuite1581699028664.run(TempTestSuite1581699028664.groovy:36)
)

2020-02-14 09:53:03 - [TEST_STEP][PASSED] - setValueToCellByAddress(sheet01, "E" + mycount, variable): null

2020-02-14 09:53:03 - [TEST_STEP][PASSED] - saveWorkbook(excelFile01, workbook01): null]]></system-out>
         <system-err><![CDATA[2020-02-14 09:53:01 - [TEST_CASE][FAILED] - Test Cases/Test_Beams_by_Zip_to_Excel: Test Cases/Test_Beams_by_Zip_to_Excel FAILED.
Reason:
com.kms.katalon.core.exception.StepFailedException: Expected element property value '497' is not equal with actual property value '73'
	at com.kms.katalon.core.keyword.internal.KeywordMain.stepFailed(KeywordMain.groovy:39)
	at com.kms.katalon.core.webservice.keyword.builtin.VerifyElementPropertyValueKeyword$_verifyElementPropertyValue_closure1.doCall(VerifyElementPropertyValueKeyword.groovy:56)
	at com.kms.katalon.core.webservice.keyword.builtin.VerifyElementPropertyValueKeyword$_verifyElementPropertyValue_closure1.call(VerifyElementPropertyValueKeyword.groovy)
	at com.kms.katalon.core.keyword.internal.KeywordMain.runKeyword(KeywordMain.groovy:68)
	at com.kms.katalon.core.webservice.keyword.builtin.VerifyElementPropertyValueKeyword.verifyElementPropertyValue(VerifyElementPropertyValueKeyword.groovy:48)
	at com.kms.katalon.core.webservice.keyword.builtin.VerifyElementPropertyValueKeyword.execute(VerifyElementPropertyValueKeyword.groovy:43)
	at com.kms.katalon.core.keyword.internal.KeywordExecutor.executeKeywordForPlatform(KeywordExecutor.groovy:72)
	at com.kms.katalon.core.webservice.keyword.WSBuiltInKeywords.verifyElementPropertyValue(WSBuiltInKeywords.groovy:189)
	at com.kms.katalon.core.webservice.keyword.WSBuiltInKeywords$verifyElementPropertyValue$0.call(Unknown Source)
	at WSVerification1581699183776.run(WSVerification1581699183776:16)
	at com.kms.katalon.core.main.ScriptEngine.run(ScriptEngine.java:194)
	at com.kms.katalon.core.main.ScriptEngine.runScriptAsRawText(ScriptEngine.java:119)
	at com.kms.katalon.core.main.WSVerificationExecutor.runScript(WSVerificationExecutor.java:146)
	at com.kms.katalon.core.main.WSVerificationExecutor.doExecute(WSVerificationExecutor.java:140)
	at com.kms.katalon.core.main.WSVerificationExecutor.processExecutionPhase(WSVerificationExecutor.java:123)
	at com.kms.katalon.core.main.WSVerificationExecutor.accessMainPhase(WSVerificationExecutor.java:115)
	at com.kms.katalon.core.main.WSVerificationExecutor.execute(WSVerificationExecutor.java:103)
	at com.kms.katalon.core.main.TestCaseMain.runWSVerificationScript(TestCaseMain.java:127)
	at com.kms.katalon.core.webservice.keyword.builtin.SendRequestAndVerifyKeyword$_sendRequestAndVerify_closure1.doCall(SendRequestAndVerifyKeyword.groovy:55)
	at com.kms.katalon.core.webservice.keyword.builtin.SendRequestAndVerifyKeyword$_sendRequestAndVerify_closure1.call(SendRequestAndVerifyKeyword.groovy)
	at com.kms.katalon.core.keyword.internal.KeywordMain.runKeyword(KeywordMain.groovy:68)
	at com.kms.katalon.core.webservice.keyword.builtin.SendRequestAndVerifyKeyword.sendRequestAndVerify(SendRequestAndVerifyKeyword.groovy:43)
	at com.kms.katalon.core.webservice.keyword.builtin.SendRequestAndVerifyKeyword.execute(SendRequestAndVerifyKeyword.groovy:38)
	at com.kms.katalon.core.keyword.internal.KeywordExecutor.executeKeywordForPlatform(KeywordExecutor.groovy:72)
	at com.kms.katalon.core.webservice.keyword.WSBuiltInKeywords.sendRequestAndVerify(WSBuiltInKeywords.groovy:65)
	at com.kms.katalon.core.webservice.keyword.WSBuiltInKeywords$sendRequestAndVerify.call(Unknown Source)
	at Test_Beams_by_Zip_to_Excel.run(Test_Beams_by_Zip_to_Excel:68)
	at com.kms.katalon.core.main.ScriptEngine.run(ScriptEngine.java:194)
	at com.kms.katalon.core.main.ScriptEngine.runScriptAsRawText(ScriptEngine.java:119)
	at com.kms.katalon.core.main.TestCaseExecutor.runScript(TestCaseExecutor.java:337)
	at com.kms.katalon.core.main.TestCaseExecutor.doExecute(TestCaseExecutor.java:328)
	at com.kms.katalon.core.main.TestCaseExecutor.processExecutionPhase(TestCaseExecutor.java:307)
	at com.kms.katalon.core.main.TestCaseExecutor.accessMainPhase(TestCaseExecutor.java:299)
	at com.kms.katalon.core.main.TestCaseExecutor.execute(TestCaseExecutor.java:233)
	at com.kms.katalon.core.main.TestSuiteExecutor.accessTestCaseMainPhase(TestSuiteExecutor.java:169)
	at com.kms.katalon.core.main.TestSuiteExecutor.accessTestSuiteMainPhase(TestSuiteExecutor.java:142)
	at com.kms.katalon.core.main.TestSuiteExecutor.execute(TestSuiteExecutor.java:91)
	at com.kms.katalon.core.main.TestCaseMain.startTestSuite(TestCaseMain.java:157)
	at com.kms.katalon.core.main.TestCaseMain$startTestSuite$0.call(Unknown Source)
	at TempTestSuite1581699028664.run(TempTestSuite1581699028664.groovy:36)]]></system-err>
      </testcase>
      <testcase name="Test Cases/Test_Beams_by_Zip_to_Excel" time="2.17" classname="Test Cases/Test_Beams_by_Zip_to_Excel" status="PASSED">
         <system-out><![CDATA[2020-02-14 09:53:03 - [TEST_CASE][PASSED] - Test Cases/Test_Beams_by_Zip_to_Excel: Test Cases/Test_Beams_by_Zip_to_Excel

2020-02-14 09:53:03 - [TEST_STEP][PASSED] - excelFile01 = "beams-test-results.xlsx": null

2020-02-14 09:53:03 - [TEST_STEP][PASSED] - ExpectedListSheetFile1 = ["Sheet1"]: null

2020-02-14 09:53:03 - [TEST_STEP][PASSED] - workbookFile01 = getWorkbook(excelFile01): null

2020-02-14 09:53:03 - [TEST_STEP][PASSED] - workbook01 = getWorkbook(excelFile01): null

2020-02-14 09:53:03 - [TEST_STEP][PASSED] - sheet01 = getExcelSheet(workbook01, "Sheet1"): null

2020-02-14 09:53:03 - [TEST_STEP][PASSED] - setValueToCellByAddress(sheet01, "A1", "TEST"): null

2020-02-14 09:53:03 - [TEST_STEP][PASSED] - setValueToCellByAddress(sheet01, "B1", "BEAM"): null

2020-02-14 09:53:03 - [TEST_STEP][PASSED] - setValueToCellByAddress(sheet01, "C1", "UFF"): null

2020-02-14 09:53:03 - [TEST_STEP][PASSED] - setValueToCellByAddress(sheet01, "D1", "PLAN"): null

2020-02-14 09:53:03 - [TEST_STEP][PASSED] - setValueToCellByAddress(sheet01, "E1", "API PLAN"): null

2020-02-14 09:53:03 - [TEST_STEP][PASSED] - mybeam = mybeam: null

2020-02-14 09:53:03 - [TEST_STEP][PASSED] - myuff = myuff: null

2020-02-14 09:53:03 - [TEST_STEP][PASSED] - myplan = myplan: null

2020-02-14 09:53:03 - [TEST_STEP][PASSED] - log = new com.kms.katalon.core.logging.KeywordLogger(): null

2020-02-14 09:53:03 - [TEST_STEP][PASSED] - log.logWarning("beam " + mybeam + " zip " + myzip + " upfront fees " + myuff + " plan " + myplan): beam 73 zip 81507 upfront fees 0 plan Augmented Standard Plan

2020-02-14 09:53:03 - [MESSAGE][WARNING] - beam 73 zip 81507 upfront fees 0 plan Augmented Standard Plan

2020-02-14 09:53:03 - [TEST_STEP][PASSED] - setValueToCellByAddress(sheet01, "B" + mycount, beamFail): null

2020-02-14 09:53:03 - [TEST_STEP][PASSED] - setValueToCellByAddress(sheet01, "C" + mycount, uffFail): null

2020-02-14 09:53:03 - [TEST_STEP][PASSED] - mycount = mycount + 1: null

2020-02-14 09:53:03 - [TEST_STEP][PASSED] - setValueToCellByAddress(sheet01, "A" + mycount, "beam " + mybeam + " zip " + myzip + " upfront fees " + myuff + " plan " + myplan): null

2020-02-14 09:53:03 - [TEST_STEP][PASSED] - setValueToCellByAddress(sheet01, "D" + mycount, myplan): null

2020-02-14 09:53:03 - [TEST_STEP][PASSED] - sendRequestAndVerify(findTestObject("Exede_Zip", ["myzip":myzip])): Send request and verify the response successfully

2020-02-14 09:53:05 - [MESSAGE][INFO] - HAR: /Users/jhampleman/jenkins-beam-tests-master/Reports/20200214_095028/RUN_Exede_Zip_Test/20200214_095028/requests/main/70.har

2020-02-14 09:53:05 - [TEST_CASE][PASSED] - Start Test Case : Verification: Verification accomplished successfully

2020-02-14 09:53:06 - [TEST_STEP][PASSED] - request = getInstance().getCurrentRequest(): null

2020-02-14 09:53:06 - [TEST_STEP][PASSED] - response = getInstance().getCurrentResponse(): null

2020-02-14 09:53:06 - [TEST_STEP][PASSED] - if (!(verifyElementPropertyValue(response, "data.beam", mybeam))): Verify element property value successfully

2020-02-14 09:53:06 - [MESSAGE][PASSED] - Verify element property value successfully

2020-02-14 09:53:06 - [TEST_STEP][PASSED] - else: null

2020-02-14 09:53:06 - [TEST_STEP][PASSED] - beamFail = "P": null

2020-02-14 09:53:06 - [TEST_STEP][PASSED] - if (!(verifyElementPropertyValue(response, "data.product.down", myuff))): Verify element property value successfully

2020-02-14 09:53:06 - [MESSAGE][PASSED] - Verify element property value successfully

2020-02-14 09:53:06 - [TEST_STEP][PASSED] - else: null

2020-02-14 09:53:06 - [TEST_STEP][PASSED] - uffFail = "P": null

2020-02-14 09:53:06 - [TEST_STEP][PASSED] - jsonSlurper = new groovy.json.JsonSlurper(): null

2020-02-14 09:53:06 - [TEST_STEP][PASSED] - object = jsonSlurper.parseText(response.getResponseText()): null

2020-02-14 09:53:06 - [TEST_STEP][PASSED] - println(object): null

2020-02-14 09:53:06 - [TEST_STEP][PASSED] - mytest = plans: null

2020-02-14 09:53:06 - [TEST_STEP][PASSED] - variable = mytest: null

2020-02-14 09:53:06 - [MESSAGE][PASSED] - Verify response successfully

2020-02-14 09:53:06 - [MESSAGE][PASSED] - Send request and verify the response successfully

2020-02-14 09:53:06 - [TEST_STEP][PASSED] - setValueToCellByAddress(sheet01, "E" + mycount, variable): null

2020-02-14 09:53:06 - [TEST_STEP][PASSED] - saveWorkbook(excelFile01, workbook01): null]]></system-out>
         <system-err><![CDATA[]]></system-err>
      </testcase>
      <testcase name="Test Cases/Test_Beams_by_Zip_to_Excel" time="2.043" classname="Test Cases/Test_Beams_by_Zip_to_Excel" status="PASSED">
         <system-out><![CDATA[2020-02-14 09:53:06 - [TEST_CASE][PASSED] - Test Cases/Test_Beams_by_Zip_to_Excel: Test Cases/Test_Beams_by_Zip_to_Excel

2020-02-14 09:53:06 - [TEST_STEP][PASSED] - excelFile01 = "beams-test-results.xlsx": null

2020-02-14 09:53:06 - [TEST_STEP][PASSED] - ExpectedListSheetFile1 = ["Sheet1"]: null

2020-02-14 09:53:06 - [TEST_STEP][PASSED] - workbookFile01 = getWorkbook(excelFile01): null

2020-02-14 09:53:06 - [TEST_STEP][PASSED] - workbook01 = getWorkbook(excelFile01): null

2020-02-14 09:53:06 - [TEST_STEP][PASSED] - sheet01 = getExcelSheet(workbook01, "Sheet1"): null

2020-02-14 09:53:06 - [TEST_STEP][PASSED] - setValueToCellByAddress(sheet01, "A1", "TEST"): null

2020-02-14 09:53:06 - [TEST_STEP][PASSED] - setValueToCellByAddress(sheet01, "B1", "BEAM"): null

2020-02-14 09:53:06 - [TEST_STEP][PASSED] - setValueToCellByAddress(sheet01, "C1", "UFF"): null

2020-02-14 09:53:06 - [TEST_STEP][PASSED] - setValueToCellByAddress(sheet01, "D1", "PLAN"): null

2020-02-14 09:53:06 - [TEST_STEP][PASSED] - setValueToCellByAddress(sheet01, "E1", "API PLAN"): null

2020-02-14 09:53:06 - [TEST_STEP][PASSED] - mybeam = mybeam: null

2020-02-14 09:53:06 - [TEST_STEP][PASSED] - myuff = myuff: null

2020-02-14 09:53:06 - [TEST_STEP][PASSED] - myplan = myplan: null

2020-02-14 09:53:06 - [TEST_STEP][PASSED] - log = new com.kms.katalon.core.logging.KeywordLogger(): null

2020-02-14 09:53:06 - [TEST_STEP][PASSED] - log.logWarning("beam " + mybeam + " zip " + myzip + " upfront fees " + myuff + " plan " + myplan): beam 498 zip 67952 upfront fees 0 plan VS2 High Fill

2020-02-14 09:53:06 - [MESSAGE][WARNING] - beam 498 zip 67952 upfront fees 0 plan VS2 High Fill

2020-02-14 09:53:06 - [TEST_STEP][PASSED] - setValueToCellByAddress(sheet01, "B" + mycount, beamFail): null

2020-02-14 09:53:06 - [TEST_STEP][PASSED] - setValueToCellByAddress(sheet01, "C" + mycount, uffFail): null

2020-02-14 09:53:06 - [TEST_STEP][PASSED] - mycount = mycount + 1: null

2020-02-14 09:53:06 - [TEST_STEP][PASSED] - setValueToCellByAddress(sheet01, "A" + mycount, "beam " + mybeam + " zip " + myzip + " upfront fees " + myuff + " plan " + myplan): null

2020-02-14 09:53:06 - [TEST_STEP][PASSED] - setValueToCellByAddress(sheet01, "D" + mycount, myplan): null

2020-02-14 09:53:06 - [TEST_STEP][PASSED] - sendRequestAndVerify(findTestObject("Exede_Zip", ["myzip":myzip])): Send request and verify the response successfully

2020-02-14 09:53:07 - [MESSAGE][INFO] - HAR: /Users/jhampleman/jenkins-beam-tests-master/Reports/20200214_095028/RUN_Exede_Zip_Test/20200214_095028/requests/main/71.har

2020-02-14 09:53:08 - [TEST_CASE][PASSED] - Start Test Case : Verification: Verification accomplished successfully

2020-02-14 09:53:08 - [TEST_STEP][PASSED] - request = getInstance().getCurrentRequest(): null

2020-02-14 09:53:08 - [TEST_STEP][PASSED] - response = getInstance().getCurrentResponse(): null

2020-02-14 09:53:08 - [TEST_STEP][PASSED] - if (!(verifyElementPropertyValue(response, "data.beam", mybeam))): Verify element property value successfully

2020-02-14 09:53:08 - [MESSAGE][PASSED] - Verify element property value successfully

2020-02-14 09:53:08 - [TEST_STEP][PASSED] - else: null

2020-02-14 09:53:08 - [TEST_STEP][PASSED] - beamFail = "P": null

2020-02-14 09:53:08 - [TEST_STEP][PASSED] - if (!(verifyElementPropertyValue(response, "data.product.down", myuff))): Verify element property value successfully

2020-02-14 09:53:08 - [MESSAGE][PASSED] - Verify element property value successfully

2020-02-14 09:53:08 - [TEST_STEP][PASSED] - else: null

2020-02-14 09:53:08 - [TEST_STEP][PASSED] - uffFail = "P": null

2020-02-14 09:53:08 - [TEST_STEP][PASSED] - jsonSlurper = new groovy.json.JsonSlurper(): null

2020-02-14 09:53:08 - [TEST_STEP][PASSED] - object = jsonSlurper.parseText(response.getResponseText()): null

2020-02-14 09:53:08 - [TEST_STEP][PASSED] - println(object): null

2020-02-14 09:53:08 - [TEST_STEP][PASSED] - mytest = plans: null

2020-02-14 09:53:08 - [TEST_STEP][PASSED] - variable = mytest: null

2020-02-14 09:53:08 - [MESSAGE][PASSED] - Verify response successfully

2020-02-14 09:53:08 - [MESSAGE][PASSED] - Send request and verify the response successfully

2020-02-14 09:53:08 - [TEST_STEP][PASSED] - setValueToCellByAddress(sheet01, "E" + mycount, variable): null

2020-02-14 09:53:08 - [TEST_STEP][PASSED] - saveWorkbook(excelFile01, workbook01): null]]></system-out>
         <system-err><![CDATA[]]></system-err>
      </testcase>
      <testcase name="Test Cases/Test_Beams_by_Zip_to_Excel" time="2.818" classname="Test Cases/Test_Beams_by_Zip_to_Excel" status="PASSED">
         <system-out><![CDATA[2020-02-14 09:53:08 - [TEST_CASE][PASSED] - Test Cases/Test_Beams_by_Zip_to_Excel: Test Cases/Test_Beams_by_Zip_to_Excel

2020-02-14 09:53:08 - [TEST_STEP][PASSED] - excelFile01 = "beams-test-results.xlsx": null

2020-02-14 09:53:08 - [TEST_STEP][PASSED] - ExpectedListSheetFile1 = ["Sheet1"]: null

2020-02-14 09:53:08 - [TEST_STEP][PASSED] - workbookFile01 = getWorkbook(excelFile01): null

2020-02-14 09:53:08 - [TEST_STEP][PASSED] - workbook01 = getWorkbook(excelFile01): null

2020-02-14 09:53:08 - [TEST_STEP][PASSED] - sheet01 = getExcelSheet(workbook01, "Sheet1"): null

2020-02-14 09:53:08 - [TEST_STEP][PASSED] - setValueToCellByAddress(sheet01, "A1", "TEST"): null

2020-02-14 09:53:08 - [TEST_STEP][PASSED] - setValueToCellByAddress(sheet01, "B1", "BEAM"): null

2020-02-14 09:53:08 - [TEST_STEP][PASSED] - setValueToCellByAddress(sheet01, "C1", "UFF"): null

2020-02-14 09:53:08 - [TEST_STEP][PASSED] - setValueToCellByAddress(sheet01, "D1", "PLAN"): null

2020-02-14 09:53:08 - [TEST_STEP][PASSED] - setValueToCellByAddress(sheet01, "E1", "API PLAN"): null

2020-02-14 09:53:08 - [TEST_STEP][PASSED] - mybeam = mybeam: null

2020-02-14 09:53:08 - [TEST_STEP][PASSED] - myuff = myuff: null

2020-02-14 09:53:08 - [TEST_STEP][PASSED] - myplan = myplan: null

2020-02-14 09:53:08 - [TEST_STEP][PASSED] - log = new com.kms.katalon.core.logging.KeywordLogger(): null

2020-02-14 09:53:08 - [TEST_STEP][PASSED] - log.logWarning("beam " + mybeam + " zip " + myzip + " upfront fees " + myuff + " plan " + myplan): beam 499 zip 67152 upfront fees 0 plan VS2 High Fill

2020-02-14 09:53:08 - [MESSAGE][WARNING] - beam 499 zip 67152 upfront fees 0 plan VS2 High Fill

2020-02-14 09:53:08 - [TEST_STEP][PASSED] - setValueToCellByAddress(sheet01, "B" + mycount, beamFail): null

2020-02-14 09:53:08 - [TEST_STEP][PASSED] - setValueToCellByAddress(sheet01, "C" + mycount, uffFail): null

2020-02-14 09:53:08 - [TEST_STEP][PASSED] - mycount = mycount + 1: null

2020-02-14 09:53:08 - [TEST_STEP][PASSED] - setValueToCellByAddress(sheet01, "A" + mycount, "beam " + mybeam + " zip " + myzip + " upfront fees " + myuff + " plan " + myplan): null

2020-02-14 09:53:08 - [TEST_STEP][PASSED] - setValueToCellByAddress(sheet01, "D" + mycount, myplan): null

2020-02-14 09:53:08 - [TEST_STEP][PASSED] - sendRequestAndVerify(findTestObject("Exede_Zip", ["myzip":myzip])): Send request and verify the response successfully

2020-02-14 09:53:10 - [MESSAGE][INFO] - HAR: /Users/jhampleman/jenkins-beam-tests-master/Reports/20200214_095028/RUN_Exede_Zip_Test/20200214_095028/requests/main/72.har

2020-02-14 09:53:10 - [TEST_CASE][PASSED] - Start Test Case : Verification: Verification accomplished successfully

2020-02-14 09:53:10 - [TEST_STEP][PASSED] - request = getInstance().getCurrentRequest(): null

2020-02-14 09:53:10 - [TEST_STEP][PASSED] - response = getInstance().getCurrentResponse(): null

2020-02-14 09:53:10 - [TEST_STEP][PASSED] - if (!(verifyElementPropertyValue(response, "data.beam", mybeam))): Verify element property value successfully

2020-02-14 09:53:10 - [MESSAGE][PASSED] - Verify element property value successfully

2020-02-14 09:53:10 - [TEST_STEP][PASSED] - else: null

2020-02-14 09:53:10 - [TEST_STEP][PASSED] - beamFail = "P": null

2020-02-14 09:53:10 - [TEST_STEP][PASSED] - if (!(verifyElementPropertyValue(response, "data.product.down", myuff))): Verify element property value successfully

2020-02-14 09:53:10 - [MESSAGE][PASSED] - Verify element property value successfully

2020-02-14 09:53:10 - [TEST_STEP][PASSED] - else: null

2020-02-14 09:53:10 - [TEST_STEP][PASSED] - uffFail = "P": null

2020-02-14 09:53:10 - [TEST_STEP][PASSED] - jsonSlurper = new groovy.json.JsonSlurper(): null

2020-02-14 09:53:10 - [TEST_STEP][PASSED] - object = jsonSlurper.parseText(response.getResponseText()): null

2020-02-14 09:53:10 - [TEST_STEP][PASSED] - println(object): null

2020-02-14 09:53:10 - [TEST_STEP][PASSED] - mytest = plans: null

2020-02-14 09:53:10 - [TEST_STEP][PASSED] - variable = mytest: null

2020-02-14 09:53:10 - [MESSAGE][PASSED] - Verify response successfully

2020-02-14 09:53:10 - [MESSAGE][PASSED] - Send request and verify the response successfully

2020-02-14 09:53:10 - [TEST_STEP][PASSED] - setValueToCellByAddress(sheet01, "E" + mycount, variable): null

2020-02-14 09:53:10 - [TEST_STEP][PASSED] - saveWorkbook(excelFile01, workbook01): null]]></system-out>
         <system-err><![CDATA[]]></system-err>
      </testcase>
      <testcase name="Test Cases/Test_Beams_by_Zip_to_Excel" time="1.889" classname="Test Cases/Test_Beams_by_Zip_to_Excel" status="FAILED">
         <failure type="FAILED" message="Test Cases/Test_Beams_by_Zip_to_Excel FAILED.
Reason:
com.kms.katalon.core.exception.StepFailedException: Expected element property value '500' is not equal with actual property value '324'
	at com.kms.katalon.core.keyword.internal.KeywordMain.stepFailed(KeywordMain.groovy:39)
	at com.kms.katalon.core.webservice.keyword.builtin.VerifyElementPropertyValueKeyword$_verifyElementPropertyValue_closure1.doCall(VerifyElementPropertyValueKeyword.groovy:56)
	at com.kms.katalon.core.webservice.keyword.builtin.VerifyElementPropertyValueKeyword$_verifyElementPropertyValue_closure1.call(VerifyElementPropertyValueKeyword.groovy)
	at com.kms.katalon.core.keyword.internal.KeywordMain.runKeyword(KeywordMain.groovy:68)
	at com.kms.katalon.core.webservice.keyword.builtin.VerifyElementPropertyValueKeyword.verifyElementPropertyValue(VerifyElementPropertyValueKeyword.groovy:48)
	at com.kms.katalon.core.webservice.keyword.builtin.VerifyElementPropertyValueKeyword.execute(VerifyElementPropertyValueKeyword.groovy:43)
	at com.kms.katalon.core.keyword.internal.KeywordExecutor.executeKeywordForPlatform(KeywordExecutor.groovy:72)
	at com.kms.katalon.core.webservice.keyword.WSBuiltInKeywords.verifyElementPropertyValue(WSBuiltInKeywords.groovy:189)
	at com.kms.katalon.core.webservice.keyword.WSBuiltInKeywords$verifyElementPropertyValue$0.call(Unknown Source)
	at WSVerification1581699192767.run(WSVerification1581699192767:16)
	at com.kms.katalon.core.main.ScriptEngine.run(ScriptEngine.java:194)
	at com.kms.katalon.core.main.ScriptEngine.runScriptAsRawText(ScriptEngine.java:119)
	at com.kms.katalon.core.main.WSVerificationExecutor.runScript(WSVerificationExecutor.java:146)
	at com.kms.katalon.core.main.WSVerificationExecutor.doExecute(WSVerificationExecutor.java:140)
	at com.kms.katalon.core.main.WSVerificationExecutor.processExecutionPhase(WSVerificationExecutor.java:123)
	at com.kms.katalon.core.main.WSVerificationExecutor.accessMainPhase(WSVerificationExecutor.java:115)
	at com.kms.katalon.core.main.WSVerificationExecutor.execute(WSVerificationExecutor.java:103)
	at com.kms.katalon.core.main.TestCaseMain.runWSVerificationScript(TestCaseMain.java:127)
	at com.kms.katalon.core.webservice.keyword.builtin.SendRequestAndVerifyKeyword$_sendRequestAndVerify_closure1.doCall(SendRequestAndVerifyKeyword.groovy:55)
	at com.kms.katalon.core.webservice.keyword.builtin.SendRequestAndVerifyKeyword$_sendRequestAndVerify_closure1.call(SendRequestAndVerifyKeyword.groovy)
	at com.kms.katalon.core.keyword.internal.KeywordMain.runKeyword(KeywordMain.groovy:68)
	at com.kms.katalon.core.webservice.keyword.builtin.SendRequestAndVerifyKeyword.sendRequestAndVerify(SendRequestAndVerifyKeyword.groovy:43)
	at com.kms.katalon.core.webservice.keyword.builtin.SendRequestAndVerifyKeyword.execute(SendRequestAndVerifyKeyword.groovy:38)
	at com.kms.katalon.core.keyword.internal.KeywordExecutor.executeKeywordForPlatform(KeywordExecutor.groovy:72)
	at com.kms.katalon.core.webservice.keyword.WSBuiltInKeywords.sendRequestAndVerify(WSBuiltInKeywords.groovy:65)
	at com.kms.katalon.core.webservice.keyword.WSBuiltInKeywords$sendRequestAndVerify.call(Unknown Source)
	at Test_Beams_by_Zip_to_Excel.run(Test_Beams_by_Zip_to_Excel:68)
	at com.kms.katalon.core.main.ScriptEngine.run(ScriptEngine.java:194)
	at com.kms.katalon.core.main.ScriptEngine.runScriptAsRawText(ScriptEngine.java:119)
	at com.kms.katalon.core.main.TestCaseExecutor.runScript(TestCaseExecutor.java:337)
	at com.kms.katalon.core.main.TestCaseExecutor.doExecute(TestCaseExecutor.java:328)
	at com.kms.katalon.core.main.TestCaseExecutor.processExecutionPhase(TestCaseExecutor.java:307)
	at com.kms.katalon.core.main.TestCaseExecutor.accessMainPhase(TestCaseExecutor.java:299)
	at com.kms.katalon.core.main.TestCaseExecutor.execute(TestCaseExecutor.java:233)
	at com.kms.katalon.core.main.TestSuiteExecutor.accessTestCaseMainPhase(TestSuiteExecutor.java:169)
	at com.kms.katalon.core.main.TestSuiteExecutor.accessTestSuiteMainPhase(TestSuiteExecutor.java:142)
	at com.kms.katalon.core.main.TestSuiteExecutor.execute(TestSuiteExecutor.java:91)
	at com.kms.katalon.core.main.TestCaseMain.startTestSuite(TestCaseMain.java:157)
	at com.kms.katalon.core.main.TestCaseMain$startTestSuite$0.call(Unknown Source)
	at TempTestSuite1581699028664.run(TempTestSuite1581699028664.groovy:36)
"/>
         <system-out><![CDATA[2020-02-14 09:53:10 - [TEST_CASE][FAILED] - Test Cases/Test_Beams_by_Zip_to_Excel: Test Cases/Test_Beams_by_Zip_to_Excel FAILED.
Reason:
com.kms.katalon.core.exception.StepFailedException: Expected element property value '500' is not equal with actual property value '324'
	at com.kms.katalon.core.keyword.internal.KeywordMain.stepFailed(KeywordMain.groovy:39)
	at com.kms.katalon.core.webservice.keyword.builtin.VerifyElementPropertyValueKeyword$_verifyElementPropertyValue_closure1.doCall(VerifyElementPropertyValueKeyword.groovy:56)
	at com.kms.katalon.core.webservice.keyword.builtin.VerifyElementPropertyValueKeyword$_verifyElementPropertyValue_closure1.call(VerifyElementPropertyValueKeyword.groovy)
	at com.kms.katalon.core.keyword.internal.KeywordMain.runKeyword(KeywordMain.groovy:68)
	at com.kms.katalon.core.webservice.keyword.builtin.VerifyElementPropertyValueKeyword.verifyElementPropertyValue(VerifyElementPropertyValueKeyword.groovy:48)
	at com.kms.katalon.core.webservice.keyword.builtin.VerifyElementPropertyValueKeyword.execute(VerifyElementPropertyValueKeyword.groovy:43)
	at com.kms.katalon.core.keyword.internal.KeywordExecutor.executeKeywordForPlatform(KeywordExecutor.groovy:72)
	at com.kms.katalon.core.webservice.keyword.WSBuiltInKeywords.verifyElementPropertyValue(WSBuiltInKeywords.groovy:189)
	at com.kms.katalon.core.webservice.keyword.WSBuiltInKeywords$verifyElementPropertyValue$0.call(Unknown Source)
	at WSVerification1581699192767.run(WSVerification1581699192767:16)
	at com.kms.katalon.core.main.ScriptEngine.run(ScriptEngine.java:194)
	at com.kms.katalon.core.main.ScriptEngine.runScriptAsRawText(ScriptEngine.java:119)
	at com.kms.katalon.core.main.WSVerificationExecutor.runScript(WSVerificationExecutor.java:146)
	at com.kms.katalon.core.main.WSVerificationExecutor.doExecute(WSVerificationExecutor.java:140)
	at com.kms.katalon.core.main.WSVerificationExecutor.processExecutionPhase(WSVerificationExecutor.java:123)
	at com.kms.katalon.core.main.WSVerificationExecutor.accessMainPhase(WSVerificationExecutor.java:115)
	at com.kms.katalon.core.main.WSVerificationExecutor.execute(WSVerificationExecutor.java:103)
	at com.kms.katalon.core.main.TestCaseMain.runWSVerificationScript(TestCaseMain.java:127)
	at com.kms.katalon.core.webservice.keyword.builtin.SendRequestAndVerifyKeyword$_sendRequestAndVerify_closure1.doCall(SendRequestAndVerifyKeyword.groovy:55)
	at com.kms.katalon.core.webservice.keyword.builtin.SendRequestAndVerifyKeyword$_sendRequestAndVerify_closure1.call(SendRequestAndVerifyKeyword.groovy)
	at com.kms.katalon.core.keyword.internal.KeywordMain.runKeyword(KeywordMain.groovy:68)
	at com.kms.katalon.core.webservice.keyword.builtin.SendRequestAndVerifyKeyword.sendRequestAndVerify(SendRequestAndVerifyKeyword.groovy:43)
	at com.kms.katalon.core.webservice.keyword.builtin.SendRequestAndVerifyKeyword.execute(SendRequestAndVerifyKeyword.groovy:38)
	at com.kms.katalon.core.keyword.internal.KeywordExecutor.executeKeywordForPlatform(KeywordExecutor.groovy:72)
	at com.kms.katalon.core.webservice.keyword.WSBuiltInKeywords.sendRequestAndVerify(WSBuiltInKeywords.groovy:65)
	at com.kms.katalon.core.webservice.keyword.WSBuiltInKeywords$sendRequestAndVerify.call(Unknown Source)
	at Test_Beams_by_Zip_to_Excel.run(Test_Beams_by_Zip_to_Excel:68)
	at com.kms.katalon.core.main.ScriptEngine.run(ScriptEngine.java:194)
	at com.kms.katalon.core.main.ScriptEngine.runScriptAsRawText(ScriptEngine.java:119)
	at com.kms.katalon.core.main.TestCaseExecutor.runScript(TestCaseExecutor.java:337)
	at com.kms.katalon.core.main.TestCaseExecutor.doExecute(TestCaseExecutor.java:328)
	at com.kms.katalon.core.main.TestCaseExecutor.processExecutionPhase(TestCaseExecutor.java:307)
	at com.kms.katalon.core.main.TestCaseExecutor.accessMainPhase(TestCaseExecutor.java:299)
	at com.kms.katalon.core.main.TestCaseExecutor.execute(TestCaseExecutor.java:233)
	at com.kms.katalon.core.main.TestSuiteExecutor.accessTestCaseMainPhase(TestSuiteExecutor.java:169)
	at com.kms.katalon.core.main.TestSuiteExecutor.accessTestSuiteMainPhase(TestSuiteExecutor.java:142)
	at com.kms.katalon.core.main.TestSuiteExecutor.execute(TestSuiteExecutor.java:91)
	at com.kms.katalon.core.main.TestCaseMain.startTestSuite(TestCaseMain.java:157)
	at com.kms.katalon.core.main.TestCaseMain$startTestSuite$0.call(Unknown Source)
	at TempTestSuite1581699028664.run(TempTestSuite1581699028664.groovy:36)


2020-02-14 09:53:10 - [TEST_STEP][PASSED] - excelFile01 = "beams-test-results.xlsx": null

2020-02-14 09:53:10 - [TEST_STEP][PASSED] - ExpectedListSheetFile1 = ["Sheet1"]: null

2020-02-14 09:53:10 - [TEST_STEP][PASSED] - workbookFile01 = getWorkbook(excelFile01): null

2020-02-14 09:53:10 - [TEST_STEP][PASSED] - workbook01 = getWorkbook(excelFile01): null

2020-02-14 09:53:11 - [TEST_STEP][PASSED] - sheet01 = getExcelSheet(workbook01, "Sheet1"): null

2020-02-14 09:53:11 - [TEST_STEP][PASSED] - setValueToCellByAddress(sheet01, "A1", "TEST"): null

2020-02-14 09:53:11 - [TEST_STEP][PASSED] - setValueToCellByAddress(sheet01, "B1", "BEAM"): null

2020-02-14 09:53:11 - [TEST_STEP][PASSED] - setValueToCellByAddress(sheet01, "C1", "UFF"): null

2020-02-14 09:53:11 - [TEST_STEP][PASSED] - setValueToCellByAddress(sheet01, "D1", "PLAN"): null

2020-02-14 09:53:11 - [TEST_STEP][PASSED] - setValueToCellByAddress(sheet01, "E1", "API PLAN"): null

2020-02-14 09:53:11 - [TEST_STEP][PASSED] - mybeam = mybeam: null

2020-02-14 09:53:11 - [TEST_STEP][PASSED] - myuff = myuff: null

2020-02-14 09:53:11 - [TEST_STEP][PASSED] - myplan = myplan: null

2020-02-14 09:53:11 - [TEST_STEP][PASSED] - log = new com.kms.katalon.core.logging.KeywordLogger(): null

2020-02-14 09:53:11 - [TEST_STEP][PASSED] - log.logWarning("beam " + mybeam + " zip " + myzip + " upfront fees " + myuff + " plan " + myplan): beam 500 zip 65775 upfront fees 0 plan VS2 High Fill

2020-02-14 09:53:11 - [MESSAGE][WARNING] - beam 500 zip 65775 upfront fees 0 plan VS2 High Fill

2020-02-14 09:53:11 - [TEST_STEP][PASSED] - setValueToCellByAddress(sheet01, "B" + mycount, beamFail): null

2020-02-14 09:53:11 - [TEST_STEP][PASSED] - setValueToCellByAddress(sheet01, "C" + mycount, uffFail): null

2020-02-14 09:53:11 - [TEST_STEP][PASSED] - mycount = mycount + 1: null

2020-02-14 09:53:11 - [TEST_STEP][PASSED] - setValueToCellByAddress(sheet01, "A" + mycount, "beam " + mybeam + " zip " + myzip + " upfront fees " + myuff + " plan " + myplan): null

2020-02-14 09:53:11 - [TEST_STEP][PASSED] - setValueToCellByAddress(sheet01, "D" + mycount, myplan): null

2020-02-14 09:53:11 - [TEST_STEP][FAILED] - sendRequestAndVerify(findTestObject("Exede_Zip", ["myzip":myzip])): Unable to send request and verify the response (Root cause: com.kms.katalon.core.exception.StepFailedException: Verification failed
	at com.kms.katalon.core.webservice.keyword.builtin.SendRequestAndVerifyKeyword$_sendRequestAndVerify_closure1.doCall(SendRequestAndVerifyKeyword.groovy:59)
	at com.kms.katalon.core.webservice.keyword.builtin.SendRequestAndVerifyKeyword$_sendRequestAndVerify_closure1.call(SendRequestAndVerifyKeyword.groovy)
	at com.kms.katalon.core.keyword.internal.KeywordMain.runKeyword(KeywordMain.groovy:68)
	at com.kms.katalon.core.webservice.keyword.builtin.SendRequestAndVerifyKeyword.sendRequestAndVerify(SendRequestAndVerifyKeyword.groovy:43)
	at com.kms.katalon.core.webservice.keyword.builtin.SendRequestAndVerifyKeyword.execute(SendRequestAndVerifyKeyword.groovy:38)
	at com.kms.katalon.core.keyword.internal.KeywordExecutor.executeKeywordForPlatform(KeywordExecutor.groovy:72)
	at com.kms.katalon.core.webservice.keyword.WSBuiltInKeywords.sendRequestAndVerify(WSBuiltInKeywords.groovy:65)
	at com.kms.katalon.core.webservice.keyword.WSBuiltInKeywords$sendRequestAndVerify.call(Unknown Source)
	at Test_Beams_by_Zip_to_Excel.run(Test_Beams_by_Zip_to_Excel:68)
	at com.kms.katalon.core.main.ScriptEngine.run(ScriptEngine.java:194)
	at com.kms.katalon.core.main.ScriptEngine.runScriptAsRawText(ScriptEngine.java:119)
	at com.kms.katalon.core.main.TestCaseExecutor.runScript(TestCaseExecutor.java:337)
	at com.kms.katalon.core.main.TestCaseExecutor.doExecute(TestCaseExecutor.java:328)
	at com.kms.katalon.core.main.TestCaseExecutor.processExecutionPhase(TestCaseExecutor.java:307)
	at com.kms.katalon.core.main.TestCaseExecutor.accessMainPhase(TestCaseExecutor.java:299)
	at com.kms.katalon.core.main.TestCaseExecutor.execute(TestCaseExecutor.java:233)
	at com.kms.katalon.core.main.TestSuiteExecutor.accessTestCaseMainPhase(TestSuiteExecutor.java:169)
	at com.kms.katalon.core.main.TestSuiteExecutor.accessTestSuiteMainPhase(TestSuiteExecutor.java:142)
	at com.kms.katalon.core.main.TestSuiteExecutor.execute(TestSuiteExecutor.java:91)
	at com.kms.katalon.core.main.TestCaseMain.startTestSuite(TestCaseMain.java:157)
	at com.kms.katalon.core.main.TestCaseMain$startTestSuite$0.call(Unknown Source)
	at TempTestSuite1581699028664.run(TempTestSuite1581699028664.groovy:36)
)

2020-02-14 09:53:12 - [MESSAGE][INFO] - HAR: /Users/jhampleman/jenkins-beam-tests-master/Reports/20200214_095028/RUN_Exede_Zip_Test/20200214_095028/requests/main/73.har

2020-02-14 09:53:12 - [TEST_CASE][FAILED] - Start Test Case : Verification: Verification FAILED.
Reason:
com.kms.katalon.core.exception.StepFailedException: Expected element property value '500' is not equal with actual property value '324'
	at com.kms.katalon.core.keyword.internal.KeywordMain.stepFailed(KeywordMain.groovy:39)
	at com.kms.katalon.core.webservice.keyword.builtin.VerifyElementPropertyValueKeyword$_verifyElementPropertyValue_closure1.doCall(VerifyElementPropertyValueKeyword.groovy:56)
	at com.kms.katalon.core.webservice.keyword.builtin.VerifyElementPropertyValueKeyword$_verifyElementPropertyValue_closure1.call(VerifyElementPropertyValueKeyword.groovy)
	at com.kms.katalon.core.keyword.internal.KeywordMain.runKeyword(KeywordMain.groovy:68)
	at com.kms.katalon.core.webservice.keyword.builtin.VerifyElementPropertyValueKeyword.verifyElementPropertyValue(VerifyElementPropertyValueKeyword.groovy:48)
	at com.kms.katalon.core.webservice.keyword.builtin.VerifyElementPropertyValueKeyword.execute(VerifyElementPropertyValueKeyword.groovy:43)
	at com.kms.katalon.core.keyword.internal.KeywordExecutor.executeKeywordForPlatform(KeywordExecutor.groovy:72)
	at com.kms.katalon.core.webservice.keyword.WSBuiltInKeywords.verifyElementPropertyValue(WSBuiltInKeywords.groovy:189)
	at com.kms.katalon.core.webservice.keyword.WSBuiltInKeywords$verifyElementPropertyValue$0.call(Unknown Source)
	at WSVerification1581699192767.run(WSVerification1581699192767:16)
	at com.kms.katalon.core.main.ScriptEngine.run(ScriptEngine.java:194)
	at com.kms.katalon.core.main.ScriptEngine.runScriptAsRawText(ScriptEngine.java:119)
	at com.kms.katalon.core.main.WSVerificationExecutor.runScript(WSVerificationExecutor.java:146)
	at com.kms.katalon.core.main.WSVerificationExecutor.doExecute(WSVerificationExecutor.java:140)
	at com.kms.katalon.core.main.WSVerificationExecutor.processExecutionPhase(WSVerificationExecutor.java:123)
	at com.kms.katalon.core.main.WSVerificationExecutor.accessMainPhase(WSVerificationExecutor.java:115)
	at com.kms.katalon.core.main.WSVerificationExecutor.execute(WSVerificationExecutor.java:103)
	at com.kms.katalon.core.main.TestCaseMain.runWSVerificationScript(TestCaseMain.java:127)
	at com.kms.katalon.core.webservice.keyword.builtin.SendRequestAndVerifyKeyword$_sendRequestAndVerify_closure1.doCall(SendRequestAndVerifyKeyword.groovy:55)
	at com.kms.katalon.core.webservice.keyword.builtin.SendRequestAndVerifyKeyword$_sendRequestAndVerify_closure1.call(SendRequestAndVerifyKeyword.groovy)
	at com.kms.katalon.core.keyword.internal.KeywordMain.runKeyword(KeywordMain.groovy:68)
	at com.kms.katalon.core.webservice.keyword.builtin.SendRequestAndVerifyKeyword.sendRequestAndVerify(SendRequestAndVerifyKeyword.groovy:43)
	at com.kms.katalon.core.webservice.keyword.builtin.SendRequestAndVerifyKeyword.execute(SendRequestAndVerifyKeyword.groovy:38)
	at com.kms.katalon.core.keyword.internal.KeywordExecutor.executeKeywordForPlatform(KeywordExecutor.groovy:72)
	at com.kms.katalon.core.webservice.keyword.WSBuiltInKeywords.sendRequestAndVerify(WSBuiltInKeywords.groovy:65)
	at com.kms.katalon.core.webservice.keyword.WSBuiltInKeywords$sendRequestAndVerify.call(Unknown Source)
	at Test_Beams_by_Zip_to_Excel.run(Test_Beams_by_Zip_to_Excel:68)
	at com.kms.katalon.core.main.ScriptEngine.run(ScriptEngine.java:194)
	at com.kms.katalon.core.main.ScriptEngine.runScriptAsRawText(ScriptEngine.java:119)
	at com.kms.katalon.core.main.TestCaseExecutor.runScript(TestCaseExecutor.java:337)
	at com.kms.katalon.core.main.TestCaseExecutor.doExecute(TestCaseExecutor.java:328)
	at com.kms.katalon.core.main.TestCaseExecutor.processExecutionPhase(TestCaseExecutor.java:307)
	at com.kms.katalon.core.main.TestCaseExecutor.accessMainPhase(TestCaseExecutor.java:299)
	at com.kms.katalon.core.main.TestCaseExecutor.execute(TestCaseExecutor.java:233)
	at com.kms.katalon.core.main.TestSuiteExecutor.accessTestCaseMainPhase(TestSuiteExecutor.java:169)
	at com.kms.katalon.core.main.TestSuiteExecutor.accessTestSuiteMainPhase(TestSuiteExecutor.java:142)
	at com.kms.katalon.core.main.TestSuiteExecutor.execute(TestSuiteExecutor.java:91)
	at com.kms.katalon.core.main.TestCaseMain.startTestSuite(TestCaseMain.java:157)
	at com.kms.katalon.core.main.TestCaseMain$startTestSuite$0.call(Unknown Source)
	at TempTestSuite1581699028664.run(TempTestSuite1581699028664.groovy:36)


2020-02-14 09:53:12 - [TEST_STEP][PASSED] - request = getInstance().getCurrentRequest(): null

2020-02-14 09:53:12 - [TEST_STEP][PASSED] - response = getInstance().getCurrentResponse(): null

2020-02-14 09:53:12 - [TEST_STEP][FAILED] - if (!(verifyElementPropertyValue(response, "data.beam", mybeam))): null

2020-02-14 09:53:12 - [MESSAGE][FAILED] - Expected element property value '500' is not equal with actual property value '324'

2020-02-14 09:53:12 - [TEST_STEP][PASSED] - beamFail = "F": null

2020-02-14 09:53:12 - [TEST_STEP][FAILED] - if (!(verifyElementPropertyValue(response, "data.product.down", myuff))): null

2020-02-14 09:53:12 - [MESSAGE][FAILED] - Expected element property value '0' is not equal with actual property value '150'

2020-02-14 09:53:12 - [TEST_STEP][PASSED] - uffFail = "F": null

2020-02-14 09:53:12 - [TEST_STEP][PASSED] - jsonSlurper = new groovy.json.JsonSlurper(): null

2020-02-14 09:53:12 - [TEST_STEP][PASSED] - object = jsonSlurper.parseText(response.getResponseText()): null

2020-02-14 09:53:12 - [TEST_STEP][PASSED] - println(object): null

2020-02-14 09:53:12 - [TEST_STEP][PASSED] - mytest = plans: null

2020-02-14 09:53:12 - [TEST_STEP][PASSED] - variable = mytest: null

2020-02-14 09:53:12 - [MESSAGE][FAILED] - Unable to send request and verify the response (Root cause: com.kms.katalon.core.exception.StepFailedException: Verification failed
	at com.kms.katalon.core.webservice.keyword.builtin.SendRequestAndVerifyKeyword$_sendRequestAndVerify_closure1.doCall(SendRequestAndVerifyKeyword.groovy:59)
	at com.kms.katalon.core.webservice.keyword.builtin.SendRequestAndVerifyKeyword$_sendRequestAndVerify_closure1.call(SendRequestAndVerifyKeyword.groovy)
	at com.kms.katalon.core.keyword.internal.KeywordMain.runKeyword(KeywordMain.groovy:68)
	at com.kms.katalon.core.webservice.keyword.builtin.SendRequestAndVerifyKeyword.sendRequestAndVerify(SendRequestAndVerifyKeyword.groovy:43)
	at com.kms.katalon.core.webservice.keyword.builtin.SendRequestAndVerifyKeyword.execute(SendRequestAndVerifyKeyword.groovy:38)
	at com.kms.katalon.core.keyword.internal.KeywordExecutor.executeKeywordForPlatform(KeywordExecutor.groovy:72)
	at com.kms.katalon.core.webservice.keyword.WSBuiltInKeywords.sendRequestAndVerify(WSBuiltInKeywords.groovy:65)
	at com.kms.katalon.core.webservice.keyword.WSBuiltInKeywords$sendRequestAndVerify.call(Unknown Source)
	at Test_Beams_by_Zip_to_Excel.run(Test_Beams_by_Zip_to_Excel:68)
	at com.kms.katalon.core.main.ScriptEngine.run(ScriptEngine.java:194)
	at com.kms.katalon.core.main.ScriptEngine.runScriptAsRawText(ScriptEngine.java:119)
	at com.kms.katalon.core.main.TestCaseExecutor.runScript(TestCaseExecutor.java:337)
	at com.kms.katalon.core.main.TestCaseExecutor.doExecute(TestCaseExecutor.java:328)
	at com.kms.katalon.core.main.TestCaseExecutor.processExecutionPhase(TestCaseExecutor.java:307)
	at com.kms.katalon.core.main.TestCaseExecutor.accessMainPhase(TestCaseExecutor.java:299)
	at com.kms.katalon.core.main.TestCaseExecutor.execute(TestCaseExecutor.java:233)
	at com.kms.katalon.core.main.TestSuiteExecutor.accessTestCaseMainPhase(TestSuiteExecutor.java:169)
	at com.kms.katalon.core.main.TestSuiteExecutor.accessTestSuiteMainPhase(TestSuiteExecutor.java:142)
	at com.kms.katalon.core.main.TestSuiteExecutor.execute(TestSuiteExecutor.java:91)
	at com.kms.katalon.core.main.TestCaseMain.startTestSuite(TestCaseMain.java:157)
	at com.kms.katalon.core.main.TestCaseMain$startTestSuite$0.call(Unknown Source)
	at TempTestSuite1581699028664.run(TempTestSuite1581699028664.groovy:36)
)

2020-02-14 09:53:12 - [TEST_STEP][PASSED] - setValueToCellByAddress(sheet01, "E" + mycount, variable): null

2020-02-14 09:53:12 - [TEST_STEP][PASSED] - saveWorkbook(excelFile01, workbook01): null]]></system-out>
         <system-err><![CDATA[2020-02-14 09:53:10 - [TEST_CASE][FAILED] - Test Cases/Test_Beams_by_Zip_to_Excel: Test Cases/Test_Beams_by_Zip_to_Excel FAILED.
Reason:
com.kms.katalon.core.exception.StepFailedException: Expected element property value '500' is not equal with actual property value '324'
	at com.kms.katalon.core.keyword.internal.KeywordMain.stepFailed(KeywordMain.groovy:39)
	at com.kms.katalon.core.webservice.keyword.builtin.VerifyElementPropertyValueKeyword$_verifyElementPropertyValue_closure1.doCall(VerifyElementPropertyValueKeyword.groovy:56)
	at com.kms.katalon.core.webservice.keyword.builtin.VerifyElementPropertyValueKeyword$_verifyElementPropertyValue_closure1.call(VerifyElementPropertyValueKeyword.groovy)
	at com.kms.katalon.core.keyword.internal.KeywordMain.runKeyword(KeywordMain.groovy:68)
	at com.kms.katalon.core.webservice.keyword.builtin.VerifyElementPropertyValueKeyword.verifyElementPropertyValue(VerifyElementPropertyValueKeyword.groovy:48)
	at com.kms.katalon.core.webservice.keyword.builtin.VerifyElementPropertyValueKeyword.execute(VerifyElementPropertyValueKeyword.groovy:43)
	at com.kms.katalon.core.keyword.internal.KeywordExecutor.executeKeywordForPlatform(KeywordExecutor.groovy:72)
	at com.kms.katalon.core.webservice.keyword.WSBuiltInKeywords.verifyElementPropertyValue(WSBuiltInKeywords.groovy:189)
	at com.kms.katalon.core.webservice.keyword.WSBuiltInKeywords$verifyElementPropertyValue$0.call(Unknown Source)
	at WSVerification1581699192767.run(WSVerification1581699192767:16)
	at com.kms.katalon.core.main.ScriptEngine.run(ScriptEngine.java:194)
	at com.kms.katalon.core.main.ScriptEngine.runScriptAsRawText(ScriptEngine.java:119)
	at com.kms.katalon.core.main.WSVerificationExecutor.runScript(WSVerificationExecutor.java:146)
	at com.kms.katalon.core.main.WSVerificationExecutor.doExecute(WSVerificationExecutor.java:140)
	at com.kms.katalon.core.main.WSVerificationExecutor.processExecutionPhase(WSVerificationExecutor.java:123)
	at com.kms.katalon.core.main.WSVerificationExecutor.accessMainPhase(WSVerificationExecutor.java:115)
	at com.kms.katalon.core.main.WSVerificationExecutor.execute(WSVerificationExecutor.java:103)
	at com.kms.katalon.core.main.TestCaseMain.runWSVerificationScript(TestCaseMain.java:127)
	at com.kms.katalon.core.webservice.keyword.builtin.SendRequestAndVerifyKeyword$_sendRequestAndVerify_closure1.doCall(SendRequestAndVerifyKeyword.groovy:55)
	at com.kms.katalon.core.webservice.keyword.builtin.SendRequestAndVerifyKeyword$_sendRequestAndVerify_closure1.call(SendRequestAndVerifyKeyword.groovy)
	at com.kms.katalon.core.keyword.internal.KeywordMain.runKeyword(KeywordMain.groovy:68)
	at com.kms.katalon.core.webservice.keyword.builtin.SendRequestAndVerifyKeyword.sendRequestAndVerify(SendRequestAndVerifyKeyword.groovy:43)
	at com.kms.katalon.core.webservice.keyword.builtin.SendRequestAndVerifyKeyword.execute(SendRequestAndVerifyKeyword.groovy:38)
	at com.kms.katalon.core.keyword.internal.KeywordExecutor.executeKeywordForPlatform(KeywordExecutor.groovy:72)
	at com.kms.katalon.core.webservice.keyword.WSBuiltInKeywords.sendRequestAndVerify(WSBuiltInKeywords.groovy:65)
	at com.kms.katalon.core.webservice.keyword.WSBuiltInKeywords$sendRequestAndVerify.call(Unknown Source)
	at Test_Beams_by_Zip_to_Excel.run(Test_Beams_by_Zip_to_Excel:68)
	at com.kms.katalon.core.main.ScriptEngine.run(ScriptEngine.java:194)
	at com.kms.katalon.core.main.ScriptEngine.runScriptAsRawText(ScriptEngine.java:119)
	at com.kms.katalon.core.main.TestCaseExecutor.runScript(TestCaseExecutor.java:337)
	at com.kms.katalon.core.main.TestCaseExecutor.doExecute(TestCaseExecutor.java:328)
	at com.kms.katalon.core.main.TestCaseExecutor.processExecutionPhase(TestCaseExecutor.java:307)
	at com.kms.katalon.core.main.TestCaseExecutor.accessMainPhase(TestCaseExecutor.java:299)
	at com.kms.katalon.core.main.TestCaseExecutor.execute(TestCaseExecutor.java:233)
	at com.kms.katalon.core.main.TestSuiteExecutor.accessTestCaseMainPhase(TestSuiteExecutor.java:169)
	at com.kms.katalon.core.main.TestSuiteExecutor.accessTestSuiteMainPhase(TestSuiteExecutor.java:142)
	at com.kms.katalon.core.main.TestSuiteExecutor.execute(TestSuiteExecutor.java:91)
	at com.kms.katalon.core.main.TestCaseMain.startTestSuite(TestCaseMain.java:157)
	at com.kms.katalon.core.main.TestCaseMain$startTestSuite$0.call(Unknown Source)
	at TempTestSuite1581699028664.run(TempTestSuite1581699028664.groovy:36)]]></system-err>
      </testcase>
      <testcase name="Test Cases/Test_Beams_by_Zip_to_Excel" time="2.034" classname="Test Cases/Test_Beams_by_Zip_to_Excel" status="PASSED">
         <system-out><![CDATA[2020-02-14 09:53:12 - [TEST_CASE][PASSED] - Test Cases/Test_Beams_by_Zip_to_Excel: Test Cases/Test_Beams_by_Zip_to_Excel

2020-02-14 09:53:12 - [TEST_STEP][PASSED] - excelFile01 = "beams-test-results.xlsx": null

2020-02-14 09:53:12 - [TEST_STEP][PASSED] - ExpectedListSheetFile1 = ["Sheet1"]: null

2020-02-14 09:53:12 - [TEST_STEP][PASSED] - workbookFile01 = getWorkbook(excelFile01): null

2020-02-14 09:53:12 - [TEST_STEP][PASSED] - workbook01 = getWorkbook(excelFile01): null

2020-02-14 09:53:12 - [TEST_STEP][PASSED] - sheet01 = getExcelSheet(workbook01, "Sheet1"): null

2020-02-14 09:53:12 - [TEST_STEP][PASSED] - setValueToCellByAddress(sheet01, "A1", "TEST"): null

2020-02-14 09:53:12 - [TEST_STEP][PASSED] - setValueToCellByAddress(sheet01, "B1", "BEAM"): null

2020-02-14 09:53:12 - [TEST_STEP][PASSED] - setValueToCellByAddress(sheet01, "C1", "UFF"): null

2020-02-14 09:53:12 - [TEST_STEP][PASSED] - setValueToCellByAddress(sheet01, "D1", "PLAN"): null

2020-02-14 09:53:12 - [TEST_STEP][PASSED] - setValueToCellByAddress(sheet01, "E1", "API PLAN"): null

2020-02-14 09:53:12 - [TEST_STEP][PASSED] - mybeam = mybeam: null

2020-02-14 09:53:12 - [TEST_STEP][PASSED] - myuff = myuff: null

2020-02-14 09:53:12 - [TEST_STEP][PASSED] - myplan = myplan: null

2020-02-14 09:53:12 - [TEST_STEP][PASSED] - log = new com.kms.katalon.core.logging.KeywordLogger(): null

2020-02-14 09:53:12 - [TEST_STEP][PASSED] - log.logWarning("beam " + mybeam + " zip " + myzip + " upfront fees " + myuff + " plan " + myplan): beam 324 zip 65775 upfront fees 150 plan Liberty 12/25/50/Unlimited

2020-02-14 09:53:12 - [MESSAGE][WARNING] - beam 324 zip 65775 upfront fees 150 plan Liberty 12/25/50/Unlimited

2020-02-14 09:53:12 - [TEST_STEP][PASSED] - setValueToCellByAddress(sheet01, "B" + mycount, beamFail): null

2020-02-14 09:53:12 - [TEST_STEP][PASSED] - setValueToCellByAddress(sheet01, "C" + mycount, uffFail): null

2020-02-14 09:53:12 - [TEST_STEP][PASSED] - mycount = mycount + 1: null

2020-02-14 09:53:12 - [TEST_STEP][PASSED] - setValueToCellByAddress(sheet01, "A" + mycount, "beam " + mybeam + " zip " + myzip + " upfront fees " + myuff + " plan " + myplan): null

2020-02-14 09:53:12 - [TEST_STEP][PASSED] - setValueToCellByAddress(sheet01, "D" + mycount, myplan): null

2020-02-14 09:53:12 - [TEST_STEP][PASSED] - sendRequestAndVerify(findTestObject("Exede_Zip", ["myzip":myzip])): Send request and verify the response successfully

2020-02-14 09:53:14 - [MESSAGE][INFO] - HAR: /Users/jhampleman/jenkins-beam-tests-master/Reports/20200214_095028/RUN_Exede_Zip_Test/20200214_095028/requests/main/74.har

2020-02-14 09:53:14 - [TEST_CASE][PASSED] - Start Test Case : Verification: Verification accomplished successfully

2020-02-14 09:53:14 - [TEST_STEP][PASSED] - request = getInstance().getCurrentRequest(): null

2020-02-14 09:53:14 - [TEST_STEP][PASSED] - response = getInstance().getCurrentResponse(): null

2020-02-14 09:53:14 - [TEST_STEP][PASSED] - if (!(verifyElementPropertyValue(response, "data.beam", mybeam))): Verify element property value successfully

2020-02-14 09:53:14 - [MESSAGE][PASSED] - Verify element property value successfully

2020-02-14 09:53:14 - [TEST_STEP][PASSED] - else: null

2020-02-14 09:53:14 - [TEST_STEP][PASSED] - beamFail = "P": null

2020-02-14 09:53:14 - [TEST_STEP][PASSED] - if (!(verifyElementPropertyValue(response, "data.product.down", myuff))): Verify element property value successfully

2020-02-14 09:53:14 - [MESSAGE][PASSED] - Verify element property value successfully

2020-02-14 09:53:14 - [TEST_STEP][PASSED] - else: null

2020-02-14 09:53:14 - [TEST_STEP][PASSED] - uffFail = "P": null

2020-02-14 09:53:14 - [TEST_STEP][PASSED] - jsonSlurper = new groovy.json.JsonSlurper(): null

2020-02-14 09:53:14 - [TEST_STEP][PASSED] - object = jsonSlurper.parseText(response.getResponseText()): null

2020-02-14 09:53:14 - [TEST_STEP][PASSED] - println(object): null

2020-02-14 09:53:14 - [TEST_STEP][PASSED] - mytest = plans: null

2020-02-14 09:53:14 - [TEST_STEP][PASSED] - variable = mytest: null

2020-02-14 09:53:14 - [MESSAGE][PASSED] - Verify response successfully

2020-02-14 09:53:14 - [MESSAGE][PASSED] - Send request and verify the response successfully

2020-02-14 09:53:14 - [TEST_STEP][PASSED] - setValueToCellByAddress(sheet01, "E" + mycount, variable): null

2020-02-14 09:53:14 - [TEST_STEP][PASSED] - saveWorkbook(excelFile01, workbook01): null]]></system-out>
         <system-err><![CDATA[]]></system-err>
      </testcase>
      <testcase name="Test Cases/Test_Beams_by_Zip_to_Excel" time="2.195" classname="Test Cases/Test_Beams_by_Zip_to_Excel" status="FAILED">
         <failure type="FAILED" message="Test Cases/Test_Beams_by_Zip_to_Excel FAILED.
Reason:
com.kms.katalon.core.exception.StepFailedException: Expected element property value '501' is not equal with actual property value '326'
	at com.kms.katalon.core.keyword.internal.KeywordMain.stepFailed(KeywordMain.groovy:39)
	at com.kms.katalon.core.webservice.keyword.builtin.VerifyElementPropertyValueKeyword$_verifyElementPropertyValue_closure1.doCall(VerifyElementPropertyValueKeyword.groovy:56)
	at com.kms.katalon.core.webservice.keyword.builtin.VerifyElementPropertyValueKeyword$_verifyElementPropertyValue_closure1.call(VerifyElementPropertyValueKeyword.groovy)
	at com.kms.katalon.core.keyword.internal.KeywordMain.runKeyword(KeywordMain.groovy:68)
	at com.kms.katalon.core.webservice.keyword.builtin.VerifyElementPropertyValueKeyword.verifyElementPropertyValue(VerifyElementPropertyValueKeyword.groovy:48)
	at com.kms.katalon.core.webservice.keyword.builtin.VerifyElementPropertyValueKeyword.execute(VerifyElementPropertyValueKeyword.groovy:43)
	at com.kms.katalon.core.keyword.internal.KeywordExecutor.executeKeywordForPlatform(KeywordExecutor.groovy:72)
	at com.kms.katalon.core.webservice.keyword.WSBuiltInKeywords.verifyElementPropertyValue(WSBuiltInKeywords.groovy:189)
	at com.kms.katalon.core.webservice.keyword.WSBuiltInKeywords$verifyElementPropertyValue$0.call(Unknown Source)
	at WSVerification1581699197039.run(WSVerification1581699197039:16)
	at com.kms.katalon.core.main.ScriptEngine.run(ScriptEngine.java:194)
	at com.kms.katalon.core.main.ScriptEngine.runScriptAsRawText(ScriptEngine.java:119)
	at com.kms.katalon.core.main.WSVerificationExecutor.runScript(WSVerificationExecutor.java:146)
	at com.kms.katalon.core.main.WSVerificationExecutor.doExecute(WSVerificationExecutor.java:140)
	at com.kms.katalon.core.main.WSVerificationExecutor.processExecutionPhase(WSVerificationExecutor.java:123)
	at com.kms.katalon.core.main.WSVerificationExecutor.accessMainPhase(WSVerificationExecutor.java:115)
	at com.kms.katalon.core.main.WSVerificationExecutor.execute(WSVerificationExecutor.java:103)
	at com.kms.katalon.core.main.TestCaseMain.runWSVerificationScript(TestCaseMain.java:127)
	at com.kms.katalon.core.webservice.keyword.builtin.SendRequestAndVerifyKeyword$_sendRequestAndVerify_closure1.doCall(SendRequestAndVerifyKeyword.groovy:55)
	at com.kms.katalon.core.webservice.keyword.builtin.SendRequestAndVerifyKeyword$_sendRequestAndVerify_closure1.call(SendRequestAndVerifyKeyword.groovy)
	at com.kms.katalon.core.keyword.internal.KeywordMain.runKeyword(KeywordMain.groovy:68)
	at com.kms.katalon.core.webservice.keyword.builtin.SendRequestAndVerifyKeyword.sendRequestAndVerify(SendRequestAndVerifyKeyword.groovy:43)
	at com.kms.katalon.core.webservice.keyword.builtin.SendRequestAndVerifyKeyword.execute(SendRequestAndVerifyKeyword.groovy:38)
	at com.kms.katalon.core.keyword.internal.KeywordExecutor.executeKeywordForPlatform(KeywordExecutor.groovy:72)
	at com.kms.katalon.core.webservice.keyword.WSBuiltInKeywords.sendRequestAndVerify(WSBuiltInKeywords.groovy:65)
	at com.kms.katalon.core.webservice.keyword.WSBuiltInKeywords$sendRequestAndVerify.call(Unknown Source)
	at Test_Beams_by_Zip_to_Excel.run(Test_Beams_by_Zip_to_Excel:68)
	at com.kms.katalon.core.main.ScriptEngine.run(ScriptEngine.java:194)
	at com.kms.katalon.core.main.ScriptEngine.runScriptAsRawText(ScriptEngine.java:119)
	at com.kms.katalon.core.main.TestCaseExecutor.runScript(TestCaseExecutor.java:337)
	at com.kms.katalon.core.main.TestCaseExecutor.doExecute(TestCaseExecutor.java:328)
	at com.kms.katalon.core.main.TestCaseExecutor.processExecutionPhase(TestCaseExecutor.java:307)
	at com.kms.katalon.core.main.TestCaseExecutor.accessMainPhase(TestCaseExecutor.java:299)
	at com.kms.katalon.core.main.TestCaseExecutor.execute(TestCaseExecutor.java:233)
	at com.kms.katalon.core.main.TestSuiteExecutor.accessTestCaseMainPhase(TestSuiteExecutor.java:169)
	at com.kms.katalon.core.main.TestSuiteExecutor.accessTestSuiteMainPhase(TestSuiteExecutor.java:142)
	at com.kms.katalon.core.main.TestSuiteExecutor.execute(TestSuiteExecutor.java:91)
	at com.kms.katalon.core.main.TestCaseMain.startTestSuite(TestCaseMain.java:157)
	at com.kms.katalon.core.main.TestCaseMain$startTestSuite$0.call(Unknown Source)
	at TempTestSuite1581699028664.run(TempTestSuite1581699028664.groovy:36)
"/>
         <system-out><![CDATA[2020-02-14 09:53:14 - [TEST_CASE][FAILED] - Test Cases/Test_Beams_by_Zip_to_Excel: Test Cases/Test_Beams_by_Zip_to_Excel FAILED.
Reason:
com.kms.katalon.core.exception.StepFailedException: Expected element property value '501' is not equal with actual property value '326'
	at com.kms.katalon.core.keyword.internal.KeywordMain.stepFailed(KeywordMain.groovy:39)
	at com.kms.katalon.core.webservice.keyword.builtin.VerifyElementPropertyValueKeyword$_verifyElementPropertyValue_closure1.doCall(VerifyElementPropertyValueKeyword.groovy:56)
	at com.kms.katalon.core.webservice.keyword.builtin.VerifyElementPropertyValueKeyword$_verifyElementPropertyValue_closure1.call(VerifyElementPropertyValueKeyword.groovy)
	at com.kms.katalon.core.keyword.internal.KeywordMain.runKeyword(KeywordMain.groovy:68)
	at com.kms.katalon.core.webservice.keyword.builtin.VerifyElementPropertyValueKeyword.verifyElementPropertyValue(VerifyElementPropertyValueKeyword.groovy:48)
	at com.kms.katalon.core.webservice.keyword.builtin.VerifyElementPropertyValueKeyword.execute(VerifyElementPropertyValueKeyword.groovy:43)
	at com.kms.katalon.core.keyword.internal.KeywordExecutor.executeKeywordForPlatform(KeywordExecutor.groovy:72)
	at com.kms.katalon.core.webservice.keyword.WSBuiltInKeywords.verifyElementPropertyValue(WSBuiltInKeywords.groovy:189)
	at com.kms.katalon.core.webservice.keyword.WSBuiltInKeywords$verifyElementPropertyValue$0.call(Unknown Source)
	at WSVerification1581699197039.run(WSVerification1581699197039:16)
	at com.kms.katalon.core.main.ScriptEngine.run(ScriptEngine.java:194)
	at com.kms.katalon.core.main.ScriptEngine.runScriptAsRawText(ScriptEngine.java:119)
	at com.kms.katalon.core.main.WSVerificationExecutor.runScript(WSVerificationExecutor.java:146)
	at com.kms.katalon.core.main.WSVerificationExecutor.doExecute(WSVerificationExecutor.java:140)
	at com.kms.katalon.core.main.WSVerificationExecutor.processExecutionPhase(WSVerificationExecutor.java:123)
	at com.kms.katalon.core.main.WSVerificationExecutor.accessMainPhase(WSVerificationExecutor.java:115)
	at com.kms.katalon.core.main.WSVerificationExecutor.execute(WSVerificationExecutor.java:103)
	at com.kms.katalon.core.main.TestCaseMain.runWSVerificationScript(TestCaseMain.java:127)
	at com.kms.katalon.core.webservice.keyword.builtin.SendRequestAndVerifyKeyword$_sendRequestAndVerify_closure1.doCall(SendRequestAndVerifyKeyword.groovy:55)
	at com.kms.katalon.core.webservice.keyword.builtin.SendRequestAndVerifyKeyword$_sendRequestAndVerify_closure1.call(SendRequestAndVerifyKeyword.groovy)
	at com.kms.katalon.core.keyword.internal.KeywordMain.runKeyword(KeywordMain.groovy:68)
	at com.kms.katalon.core.webservice.keyword.builtin.SendRequestAndVerifyKeyword.sendRequestAndVerify(SendRequestAndVerifyKeyword.groovy:43)
	at com.kms.katalon.core.webservice.keyword.builtin.SendRequestAndVerifyKeyword.execute(SendRequestAndVerifyKeyword.groovy:38)
	at com.kms.katalon.core.keyword.internal.KeywordExecutor.executeKeywordForPlatform(KeywordExecutor.groovy:72)
	at com.kms.katalon.core.webservice.keyword.WSBuiltInKeywords.sendRequestAndVerify(WSBuiltInKeywords.groovy:65)
	at com.kms.katalon.core.webservice.keyword.WSBuiltInKeywords$sendRequestAndVerify.call(Unknown Source)
	at Test_Beams_by_Zip_to_Excel.run(Test_Beams_by_Zip_to_Excel:68)
	at com.kms.katalon.core.main.ScriptEngine.run(ScriptEngine.java:194)
	at com.kms.katalon.core.main.ScriptEngine.runScriptAsRawText(ScriptEngine.java:119)
	at com.kms.katalon.core.main.TestCaseExecutor.runScript(TestCaseExecutor.java:337)
	at com.kms.katalon.core.main.TestCaseExecutor.doExecute(TestCaseExecutor.java:328)
	at com.kms.katalon.core.main.TestCaseExecutor.processExecutionPhase(TestCaseExecutor.java:307)
	at com.kms.katalon.core.main.TestCaseExecutor.accessMainPhase(TestCaseExecutor.java:299)
	at com.kms.katalon.core.main.TestCaseExecutor.execute(TestCaseExecutor.java:233)
	at com.kms.katalon.core.main.TestSuiteExecutor.accessTestCaseMainPhase(TestSuiteExecutor.java:169)
	at com.kms.katalon.core.main.TestSuiteExecutor.accessTestSuiteMainPhase(TestSuiteExecutor.java:142)
	at com.kms.katalon.core.main.TestSuiteExecutor.execute(TestSuiteExecutor.java:91)
	at com.kms.katalon.core.main.TestCaseMain.startTestSuite(TestCaseMain.java:157)
	at com.kms.katalon.core.main.TestCaseMain$startTestSuite$0.call(Unknown Source)
	at TempTestSuite1581699028664.run(TempTestSuite1581699028664.groovy:36)


2020-02-14 09:53:14 - [TEST_STEP][PASSED] - excelFile01 = "beams-test-results.xlsx": null

2020-02-14 09:53:14 - [TEST_STEP][PASSED] - ExpectedListSheetFile1 = ["Sheet1"]: null

2020-02-14 09:53:14 - [TEST_STEP][PASSED] - workbookFile01 = getWorkbook(excelFile01): null

2020-02-14 09:53:14 - [TEST_STEP][PASSED] - workbook01 = getWorkbook(excelFile01): null

2020-02-14 09:53:15 - [TEST_STEP][PASSED] - sheet01 = getExcelSheet(workbook01, "Sheet1"): null

2020-02-14 09:53:15 - [TEST_STEP][PASSED] - setValueToCellByAddress(sheet01, "A1", "TEST"): null

2020-02-14 09:53:15 - [TEST_STEP][PASSED] - setValueToCellByAddress(sheet01, "B1", "BEAM"): null

2020-02-14 09:53:15 - [TEST_STEP][PASSED] - setValueToCellByAddress(sheet01, "C1", "UFF"): null

2020-02-14 09:53:15 - [TEST_STEP][PASSED] - setValueToCellByAddress(sheet01, "D1", "PLAN"): null

2020-02-14 09:53:15 - [TEST_STEP][PASSED] - setValueToCellByAddress(sheet01, "E1", "API PLAN"): null

2020-02-14 09:53:15 - [TEST_STEP][PASSED] - mybeam = mybeam: null

2020-02-14 09:53:15 - [TEST_STEP][PASSED] - myuff = myuff: null

2020-02-14 09:53:15 - [TEST_STEP][PASSED] - myplan = myplan: null

2020-02-14 09:53:15 - [TEST_STEP][PASSED] - log = new com.kms.katalon.core.logging.KeywordLogger(): null

2020-02-14 09:53:15 - [TEST_STEP][PASSED] - log.logWarning("beam " + mybeam + " zip " + myzip + " upfront fees " + myuff + " plan " + myplan): beam 501 zip 38242 upfront fees 150 plan VS2 High Fill

2020-02-14 09:53:15 - [MESSAGE][WARNING] - beam 501 zip 38242 upfront fees 150 plan VS2 High Fill

2020-02-14 09:53:15 - [TEST_STEP][PASSED] - setValueToCellByAddress(sheet01, "B" + mycount, beamFail): null

2020-02-14 09:53:15 - [TEST_STEP][PASSED] - setValueToCellByAddress(sheet01, "C" + mycount, uffFail): null

2020-02-14 09:53:15 - [TEST_STEP][PASSED] - mycount = mycount + 1: null

2020-02-14 09:53:15 - [TEST_STEP][PASSED] - setValueToCellByAddress(sheet01, "A" + mycount, "beam " + mybeam + " zip " + myzip + " upfront fees " + myuff + " plan " + myplan): null

2020-02-14 09:53:15 - [TEST_STEP][PASSED] - setValueToCellByAddress(sheet01, "D" + mycount, myplan): null

2020-02-14 09:53:15 - [TEST_STEP][FAILED] - sendRequestAndVerify(findTestObject("Exede_Zip", ["myzip":myzip])): Unable to send request and verify the response (Root cause: com.kms.katalon.core.exception.StepFailedException: Verification failed
	at com.kms.katalon.core.webservice.keyword.builtin.SendRequestAndVerifyKeyword$_sendRequestAndVerify_closure1.doCall(SendRequestAndVerifyKeyword.groovy:59)
	at com.kms.katalon.core.webservice.keyword.builtin.SendRequestAndVerifyKeyword$_sendRequestAndVerify_closure1.call(SendRequestAndVerifyKeyword.groovy)
	at com.kms.katalon.core.keyword.internal.KeywordMain.runKeyword(KeywordMain.groovy:68)
	at com.kms.katalon.core.webservice.keyword.builtin.SendRequestAndVerifyKeyword.sendRequestAndVerify(SendRequestAndVerifyKeyword.groovy:43)
	at com.kms.katalon.core.webservice.keyword.builtin.SendRequestAndVerifyKeyword.execute(SendRequestAndVerifyKeyword.groovy:38)
	at com.kms.katalon.core.keyword.internal.KeywordExecutor.executeKeywordForPlatform(KeywordExecutor.groovy:72)
	at com.kms.katalon.core.webservice.keyword.WSBuiltInKeywords.sendRequestAndVerify(WSBuiltInKeywords.groovy:65)
	at com.kms.katalon.core.webservice.keyword.WSBuiltInKeywords$sendRequestAndVerify.call(Unknown Source)
	at Test_Beams_by_Zip_to_Excel.run(Test_Beams_by_Zip_to_Excel:68)
	at com.kms.katalon.core.main.ScriptEngine.run(ScriptEngine.java:194)
	at com.kms.katalon.core.main.ScriptEngine.runScriptAsRawText(ScriptEngine.java:119)
	at com.kms.katalon.core.main.TestCaseExecutor.runScript(TestCaseExecutor.java:337)
	at com.kms.katalon.core.main.TestCaseExecutor.doExecute(TestCaseExecutor.java:328)
	at com.kms.katalon.core.main.TestCaseExecutor.processExecutionPhase(TestCaseExecutor.java:307)
	at com.kms.katalon.core.main.TestCaseExecutor.accessMainPhase(TestCaseExecutor.java:299)
	at com.kms.katalon.core.main.TestCaseExecutor.execute(TestCaseExecutor.java:233)
	at com.kms.katalon.core.main.TestSuiteExecutor.accessTestCaseMainPhase(TestSuiteExecutor.java:169)
	at com.kms.katalon.core.main.TestSuiteExecutor.accessTestSuiteMainPhase(TestSuiteExecutor.java:142)
	at com.kms.katalon.core.main.TestSuiteExecutor.execute(TestSuiteExecutor.java:91)
	at com.kms.katalon.core.main.TestCaseMain.startTestSuite(TestCaseMain.java:157)
	at com.kms.katalon.core.main.TestCaseMain$startTestSuite$0.call(Unknown Source)
	at TempTestSuite1581699028664.run(TempTestSuite1581699028664.groovy:36)
)

2020-02-14 09:53:16 - [MESSAGE][INFO] - HAR: /Users/jhampleman/jenkins-beam-tests-master/Reports/20200214_095028/RUN_Exede_Zip_Test/20200214_095028/requests/main/75.har

2020-02-14 09:53:17 - [TEST_CASE][FAILED] - Start Test Case : Verification: Verification FAILED.
Reason:
com.kms.katalon.core.exception.StepFailedException: Expected element property value '501' is not equal with actual property value '326'
	at com.kms.katalon.core.keyword.internal.KeywordMain.stepFailed(KeywordMain.groovy:39)
	at com.kms.katalon.core.webservice.keyword.builtin.VerifyElementPropertyValueKeyword$_verifyElementPropertyValue_closure1.doCall(VerifyElementPropertyValueKeyword.groovy:56)
	at com.kms.katalon.core.webservice.keyword.builtin.VerifyElementPropertyValueKeyword$_verifyElementPropertyValue_closure1.call(VerifyElementPropertyValueKeyword.groovy)
	at com.kms.katalon.core.keyword.internal.KeywordMain.runKeyword(KeywordMain.groovy:68)
	at com.kms.katalon.core.webservice.keyword.builtin.VerifyElementPropertyValueKeyword.verifyElementPropertyValue(VerifyElementPropertyValueKeyword.groovy:48)
	at com.kms.katalon.core.webservice.keyword.builtin.VerifyElementPropertyValueKeyword.execute(VerifyElementPropertyValueKeyword.groovy:43)
	at com.kms.katalon.core.keyword.internal.KeywordExecutor.executeKeywordForPlatform(KeywordExecutor.groovy:72)
	at com.kms.katalon.core.webservice.keyword.WSBuiltInKeywords.verifyElementPropertyValue(WSBuiltInKeywords.groovy:189)
	at com.kms.katalon.core.webservice.keyword.WSBuiltInKeywords$verifyElementPropertyValue$0.call(Unknown Source)
	at WSVerification1581699197039.run(WSVerification1581699197039:16)
	at com.kms.katalon.core.main.ScriptEngine.run(ScriptEngine.java:194)
	at com.kms.katalon.core.main.ScriptEngine.runScriptAsRawText(ScriptEngine.java:119)
	at com.kms.katalon.core.main.WSVerificationExecutor.runScript(WSVerificationExecutor.java:146)
	at com.kms.katalon.core.main.WSVerificationExecutor.doExecute(WSVerificationExecutor.java:140)
	at com.kms.katalon.core.main.WSVerificationExecutor.processExecutionPhase(WSVerificationExecutor.java:123)
	at com.kms.katalon.core.main.WSVerificationExecutor.accessMainPhase(WSVerificationExecutor.java:115)
	at com.kms.katalon.core.main.WSVerificationExecutor.execute(WSVerificationExecutor.java:103)
	at com.kms.katalon.core.main.TestCaseMain.runWSVerificationScript(TestCaseMain.java:127)
	at com.kms.katalon.core.webservice.keyword.builtin.SendRequestAndVerifyKeyword$_sendRequestAndVerify_closure1.doCall(SendRequestAndVerifyKeyword.groovy:55)
	at com.kms.katalon.core.webservice.keyword.builtin.SendRequestAndVerifyKeyword$_sendRequestAndVerify_closure1.call(SendRequestAndVerifyKeyword.groovy)
	at com.kms.katalon.core.keyword.internal.KeywordMain.runKeyword(KeywordMain.groovy:68)
	at com.kms.katalon.core.webservice.keyword.builtin.SendRequestAndVerifyKeyword.sendRequestAndVerify(SendRequestAndVerifyKeyword.groovy:43)
	at com.kms.katalon.core.webservice.keyword.builtin.SendRequestAndVerifyKeyword.execute(SendRequestAndVerifyKeyword.groovy:38)
	at com.kms.katalon.core.keyword.internal.KeywordExecutor.executeKeywordForPlatform(KeywordExecutor.groovy:72)
	at com.kms.katalon.core.webservice.keyword.WSBuiltInKeywords.sendRequestAndVerify(WSBuiltInKeywords.groovy:65)
	at com.kms.katalon.core.webservice.keyword.WSBuiltInKeywords$sendRequestAndVerify.call(Unknown Source)
	at Test_Beams_by_Zip_to_Excel.run(Test_Beams_by_Zip_to_Excel:68)
	at com.kms.katalon.core.main.ScriptEngine.run(ScriptEngine.java:194)
	at com.kms.katalon.core.main.ScriptEngine.runScriptAsRawText(ScriptEngine.java:119)
	at com.kms.katalon.core.main.TestCaseExecutor.runScript(TestCaseExecutor.java:337)
	at com.kms.katalon.core.main.TestCaseExecutor.doExecute(TestCaseExecutor.java:328)
	at com.kms.katalon.core.main.TestCaseExecutor.processExecutionPhase(TestCaseExecutor.java:307)
	at com.kms.katalon.core.main.TestCaseExecutor.accessMainPhase(TestCaseExecutor.java:299)
	at com.kms.katalon.core.main.TestCaseExecutor.execute(TestCaseExecutor.java:233)
	at com.kms.katalon.core.main.TestSuiteExecutor.accessTestCaseMainPhase(TestSuiteExecutor.java:169)
	at com.kms.katalon.core.main.TestSuiteExecutor.accessTestSuiteMainPhase(TestSuiteExecutor.java:142)
	at com.kms.katalon.core.main.TestSuiteExecutor.execute(TestSuiteExecutor.java:91)
	at com.kms.katalon.core.main.TestCaseMain.startTestSuite(TestCaseMain.java:157)
	at com.kms.katalon.core.main.TestCaseMain$startTestSuite$0.call(Unknown Source)
	at TempTestSuite1581699028664.run(TempTestSuite1581699028664.groovy:36)


2020-02-14 09:53:17 - [TEST_STEP][PASSED] - request = getInstance().getCurrentRequest(): null

2020-02-14 09:53:17 - [TEST_STEP][PASSED] - response = getInstance().getCurrentResponse(): null

2020-02-14 09:53:17 - [TEST_STEP][FAILED] - if (!(verifyElementPropertyValue(response, "data.beam", mybeam))): null

2020-02-14 09:53:17 - [MESSAGE][FAILED] - Expected element property value '501' is not equal with actual property value '326'

2020-02-14 09:53:17 - [TEST_STEP][PASSED] - beamFail = "F": null

2020-02-14 09:53:17 - [TEST_STEP][PASSED] - if (!(verifyElementPropertyValue(response, "data.product.down", myuff))): Verify element property value successfully

2020-02-14 09:53:17 - [MESSAGE][PASSED] - Verify element property value successfully

2020-02-14 09:53:17 - [TEST_STEP][PASSED] - else: null

2020-02-14 09:53:17 - [TEST_STEP][PASSED] - uffFail = "P": null

2020-02-14 09:53:17 - [TEST_STEP][PASSED] - jsonSlurper = new groovy.json.JsonSlurper(): null

2020-02-14 09:53:17 - [TEST_STEP][PASSED] - object = jsonSlurper.parseText(response.getResponseText()): null

2020-02-14 09:53:17 - [TEST_STEP][PASSED] - println(object): null

2020-02-14 09:53:17 - [TEST_STEP][PASSED] - mytest = plans: null

2020-02-14 09:53:17 - [TEST_STEP][PASSED] - variable = mytest: null

2020-02-14 09:53:17 - [MESSAGE][FAILED] - Unable to send request and verify the response (Root cause: com.kms.katalon.core.exception.StepFailedException: Verification failed
	at com.kms.katalon.core.webservice.keyword.builtin.SendRequestAndVerifyKeyword$_sendRequestAndVerify_closure1.doCall(SendRequestAndVerifyKeyword.groovy:59)
	at com.kms.katalon.core.webservice.keyword.builtin.SendRequestAndVerifyKeyword$_sendRequestAndVerify_closure1.call(SendRequestAndVerifyKeyword.groovy)
	at com.kms.katalon.core.keyword.internal.KeywordMain.runKeyword(KeywordMain.groovy:68)
	at com.kms.katalon.core.webservice.keyword.builtin.SendRequestAndVerifyKeyword.sendRequestAndVerify(SendRequestAndVerifyKeyword.groovy:43)
	at com.kms.katalon.core.webservice.keyword.builtin.SendRequestAndVerifyKeyword.execute(SendRequestAndVerifyKeyword.groovy:38)
	at com.kms.katalon.core.keyword.internal.KeywordExecutor.executeKeywordForPlatform(KeywordExecutor.groovy:72)
	at com.kms.katalon.core.webservice.keyword.WSBuiltInKeywords.sendRequestAndVerify(WSBuiltInKeywords.groovy:65)
	at com.kms.katalon.core.webservice.keyword.WSBuiltInKeywords$sendRequestAndVerify.call(Unknown Source)
	at Test_Beams_by_Zip_to_Excel.run(Test_Beams_by_Zip_to_Excel:68)
	at com.kms.katalon.core.main.ScriptEngine.run(ScriptEngine.java:194)
	at com.kms.katalon.core.main.ScriptEngine.runScriptAsRawText(ScriptEngine.java:119)
	at com.kms.katalon.core.main.TestCaseExecutor.runScript(TestCaseExecutor.java:337)
	at com.kms.katalon.core.main.TestCaseExecutor.doExecute(TestCaseExecutor.java:328)
	at com.kms.katalon.core.main.TestCaseExecutor.processExecutionPhase(TestCaseExecutor.java:307)
	at com.kms.katalon.core.main.TestCaseExecutor.accessMainPhase(TestCaseExecutor.java:299)
	at com.kms.katalon.core.main.TestCaseExecutor.execute(TestCaseExecutor.java:233)
	at com.kms.katalon.core.main.TestSuiteExecutor.accessTestCaseMainPhase(TestSuiteExecutor.java:169)
	at com.kms.katalon.core.main.TestSuiteExecutor.accessTestSuiteMainPhase(TestSuiteExecutor.java:142)
	at com.kms.katalon.core.main.TestSuiteExecutor.execute(TestSuiteExecutor.java:91)
	at com.kms.katalon.core.main.TestCaseMain.startTestSuite(TestCaseMain.java:157)
	at com.kms.katalon.core.main.TestCaseMain$startTestSuite$0.call(Unknown Source)
	at TempTestSuite1581699028664.run(TempTestSuite1581699028664.groovy:36)
)

2020-02-14 09:53:17 - [TEST_STEP][PASSED] - setValueToCellByAddress(sheet01, "E" + mycount, variable): null

2020-02-14 09:53:17 - [TEST_STEP][PASSED] - saveWorkbook(excelFile01, workbook01): null]]></system-out>
         <system-err><![CDATA[2020-02-14 09:53:14 - [TEST_CASE][FAILED] - Test Cases/Test_Beams_by_Zip_to_Excel: Test Cases/Test_Beams_by_Zip_to_Excel FAILED.
Reason:
com.kms.katalon.core.exception.StepFailedException: Expected element property value '501' is not equal with actual property value '326'
	at com.kms.katalon.core.keyword.internal.KeywordMain.stepFailed(KeywordMain.groovy:39)
	at com.kms.katalon.core.webservice.keyword.builtin.VerifyElementPropertyValueKeyword$_verifyElementPropertyValue_closure1.doCall(VerifyElementPropertyValueKeyword.groovy:56)
	at com.kms.katalon.core.webservice.keyword.builtin.VerifyElementPropertyValueKeyword$_verifyElementPropertyValue_closure1.call(VerifyElementPropertyValueKeyword.groovy)
	at com.kms.katalon.core.keyword.internal.KeywordMain.runKeyword(KeywordMain.groovy:68)
	at com.kms.katalon.core.webservice.keyword.builtin.VerifyElementPropertyValueKeyword.verifyElementPropertyValue(VerifyElementPropertyValueKeyword.groovy:48)
	at com.kms.katalon.core.webservice.keyword.builtin.VerifyElementPropertyValueKeyword.execute(VerifyElementPropertyValueKeyword.groovy:43)
	at com.kms.katalon.core.keyword.internal.KeywordExecutor.executeKeywordForPlatform(KeywordExecutor.groovy:72)
	at com.kms.katalon.core.webservice.keyword.WSBuiltInKeywords.verifyElementPropertyValue(WSBuiltInKeywords.groovy:189)
	at com.kms.katalon.core.webservice.keyword.WSBuiltInKeywords$verifyElementPropertyValue$0.call(Unknown Source)
	at WSVerification1581699197039.run(WSVerification1581699197039:16)
	at com.kms.katalon.core.main.ScriptEngine.run(ScriptEngine.java:194)
	at com.kms.katalon.core.main.ScriptEngine.runScriptAsRawText(ScriptEngine.java:119)
	at com.kms.katalon.core.main.WSVerificationExecutor.runScript(WSVerificationExecutor.java:146)
	at com.kms.katalon.core.main.WSVerificationExecutor.doExecute(WSVerificationExecutor.java:140)
	at com.kms.katalon.core.main.WSVerificationExecutor.processExecutionPhase(WSVerificationExecutor.java:123)
	at com.kms.katalon.core.main.WSVerificationExecutor.accessMainPhase(WSVerificationExecutor.java:115)
	at com.kms.katalon.core.main.WSVerificationExecutor.execute(WSVerificationExecutor.java:103)
	at com.kms.katalon.core.main.TestCaseMain.runWSVerificationScript(TestCaseMain.java:127)
	at com.kms.katalon.core.webservice.keyword.builtin.SendRequestAndVerifyKeyword$_sendRequestAndVerify_closure1.doCall(SendRequestAndVerifyKeyword.groovy:55)
	at com.kms.katalon.core.webservice.keyword.builtin.SendRequestAndVerifyKeyword$_sendRequestAndVerify_closure1.call(SendRequestAndVerifyKeyword.groovy)
	at com.kms.katalon.core.keyword.internal.KeywordMain.runKeyword(KeywordMain.groovy:68)
	at com.kms.katalon.core.webservice.keyword.builtin.SendRequestAndVerifyKeyword.sendRequestAndVerify(SendRequestAndVerifyKeyword.groovy:43)
	at com.kms.katalon.core.webservice.keyword.builtin.SendRequestAndVerifyKeyword.execute(SendRequestAndVerifyKeyword.groovy:38)
	at com.kms.katalon.core.keyword.internal.KeywordExecutor.executeKeywordForPlatform(KeywordExecutor.groovy:72)
	at com.kms.katalon.core.webservice.keyword.WSBuiltInKeywords.sendRequestAndVerify(WSBuiltInKeywords.groovy:65)
	at com.kms.katalon.core.webservice.keyword.WSBuiltInKeywords$sendRequestAndVerify.call(Unknown Source)
	at Test_Beams_by_Zip_to_Excel.run(Test_Beams_by_Zip_to_Excel:68)
	at com.kms.katalon.core.main.ScriptEngine.run(ScriptEngine.java:194)
	at com.kms.katalon.core.main.ScriptEngine.runScriptAsRawText(ScriptEngine.java:119)
	at com.kms.katalon.core.main.TestCaseExecutor.runScript(TestCaseExecutor.java:337)
	at com.kms.katalon.core.main.TestCaseExecutor.doExecute(TestCaseExecutor.java:328)
	at com.kms.katalon.core.main.TestCaseExecutor.processExecutionPhase(TestCaseExecutor.java:307)
	at com.kms.katalon.core.main.TestCaseExecutor.accessMainPhase(TestCaseExecutor.java:299)
	at com.kms.katalon.core.main.TestCaseExecutor.execute(TestCaseExecutor.java:233)
	at com.kms.katalon.core.main.TestSuiteExecutor.accessTestCaseMainPhase(TestSuiteExecutor.java:169)
	at com.kms.katalon.core.main.TestSuiteExecutor.accessTestSuiteMainPhase(TestSuiteExecutor.java:142)
	at com.kms.katalon.core.main.TestSuiteExecutor.execute(TestSuiteExecutor.java:91)
	at com.kms.katalon.core.main.TestCaseMain.startTestSuite(TestCaseMain.java:157)
	at com.kms.katalon.core.main.TestCaseMain$startTestSuite$0.call(Unknown Source)
	at TempTestSuite1581699028664.run(TempTestSuite1581699028664.groovy:36)]]></system-err>
      </testcase>
      <testcase name="Test Cases/Test_Beams_by_Zip_to_Excel" time="2.336" classname="Test Cases/Test_Beams_by_Zip_to_Excel" status="PASSED">
         <system-out><![CDATA[2020-02-14 09:53:17 - [TEST_CASE][PASSED] - Test Cases/Test_Beams_by_Zip_to_Excel: Test Cases/Test_Beams_by_Zip_to_Excel

2020-02-14 09:53:17 - [TEST_STEP][PASSED] - excelFile01 = "beams-test-results.xlsx": null

2020-02-14 09:53:17 - [TEST_STEP][PASSED] - ExpectedListSheetFile1 = ["Sheet1"]: null

2020-02-14 09:53:17 - [TEST_STEP][PASSED] - workbookFile01 = getWorkbook(excelFile01): null

2020-02-14 09:53:17 - [TEST_STEP][PASSED] - workbook01 = getWorkbook(excelFile01): null

2020-02-14 09:53:17 - [TEST_STEP][PASSED] - sheet01 = getExcelSheet(workbook01, "Sheet1"): null

2020-02-14 09:53:17 - [TEST_STEP][PASSED] - setValueToCellByAddress(sheet01, "A1", "TEST"): null

2020-02-14 09:53:17 - [TEST_STEP][PASSED] - setValueToCellByAddress(sheet01, "B1", "BEAM"): null

2020-02-14 09:53:17 - [TEST_STEP][PASSED] - setValueToCellByAddress(sheet01, "C1", "UFF"): null

2020-02-14 09:53:17 - [TEST_STEP][PASSED] - setValueToCellByAddress(sheet01, "D1", "PLAN"): null

2020-02-14 09:53:17 - [TEST_STEP][PASSED] - setValueToCellByAddress(sheet01, "E1", "API PLAN"): null

2020-02-14 09:53:17 - [TEST_STEP][PASSED] - mybeam = mybeam: null

2020-02-14 09:53:17 - [TEST_STEP][PASSED] - myuff = myuff: null

2020-02-14 09:53:17 - [TEST_STEP][PASSED] - myplan = myplan: null

2020-02-14 09:53:17 - [TEST_STEP][PASSED] - log = new com.kms.katalon.core.logging.KeywordLogger(): null

2020-02-14 09:53:17 - [TEST_STEP][PASSED] - log.logWarning("beam " + mybeam + " zip " + myzip + " upfront fees " + myuff + " plan " + myplan): beam 326 zip 38242 upfront fees 150 plan Liberty 12/25/50/Unlimited

2020-02-14 09:53:17 - [MESSAGE][WARNING] - beam 326 zip 38242 upfront fees 150 plan Liberty 12/25/50/Unlimited

2020-02-14 09:53:17 - [TEST_STEP][PASSED] - setValueToCellByAddress(sheet01, "B" + mycount, beamFail): null

2020-02-14 09:53:17 - [TEST_STEP][PASSED] - setValueToCellByAddress(sheet01, "C" + mycount, uffFail): null

2020-02-14 09:53:17 - [TEST_STEP][PASSED] - mycount = mycount + 1: null

2020-02-14 09:53:17 - [TEST_STEP][PASSED] - setValueToCellByAddress(sheet01, "A" + mycount, "beam " + mybeam + " zip " + myzip + " upfront fees " + myuff + " plan " + myplan): null

2020-02-14 09:53:17 - [TEST_STEP][PASSED] - setValueToCellByAddress(sheet01, "D" + mycount, myplan): null

2020-02-14 09:53:17 - [TEST_STEP][PASSED] - sendRequestAndVerify(findTestObject("Exede_Zip", ["myzip":myzip])): Send request and verify the response successfully

2020-02-14 09:53:19 - [MESSAGE][INFO] - HAR: /Users/jhampleman/jenkins-beam-tests-master/Reports/20200214_095028/RUN_Exede_Zip_Test/20200214_095028/requests/main/76.har

2020-02-14 09:53:19 - [TEST_CASE][PASSED] - Start Test Case : Verification: Verification accomplished successfully

2020-02-14 09:53:19 - [TEST_STEP][PASSED] - request = getInstance().getCurrentRequest(): null

2020-02-14 09:53:19 - [TEST_STEP][PASSED] - response = getInstance().getCurrentResponse(): null

2020-02-14 09:53:19 - [TEST_STEP][PASSED] - if (!(verifyElementPropertyValue(response, "data.beam", mybeam))): Verify element property value successfully

2020-02-14 09:53:19 - [MESSAGE][PASSED] - Verify element property value successfully

2020-02-14 09:53:19 - [TEST_STEP][PASSED] - else: null

2020-02-14 09:53:19 - [TEST_STEP][PASSED] - beamFail = "P": null

2020-02-14 09:53:19 - [TEST_STEP][PASSED] - if (!(verifyElementPropertyValue(response, "data.product.down", myuff))): Verify element property value successfully

2020-02-14 09:53:19 - [MESSAGE][PASSED] - Verify element property value successfully

2020-02-14 09:53:19 - [TEST_STEP][PASSED] - else: null

2020-02-14 09:53:19 - [TEST_STEP][PASSED] - uffFail = "P": null

2020-02-14 09:53:19 - [TEST_STEP][PASSED] - jsonSlurper = new groovy.json.JsonSlurper(): null

2020-02-14 09:53:19 - [TEST_STEP][PASSED] - object = jsonSlurper.parseText(response.getResponseText()): null

2020-02-14 09:53:19 - [TEST_STEP][PASSED] - println(object): null

2020-02-14 09:53:19 - [TEST_STEP][PASSED] - mytest = plans: null

2020-02-14 09:53:19 - [TEST_STEP][PASSED] - variable = mytest: null

2020-02-14 09:53:19 - [MESSAGE][PASSED] - Verify response successfully

2020-02-14 09:53:19 - [MESSAGE][PASSED] - Send request and verify the response successfully

2020-02-14 09:53:19 - [TEST_STEP][PASSED] - setValueToCellByAddress(sheet01, "E" + mycount, variable): null

2020-02-14 09:53:19 - [TEST_STEP][PASSED] - saveWorkbook(excelFile01, workbook01): null]]></system-out>
         <system-err><![CDATA[]]></system-err>
      </testcase>
      <testcase name="Test Cases/Test_Beams_by_Zip_to_Excel" time="4.792" classname="Test Cases/Test_Beams_by_Zip_to_Excel" status="FAILED">
         <failure type="FAILED" message="Test Cases/Test_Beams_by_Zip_to_Excel FAILED.
Reason:
com.kms.katalon.core.exception.StepFailedException: Expected element property value '504' is not equal with actual property value '329'
	at com.kms.katalon.core.keyword.internal.KeywordMain.stepFailed(KeywordMain.groovy:39)
	at com.kms.katalon.core.webservice.keyword.builtin.VerifyElementPropertyValueKeyword$_verifyElementPropertyValue_closure1.doCall(VerifyElementPropertyValueKeyword.groovy:56)
	at com.kms.katalon.core.webservice.keyword.builtin.VerifyElementPropertyValueKeyword$_verifyElementPropertyValue_closure1.call(VerifyElementPropertyValueKeyword.groovy)
	at com.kms.katalon.core.keyword.internal.KeywordMain.runKeyword(KeywordMain.groovy:68)
	at com.kms.katalon.core.webservice.keyword.builtin.VerifyElementPropertyValueKeyword.verifyElementPropertyValue(VerifyElementPropertyValueKeyword.groovy:48)
	at com.kms.katalon.core.webservice.keyword.builtin.VerifyElementPropertyValueKeyword.execute(VerifyElementPropertyValueKeyword.groovy:43)
	at com.kms.katalon.core.keyword.internal.KeywordExecutor.executeKeywordForPlatform(KeywordExecutor.groovy:72)
	at com.kms.katalon.core.webservice.keyword.WSBuiltInKeywords.verifyElementPropertyValue(WSBuiltInKeywords.groovy:189)
	at com.kms.katalon.core.webservice.keyword.WSBuiltInKeywords$verifyElementPropertyValue$0.call(Unknown Source)
	at WSVerification1581699204195.run(WSVerification1581699204195:16)
	at com.kms.katalon.core.main.ScriptEngine.run(ScriptEngine.java:194)
	at com.kms.katalon.core.main.ScriptEngine.runScriptAsRawText(ScriptEngine.java:119)
	at com.kms.katalon.core.main.WSVerificationExecutor.runScript(WSVerificationExecutor.java:146)
	at com.kms.katalon.core.main.WSVerificationExecutor.doExecute(WSVerificationExecutor.java:140)
	at com.kms.katalon.core.main.WSVerificationExecutor.processExecutionPhase(WSVerificationExecutor.java:123)
	at com.kms.katalon.core.main.WSVerificationExecutor.accessMainPhase(WSVerificationExecutor.java:115)
	at com.kms.katalon.core.main.WSVerificationExecutor.execute(WSVerificationExecutor.java:103)
	at com.kms.katalon.core.main.TestCaseMain.runWSVerificationScript(TestCaseMain.java:127)
	at com.kms.katalon.core.webservice.keyword.builtin.SendRequestAndVerifyKeyword$_sendRequestAndVerify_closure1.doCall(SendRequestAndVerifyKeyword.groovy:55)
	at com.kms.katalon.core.webservice.keyword.builtin.SendRequestAndVerifyKeyword$_sendRequestAndVerify_closure1.call(SendRequestAndVerifyKeyword.groovy)
	at com.kms.katalon.core.keyword.internal.KeywordMain.runKeyword(KeywordMain.groovy:68)
	at com.kms.katalon.core.webservice.keyword.builtin.SendRequestAndVerifyKeyword.sendRequestAndVerify(SendRequestAndVerifyKeyword.groovy:43)
	at com.kms.katalon.core.webservice.keyword.builtin.SendRequestAndVerifyKeyword.execute(SendRequestAndVerifyKeyword.groovy:38)
	at com.kms.katalon.core.keyword.internal.KeywordExecutor.executeKeywordForPlatform(KeywordExecutor.groovy:72)
	at com.kms.katalon.core.webservice.keyword.WSBuiltInKeywords.sendRequestAndVerify(WSBuiltInKeywords.groovy:65)
	at com.kms.katalon.core.webservice.keyword.WSBuiltInKeywords$sendRequestAndVerify.call(Unknown Source)
	at Test_Beams_by_Zip_to_Excel.run(Test_Beams_by_Zip_to_Excel:68)
	at com.kms.katalon.core.main.ScriptEngine.run(ScriptEngine.java:194)
	at com.kms.katalon.core.main.ScriptEngine.runScriptAsRawText(ScriptEngine.java:119)
	at com.kms.katalon.core.main.TestCaseExecutor.runScript(TestCaseExecutor.java:337)
	at com.kms.katalon.core.main.TestCaseExecutor.doExecute(TestCaseExecutor.java:328)
	at com.kms.katalon.core.main.TestCaseExecutor.processExecutionPhase(TestCaseExecutor.java:307)
	at com.kms.katalon.core.main.TestCaseExecutor.accessMainPhase(TestCaseExecutor.java:299)
	at com.kms.katalon.core.main.TestCaseExecutor.execute(TestCaseExecutor.java:233)
	at com.kms.katalon.core.main.TestSuiteExecutor.accessTestCaseMainPhase(TestSuiteExecutor.java:169)
	at com.kms.katalon.core.main.TestSuiteExecutor.accessTestSuiteMainPhase(TestSuiteExecutor.java:142)
	at com.kms.katalon.core.main.TestSuiteExecutor.execute(TestSuiteExecutor.java:91)
	at com.kms.katalon.core.main.TestCaseMain.startTestSuite(TestCaseMain.java:157)
	at com.kms.katalon.core.main.TestCaseMain$startTestSuite$0.call(Unknown Source)
	at TempTestSuite1581699028664.run(TempTestSuite1581699028664.groovy:36)
"/>
         <system-out><![CDATA[2020-02-14 09:53:19 - [TEST_CASE][FAILED] - Test Cases/Test_Beams_by_Zip_to_Excel: Test Cases/Test_Beams_by_Zip_to_Excel FAILED.
Reason:
com.kms.katalon.core.exception.StepFailedException: Expected element property value '504' is not equal with actual property value '329'
	at com.kms.katalon.core.keyword.internal.KeywordMain.stepFailed(KeywordMain.groovy:39)
	at com.kms.katalon.core.webservice.keyword.builtin.VerifyElementPropertyValueKeyword$_verifyElementPropertyValue_closure1.doCall(VerifyElementPropertyValueKeyword.groovy:56)
	at com.kms.katalon.core.webservice.keyword.builtin.VerifyElementPropertyValueKeyword$_verifyElementPropertyValue_closure1.call(VerifyElementPropertyValueKeyword.groovy)
	at com.kms.katalon.core.keyword.internal.KeywordMain.runKeyword(KeywordMain.groovy:68)
	at com.kms.katalon.core.webservice.keyword.builtin.VerifyElementPropertyValueKeyword.verifyElementPropertyValue(VerifyElementPropertyValueKeyword.groovy:48)
	at com.kms.katalon.core.webservice.keyword.builtin.VerifyElementPropertyValueKeyword.execute(VerifyElementPropertyValueKeyword.groovy:43)
	at com.kms.katalon.core.keyword.internal.KeywordExecutor.executeKeywordForPlatform(KeywordExecutor.groovy:72)
	at com.kms.katalon.core.webservice.keyword.WSBuiltInKeywords.verifyElementPropertyValue(WSBuiltInKeywords.groovy:189)
	at com.kms.katalon.core.webservice.keyword.WSBuiltInKeywords$verifyElementPropertyValue$0.call(Unknown Source)
	at WSVerification1581699204195.run(WSVerification1581699204195:16)
	at com.kms.katalon.core.main.ScriptEngine.run(ScriptEngine.java:194)
	at com.kms.katalon.core.main.ScriptEngine.runScriptAsRawText(ScriptEngine.java:119)
	at com.kms.katalon.core.main.WSVerificationExecutor.runScript(WSVerificationExecutor.java:146)
	at com.kms.katalon.core.main.WSVerificationExecutor.doExecute(WSVerificationExecutor.java:140)
	at com.kms.katalon.core.main.WSVerificationExecutor.processExecutionPhase(WSVerificationExecutor.java:123)
	at com.kms.katalon.core.main.WSVerificationExecutor.accessMainPhase(WSVerificationExecutor.java:115)
	at com.kms.katalon.core.main.WSVerificationExecutor.execute(WSVerificationExecutor.java:103)
	at com.kms.katalon.core.main.TestCaseMain.runWSVerificationScript(TestCaseMain.java:127)
	at com.kms.katalon.core.webservice.keyword.builtin.SendRequestAndVerifyKeyword$_sendRequestAndVerify_closure1.doCall(SendRequestAndVerifyKeyword.groovy:55)
	at com.kms.katalon.core.webservice.keyword.builtin.SendRequestAndVerifyKeyword$_sendRequestAndVerify_closure1.call(SendRequestAndVerifyKeyword.groovy)
	at com.kms.katalon.core.keyword.internal.KeywordMain.runKeyword(KeywordMain.groovy:68)
	at com.kms.katalon.core.webservice.keyword.builtin.SendRequestAndVerifyKeyword.sendRequestAndVerify(SendRequestAndVerifyKeyword.groovy:43)
	at com.kms.katalon.core.webservice.keyword.builtin.SendRequestAndVerifyKeyword.execute(SendRequestAndVerifyKeyword.groovy:38)
	at com.kms.katalon.core.keyword.internal.KeywordExecutor.executeKeywordForPlatform(KeywordExecutor.groovy:72)
	at com.kms.katalon.core.webservice.keyword.WSBuiltInKeywords.sendRequestAndVerify(WSBuiltInKeywords.groovy:65)
	at com.kms.katalon.core.webservice.keyword.WSBuiltInKeywords$sendRequestAndVerify.call(Unknown Source)
	at Test_Beams_by_Zip_to_Excel.run(Test_Beams_by_Zip_to_Excel:68)
	at com.kms.katalon.core.main.ScriptEngine.run(ScriptEngine.java:194)
	at com.kms.katalon.core.main.ScriptEngine.runScriptAsRawText(ScriptEngine.java:119)
	at com.kms.katalon.core.main.TestCaseExecutor.runScript(TestCaseExecutor.java:337)
	at com.kms.katalon.core.main.TestCaseExecutor.doExecute(TestCaseExecutor.java:328)
	at com.kms.katalon.core.main.TestCaseExecutor.processExecutionPhase(TestCaseExecutor.java:307)
	at com.kms.katalon.core.main.TestCaseExecutor.accessMainPhase(TestCaseExecutor.java:299)
	at com.kms.katalon.core.main.TestCaseExecutor.execute(TestCaseExecutor.java:233)
	at com.kms.katalon.core.main.TestSuiteExecutor.accessTestCaseMainPhase(TestSuiteExecutor.java:169)
	at com.kms.katalon.core.main.TestSuiteExecutor.accessTestSuiteMainPhase(TestSuiteExecutor.java:142)
	at com.kms.katalon.core.main.TestSuiteExecutor.execute(TestSuiteExecutor.java:91)
	at com.kms.katalon.core.main.TestCaseMain.startTestSuite(TestCaseMain.java:157)
	at com.kms.katalon.core.main.TestCaseMain$startTestSuite$0.call(Unknown Source)
	at TempTestSuite1581699028664.run(TempTestSuite1581699028664.groovy:36)


2020-02-14 09:53:19 - [TEST_STEP][PASSED] - excelFile01 = "beams-test-results.xlsx": null

2020-02-14 09:53:19 - [TEST_STEP][PASSED] - ExpectedListSheetFile1 = ["Sheet1"]: null

2020-02-14 09:53:19 - [TEST_STEP][PASSED] - workbookFile01 = getWorkbook(excelFile01): null

2020-02-14 09:53:19 - [TEST_STEP][PASSED] - workbook01 = getWorkbook(excelFile01): null

2020-02-14 09:53:19 - [TEST_STEP][PASSED] - sheet01 = getExcelSheet(workbook01, "Sheet1"): null

2020-02-14 09:53:19 - [TEST_STEP][PASSED] - setValueToCellByAddress(sheet01, "A1", "TEST"): null

2020-02-14 09:53:19 - [TEST_STEP][PASSED] - setValueToCellByAddress(sheet01, "B1", "BEAM"): null

2020-02-14 09:53:19 - [TEST_STEP][PASSED] - setValueToCellByAddress(sheet01, "C1", "UFF"): null

2020-02-14 09:53:19 - [TEST_STEP][PASSED] - setValueToCellByAddress(sheet01, "D1", "PLAN"): null

2020-02-14 09:53:19 - [TEST_STEP][PASSED] - setValueToCellByAddress(sheet01, "E1", "API PLAN"): null

2020-02-14 09:53:19 - [TEST_STEP][PASSED] - mybeam = mybeam: null

2020-02-14 09:53:19 - [TEST_STEP][PASSED] - myuff = myuff: null

2020-02-14 09:53:19 - [TEST_STEP][PASSED] - myplan = myplan: null

2020-02-14 09:53:19 - [TEST_STEP][PASSED] - log = new com.kms.katalon.core.logging.KeywordLogger(): null

2020-02-14 09:53:19 - [TEST_STEP][PASSED] - log.logWarning("beam " + mybeam + " zip " + myzip + " upfront fees " + myuff + " plan " + myplan): beam 504 zip 27855 upfront fees 150 plan VS2 High Fill

2020-02-14 09:53:19 - [MESSAGE][WARNING] - beam 504 zip 27855 upfront fees 150 plan VS2 High Fill

2020-02-14 09:53:19 - [TEST_STEP][PASSED] - setValueToCellByAddress(sheet01, "B" + mycount, beamFail): null

2020-02-14 09:53:19 - [TEST_STEP][PASSED] - setValueToCellByAddress(sheet01, "C" + mycount, uffFail): null

2020-02-14 09:53:19 - [TEST_STEP][PASSED] - mycount = mycount + 1: null

2020-02-14 09:53:19 - [TEST_STEP][PASSED] - setValueToCellByAddress(sheet01, "A" + mycount, "beam " + mybeam + " zip " + myzip + " upfront fees " + myuff + " plan " + myplan): null

2020-02-14 09:53:19 - [TEST_STEP][PASSED] - setValueToCellByAddress(sheet01, "D" + mycount, myplan): null

2020-02-14 09:53:19 - [TEST_STEP][FAILED] - sendRequestAndVerify(findTestObject("Exede_Zip", ["myzip":myzip])): Unable to send request and verify the response (Root cause: com.kms.katalon.core.exception.StepFailedException: Verification failed
	at com.kms.katalon.core.webservice.keyword.builtin.SendRequestAndVerifyKeyword$_sendRequestAndVerify_closure1.doCall(SendRequestAndVerifyKeyword.groovy:59)
	at com.kms.katalon.core.webservice.keyword.builtin.SendRequestAndVerifyKeyword$_sendRequestAndVerify_closure1.call(SendRequestAndVerifyKeyword.groovy)
	at com.kms.katalon.core.keyword.internal.KeywordMain.runKeyword(KeywordMain.groovy:68)
	at com.kms.katalon.core.webservice.keyword.builtin.SendRequestAndVerifyKeyword.sendRequestAndVerify(SendRequestAndVerifyKeyword.groovy:43)
	at com.kms.katalon.core.webservice.keyword.builtin.SendRequestAndVerifyKeyword.execute(SendRequestAndVerifyKeyword.groovy:38)
	at com.kms.katalon.core.keyword.internal.KeywordExecutor.executeKeywordForPlatform(KeywordExecutor.groovy:72)
	at com.kms.katalon.core.webservice.keyword.WSBuiltInKeywords.sendRequestAndVerify(WSBuiltInKeywords.groovy:65)
	at com.kms.katalon.core.webservice.keyword.WSBuiltInKeywords$sendRequestAndVerify.call(Unknown Source)
	at Test_Beams_by_Zip_to_Excel.run(Test_Beams_by_Zip_to_Excel:68)
	at com.kms.katalon.core.main.ScriptEngine.run(ScriptEngine.java:194)
	at com.kms.katalon.core.main.ScriptEngine.runScriptAsRawText(ScriptEngine.java:119)
	at com.kms.katalon.core.main.TestCaseExecutor.runScript(TestCaseExecutor.java:337)
	at com.kms.katalon.core.main.TestCaseExecutor.doExecute(TestCaseExecutor.java:328)
	at com.kms.katalon.core.main.TestCaseExecutor.processExecutionPhase(TestCaseExecutor.java:307)
	at com.kms.katalon.core.main.TestCaseExecutor.accessMainPhase(TestCaseExecutor.java:299)
	at com.kms.katalon.core.main.TestCaseExecutor.execute(TestCaseExecutor.java:233)
	at com.kms.katalon.core.main.TestSuiteExecutor.accessTestCaseMainPhase(TestSuiteExecutor.java:169)
	at com.kms.katalon.core.main.TestSuiteExecutor.accessTestSuiteMainPhase(TestSuiteExecutor.java:142)
	at com.kms.katalon.core.main.TestSuiteExecutor.execute(TestSuiteExecutor.java:91)
	at com.kms.katalon.core.main.TestCaseMain.startTestSuite(TestCaseMain.java:157)
	at com.kms.katalon.core.main.TestCaseMain$startTestSuite$0.call(Unknown Source)
	at TempTestSuite1581699028664.run(TempTestSuite1581699028664.groovy:36)
)

2020-02-14 09:53:24 - [MESSAGE][INFO] - HAR: /Users/jhampleman/jenkins-beam-tests-master/Reports/20200214_095028/RUN_Exede_Zip_Test/20200214_095028/requests/main/77.har

2020-02-14 09:53:24 - [TEST_CASE][FAILED] - Start Test Case : Verification: Verification FAILED.
Reason:
com.kms.katalon.core.exception.StepFailedException: Expected element property value '504' is not equal with actual property value '329'
	at com.kms.katalon.core.keyword.internal.KeywordMain.stepFailed(KeywordMain.groovy:39)
	at com.kms.katalon.core.webservice.keyword.builtin.VerifyElementPropertyValueKeyword$_verifyElementPropertyValue_closure1.doCall(VerifyElementPropertyValueKeyword.groovy:56)
	at com.kms.katalon.core.webservice.keyword.builtin.VerifyElementPropertyValueKeyword$_verifyElementPropertyValue_closure1.call(VerifyElementPropertyValueKeyword.groovy)
	at com.kms.katalon.core.keyword.internal.KeywordMain.runKeyword(KeywordMain.groovy:68)
	at com.kms.katalon.core.webservice.keyword.builtin.VerifyElementPropertyValueKeyword.verifyElementPropertyValue(VerifyElementPropertyValueKeyword.groovy:48)
	at com.kms.katalon.core.webservice.keyword.builtin.VerifyElementPropertyValueKeyword.execute(VerifyElementPropertyValueKeyword.groovy:43)
	at com.kms.katalon.core.keyword.internal.KeywordExecutor.executeKeywordForPlatform(KeywordExecutor.groovy:72)
	at com.kms.katalon.core.webservice.keyword.WSBuiltInKeywords.verifyElementPropertyValue(WSBuiltInKeywords.groovy:189)
	at com.kms.katalon.core.webservice.keyword.WSBuiltInKeywords$verifyElementPropertyValue$0.call(Unknown Source)
	at WSVerification1581699204195.run(WSVerification1581699204195:16)
	at com.kms.katalon.core.main.ScriptEngine.run(ScriptEngine.java:194)
	at com.kms.katalon.core.main.ScriptEngine.runScriptAsRawText(ScriptEngine.java:119)
	at com.kms.katalon.core.main.WSVerificationExecutor.runScript(WSVerificationExecutor.java:146)
	at com.kms.katalon.core.main.WSVerificationExecutor.doExecute(WSVerificationExecutor.java:140)
	at com.kms.katalon.core.main.WSVerificationExecutor.processExecutionPhase(WSVerificationExecutor.java:123)
	at com.kms.katalon.core.main.WSVerificationExecutor.accessMainPhase(WSVerificationExecutor.java:115)
	at com.kms.katalon.core.main.WSVerificationExecutor.execute(WSVerificationExecutor.java:103)
	at com.kms.katalon.core.main.TestCaseMain.runWSVerificationScript(TestCaseMain.java:127)
	at com.kms.katalon.core.webservice.keyword.builtin.SendRequestAndVerifyKeyword$_sendRequestAndVerify_closure1.doCall(SendRequestAndVerifyKeyword.groovy:55)
	at com.kms.katalon.core.webservice.keyword.builtin.SendRequestAndVerifyKeyword$_sendRequestAndVerify_closure1.call(SendRequestAndVerifyKeyword.groovy)
	at com.kms.katalon.core.keyword.internal.KeywordMain.runKeyword(KeywordMain.groovy:68)
	at com.kms.katalon.core.webservice.keyword.builtin.SendRequestAndVerifyKeyword.sendRequestAndVerify(SendRequestAndVerifyKeyword.groovy:43)
	at com.kms.katalon.core.webservice.keyword.builtin.SendRequestAndVerifyKeyword.execute(SendRequestAndVerifyKeyword.groovy:38)
	at com.kms.katalon.core.keyword.internal.KeywordExecutor.executeKeywordForPlatform(KeywordExecutor.groovy:72)
	at com.kms.katalon.core.webservice.keyword.WSBuiltInKeywords.sendRequestAndVerify(WSBuiltInKeywords.groovy:65)
	at com.kms.katalon.core.webservice.keyword.WSBuiltInKeywords$sendRequestAndVerify.call(Unknown Source)
	at Test_Beams_by_Zip_to_Excel.run(Test_Beams_by_Zip_to_Excel:68)
	at com.kms.katalon.core.main.ScriptEngine.run(ScriptEngine.java:194)
	at com.kms.katalon.core.main.ScriptEngine.runScriptAsRawText(ScriptEngine.java:119)
	at com.kms.katalon.core.main.TestCaseExecutor.runScript(TestCaseExecutor.java:337)
	at com.kms.katalon.core.main.TestCaseExecutor.doExecute(TestCaseExecutor.java:328)
	at com.kms.katalon.core.main.TestCaseExecutor.processExecutionPhase(TestCaseExecutor.java:307)
	at com.kms.katalon.core.main.TestCaseExecutor.accessMainPhase(TestCaseExecutor.java:299)
	at com.kms.katalon.core.main.TestCaseExecutor.execute(TestCaseExecutor.java:233)
	at com.kms.katalon.core.main.TestSuiteExecutor.accessTestCaseMainPhase(TestSuiteExecutor.java:169)
	at com.kms.katalon.core.main.TestSuiteExecutor.accessTestSuiteMainPhase(TestSuiteExecutor.java:142)
	at com.kms.katalon.core.main.TestSuiteExecutor.execute(TestSuiteExecutor.java:91)
	at com.kms.katalon.core.main.TestCaseMain.startTestSuite(TestCaseMain.java:157)
	at com.kms.katalon.core.main.TestCaseMain$startTestSuite$0.call(Unknown Source)
	at TempTestSuite1581699028664.run(TempTestSuite1581699028664.groovy:36)


2020-02-14 09:53:24 - [TEST_STEP][PASSED] - request = getInstance().getCurrentRequest(): null

2020-02-14 09:53:24 - [TEST_STEP][PASSED] - response = getInstance().getCurrentResponse(): null

2020-02-14 09:53:24 - [TEST_STEP][FAILED] - if (!(verifyElementPropertyValue(response, "data.beam", mybeam))): null

2020-02-14 09:53:24 - [MESSAGE][FAILED] - Expected element property value '504' is not equal with actual property value '329'

2020-02-14 09:53:24 - [TEST_STEP][PASSED] - beamFail = "F": null

2020-02-14 09:53:24 - [TEST_STEP][PASSED] - if (!(verifyElementPropertyValue(response, "data.product.down", myuff))): Verify element property value successfully

2020-02-14 09:53:24 - [MESSAGE][PASSED] - Verify element property value successfully

2020-02-14 09:53:24 - [TEST_STEP][PASSED] - else: null

2020-02-14 09:53:24 - [TEST_STEP][PASSED] - uffFail = "P": null

2020-02-14 09:53:24 - [TEST_STEP][PASSED] - jsonSlurper = new groovy.json.JsonSlurper(): null

2020-02-14 09:53:24 - [TEST_STEP][PASSED] - object = jsonSlurper.parseText(response.getResponseText()): null

2020-02-14 09:53:24 - [TEST_STEP][PASSED] - println(object): null

2020-02-14 09:53:24 - [TEST_STEP][PASSED] - mytest = plans: null

2020-02-14 09:53:24 - [TEST_STEP][PASSED] - variable = mytest: null

2020-02-14 09:53:24 - [MESSAGE][FAILED] - Unable to send request and verify the response (Root cause: com.kms.katalon.core.exception.StepFailedException: Verification failed
	at com.kms.katalon.core.webservice.keyword.builtin.SendRequestAndVerifyKeyword$_sendRequestAndVerify_closure1.doCall(SendRequestAndVerifyKeyword.groovy:59)
	at com.kms.katalon.core.webservice.keyword.builtin.SendRequestAndVerifyKeyword$_sendRequestAndVerify_closure1.call(SendRequestAndVerifyKeyword.groovy)
	at com.kms.katalon.core.keyword.internal.KeywordMain.runKeyword(KeywordMain.groovy:68)
	at com.kms.katalon.core.webservice.keyword.builtin.SendRequestAndVerifyKeyword.sendRequestAndVerify(SendRequestAndVerifyKeyword.groovy:43)
	at com.kms.katalon.core.webservice.keyword.builtin.SendRequestAndVerifyKeyword.execute(SendRequestAndVerifyKeyword.groovy:38)
	at com.kms.katalon.core.keyword.internal.KeywordExecutor.executeKeywordForPlatform(KeywordExecutor.groovy:72)
	at com.kms.katalon.core.webservice.keyword.WSBuiltInKeywords.sendRequestAndVerify(WSBuiltInKeywords.groovy:65)
	at com.kms.katalon.core.webservice.keyword.WSBuiltInKeywords$sendRequestAndVerify.call(Unknown Source)
	at Test_Beams_by_Zip_to_Excel.run(Test_Beams_by_Zip_to_Excel:68)
	at com.kms.katalon.core.main.ScriptEngine.run(ScriptEngine.java:194)
	at com.kms.katalon.core.main.ScriptEngine.runScriptAsRawText(ScriptEngine.java:119)
	at com.kms.katalon.core.main.TestCaseExecutor.runScript(TestCaseExecutor.java:337)
	at com.kms.katalon.core.main.TestCaseExecutor.doExecute(TestCaseExecutor.java:328)
	at com.kms.katalon.core.main.TestCaseExecutor.processExecutionPhase(TestCaseExecutor.java:307)
	at com.kms.katalon.core.main.TestCaseExecutor.accessMainPhase(TestCaseExecutor.java:299)
	at com.kms.katalon.core.main.TestCaseExecutor.execute(TestCaseExecutor.java:233)
	at com.kms.katalon.core.main.TestSuiteExecutor.accessTestCaseMainPhase(TestSuiteExecutor.java:169)
	at com.kms.katalon.core.main.TestSuiteExecutor.accessTestSuiteMainPhase(TestSuiteExecutor.java:142)
	at com.kms.katalon.core.main.TestSuiteExecutor.execute(TestSuiteExecutor.java:91)
	at com.kms.katalon.core.main.TestCaseMain.startTestSuite(TestCaseMain.java:157)
	at com.kms.katalon.core.main.TestCaseMain$startTestSuite$0.call(Unknown Source)
	at TempTestSuite1581699028664.run(TempTestSuite1581699028664.groovy:36)
)

2020-02-14 09:53:24 - [TEST_STEP][PASSED] - setValueToCellByAddress(sheet01, "E" + mycount, variable): null

2020-02-14 09:53:24 - [TEST_STEP][PASSED] - saveWorkbook(excelFile01, workbook01): null]]></system-out>
         <system-err><![CDATA[2020-02-14 09:53:19 - [TEST_CASE][FAILED] - Test Cases/Test_Beams_by_Zip_to_Excel: Test Cases/Test_Beams_by_Zip_to_Excel FAILED.
Reason:
com.kms.katalon.core.exception.StepFailedException: Expected element property value '504' is not equal with actual property value '329'
	at com.kms.katalon.core.keyword.internal.KeywordMain.stepFailed(KeywordMain.groovy:39)
	at com.kms.katalon.core.webservice.keyword.builtin.VerifyElementPropertyValueKeyword$_verifyElementPropertyValue_closure1.doCall(VerifyElementPropertyValueKeyword.groovy:56)
	at com.kms.katalon.core.webservice.keyword.builtin.VerifyElementPropertyValueKeyword$_verifyElementPropertyValue_closure1.call(VerifyElementPropertyValueKeyword.groovy)
	at com.kms.katalon.core.keyword.internal.KeywordMain.runKeyword(KeywordMain.groovy:68)
	at com.kms.katalon.core.webservice.keyword.builtin.VerifyElementPropertyValueKeyword.verifyElementPropertyValue(VerifyElementPropertyValueKeyword.groovy:48)
	at com.kms.katalon.core.webservice.keyword.builtin.VerifyElementPropertyValueKeyword.execute(VerifyElementPropertyValueKeyword.groovy:43)
	at com.kms.katalon.core.keyword.internal.KeywordExecutor.executeKeywordForPlatform(KeywordExecutor.groovy:72)
	at com.kms.katalon.core.webservice.keyword.WSBuiltInKeywords.verifyElementPropertyValue(WSBuiltInKeywords.groovy:189)
	at com.kms.katalon.core.webservice.keyword.WSBuiltInKeywords$verifyElementPropertyValue$0.call(Unknown Source)
	at WSVerification1581699204195.run(WSVerification1581699204195:16)
	at com.kms.katalon.core.main.ScriptEngine.run(ScriptEngine.java:194)
	at com.kms.katalon.core.main.ScriptEngine.runScriptAsRawText(ScriptEngine.java:119)
	at com.kms.katalon.core.main.WSVerificationExecutor.runScript(WSVerificationExecutor.java:146)
	at com.kms.katalon.core.main.WSVerificationExecutor.doExecute(WSVerificationExecutor.java:140)
	at com.kms.katalon.core.main.WSVerificationExecutor.processExecutionPhase(WSVerificationExecutor.java:123)
	at com.kms.katalon.core.main.WSVerificationExecutor.accessMainPhase(WSVerificationExecutor.java:115)
	at com.kms.katalon.core.main.WSVerificationExecutor.execute(WSVerificationExecutor.java:103)
	at com.kms.katalon.core.main.TestCaseMain.runWSVerificationScript(TestCaseMain.java:127)
	at com.kms.katalon.core.webservice.keyword.builtin.SendRequestAndVerifyKeyword$_sendRequestAndVerify_closure1.doCall(SendRequestAndVerifyKeyword.groovy:55)
	at com.kms.katalon.core.webservice.keyword.builtin.SendRequestAndVerifyKeyword$_sendRequestAndVerify_closure1.call(SendRequestAndVerifyKeyword.groovy)
	at com.kms.katalon.core.keyword.internal.KeywordMain.runKeyword(KeywordMain.groovy:68)
	at com.kms.katalon.core.webservice.keyword.builtin.SendRequestAndVerifyKeyword.sendRequestAndVerify(SendRequestAndVerifyKeyword.groovy:43)
	at com.kms.katalon.core.webservice.keyword.builtin.SendRequestAndVerifyKeyword.execute(SendRequestAndVerifyKeyword.groovy:38)
	at com.kms.katalon.core.keyword.internal.KeywordExecutor.executeKeywordForPlatform(KeywordExecutor.groovy:72)
	at com.kms.katalon.core.webservice.keyword.WSBuiltInKeywords.sendRequestAndVerify(WSBuiltInKeywords.groovy:65)
	at com.kms.katalon.core.webservice.keyword.WSBuiltInKeywords$sendRequestAndVerify.call(Unknown Source)
	at Test_Beams_by_Zip_to_Excel.run(Test_Beams_by_Zip_to_Excel:68)
	at com.kms.katalon.core.main.ScriptEngine.run(ScriptEngine.java:194)
	at com.kms.katalon.core.main.ScriptEngine.runScriptAsRawText(ScriptEngine.java:119)
	at com.kms.katalon.core.main.TestCaseExecutor.runScript(TestCaseExecutor.java:337)
	at com.kms.katalon.core.main.TestCaseExecutor.doExecute(TestCaseExecutor.java:328)
	at com.kms.katalon.core.main.TestCaseExecutor.processExecutionPhase(TestCaseExecutor.java:307)
	at com.kms.katalon.core.main.TestCaseExecutor.accessMainPhase(TestCaseExecutor.java:299)
	at com.kms.katalon.core.main.TestCaseExecutor.execute(TestCaseExecutor.java:233)
	at com.kms.katalon.core.main.TestSuiteExecutor.accessTestCaseMainPhase(TestSuiteExecutor.java:169)
	at com.kms.katalon.core.main.TestSuiteExecutor.accessTestSuiteMainPhase(TestSuiteExecutor.java:142)
	at com.kms.katalon.core.main.TestSuiteExecutor.execute(TestSuiteExecutor.java:91)
	at com.kms.katalon.core.main.TestCaseMain.startTestSuite(TestCaseMain.java:157)
	at com.kms.katalon.core.main.TestCaseMain$startTestSuite$0.call(Unknown Source)
	at TempTestSuite1581699028664.run(TempTestSuite1581699028664.groovy:36)]]></system-err>
      </testcase>
      <testcase name="Test Cases/Test_Beams_by_Zip_to_Excel" time="3.05" classname="Test Cases/Test_Beams_by_Zip_to_Excel" status="PASSED">
         <system-out><![CDATA[2020-02-14 09:53:24 - [TEST_CASE][PASSED] - Test Cases/Test_Beams_by_Zip_to_Excel: Test Cases/Test_Beams_by_Zip_to_Excel

2020-02-14 09:53:24 - [TEST_STEP][PASSED] - excelFile01 = "beams-test-results.xlsx": null

2020-02-14 09:53:24 - [TEST_STEP][PASSED] - ExpectedListSheetFile1 = ["Sheet1"]: null

2020-02-14 09:53:24 - [TEST_STEP][PASSED] - workbookFile01 = getWorkbook(excelFile01): null

2020-02-14 09:53:24 - [TEST_STEP][PASSED] - workbook01 = getWorkbook(excelFile01): null

2020-02-14 09:53:24 - [TEST_STEP][PASSED] - sheet01 = getExcelSheet(workbook01, "Sheet1"): null

2020-02-14 09:53:24 - [TEST_STEP][PASSED] - setValueToCellByAddress(sheet01, "A1", "TEST"): null

2020-02-14 09:53:24 - [TEST_STEP][PASSED] - setValueToCellByAddress(sheet01, "B1", "BEAM"): null

2020-02-14 09:53:24 - [TEST_STEP][PASSED] - setValueToCellByAddress(sheet01, "C1", "UFF"): null

2020-02-14 09:53:24 - [TEST_STEP][PASSED] - setValueToCellByAddress(sheet01, "D1", "PLAN"): null

2020-02-14 09:53:24 - [TEST_STEP][PASSED] - setValueToCellByAddress(sheet01, "E1", "API PLAN"): null

2020-02-14 09:53:24 - [TEST_STEP][PASSED] - mybeam = mybeam: null

2020-02-14 09:53:24 - [TEST_STEP][PASSED] - myuff = myuff: null

2020-02-14 09:53:24 - [TEST_STEP][PASSED] - myplan = myplan: null

2020-02-14 09:53:24 - [TEST_STEP][PASSED] - log = new com.kms.katalon.core.logging.KeywordLogger(): null

2020-02-14 09:53:24 - [TEST_STEP][PASSED] - log.logWarning("beam " + mybeam + " zip " + myzip + " upfront fees " + myuff + " plan " + myplan): beam 329 zip 27855 upfront fees 150 plan Liberty 12/25/50/Unlimited

2020-02-14 09:53:24 - [MESSAGE][WARNING] - beam 329 zip 27855 upfront fees 150 plan Liberty 12/25/50/Unlimited

2020-02-14 09:53:24 - [TEST_STEP][PASSED] - setValueToCellByAddress(sheet01, "B" + mycount, beamFail): null

2020-02-14 09:53:24 - [TEST_STEP][PASSED] - setValueToCellByAddress(sheet01, "C" + mycount, uffFail): null

2020-02-14 09:53:24 - [TEST_STEP][PASSED] - mycount = mycount + 1: null

2020-02-14 09:53:24 - [TEST_STEP][PASSED] - setValueToCellByAddress(sheet01, "A" + mycount, "beam " + mybeam + " zip " + myzip + " upfront fees " + myuff + " plan " + myplan): null

2020-02-14 09:53:24 - [TEST_STEP][PASSED] - setValueToCellByAddress(sheet01, "D" + mycount, myplan): null

2020-02-14 09:53:24 - [TEST_STEP][PASSED] - sendRequestAndVerify(findTestObject("Exede_Zip", ["myzip":myzip])): Send request and verify the response successfully

2020-02-14 09:53:27 - [MESSAGE][INFO] - HAR: /Users/jhampleman/jenkins-beam-tests-master/Reports/20200214_095028/RUN_Exede_Zip_Test/20200214_095028/requests/main/78.har

2020-02-14 09:53:27 - [TEST_CASE][PASSED] - Start Test Case : Verification: Verification accomplished successfully

2020-02-14 09:53:27 - [TEST_STEP][PASSED] - request = getInstance().getCurrentRequest(): null

2020-02-14 09:53:27 - [TEST_STEP][PASSED] - response = getInstance().getCurrentResponse(): null

2020-02-14 09:53:27 - [TEST_STEP][PASSED] - if (!(verifyElementPropertyValue(response, "data.beam", mybeam))): Verify element property value successfully

2020-02-14 09:53:27 - [MESSAGE][PASSED] - Verify element property value successfully

2020-02-14 09:53:27 - [TEST_STEP][PASSED] - else: null

2020-02-14 09:53:27 - [TEST_STEP][PASSED] - beamFail = "P": null

2020-02-14 09:53:27 - [TEST_STEP][PASSED] - if (!(verifyElementPropertyValue(response, "data.product.down", myuff))): Verify element property value successfully

2020-02-14 09:53:27 - [MESSAGE][PASSED] - Verify element property value successfully

2020-02-14 09:53:27 - [TEST_STEP][PASSED] - else: null

2020-02-14 09:53:27 - [TEST_STEP][PASSED] - uffFail = "P": null

2020-02-14 09:53:27 - [TEST_STEP][PASSED] - jsonSlurper = new groovy.json.JsonSlurper(): null

2020-02-14 09:53:27 - [TEST_STEP][PASSED] - object = jsonSlurper.parseText(response.getResponseText()): null

2020-02-14 09:53:27 - [TEST_STEP][PASSED] - println(object): null

2020-02-14 09:53:27 - [TEST_STEP][PASSED] - mytest = plans: null

2020-02-14 09:53:27 - [TEST_STEP][PASSED] - variable = mytest: null

2020-02-14 09:53:27 - [MESSAGE][PASSED] - Verify response successfully

2020-02-14 09:53:27 - [MESSAGE][PASSED] - Send request and verify the response successfully

2020-02-14 09:53:27 - [TEST_STEP][PASSED] - setValueToCellByAddress(sheet01, "E" + mycount, variable): null

2020-02-14 09:53:27 - [TEST_STEP][PASSED] - saveWorkbook(excelFile01, workbook01): null]]></system-out>
         <system-err><![CDATA[]]></system-err>
      </testcase>
      <testcase name="Test Cases/Test_Beams_by_Zip_to_Excel" time="2.025" classname="Test Cases/Test_Beams_by_Zip_to_Excel" status="PASSED">
         <system-out><![CDATA[2020-02-14 09:53:27 - [TEST_CASE][PASSED] - Test Cases/Test_Beams_by_Zip_to_Excel: Test Cases/Test_Beams_by_Zip_to_Excel

2020-02-14 09:53:27 - [TEST_STEP][PASSED] - excelFile01 = "beams-test-results.xlsx": null

2020-02-14 09:53:27 - [TEST_STEP][PASSED] - ExpectedListSheetFile1 = ["Sheet1"]: null

2020-02-14 09:53:27 - [TEST_STEP][PASSED] - workbookFile01 = getWorkbook(excelFile01): null

2020-02-14 09:53:27 - [TEST_STEP][PASSED] - workbook01 = getWorkbook(excelFile01): null

2020-02-14 09:53:27 - [TEST_STEP][PASSED] - sheet01 = getExcelSheet(workbook01, "Sheet1"): null

2020-02-14 09:53:27 - [TEST_STEP][PASSED] - setValueToCellByAddress(sheet01, "A1", "TEST"): null

2020-02-14 09:53:27 - [TEST_STEP][PASSED] - setValueToCellByAddress(sheet01, "B1", "BEAM"): null

2020-02-14 09:53:27 - [TEST_STEP][PASSED] - setValueToCellByAddress(sheet01, "C1", "UFF"): null

2020-02-14 09:53:27 - [TEST_STEP][PASSED] - setValueToCellByAddress(sheet01, "D1", "PLAN"): null

2020-02-14 09:53:27 - [TEST_STEP][PASSED] - setValueToCellByAddress(sheet01, "E1", "API PLAN"): null

2020-02-14 09:53:27 - [TEST_STEP][PASSED] - mybeam = mybeam: null

2020-02-14 09:53:27 - [TEST_STEP][PASSED] - myuff = myuff: null

2020-02-14 09:53:27 - [TEST_STEP][PASSED] - myplan = myplan: null

2020-02-14 09:53:27 - [TEST_STEP][PASSED] - log = new com.kms.katalon.core.logging.KeywordLogger(): null

2020-02-14 09:53:27 - [TEST_STEP][PASSED] - log.logWarning("beam " + mybeam + " zip " + myzip + " upfront fees " + myuff + " plan " + myplan): beam 508 zip 93527 upfront fees 0 plan VS2 High Fill

2020-02-14 09:53:27 - [MESSAGE][WARNING] - beam 508 zip 93527 upfront fees 0 plan VS2 High Fill

2020-02-14 09:53:27 - [TEST_STEP][PASSED] - setValueToCellByAddress(sheet01, "B" + mycount, beamFail): null

2020-02-14 09:53:27 - [TEST_STEP][PASSED] - setValueToCellByAddress(sheet01, "C" + mycount, uffFail): null

2020-02-14 09:53:27 - [TEST_STEP][PASSED] - mycount = mycount + 1: null

2020-02-14 09:53:27 - [TEST_STEP][PASSED] - setValueToCellByAddress(sheet01, "A" + mycount, "beam " + mybeam + " zip " + myzip + " upfront fees " + myuff + " plan " + myplan): null

2020-02-14 09:53:27 - [TEST_STEP][PASSED] - setValueToCellByAddress(sheet01, "D" + mycount, myplan): null

2020-02-14 09:53:27 - [TEST_STEP][PASSED] - sendRequestAndVerify(findTestObject("Exede_Zip", ["myzip":myzip])): Send request and verify the response successfully

2020-02-14 09:53:29 - [MESSAGE][INFO] - HAR: /Users/jhampleman/jenkins-beam-tests-master/Reports/20200214_095028/RUN_Exede_Zip_Test/20200214_095028/requests/main/79.har

2020-02-14 09:53:29 - [TEST_CASE][PASSED] - Start Test Case : Verification: Verification accomplished successfully

2020-02-14 09:53:29 - [TEST_STEP][PASSED] - request = getInstance().getCurrentRequest(): null

2020-02-14 09:53:29 - [TEST_STEP][PASSED] - response = getInstance().getCurrentResponse(): null

2020-02-14 09:53:29 - [TEST_STEP][PASSED] - if (!(verifyElementPropertyValue(response, "data.beam", mybeam))): Verify element property value successfully

2020-02-14 09:53:29 - [MESSAGE][PASSED] - Verify element property value successfully

2020-02-14 09:53:29 - [TEST_STEP][PASSED] - else: null

2020-02-14 09:53:29 - [TEST_STEP][PASSED] - beamFail = "P": null

2020-02-14 09:53:29 - [TEST_STEP][PASSED] - if (!(verifyElementPropertyValue(response, "data.product.down", myuff))): Verify element property value successfully

2020-02-14 09:53:29 - [MESSAGE][PASSED] - Verify element property value successfully

2020-02-14 09:53:29 - [TEST_STEP][PASSED] - else: null

2020-02-14 09:53:29 - [TEST_STEP][PASSED] - uffFail = "P": null

2020-02-14 09:53:29 - [TEST_STEP][PASSED] - jsonSlurper = new groovy.json.JsonSlurper(): null

2020-02-14 09:53:29 - [TEST_STEP][PASSED] - object = jsonSlurper.parseText(response.getResponseText()): null

2020-02-14 09:53:29 - [TEST_STEP][PASSED] - println(object): null

2020-02-14 09:53:29 - [TEST_STEP][PASSED] - mytest = plans: null

2020-02-14 09:53:29 - [TEST_STEP][PASSED] - variable = mytest: null

2020-02-14 09:53:29 - [MESSAGE][PASSED] - Verify response successfully

2020-02-14 09:53:29 - [MESSAGE][PASSED] - Send request and verify the response successfully

2020-02-14 09:53:29 - [TEST_STEP][PASSED] - setValueToCellByAddress(sheet01, "E" + mycount, variable): null

2020-02-14 09:53:29 - [TEST_STEP][PASSED] - saveWorkbook(excelFile01, workbook01): null]]></system-out>
         <system-err><![CDATA[]]></system-err>
      </testcase>
      <testcase name="Test Cases/Test_Beams_by_Zip_to_Excel" time="2.041" classname="Test Cases/Test_Beams_by_Zip_to_Excel" status="FAILED">
         <failure type="FAILED" message="Test Cases/Test_Beams_by_Zip_to_Excel FAILED.
Reason:
com.kms.katalon.core.exception.StepFailedException: Expected element property value '509' is not equal with actual property value '81'
	at com.kms.katalon.core.keyword.internal.KeywordMain.stepFailed(KeywordMain.groovy:39)
	at com.kms.katalon.core.webservice.keyword.builtin.VerifyElementPropertyValueKeyword$_verifyElementPropertyValue_closure1.doCall(VerifyElementPropertyValueKeyword.groovy:56)
	at com.kms.katalon.core.webservice.keyword.builtin.VerifyElementPropertyValueKeyword$_verifyElementPropertyValue_closure1.call(VerifyElementPropertyValueKeyword.groovy)
	at com.kms.katalon.core.keyword.internal.KeywordMain.runKeyword(KeywordMain.groovy:68)
	at com.kms.katalon.core.webservice.keyword.builtin.VerifyElementPropertyValueKeyword.verifyElementPropertyValue(VerifyElementPropertyValueKeyword.groovy:48)
	at com.kms.katalon.core.webservice.keyword.builtin.VerifyElementPropertyValueKeyword.execute(VerifyElementPropertyValueKeyword.groovy:43)
	at com.kms.katalon.core.keyword.internal.KeywordExecutor.executeKeywordForPlatform(KeywordExecutor.groovy:72)
	at com.kms.katalon.core.webservice.keyword.WSBuiltInKeywords.verifyElementPropertyValue(WSBuiltInKeywords.groovy:189)
	at com.kms.katalon.core.webservice.keyword.WSBuiltInKeywords$verifyElementPropertyValue$0.call(Unknown Source)
	at WSVerification1581699211331.run(WSVerification1581699211331:16)
	at com.kms.katalon.core.main.ScriptEngine.run(ScriptEngine.java:194)
	at com.kms.katalon.core.main.ScriptEngine.runScriptAsRawText(ScriptEngine.java:119)
	at com.kms.katalon.core.main.WSVerificationExecutor.runScript(WSVerificationExecutor.java:146)
	at com.kms.katalon.core.main.WSVerificationExecutor.doExecute(WSVerificationExecutor.java:140)
	at com.kms.katalon.core.main.WSVerificationExecutor.processExecutionPhase(WSVerificationExecutor.java:123)
	at com.kms.katalon.core.main.WSVerificationExecutor.accessMainPhase(WSVerificationExecutor.java:115)
	at com.kms.katalon.core.main.WSVerificationExecutor.execute(WSVerificationExecutor.java:103)
	at com.kms.katalon.core.main.TestCaseMain.runWSVerificationScript(TestCaseMain.java:127)
	at com.kms.katalon.core.webservice.keyword.builtin.SendRequestAndVerifyKeyword$_sendRequestAndVerify_closure1.doCall(SendRequestAndVerifyKeyword.groovy:55)
	at com.kms.katalon.core.webservice.keyword.builtin.SendRequestAndVerifyKeyword$_sendRequestAndVerify_closure1.call(SendRequestAndVerifyKeyword.groovy)
	at com.kms.katalon.core.keyword.internal.KeywordMain.runKeyword(KeywordMain.groovy:68)
	at com.kms.katalon.core.webservice.keyword.builtin.SendRequestAndVerifyKeyword.sendRequestAndVerify(SendRequestAndVerifyKeyword.groovy:43)
	at com.kms.katalon.core.webservice.keyword.builtin.SendRequestAndVerifyKeyword.execute(SendRequestAndVerifyKeyword.groovy:38)
	at com.kms.katalon.core.keyword.internal.KeywordExecutor.executeKeywordForPlatform(KeywordExecutor.groovy:72)
	at com.kms.katalon.core.webservice.keyword.WSBuiltInKeywords.sendRequestAndVerify(WSBuiltInKeywords.groovy:65)
	at com.kms.katalon.core.webservice.keyword.WSBuiltInKeywords$sendRequestAndVerify.call(Unknown Source)
	at Test_Beams_by_Zip_to_Excel.run(Test_Beams_by_Zip_to_Excel:68)
	at com.kms.katalon.core.main.ScriptEngine.run(ScriptEngine.java:194)
	at com.kms.katalon.core.main.ScriptEngine.runScriptAsRawText(ScriptEngine.java:119)
	at com.kms.katalon.core.main.TestCaseExecutor.runScript(TestCaseExecutor.java:337)
	at com.kms.katalon.core.main.TestCaseExecutor.doExecute(TestCaseExecutor.java:328)
	at com.kms.katalon.core.main.TestCaseExecutor.processExecutionPhase(TestCaseExecutor.java:307)
	at com.kms.katalon.core.main.TestCaseExecutor.accessMainPhase(TestCaseExecutor.java:299)
	at com.kms.katalon.core.main.TestCaseExecutor.execute(TestCaseExecutor.java:233)
	at com.kms.katalon.core.main.TestSuiteExecutor.accessTestCaseMainPhase(TestSuiteExecutor.java:169)
	at com.kms.katalon.core.main.TestSuiteExecutor.accessTestSuiteMainPhase(TestSuiteExecutor.java:142)
	at com.kms.katalon.core.main.TestSuiteExecutor.execute(TestSuiteExecutor.java:91)
	at com.kms.katalon.core.main.TestCaseMain.startTestSuite(TestCaseMain.java:157)
	at com.kms.katalon.core.main.TestCaseMain$startTestSuite$0.call(Unknown Source)
	at TempTestSuite1581699028664.run(TempTestSuite1581699028664.groovy:36)
"/>
         <system-out><![CDATA[2020-02-14 09:53:29 - [TEST_CASE][FAILED] - Test Cases/Test_Beams_by_Zip_to_Excel: Test Cases/Test_Beams_by_Zip_to_Excel FAILED.
Reason:
com.kms.katalon.core.exception.StepFailedException: Expected element property value '509' is not equal with actual property value '81'
	at com.kms.katalon.core.keyword.internal.KeywordMain.stepFailed(KeywordMain.groovy:39)
	at com.kms.katalon.core.webservice.keyword.builtin.VerifyElementPropertyValueKeyword$_verifyElementPropertyValue_closure1.doCall(VerifyElementPropertyValueKeyword.groovy:56)
	at com.kms.katalon.core.webservice.keyword.builtin.VerifyElementPropertyValueKeyword$_verifyElementPropertyValue_closure1.call(VerifyElementPropertyValueKeyword.groovy)
	at com.kms.katalon.core.keyword.internal.KeywordMain.runKeyword(KeywordMain.groovy:68)
	at com.kms.katalon.core.webservice.keyword.builtin.VerifyElementPropertyValueKeyword.verifyElementPropertyValue(VerifyElementPropertyValueKeyword.groovy:48)
	at com.kms.katalon.core.webservice.keyword.builtin.VerifyElementPropertyValueKeyword.execute(VerifyElementPropertyValueKeyword.groovy:43)
	at com.kms.katalon.core.keyword.internal.KeywordExecutor.executeKeywordForPlatform(KeywordExecutor.groovy:72)
	at com.kms.katalon.core.webservice.keyword.WSBuiltInKeywords.verifyElementPropertyValue(WSBuiltInKeywords.groovy:189)
	at com.kms.katalon.core.webservice.keyword.WSBuiltInKeywords$verifyElementPropertyValue$0.call(Unknown Source)
	at WSVerification1581699211331.run(WSVerification1581699211331:16)
	at com.kms.katalon.core.main.ScriptEngine.run(ScriptEngine.java:194)
	at com.kms.katalon.core.main.ScriptEngine.runScriptAsRawText(ScriptEngine.java:119)
	at com.kms.katalon.core.main.WSVerificationExecutor.runScript(WSVerificationExecutor.java:146)
	at com.kms.katalon.core.main.WSVerificationExecutor.doExecute(WSVerificationExecutor.java:140)
	at com.kms.katalon.core.main.WSVerificationExecutor.processExecutionPhase(WSVerificationExecutor.java:123)
	at com.kms.katalon.core.main.WSVerificationExecutor.accessMainPhase(WSVerificationExecutor.java:115)
	at com.kms.katalon.core.main.WSVerificationExecutor.execute(WSVerificationExecutor.java:103)
	at com.kms.katalon.core.main.TestCaseMain.runWSVerificationScript(TestCaseMain.java:127)
	at com.kms.katalon.core.webservice.keyword.builtin.SendRequestAndVerifyKeyword$_sendRequestAndVerify_closure1.doCall(SendRequestAndVerifyKeyword.groovy:55)
	at com.kms.katalon.core.webservice.keyword.builtin.SendRequestAndVerifyKeyword$_sendRequestAndVerify_closure1.call(SendRequestAndVerifyKeyword.groovy)
	at com.kms.katalon.core.keyword.internal.KeywordMain.runKeyword(KeywordMain.groovy:68)
	at com.kms.katalon.core.webservice.keyword.builtin.SendRequestAndVerifyKeyword.sendRequestAndVerify(SendRequestAndVerifyKeyword.groovy:43)
	at com.kms.katalon.core.webservice.keyword.builtin.SendRequestAndVerifyKeyword.execute(SendRequestAndVerifyKeyword.groovy:38)
	at com.kms.katalon.core.keyword.internal.KeywordExecutor.executeKeywordForPlatform(KeywordExecutor.groovy:72)
	at com.kms.katalon.core.webservice.keyword.WSBuiltInKeywords.sendRequestAndVerify(WSBuiltInKeywords.groovy:65)
	at com.kms.katalon.core.webservice.keyword.WSBuiltInKeywords$sendRequestAndVerify.call(Unknown Source)
	at Test_Beams_by_Zip_to_Excel.run(Test_Beams_by_Zip_to_Excel:68)
	at com.kms.katalon.core.main.ScriptEngine.run(ScriptEngine.java:194)
	at com.kms.katalon.core.main.ScriptEngine.runScriptAsRawText(ScriptEngine.java:119)
	at com.kms.katalon.core.main.TestCaseExecutor.runScript(TestCaseExecutor.java:337)
	at com.kms.katalon.core.main.TestCaseExecutor.doExecute(TestCaseExecutor.java:328)
	at com.kms.katalon.core.main.TestCaseExecutor.processExecutionPhase(TestCaseExecutor.java:307)
	at com.kms.katalon.core.main.TestCaseExecutor.accessMainPhase(TestCaseExecutor.java:299)
	at com.kms.katalon.core.main.TestCaseExecutor.execute(TestCaseExecutor.java:233)
	at com.kms.katalon.core.main.TestSuiteExecutor.accessTestCaseMainPhase(TestSuiteExecutor.java:169)
	at com.kms.katalon.core.main.TestSuiteExecutor.accessTestSuiteMainPhase(TestSuiteExecutor.java:142)
	at com.kms.katalon.core.main.TestSuiteExecutor.execute(TestSuiteExecutor.java:91)
	at com.kms.katalon.core.main.TestCaseMain.startTestSuite(TestCaseMain.java:157)
	at com.kms.katalon.core.main.TestCaseMain$startTestSuite$0.call(Unknown Source)
	at TempTestSuite1581699028664.run(TempTestSuite1581699028664.groovy:36)


2020-02-14 09:53:29 - [TEST_STEP][PASSED] - excelFile01 = "beams-test-results.xlsx": null

2020-02-14 09:53:29 - [TEST_STEP][PASSED] - ExpectedListSheetFile1 = ["Sheet1"]: null

2020-02-14 09:53:29 - [TEST_STEP][PASSED] - workbookFile01 = getWorkbook(excelFile01): null

2020-02-14 09:53:29 - [TEST_STEP][PASSED] - workbook01 = getWorkbook(excelFile01): null

2020-02-14 09:53:29 - [TEST_STEP][PASSED] - sheet01 = getExcelSheet(workbook01, "Sheet1"): null

2020-02-14 09:53:29 - [TEST_STEP][PASSED] - setValueToCellByAddress(sheet01, "A1", "TEST"): null

2020-02-14 09:53:29 - [TEST_STEP][PASSED] - setValueToCellByAddress(sheet01, "B1", "BEAM"): null

2020-02-14 09:53:29 - [TEST_STEP][PASSED] - setValueToCellByAddress(sheet01, "C1", "UFF"): null

2020-02-14 09:53:29 - [TEST_STEP][PASSED] - setValueToCellByAddress(sheet01, "D1", "PLAN"): null

2020-02-14 09:53:29 - [TEST_STEP][PASSED] - setValueToCellByAddress(sheet01, "E1", "API PLAN"): null

2020-02-14 09:53:29 - [TEST_STEP][PASSED] - mybeam = mybeam: null

2020-02-14 09:53:29 - [TEST_STEP][PASSED] - myuff = myuff: null

2020-02-14 09:53:29 - [TEST_STEP][PASSED] - myplan = myplan: null

2020-02-14 09:53:29 - [TEST_STEP][PASSED] - log = new com.kms.katalon.core.logging.KeywordLogger(): null

2020-02-14 09:53:29 - [TEST_STEP][PASSED] - log.logWarning("beam " + mybeam + " zip " + myzip + " upfront fees " + myuff + " plan " + myplan): beam 509 zip 86403 upfront fees 0 plan VS2 High Fill

2020-02-14 09:53:29 - [MESSAGE][WARNING] - beam 509 zip 86403 upfront fees 0 plan VS2 High Fill

2020-02-14 09:53:29 - [TEST_STEP][PASSED] - setValueToCellByAddress(sheet01, "B" + mycount, beamFail): null

2020-02-14 09:53:29 - [TEST_STEP][PASSED] - setValueToCellByAddress(sheet01, "C" + mycount, uffFail): null

2020-02-14 09:53:29 - [TEST_STEP][PASSED] - mycount = mycount + 1: null

2020-02-14 09:53:29 - [TEST_STEP][PASSED] - setValueToCellByAddress(sheet01, "A" + mycount, "beam " + mybeam + " zip " + myzip + " upfront fees " + myuff + " plan " + myplan): null

2020-02-14 09:53:29 - [TEST_STEP][PASSED] - setValueToCellByAddress(sheet01, "D" + mycount, myplan): null

2020-02-14 09:53:29 - [TEST_STEP][FAILED] - sendRequestAndVerify(findTestObject("Exede_Zip", ["myzip":myzip])): Unable to send request and verify the response (Root cause: com.kms.katalon.core.exception.StepFailedException: Verification failed
	at com.kms.katalon.core.webservice.keyword.builtin.SendRequestAndVerifyKeyword$_sendRequestAndVerify_closure1.doCall(SendRequestAndVerifyKeyword.groovy:59)
	at com.kms.katalon.core.webservice.keyword.builtin.SendRequestAndVerifyKeyword$_sendRequestAndVerify_closure1.call(SendRequestAndVerifyKeyword.groovy)
	at com.kms.katalon.core.keyword.internal.KeywordMain.runKeyword(KeywordMain.groovy:68)
	at com.kms.katalon.core.webservice.keyword.builtin.SendRequestAndVerifyKeyword.sendRequestAndVerify(SendRequestAndVerifyKeyword.groovy:43)
	at com.kms.katalon.core.webservice.keyword.builtin.SendRequestAndVerifyKeyword.execute(SendRequestAndVerifyKeyword.groovy:38)
	at com.kms.katalon.core.keyword.internal.KeywordExecutor.executeKeywordForPlatform(KeywordExecutor.groovy:72)
	at com.kms.katalon.core.webservice.keyword.WSBuiltInKeywords.sendRequestAndVerify(WSBuiltInKeywords.groovy:65)
	at com.kms.katalon.core.webservice.keyword.WSBuiltInKeywords$sendRequestAndVerify.call(Unknown Source)
	at Test_Beams_by_Zip_to_Excel.run(Test_Beams_by_Zip_to_Excel:68)
	at com.kms.katalon.core.main.ScriptEngine.run(ScriptEngine.java:194)
	at com.kms.katalon.core.main.ScriptEngine.runScriptAsRawText(ScriptEngine.java:119)
	at com.kms.katalon.core.main.TestCaseExecutor.runScript(TestCaseExecutor.java:337)
	at com.kms.katalon.core.main.TestCaseExecutor.doExecute(TestCaseExecutor.java:328)
	at com.kms.katalon.core.main.TestCaseExecutor.processExecutionPhase(TestCaseExecutor.java:307)
	at com.kms.katalon.core.main.TestCaseExecutor.accessMainPhase(TestCaseExecutor.java:299)
	at com.kms.katalon.core.main.TestCaseExecutor.execute(TestCaseExecutor.java:233)
	at com.kms.katalon.core.main.TestSuiteExecutor.accessTestCaseMainPhase(TestSuiteExecutor.java:169)
	at com.kms.katalon.core.main.TestSuiteExecutor.accessTestSuiteMainPhase(TestSuiteExecutor.java:142)
	at com.kms.katalon.core.main.TestSuiteExecutor.execute(TestSuiteExecutor.java:91)
	at com.kms.katalon.core.main.TestCaseMain.startTestSuite(TestCaseMain.java:157)
	at com.kms.katalon.core.main.TestCaseMain$startTestSuite$0.call(Unknown Source)
	at TempTestSuite1581699028664.run(TempTestSuite1581699028664.groovy:36)
)

2020-02-14 09:53:31 - [MESSAGE][INFO] - HAR: /Users/jhampleman/jenkins-beam-tests-master/Reports/20200214_095028/RUN_Exede_Zip_Test/20200214_095028/requests/main/80.har

2020-02-14 09:53:31 - [TEST_CASE][FAILED] - Start Test Case : Verification: Verification FAILED.
Reason:
com.kms.katalon.core.exception.StepFailedException: Expected element property value '509' is not equal with actual property value '81'
	at com.kms.katalon.core.keyword.internal.KeywordMain.stepFailed(KeywordMain.groovy:39)
	at com.kms.katalon.core.webservice.keyword.builtin.VerifyElementPropertyValueKeyword$_verifyElementPropertyValue_closure1.doCall(VerifyElementPropertyValueKeyword.groovy:56)
	at com.kms.katalon.core.webservice.keyword.builtin.VerifyElementPropertyValueKeyword$_verifyElementPropertyValue_closure1.call(VerifyElementPropertyValueKeyword.groovy)
	at com.kms.katalon.core.keyword.internal.KeywordMain.runKeyword(KeywordMain.groovy:68)
	at com.kms.katalon.core.webservice.keyword.builtin.VerifyElementPropertyValueKeyword.verifyElementPropertyValue(VerifyElementPropertyValueKeyword.groovy:48)
	at com.kms.katalon.core.webservice.keyword.builtin.VerifyElementPropertyValueKeyword.execute(VerifyElementPropertyValueKeyword.groovy:43)
	at com.kms.katalon.core.keyword.internal.KeywordExecutor.executeKeywordForPlatform(KeywordExecutor.groovy:72)
	at com.kms.katalon.core.webservice.keyword.WSBuiltInKeywords.verifyElementPropertyValue(WSBuiltInKeywords.groovy:189)
	at com.kms.katalon.core.webservice.keyword.WSBuiltInKeywords$verifyElementPropertyValue$0.call(Unknown Source)
	at WSVerification1581699211331.run(WSVerification1581699211331:16)
	at com.kms.katalon.core.main.ScriptEngine.run(ScriptEngine.java:194)
	at com.kms.katalon.core.main.ScriptEngine.runScriptAsRawText(ScriptEngine.java:119)
	at com.kms.katalon.core.main.WSVerificationExecutor.runScript(WSVerificationExecutor.java:146)
	at com.kms.katalon.core.main.WSVerificationExecutor.doExecute(WSVerificationExecutor.java:140)
	at com.kms.katalon.core.main.WSVerificationExecutor.processExecutionPhase(WSVerificationExecutor.java:123)
	at com.kms.katalon.core.main.WSVerificationExecutor.accessMainPhase(WSVerificationExecutor.java:115)
	at com.kms.katalon.core.main.WSVerificationExecutor.execute(WSVerificationExecutor.java:103)
	at com.kms.katalon.core.main.TestCaseMain.runWSVerificationScript(TestCaseMain.java:127)
	at com.kms.katalon.core.webservice.keyword.builtin.SendRequestAndVerifyKeyword$_sendRequestAndVerify_closure1.doCall(SendRequestAndVerifyKeyword.groovy:55)
	at com.kms.katalon.core.webservice.keyword.builtin.SendRequestAndVerifyKeyword$_sendRequestAndVerify_closure1.call(SendRequestAndVerifyKeyword.groovy)
	at com.kms.katalon.core.keyword.internal.KeywordMain.runKeyword(KeywordMain.groovy:68)
	at com.kms.katalon.core.webservice.keyword.builtin.SendRequestAndVerifyKeyword.sendRequestAndVerify(SendRequestAndVerifyKeyword.groovy:43)
	at com.kms.katalon.core.webservice.keyword.builtin.SendRequestAndVerifyKeyword.execute(SendRequestAndVerifyKeyword.groovy:38)
	at com.kms.katalon.core.keyword.internal.KeywordExecutor.executeKeywordForPlatform(KeywordExecutor.groovy:72)
	at com.kms.katalon.core.webservice.keyword.WSBuiltInKeywords.sendRequestAndVerify(WSBuiltInKeywords.groovy:65)
	at com.kms.katalon.core.webservice.keyword.WSBuiltInKeywords$sendRequestAndVerify.call(Unknown Source)
	at Test_Beams_by_Zip_to_Excel.run(Test_Beams_by_Zip_to_Excel:68)
	at com.kms.katalon.core.main.ScriptEngine.run(ScriptEngine.java:194)
	at com.kms.katalon.core.main.ScriptEngine.runScriptAsRawText(ScriptEngine.java:119)
	at com.kms.katalon.core.main.TestCaseExecutor.runScript(TestCaseExecutor.java:337)
	at com.kms.katalon.core.main.TestCaseExecutor.doExecute(TestCaseExecutor.java:328)
	at com.kms.katalon.core.main.TestCaseExecutor.processExecutionPhase(TestCaseExecutor.java:307)
	at com.kms.katalon.core.main.TestCaseExecutor.accessMainPhase(TestCaseExecutor.java:299)
	at com.kms.katalon.core.main.TestCaseExecutor.execute(TestCaseExecutor.java:233)
	at com.kms.katalon.core.main.TestSuiteExecutor.accessTestCaseMainPhase(TestSuiteExecutor.java:169)
	at com.kms.katalon.core.main.TestSuiteExecutor.accessTestSuiteMainPhase(TestSuiteExecutor.java:142)
	at com.kms.katalon.core.main.TestSuiteExecutor.execute(TestSuiteExecutor.java:91)
	at com.kms.katalon.core.main.TestCaseMain.startTestSuite(TestCaseMain.java:157)
	at com.kms.katalon.core.main.TestCaseMain$startTestSuite$0.call(Unknown Source)
	at TempTestSuite1581699028664.run(TempTestSuite1581699028664.groovy:36)


2020-02-14 09:53:31 - [TEST_STEP][PASSED] - request = getInstance().getCurrentRequest(): null

2020-02-14 09:53:31 - [TEST_STEP][PASSED] - response = getInstance().getCurrentResponse(): null

2020-02-14 09:53:31 - [TEST_STEP][FAILED] - if (!(verifyElementPropertyValue(response, "data.beam", mybeam))): null

2020-02-14 09:53:31 - [MESSAGE][FAILED] - Expected element property value '509' is not equal with actual property value '81'

2020-02-14 09:53:31 - [TEST_STEP][PASSED] - beamFail = "F": null

2020-02-14 09:53:31 - [TEST_STEP][PASSED] - if (!(verifyElementPropertyValue(response, "data.product.down", myuff))): Verify element property value successfully

2020-02-14 09:53:31 - [MESSAGE][PASSED] - Verify element property value successfully

2020-02-14 09:53:31 - [TEST_STEP][PASSED] - else: null

2020-02-14 09:53:31 - [TEST_STEP][PASSED] - uffFail = "P": null

2020-02-14 09:53:31 - [TEST_STEP][PASSED] - jsonSlurper = new groovy.json.JsonSlurper(): null

2020-02-14 09:53:31 - [TEST_STEP][PASSED] - object = jsonSlurper.parseText(response.getResponseText()): null

2020-02-14 09:53:31 - [TEST_STEP][PASSED] - println(object): null

2020-02-14 09:53:31 - [TEST_STEP][PASSED] - mytest = plans: null

2020-02-14 09:53:31 - [TEST_STEP][PASSED] - variable = mytest: null

2020-02-14 09:53:31 - [MESSAGE][FAILED] - Unable to send request and verify the response (Root cause: com.kms.katalon.core.exception.StepFailedException: Verification failed
	at com.kms.katalon.core.webservice.keyword.builtin.SendRequestAndVerifyKeyword$_sendRequestAndVerify_closure1.doCall(SendRequestAndVerifyKeyword.groovy:59)
	at com.kms.katalon.core.webservice.keyword.builtin.SendRequestAndVerifyKeyword$_sendRequestAndVerify_closure1.call(SendRequestAndVerifyKeyword.groovy)
	at com.kms.katalon.core.keyword.internal.KeywordMain.runKeyword(KeywordMain.groovy:68)
	at com.kms.katalon.core.webservice.keyword.builtin.SendRequestAndVerifyKeyword.sendRequestAndVerify(SendRequestAndVerifyKeyword.groovy:43)
	at com.kms.katalon.core.webservice.keyword.builtin.SendRequestAndVerifyKeyword.execute(SendRequestAndVerifyKeyword.groovy:38)
	at com.kms.katalon.core.keyword.internal.KeywordExecutor.executeKeywordForPlatform(KeywordExecutor.groovy:72)
	at com.kms.katalon.core.webservice.keyword.WSBuiltInKeywords.sendRequestAndVerify(WSBuiltInKeywords.groovy:65)
	at com.kms.katalon.core.webservice.keyword.WSBuiltInKeywords$sendRequestAndVerify.call(Unknown Source)
	at Test_Beams_by_Zip_to_Excel.run(Test_Beams_by_Zip_to_Excel:68)
	at com.kms.katalon.core.main.ScriptEngine.run(ScriptEngine.java:194)
	at com.kms.katalon.core.main.ScriptEngine.runScriptAsRawText(ScriptEngine.java:119)
	at com.kms.katalon.core.main.TestCaseExecutor.runScript(TestCaseExecutor.java:337)
	at com.kms.katalon.core.main.TestCaseExecutor.doExecute(TestCaseExecutor.java:328)
	at com.kms.katalon.core.main.TestCaseExecutor.processExecutionPhase(TestCaseExecutor.java:307)
	at com.kms.katalon.core.main.TestCaseExecutor.accessMainPhase(TestCaseExecutor.java:299)
	at com.kms.katalon.core.main.TestCaseExecutor.execute(TestCaseExecutor.java:233)
	at com.kms.katalon.core.main.TestSuiteExecutor.accessTestCaseMainPhase(TestSuiteExecutor.java:169)
	at com.kms.katalon.core.main.TestSuiteExecutor.accessTestSuiteMainPhase(TestSuiteExecutor.java:142)
	at com.kms.katalon.core.main.TestSuiteExecutor.execute(TestSuiteExecutor.java:91)
	at com.kms.katalon.core.main.TestCaseMain.startTestSuite(TestCaseMain.java:157)
	at com.kms.katalon.core.main.TestCaseMain$startTestSuite$0.call(Unknown Source)
	at TempTestSuite1581699028664.run(TempTestSuite1581699028664.groovy:36)
)

2020-02-14 09:53:31 - [TEST_STEP][PASSED] - setValueToCellByAddress(sheet01, "E" + mycount, variable): null

2020-02-14 09:53:31 - [TEST_STEP][PASSED] - saveWorkbook(excelFile01, workbook01): null]]></system-out>
         <system-err><![CDATA[2020-02-14 09:53:29 - [TEST_CASE][FAILED] - Test Cases/Test_Beams_by_Zip_to_Excel: Test Cases/Test_Beams_by_Zip_to_Excel FAILED.
Reason:
com.kms.katalon.core.exception.StepFailedException: Expected element property value '509' is not equal with actual property value '81'
	at com.kms.katalon.core.keyword.internal.KeywordMain.stepFailed(KeywordMain.groovy:39)
	at com.kms.katalon.core.webservice.keyword.builtin.VerifyElementPropertyValueKeyword$_verifyElementPropertyValue_closure1.doCall(VerifyElementPropertyValueKeyword.groovy:56)
	at com.kms.katalon.core.webservice.keyword.builtin.VerifyElementPropertyValueKeyword$_verifyElementPropertyValue_closure1.call(VerifyElementPropertyValueKeyword.groovy)
	at com.kms.katalon.core.keyword.internal.KeywordMain.runKeyword(KeywordMain.groovy:68)
	at com.kms.katalon.core.webservice.keyword.builtin.VerifyElementPropertyValueKeyword.verifyElementPropertyValue(VerifyElementPropertyValueKeyword.groovy:48)
	at com.kms.katalon.core.webservice.keyword.builtin.VerifyElementPropertyValueKeyword.execute(VerifyElementPropertyValueKeyword.groovy:43)
	at com.kms.katalon.core.keyword.internal.KeywordExecutor.executeKeywordForPlatform(KeywordExecutor.groovy:72)
	at com.kms.katalon.core.webservice.keyword.WSBuiltInKeywords.verifyElementPropertyValue(WSBuiltInKeywords.groovy:189)
	at com.kms.katalon.core.webservice.keyword.WSBuiltInKeywords$verifyElementPropertyValue$0.call(Unknown Source)
	at WSVerification1581699211331.run(WSVerification1581699211331:16)
	at com.kms.katalon.core.main.ScriptEngine.run(ScriptEngine.java:194)
	at com.kms.katalon.core.main.ScriptEngine.runScriptAsRawText(ScriptEngine.java:119)
	at com.kms.katalon.core.main.WSVerificationExecutor.runScript(WSVerificationExecutor.java:146)
	at com.kms.katalon.core.main.WSVerificationExecutor.doExecute(WSVerificationExecutor.java:140)
	at com.kms.katalon.core.main.WSVerificationExecutor.processExecutionPhase(WSVerificationExecutor.java:123)
	at com.kms.katalon.core.main.WSVerificationExecutor.accessMainPhase(WSVerificationExecutor.java:115)
	at com.kms.katalon.core.main.WSVerificationExecutor.execute(WSVerificationExecutor.java:103)
	at com.kms.katalon.core.main.TestCaseMain.runWSVerificationScript(TestCaseMain.java:127)
	at com.kms.katalon.core.webservice.keyword.builtin.SendRequestAndVerifyKeyword$_sendRequestAndVerify_closure1.doCall(SendRequestAndVerifyKeyword.groovy:55)
	at com.kms.katalon.core.webservice.keyword.builtin.SendRequestAndVerifyKeyword$_sendRequestAndVerify_closure1.call(SendRequestAndVerifyKeyword.groovy)
	at com.kms.katalon.core.keyword.internal.KeywordMain.runKeyword(KeywordMain.groovy:68)
	at com.kms.katalon.core.webservice.keyword.builtin.SendRequestAndVerifyKeyword.sendRequestAndVerify(SendRequestAndVerifyKeyword.groovy:43)
	at com.kms.katalon.core.webservice.keyword.builtin.SendRequestAndVerifyKeyword.execute(SendRequestAndVerifyKeyword.groovy:38)
	at com.kms.katalon.core.keyword.internal.KeywordExecutor.executeKeywordForPlatform(KeywordExecutor.groovy:72)
	at com.kms.katalon.core.webservice.keyword.WSBuiltInKeywords.sendRequestAndVerify(WSBuiltInKeywords.groovy:65)
	at com.kms.katalon.core.webservice.keyword.WSBuiltInKeywords$sendRequestAndVerify.call(Unknown Source)
	at Test_Beams_by_Zip_to_Excel.run(Test_Beams_by_Zip_to_Excel:68)
	at com.kms.katalon.core.main.ScriptEngine.run(ScriptEngine.java:194)
	at com.kms.katalon.core.main.ScriptEngine.runScriptAsRawText(ScriptEngine.java:119)
	at com.kms.katalon.core.main.TestCaseExecutor.runScript(TestCaseExecutor.java:337)
	at com.kms.katalon.core.main.TestCaseExecutor.doExecute(TestCaseExecutor.java:328)
	at com.kms.katalon.core.main.TestCaseExecutor.processExecutionPhase(TestCaseExecutor.java:307)
	at com.kms.katalon.core.main.TestCaseExecutor.accessMainPhase(TestCaseExecutor.java:299)
	at com.kms.katalon.core.main.TestCaseExecutor.execute(TestCaseExecutor.java:233)
	at com.kms.katalon.core.main.TestSuiteExecutor.accessTestCaseMainPhase(TestSuiteExecutor.java:169)
	at com.kms.katalon.core.main.TestSuiteExecutor.accessTestSuiteMainPhase(TestSuiteExecutor.java:142)
	at com.kms.katalon.core.main.TestSuiteExecutor.execute(TestSuiteExecutor.java:91)
	at com.kms.katalon.core.main.TestCaseMain.startTestSuite(TestCaseMain.java:157)
	at com.kms.katalon.core.main.TestCaseMain$startTestSuite$0.call(Unknown Source)
	at TempTestSuite1581699028664.run(TempTestSuite1581699028664.groovy:36)]]></system-err>
      </testcase>
      <testcase name="Test Cases/Test_Beams_by_Zip_to_Excel" time="1.987" classname="Test Cases/Test_Beams_by_Zip_to_Excel" status="PASSED">
         <system-out><![CDATA[2020-02-14 09:53:31 - [TEST_CASE][PASSED] - Test Cases/Test_Beams_by_Zip_to_Excel: Test Cases/Test_Beams_by_Zip_to_Excel

2020-02-14 09:53:31 - [TEST_STEP][PASSED] - excelFile01 = "beams-test-results.xlsx": null

2020-02-14 09:53:31 - [TEST_STEP][PASSED] - ExpectedListSheetFile1 = ["Sheet1"]: null

2020-02-14 09:53:31 - [TEST_STEP][PASSED] - workbookFile01 = getWorkbook(excelFile01): null

2020-02-14 09:53:31 - [TEST_STEP][PASSED] - workbook01 = getWorkbook(excelFile01): null

2020-02-14 09:53:31 - [TEST_STEP][PASSED] - sheet01 = getExcelSheet(workbook01, "Sheet1"): null

2020-02-14 09:53:31 - [TEST_STEP][PASSED] - setValueToCellByAddress(sheet01, "A1", "TEST"): null

2020-02-14 09:53:31 - [TEST_STEP][PASSED] - setValueToCellByAddress(sheet01, "B1", "BEAM"): null

2020-02-14 09:53:31 - [TEST_STEP][PASSED] - setValueToCellByAddress(sheet01, "C1", "UFF"): null

2020-02-14 09:53:31 - [TEST_STEP][PASSED] - setValueToCellByAddress(sheet01, "D1", "PLAN"): null

2020-02-14 09:53:31 - [TEST_STEP][PASSED] - setValueToCellByAddress(sheet01, "E1", "API PLAN"): null

2020-02-14 09:53:31 - [TEST_STEP][PASSED] - mybeam = mybeam: null

2020-02-14 09:53:31 - [TEST_STEP][PASSED] - myuff = myuff: null

2020-02-14 09:53:31 - [TEST_STEP][PASSED] - myplan = myplan: null

2020-02-14 09:53:31 - [TEST_STEP][PASSED] - log = new com.kms.katalon.core.logging.KeywordLogger(): null

2020-02-14 09:53:31 - [TEST_STEP][PASSED] - log.logWarning("beam " + mybeam + " zip " + myzip + " upfront fees " + myuff + " plan " + myplan): beam 81 zip 86403 upfront fees 0 plan Augmented Standard Plan

2020-02-14 09:53:31 - [MESSAGE][WARNING] - beam 81 zip 86403 upfront fees 0 plan Augmented Standard Plan

2020-02-14 09:53:31 - [TEST_STEP][PASSED] - setValueToCellByAddress(sheet01, "B" + mycount, beamFail): null

2020-02-14 09:53:31 - [TEST_STEP][PASSED] - setValueToCellByAddress(sheet01, "C" + mycount, uffFail): null

2020-02-14 09:53:31 - [TEST_STEP][PASSED] - mycount = mycount + 1: null

2020-02-14 09:53:31 - [TEST_STEP][PASSED] - setValueToCellByAddress(sheet01, "A" + mycount, "beam " + mybeam + " zip " + myzip + " upfront fees " + myuff + " plan " + myplan): null

2020-02-14 09:53:31 - [TEST_STEP][PASSED] - setValueToCellByAddress(sheet01, "D" + mycount, myplan): null

2020-02-14 09:53:31 - [TEST_STEP][PASSED] - sendRequestAndVerify(findTestObject("Exede_Zip", ["myzip":myzip])): Send request and verify the response successfully

2020-02-14 09:53:33 - [MESSAGE][INFO] - HAR: /Users/jhampleman/jenkins-beam-tests-master/Reports/20200214_095028/RUN_Exede_Zip_Test/20200214_095028/requests/main/81.har

2020-02-14 09:53:33 - [TEST_CASE][PASSED] - Start Test Case : Verification: Verification accomplished successfully

2020-02-14 09:53:33 - [TEST_STEP][PASSED] - request = getInstance().getCurrentRequest(): null

2020-02-14 09:53:33 - [TEST_STEP][PASSED] - response = getInstance().getCurrentResponse(): null

2020-02-14 09:53:33 - [TEST_STEP][PASSED] - if (!(verifyElementPropertyValue(response, "data.beam", mybeam))): Verify element property value successfully

2020-02-14 09:53:33 - [MESSAGE][PASSED] - Verify element property value successfully

2020-02-14 09:53:33 - [TEST_STEP][PASSED] - else: null

2020-02-14 09:53:33 - [TEST_STEP][PASSED] - beamFail = "P": null

2020-02-14 09:53:33 - [TEST_STEP][PASSED] - if (!(verifyElementPropertyValue(response, "data.product.down", myuff))): Verify element property value successfully

2020-02-14 09:53:33 - [MESSAGE][PASSED] - Verify element property value successfully

2020-02-14 09:53:33 - [TEST_STEP][PASSED] - else: null

2020-02-14 09:53:33 - [TEST_STEP][PASSED] - uffFail = "P": null

2020-02-14 09:53:33 - [TEST_STEP][PASSED] - jsonSlurper = new groovy.json.JsonSlurper(): null

2020-02-14 09:53:33 - [TEST_STEP][PASSED] - object = jsonSlurper.parseText(response.getResponseText()): null

2020-02-14 09:53:33 - [TEST_STEP][PASSED] - println(object): null

2020-02-14 09:53:33 - [TEST_STEP][PASSED] - mytest = plans: null

2020-02-14 09:53:33 - [TEST_STEP][PASSED] - variable = mytest: null

2020-02-14 09:53:33 - [MESSAGE][PASSED] - Verify response successfully

2020-02-14 09:53:33 - [MESSAGE][PASSED] - Send request and verify the response successfully

2020-02-14 09:53:33 - [TEST_STEP][PASSED] - setValueToCellByAddress(sheet01, "E" + mycount, variable): null

2020-02-14 09:53:33 - [TEST_STEP][PASSED] - saveWorkbook(excelFile01, workbook01): null]]></system-out>
         <system-err><![CDATA[]]></system-err>
      </testcase>
      <testcase name="Test Cases/Test_Beams_by_Zip_to_Excel" time="1.962" classname="Test Cases/Test_Beams_by_Zip_to_Excel" status="PASSED">
         <system-out><![CDATA[2020-02-14 09:53:33 - [TEST_CASE][PASSED] - Test Cases/Test_Beams_by_Zip_to_Excel: Test Cases/Test_Beams_by_Zip_to_Excel

2020-02-14 09:53:33 - [TEST_STEP][PASSED] - excelFile01 = "beams-test-results.xlsx": null

2020-02-14 09:53:33 - [TEST_STEP][PASSED] - ExpectedListSheetFile1 = ["Sheet1"]: null

2020-02-14 09:53:33 - [TEST_STEP][PASSED] - workbookFile01 = getWorkbook(excelFile01): null

2020-02-14 09:53:33 - [TEST_STEP][PASSED] - workbook01 = getWorkbook(excelFile01): null

2020-02-14 09:53:33 - [TEST_STEP][PASSED] - sheet01 = getExcelSheet(workbook01, "Sheet1"): null

2020-02-14 09:53:33 - [TEST_STEP][PASSED] - setValueToCellByAddress(sheet01, "A1", "TEST"): null

2020-02-14 09:53:33 - [TEST_STEP][PASSED] - setValueToCellByAddress(sheet01, "B1", "BEAM"): null

2020-02-14 09:53:33 - [TEST_STEP][PASSED] - setValueToCellByAddress(sheet01, "C1", "UFF"): null

2020-02-14 09:53:33 - [TEST_STEP][PASSED] - setValueToCellByAddress(sheet01, "D1", "PLAN"): null

2020-02-14 09:53:33 - [TEST_STEP][PASSED] - setValueToCellByAddress(sheet01, "E1", "API PLAN"): null

2020-02-14 09:53:33 - [TEST_STEP][PASSED] - mybeam = mybeam: null

2020-02-14 09:53:33 - [TEST_STEP][PASSED] - myuff = myuff: null

2020-02-14 09:53:33 - [TEST_STEP][PASSED] - myplan = myplan: null

2020-02-14 09:53:33 - [TEST_STEP][PASSED] - log = new com.kms.katalon.core.logging.KeywordLogger(): null

2020-02-14 09:53:33 - [TEST_STEP][PASSED] - log.logWarning("beam " + mybeam + " zip " + myzip + " upfront fees " + myuff + " plan " + myplan): beam 510 zip 87801 upfront fees 0 plan VS2 High Fill

2020-02-14 09:53:33 - [MESSAGE][WARNING] - beam 510 zip 87801 upfront fees 0 plan VS2 High Fill

2020-02-14 09:53:33 - [TEST_STEP][PASSED] - setValueToCellByAddress(sheet01, "B" + mycount, beamFail): null

2020-02-14 09:53:33 - [TEST_STEP][PASSED] - setValueToCellByAddress(sheet01, "C" + mycount, uffFail): null

2020-02-14 09:53:33 - [TEST_STEP][PASSED] - mycount = mycount + 1: null

2020-02-14 09:53:33 - [TEST_STEP][PASSED] - setValueToCellByAddress(sheet01, "A" + mycount, "beam " + mybeam + " zip " + myzip + " upfront fees " + myuff + " plan " + myplan): null

2020-02-14 09:53:33 - [TEST_STEP][PASSED] - setValueToCellByAddress(sheet01, "D" + mycount, myplan): null

2020-02-14 09:53:33 - [TEST_STEP][PASSED] - sendRequestAndVerify(findTestObject("Exede_Zip", ["myzip":myzip])): Send request and verify the response successfully

2020-02-14 09:53:35 - [MESSAGE][INFO] - HAR: /Users/jhampleman/jenkins-beam-tests-master/Reports/20200214_095028/RUN_Exede_Zip_Test/20200214_095028/requests/main/82.har

2020-02-14 09:53:35 - [TEST_CASE][PASSED] - Start Test Case : Verification: Verification accomplished successfully

2020-02-14 09:53:35 - [TEST_STEP][PASSED] - request = getInstance().getCurrentRequest(): null

2020-02-14 09:53:35 - [TEST_STEP][PASSED] - response = getInstance().getCurrentResponse(): null

2020-02-14 09:53:35 - [TEST_STEP][PASSED] - if (!(verifyElementPropertyValue(response, "data.beam", mybeam))): Verify element property value successfully

2020-02-14 09:53:35 - [MESSAGE][PASSED] - Verify element property value successfully

2020-02-14 09:53:35 - [TEST_STEP][PASSED] - else: null

2020-02-14 09:53:35 - [TEST_STEP][PASSED] - beamFail = "P": null

2020-02-14 09:53:35 - [TEST_STEP][PASSED] - if (!(verifyElementPropertyValue(response, "data.product.down", myuff))): Verify element property value successfully

2020-02-14 09:53:35 - [MESSAGE][PASSED] - Verify element property value successfully

2020-02-14 09:53:35 - [TEST_STEP][PASSED] - else: null

2020-02-14 09:53:35 - [TEST_STEP][PASSED] - uffFail = "P": null

2020-02-14 09:53:35 - [TEST_STEP][PASSED] - jsonSlurper = new groovy.json.JsonSlurper(): null

2020-02-14 09:53:35 - [TEST_STEP][PASSED] - object = jsonSlurper.parseText(response.getResponseText()): null

2020-02-14 09:53:35 - [TEST_STEP][PASSED] - println(object): null

2020-02-14 09:53:35 - [TEST_STEP][PASSED] - mytest = plans: null

2020-02-14 09:53:35 - [TEST_STEP][PASSED] - variable = mytest: null

2020-02-14 09:53:35 - [MESSAGE][PASSED] - Verify response successfully

2020-02-14 09:53:35 - [MESSAGE][PASSED] - Send request and verify the response successfully

2020-02-14 09:53:35 - [TEST_STEP][PASSED] - setValueToCellByAddress(sheet01, "E" + mycount, variable): null

2020-02-14 09:53:35 - [TEST_STEP][PASSED] - saveWorkbook(excelFile01, workbook01): null]]></system-out>
         <system-err><![CDATA[]]></system-err>
      </testcase>
      <testcase name="Test Cases/Test_Beams_by_Zip_to_Excel" time="1.949" classname="Test Cases/Test_Beams_by_Zip_to_Excel" status="PASSED">
         <system-out><![CDATA[2020-02-14 09:53:35 - [TEST_CASE][PASSED] - Test Cases/Test_Beams_by_Zip_to_Excel: Test Cases/Test_Beams_by_Zip_to_Excel

2020-02-14 09:53:35 - [TEST_STEP][PASSED] - excelFile01 = "beams-test-results.xlsx": null

2020-02-14 09:53:35 - [TEST_STEP][PASSED] - ExpectedListSheetFile1 = ["Sheet1"]: null

2020-02-14 09:53:35 - [TEST_STEP][PASSED] - workbookFile01 = getWorkbook(excelFile01): null

2020-02-14 09:53:35 - [TEST_STEP][PASSED] - workbook01 = getWorkbook(excelFile01): null

2020-02-14 09:53:35 - [TEST_STEP][PASSED] - sheet01 = getExcelSheet(workbook01, "Sheet1"): null

2020-02-14 09:53:35 - [TEST_STEP][PASSED] - setValueToCellByAddress(sheet01, "A1", "TEST"): null

2020-02-14 09:53:35 - [TEST_STEP][PASSED] - setValueToCellByAddress(sheet01, "B1", "BEAM"): null

2020-02-14 09:53:35 - [TEST_STEP][PASSED] - setValueToCellByAddress(sheet01, "C1", "UFF"): null

2020-02-14 09:53:35 - [TEST_STEP][PASSED] - setValueToCellByAddress(sheet01, "D1", "PLAN"): null

2020-02-14 09:53:35 - [TEST_STEP][PASSED] - setValueToCellByAddress(sheet01, "E1", "API PLAN"): null

2020-02-14 09:53:35 - [TEST_STEP][PASSED] - mybeam = mybeam: null

2020-02-14 09:53:35 - [TEST_STEP][PASSED] - myuff = myuff: null

2020-02-14 09:53:35 - [TEST_STEP][PASSED] - myplan = myplan: null

2020-02-14 09:53:35 - [TEST_STEP][PASSED] - log = new com.kms.katalon.core.logging.KeywordLogger(): null

2020-02-14 09:53:35 - [TEST_STEP][PASSED] - log.logWarning("beam " + mybeam + " zip " + myzip + " upfront fees " + myuff + " plan " + myplan): beam 511 zip 79404 upfront fees 150 plan VS2 High Fill

2020-02-14 09:53:35 - [MESSAGE][WARNING] - beam 511 zip 79404 upfront fees 150 plan VS2 High Fill

2020-02-14 09:53:35 - [TEST_STEP][PASSED] - setValueToCellByAddress(sheet01, "B" + mycount, beamFail): null

2020-02-14 09:53:35 - [TEST_STEP][PASSED] - setValueToCellByAddress(sheet01, "C" + mycount, uffFail): null

2020-02-14 09:53:35 - [TEST_STEP][PASSED] - mycount = mycount + 1: null

2020-02-14 09:53:35 - [TEST_STEP][PASSED] - setValueToCellByAddress(sheet01, "A" + mycount, "beam " + mybeam + " zip " + myzip + " upfront fees " + myuff + " plan " + myplan): null

2020-02-14 09:53:35 - [TEST_STEP][PASSED] - setValueToCellByAddress(sheet01, "D" + mycount, myplan): null

2020-02-14 09:53:35 - [TEST_STEP][PASSED] - sendRequestAndVerify(findTestObject("Exede_Zip", ["myzip":myzip])): Send request and verify the response successfully

2020-02-14 09:53:37 - [MESSAGE][INFO] - HAR: /Users/jhampleman/jenkins-beam-tests-master/Reports/20200214_095028/RUN_Exede_Zip_Test/20200214_095028/requests/main/83.har

2020-02-14 09:53:37 - [TEST_CASE][PASSED] - Start Test Case : Verification: Verification accomplished successfully

2020-02-14 09:53:37 - [TEST_STEP][PASSED] - request = getInstance().getCurrentRequest(): null

2020-02-14 09:53:37 - [TEST_STEP][PASSED] - response = getInstance().getCurrentResponse(): null

2020-02-14 09:53:37 - [TEST_STEP][PASSED] - if (!(verifyElementPropertyValue(response, "data.beam", mybeam))): Verify element property value successfully

2020-02-14 09:53:37 - [MESSAGE][PASSED] - Verify element property value successfully

2020-02-14 09:53:37 - [TEST_STEP][PASSED] - else: null

2020-02-14 09:53:37 - [TEST_STEP][PASSED] - beamFail = "P": null

2020-02-14 09:53:37 - [TEST_STEP][PASSED] - if (!(verifyElementPropertyValue(response, "data.product.down", myuff))): Verify element property value successfully

2020-02-14 09:53:37 - [MESSAGE][PASSED] - Verify element property value successfully

2020-02-14 09:53:37 - [TEST_STEP][PASSED] - else: null

2020-02-14 09:53:37 - [TEST_STEP][PASSED] - uffFail = "P": null

2020-02-14 09:53:37 - [TEST_STEP][PASSED] - jsonSlurper = new groovy.json.JsonSlurper(): null

2020-02-14 09:53:37 - [TEST_STEP][PASSED] - object = jsonSlurper.parseText(response.getResponseText()): null

2020-02-14 09:53:37 - [TEST_STEP][PASSED] - println(object): null

2020-02-14 09:53:37 - [TEST_STEP][PASSED] - mytest = plans: null

2020-02-14 09:53:37 - [TEST_STEP][PASSED] - variable = mytest: null

2020-02-14 09:53:37 - [MESSAGE][PASSED] - Verify response successfully

2020-02-14 09:53:37 - [MESSAGE][PASSED] - Send request and verify the response successfully

2020-02-14 09:53:37 - [TEST_STEP][PASSED] - setValueToCellByAddress(sheet01, "E" + mycount, variable): null

2020-02-14 09:53:37 - [TEST_STEP][PASSED] - saveWorkbook(excelFile01, workbook01): null]]></system-out>
         <system-err><![CDATA[]]></system-err>
      </testcase>
      <testcase name="Test Cases/Test_Beams_by_Zip_to_Excel" time="1.913" classname="Test Cases/Test_Beams_by_Zip_to_Excel" status="PASSED">
         <system-out><![CDATA[2020-02-14 09:53:37 - [TEST_CASE][PASSED] - Test Cases/Test_Beams_by_Zip_to_Excel: Test Cases/Test_Beams_by_Zip_to_Excel

2020-02-14 09:53:37 - [TEST_STEP][PASSED] - excelFile01 = "beams-test-results.xlsx": null

2020-02-14 09:53:37 - [TEST_STEP][PASSED] - ExpectedListSheetFile1 = ["Sheet1"]: null

2020-02-14 09:53:37 - [TEST_STEP][PASSED] - workbookFile01 = getWorkbook(excelFile01): null

2020-02-14 09:53:37 - [TEST_STEP][PASSED] - workbook01 = getWorkbook(excelFile01): null

2020-02-14 09:53:37 - [TEST_STEP][PASSED] - sheet01 = getExcelSheet(workbook01, "Sheet1"): null

2020-02-14 09:53:37 - [TEST_STEP][PASSED] - setValueToCellByAddress(sheet01, "A1", "TEST"): null

2020-02-14 09:53:37 - [TEST_STEP][PASSED] - setValueToCellByAddress(sheet01, "B1", "BEAM"): null

2020-02-14 09:53:37 - [TEST_STEP][PASSED] - setValueToCellByAddress(sheet01, "C1", "UFF"): null

2020-02-14 09:53:37 - [TEST_STEP][PASSED] - setValueToCellByAddress(sheet01, "D1", "PLAN"): null

2020-02-14 09:53:37 - [TEST_STEP][PASSED] - setValueToCellByAddress(sheet01, "E1", "API PLAN"): null

2020-02-14 09:53:37 - [TEST_STEP][PASSED] - mybeam = mybeam: null

2020-02-14 09:53:37 - [TEST_STEP][PASSED] - myuff = myuff: null

2020-02-14 09:53:37 - [TEST_STEP][PASSED] - myplan = myplan: null

2020-02-14 09:53:37 - [TEST_STEP][PASSED] - log = new com.kms.katalon.core.logging.KeywordLogger(): null

2020-02-14 09:53:37 - [TEST_STEP][PASSED] - log.logWarning("beam " + mybeam + " zip " + myzip + " upfront fees " + myuff + " plan " + myplan): beam 524 zip 79735 upfront fees 100 plan VS2 High Fill

2020-02-14 09:53:37 - [MESSAGE][WARNING] - beam 524 zip 79735 upfront fees 100 plan VS2 High Fill

2020-02-14 09:53:37 - [TEST_STEP][PASSED] - setValueToCellByAddress(sheet01, "B" + mycount, beamFail): null

2020-02-14 09:53:37 - [TEST_STEP][PASSED] - setValueToCellByAddress(sheet01, "C" + mycount, uffFail): null

2020-02-14 09:53:37 - [TEST_STEP][PASSED] - mycount = mycount + 1: null

2020-02-14 09:53:37 - [TEST_STEP][PASSED] - setValueToCellByAddress(sheet01, "A" + mycount, "beam " + mybeam + " zip " + myzip + " upfront fees " + myuff + " plan " + myplan): null

2020-02-14 09:53:37 - [TEST_STEP][PASSED] - setValueToCellByAddress(sheet01, "D" + mycount, myplan): null

2020-02-14 09:53:37 - [TEST_STEP][PASSED] - sendRequestAndVerify(findTestObject("Exede_Zip", ["myzip":myzip])): Send request and verify the response successfully

2020-02-14 09:53:39 - [MESSAGE][INFO] - HAR: /Users/jhampleman/jenkins-beam-tests-master/Reports/20200214_095028/RUN_Exede_Zip_Test/20200214_095028/requests/main/84.har

2020-02-14 09:53:39 - [TEST_CASE][PASSED] - Start Test Case : Verification: Verification accomplished successfully

2020-02-14 09:53:39 - [TEST_STEP][PASSED] - request = getInstance().getCurrentRequest(): null

2020-02-14 09:53:39 - [TEST_STEP][PASSED] - response = getInstance().getCurrentResponse(): null

2020-02-14 09:53:39 - [TEST_STEP][PASSED] - if (!(verifyElementPropertyValue(response, "data.beam", mybeam))): Verify element property value successfully

2020-02-14 09:53:39 - [MESSAGE][PASSED] - Verify element property value successfully

2020-02-14 09:53:39 - [TEST_STEP][PASSED] - else: null

2020-02-14 09:53:39 - [TEST_STEP][PASSED] - beamFail = "P": null

2020-02-14 09:53:39 - [TEST_STEP][PASSED] - if (!(verifyElementPropertyValue(response, "data.product.down", myuff))): Verify element property value successfully

2020-02-14 09:53:39 - [MESSAGE][PASSED] - Verify element property value successfully

2020-02-14 09:53:39 - [TEST_STEP][PASSED] - else: null

2020-02-14 09:53:39 - [TEST_STEP][PASSED] - uffFail = "P": null

2020-02-14 09:53:39 - [TEST_STEP][PASSED] - jsonSlurper = new groovy.json.JsonSlurper(): null

2020-02-14 09:53:39 - [TEST_STEP][PASSED] - object = jsonSlurper.parseText(response.getResponseText()): null

2020-02-14 09:53:39 - [TEST_STEP][PASSED] - println(object): null

2020-02-14 09:53:39 - [TEST_STEP][PASSED] - mytest = plans: null

2020-02-14 09:53:39 - [TEST_STEP][PASSED] - variable = mytest: null

2020-02-14 09:53:39 - [MESSAGE][PASSED] - Verify response successfully

2020-02-14 09:53:39 - [MESSAGE][PASSED] - Send request and verify the response successfully

2020-02-14 09:53:39 - [TEST_STEP][PASSED] - setValueToCellByAddress(sheet01, "E" + mycount, variable): null

2020-02-14 09:53:39 - [TEST_STEP][PASSED] - saveWorkbook(excelFile01, workbook01): null]]></system-out>
         <system-err><![CDATA[]]></system-err>
      </testcase>
      <testcase name="Test Cases/Test_Beams_by_Zip_to_Excel" time="1.94" classname="Test Cases/Test_Beams_by_Zip_to_Excel" status="PASSED">
         <system-out><![CDATA[2020-02-14 09:53:39 - [TEST_CASE][PASSED] - Test Cases/Test_Beams_by_Zip_to_Excel: Test Cases/Test_Beams_by_Zip_to_Excel

2020-02-14 09:53:39 - [TEST_STEP][PASSED] - excelFile01 = "beams-test-results.xlsx": null

2020-02-14 09:53:39 - [TEST_STEP][PASSED] - ExpectedListSheetFile1 = ["Sheet1"]: null

2020-02-14 09:53:39 - [TEST_STEP][PASSED] - workbookFile01 = getWorkbook(excelFile01): null

2020-02-14 09:53:39 - [TEST_STEP][PASSED] - workbook01 = getWorkbook(excelFile01): null

2020-02-14 09:53:39 - [TEST_STEP][PASSED] - sheet01 = getExcelSheet(workbook01, "Sheet1"): null

2020-02-14 09:53:39 - [TEST_STEP][PASSED] - setValueToCellByAddress(sheet01, "A1", "TEST"): null

2020-02-14 09:53:39 - [TEST_STEP][PASSED] - setValueToCellByAddress(sheet01, "B1", "BEAM"): null

2020-02-14 09:53:39 - [TEST_STEP][PASSED] - setValueToCellByAddress(sheet01, "C1", "UFF"): null

2020-02-14 09:53:39 - [TEST_STEP][PASSED] - setValueToCellByAddress(sheet01, "D1", "PLAN"): null

2020-02-14 09:53:39 - [TEST_STEP][PASSED] - setValueToCellByAddress(sheet01, "E1", "API PLAN"): null

2020-02-14 09:53:39 - [TEST_STEP][PASSED] - mybeam = mybeam: null

2020-02-14 09:53:39 - [TEST_STEP][PASSED] - myuff = myuff: null

2020-02-14 09:53:39 - [TEST_STEP][PASSED] - myplan = myplan: null

2020-02-14 09:53:39 - [TEST_STEP][PASSED] - log = new com.kms.katalon.core.logging.KeywordLogger(): null

2020-02-14 09:53:39 - [TEST_STEP][PASSED] - log.logWarning("beam " + mybeam + " zip " + myzip + " upfront fees " + myuff + " plan " + myplan): beam 525 zip 76849 upfront fees 0 plan VS2 High Fill

2020-02-14 09:53:39 - [MESSAGE][WARNING] - beam 525 zip 76849 upfront fees 0 plan VS2 High Fill

2020-02-14 09:53:39 - [TEST_STEP][PASSED] - setValueToCellByAddress(sheet01, "B" + mycount, beamFail): null

2020-02-14 09:53:39 - [TEST_STEP][PASSED] - setValueToCellByAddress(sheet01, "C" + mycount, uffFail): null

2020-02-14 09:53:39 - [TEST_STEP][PASSED] - mycount = mycount + 1: null

2020-02-14 09:53:39 - [TEST_STEP][PASSED] - setValueToCellByAddress(sheet01, "A" + mycount, "beam " + mybeam + " zip " + myzip + " upfront fees " + myuff + " plan " + myplan): null

2020-02-14 09:53:39 - [TEST_STEP][PASSED] - setValueToCellByAddress(sheet01, "D" + mycount, myplan): null

2020-02-14 09:53:39 - [TEST_STEP][PASSED] - sendRequestAndVerify(findTestObject("Exede_Zip", ["myzip":myzip])): Send request and verify the response successfully

2020-02-14 09:53:41 - [MESSAGE][INFO] - HAR: /Users/jhampleman/jenkins-beam-tests-master/Reports/20200214_095028/RUN_Exede_Zip_Test/20200214_095028/requests/main/85.har

2020-02-14 09:53:41 - [TEST_CASE][PASSED] - Start Test Case : Verification: Verification accomplished successfully

2020-02-14 09:53:41 - [TEST_STEP][PASSED] - request = getInstance().getCurrentRequest(): null

2020-02-14 09:53:41 - [TEST_STEP][PASSED] - response = getInstance().getCurrentResponse(): null

2020-02-14 09:53:41 - [TEST_STEP][PASSED] - if (!(verifyElementPropertyValue(response, "data.beam", mybeam))): Verify element property value successfully

2020-02-14 09:53:41 - [MESSAGE][PASSED] - Verify element property value successfully

2020-02-14 09:53:41 - [TEST_STEP][PASSED] - else: null

2020-02-14 09:53:41 - [TEST_STEP][PASSED] - beamFail = "P": null

2020-02-14 09:53:41 - [TEST_STEP][PASSED] - if (!(verifyElementPropertyValue(response, "data.product.down", myuff))): Verify element property value successfully

2020-02-14 09:53:41 - [MESSAGE][PASSED] - Verify element property value successfully

2020-02-14 09:53:41 - [TEST_STEP][PASSED] - else: null

2020-02-14 09:53:41 - [TEST_STEP][PASSED] - uffFail = "P": null

2020-02-14 09:53:41 - [TEST_STEP][PASSED] - jsonSlurper = new groovy.json.JsonSlurper(): null

2020-02-14 09:53:41 - [TEST_STEP][PASSED] - object = jsonSlurper.parseText(response.getResponseText()): null

2020-02-14 09:53:41 - [TEST_STEP][PASSED] - println(object): null

2020-02-14 09:53:41 - [TEST_STEP][PASSED] - mytest = plans: null

2020-02-14 09:53:41 - [TEST_STEP][PASSED] - variable = mytest: null

2020-02-14 09:53:41 - [MESSAGE][PASSED] - Verify response successfully

2020-02-14 09:53:41 - [MESSAGE][PASSED] - Send request and verify the response successfully

2020-02-14 09:53:41 - [TEST_STEP][PASSED] - setValueToCellByAddress(sheet01, "E" + mycount, variable): null

2020-02-14 09:53:41 - [TEST_STEP][PASSED] - saveWorkbook(excelFile01, workbook01): null]]></system-out>
         <system-err><![CDATA[]]></system-err>
      </testcase>
      <testcase name="Test Cases/Test_Beams_by_Zip_to_Excel" time="1.83" classname="Test Cases/Test_Beams_by_Zip_to_Excel" status="FAILED">
         <failure type="FAILED" message="Test Cases/Test_Beams_by_Zip_to_Excel FAILED.
Reason:
com.kms.katalon.core.exception.StepFailedException: Expected element property value '543' is not equal with actual property value '360'
	at com.kms.katalon.core.keyword.internal.KeywordMain.stepFailed(KeywordMain.groovy:39)
	at com.kms.katalon.core.webservice.keyword.builtin.VerifyElementPropertyValueKeyword$_verifyElementPropertyValue_closure1.doCall(VerifyElementPropertyValueKeyword.groovy:56)
	at com.kms.katalon.core.webservice.keyword.builtin.VerifyElementPropertyValueKeyword$_verifyElementPropertyValue_closure1.call(VerifyElementPropertyValueKeyword.groovy)
	at com.kms.katalon.core.keyword.internal.KeywordMain.runKeyword(KeywordMain.groovy:68)
	at com.kms.katalon.core.webservice.keyword.builtin.VerifyElementPropertyValueKeyword.verifyElementPropertyValue(VerifyElementPropertyValueKeyword.groovy:48)
	at com.kms.katalon.core.webservice.keyword.builtin.VerifyElementPropertyValueKeyword.execute(VerifyElementPropertyValueKeyword.groovy:43)
	at com.kms.katalon.core.keyword.internal.KeywordExecutor.executeKeywordForPlatform(KeywordExecutor.groovy:72)
	at com.kms.katalon.core.webservice.keyword.WSBuiltInKeywords.verifyElementPropertyValue(WSBuiltInKeywords.groovy:189)
	at com.kms.katalon.core.webservice.keyword.WSBuiltInKeywords$verifyElementPropertyValue$0.call(Unknown Source)
	at WSVerification1581699223034.run(WSVerification1581699223034:16)
	at com.kms.katalon.core.main.ScriptEngine.run(ScriptEngine.java:194)
	at com.kms.katalon.core.main.ScriptEngine.runScriptAsRawText(ScriptEngine.java:119)
	at com.kms.katalon.core.main.WSVerificationExecutor.runScript(WSVerificationExecutor.java:146)
	at com.kms.katalon.core.main.WSVerificationExecutor.doExecute(WSVerificationExecutor.java:140)
	at com.kms.katalon.core.main.WSVerificationExecutor.processExecutionPhase(WSVerificationExecutor.java:123)
	at com.kms.katalon.core.main.WSVerificationExecutor.accessMainPhase(WSVerificationExecutor.java:115)
	at com.kms.katalon.core.main.WSVerificationExecutor.execute(WSVerificationExecutor.java:103)
	at com.kms.katalon.core.main.TestCaseMain.runWSVerificationScript(TestCaseMain.java:127)
	at com.kms.katalon.core.webservice.keyword.builtin.SendRequestAndVerifyKeyword$_sendRequestAndVerify_closure1.doCall(SendRequestAndVerifyKeyword.groovy:55)
	at com.kms.katalon.core.webservice.keyword.builtin.SendRequestAndVerifyKeyword$_sendRequestAndVerify_closure1.call(SendRequestAndVerifyKeyword.groovy)
	at com.kms.katalon.core.keyword.internal.KeywordMain.runKeyword(KeywordMain.groovy:68)
	at com.kms.katalon.core.webservice.keyword.builtin.SendRequestAndVerifyKeyword.sendRequestAndVerify(SendRequestAndVerifyKeyword.groovy:43)
	at com.kms.katalon.core.webservice.keyword.builtin.SendRequestAndVerifyKeyword.execute(SendRequestAndVerifyKeyword.groovy:38)
	at com.kms.katalon.core.keyword.internal.KeywordExecutor.executeKeywordForPlatform(KeywordExecutor.groovy:72)
	at com.kms.katalon.core.webservice.keyword.WSBuiltInKeywords.sendRequestAndVerify(WSBuiltInKeywords.groovy:65)
	at com.kms.katalon.core.webservice.keyword.WSBuiltInKeywords$sendRequestAndVerify.call(Unknown Source)
	at Test_Beams_by_Zip_to_Excel.run(Test_Beams_by_Zip_to_Excel:68)
	at com.kms.katalon.core.main.ScriptEngine.run(ScriptEngine.java:194)
	at com.kms.katalon.core.main.ScriptEngine.runScriptAsRawText(ScriptEngine.java:119)
	at com.kms.katalon.core.main.TestCaseExecutor.runScript(TestCaseExecutor.java:337)
	at com.kms.katalon.core.main.TestCaseExecutor.doExecute(TestCaseExecutor.java:328)
	at com.kms.katalon.core.main.TestCaseExecutor.processExecutionPhase(TestCaseExecutor.java:307)
	at com.kms.katalon.core.main.TestCaseExecutor.accessMainPhase(TestCaseExecutor.java:299)
	at com.kms.katalon.core.main.TestCaseExecutor.execute(TestCaseExecutor.java:233)
	at com.kms.katalon.core.main.TestSuiteExecutor.accessTestCaseMainPhase(TestSuiteExecutor.java:169)
	at com.kms.katalon.core.main.TestSuiteExecutor.accessTestSuiteMainPhase(TestSuiteExecutor.java:142)
	at com.kms.katalon.core.main.TestSuiteExecutor.execute(TestSuiteExecutor.java:91)
	at com.kms.katalon.core.main.TestCaseMain.startTestSuite(TestCaseMain.java:157)
	at com.kms.katalon.core.main.TestCaseMain$startTestSuite$0.call(Unknown Source)
	at TempTestSuite1581699028664.run(TempTestSuite1581699028664.groovy:36)
"/>
         <system-out><![CDATA[2020-02-14 09:53:41 - [TEST_CASE][FAILED] - Test Cases/Test_Beams_by_Zip_to_Excel: Test Cases/Test_Beams_by_Zip_to_Excel FAILED.
Reason:
com.kms.katalon.core.exception.StepFailedException: Expected element property value '543' is not equal with actual property value '360'
	at com.kms.katalon.core.keyword.internal.KeywordMain.stepFailed(KeywordMain.groovy:39)
	at com.kms.katalon.core.webservice.keyword.builtin.VerifyElementPropertyValueKeyword$_verifyElementPropertyValue_closure1.doCall(VerifyElementPropertyValueKeyword.groovy:56)
	at com.kms.katalon.core.webservice.keyword.builtin.VerifyElementPropertyValueKeyword$_verifyElementPropertyValue_closure1.call(VerifyElementPropertyValueKeyword.groovy)
	at com.kms.katalon.core.keyword.internal.KeywordMain.runKeyword(KeywordMain.groovy:68)
	at com.kms.katalon.core.webservice.keyword.builtin.VerifyElementPropertyValueKeyword.verifyElementPropertyValue(VerifyElementPropertyValueKeyword.groovy:48)
	at com.kms.katalon.core.webservice.keyword.builtin.VerifyElementPropertyValueKeyword.execute(VerifyElementPropertyValueKeyword.groovy:43)
	at com.kms.katalon.core.keyword.internal.KeywordExecutor.executeKeywordForPlatform(KeywordExecutor.groovy:72)
	at com.kms.katalon.core.webservice.keyword.WSBuiltInKeywords.verifyElementPropertyValue(WSBuiltInKeywords.groovy:189)
	at com.kms.katalon.core.webservice.keyword.WSBuiltInKeywords$verifyElementPropertyValue$0.call(Unknown Source)
	at WSVerification1581699223034.run(WSVerification1581699223034:16)
	at com.kms.katalon.core.main.ScriptEngine.run(ScriptEngine.java:194)
	at com.kms.katalon.core.main.ScriptEngine.runScriptAsRawText(ScriptEngine.java:119)
	at com.kms.katalon.core.main.WSVerificationExecutor.runScript(WSVerificationExecutor.java:146)
	at com.kms.katalon.core.main.WSVerificationExecutor.doExecute(WSVerificationExecutor.java:140)
	at com.kms.katalon.core.main.WSVerificationExecutor.processExecutionPhase(WSVerificationExecutor.java:123)
	at com.kms.katalon.core.main.WSVerificationExecutor.accessMainPhase(WSVerificationExecutor.java:115)
	at com.kms.katalon.core.main.WSVerificationExecutor.execute(WSVerificationExecutor.java:103)
	at com.kms.katalon.core.main.TestCaseMain.runWSVerificationScript(TestCaseMain.java:127)
	at com.kms.katalon.core.webservice.keyword.builtin.SendRequestAndVerifyKeyword$_sendRequestAndVerify_closure1.doCall(SendRequestAndVerifyKeyword.groovy:55)
	at com.kms.katalon.core.webservice.keyword.builtin.SendRequestAndVerifyKeyword$_sendRequestAndVerify_closure1.call(SendRequestAndVerifyKeyword.groovy)
	at com.kms.katalon.core.keyword.internal.KeywordMain.runKeyword(KeywordMain.groovy:68)
	at com.kms.katalon.core.webservice.keyword.builtin.SendRequestAndVerifyKeyword.sendRequestAndVerify(SendRequestAndVerifyKeyword.groovy:43)
	at com.kms.katalon.core.webservice.keyword.builtin.SendRequestAndVerifyKeyword.execute(SendRequestAndVerifyKeyword.groovy:38)
	at com.kms.katalon.core.keyword.internal.KeywordExecutor.executeKeywordForPlatform(KeywordExecutor.groovy:72)
	at com.kms.katalon.core.webservice.keyword.WSBuiltInKeywords.sendRequestAndVerify(WSBuiltInKeywords.groovy:65)
	at com.kms.katalon.core.webservice.keyword.WSBuiltInKeywords$sendRequestAndVerify.call(Unknown Source)
	at Test_Beams_by_Zip_to_Excel.run(Test_Beams_by_Zip_to_Excel:68)
	at com.kms.katalon.core.main.ScriptEngine.run(ScriptEngine.java:194)
	at com.kms.katalon.core.main.ScriptEngine.runScriptAsRawText(ScriptEngine.java:119)
	at com.kms.katalon.core.main.TestCaseExecutor.runScript(TestCaseExecutor.java:337)
	at com.kms.katalon.core.main.TestCaseExecutor.doExecute(TestCaseExecutor.java:328)
	at com.kms.katalon.core.main.TestCaseExecutor.processExecutionPhase(TestCaseExecutor.java:307)
	at com.kms.katalon.core.main.TestCaseExecutor.accessMainPhase(TestCaseExecutor.java:299)
	at com.kms.katalon.core.main.TestCaseExecutor.execute(TestCaseExecutor.java:233)
	at com.kms.katalon.core.main.TestSuiteExecutor.accessTestCaseMainPhase(TestSuiteExecutor.java:169)
	at com.kms.katalon.core.main.TestSuiteExecutor.accessTestSuiteMainPhase(TestSuiteExecutor.java:142)
	at com.kms.katalon.core.main.TestSuiteExecutor.execute(TestSuiteExecutor.java:91)
	at com.kms.katalon.core.main.TestCaseMain.startTestSuite(TestCaseMain.java:157)
	at com.kms.katalon.core.main.TestCaseMain$startTestSuite$0.call(Unknown Source)
	at TempTestSuite1581699028664.run(TempTestSuite1581699028664.groovy:36)


2020-02-14 09:53:41 - [TEST_STEP][PASSED] - excelFile01 = "beams-test-results.xlsx": null

2020-02-14 09:53:41 - [TEST_STEP][PASSED] - ExpectedListSheetFile1 = ["Sheet1"]: null

2020-02-14 09:53:41 - [TEST_STEP][PASSED] - workbookFile01 = getWorkbook(excelFile01): null

2020-02-14 09:53:41 - [TEST_STEP][PASSED] - workbook01 = getWorkbook(excelFile01): null

2020-02-14 09:53:41 - [TEST_STEP][PASSED] - sheet01 = getExcelSheet(workbook01, "Sheet1"): null

2020-02-14 09:53:41 - [TEST_STEP][PASSED] - setValueToCellByAddress(sheet01, "A1", "TEST"): null

2020-02-14 09:53:41 - [TEST_STEP][PASSED] - setValueToCellByAddress(sheet01, "B1", "BEAM"): null

2020-02-14 09:53:41 - [TEST_STEP][PASSED] - setValueToCellByAddress(sheet01, "C1", "UFF"): null

2020-02-14 09:53:41 - [TEST_STEP][PASSED] - setValueToCellByAddress(sheet01, "D1", "PLAN"): null

2020-02-14 09:53:41 - [TEST_STEP][PASSED] - setValueToCellByAddress(sheet01, "E1", "API PLAN"): null

2020-02-14 09:53:41 - [TEST_STEP][PASSED] - mybeam = mybeam: null

2020-02-14 09:53:41 - [TEST_STEP][PASSED] - myuff = myuff: null

2020-02-14 09:53:41 - [TEST_STEP][PASSED] - myplan = myplan: null

2020-02-14 09:53:41 - [TEST_STEP][PASSED] - log = new com.kms.katalon.core.logging.KeywordLogger(): null

2020-02-14 09:53:41 - [TEST_STEP][PASSED] - log.logWarning("beam " + mybeam + " zip " + myzip + " upfront fees " + myuff + " plan " + myplan): beam 543 zip 33071 upfront fees 0 plan VS2 High Fill

2020-02-14 09:53:41 - [MESSAGE][WARNING] - beam 543 zip 33071 upfront fees 0 plan VS2 High Fill

2020-02-14 09:53:41 - [TEST_STEP][PASSED] - setValueToCellByAddress(sheet01, "B" + mycount, beamFail): null

2020-02-14 09:53:41 - [TEST_STEP][PASSED] - setValueToCellByAddress(sheet01, "C" + mycount, uffFail): null

2020-02-14 09:53:41 - [TEST_STEP][PASSED] - mycount = mycount + 1: null

2020-02-14 09:53:41 - [TEST_STEP][PASSED] - setValueToCellByAddress(sheet01, "A" + mycount, "beam " + mybeam + " zip " + myzip + " upfront fees " + myuff + " plan " + myplan): null

2020-02-14 09:53:41 - [TEST_STEP][PASSED] - setValueToCellByAddress(sheet01, "D" + mycount, myplan): null

2020-02-14 09:53:41 - [TEST_STEP][FAILED] - sendRequestAndVerify(findTestObject("Exede_Zip", ["myzip":myzip])): Unable to send request and verify the response (Root cause: com.kms.katalon.core.exception.StepFailedException: Verification failed
	at com.kms.katalon.core.webservice.keyword.builtin.SendRequestAndVerifyKeyword$_sendRequestAndVerify_closure1.doCall(SendRequestAndVerifyKeyword.groovy:59)
	at com.kms.katalon.core.webservice.keyword.builtin.SendRequestAndVerifyKeyword$_sendRequestAndVerify_closure1.call(SendRequestAndVerifyKeyword.groovy)
	at com.kms.katalon.core.keyword.internal.KeywordMain.runKeyword(KeywordMain.groovy:68)
	at com.kms.katalon.core.webservice.keyword.builtin.SendRequestAndVerifyKeyword.sendRequestAndVerify(SendRequestAndVerifyKeyword.groovy:43)
	at com.kms.katalon.core.webservice.keyword.builtin.SendRequestAndVerifyKeyword.execute(SendRequestAndVerifyKeyword.groovy:38)
	at com.kms.katalon.core.keyword.internal.KeywordExecutor.executeKeywordForPlatform(KeywordExecutor.groovy:72)
	at com.kms.katalon.core.webservice.keyword.WSBuiltInKeywords.sendRequestAndVerify(WSBuiltInKeywords.groovy:65)
	at com.kms.katalon.core.webservice.keyword.WSBuiltInKeywords$sendRequestAndVerify.call(Unknown Source)
	at Test_Beams_by_Zip_to_Excel.run(Test_Beams_by_Zip_to_Excel:68)
	at com.kms.katalon.core.main.ScriptEngine.run(ScriptEngine.java:194)
	at com.kms.katalon.core.main.ScriptEngine.runScriptAsRawText(ScriptEngine.java:119)
	at com.kms.katalon.core.main.TestCaseExecutor.runScript(TestCaseExecutor.java:337)
	at com.kms.katalon.core.main.TestCaseExecutor.doExecute(TestCaseExecutor.java:328)
	at com.kms.katalon.core.main.TestCaseExecutor.processExecutionPhase(TestCaseExecutor.java:307)
	at com.kms.katalon.core.main.TestCaseExecutor.accessMainPhase(TestCaseExecutor.java:299)
	at com.kms.katalon.core.main.TestCaseExecutor.execute(TestCaseExecutor.java:233)
	at com.kms.katalon.core.main.TestSuiteExecutor.accessTestCaseMainPhase(TestSuiteExecutor.java:169)
	at com.kms.katalon.core.main.TestSuiteExecutor.accessTestSuiteMainPhase(TestSuiteExecutor.java:142)
	at com.kms.katalon.core.main.TestSuiteExecutor.execute(TestSuiteExecutor.java:91)
	at com.kms.katalon.core.main.TestCaseMain.startTestSuite(TestCaseMain.java:157)
	at com.kms.katalon.core.main.TestCaseMain$startTestSuite$0.call(Unknown Source)
	at TempTestSuite1581699028664.run(TempTestSuite1581699028664.groovy:36)
)

2020-02-14 09:53:42 - [MESSAGE][INFO] - HAR: /Users/jhampleman/jenkins-beam-tests-master/Reports/20200214_095028/RUN_Exede_Zip_Test/20200214_095028/requests/main/86.har

2020-02-14 09:53:43 - [TEST_CASE][FAILED] - Start Test Case : Verification: Verification FAILED.
Reason:
com.kms.katalon.core.exception.StepFailedException: Expected element property value '543' is not equal with actual property value '360'
	at com.kms.katalon.core.keyword.internal.KeywordMain.stepFailed(KeywordMain.groovy:39)
	at com.kms.katalon.core.webservice.keyword.builtin.VerifyElementPropertyValueKeyword$_verifyElementPropertyValue_closure1.doCall(VerifyElementPropertyValueKeyword.groovy:56)
	at com.kms.katalon.core.webservice.keyword.builtin.VerifyElementPropertyValueKeyword$_verifyElementPropertyValue_closure1.call(VerifyElementPropertyValueKeyword.groovy)
	at com.kms.katalon.core.keyword.internal.KeywordMain.runKeyword(KeywordMain.groovy:68)
	at com.kms.katalon.core.webservice.keyword.builtin.VerifyElementPropertyValueKeyword.verifyElementPropertyValue(VerifyElementPropertyValueKeyword.groovy:48)
	at com.kms.katalon.core.webservice.keyword.builtin.VerifyElementPropertyValueKeyword.execute(VerifyElementPropertyValueKeyword.groovy:43)
	at com.kms.katalon.core.keyword.internal.KeywordExecutor.executeKeywordForPlatform(KeywordExecutor.groovy:72)
	at com.kms.katalon.core.webservice.keyword.WSBuiltInKeywords.verifyElementPropertyValue(WSBuiltInKeywords.groovy:189)
	at com.kms.katalon.core.webservice.keyword.WSBuiltInKeywords$verifyElementPropertyValue$0.call(Unknown Source)
	at WSVerification1581699223034.run(WSVerification1581699223034:16)
	at com.kms.katalon.core.main.ScriptEngine.run(ScriptEngine.java:194)
	at com.kms.katalon.core.main.ScriptEngine.runScriptAsRawText(ScriptEngine.java:119)
	at com.kms.katalon.core.main.WSVerificationExecutor.runScript(WSVerificationExecutor.java:146)
	at com.kms.katalon.core.main.WSVerificationExecutor.doExecute(WSVerificationExecutor.java:140)
	at com.kms.katalon.core.main.WSVerificationExecutor.processExecutionPhase(WSVerificationExecutor.java:123)
	at com.kms.katalon.core.main.WSVerificationExecutor.accessMainPhase(WSVerificationExecutor.java:115)
	at com.kms.katalon.core.main.WSVerificationExecutor.execute(WSVerificationExecutor.java:103)
	at com.kms.katalon.core.main.TestCaseMain.runWSVerificationScript(TestCaseMain.java:127)
	at com.kms.katalon.core.webservice.keyword.builtin.SendRequestAndVerifyKeyword$_sendRequestAndVerify_closure1.doCall(SendRequestAndVerifyKeyword.groovy:55)
	at com.kms.katalon.core.webservice.keyword.builtin.SendRequestAndVerifyKeyword$_sendRequestAndVerify_closure1.call(SendRequestAndVerifyKeyword.groovy)
	at com.kms.katalon.core.keyword.internal.KeywordMain.runKeyword(KeywordMain.groovy:68)
	at com.kms.katalon.core.webservice.keyword.builtin.SendRequestAndVerifyKeyword.sendRequestAndVerify(SendRequestAndVerifyKeyword.groovy:43)
	at com.kms.katalon.core.webservice.keyword.builtin.SendRequestAndVerifyKeyword.execute(SendRequestAndVerifyKeyword.groovy:38)
	at com.kms.katalon.core.keyword.internal.KeywordExecutor.executeKeywordForPlatform(KeywordExecutor.groovy:72)
	at com.kms.katalon.core.webservice.keyword.WSBuiltInKeywords.sendRequestAndVerify(WSBuiltInKeywords.groovy:65)
	at com.kms.katalon.core.webservice.keyword.WSBuiltInKeywords$sendRequestAndVerify.call(Unknown Source)
	at Test_Beams_by_Zip_to_Excel.run(Test_Beams_by_Zip_to_Excel:68)
	at com.kms.katalon.core.main.ScriptEngine.run(ScriptEngine.java:194)
	at com.kms.katalon.core.main.ScriptEngine.runScriptAsRawText(ScriptEngine.java:119)
	at com.kms.katalon.core.main.TestCaseExecutor.runScript(TestCaseExecutor.java:337)
	at com.kms.katalon.core.main.TestCaseExecutor.doExecute(TestCaseExecutor.java:328)
	at com.kms.katalon.core.main.TestCaseExecutor.processExecutionPhase(TestCaseExecutor.java:307)
	at com.kms.katalon.core.main.TestCaseExecutor.accessMainPhase(TestCaseExecutor.java:299)
	at com.kms.katalon.core.main.TestCaseExecutor.execute(TestCaseExecutor.java:233)
	at com.kms.katalon.core.main.TestSuiteExecutor.accessTestCaseMainPhase(TestSuiteExecutor.java:169)
	at com.kms.katalon.core.main.TestSuiteExecutor.accessTestSuiteMainPhase(TestSuiteExecutor.java:142)
	at com.kms.katalon.core.main.TestSuiteExecutor.execute(TestSuiteExecutor.java:91)
	at com.kms.katalon.core.main.TestCaseMain.startTestSuite(TestCaseMain.java:157)
	at com.kms.katalon.core.main.TestCaseMain$startTestSuite$0.call(Unknown Source)
	at TempTestSuite1581699028664.run(TempTestSuite1581699028664.groovy:36)


2020-02-14 09:53:43 - [TEST_STEP][PASSED] - request = getInstance().getCurrentRequest(): null

2020-02-14 09:53:43 - [TEST_STEP][PASSED] - response = getInstance().getCurrentResponse(): null

2020-02-14 09:53:43 - [TEST_STEP][FAILED] - if (!(verifyElementPropertyValue(response, "data.beam", mybeam))): null

2020-02-14 09:53:43 - [MESSAGE][FAILED] - Expected element property value '543' is not equal with actual property value '360'

2020-02-14 09:53:43 - [TEST_STEP][PASSED] - beamFail = "F": null

2020-02-14 09:53:43 - [TEST_STEP][PASSED] - if (!(verifyElementPropertyValue(response, "data.product.down", myuff))): Verify element property value successfully

2020-02-14 09:53:43 - [MESSAGE][PASSED] - Verify element property value successfully

2020-02-14 09:53:43 - [TEST_STEP][PASSED] - else: null

2020-02-14 09:53:43 - [TEST_STEP][PASSED] - uffFail = "P": null

2020-02-14 09:53:43 - [TEST_STEP][PASSED] - jsonSlurper = new groovy.json.JsonSlurper(): null

2020-02-14 09:53:43 - [TEST_STEP][PASSED] - object = jsonSlurper.parseText(response.getResponseText()): null

2020-02-14 09:53:43 - [TEST_STEP][PASSED] - println(object): null

2020-02-14 09:53:43 - [TEST_STEP][PASSED] - mytest = plans: null

2020-02-14 09:53:43 - [TEST_STEP][PASSED] - variable = mytest: null

2020-02-14 09:53:43 - [MESSAGE][FAILED] - Unable to send request and verify the response (Root cause: com.kms.katalon.core.exception.StepFailedException: Verification failed
	at com.kms.katalon.core.webservice.keyword.builtin.SendRequestAndVerifyKeyword$_sendRequestAndVerify_closure1.doCall(SendRequestAndVerifyKeyword.groovy:59)
	at com.kms.katalon.core.webservice.keyword.builtin.SendRequestAndVerifyKeyword$_sendRequestAndVerify_closure1.call(SendRequestAndVerifyKeyword.groovy)
	at com.kms.katalon.core.keyword.internal.KeywordMain.runKeyword(KeywordMain.groovy:68)
	at com.kms.katalon.core.webservice.keyword.builtin.SendRequestAndVerifyKeyword.sendRequestAndVerify(SendRequestAndVerifyKeyword.groovy:43)
	at com.kms.katalon.core.webservice.keyword.builtin.SendRequestAndVerifyKeyword.execute(SendRequestAndVerifyKeyword.groovy:38)
	at com.kms.katalon.core.keyword.internal.KeywordExecutor.executeKeywordForPlatform(KeywordExecutor.groovy:72)
	at com.kms.katalon.core.webservice.keyword.WSBuiltInKeywords.sendRequestAndVerify(WSBuiltInKeywords.groovy:65)
	at com.kms.katalon.core.webservice.keyword.WSBuiltInKeywords$sendRequestAndVerify.call(Unknown Source)
	at Test_Beams_by_Zip_to_Excel.run(Test_Beams_by_Zip_to_Excel:68)
	at com.kms.katalon.core.main.ScriptEngine.run(ScriptEngine.java:194)
	at com.kms.katalon.core.main.ScriptEngine.runScriptAsRawText(ScriptEngine.java:119)
	at com.kms.katalon.core.main.TestCaseExecutor.runScript(TestCaseExecutor.java:337)
	at com.kms.katalon.core.main.TestCaseExecutor.doExecute(TestCaseExecutor.java:328)
	at com.kms.katalon.core.main.TestCaseExecutor.processExecutionPhase(TestCaseExecutor.java:307)
	at com.kms.katalon.core.main.TestCaseExecutor.accessMainPhase(TestCaseExecutor.java:299)
	at com.kms.katalon.core.main.TestCaseExecutor.execute(TestCaseExecutor.java:233)
	at com.kms.katalon.core.main.TestSuiteExecutor.accessTestCaseMainPhase(TestSuiteExecutor.java:169)
	at com.kms.katalon.core.main.TestSuiteExecutor.accessTestSuiteMainPhase(TestSuiteExecutor.java:142)
	at com.kms.katalon.core.main.TestSuiteExecutor.execute(TestSuiteExecutor.java:91)
	at com.kms.katalon.core.main.TestCaseMain.startTestSuite(TestCaseMain.java:157)
	at com.kms.katalon.core.main.TestCaseMain$startTestSuite$0.call(Unknown Source)
	at TempTestSuite1581699028664.run(TempTestSuite1581699028664.groovy:36)
)

2020-02-14 09:53:43 - [TEST_STEP][PASSED] - setValueToCellByAddress(sheet01, "E" + mycount, variable): null

2020-02-14 09:53:43 - [TEST_STEP][PASSED] - saveWorkbook(excelFile01, workbook01): null]]></system-out>
         <system-err><![CDATA[2020-02-14 09:53:41 - [TEST_CASE][FAILED] - Test Cases/Test_Beams_by_Zip_to_Excel: Test Cases/Test_Beams_by_Zip_to_Excel FAILED.
Reason:
com.kms.katalon.core.exception.StepFailedException: Expected element property value '543' is not equal with actual property value '360'
	at com.kms.katalon.core.keyword.internal.KeywordMain.stepFailed(KeywordMain.groovy:39)
	at com.kms.katalon.core.webservice.keyword.builtin.VerifyElementPropertyValueKeyword$_verifyElementPropertyValue_closure1.doCall(VerifyElementPropertyValueKeyword.groovy:56)
	at com.kms.katalon.core.webservice.keyword.builtin.VerifyElementPropertyValueKeyword$_verifyElementPropertyValue_closure1.call(VerifyElementPropertyValueKeyword.groovy)
	at com.kms.katalon.core.keyword.internal.KeywordMain.runKeyword(KeywordMain.groovy:68)
	at com.kms.katalon.core.webservice.keyword.builtin.VerifyElementPropertyValueKeyword.verifyElementPropertyValue(VerifyElementPropertyValueKeyword.groovy:48)
	at com.kms.katalon.core.webservice.keyword.builtin.VerifyElementPropertyValueKeyword.execute(VerifyElementPropertyValueKeyword.groovy:43)
	at com.kms.katalon.core.keyword.internal.KeywordExecutor.executeKeywordForPlatform(KeywordExecutor.groovy:72)
	at com.kms.katalon.core.webservice.keyword.WSBuiltInKeywords.verifyElementPropertyValue(WSBuiltInKeywords.groovy:189)
	at com.kms.katalon.core.webservice.keyword.WSBuiltInKeywords$verifyElementPropertyValue$0.call(Unknown Source)
	at WSVerification1581699223034.run(WSVerification1581699223034:16)
	at com.kms.katalon.core.main.ScriptEngine.run(ScriptEngine.java:194)
	at com.kms.katalon.core.main.ScriptEngine.runScriptAsRawText(ScriptEngine.java:119)
	at com.kms.katalon.core.main.WSVerificationExecutor.runScript(WSVerificationExecutor.java:146)
	at com.kms.katalon.core.main.WSVerificationExecutor.doExecute(WSVerificationExecutor.java:140)
	at com.kms.katalon.core.main.WSVerificationExecutor.processExecutionPhase(WSVerificationExecutor.java:123)
	at com.kms.katalon.core.main.WSVerificationExecutor.accessMainPhase(WSVerificationExecutor.java:115)
	at com.kms.katalon.core.main.WSVerificationExecutor.execute(WSVerificationExecutor.java:103)
	at com.kms.katalon.core.main.TestCaseMain.runWSVerificationScript(TestCaseMain.java:127)
	at com.kms.katalon.core.webservice.keyword.builtin.SendRequestAndVerifyKeyword$_sendRequestAndVerify_closure1.doCall(SendRequestAndVerifyKeyword.groovy:55)
	at com.kms.katalon.core.webservice.keyword.builtin.SendRequestAndVerifyKeyword$_sendRequestAndVerify_closure1.call(SendRequestAndVerifyKeyword.groovy)
	at com.kms.katalon.core.keyword.internal.KeywordMain.runKeyword(KeywordMain.groovy:68)
	at com.kms.katalon.core.webservice.keyword.builtin.SendRequestAndVerifyKeyword.sendRequestAndVerify(SendRequestAndVerifyKeyword.groovy:43)
	at com.kms.katalon.core.webservice.keyword.builtin.SendRequestAndVerifyKeyword.execute(SendRequestAndVerifyKeyword.groovy:38)
	at com.kms.katalon.core.keyword.internal.KeywordExecutor.executeKeywordForPlatform(KeywordExecutor.groovy:72)
	at com.kms.katalon.core.webservice.keyword.WSBuiltInKeywords.sendRequestAndVerify(WSBuiltInKeywords.groovy:65)
	at com.kms.katalon.core.webservice.keyword.WSBuiltInKeywords$sendRequestAndVerify.call(Unknown Source)
	at Test_Beams_by_Zip_to_Excel.run(Test_Beams_by_Zip_to_Excel:68)
	at com.kms.katalon.core.main.ScriptEngine.run(ScriptEngine.java:194)
	at com.kms.katalon.core.main.ScriptEngine.runScriptAsRawText(ScriptEngine.java:119)
	at com.kms.katalon.core.main.TestCaseExecutor.runScript(TestCaseExecutor.java:337)
	at com.kms.katalon.core.main.TestCaseExecutor.doExecute(TestCaseExecutor.java:328)
	at com.kms.katalon.core.main.TestCaseExecutor.processExecutionPhase(TestCaseExecutor.java:307)
	at com.kms.katalon.core.main.TestCaseExecutor.accessMainPhase(TestCaseExecutor.java:299)
	at com.kms.katalon.core.main.TestCaseExecutor.execute(TestCaseExecutor.java:233)
	at com.kms.katalon.core.main.TestSuiteExecutor.accessTestCaseMainPhase(TestSuiteExecutor.java:169)
	at com.kms.katalon.core.main.TestSuiteExecutor.accessTestSuiteMainPhase(TestSuiteExecutor.java:142)
	at com.kms.katalon.core.main.TestSuiteExecutor.execute(TestSuiteExecutor.java:91)
	at com.kms.katalon.core.main.TestCaseMain.startTestSuite(TestCaseMain.java:157)
	at com.kms.katalon.core.main.TestCaseMain$startTestSuite$0.call(Unknown Source)
	at TempTestSuite1581699028664.run(TempTestSuite1581699028664.groovy:36)]]></system-err>
      </testcase>
      <testcase name="Test Cases/Test_Beams_by_Zip_to_Excel" time="2.037" classname="Test Cases/Test_Beams_by_Zip_to_Excel" status="PASSED">
         <system-out><![CDATA[2020-02-14 09:53:43 - [TEST_CASE][PASSED] - Test Cases/Test_Beams_by_Zip_to_Excel: Test Cases/Test_Beams_by_Zip_to_Excel

2020-02-14 09:53:43 - [TEST_STEP][PASSED] - excelFile01 = "beams-test-results.xlsx": null

2020-02-14 09:53:43 - [TEST_STEP][PASSED] - ExpectedListSheetFile1 = ["Sheet1"]: null

2020-02-14 09:53:43 - [TEST_STEP][PASSED] - workbookFile01 = getWorkbook(excelFile01): null

2020-02-14 09:53:43 - [TEST_STEP][PASSED] - workbook01 = getWorkbook(excelFile01): null

2020-02-14 09:53:43 - [TEST_STEP][PASSED] - sheet01 = getExcelSheet(workbook01, "Sheet1"): null

2020-02-14 09:53:43 - [TEST_STEP][PASSED] - setValueToCellByAddress(sheet01, "A1", "TEST"): null

2020-02-14 09:53:43 - [TEST_STEP][PASSED] - setValueToCellByAddress(sheet01, "B1", "BEAM"): null

2020-02-14 09:53:43 - [TEST_STEP][PASSED] - setValueToCellByAddress(sheet01, "C1", "UFF"): null

2020-02-14 09:53:43 - [TEST_STEP][PASSED] - setValueToCellByAddress(sheet01, "D1", "PLAN"): null

2020-02-14 09:53:43 - [TEST_STEP][PASSED] - setValueToCellByAddress(sheet01, "E1", "API PLAN"): null

2020-02-14 09:53:43 - [TEST_STEP][PASSED] - mybeam = mybeam: null

2020-02-14 09:53:43 - [TEST_STEP][PASSED] - myuff = myuff: null

2020-02-14 09:53:43 - [TEST_STEP][PASSED] - myplan = myplan: null

2020-02-14 09:53:43 - [TEST_STEP][PASSED] - log = new com.kms.katalon.core.logging.KeywordLogger(): null

2020-02-14 09:53:43 - [TEST_STEP][PASSED] - log.logWarning("beam " + mybeam + " zip " + myzip + " upfront fees " + myuff + " plan " + myplan): beam 360 zip 33071 upfront fees 0 plan Augmented Standard Plan

2020-02-14 09:53:43 - [MESSAGE][WARNING] - beam 360 zip 33071 upfront fees 0 plan Augmented Standard Plan

2020-02-14 09:53:43 - [TEST_STEP][PASSED] - setValueToCellByAddress(sheet01, "B" + mycount, beamFail): null

2020-02-14 09:53:43 - [TEST_STEP][PASSED] - setValueToCellByAddress(sheet01, "C" + mycount, uffFail): null

2020-02-14 09:53:43 - [TEST_STEP][PASSED] - mycount = mycount + 1: null

2020-02-14 09:53:43 - [TEST_STEP][PASSED] - setValueToCellByAddress(sheet01, "A" + mycount, "beam " + mybeam + " zip " + myzip + " upfront fees " + myuff + " plan " + myplan): null

2020-02-14 09:53:43 - [TEST_STEP][PASSED] - setValueToCellByAddress(sheet01, "D" + mycount, myplan): null

2020-02-14 09:53:43 - [TEST_STEP][PASSED] - sendRequestAndVerify(findTestObject("Exede_Zip", ["myzip":myzip])): Send request and verify the response successfully

2020-02-14 09:53:45 - [MESSAGE][INFO] - HAR: /Users/jhampleman/jenkins-beam-tests-master/Reports/20200214_095028/RUN_Exede_Zip_Test/20200214_095028/requests/main/87.har

2020-02-14 09:53:45 - [TEST_CASE][PASSED] - Start Test Case : Verification: Verification accomplished successfully

2020-02-14 09:53:45 - [TEST_STEP][PASSED] - request = getInstance().getCurrentRequest(): null

2020-02-14 09:53:45 - [TEST_STEP][PASSED] - response = getInstance().getCurrentResponse(): null

2020-02-14 09:53:45 - [TEST_STEP][PASSED] - if (!(verifyElementPropertyValue(response, "data.beam", mybeam))): Verify element property value successfully

2020-02-14 09:53:45 - [MESSAGE][PASSED] - Verify element property value successfully

2020-02-14 09:53:45 - [TEST_STEP][PASSED] - else: null

2020-02-14 09:53:45 - [TEST_STEP][PASSED] - beamFail = "P": null

2020-02-14 09:53:45 - [TEST_STEP][PASSED] - if (!(verifyElementPropertyValue(response, "data.product.down", myuff))): Verify element property value successfully

2020-02-14 09:53:45 - [MESSAGE][PASSED] - Verify element property value successfully

2020-02-14 09:53:45 - [TEST_STEP][PASSED] - else: null

2020-02-14 09:53:45 - [TEST_STEP][PASSED] - uffFail = "P": null

2020-02-14 09:53:45 - [TEST_STEP][PASSED] - jsonSlurper = new groovy.json.JsonSlurper(): null

2020-02-14 09:53:45 - [TEST_STEP][PASSED] - object = jsonSlurper.parseText(response.getResponseText()): null

2020-02-14 09:53:45 - [TEST_STEP][PASSED] - println(object): null

2020-02-14 09:53:45 - [TEST_STEP][PASSED] - mytest = plans: null

2020-02-14 09:53:45 - [TEST_STEP][PASSED] - variable = mytest: null

2020-02-14 09:53:45 - [MESSAGE][PASSED] - Verify response successfully

2020-02-14 09:53:45 - [MESSAGE][PASSED] - Send request and verify the response successfully

2020-02-14 09:53:45 - [TEST_STEP][PASSED] - setValueToCellByAddress(sheet01, "E" + mycount, variable): null

2020-02-14 09:53:45 - [TEST_STEP][PASSED] - saveWorkbook(excelFile01, workbook01): null]]></system-out>
         <system-err><![CDATA[]]></system-err>
      </testcase>
      <testcase name="Test Cases/Test_Beams_by_Zip_to_Excel" time="1.92" classname="Test Cases/Test_Beams_by_Zip_to_Excel" status="PASSED">
         <system-out><![CDATA[2020-02-14 09:53:45 - [TEST_CASE][PASSED] - Test Cases/Test_Beams_by_Zip_to_Excel: Test Cases/Test_Beams_by_Zip_to_Excel

2020-02-14 09:53:45 - [TEST_STEP][PASSED] - excelFile01 = "beams-test-results.xlsx": null

2020-02-14 09:53:45 - [TEST_STEP][PASSED] - ExpectedListSheetFile1 = ["Sheet1"]: null

2020-02-14 09:53:45 - [TEST_STEP][PASSED] - workbookFile01 = getWorkbook(excelFile01): null

2020-02-14 09:53:45 - [TEST_STEP][PASSED] - workbook01 = getWorkbook(excelFile01): null

2020-02-14 09:53:45 - [TEST_STEP][PASSED] - sheet01 = getExcelSheet(workbook01, "Sheet1"): null

2020-02-14 09:53:45 - [TEST_STEP][PASSED] - setValueToCellByAddress(sheet01, "A1", "TEST"): null

2020-02-14 09:53:45 - [TEST_STEP][PASSED] - setValueToCellByAddress(sheet01, "B1", "BEAM"): null

2020-02-14 09:53:45 - [TEST_STEP][PASSED] - setValueToCellByAddress(sheet01, "C1", "UFF"): null

2020-02-14 09:53:45 - [TEST_STEP][PASSED] - setValueToCellByAddress(sheet01, "D1", "PLAN"): null

2020-02-14 09:53:45 - [TEST_STEP][PASSED] - setValueToCellByAddress(sheet01, "E1", "API PLAN"): null

2020-02-14 09:53:45 - [TEST_STEP][PASSED] - mybeam = mybeam: null

2020-02-14 09:53:45 - [TEST_STEP][PASSED] - myuff = myuff: null

2020-02-14 09:53:45 - [TEST_STEP][PASSED] - myplan = myplan: null

2020-02-14 09:53:45 - [TEST_STEP][PASSED] - log = new com.kms.katalon.core.logging.KeywordLogger(): null

2020-02-14 09:53:45 - [TEST_STEP][PASSED] - log.logWarning("beam " + mybeam + " zip " + myzip + " upfront fees " + myuff + " plan " + myplan): beam 701 zip 95110 upfront fees 0 plan VS2 Best Offer B

2020-02-14 09:53:45 - [MESSAGE][WARNING] - beam 701 zip 95110 upfront fees 0 plan VS2 Best Offer B

2020-02-14 09:53:45 - [TEST_STEP][PASSED] - setValueToCellByAddress(sheet01, "B" + mycount, beamFail): null

2020-02-14 09:53:45 - [TEST_STEP][PASSED] - setValueToCellByAddress(sheet01, "C" + mycount, uffFail): null

2020-02-14 09:53:45 - [TEST_STEP][PASSED] - mycount = mycount + 1: null

2020-02-14 09:53:45 - [TEST_STEP][PASSED] - setValueToCellByAddress(sheet01, "A" + mycount, "beam " + mybeam + " zip " + myzip + " upfront fees " + myuff + " plan " + myplan): null

2020-02-14 09:53:45 - [TEST_STEP][PASSED] - setValueToCellByAddress(sheet01, "D" + mycount, myplan): null

2020-02-14 09:53:45 - [TEST_STEP][PASSED] - sendRequestAndVerify(findTestObject("Exede_Zip", ["myzip":myzip])): Send request and verify the response successfully

2020-02-14 09:53:46 - [MESSAGE][INFO] - HAR: /Users/jhampleman/jenkins-beam-tests-master/Reports/20200214_095028/RUN_Exede_Zip_Test/20200214_095028/requests/main/88.har

2020-02-14 09:53:47 - [TEST_CASE][PASSED] - Start Test Case : Verification: Verification accomplished successfully

2020-02-14 09:53:47 - [TEST_STEP][PASSED] - request = getInstance().getCurrentRequest(): null

2020-02-14 09:53:47 - [TEST_STEP][PASSED] - response = getInstance().getCurrentResponse(): null

2020-02-14 09:53:47 - [TEST_STEP][PASSED] - if (!(verifyElementPropertyValue(response, "data.beam", mybeam))): Verify element property value successfully

2020-02-14 09:53:47 - [MESSAGE][PASSED] - Verify element property value successfully

2020-02-14 09:53:47 - [TEST_STEP][PASSED] - else: null

2020-02-14 09:53:47 - [TEST_STEP][PASSED] - beamFail = "P": null

2020-02-14 09:53:47 - [TEST_STEP][PASSED] - if (!(verifyElementPropertyValue(response, "data.product.down", myuff))): Verify element property value successfully

2020-02-14 09:53:47 - [MESSAGE][PASSED] - Verify element property value successfully

2020-02-14 09:53:47 - [TEST_STEP][PASSED] - else: null

2020-02-14 09:53:47 - [TEST_STEP][PASSED] - uffFail = "P": null

2020-02-14 09:53:47 - [TEST_STEP][PASSED] - jsonSlurper = new groovy.json.JsonSlurper(): null

2020-02-14 09:53:47 - [TEST_STEP][PASSED] - object = jsonSlurper.parseText(response.getResponseText()): null

2020-02-14 09:53:47 - [TEST_STEP][PASSED] - println(object): null

2020-02-14 09:53:47 - [TEST_STEP][PASSED] - mytest = plans: null

2020-02-14 09:53:47 - [TEST_STEP][PASSED] - variable = mytest: null

2020-02-14 09:53:47 - [MESSAGE][PASSED] - Verify response successfully

2020-02-14 09:53:47 - [MESSAGE][PASSED] - Send request and verify the response successfully

2020-02-14 09:53:47 - [TEST_STEP][PASSED] - setValueToCellByAddress(sheet01, "E" + mycount, variable): null

2020-02-14 09:53:47 - [TEST_STEP][PASSED] - saveWorkbook(excelFile01, workbook01): null]]></system-out>
         <system-err><![CDATA[]]></system-err>
      </testcase>
      <testcase name="Test Cases/Test_Beams_by_Zip_to_Excel" time="2.006" classname="Test Cases/Test_Beams_by_Zip_to_Excel" status="PASSED">
         <system-out><![CDATA[2020-02-14 09:53:47 - [TEST_CASE][PASSED] - Test Cases/Test_Beams_by_Zip_to_Excel: Test Cases/Test_Beams_by_Zip_to_Excel

2020-02-14 09:53:47 - [TEST_STEP][PASSED] - excelFile01 = "beams-test-results.xlsx": null

2020-02-14 09:53:47 - [TEST_STEP][PASSED] - ExpectedListSheetFile1 = ["Sheet1"]: null

2020-02-14 09:53:47 - [TEST_STEP][PASSED] - workbookFile01 = getWorkbook(excelFile01): null

2020-02-14 09:53:47 - [TEST_STEP][PASSED] - workbook01 = getWorkbook(excelFile01): null

2020-02-14 09:53:47 - [TEST_STEP][PASSED] - sheet01 = getExcelSheet(workbook01, "Sheet1"): null

2020-02-14 09:53:47 - [TEST_STEP][PASSED] - setValueToCellByAddress(sheet01, "A1", "TEST"): null

2020-02-14 09:53:47 - [TEST_STEP][PASSED] - setValueToCellByAddress(sheet01, "B1", "BEAM"): null

2020-02-14 09:53:47 - [TEST_STEP][PASSED] - setValueToCellByAddress(sheet01, "C1", "UFF"): null

2020-02-14 09:53:47 - [TEST_STEP][PASSED] - setValueToCellByAddress(sheet01, "D1", "PLAN"): null

2020-02-14 09:53:47 - [TEST_STEP][PASSED] - setValueToCellByAddress(sheet01, "E1", "API PLAN"): null

2020-02-14 09:53:47 - [TEST_STEP][PASSED] - mybeam = mybeam: null

2020-02-14 09:53:47 - [TEST_STEP][PASSED] - myuff = myuff: null

2020-02-14 09:53:47 - [TEST_STEP][PASSED] - myplan = myplan: null

2020-02-14 09:53:47 - [TEST_STEP][PASSED] - log = new com.kms.katalon.core.logging.KeywordLogger(): null

2020-02-14 09:53:47 - [TEST_STEP][PASSED] - log.logWarning("beam " + mybeam + " zip " + myzip + " upfront fees " + myuff + " plan " + myplan): beam 702 zip 91935 upfront fees 0 plan VS2 Best Offer B

2020-02-14 09:53:47 - [MESSAGE][WARNING] - beam 702 zip 91935 upfront fees 0 plan VS2 Best Offer B

2020-02-14 09:53:47 - [TEST_STEP][PASSED] - setValueToCellByAddress(sheet01, "B" + mycount, beamFail): null

2020-02-14 09:53:47 - [TEST_STEP][PASSED] - setValueToCellByAddress(sheet01, "C" + mycount, uffFail): null

2020-02-14 09:53:47 - [TEST_STEP][PASSED] - mycount = mycount + 1: null

2020-02-14 09:53:47 - [TEST_STEP][PASSED] - setValueToCellByAddress(sheet01, "A" + mycount, "beam " + mybeam + " zip " + myzip + " upfront fees " + myuff + " plan " + myplan): null

2020-02-14 09:53:47 - [TEST_STEP][PASSED] - setValueToCellByAddress(sheet01, "D" + mycount, myplan): null

2020-02-14 09:53:47 - [TEST_STEP][PASSED] - sendRequestAndVerify(findTestObject("Exede_Zip", ["myzip":myzip])): Send request and verify the response successfully

2020-02-14 09:53:48 - [MESSAGE][INFO] - HAR: /Users/jhampleman/jenkins-beam-tests-master/Reports/20200214_095028/RUN_Exede_Zip_Test/20200214_095028/requests/main/89.har

2020-02-14 09:53:49 - [TEST_CASE][PASSED] - Start Test Case : Verification: Verification accomplished successfully

2020-02-14 09:53:49 - [TEST_STEP][PASSED] - request = getInstance().getCurrentRequest(): null

2020-02-14 09:53:49 - [TEST_STEP][PASSED] - response = getInstance().getCurrentResponse(): null

2020-02-14 09:53:49 - [TEST_STEP][PASSED] - if (!(verifyElementPropertyValue(response, "data.beam", mybeam))): Verify element property value successfully

2020-02-14 09:53:49 - [MESSAGE][PASSED] - Verify element property value successfully

2020-02-14 09:53:49 - [TEST_STEP][PASSED] - else: null

2020-02-14 09:53:49 - [TEST_STEP][PASSED] - beamFail = "P": null

2020-02-14 09:53:49 - [TEST_STEP][PASSED] - if (!(verifyElementPropertyValue(response, "data.product.down", myuff))): Verify element property value successfully

2020-02-14 09:53:49 - [MESSAGE][PASSED] - Verify element property value successfully

2020-02-14 09:53:49 - [TEST_STEP][PASSED] - else: null

2020-02-14 09:53:49 - [TEST_STEP][PASSED] - uffFail = "P": null

2020-02-14 09:53:49 - [TEST_STEP][PASSED] - jsonSlurper = new groovy.json.JsonSlurper(): null

2020-02-14 09:53:49 - [TEST_STEP][PASSED] - object = jsonSlurper.parseText(response.getResponseText()): null

2020-02-14 09:53:49 - [TEST_STEP][PASSED] - println(object): null

2020-02-14 09:53:49 - [TEST_STEP][PASSED] - mytest = plans: null

2020-02-14 09:53:49 - [TEST_STEP][PASSED] - variable = mytest: null

2020-02-14 09:53:49 - [MESSAGE][PASSED] - Verify response successfully

2020-02-14 09:53:49 - [MESSAGE][PASSED] - Send request and verify the response successfully

2020-02-14 09:53:49 - [TEST_STEP][PASSED] - setValueToCellByAddress(sheet01, "E" + mycount, variable): null

2020-02-14 09:53:49 - [TEST_STEP][PASSED] - saveWorkbook(excelFile01, workbook01): null]]></system-out>
         <system-err><![CDATA[]]></system-err>
      </testcase>
      <testcase name="Test Cases/Test_Beams_by_Zip_to_Excel" time="1.868" classname="Test Cases/Test_Beams_by_Zip_to_Excel" status="PASSED">
         <system-out><![CDATA[2020-02-14 09:53:49 - [TEST_CASE][PASSED] - Test Cases/Test_Beams_by_Zip_to_Excel: Test Cases/Test_Beams_by_Zip_to_Excel

2020-02-14 09:53:49 - [TEST_STEP][PASSED] - excelFile01 = "beams-test-results.xlsx": null

2020-02-14 09:53:49 - [TEST_STEP][PASSED] - ExpectedListSheetFile1 = ["Sheet1"]: null

2020-02-14 09:53:49 - [TEST_STEP][PASSED] - workbookFile01 = getWorkbook(excelFile01): null

2020-02-14 09:53:49 - [TEST_STEP][PASSED] - workbook01 = getWorkbook(excelFile01): null

2020-02-14 09:53:49 - [TEST_STEP][PASSED] - sheet01 = getExcelSheet(workbook01, "Sheet1"): null

2020-02-14 09:53:49 - [TEST_STEP][PASSED] - setValueToCellByAddress(sheet01, "A1", "TEST"): null

2020-02-14 09:53:49 - [TEST_STEP][PASSED] - setValueToCellByAddress(sheet01, "B1", "BEAM"): null

2020-02-14 09:53:49 - [TEST_STEP][PASSED] - setValueToCellByAddress(sheet01, "C1", "UFF"): null

2020-02-14 09:53:49 - [TEST_STEP][PASSED] - setValueToCellByAddress(sheet01, "D1", "PLAN"): null

2020-02-14 09:53:49 - [TEST_STEP][PASSED] - setValueToCellByAddress(sheet01, "E1", "API PLAN"): null

2020-02-14 09:53:49 - [TEST_STEP][PASSED] - mybeam = mybeam: null

2020-02-14 09:53:49 - [TEST_STEP][PASSED] - myuff = myuff: null

2020-02-14 09:53:49 - [TEST_STEP][PASSED] - myplan = myplan: null

2020-02-14 09:53:49 - [TEST_STEP][PASSED] - log = new com.kms.katalon.core.logging.KeywordLogger(): null

2020-02-14 09:53:49 - [TEST_STEP][PASSED] - log.logWarning("beam " + mybeam + " zip " + myzip + " upfront fees " + myuff + " plan " + myplan): beam 703 zip 89523 upfront fees 0 plan VS2 Best Offer B

2020-02-14 09:53:49 - [MESSAGE][WARNING] - beam 703 zip 89523 upfront fees 0 plan VS2 Best Offer B

2020-02-14 09:53:49 - [TEST_STEP][PASSED] - setValueToCellByAddress(sheet01, "B" + mycount, beamFail): null

2020-02-14 09:53:49 - [TEST_STEP][PASSED] - setValueToCellByAddress(sheet01, "C" + mycount, uffFail): null

2020-02-14 09:53:49 - [TEST_STEP][PASSED] - mycount = mycount + 1: null

2020-02-14 09:53:49 - [TEST_STEP][PASSED] - setValueToCellByAddress(sheet01, "A" + mycount, "beam " + mybeam + " zip " + myzip + " upfront fees " + myuff + " plan " + myplan): null

2020-02-14 09:53:49 - [TEST_STEP][PASSED] - setValueToCellByAddress(sheet01, "D" + mycount, myplan): null

2020-02-14 09:53:49 - [TEST_STEP][PASSED] - sendRequestAndVerify(findTestObject("Exede_Zip", ["myzip":myzip])): Send request and verify the response successfully

2020-02-14 09:53:50 - [MESSAGE][INFO] - HAR: /Users/jhampleman/jenkins-beam-tests-master/Reports/20200214_095028/RUN_Exede_Zip_Test/20200214_095028/requests/main/90.har

2020-02-14 09:53:50 - [TEST_CASE][PASSED] - Start Test Case : Verification: Verification accomplished successfully

2020-02-14 09:53:50 - [TEST_STEP][PASSED] - request = getInstance().getCurrentRequest(): null

2020-02-14 09:53:50 - [TEST_STEP][PASSED] - response = getInstance().getCurrentResponse(): null

2020-02-14 09:53:50 - [TEST_STEP][PASSED] - if (!(verifyElementPropertyValue(response, "data.beam", mybeam))): Verify element property value successfully

2020-02-14 09:53:50 - [MESSAGE][PASSED] - Verify element property value successfully

2020-02-14 09:53:50 - [TEST_STEP][PASSED] - else: null

2020-02-14 09:53:50 - [TEST_STEP][PASSED] - beamFail = "P": null

2020-02-14 09:53:50 - [TEST_STEP][PASSED] - if (!(verifyElementPropertyValue(response, "data.product.down", myuff))): Verify element property value successfully

2020-02-14 09:53:50 - [MESSAGE][PASSED] - Verify element property value successfully

2020-02-14 09:53:50 - [TEST_STEP][PASSED] - else: null

2020-02-14 09:53:50 - [TEST_STEP][PASSED] - uffFail = "P": null

2020-02-14 09:53:50 - [TEST_STEP][PASSED] - jsonSlurper = new groovy.json.JsonSlurper(): null

2020-02-14 09:53:50 - [TEST_STEP][PASSED] - object = jsonSlurper.parseText(response.getResponseText()): null

2020-02-14 09:53:50 - [TEST_STEP][PASSED] - println(object): null

2020-02-14 09:53:50 - [TEST_STEP][PASSED] - mytest = plans: null

2020-02-14 09:53:50 - [TEST_STEP][PASSED] - variable = mytest: null

2020-02-14 09:53:50 - [MESSAGE][PASSED] - Verify response successfully

2020-02-14 09:53:50 - [MESSAGE][PASSED] - Send request and verify the response successfully

2020-02-14 09:53:50 - [TEST_STEP][PASSED] - setValueToCellByAddress(sheet01, "E" + mycount, variable): null

2020-02-14 09:53:50 - [TEST_STEP][PASSED] - saveWorkbook(excelFile01, workbook01): null]]></system-out>
         <system-err><![CDATA[]]></system-err>
      </testcase>
      <testcase name="Test Cases/Test_Beams_by_Zip_to_Excel" time="1.909" classname="Test Cases/Test_Beams_by_Zip_to_Excel" status="PASSED">
         <system-out><![CDATA[2020-02-14 09:53:51 - [TEST_CASE][PASSED] - Test Cases/Test_Beams_by_Zip_to_Excel: Test Cases/Test_Beams_by_Zip_to_Excel

2020-02-14 09:53:51 - [TEST_STEP][PASSED] - excelFile01 = "beams-test-results.xlsx": null

2020-02-14 09:53:51 - [TEST_STEP][PASSED] - ExpectedListSheetFile1 = ["Sheet1"]: null

2020-02-14 09:53:51 - [TEST_STEP][PASSED] - workbookFile01 = getWorkbook(excelFile01): null

2020-02-14 09:53:51 - [TEST_STEP][PASSED] - workbook01 = getWorkbook(excelFile01): null

2020-02-14 09:53:51 - [TEST_STEP][PASSED] - sheet01 = getExcelSheet(workbook01, "Sheet1"): null

2020-02-14 09:53:51 - [TEST_STEP][PASSED] - setValueToCellByAddress(sheet01, "A1", "TEST"): null

2020-02-14 09:53:51 - [TEST_STEP][PASSED] - setValueToCellByAddress(sheet01, "B1", "BEAM"): null

2020-02-14 09:53:51 - [TEST_STEP][PASSED] - setValueToCellByAddress(sheet01, "C1", "UFF"): null

2020-02-14 09:53:51 - [TEST_STEP][PASSED] - setValueToCellByAddress(sheet01, "D1", "PLAN"): null

2020-02-14 09:53:51 - [TEST_STEP][PASSED] - setValueToCellByAddress(sheet01, "E1", "API PLAN"): null

2020-02-14 09:53:51 - [TEST_STEP][PASSED] - mybeam = mybeam: null

2020-02-14 09:53:51 - [TEST_STEP][PASSED] - myuff = myuff: null

2020-02-14 09:53:51 - [TEST_STEP][PASSED] - myplan = myplan: null

2020-02-14 09:53:51 - [TEST_STEP][PASSED] - log = new com.kms.katalon.core.logging.KeywordLogger(): null

2020-02-14 09:53:51 - [TEST_STEP][PASSED] - log.logWarning("beam " + mybeam + " zip " + myzip + " upfront fees " + myuff + " plan " + myplan): beam 704 zip 89019 upfront fees 0 plan VS2 Best Offer A

2020-02-14 09:53:51 - [MESSAGE][WARNING] - beam 704 zip 89019 upfront fees 0 plan VS2 Best Offer A

2020-02-14 09:53:51 - [TEST_STEP][PASSED] - setValueToCellByAddress(sheet01, "B" + mycount, beamFail): null

2020-02-14 09:53:51 - [TEST_STEP][PASSED] - setValueToCellByAddress(sheet01, "C" + mycount, uffFail): null

2020-02-14 09:53:51 - [TEST_STEP][PASSED] - mycount = mycount + 1: null

2020-02-14 09:53:51 - [TEST_STEP][PASSED] - setValueToCellByAddress(sheet01, "A" + mycount, "beam " + mybeam + " zip " + myzip + " upfront fees " + myuff + " plan " + myplan): null

2020-02-14 09:53:51 - [TEST_STEP][PASSED] - setValueToCellByAddress(sheet01, "D" + mycount, myplan): null

2020-02-14 09:53:51 - [TEST_STEP][PASSED] - sendRequestAndVerify(findTestObject("Exede_Zip", ["myzip":myzip])): Send request and verify the response successfully

2020-02-14 09:53:52 - [MESSAGE][INFO] - HAR: /Users/jhampleman/jenkins-beam-tests-master/Reports/20200214_095028/RUN_Exede_Zip_Test/20200214_095028/requests/main/91.har

2020-02-14 09:53:52 - [TEST_CASE][PASSED] - Start Test Case : Verification: Verification accomplished successfully

2020-02-14 09:53:52 - [TEST_STEP][PASSED] - request = getInstance().getCurrentRequest(): null

2020-02-14 09:53:52 - [TEST_STEP][PASSED] - response = getInstance().getCurrentResponse(): null

2020-02-14 09:53:52 - [TEST_STEP][PASSED] - if (!(verifyElementPropertyValue(response, "data.beam", mybeam))): Verify element property value successfully

2020-02-14 09:53:52 - [MESSAGE][PASSED] - Verify element property value successfully

2020-02-14 09:53:52 - [TEST_STEP][PASSED] - else: null

2020-02-14 09:53:52 - [TEST_STEP][PASSED] - beamFail = "P": null

2020-02-14 09:53:52 - [TEST_STEP][PASSED] - if (!(verifyElementPropertyValue(response, "data.product.down", myuff))): Verify element property value successfully

2020-02-14 09:53:52 - [MESSAGE][PASSED] - Verify element property value successfully

2020-02-14 09:53:52 - [TEST_STEP][PASSED] - else: null

2020-02-14 09:53:52 - [TEST_STEP][PASSED] - uffFail = "P": null

2020-02-14 09:53:52 - [TEST_STEP][PASSED] - jsonSlurper = new groovy.json.JsonSlurper(): null

2020-02-14 09:53:52 - [TEST_STEP][PASSED] - object = jsonSlurper.parseText(response.getResponseText()): null

2020-02-14 09:53:52 - [TEST_STEP][PASSED] - println(object): null

2020-02-14 09:53:52 - [TEST_STEP][PASSED] - mytest = plans: null

2020-02-14 09:53:52 - [TEST_STEP][PASSED] - variable = mytest: null

2020-02-14 09:53:52 - [MESSAGE][PASSED] - Verify response successfully

2020-02-14 09:53:52 - [MESSAGE][PASSED] - Send request and verify the response successfully

2020-02-14 09:53:52 - [TEST_STEP][PASSED] - setValueToCellByAddress(sheet01, "E" + mycount, variable): null

2020-02-14 09:53:52 - [TEST_STEP][PASSED] - saveWorkbook(excelFile01, workbook01): null]]></system-out>
         <system-err><![CDATA[]]></system-err>
      </testcase>
      <testcase name="Test Cases/Test_Beams_by_Zip_to_Excel" time="2.033" classname="Test Cases/Test_Beams_by_Zip_to_Excel" status="PASSED">
         <system-out><![CDATA[2020-02-14 09:53:52 - [TEST_CASE][PASSED] - Test Cases/Test_Beams_by_Zip_to_Excel: Test Cases/Test_Beams_by_Zip_to_Excel

2020-02-14 09:53:52 - [TEST_STEP][PASSED] - excelFile01 = "beams-test-results.xlsx": null

2020-02-14 09:53:52 - [TEST_STEP][PASSED] - ExpectedListSheetFile1 = ["Sheet1"]: null

2020-02-14 09:53:52 - [TEST_STEP][PASSED] - workbookFile01 = getWorkbook(excelFile01): null

2020-02-14 09:53:52 - [TEST_STEP][PASSED] - workbook01 = getWorkbook(excelFile01): null

2020-02-14 09:53:53 - [TEST_STEP][PASSED] - sheet01 = getExcelSheet(workbook01, "Sheet1"): null

2020-02-14 09:53:53 - [TEST_STEP][PASSED] - setValueToCellByAddress(sheet01, "A1", "TEST"): null

2020-02-14 09:53:53 - [TEST_STEP][PASSED] - setValueToCellByAddress(sheet01, "B1", "BEAM"): null

2020-02-14 09:53:53 - [TEST_STEP][PASSED] - setValueToCellByAddress(sheet01, "C1", "UFF"): null

2020-02-14 09:53:53 - [TEST_STEP][PASSED] - setValueToCellByAddress(sheet01, "D1", "PLAN"): null

2020-02-14 09:53:53 - [TEST_STEP][PASSED] - setValueToCellByAddress(sheet01, "E1", "API PLAN"): null

2020-02-14 09:53:53 - [TEST_STEP][PASSED] - mybeam = mybeam: null

2020-02-14 09:53:53 - [TEST_STEP][PASSED] - myuff = myuff: null

2020-02-14 09:53:53 - [TEST_STEP][PASSED] - myplan = myplan: null

2020-02-14 09:53:53 - [TEST_STEP][PASSED] - log = new com.kms.katalon.core.logging.KeywordLogger(): null

2020-02-14 09:53:53 - [TEST_STEP][PASSED] - log.logWarning("beam " + mybeam + " zip " + myzip + " upfront fees " + myuff + " plan " + myplan): beam 705 zip 85145 upfront fees 0 plan VS2 Best Offer A

2020-02-14 09:53:53 - [MESSAGE][WARNING] - beam 705 zip 85145 upfront fees 0 plan VS2 Best Offer A

2020-02-14 09:53:53 - [TEST_STEP][PASSED] - setValueToCellByAddress(sheet01, "B" + mycount, beamFail): null

2020-02-14 09:53:53 - [TEST_STEP][PASSED] - setValueToCellByAddress(sheet01, "C" + mycount, uffFail): null

2020-02-14 09:53:53 - [TEST_STEP][PASSED] - mycount = mycount + 1: null

2020-02-14 09:53:53 - [TEST_STEP][PASSED] - setValueToCellByAddress(sheet01, "A" + mycount, "beam " + mybeam + " zip " + myzip + " upfront fees " + myuff + " plan " + myplan): null

2020-02-14 09:53:53 - [TEST_STEP][PASSED] - setValueToCellByAddress(sheet01, "D" + mycount, myplan): null

2020-02-14 09:53:53 - [TEST_STEP][PASSED] - sendRequestAndVerify(findTestObject("Exede_Zip", ["myzip":myzip])): Send request and verify the response successfully

2020-02-14 09:53:54 - [MESSAGE][INFO] - HAR: /Users/jhampleman/jenkins-beam-tests-master/Reports/20200214_095028/RUN_Exede_Zip_Test/20200214_095028/requests/main/92.har

2020-02-14 09:53:54 - [TEST_CASE][PASSED] - Start Test Case : Verification: Verification accomplished successfully

2020-02-14 09:53:54 - [TEST_STEP][PASSED] - request = getInstance().getCurrentRequest(): null

2020-02-14 09:53:54 - [TEST_STEP][PASSED] - response = getInstance().getCurrentResponse(): null

2020-02-14 09:53:54 - [TEST_STEP][PASSED] - if (!(verifyElementPropertyValue(response, "data.beam", mybeam))): Verify element property value successfully

2020-02-14 09:53:54 - [MESSAGE][PASSED] - Verify element property value successfully

2020-02-14 09:53:54 - [TEST_STEP][PASSED] - else: null

2020-02-14 09:53:54 - [TEST_STEP][PASSED] - beamFail = "P": null

2020-02-14 09:53:54 - [TEST_STEP][PASSED] - if (!(verifyElementPropertyValue(response, "data.product.down", myuff))): Verify element property value successfully

2020-02-14 09:53:54 - [MESSAGE][PASSED] - Verify element property value successfully

2020-02-14 09:53:54 - [TEST_STEP][PASSED] - else: null

2020-02-14 09:53:54 - [TEST_STEP][PASSED] - uffFail = "P": null

2020-02-14 09:53:54 - [TEST_STEP][PASSED] - jsonSlurper = new groovy.json.JsonSlurper(): null

2020-02-14 09:53:54 - [TEST_STEP][PASSED] - object = jsonSlurper.parseText(response.getResponseText()): null

2020-02-14 09:53:54 - [TEST_STEP][PASSED] - println(object): null

2020-02-14 09:53:54 - [TEST_STEP][PASSED] - mytest = plans: null

2020-02-14 09:53:54 - [TEST_STEP][PASSED] - variable = mytest: null

2020-02-14 09:53:54 - [MESSAGE][PASSED] - Verify response successfully

2020-02-14 09:53:54 - [MESSAGE][PASSED] - Send request and verify the response successfully

2020-02-14 09:53:54 - [TEST_STEP][PASSED] - setValueToCellByAddress(sheet01, "E" + mycount, variable): null

2020-02-14 09:53:54 - [TEST_STEP][PASSED] - saveWorkbook(excelFile01, workbook01): null]]></system-out>
         <system-err><![CDATA[]]></system-err>
      </testcase>
      <testcase name="Test Cases/Test_Beams_by_Zip_to_Excel" time="1.845" classname="Test Cases/Test_Beams_by_Zip_to_Excel" status="PASSED">
         <system-out><![CDATA[2020-02-14 09:53:54 - [TEST_CASE][PASSED] - Test Cases/Test_Beams_by_Zip_to_Excel: Test Cases/Test_Beams_by_Zip_to_Excel

2020-02-14 09:53:55 - [TEST_STEP][PASSED] - excelFile01 = "beams-test-results.xlsx": null

2020-02-14 09:53:55 - [TEST_STEP][PASSED] - ExpectedListSheetFile1 = ["Sheet1"]: null

2020-02-14 09:53:55 - [TEST_STEP][PASSED] - workbookFile01 = getWorkbook(excelFile01): null

2020-02-14 09:53:55 - [TEST_STEP][PASSED] - workbook01 = getWorkbook(excelFile01): null

2020-02-14 09:53:55 - [TEST_STEP][PASSED] - sheet01 = getExcelSheet(workbook01, "Sheet1"): null

2020-02-14 09:53:55 - [TEST_STEP][PASSED] - setValueToCellByAddress(sheet01, "A1", "TEST"): null

2020-02-14 09:53:55 - [TEST_STEP][PASSED] - setValueToCellByAddress(sheet01, "B1", "BEAM"): null

2020-02-14 09:53:55 - [TEST_STEP][PASSED] - setValueToCellByAddress(sheet01, "C1", "UFF"): null

2020-02-14 09:53:55 - [TEST_STEP][PASSED] - setValueToCellByAddress(sheet01, "D1", "PLAN"): null

2020-02-14 09:53:55 - [TEST_STEP][PASSED] - setValueToCellByAddress(sheet01, "E1", "API PLAN"): null

2020-02-14 09:53:55 - [TEST_STEP][PASSED] - mybeam = mybeam: null

2020-02-14 09:53:55 - [TEST_STEP][PASSED] - myuff = myuff: null

2020-02-14 09:53:55 - [TEST_STEP][PASSED] - myplan = myplan: null

2020-02-14 09:53:55 - [TEST_STEP][PASSED] - log = new com.kms.katalon.core.logging.KeywordLogger(): null

2020-02-14 09:53:55 - [TEST_STEP][PASSED] - log.logWarning("beam " + mybeam + " zip " + myzip + " upfront fees " + myuff + " plan " + myplan): beam 706 zip 97045 upfront fees 0 plan VS2 Best Offer B

2020-02-14 09:53:55 - [MESSAGE][WARNING] - beam 706 zip 97045 upfront fees 0 plan VS2 Best Offer B

2020-02-14 09:53:55 - [TEST_STEP][PASSED] - setValueToCellByAddress(sheet01, "B" + mycount, beamFail): null

2020-02-14 09:53:55 - [TEST_STEP][PASSED] - setValueToCellByAddress(sheet01, "C" + mycount, uffFail): null

2020-02-14 09:53:55 - [TEST_STEP][PASSED] - mycount = mycount + 1: null

2020-02-14 09:53:55 - [TEST_STEP][PASSED] - setValueToCellByAddress(sheet01, "A" + mycount, "beam " + mybeam + " zip " + myzip + " upfront fees " + myuff + " plan " + myplan): null

2020-02-14 09:53:55 - [TEST_STEP][PASSED] - setValueToCellByAddress(sheet01, "D" + mycount, myplan): null

2020-02-14 09:53:55 - [TEST_STEP][PASSED] - sendRequestAndVerify(findTestObject("Exede_Zip", ["myzip":myzip])): Send request and verify the response successfully

2020-02-14 09:53:56 - [MESSAGE][INFO] - HAR: /Users/jhampleman/jenkins-beam-tests-master/Reports/20200214_095028/RUN_Exede_Zip_Test/20200214_095028/requests/main/93.har

2020-02-14 09:53:56 - [TEST_CASE][PASSED] - Start Test Case : Verification: Verification accomplished successfully

2020-02-14 09:53:56 - [TEST_STEP][PASSED] - request = getInstance().getCurrentRequest(): null

2020-02-14 09:53:56 - [TEST_STEP][PASSED] - response = getInstance().getCurrentResponse(): null

2020-02-14 09:53:56 - [TEST_STEP][PASSED] - if (!(verifyElementPropertyValue(response, "data.beam", mybeam))): Verify element property value successfully

2020-02-14 09:53:56 - [MESSAGE][PASSED] - Verify element property value successfully

2020-02-14 09:53:56 - [TEST_STEP][PASSED] - else: null

2020-02-14 09:53:56 - [TEST_STEP][PASSED] - beamFail = "P": null

2020-02-14 09:53:56 - [TEST_STEP][PASSED] - if (!(verifyElementPropertyValue(response, "data.product.down", myuff))): Verify element property value successfully

2020-02-14 09:53:56 - [MESSAGE][PASSED] - Verify element property value successfully

2020-02-14 09:53:56 - [TEST_STEP][PASSED] - else: null

2020-02-14 09:53:56 - [TEST_STEP][PASSED] - uffFail = "P": null

2020-02-14 09:53:56 - [TEST_STEP][PASSED] - jsonSlurper = new groovy.json.JsonSlurper(): null

2020-02-14 09:53:56 - [TEST_STEP][PASSED] - object = jsonSlurper.parseText(response.getResponseText()): null

2020-02-14 09:53:56 - [TEST_STEP][PASSED] - println(object): null

2020-02-14 09:53:56 - [TEST_STEP][PASSED] - mytest = plans: null

2020-02-14 09:53:56 - [TEST_STEP][PASSED] - variable = mytest: null

2020-02-14 09:53:56 - [MESSAGE][PASSED] - Verify response successfully

2020-02-14 09:53:56 - [MESSAGE][PASSED] - Send request and verify the response successfully

2020-02-14 09:53:56 - [TEST_STEP][PASSED] - setValueToCellByAddress(sheet01, "E" + mycount, variable): null

2020-02-14 09:53:56 - [TEST_STEP][PASSED] - saveWorkbook(excelFile01, workbook01): null]]></system-out>
         <system-err><![CDATA[]]></system-err>
      </testcase>
      <testcase name="Test Cases/Test_Beams_by_Zip_to_Excel" time="2.01" classname="Test Cases/Test_Beams_by_Zip_to_Excel" status="PASSED">
         <system-out><![CDATA[2020-02-14 09:53:56 - [TEST_CASE][PASSED] - Test Cases/Test_Beams_by_Zip_to_Excel: Test Cases/Test_Beams_by_Zip_to_Excel

2020-02-14 09:53:56 - [TEST_STEP][PASSED] - excelFile01 = "beams-test-results.xlsx": null

2020-02-14 09:53:56 - [TEST_STEP][PASSED] - ExpectedListSheetFile1 = ["Sheet1"]: null

2020-02-14 09:53:56 - [TEST_STEP][PASSED] - workbookFile01 = getWorkbook(excelFile01): null

2020-02-14 09:53:56 - [TEST_STEP][PASSED] - workbook01 = getWorkbook(excelFile01): null

2020-02-14 09:53:56 - [TEST_STEP][PASSED] - sheet01 = getExcelSheet(workbook01, "Sheet1"): null

2020-02-14 09:53:56 - [TEST_STEP][PASSED] - setValueToCellByAddress(sheet01, "A1", "TEST"): null

2020-02-14 09:53:56 - [TEST_STEP][PASSED] - setValueToCellByAddress(sheet01, "B1", "BEAM"): null

2020-02-14 09:53:56 - [TEST_STEP][PASSED] - setValueToCellByAddress(sheet01, "C1", "UFF"): null

2020-02-14 09:53:56 - [TEST_STEP][PASSED] - setValueToCellByAddress(sheet01, "D1", "PLAN"): null

2020-02-14 09:53:56 - [TEST_STEP][PASSED] - setValueToCellByAddress(sheet01, "E1", "API PLAN"): null

2020-02-14 09:53:56 - [TEST_STEP][PASSED] - mybeam = mybeam: null

2020-02-14 09:53:56 - [TEST_STEP][PASSED] - myuff = myuff: null

2020-02-14 09:53:56 - [TEST_STEP][PASSED] - myplan = myplan: null

2020-02-14 09:53:56 - [TEST_STEP][PASSED] - log = new com.kms.katalon.core.logging.KeywordLogger(): null

2020-02-14 09:53:56 - [TEST_STEP][PASSED] - log.logWarning("beam " + mybeam + " zip " + myzip + " upfront fees " + myuff + " plan " + myplan): beam 707 zip 79838 upfront fees 0 plan VS2 Best Offer B

2020-02-14 09:53:56 - [MESSAGE][WARNING] - beam 707 zip 79838 upfront fees 0 plan VS2 Best Offer B

2020-02-14 09:53:56 - [TEST_STEP][PASSED] - setValueToCellByAddress(sheet01, "B" + mycount, beamFail): null

2020-02-14 09:53:56 - [TEST_STEP][PASSED] - setValueToCellByAddress(sheet01, "C" + mycount, uffFail): null

2020-02-14 09:53:56 - [TEST_STEP][PASSED] - mycount = mycount + 1: null

2020-02-14 09:53:56 - [TEST_STEP][PASSED] - setValueToCellByAddress(sheet01, "A" + mycount, "beam " + mybeam + " zip " + myzip + " upfront fees " + myuff + " plan " + myplan): null

2020-02-14 09:53:56 - [TEST_STEP][PASSED] - setValueToCellByAddress(sheet01, "D" + mycount, myplan): null

2020-02-14 09:53:56 - [TEST_STEP][PASSED] - sendRequestAndVerify(findTestObject("Exede_Zip", ["myzip":myzip])): Send request and verify the response successfully

2020-02-14 09:53:58 - [MESSAGE][INFO] - HAR: /Users/jhampleman/jenkins-beam-tests-master/Reports/20200214_095028/RUN_Exede_Zip_Test/20200214_095028/requests/main/94.har

2020-02-14 09:53:58 - [TEST_CASE][PASSED] - Start Test Case : Verification: Verification accomplished successfully

2020-02-14 09:53:58 - [TEST_STEP][PASSED] - request = getInstance().getCurrentRequest(): null

2020-02-14 09:53:58 - [TEST_STEP][PASSED] - response = getInstance().getCurrentResponse(): null

2020-02-14 09:53:58 - [TEST_STEP][PASSED] - if (!(verifyElementPropertyValue(response, "data.beam", mybeam))): Verify element property value successfully

2020-02-14 09:53:58 - [MESSAGE][PASSED] - Verify element property value successfully

2020-02-14 09:53:58 - [TEST_STEP][PASSED] - else: null

2020-02-14 09:53:58 - [TEST_STEP][PASSED] - beamFail = "P": null

2020-02-14 09:53:58 - [TEST_STEP][PASSED] - if (!(verifyElementPropertyValue(response, "data.product.down", myuff))): Verify element property value successfully

2020-02-14 09:53:58 - [MESSAGE][PASSED] - Verify element property value successfully

2020-02-14 09:53:58 - [TEST_STEP][PASSED] - else: null

2020-02-14 09:53:58 - [TEST_STEP][PASSED] - uffFail = "P": null

2020-02-14 09:53:58 - [TEST_STEP][PASSED] - jsonSlurper = new groovy.json.JsonSlurper(): null

2020-02-14 09:53:58 - [TEST_STEP][PASSED] - object = jsonSlurper.parseText(response.getResponseText()): null

2020-02-14 09:53:58 - [TEST_STEP][PASSED] - println(object): null

2020-02-14 09:53:58 - [TEST_STEP][PASSED] - mytest = plans: null

2020-02-14 09:53:58 - [TEST_STEP][PASSED] - variable = mytest: null

2020-02-14 09:53:58 - [MESSAGE][PASSED] - Verify response successfully

2020-02-14 09:53:58 - [MESSAGE][PASSED] - Send request and verify the response successfully

2020-02-14 09:53:58 - [TEST_STEP][PASSED] - setValueToCellByAddress(sheet01, "E" + mycount, variable): null

2020-02-14 09:53:58 - [TEST_STEP][PASSED] - saveWorkbook(excelFile01, workbook01): null]]></system-out>
         <system-err><![CDATA[]]></system-err>
      </testcase>
      <testcase name="Test Cases/Test_Beams_by_Zip_to_Excel" time="1.911" classname="Test Cases/Test_Beams_by_Zip_to_Excel" status="PASSED">
         <system-out><![CDATA[2020-02-14 09:53:58 - [TEST_CASE][PASSED] - Test Cases/Test_Beams_by_Zip_to_Excel: Test Cases/Test_Beams_by_Zip_to_Excel

2020-02-14 09:53:58 - [TEST_STEP][PASSED] - excelFile01 = "beams-test-results.xlsx": null

2020-02-14 09:53:58 - [TEST_STEP][PASSED] - ExpectedListSheetFile1 = ["Sheet1"]: null

2020-02-14 09:53:58 - [TEST_STEP][PASSED] - workbookFile01 = getWorkbook(excelFile01): null

2020-02-14 09:53:58 - [TEST_STEP][PASSED] - workbook01 = getWorkbook(excelFile01): null

2020-02-14 09:53:58 - [TEST_STEP][PASSED] - sheet01 = getExcelSheet(workbook01, "Sheet1"): null

2020-02-14 09:53:58 - [TEST_STEP][PASSED] - setValueToCellByAddress(sheet01, "A1", "TEST"): null

2020-02-14 09:53:58 - [TEST_STEP][PASSED] - setValueToCellByAddress(sheet01, "B1", "BEAM"): null

2020-02-14 09:53:58 - [TEST_STEP][PASSED] - setValueToCellByAddress(sheet01, "C1", "UFF"): null

2020-02-14 09:53:58 - [TEST_STEP][PASSED] - setValueToCellByAddress(sheet01, "D1", "PLAN"): null

2020-02-14 09:53:58 - [TEST_STEP][PASSED] - setValueToCellByAddress(sheet01, "E1", "API PLAN"): null

2020-02-14 09:53:58 - [TEST_STEP][PASSED] - mybeam = mybeam: null

2020-02-14 09:53:58 - [TEST_STEP][PASSED] - myuff = myuff: null

2020-02-14 09:53:58 - [TEST_STEP][PASSED] - myplan = myplan: null

2020-02-14 09:53:58 - [TEST_STEP][PASSED] - log = new com.kms.katalon.core.logging.KeywordLogger(): null

2020-02-14 09:53:58 - [TEST_STEP][PASSED] - log.logWarning("beam " + mybeam + " zip " + myzip + " upfront fees " + myuff + " plan " + myplan): beam 708 zip 84017 upfront fees 0 plan VS2 Best Offer B

2020-02-14 09:53:58 - [MESSAGE][WARNING] - beam 708 zip 84017 upfront fees 0 plan VS2 Best Offer B

2020-02-14 09:53:58 - [TEST_STEP][PASSED] - setValueToCellByAddress(sheet01, "B" + mycount, beamFail): null

2020-02-14 09:53:58 - [TEST_STEP][PASSED] - setValueToCellByAddress(sheet01, "C" + mycount, uffFail): null

2020-02-14 09:53:58 - [TEST_STEP][PASSED] - mycount = mycount + 1: null

2020-02-14 09:53:58 - [TEST_STEP][PASSED] - setValueToCellByAddress(sheet01, "A" + mycount, "beam " + mybeam + " zip " + myzip + " upfront fees " + myuff + " plan " + myplan): null

2020-02-14 09:53:58 - [TEST_STEP][PASSED] - setValueToCellByAddress(sheet01, "D" + mycount, myplan): null

2020-02-14 09:53:58 - [TEST_STEP][PASSED] - sendRequestAndVerify(findTestObject("Exede_Zip", ["myzip":myzip])): Send request and verify the response successfully

2020-02-14 09:54:00 - [MESSAGE][INFO] - HAR: /Users/jhampleman/jenkins-beam-tests-master/Reports/20200214_095028/RUN_Exede_Zip_Test/20200214_095028/requests/main/95.har

2020-02-14 09:54:00 - [TEST_CASE][PASSED] - Start Test Case : Verification: Verification accomplished successfully

2020-02-14 09:54:00 - [TEST_STEP][PASSED] - request = getInstance().getCurrentRequest(): null

2020-02-14 09:54:00 - [TEST_STEP][PASSED] - response = getInstance().getCurrentResponse(): null

2020-02-14 09:54:00 - [TEST_STEP][PASSED] - if (!(verifyElementPropertyValue(response, "data.beam", mybeam))): Verify element property value successfully

2020-02-14 09:54:00 - [MESSAGE][PASSED] - Verify element property value successfully

2020-02-14 09:54:00 - [TEST_STEP][PASSED] - else: null

2020-02-14 09:54:00 - [TEST_STEP][PASSED] - beamFail = "P": null

2020-02-14 09:54:00 - [TEST_STEP][PASSED] - if (!(verifyElementPropertyValue(response, "data.product.down", myuff))): Verify element property value successfully

2020-02-14 09:54:00 - [MESSAGE][PASSED] - Verify element property value successfully

2020-02-14 09:54:00 - [TEST_STEP][PASSED] - else: null

2020-02-14 09:54:00 - [TEST_STEP][PASSED] - uffFail = "P": null

2020-02-14 09:54:00 - [TEST_STEP][PASSED] - jsonSlurper = new groovy.json.JsonSlurper(): null

2020-02-14 09:54:00 - [TEST_STEP][PASSED] - object = jsonSlurper.parseText(response.getResponseText()): null

2020-02-14 09:54:00 - [TEST_STEP][PASSED] - println(object): null

2020-02-14 09:54:00 - [TEST_STEP][PASSED] - mytest = plans: null

2020-02-14 09:54:00 - [TEST_STEP][PASSED] - variable = mytest: null

2020-02-14 09:54:00 - [MESSAGE][PASSED] - Verify response successfully

2020-02-14 09:54:00 - [MESSAGE][PASSED] - Send request and verify the response successfully

2020-02-14 09:54:00 - [TEST_STEP][PASSED] - setValueToCellByAddress(sheet01, "E" + mycount, variable): null

2020-02-14 09:54:00 - [TEST_STEP][PASSED] - saveWorkbook(excelFile01, workbook01): null]]></system-out>
         <system-err><![CDATA[]]></system-err>
      </testcase>
      <testcase name="Test Cases/Test_Beams_by_Zip_to_Excel" time="1.946" classname="Test Cases/Test_Beams_by_Zip_to_Excel" status="PASSED">
         <system-out><![CDATA[2020-02-14 09:54:00 - [TEST_CASE][PASSED] - Test Cases/Test_Beams_by_Zip_to_Excel: Test Cases/Test_Beams_by_Zip_to_Excel

2020-02-14 09:54:00 - [TEST_STEP][PASSED] - excelFile01 = "beams-test-results.xlsx": null

2020-02-14 09:54:00 - [TEST_STEP][PASSED] - ExpectedListSheetFile1 = ["Sheet1"]: null

2020-02-14 09:54:00 - [TEST_STEP][PASSED] - workbookFile01 = getWorkbook(excelFile01): null

2020-02-14 09:54:00 - [TEST_STEP][PASSED] - workbook01 = getWorkbook(excelFile01): null

2020-02-14 09:54:00 - [TEST_STEP][PASSED] - sheet01 = getExcelSheet(workbook01, "Sheet1"): null

2020-02-14 09:54:00 - [TEST_STEP][PASSED] - setValueToCellByAddress(sheet01, "A1", "TEST"): null

2020-02-14 09:54:00 - [TEST_STEP][PASSED] - setValueToCellByAddress(sheet01, "B1", "BEAM"): null

2020-02-14 09:54:00 - [TEST_STEP][PASSED] - setValueToCellByAddress(sheet01, "C1", "UFF"): null

2020-02-14 09:54:00 - [TEST_STEP][PASSED] - setValueToCellByAddress(sheet01, "D1", "PLAN"): null

2020-02-14 09:54:00 - [TEST_STEP][PASSED] - setValueToCellByAddress(sheet01, "E1", "API PLAN"): null

2020-02-14 09:54:00 - [TEST_STEP][PASSED] - mybeam = mybeam: null

2020-02-14 09:54:00 - [TEST_STEP][PASSED] - myuff = myuff: null

2020-02-14 09:54:00 - [TEST_STEP][PASSED] - myplan = myplan: null

2020-02-14 09:54:00 - [TEST_STEP][PASSED] - log = new com.kms.katalon.core.logging.KeywordLogger(): null

2020-02-14 09:54:00 - [TEST_STEP][PASSED] - log.logWarning("beam " + mybeam + " zip " + myzip + " upfront fees " + myuff + " plan " + myplan): beam 709 zip 87113 upfront fees 0 plan VS2 Best Offer B

2020-02-14 09:54:00 - [MESSAGE][WARNING] - beam 709 zip 87113 upfront fees 0 plan VS2 Best Offer B

2020-02-14 09:54:00 - [TEST_STEP][PASSED] - setValueToCellByAddress(sheet01, "B" + mycount, beamFail): null

2020-02-14 09:54:00 - [TEST_STEP][PASSED] - setValueToCellByAddress(sheet01, "C" + mycount, uffFail): null

2020-02-14 09:54:00 - [TEST_STEP][PASSED] - mycount = mycount + 1: null

2020-02-14 09:54:00 - [TEST_STEP][PASSED] - setValueToCellByAddress(sheet01, "A" + mycount, "beam " + mybeam + " zip " + myzip + " upfront fees " + myuff + " plan " + myplan): null

2020-02-14 09:54:00 - [TEST_STEP][PASSED] - setValueToCellByAddress(sheet01, "D" + mycount, myplan): null

2020-02-14 09:54:00 - [TEST_STEP][PASSED] - sendRequestAndVerify(findTestObject("Exede_Zip", ["myzip":myzip])): Send request and verify the response successfully

2020-02-14 09:54:02 - [MESSAGE][INFO] - HAR: /Users/jhampleman/jenkins-beam-tests-master/Reports/20200214_095028/RUN_Exede_Zip_Test/20200214_095028/requests/main/96.har

2020-02-14 09:54:02 - [TEST_CASE][PASSED] - Start Test Case : Verification: Verification accomplished successfully

2020-02-14 09:54:02 - [TEST_STEP][PASSED] - request = getInstance().getCurrentRequest(): null

2020-02-14 09:54:02 - [TEST_STEP][PASSED] - response = getInstance().getCurrentResponse(): null

2020-02-14 09:54:02 - [TEST_STEP][PASSED] - if (!(verifyElementPropertyValue(response, "data.beam", mybeam))): Verify element property value successfully

2020-02-14 09:54:02 - [MESSAGE][PASSED] - Verify element property value successfully

2020-02-14 09:54:02 - [TEST_STEP][PASSED] - else: null

2020-02-14 09:54:02 - [TEST_STEP][PASSED] - beamFail = "P": null

2020-02-14 09:54:02 - [TEST_STEP][PASSED] - if (!(verifyElementPropertyValue(response, "data.product.down", myuff))): Verify element property value successfully

2020-02-14 09:54:02 - [MESSAGE][PASSED] - Verify element property value successfully

2020-02-14 09:54:02 - [TEST_STEP][PASSED] - else: null

2020-02-14 09:54:02 - [TEST_STEP][PASSED] - uffFail = "P": null

2020-02-14 09:54:02 - [TEST_STEP][PASSED] - jsonSlurper = new groovy.json.JsonSlurper(): null

2020-02-14 09:54:02 - [TEST_STEP][PASSED] - object = jsonSlurper.parseText(response.getResponseText()): null

2020-02-14 09:54:02 - [TEST_STEP][PASSED] - println(object): null

2020-02-14 09:54:02 - [TEST_STEP][PASSED] - mytest = plans: null

2020-02-14 09:54:02 - [TEST_STEP][PASSED] - variable = mytest: null

2020-02-14 09:54:02 - [MESSAGE][PASSED] - Verify response successfully

2020-02-14 09:54:02 - [MESSAGE][PASSED] - Send request and verify the response successfully

2020-02-14 09:54:02 - [TEST_STEP][PASSED] - setValueToCellByAddress(sheet01, "E" + mycount, variable): null

2020-02-14 09:54:02 - [TEST_STEP][PASSED] - saveWorkbook(excelFile01, workbook01): null]]></system-out>
         <system-err><![CDATA[]]></system-err>
      </testcase>
      <testcase name="Test Cases/Test_Beams_by_Zip_to_Excel" time="2.033" classname="Test Cases/Test_Beams_by_Zip_to_Excel" status="PASSED">
         <system-out><![CDATA[2020-02-14 09:54:02 - [TEST_CASE][PASSED] - Test Cases/Test_Beams_by_Zip_to_Excel: Test Cases/Test_Beams_by_Zip_to_Excel

2020-02-14 09:54:02 - [TEST_STEP][PASSED] - excelFile01 = "beams-test-results.xlsx": null

2020-02-14 09:54:02 - [TEST_STEP][PASSED] - ExpectedListSheetFile1 = ["Sheet1"]: null

2020-02-14 09:54:02 - [TEST_STEP][PASSED] - workbookFile01 = getWorkbook(excelFile01): null

2020-02-14 09:54:02 - [TEST_STEP][PASSED] - workbook01 = getWorkbook(excelFile01): null

2020-02-14 09:54:02 - [TEST_STEP][PASSED] - sheet01 = getExcelSheet(workbook01, "Sheet1"): null

2020-02-14 09:54:02 - [TEST_STEP][PASSED] - setValueToCellByAddress(sheet01, "A1", "TEST"): null

2020-02-14 09:54:02 - [TEST_STEP][PASSED] - setValueToCellByAddress(sheet01, "B1", "BEAM"): null

2020-02-14 09:54:02 - [TEST_STEP][PASSED] - setValueToCellByAddress(sheet01, "C1", "UFF"): null

2020-02-14 09:54:02 - [TEST_STEP][PASSED] - setValueToCellByAddress(sheet01, "D1", "PLAN"): null

2020-02-14 09:54:02 - [TEST_STEP][PASSED] - setValueToCellByAddress(sheet01, "E1", "API PLAN"): null

2020-02-14 09:54:02 - [TEST_STEP][PASSED] - mybeam = mybeam: null

2020-02-14 09:54:02 - [TEST_STEP][PASSED] - myuff = myuff: null

2020-02-14 09:54:02 - [TEST_STEP][PASSED] - myplan = myplan: null

2020-02-14 09:54:02 - [TEST_STEP][PASSED] - log = new com.kms.katalon.core.logging.KeywordLogger(): null

2020-02-14 09:54:02 - [TEST_STEP][PASSED] - log.logWarning("beam " + mybeam + " zip " + myzip + " upfront fees " + myuff + " plan " + myplan): beam 710 zip 59632 upfront fees 0 plan VS2 Best Offer B

2020-02-14 09:54:02 - [MESSAGE][WARNING] - beam 710 zip 59632 upfront fees 0 plan VS2 Best Offer B

2020-02-14 09:54:02 - [TEST_STEP][PASSED] - setValueToCellByAddress(sheet01, "B" + mycount, beamFail): null

2020-02-14 09:54:02 - [TEST_STEP][PASSED] - setValueToCellByAddress(sheet01, "C" + mycount, uffFail): null

2020-02-14 09:54:02 - [TEST_STEP][PASSED] - mycount = mycount + 1: null

2020-02-14 09:54:02 - [TEST_STEP][PASSED] - setValueToCellByAddress(sheet01, "A" + mycount, "beam " + mybeam + " zip " + myzip + " upfront fees " + myuff + " plan " + myplan): null

2020-02-14 09:54:02 - [TEST_STEP][PASSED] - setValueToCellByAddress(sheet01, "D" + mycount, myplan): null

2020-02-14 09:54:02 - [TEST_STEP][PASSED] - sendRequestAndVerify(findTestObject("Exede_Zip", ["myzip":myzip])): Send request and verify the response successfully

2020-02-14 09:54:04 - [MESSAGE][INFO] - HAR: /Users/jhampleman/jenkins-beam-tests-master/Reports/20200214_095028/RUN_Exede_Zip_Test/20200214_095028/requests/main/97.har

2020-02-14 09:54:04 - [TEST_CASE][PASSED] - Start Test Case : Verification: Verification accomplished successfully

2020-02-14 09:54:04 - [TEST_STEP][PASSED] - request = getInstance().getCurrentRequest(): null

2020-02-14 09:54:04 - [TEST_STEP][PASSED] - response = getInstance().getCurrentResponse(): null

2020-02-14 09:54:04 - [TEST_STEP][PASSED] - if (!(verifyElementPropertyValue(response, "data.beam", mybeam))): Verify element property value successfully

2020-02-14 09:54:04 - [MESSAGE][PASSED] - Verify element property value successfully

2020-02-14 09:54:04 - [TEST_STEP][PASSED] - else: null

2020-02-14 09:54:04 - [TEST_STEP][PASSED] - beamFail = "P": null

2020-02-14 09:54:04 - [TEST_STEP][PASSED] - if (!(verifyElementPropertyValue(response, "data.product.down", myuff))): Verify element property value successfully

2020-02-14 09:54:04 - [MESSAGE][PASSED] - Verify element property value successfully

2020-02-14 09:54:04 - [TEST_STEP][PASSED] - else: null

2020-02-14 09:54:04 - [TEST_STEP][PASSED] - uffFail = "P": null

2020-02-14 09:54:04 - [TEST_STEP][PASSED] - jsonSlurper = new groovy.json.JsonSlurper(): null

2020-02-14 09:54:04 - [TEST_STEP][PASSED] - object = jsonSlurper.parseText(response.getResponseText()): null

2020-02-14 09:54:04 - [TEST_STEP][PASSED] - println(object): null

2020-02-14 09:54:04 - [TEST_STEP][PASSED] - mytest = plans: null

2020-02-14 09:54:04 - [TEST_STEP][PASSED] - variable = mytest: null

2020-02-14 09:54:04 - [MESSAGE][PASSED] - Verify response successfully

2020-02-14 09:54:04 - [MESSAGE][PASSED] - Send request and verify the response successfully

2020-02-14 09:54:04 - [TEST_STEP][PASSED] - setValueToCellByAddress(sheet01, "E" + mycount, variable): null

2020-02-14 09:54:04 - [TEST_STEP][PASSED] - saveWorkbook(excelFile01, workbook01): null]]></system-out>
         <system-err><![CDATA[]]></system-err>
      </testcase>
      <testcase name="Test Cases/Test_Beams_by_Zip_to_Excel" time="1.853" classname="Test Cases/Test_Beams_by_Zip_to_Excel" status="PASSED">
         <system-out><![CDATA[2020-02-14 09:54:04 - [TEST_CASE][PASSED] - Test Cases/Test_Beams_by_Zip_to_Excel: Test Cases/Test_Beams_by_Zip_to_Excel

2020-02-14 09:54:04 - [TEST_STEP][PASSED] - excelFile01 = "beams-test-results.xlsx": null

2020-02-14 09:54:04 - [TEST_STEP][PASSED] - ExpectedListSheetFile1 = ["Sheet1"]: null

2020-02-14 09:54:04 - [TEST_STEP][PASSED] - workbookFile01 = getWorkbook(excelFile01): null

2020-02-14 09:54:04 - [TEST_STEP][PASSED] - workbook01 = getWorkbook(excelFile01): null

2020-02-14 09:54:04 - [TEST_STEP][PASSED] - sheet01 = getExcelSheet(workbook01, "Sheet1"): null

2020-02-14 09:54:04 - [TEST_STEP][PASSED] - setValueToCellByAddress(sheet01, "A1", "TEST"): null

2020-02-14 09:54:04 - [TEST_STEP][PASSED] - setValueToCellByAddress(sheet01, "B1", "BEAM"): null

2020-02-14 09:54:04 - [TEST_STEP][PASSED] - setValueToCellByAddress(sheet01, "C1", "UFF"): null

2020-02-14 09:54:04 - [TEST_STEP][PASSED] - setValueToCellByAddress(sheet01, "D1", "PLAN"): null

2020-02-14 09:54:04 - [TEST_STEP][PASSED] - setValueToCellByAddress(sheet01, "E1", "API PLAN"): null

2020-02-14 09:54:04 - [TEST_STEP][PASSED] - mybeam = mybeam: null

2020-02-14 09:54:04 - [TEST_STEP][PASSED] - myuff = myuff: null

2020-02-14 09:54:04 - [TEST_STEP][PASSED] - myplan = myplan: null

2020-02-14 09:54:04 - [TEST_STEP][PASSED] - log = new com.kms.katalon.core.logging.KeywordLogger(): null

2020-02-14 09:54:04 - [TEST_STEP][PASSED] - log.logWarning("beam " + mybeam + " zip " + myzip + " upfront fees " + myuff + " plan " + myplan): beam 711 zip 80112 upfront fees 0 plan VS2 Best Offer B

2020-02-14 09:54:04 - [MESSAGE][WARNING] - beam 711 zip 80112 upfront fees 0 plan VS2 Best Offer B

2020-02-14 09:54:04 - [TEST_STEP][PASSED] - setValueToCellByAddress(sheet01, "B" + mycount, beamFail): null

2020-02-14 09:54:04 - [TEST_STEP][PASSED] - setValueToCellByAddress(sheet01, "C" + mycount, uffFail): null

2020-02-14 09:54:04 - [TEST_STEP][PASSED] - mycount = mycount + 1: null

2020-02-14 09:54:04 - [TEST_STEP][PASSED] - setValueToCellByAddress(sheet01, "A" + mycount, "beam " + mybeam + " zip " + myzip + " upfront fees " + myuff + " plan " + myplan): null

2020-02-14 09:54:04 - [TEST_STEP][PASSED] - setValueToCellByAddress(sheet01, "D" + mycount, myplan): null

2020-02-14 09:54:04 - [TEST_STEP][PASSED] - sendRequestAndVerify(findTestObject("Exede_Zip", ["myzip":myzip])): Send request and verify the response successfully

2020-02-14 09:54:06 - [MESSAGE][INFO] - HAR: /Users/jhampleman/jenkins-beam-tests-master/Reports/20200214_095028/RUN_Exede_Zip_Test/20200214_095028/requests/main/98.har

2020-02-14 09:54:06 - [TEST_CASE][PASSED] - Start Test Case : Verification: Verification accomplished successfully

2020-02-14 09:54:06 - [TEST_STEP][PASSED] - request = getInstance().getCurrentRequest(): null

2020-02-14 09:54:06 - [TEST_STEP][PASSED] - response = getInstance().getCurrentResponse(): null

2020-02-14 09:54:06 - [TEST_STEP][PASSED] - if (!(verifyElementPropertyValue(response, "data.beam", mybeam))): Verify element property value successfully

2020-02-14 09:54:06 - [MESSAGE][PASSED] - Verify element property value successfully

2020-02-14 09:54:06 - [TEST_STEP][PASSED] - else: null

2020-02-14 09:54:06 - [TEST_STEP][PASSED] - beamFail = "P": null

2020-02-14 09:54:06 - [TEST_STEP][PASSED] - if (!(verifyElementPropertyValue(response, "data.product.down", myuff))): Verify element property value successfully

2020-02-14 09:54:06 - [MESSAGE][PASSED] - Verify element property value successfully

2020-02-14 09:54:06 - [TEST_STEP][PASSED] - else: null

2020-02-14 09:54:06 - [TEST_STEP][PASSED] - uffFail = "P": null

2020-02-14 09:54:06 - [TEST_STEP][PASSED] - jsonSlurper = new groovy.json.JsonSlurper(): null

2020-02-14 09:54:06 - [TEST_STEP][PASSED] - object = jsonSlurper.parseText(response.getResponseText()): null

2020-02-14 09:54:06 - [TEST_STEP][PASSED] - println(object): null

2020-02-14 09:54:06 - [TEST_STEP][PASSED] - mytest = plans: null

2020-02-14 09:54:06 - [TEST_STEP][PASSED] - variable = mytest: null

2020-02-14 09:54:06 - [MESSAGE][PASSED] - Verify response successfully

2020-02-14 09:54:06 - [MESSAGE][PASSED] - Send request and verify the response successfully

2020-02-14 09:54:06 - [TEST_STEP][PASSED] - setValueToCellByAddress(sheet01, "E" + mycount, variable): null

2020-02-14 09:54:06 - [TEST_STEP][PASSED] - saveWorkbook(excelFile01, workbook01): null]]></system-out>
         <system-err><![CDATA[]]></system-err>
      </testcase>
      <testcase name="Test Cases/Test_Beams_by_Zip_to_Excel" time="1.88" classname="Test Cases/Test_Beams_by_Zip_to_Excel" status="PASSED">
         <system-out><![CDATA[2020-02-14 09:54:06 - [TEST_CASE][PASSED] - Test Cases/Test_Beams_by_Zip_to_Excel: Test Cases/Test_Beams_by_Zip_to_Excel

2020-02-14 09:54:06 - [TEST_STEP][PASSED] - excelFile01 = "beams-test-results.xlsx": null

2020-02-14 09:54:06 - [TEST_STEP][PASSED] - ExpectedListSheetFile1 = ["Sheet1"]: null

2020-02-14 09:54:06 - [TEST_STEP][PASSED] - workbookFile01 = getWorkbook(excelFile01): null

2020-02-14 09:54:06 - [TEST_STEP][PASSED] - workbook01 = getWorkbook(excelFile01): null

2020-02-14 09:54:06 - [TEST_STEP][PASSED] - sheet01 = getExcelSheet(workbook01, "Sheet1"): null

2020-02-14 09:54:06 - [TEST_STEP][PASSED] - setValueToCellByAddress(sheet01, "A1", "TEST"): null

2020-02-14 09:54:06 - [TEST_STEP][PASSED] - setValueToCellByAddress(sheet01, "B1", "BEAM"): null

2020-02-14 09:54:06 - [TEST_STEP][PASSED] - setValueToCellByAddress(sheet01, "C1", "UFF"): null

2020-02-14 09:54:06 - [TEST_STEP][PASSED] - setValueToCellByAddress(sheet01, "D1", "PLAN"): null

2020-02-14 09:54:06 - [TEST_STEP][PASSED] - setValueToCellByAddress(sheet01, "E1", "API PLAN"): null

2020-02-14 09:54:06 - [TEST_STEP][PASSED] - mybeam = mybeam: null

2020-02-14 09:54:06 - [TEST_STEP][PASSED] - myuff = myuff: null

2020-02-14 09:54:06 - [TEST_STEP][PASSED] - myplan = myplan: null

2020-02-14 09:54:06 - [TEST_STEP][PASSED] - log = new com.kms.katalon.core.logging.KeywordLogger(): null

2020-02-14 09:54:06 - [TEST_STEP][PASSED] - log.logWarning("beam " + mybeam + " zip " + myzip + " upfront fees " + myuff + " plan " + myplan): beam 712 zip 78570 upfront fees 0 plan VS2 Best Offer B

2020-02-14 09:54:06 - [MESSAGE][WARNING] - beam 712 zip 78570 upfront fees 0 plan VS2 Best Offer B

2020-02-14 09:54:06 - [TEST_STEP][PASSED] - setValueToCellByAddress(sheet01, "B" + mycount, beamFail): null

2020-02-14 09:54:06 - [TEST_STEP][PASSED] - setValueToCellByAddress(sheet01, "C" + mycount, uffFail): null

2020-02-14 09:54:06 - [TEST_STEP][PASSED] - mycount = mycount + 1: null

2020-02-14 09:54:06 - [TEST_STEP][PASSED] - setValueToCellByAddress(sheet01, "A" + mycount, "beam " + mybeam + " zip " + myzip + " upfront fees " + myuff + " plan " + myplan): null

2020-02-14 09:54:06 - [TEST_STEP][PASSED] - setValueToCellByAddress(sheet01, "D" + mycount, myplan): null

2020-02-14 09:54:06 - [TEST_STEP][PASSED] - sendRequestAndVerify(findTestObject("Exede_Zip", ["myzip":myzip])): Send request and verify the response successfully

2020-02-14 09:54:08 - [MESSAGE][INFO] - HAR: /Users/jhampleman/jenkins-beam-tests-master/Reports/20200214_095028/RUN_Exede_Zip_Test/20200214_095028/requests/main/99.har

2020-02-14 09:54:08 - [TEST_CASE][PASSED] - Start Test Case : Verification: Verification accomplished successfully

2020-02-14 09:54:08 - [TEST_STEP][PASSED] - request = getInstance().getCurrentRequest(): null

2020-02-14 09:54:08 - [TEST_STEP][PASSED] - response = getInstance().getCurrentResponse(): null

2020-02-14 09:54:08 - [TEST_STEP][PASSED] - if (!(verifyElementPropertyValue(response, "data.beam", mybeam))): Verify element property value successfully

2020-02-14 09:54:08 - [MESSAGE][PASSED] - Verify element property value successfully

2020-02-14 09:54:08 - [TEST_STEP][PASSED] - else: null

2020-02-14 09:54:08 - [TEST_STEP][PASSED] - beamFail = "P": null

2020-02-14 09:54:08 - [TEST_STEP][PASSED] - if (!(verifyElementPropertyValue(response, "data.product.down", myuff))): Verify element property value successfully

2020-02-14 09:54:08 - [MESSAGE][PASSED] - Verify element property value successfully

2020-02-14 09:54:08 - [TEST_STEP][PASSED] - else: null

2020-02-14 09:54:08 - [TEST_STEP][PASSED] - uffFail = "P": null

2020-02-14 09:54:08 - [TEST_STEP][PASSED] - jsonSlurper = new groovy.json.JsonSlurper(): null

2020-02-14 09:54:08 - [TEST_STEP][PASSED] - object = jsonSlurper.parseText(response.getResponseText()): null

2020-02-14 09:54:08 - [TEST_STEP][PASSED] - println(object): null

2020-02-14 09:54:08 - [TEST_STEP][PASSED] - mytest = plans: null

2020-02-14 09:54:08 - [TEST_STEP][PASSED] - variable = mytest: null

2020-02-14 09:54:08 - [MESSAGE][PASSED] - Verify response successfully

2020-02-14 09:54:08 - [MESSAGE][PASSED] - Send request and verify the response successfully

2020-02-14 09:54:08 - [TEST_STEP][PASSED] - setValueToCellByAddress(sheet01, "E" + mycount, variable): null

2020-02-14 09:54:08 - [TEST_STEP][PASSED] - saveWorkbook(excelFile01, workbook01): null]]></system-out>
         <system-err><![CDATA[]]></system-err>
      </testcase>
      <testcase name="Test Cases/Test_Beams_by_Zip_to_Excel" time="2.174" classname="Test Cases/Test_Beams_by_Zip_to_Excel" status="PASSED">
         <system-out><![CDATA[2020-02-14 09:54:08 - [TEST_CASE][PASSED] - Test Cases/Test_Beams_by_Zip_to_Excel: Test Cases/Test_Beams_by_Zip_to_Excel

2020-02-14 09:54:08 - [TEST_STEP][PASSED] - excelFile01 = "beams-test-results.xlsx": null

2020-02-14 09:54:08 - [TEST_STEP][PASSED] - ExpectedListSheetFile1 = ["Sheet1"]: null

2020-02-14 09:54:08 - [TEST_STEP][PASSED] - workbookFile01 = getWorkbook(excelFile01): null

2020-02-14 09:54:08 - [TEST_STEP][PASSED] - workbook01 = getWorkbook(excelFile01): null

2020-02-14 09:54:08 - [TEST_STEP][PASSED] - sheet01 = getExcelSheet(workbook01, "Sheet1"): null

2020-02-14 09:54:08 - [TEST_STEP][PASSED] - setValueToCellByAddress(sheet01, "A1", "TEST"): null

2020-02-14 09:54:08 - [TEST_STEP][PASSED] - setValueToCellByAddress(sheet01, "B1", "BEAM"): null

2020-02-14 09:54:08 - [TEST_STEP][PASSED] - setValueToCellByAddress(sheet01, "C1", "UFF"): null

2020-02-14 09:54:08 - [TEST_STEP][PASSED] - setValueToCellByAddress(sheet01, "D1", "PLAN"): null

2020-02-14 09:54:08 - [TEST_STEP][PASSED] - setValueToCellByAddress(sheet01, "E1", "API PLAN"): null

2020-02-14 09:54:08 - [TEST_STEP][PASSED] - mybeam = mybeam: null

2020-02-14 09:54:08 - [TEST_STEP][PASSED] - myuff = myuff: null

2020-02-14 09:54:08 - [TEST_STEP][PASSED] - myplan = myplan: null

2020-02-14 09:54:08 - [TEST_STEP][PASSED] - log = new com.kms.katalon.core.logging.KeywordLogger(): null

2020-02-14 09:54:08 - [TEST_STEP][PASSED] - log.logWarning("beam " + mybeam + " zip " + myzip + " upfront fees " + myuff + " plan " + myplan): beam 713 zip 78130 upfront fees 0 plan VS2 Best Offer B

2020-02-14 09:54:08 - [MESSAGE][WARNING] - beam 713 zip 78130 upfront fees 0 plan VS2 Best Offer B

2020-02-14 09:54:08 - [TEST_STEP][PASSED] - setValueToCellByAddress(sheet01, "B" + mycount, beamFail): null

2020-02-14 09:54:08 - [TEST_STEP][PASSED] - setValueToCellByAddress(sheet01, "C" + mycount, uffFail): null

2020-02-14 09:54:08 - [TEST_STEP][PASSED] - mycount = mycount + 1: null

2020-02-14 09:54:08 - [TEST_STEP][PASSED] - setValueToCellByAddress(sheet01, "A" + mycount, "beam " + mybeam + " zip " + myzip + " upfront fees " + myuff + " plan " + myplan): null

2020-02-14 09:54:08 - [TEST_STEP][PASSED] - setValueToCellByAddress(sheet01, "D" + mycount, myplan): null

2020-02-14 09:54:08 - [TEST_STEP][PASSED] - sendRequestAndVerify(findTestObject("Exede_Zip", ["myzip":myzip])): Send request and verify the response successfully

2020-02-14 09:54:10 - [MESSAGE][INFO] - HAR: /Users/jhampleman/jenkins-beam-tests-master/Reports/20200214_095028/RUN_Exede_Zip_Test/20200214_095028/requests/main/100.har

2020-02-14 09:54:10 - [TEST_CASE][PASSED] - Start Test Case : Verification: Verification accomplished successfully

2020-02-14 09:54:10 - [TEST_STEP][PASSED] - request = getInstance().getCurrentRequest(): null

2020-02-14 09:54:10 - [TEST_STEP][PASSED] - response = getInstance().getCurrentResponse(): null

2020-02-14 09:54:10 - [TEST_STEP][PASSED] - if (!(verifyElementPropertyValue(response, "data.beam", mybeam))): Verify element property value successfully

2020-02-14 09:54:10 - [MESSAGE][PASSED] - Verify element property value successfully

2020-02-14 09:54:10 - [TEST_STEP][PASSED] - else: null

2020-02-14 09:54:10 - [TEST_STEP][PASSED] - beamFail = "P": null

2020-02-14 09:54:10 - [TEST_STEP][PASSED] - if (!(verifyElementPropertyValue(response, "data.product.down", myuff))): Verify element property value successfully

2020-02-14 09:54:10 - [MESSAGE][PASSED] - Verify element property value successfully

2020-02-14 09:54:10 - [TEST_STEP][PASSED] - else: null

2020-02-14 09:54:10 - [TEST_STEP][PASSED] - uffFail = "P": null

2020-02-14 09:54:10 - [TEST_STEP][PASSED] - jsonSlurper = new groovy.json.JsonSlurper(): null

2020-02-14 09:54:10 - [TEST_STEP][PASSED] - object = jsonSlurper.parseText(response.getResponseText()): null

2020-02-14 09:54:10 - [TEST_STEP][PASSED] - println(object): null

2020-02-14 09:54:10 - [TEST_STEP][PASSED] - mytest = plans: null

2020-02-14 09:54:10 - [TEST_STEP][PASSED] - variable = mytest: null

2020-02-14 09:54:10 - [MESSAGE][PASSED] - Verify response successfully

2020-02-14 09:54:10 - [MESSAGE][PASSED] - Send request and verify the response successfully

2020-02-14 09:54:10 - [TEST_STEP][PASSED] - setValueToCellByAddress(sheet01, "E" + mycount, variable): null

2020-02-14 09:54:10 - [TEST_STEP][PASSED] - saveWorkbook(excelFile01, workbook01): null]]></system-out>
         <system-err><![CDATA[]]></system-err>
      </testcase>
      <testcase name="Test Cases/Test_Beams_by_Zip_to_Excel" time="2.027" classname="Test Cases/Test_Beams_by_Zip_to_Excel" status="PASSED">
         <system-out><![CDATA[2020-02-14 09:54:10 - [TEST_CASE][PASSED] - Test Cases/Test_Beams_by_Zip_to_Excel: Test Cases/Test_Beams_by_Zip_to_Excel

2020-02-14 09:54:10 - [TEST_STEP][PASSED] - excelFile01 = "beams-test-results.xlsx": null

2020-02-14 09:54:10 - [TEST_STEP][PASSED] - ExpectedListSheetFile1 = ["Sheet1"]: null

2020-02-14 09:54:10 - [TEST_STEP][PASSED] - workbookFile01 = getWorkbook(excelFile01): null

2020-02-14 09:54:10 - [TEST_STEP][PASSED] - workbook01 = getWorkbook(excelFile01): null

2020-02-14 09:54:10 - [TEST_STEP][PASSED] - sheet01 = getExcelSheet(workbook01, "Sheet1"): null

2020-02-14 09:54:10 - [TEST_STEP][PASSED] - setValueToCellByAddress(sheet01, "A1", "TEST"): null

2020-02-14 09:54:10 - [TEST_STEP][PASSED] - setValueToCellByAddress(sheet01, "B1", "BEAM"): null

2020-02-14 09:54:10 - [TEST_STEP][PASSED] - setValueToCellByAddress(sheet01, "C1", "UFF"): null

2020-02-14 09:54:10 - [TEST_STEP][PASSED] - setValueToCellByAddress(sheet01, "D1", "PLAN"): null

2020-02-14 09:54:10 - [TEST_STEP][PASSED] - setValueToCellByAddress(sheet01, "E1", "API PLAN"): null

2020-02-14 09:54:10 - [TEST_STEP][PASSED] - mybeam = mybeam: null

2020-02-14 09:54:10 - [TEST_STEP][PASSED] - myuff = myuff: null

2020-02-14 09:54:10 - [TEST_STEP][PASSED] - myplan = myplan: null

2020-02-14 09:54:10 - [TEST_STEP][PASSED] - log = new com.kms.katalon.core.logging.KeywordLogger(): null

2020-02-14 09:54:10 - [TEST_STEP][PASSED] - log.logWarning("beam " + mybeam + " zip " + myzip + " upfront fees " + myuff + " plan " + myplan): beam 714 zip 57738 upfront fees 0 plan VS2 Best Offer A

2020-02-14 09:54:10 - [MESSAGE][WARNING] - beam 714 zip 57738 upfront fees 0 plan VS2 Best Offer A

2020-02-14 09:54:10 - [TEST_STEP][PASSED] - setValueToCellByAddress(sheet01, "B" + mycount, beamFail): null

2020-02-14 09:54:10 - [TEST_STEP][PASSED] - setValueToCellByAddress(sheet01, "C" + mycount, uffFail): null

2020-02-14 09:54:10 - [TEST_STEP][PASSED] - mycount = mycount + 1: null

2020-02-14 09:54:10 - [TEST_STEP][PASSED] - setValueToCellByAddress(sheet01, "A" + mycount, "beam " + mybeam + " zip " + myzip + " upfront fees " + myuff + " plan " + myplan): null

2020-02-14 09:54:10 - [TEST_STEP][PASSED] - setValueToCellByAddress(sheet01, "D" + mycount, myplan): null

2020-02-14 09:54:10 - [TEST_STEP][PASSED] - sendRequestAndVerify(findTestObject("Exede_Zip", ["myzip":myzip])): Send request and verify the response successfully

2020-02-14 09:54:12 - [MESSAGE][INFO] - HAR: /Users/jhampleman/jenkins-beam-tests-master/Reports/20200214_095028/RUN_Exede_Zip_Test/20200214_095028/requests/main/101.har

2020-02-14 09:54:12 - [TEST_CASE][PASSED] - Start Test Case : Verification: Verification accomplished successfully

2020-02-14 09:54:12 - [TEST_STEP][PASSED] - request = getInstance().getCurrentRequest(): null

2020-02-14 09:54:12 - [TEST_STEP][PASSED] - response = getInstance().getCurrentResponse(): null

2020-02-14 09:54:12 - [TEST_STEP][PASSED] - if (!(verifyElementPropertyValue(response, "data.beam", mybeam))): Verify element property value successfully

2020-02-14 09:54:12 - [MESSAGE][PASSED] - Verify element property value successfully

2020-02-14 09:54:12 - [TEST_STEP][PASSED] - else: null

2020-02-14 09:54:12 - [TEST_STEP][PASSED] - beamFail = "P": null

2020-02-14 09:54:12 - [TEST_STEP][PASSED] - if (!(verifyElementPropertyValue(response, "data.product.down", myuff))): Verify element property value successfully

2020-02-14 09:54:12 - [MESSAGE][PASSED] - Verify element property value successfully

2020-02-14 09:54:12 - [TEST_STEP][PASSED] - else: null

2020-02-14 09:54:12 - [TEST_STEP][PASSED] - uffFail = "P": null

2020-02-14 09:54:12 - [TEST_STEP][PASSED] - jsonSlurper = new groovy.json.JsonSlurper(): null

2020-02-14 09:54:12 - [TEST_STEP][PASSED] - object = jsonSlurper.parseText(response.getResponseText()): null

2020-02-14 09:54:12 - [TEST_STEP][PASSED] - println(object): null

2020-02-14 09:54:12 - [TEST_STEP][PASSED] - mytest = plans: null

2020-02-14 09:54:12 - [TEST_STEP][PASSED] - variable = mytest: null

2020-02-14 09:54:12 - [MESSAGE][PASSED] - Verify response successfully

2020-02-14 09:54:12 - [MESSAGE][PASSED] - Send request and verify the response successfully

2020-02-14 09:54:12 - [TEST_STEP][PASSED] - setValueToCellByAddress(sheet01, "E" + mycount, variable): null

2020-02-14 09:54:12 - [TEST_STEP][PASSED] - saveWorkbook(excelFile01, workbook01): null]]></system-out>
         <system-err><![CDATA[]]></system-err>
      </testcase>
      <testcase name="Test Cases/Test_Beams_by_Zip_to_Excel" time="2.232" classname="Test Cases/Test_Beams_by_Zip_to_Excel" status="PASSED">
         <system-out><![CDATA[2020-02-14 09:54:12 - [TEST_CASE][PASSED] - Test Cases/Test_Beams_by_Zip_to_Excel: Test Cases/Test_Beams_by_Zip_to_Excel

2020-02-14 09:54:12 - [TEST_STEP][PASSED] - excelFile01 = "beams-test-results.xlsx": null

2020-02-14 09:54:12 - [TEST_STEP][PASSED] - ExpectedListSheetFile1 = ["Sheet1"]: null

2020-02-14 09:54:12 - [TEST_STEP][PASSED] - workbookFile01 = getWorkbook(excelFile01): null

2020-02-14 09:54:12 - [TEST_STEP][PASSED] - workbook01 = getWorkbook(excelFile01): null

2020-02-14 09:54:12 - [TEST_STEP][PASSED] - sheet01 = getExcelSheet(workbook01, "Sheet1"): null

2020-02-14 09:54:12 - [TEST_STEP][PASSED] - setValueToCellByAddress(sheet01, "A1", "TEST"): null

2020-02-14 09:54:12 - [TEST_STEP][PASSED] - setValueToCellByAddress(sheet01, "B1", "BEAM"): null

2020-02-14 09:54:12 - [TEST_STEP][PASSED] - setValueToCellByAddress(sheet01, "C1", "UFF"): null

2020-02-14 09:54:12 - [TEST_STEP][PASSED] - setValueToCellByAddress(sheet01, "D1", "PLAN"): null

2020-02-14 09:54:12 - [TEST_STEP][PASSED] - setValueToCellByAddress(sheet01, "E1", "API PLAN"): null

2020-02-14 09:54:12 - [TEST_STEP][PASSED] - mybeam = mybeam: null

2020-02-14 09:54:12 - [TEST_STEP][PASSED] - myuff = myuff: null

2020-02-14 09:54:12 - [TEST_STEP][PASSED] - myplan = myplan: null

2020-02-14 09:54:12 - [TEST_STEP][PASSED] - log = new com.kms.katalon.core.logging.KeywordLogger(): null

2020-02-14 09:54:12 - [TEST_STEP][PASSED] - log.logWarning("beam " + mybeam + " zip " + myzip + " upfront fees " + myuff + " plan " + myplan): beam 715 zip 75229 upfront fees 0 plan VS2 Best Offer B

2020-02-14 09:54:12 - [MESSAGE][WARNING] - beam 715 zip 75229 upfront fees 0 plan VS2 Best Offer B

2020-02-14 09:54:12 - [TEST_STEP][PASSED] - setValueToCellByAddress(sheet01, "B" + mycount, beamFail): null

2020-02-14 09:54:12 - [TEST_STEP][PASSED] - setValueToCellByAddress(sheet01, "C" + mycount, uffFail): null

2020-02-14 09:54:12 - [TEST_STEP][PASSED] - mycount = mycount + 1: null

2020-02-14 09:54:12 - [TEST_STEP][PASSED] - setValueToCellByAddress(sheet01, "A" + mycount, "beam " + mybeam + " zip " + myzip + " upfront fees " + myuff + " plan " + myplan): null

2020-02-14 09:54:12 - [TEST_STEP][PASSED] - setValueToCellByAddress(sheet01, "D" + mycount, myplan): null

2020-02-14 09:54:12 - [TEST_STEP][PASSED] - sendRequestAndVerify(findTestObject("Exede_Zip", ["myzip":myzip])): Send request and verify the response successfully

2020-02-14 09:54:14 - [MESSAGE][INFO] - HAR: /Users/jhampleman/jenkins-beam-tests-master/Reports/20200214_095028/RUN_Exede_Zip_Test/20200214_095028/requests/main/102.har

2020-02-14 09:54:14 - [TEST_CASE][PASSED] - Start Test Case : Verification: Verification accomplished successfully

2020-02-14 09:54:15 - [TEST_STEP][PASSED] - request = getInstance().getCurrentRequest(): null

2020-02-14 09:54:15 - [TEST_STEP][PASSED] - response = getInstance().getCurrentResponse(): null

2020-02-14 09:54:15 - [TEST_STEP][PASSED] - if (!(verifyElementPropertyValue(response, "data.beam", mybeam))): Verify element property value successfully

2020-02-14 09:54:15 - [MESSAGE][PASSED] - Verify element property value successfully

2020-02-14 09:54:15 - [TEST_STEP][PASSED] - else: null

2020-02-14 09:54:15 - [TEST_STEP][PASSED] - beamFail = "P": null

2020-02-14 09:54:15 - [TEST_STEP][PASSED] - if (!(verifyElementPropertyValue(response, "data.product.down", myuff))): Verify element property value successfully

2020-02-14 09:54:15 - [MESSAGE][PASSED] - Verify element property value successfully

2020-02-14 09:54:15 - [TEST_STEP][PASSED] - else: null

2020-02-14 09:54:15 - [TEST_STEP][PASSED] - uffFail = "P": null

2020-02-14 09:54:15 - [TEST_STEP][PASSED] - jsonSlurper = new groovy.json.JsonSlurper(): null

2020-02-14 09:54:15 - [TEST_STEP][PASSED] - object = jsonSlurper.parseText(response.getResponseText()): null

2020-02-14 09:54:15 - [TEST_STEP][PASSED] - println(object): null

2020-02-14 09:54:15 - [TEST_STEP][PASSED] - mytest = plans: null

2020-02-14 09:54:15 - [TEST_STEP][PASSED] - variable = mytest: null

2020-02-14 09:54:15 - [MESSAGE][PASSED] - Verify response successfully

2020-02-14 09:54:15 - [MESSAGE][PASSED] - Send request and verify the response successfully

2020-02-14 09:54:15 - [TEST_STEP][PASSED] - setValueToCellByAddress(sheet01, "E" + mycount, variable): null

2020-02-14 09:54:15 - [TEST_STEP][PASSED] - saveWorkbook(excelFile01, workbook01): null]]></system-out>
         <system-err><![CDATA[]]></system-err>
      </testcase>
      <testcase name="Test Cases/Test_Beams_by_Zip_to_Excel" time="2.067" classname="Test Cases/Test_Beams_by_Zip_to_Excel" status="PASSED">
         <system-out><![CDATA[2020-02-14 09:54:15 - [TEST_CASE][PASSED] - Test Cases/Test_Beams_by_Zip_to_Excel: Test Cases/Test_Beams_by_Zip_to_Excel

2020-02-14 09:54:15 - [TEST_STEP][PASSED] - excelFile01 = "beams-test-results.xlsx": null

2020-02-14 09:54:15 - [TEST_STEP][PASSED] - ExpectedListSheetFile1 = ["Sheet1"]: null

2020-02-14 09:54:15 - [TEST_STEP][PASSED] - workbookFile01 = getWorkbook(excelFile01): null

2020-02-14 09:54:15 - [TEST_STEP][PASSED] - workbook01 = getWorkbook(excelFile01): null

2020-02-14 09:54:15 - [TEST_STEP][PASSED] - sheet01 = getExcelSheet(workbook01, "Sheet1"): null

2020-02-14 09:54:15 - [TEST_STEP][PASSED] - setValueToCellByAddress(sheet01, "A1", "TEST"): null

2020-02-14 09:54:15 - [TEST_STEP][PASSED] - setValueToCellByAddress(sheet01, "B1", "BEAM"): null

2020-02-14 09:54:15 - [TEST_STEP][PASSED] - setValueToCellByAddress(sheet01, "C1", "UFF"): null

2020-02-14 09:54:15 - [TEST_STEP][PASSED] - setValueToCellByAddress(sheet01, "D1", "PLAN"): null

2020-02-14 09:54:15 - [TEST_STEP][PASSED] - setValueToCellByAddress(sheet01, "E1", "API PLAN"): null

2020-02-14 09:54:15 - [TEST_STEP][PASSED] - mybeam = mybeam: null

2020-02-14 09:54:15 - [TEST_STEP][PASSED] - myuff = myuff: null

2020-02-14 09:54:15 - [TEST_STEP][PASSED] - myplan = myplan: null

2020-02-14 09:54:15 - [TEST_STEP][PASSED] - log = new com.kms.katalon.core.logging.KeywordLogger(): null

2020-02-14 09:54:15 - [TEST_STEP][PASSED] - log.logWarning("beam " + mybeam + " zip " + myzip + " upfront fees " + myuff + " plan " + myplan): beam 716 zip 73049 upfront fees 0 plan VS2 Best Offer B

2020-02-14 09:54:15 - [MESSAGE][WARNING] - beam 716 zip 73049 upfront fees 0 plan VS2 Best Offer B

2020-02-14 09:54:15 - [TEST_STEP][PASSED] - setValueToCellByAddress(sheet01, "B" + mycount, beamFail): null

2020-02-14 09:54:15 - [TEST_STEP][PASSED] - setValueToCellByAddress(sheet01, "C" + mycount, uffFail): null

2020-02-14 09:54:15 - [TEST_STEP][PASSED] - mycount = mycount + 1: null

2020-02-14 09:54:15 - [TEST_STEP][PASSED] - setValueToCellByAddress(sheet01, "A" + mycount, "beam " + mybeam + " zip " + myzip + " upfront fees " + myuff + " plan " + myplan): null

2020-02-14 09:54:15 - [TEST_STEP][PASSED] - setValueToCellByAddress(sheet01, "D" + mycount, myplan): null

2020-02-14 09:54:15 - [TEST_STEP][PASSED] - sendRequestAndVerify(findTestObject("Exede_Zip", ["myzip":myzip])): Send request and verify the response successfully

2020-02-14 09:54:17 - [MESSAGE][INFO] - HAR: /Users/jhampleman/jenkins-beam-tests-master/Reports/20200214_095028/RUN_Exede_Zip_Test/20200214_095028/requests/main/103.har

2020-02-14 09:54:17 - [TEST_CASE][PASSED] - Start Test Case : Verification: Verification accomplished successfully

2020-02-14 09:54:17 - [TEST_STEP][PASSED] - request = getInstance().getCurrentRequest(): null

2020-02-14 09:54:17 - [TEST_STEP][PASSED] - response = getInstance().getCurrentResponse(): null

2020-02-14 09:54:17 - [TEST_STEP][PASSED] - if (!(verifyElementPropertyValue(response, "data.beam", mybeam))): Verify element property value successfully

2020-02-14 09:54:17 - [MESSAGE][PASSED] - Verify element property value successfully

2020-02-14 09:54:17 - [TEST_STEP][PASSED] - else: null

2020-02-14 09:54:17 - [TEST_STEP][PASSED] - beamFail = "P": null

2020-02-14 09:54:17 - [TEST_STEP][PASSED] - if (!(verifyElementPropertyValue(response, "data.product.down", myuff))): Verify element property value successfully

2020-02-14 09:54:17 - [MESSAGE][PASSED] - Verify element property value successfully

2020-02-14 09:54:17 - [TEST_STEP][PASSED] - else: null

2020-02-14 09:54:17 - [TEST_STEP][PASSED] - uffFail = "P": null

2020-02-14 09:54:17 - [TEST_STEP][PASSED] - jsonSlurper = new groovy.json.JsonSlurper(): null

2020-02-14 09:54:17 - [TEST_STEP][PASSED] - object = jsonSlurper.parseText(response.getResponseText()): null

2020-02-14 09:54:17 - [TEST_STEP][PASSED] - println(object): null

2020-02-14 09:54:17 - [TEST_STEP][PASSED] - mytest = plans: null

2020-02-14 09:54:17 - [TEST_STEP][PASSED] - variable = mytest: null

2020-02-14 09:54:17 - [MESSAGE][PASSED] - Verify response successfully

2020-02-14 09:54:17 - [MESSAGE][PASSED] - Send request and verify the response successfully

2020-02-14 09:54:17 - [TEST_STEP][PASSED] - setValueToCellByAddress(sheet01, "E" + mycount, variable): null

2020-02-14 09:54:17 - [TEST_STEP][PASSED] - saveWorkbook(excelFile01, workbook01): null]]></system-out>
         <system-err><![CDATA[]]></system-err>
      </testcase>
      <testcase name="Test Cases/Test_Beams_by_Zip_to_Excel" time="1.861" classname="Test Cases/Test_Beams_by_Zip_to_Excel" status="PASSED">
         <system-out><![CDATA[2020-02-14 09:54:17 - [TEST_CASE][PASSED] - Test Cases/Test_Beams_by_Zip_to_Excel: Test Cases/Test_Beams_by_Zip_to_Excel

2020-02-14 09:54:17 - [TEST_STEP][PASSED] - excelFile01 = "beams-test-results.xlsx": null

2020-02-14 09:54:17 - [TEST_STEP][PASSED] - ExpectedListSheetFile1 = ["Sheet1"]: null

2020-02-14 09:54:17 - [TEST_STEP][PASSED] - workbookFile01 = getWorkbook(excelFile01): null

2020-02-14 09:54:17 - [TEST_STEP][PASSED] - workbook01 = getWorkbook(excelFile01): null

2020-02-14 09:54:17 - [TEST_STEP][PASSED] - sheet01 = getExcelSheet(workbook01, "Sheet1"): null

2020-02-14 09:54:17 - [TEST_STEP][PASSED] - setValueToCellByAddress(sheet01, "A1", "TEST"): null

2020-02-14 09:54:17 - [TEST_STEP][PASSED] - setValueToCellByAddress(sheet01, "B1", "BEAM"): null

2020-02-14 09:54:17 - [TEST_STEP][PASSED] - setValueToCellByAddress(sheet01, "C1", "UFF"): null

2020-02-14 09:54:17 - [TEST_STEP][PASSED] - setValueToCellByAddress(sheet01, "D1", "PLAN"): null

2020-02-14 09:54:17 - [TEST_STEP][PASSED] - setValueToCellByAddress(sheet01, "E1", "API PLAN"): null

2020-02-14 09:54:17 - [TEST_STEP][PASSED] - mybeam = mybeam: null

2020-02-14 09:54:17 - [TEST_STEP][PASSED] - myuff = myuff: null

2020-02-14 09:54:17 - [TEST_STEP][PASSED] - myplan = myplan: null

2020-02-14 09:54:17 - [TEST_STEP][PASSED] - log = new com.kms.katalon.core.logging.KeywordLogger(): null

2020-02-14 09:54:17 - [TEST_STEP][PASSED] - log.logWarning("beam " + mybeam + " zip " + myzip + " upfront fees " + myuff + " plan " + myplan): beam 717 zip 77429 upfront fees 0 plan VS2 Standard Offer

2020-02-14 09:54:17 - [MESSAGE][WARNING] - beam 717 zip 77429 upfront fees 0 plan VS2 Standard Offer

2020-02-14 09:54:17 - [TEST_STEP][PASSED] - setValueToCellByAddress(sheet01, "B" + mycount, beamFail): null

2020-02-14 09:54:17 - [TEST_STEP][PASSED] - setValueToCellByAddress(sheet01, "C" + mycount, uffFail): null

2020-02-14 09:54:17 - [TEST_STEP][PASSED] - mycount = mycount + 1: null

2020-02-14 09:54:17 - [TEST_STEP][PASSED] - setValueToCellByAddress(sheet01, "A" + mycount, "beam " + mybeam + " zip " + myzip + " upfront fees " + myuff + " plan " + myplan): null

2020-02-14 09:54:17 - [TEST_STEP][PASSED] - setValueToCellByAddress(sheet01, "D" + mycount, myplan): null

2020-02-14 09:54:17 - [TEST_STEP][PASSED] - sendRequestAndVerify(findTestObject("Exede_Zip", ["myzip":myzip])): Send request and verify the response successfully

2020-02-14 09:54:18 - [MESSAGE][INFO] - HAR: /Users/jhampleman/jenkins-beam-tests-master/Reports/20200214_095028/RUN_Exede_Zip_Test/20200214_095028/requests/main/104.har

2020-02-14 09:54:18 - [TEST_CASE][PASSED] - Start Test Case : Verification: Verification accomplished successfully

2020-02-14 09:54:18 - [TEST_STEP][PASSED] - request = getInstance().getCurrentRequest(): null

2020-02-14 09:54:18 - [TEST_STEP][PASSED] - response = getInstance().getCurrentResponse(): null

2020-02-14 09:54:18 - [TEST_STEP][PASSED] - if (!(verifyElementPropertyValue(response, "data.beam", mybeam))): Verify element property value successfully

2020-02-14 09:54:18 - [MESSAGE][PASSED] - Verify element property value successfully

2020-02-14 09:54:18 - [TEST_STEP][PASSED] - else: null

2020-02-14 09:54:18 - [TEST_STEP][PASSED] - beamFail = "P": null

2020-02-14 09:54:18 - [TEST_STEP][PASSED] - if (!(verifyElementPropertyValue(response, "data.product.down", myuff))): Verify element property value successfully

2020-02-14 09:54:18 - [MESSAGE][PASSED] - Verify element property value successfully

2020-02-14 09:54:18 - [TEST_STEP][PASSED] - else: null

2020-02-14 09:54:18 - [TEST_STEP][PASSED] - uffFail = "P": null

2020-02-14 09:54:18 - [TEST_STEP][PASSED] - jsonSlurper = new groovy.json.JsonSlurper(): null

2020-02-14 09:54:18 - [TEST_STEP][PASSED] - object = jsonSlurper.parseText(response.getResponseText()): null

2020-02-14 09:54:18 - [TEST_STEP][PASSED] - println(object): null

2020-02-14 09:54:18 - [TEST_STEP][PASSED] - mytest = plans: null

2020-02-14 09:54:18 - [TEST_STEP][PASSED] - variable = mytest: null

2020-02-14 09:54:18 - [MESSAGE][PASSED] - Verify response successfully

2020-02-14 09:54:18 - [MESSAGE][PASSED] - Send request and verify the response successfully

2020-02-14 09:54:18 - [TEST_STEP][PASSED] - setValueToCellByAddress(sheet01, "E" + mycount, variable): null

2020-02-14 09:54:18 - [TEST_STEP][PASSED] - saveWorkbook(excelFile01, workbook01): null]]></system-out>
         <system-err><![CDATA[]]></system-err>
      </testcase>
      <testcase name="Test Cases/Test_Beams_by_Zip_to_Excel" time="1.985" classname="Test Cases/Test_Beams_by_Zip_to_Excel" status="PASSED">
         <system-out><![CDATA[2020-02-14 09:54:19 - [TEST_CASE][PASSED] - Test Cases/Test_Beams_by_Zip_to_Excel: Test Cases/Test_Beams_by_Zip_to_Excel

2020-02-14 09:54:19 - [TEST_STEP][PASSED] - excelFile01 = "beams-test-results.xlsx": null

2020-02-14 09:54:19 - [TEST_STEP][PASSED] - ExpectedListSheetFile1 = ["Sheet1"]: null

2020-02-14 09:54:19 - [TEST_STEP][PASSED] - workbookFile01 = getWorkbook(excelFile01): null

2020-02-14 09:54:19 - [TEST_STEP][PASSED] - workbook01 = getWorkbook(excelFile01): null

2020-02-14 09:54:19 - [TEST_STEP][PASSED] - sheet01 = getExcelSheet(workbook01, "Sheet1"): null

2020-02-14 09:54:19 - [TEST_STEP][PASSED] - setValueToCellByAddress(sheet01, "A1", "TEST"): null

2020-02-14 09:54:19 - [TEST_STEP][PASSED] - setValueToCellByAddress(sheet01, "B1", "BEAM"): null

2020-02-14 09:54:19 - [TEST_STEP][PASSED] - setValueToCellByAddress(sheet01, "C1", "UFF"): null

2020-02-14 09:54:19 - [TEST_STEP][PASSED] - setValueToCellByAddress(sheet01, "D1", "PLAN"): null

2020-02-14 09:54:19 - [TEST_STEP][PASSED] - setValueToCellByAddress(sheet01, "E1", "API PLAN"): null

2020-02-14 09:54:19 - [TEST_STEP][PASSED] - mybeam = mybeam: null

2020-02-14 09:54:19 - [TEST_STEP][PASSED] - myuff = myuff: null

2020-02-14 09:54:19 - [TEST_STEP][PASSED] - myplan = myplan: null

2020-02-14 09:54:19 - [TEST_STEP][PASSED] - log = new com.kms.katalon.core.logging.KeywordLogger(): null

2020-02-14 09:54:19 - [TEST_STEP][PASSED] - log.logWarning("beam " + mybeam + " zip " + myzip + " upfront fees " + myuff + " plan " + myplan): beam 718 zip 68025 upfront fees 0 plan VS2 Best Offer B

2020-02-14 09:54:19 - [MESSAGE][WARNING] - beam 718 zip 68025 upfront fees 0 plan VS2 Best Offer B

2020-02-14 09:54:19 - [TEST_STEP][PASSED] - setValueToCellByAddress(sheet01, "B" + mycount, beamFail): null

2020-02-14 09:54:19 - [TEST_STEP][PASSED] - setValueToCellByAddress(sheet01, "C" + mycount, uffFail): null

2020-02-14 09:54:19 - [TEST_STEP][PASSED] - mycount = mycount + 1: null

2020-02-14 09:54:19 - [TEST_STEP][PASSED] - setValueToCellByAddress(sheet01, "A" + mycount, "beam " + mybeam + " zip " + myzip + " upfront fees " + myuff + " plan " + myplan): null

2020-02-14 09:54:19 - [TEST_STEP][PASSED] - setValueToCellByAddress(sheet01, "D" + mycount, myplan): null

2020-02-14 09:54:19 - [TEST_STEP][PASSED] - sendRequestAndVerify(findTestObject("Exede_Zip", ["myzip":myzip])): Send request and verify the response successfully

2020-02-14 09:54:20 - [MESSAGE][INFO] - HAR: /Users/jhampleman/jenkins-beam-tests-master/Reports/20200214_095028/RUN_Exede_Zip_Test/20200214_095028/requests/main/105.har

2020-02-14 09:54:20 - [TEST_CASE][PASSED] - Start Test Case : Verification: Verification accomplished successfully

2020-02-14 09:54:20 - [TEST_STEP][PASSED] - request = getInstance().getCurrentRequest(): null

2020-02-14 09:54:20 - [TEST_STEP][PASSED] - response = getInstance().getCurrentResponse(): null

2020-02-14 09:54:20 - [TEST_STEP][PASSED] - if (!(verifyElementPropertyValue(response, "data.beam", mybeam))): Verify element property value successfully

2020-02-14 09:54:20 - [MESSAGE][PASSED] - Verify element property value successfully

2020-02-14 09:54:20 - [TEST_STEP][PASSED] - else: null

2020-02-14 09:54:20 - [TEST_STEP][PASSED] - beamFail = "P": null

2020-02-14 09:54:20 - [TEST_STEP][PASSED] - if (!(verifyElementPropertyValue(response, "data.product.down", myuff))): Verify element property value successfully

2020-02-14 09:54:20 - [MESSAGE][PASSED] - Verify element property value successfully

2020-02-14 09:54:20 - [TEST_STEP][PASSED] - else: null

2020-02-14 09:54:20 - [TEST_STEP][PASSED] - uffFail = "P": null

2020-02-14 09:54:20 - [TEST_STEP][PASSED] - jsonSlurper = new groovy.json.JsonSlurper(): null

2020-02-14 09:54:20 - [TEST_STEP][PASSED] - object = jsonSlurper.parseText(response.getResponseText()): null

2020-02-14 09:54:20 - [TEST_STEP][PASSED] - println(object): null

2020-02-14 09:54:20 - [TEST_STEP][PASSED] - mytest = plans: null

2020-02-14 09:54:20 - [TEST_STEP][PASSED] - variable = mytest: null

2020-02-14 09:54:20 - [MESSAGE][PASSED] - Verify response successfully

2020-02-14 09:54:20 - [MESSAGE][PASSED] - Send request and verify the response successfully

2020-02-14 09:54:20 - [TEST_STEP][PASSED] - setValueToCellByAddress(sheet01, "E" + mycount, variable): null

2020-02-14 09:54:20 - [TEST_STEP][PASSED] - saveWorkbook(excelFile01, workbook01): null]]></system-out>
         <system-err><![CDATA[]]></system-err>
      </testcase>
      <testcase name="Test Cases/Test_Beams_by_Zip_to_Excel" time="2.015" classname="Test Cases/Test_Beams_by_Zip_to_Excel" status="PASSED">
         <system-out><![CDATA[2020-02-14 09:54:21 - [TEST_CASE][PASSED] - Test Cases/Test_Beams_by_Zip_to_Excel: Test Cases/Test_Beams_by_Zip_to_Excel

2020-02-14 09:54:21 - [TEST_STEP][PASSED] - excelFile01 = "beams-test-results.xlsx": null

2020-02-14 09:54:21 - [TEST_STEP][PASSED] - ExpectedListSheetFile1 = ["Sheet1"]: null

2020-02-14 09:54:21 - [TEST_STEP][PASSED] - workbookFile01 = getWorkbook(excelFile01): null

2020-02-14 09:54:21 - [TEST_STEP][PASSED] - workbook01 = getWorkbook(excelFile01): null

2020-02-14 09:54:21 - [TEST_STEP][PASSED] - sheet01 = getExcelSheet(workbook01, "Sheet1"): null

2020-02-14 09:54:21 - [TEST_STEP][PASSED] - setValueToCellByAddress(sheet01, "A1", "TEST"): null

2020-02-14 09:54:21 - [TEST_STEP][PASSED] - setValueToCellByAddress(sheet01, "B1", "BEAM"): null

2020-02-14 09:54:21 - [TEST_STEP][PASSED] - setValueToCellByAddress(sheet01, "C1", "UFF"): null

2020-02-14 09:54:21 - [TEST_STEP][PASSED] - setValueToCellByAddress(sheet01, "D1", "PLAN"): null

2020-02-14 09:54:21 - [TEST_STEP][PASSED] - setValueToCellByAddress(sheet01, "E1", "API PLAN"): null

2020-02-14 09:54:21 - [TEST_STEP][PASSED] - mybeam = mybeam: null

2020-02-14 09:54:21 - [TEST_STEP][PASSED] - myuff = myuff: null

2020-02-14 09:54:21 - [TEST_STEP][PASSED] - myplan = myplan: null

2020-02-14 09:54:21 - [TEST_STEP][PASSED] - log = new com.kms.katalon.core.logging.KeywordLogger(): null

2020-02-14 09:54:21 - [TEST_STEP][PASSED] - log.logWarning("beam " + mybeam + " zip " + myzip + " upfront fees " + myuff + " plan " + myplan): beam 719 zip 64080 upfront fees 0 plan VS2 Best Offer B

2020-02-14 09:54:21 - [MESSAGE][WARNING] - beam 719 zip 64080 upfront fees 0 plan VS2 Best Offer B

2020-02-14 09:54:21 - [TEST_STEP][PASSED] - setValueToCellByAddress(sheet01, "B" + mycount, beamFail): null

2020-02-14 09:54:21 - [TEST_STEP][PASSED] - setValueToCellByAddress(sheet01, "C" + mycount, uffFail): null

2020-02-14 09:54:21 - [TEST_STEP][PASSED] - mycount = mycount + 1: null

2020-02-14 09:54:21 - [TEST_STEP][PASSED] - setValueToCellByAddress(sheet01, "A" + mycount, "beam " + mybeam + " zip " + myzip + " upfront fees " + myuff + " plan " + myplan): null

2020-02-14 09:54:21 - [TEST_STEP][PASSED] - setValueToCellByAddress(sheet01, "D" + mycount, myplan): null

2020-02-14 09:54:21 - [TEST_STEP][PASSED] - sendRequestAndVerify(findTestObject("Exede_Zip", ["myzip":myzip])): Send request and verify the response successfully

2020-02-14 09:54:22 - [MESSAGE][INFO] - HAR: /Users/jhampleman/jenkins-beam-tests-master/Reports/20200214_095028/RUN_Exede_Zip_Test/20200214_095028/requests/main/106.har

2020-02-14 09:54:22 - [TEST_CASE][PASSED] - Start Test Case : Verification: Verification accomplished successfully

2020-02-14 09:54:23 - [TEST_STEP][PASSED] - request = getInstance().getCurrentRequest(): null

2020-02-14 09:54:23 - [TEST_STEP][PASSED] - response = getInstance().getCurrentResponse(): null

2020-02-14 09:54:23 - [TEST_STEP][PASSED] - if (!(verifyElementPropertyValue(response, "data.beam", mybeam))): Verify element property value successfully

2020-02-14 09:54:23 - [MESSAGE][PASSED] - Verify element property value successfully

2020-02-14 09:54:23 - [TEST_STEP][PASSED] - else: null

2020-02-14 09:54:23 - [TEST_STEP][PASSED] - beamFail = "P": null

2020-02-14 09:54:23 - [TEST_STEP][PASSED] - if (!(verifyElementPropertyValue(response, "data.product.down", myuff))): Verify element property value successfully

2020-02-14 09:54:23 - [MESSAGE][PASSED] - Verify element property value successfully

2020-02-14 09:54:23 - [TEST_STEP][PASSED] - else: null

2020-02-14 09:54:23 - [TEST_STEP][PASSED] - uffFail = "P": null

2020-02-14 09:54:23 - [TEST_STEP][PASSED] - jsonSlurper = new groovy.json.JsonSlurper(): null

2020-02-14 09:54:23 - [TEST_STEP][PASSED] - object = jsonSlurper.parseText(response.getResponseText()): null

2020-02-14 09:54:23 - [TEST_STEP][PASSED] - println(object): null

2020-02-14 09:54:23 - [TEST_STEP][PASSED] - mytest = plans: null

2020-02-14 09:54:23 - [TEST_STEP][PASSED] - variable = mytest: null

2020-02-14 09:54:23 - [MESSAGE][PASSED] - Verify response successfully

2020-02-14 09:54:23 - [MESSAGE][PASSED] - Send request and verify the response successfully

2020-02-14 09:54:23 - [TEST_STEP][PASSED] - setValueToCellByAddress(sheet01, "E" + mycount, variable): null

2020-02-14 09:54:23 - [TEST_STEP][PASSED] - saveWorkbook(excelFile01, workbook01): null]]></system-out>
         <system-err><![CDATA[]]></system-err>
      </testcase>
      <testcase name="Test Cases/Test_Beams_by_Zip_to_Excel" time="1.947" classname="Test Cases/Test_Beams_by_Zip_to_Excel" status="PASSED">
         <system-out><![CDATA[2020-02-14 09:54:23 - [TEST_CASE][PASSED] - Test Cases/Test_Beams_by_Zip_to_Excel: Test Cases/Test_Beams_by_Zip_to_Excel

2020-02-14 09:54:23 - [TEST_STEP][PASSED] - excelFile01 = "beams-test-results.xlsx": null

2020-02-14 09:54:23 - [TEST_STEP][PASSED] - ExpectedListSheetFile1 = ["Sheet1"]: null

2020-02-14 09:54:23 - [TEST_STEP][PASSED] - workbookFile01 = getWorkbook(excelFile01): null

2020-02-14 09:54:23 - [TEST_STEP][PASSED] - workbook01 = getWorkbook(excelFile01): null

2020-02-14 09:54:23 - [TEST_STEP][PASSED] - sheet01 = getExcelSheet(workbook01, "Sheet1"): null

2020-02-14 09:54:23 - [TEST_STEP][PASSED] - setValueToCellByAddress(sheet01, "A1", "TEST"): null

2020-02-14 09:54:23 - [TEST_STEP][PASSED] - setValueToCellByAddress(sheet01, "B1", "BEAM"): null

2020-02-14 09:54:23 - [TEST_STEP][PASSED] - setValueToCellByAddress(sheet01, "C1", "UFF"): null

2020-02-14 09:54:23 - [TEST_STEP][PASSED] - setValueToCellByAddress(sheet01, "D1", "PLAN"): null

2020-02-14 09:54:23 - [TEST_STEP][PASSED] - setValueToCellByAddress(sheet01, "E1", "API PLAN"): null

2020-02-14 09:54:23 - [TEST_STEP][PASSED] - mybeam = mybeam: null

2020-02-14 09:54:23 - [TEST_STEP][PASSED] - myuff = myuff: null

2020-02-14 09:54:23 - [TEST_STEP][PASSED] - myplan = myplan: null

2020-02-14 09:54:23 - [TEST_STEP][PASSED] - log = new com.kms.katalon.core.logging.KeywordLogger(): null

2020-02-14 09:54:23 - [TEST_STEP][PASSED] - log.logWarning("beam " + mybeam + " zip " + myzip + " upfront fees " + myuff + " plan " + myplan): beam 720 zip 72015 upfront fees 0 plan VS2 Best Offer B

2020-02-14 09:54:23 - [MESSAGE][WARNING] - beam 720 zip 72015 upfront fees 0 plan VS2 Best Offer B

2020-02-14 09:54:23 - [TEST_STEP][PASSED] - setValueToCellByAddress(sheet01, "B" + mycount, beamFail): null

2020-02-14 09:54:23 - [TEST_STEP][PASSED] - setValueToCellByAddress(sheet01, "C" + mycount, uffFail): null

2020-02-14 09:54:23 - [TEST_STEP][PASSED] - mycount = mycount + 1: null

2020-02-14 09:54:23 - [TEST_STEP][PASSED] - setValueToCellByAddress(sheet01, "A" + mycount, "beam " + mybeam + " zip " + myzip + " upfront fees " + myuff + " plan " + myplan): null

2020-02-14 09:54:23 - [TEST_STEP][PASSED] - setValueToCellByAddress(sheet01, "D" + mycount, myplan): null

2020-02-14 09:54:23 - [TEST_STEP][PASSED] - sendRequestAndVerify(findTestObject("Exede_Zip", ["myzip":myzip])): Send request and verify the response successfully

2020-02-14 09:54:24 - [MESSAGE][INFO] - HAR: /Users/jhampleman/jenkins-beam-tests-master/Reports/20200214_095028/RUN_Exede_Zip_Test/20200214_095028/requests/main/107.har

2020-02-14 09:54:24 - [TEST_CASE][PASSED] - Start Test Case : Verification: Verification accomplished successfully

2020-02-14 09:54:24 - [TEST_STEP][PASSED] - request = getInstance().getCurrentRequest(): null

2020-02-14 09:54:24 - [TEST_STEP][PASSED] - response = getInstance().getCurrentResponse(): null

2020-02-14 09:54:24 - [TEST_STEP][PASSED] - if (!(verifyElementPropertyValue(response, "data.beam", mybeam))): Verify element property value successfully

2020-02-14 09:54:24 - [MESSAGE][PASSED] - Verify element property value successfully

2020-02-14 09:54:24 - [TEST_STEP][PASSED] - else: null

2020-02-14 09:54:24 - [TEST_STEP][PASSED] - beamFail = "P": null

2020-02-14 09:54:24 - [TEST_STEP][PASSED] - if (!(verifyElementPropertyValue(response, "data.product.down", myuff))): Verify element property value successfully

2020-02-14 09:54:24 - [MESSAGE][PASSED] - Verify element property value successfully

2020-02-14 09:54:24 - [TEST_STEP][PASSED] - else: null

2020-02-14 09:54:24 - [TEST_STEP][PASSED] - uffFail = "P": null

2020-02-14 09:54:24 - [TEST_STEP][PASSED] - jsonSlurper = new groovy.json.JsonSlurper(): null

2020-02-14 09:54:24 - [TEST_STEP][PASSED] - object = jsonSlurper.parseText(response.getResponseText()): null

2020-02-14 09:54:24 - [TEST_STEP][PASSED] - println(object): null

2020-02-14 09:54:24 - [TEST_STEP][PASSED] - mytest = plans: null

2020-02-14 09:54:24 - [TEST_STEP][PASSED] - variable = mytest: null

2020-02-14 09:54:24 - [MESSAGE][PASSED] - Verify response successfully

2020-02-14 09:54:24 - [MESSAGE][PASSED] - Send request and verify the response successfully

2020-02-14 09:54:24 - [TEST_STEP][PASSED] - setValueToCellByAddress(sheet01, "E" + mycount, variable): null

2020-02-14 09:54:24 - [TEST_STEP][PASSED] - saveWorkbook(excelFile01, workbook01): null]]></system-out>
         <system-err><![CDATA[]]></system-err>
      </testcase>
      <testcase name="Test Cases/Test_Beams_by_Zip_to_Excel" time="1.894" classname="Test Cases/Test_Beams_by_Zip_to_Excel" status="PASSED">
         <system-out><![CDATA[2020-02-14 09:54:25 - [TEST_CASE][PASSED] - Test Cases/Test_Beams_by_Zip_to_Excel: Test Cases/Test_Beams_by_Zip_to_Excel

2020-02-14 09:54:25 - [TEST_STEP][PASSED] - excelFile01 = "beams-test-results.xlsx": null

2020-02-14 09:54:25 - [TEST_STEP][PASSED] - ExpectedListSheetFile1 = ["Sheet1"]: null

2020-02-14 09:54:25 - [TEST_STEP][PASSED] - workbookFile01 = getWorkbook(excelFile01): null

2020-02-14 09:54:25 - [TEST_STEP][PASSED] - workbook01 = getWorkbook(excelFile01): null

2020-02-14 09:54:25 - [TEST_STEP][PASSED] - sheet01 = getExcelSheet(workbook01, "Sheet1"): null

2020-02-14 09:54:25 - [TEST_STEP][PASSED] - setValueToCellByAddress(sheet01, "A1", "TEST"): null

2020-02-14 09:54:25 - [TEST_STEP][PASSED] - setValueToCellByAddress(sheet01, "B1", "BEAM"): null

2020-02-14 09:54:25 - [TEST_STEP][PASSED] - setValueToCellByAddress(sheet01, "C1", "UFF"): null

2020-02-14 09:54:25 - [TEST_STEP][PASSED] - setValueToCellByAddress(sheet01, "D1", "PLAN"): null

2020-02-14 09:54:25 - [TEST_STEP][PASSED] - setValueToCellByAddress(sheet01, "E1", "API PLAN"): null

2020-02-14 09:54:25 - [TEST_STEP][PASSED] - mybeam = mybeam: null

2020-02-14 09:54:25 - [TEST_STEP][PASSED] - myuff = myuff: null

2020-02-14 09:54:25 - [TEST_STEP][PASSED] - myplan = myplan: null

2020-02-14 09:54:25 - [TEST_STEP][PASSED] - log = new com.kms.katalon.core.logging.KeywordLogger(): null

2020-02-14 09:54:25 - [TEST_STEP][PASSED] - log.logWarning("beam " + mybeam + " zip " + myzip + " upfront fees " + myuff + " plan " + myplan): beam 721 zip 50313 upfront fees 0 plan VS2 Best Offer B

2020-02-14 09:54:25 - [MESSAGE][WARNING] - beam 721 zip 50313 upfront fees 0 plan VS2 Best Offer B

2020-02-14 09:54:25 - [TEST_STEP][PASSED] - setValueToCellByAddress(sheet01, "B" + mycount, beamFail): null

2020-02-14 09:54:25 - [TEST_STEP][PASSED] - setValueToCellByAddress(sheet01, "C" + mycount, uffFail): null

2020-02-14 09:54:25 - [TEST_STEP][PASSED] - mycount = mycount + 1: null

2020-02-14 09:54:25 - [TEST_STEP][PASSED] - setValueToCellByAddress(sheet01, "A" + mycount, "beam " + mybeam + " zip " + myzip + " upfront fees " + myuff + " plan " + myplan): null

2020-02-14 09:54:25 - [TEST_STEP][PASSED] - setValueToCellByAddress(sheet01, "D" + mycount, myplan): null

2020-02-14 09:54:25 - [TEST_STEP][PASSED] - sendRequestAndVerify(findTestObject("Exede_Zip", ["myzip":myzip])): Send request and verify the response successfully

2020-02-14 09:54:26 - [MESSAGE][INFO] - HAR: /Users/jhampleman/jenkins-beam-tests-master/Reports/20200214_095028/RUN_Exede_Zip_Test/20200214_095028/requests/main/108.har

2020-02-14 09:54:26 - [TEST_CASE][PASSED] - Start Test Case : Verification: Verification accomplished successfully

2020-02-14 09:54:26 - [TEST_STEP][PASSED] - request = getInstance().getCurrentRequest(): null

2020-02-14 09:54:26 - [TEST_STEP][PASSED] - response = getInstance().getCurrentResponse(): null

2020-02-14 09:54:26 - [TEST_STEP][PASSED] - if (!(verifyElementPropertyValue(response, "data.beam", mybeam))): Verify element property value successfully

2020-02-14 09:54:26 - [MESSAGE][PASSED] - Verify element property value successfully

2020-02-14 09:54:26 - [TEST_STEP][PASSED] - else: null

2020-02-14 09:54:26 - [TEST_STEP][PASSED] - beamFail = "P": null

2020-02-14 09:54:26 - [TEST_STEP][PASSED] - if (!(verifyElementPropertyValue(response, "data.product.down", myuff))): Verify element property value successfully

2020-02-14 09:54:26 - [MESSAGE][PASSED] - Verify element property value successfully

2020-02-14 09:54:26 - [TEST_STEP][PASSED] - else: null

2020-02-14 09:54:26 - [TEST_STEP][PASSED] - uffFail = "P": null

2020-02-14 09:54:26 - [TEST_STEP][PASSED] - jsonSlurper = new groovy.json.JsonSlurper(): null

2020-02-14 09:54:26 - [TEST_STEP][PASSED] - object = jsonSlurper.parseText(response.getResponseText()): null

2020-02-14 09:54:26 - [TEST_STEP][PASSED] - println(object): null

2020-02-14 09:54:26 - [TEST_STEP][PASSED] - mytest = plans: null

2020-02-14 09:54:26 - [TEST_STEP][PASSED] - variable = mytest: null

2020-02-14 09:54:26 - [MESSAGE][PASSED] - Verify response successfully

2020-02-14 09:54:26 - [MESSAGE][PASSED] - Send request and verify the response successfully

2020-02-14 09:54:26 - [TEST_STEP][PASSED] - setValueToCellByAddress(sheet01, "E" + mycount, variable): null

2020-02-14 09:54:26 - [TEST_STEP][PASSED] - saveWorkbook(excelFile01, workbook01): null]]></system-out>
         <system-err><![CDATA[]]></system-err>
      </testcase>
      <testcase name="Test Cases/Test_Beams_by_Zip_to_Excel" time="1.971" classname="Test Cases/Test_Beams_by_Zip_to_Excel" status="PASSED">
         <system-out><![CDATA[2020-02-14 09:54:26 - [TEST_CASE][PASSED] - Test Cases/Test_Beams_by_Zip_to_Excel: Test Cases/Test_Beams_by_Zip_to_Excel

2020-02-14 09:54:26 - [TEST_STEP][PASSED] - excelFile01 = "beams-test-results.xlsx": null

2020-02-14 09:54:26 - [TEST_STEP][PASSED] - ExpectedListSheetFile1 = ["Sheet1"]: null

2020-02-14 09:54:26 - [TEST_STEP][PASSED] - workbookFile01 = getWorkbook(excelFile01): null

2020-02-14 09:54:26 - [TEST_STEP][PASSED] - workbook01 = getWorkbook(excelFile01): null

2020-02-14 09:54:26 - [TEST_STEP][PASSED] - sheet01 = getExcelSheet(workbook01, "Sheet1"): null

2020-02-14 09:54:26 - [TEST_STEP][PASSED] - setValueToCellByAddress(sheet01, "A1", "TEST"): null

2020-02-14 09:54:26 - [TEST_STEP][PASSED] - setValueToCellByAddress(sheet01, "B1", "BEAM"): null

2020-02-14 09:54:26 - [TEST_STEP][PASSED] - setValueToCellByAddress(sheet01, "C1", "UFF"): null

2020-02-14 09:54:26 - [TEST_STEP][PASSED] - setValueToCellByAddress(sheet01, "D1", "PLAN"): null

2020-02-14 09:54:26 - [TEST_STEP][PASSED] - setValueToCellByAddress(sheet01, "E1", "API PLAN"): null

2020-02-14 09:54:26 - [TEST_STEP][PASSED] - mybeam = mybeam: null

2020-02-14 09:54:26 - [TEST_STEP][PASSED] - myuff = myuff: null

2020-02-14 09:54:26 - [TEST_STEP][PASSED] - myplan = myplan: null

2020-02-14 09:54:26 - [TEST_STEP][PASSED] - log = new com.kms.katalon.core.logging.KeywordLogger(): null

2020-02-14 09:54:26 - [TEST_STEP][PASSED] - log.logWarning("beam " + mybeam + " zip " + myzip + " upfront fees " + myuff + " plan " + myplan): beam 722 zip 38017 upfront fees 0 plan VS2 Best Offer A

2020-02-14 09:54:26 - [MESSAGE][WARNING] - beam 722 zip 38017 upfront fees 0 plan VS2 Best Offer A

2020-02-14 09:54:26 - [TEST_STEP][PASSED] - setValueToCellByAddress(sheet01, "B" + mycount, beamFail): null

2020-02-14 09:54:26 - [TEST_STEP][PASSED] - setValueToCellByAddress(sheet01, "C" + mycount, uffFail): null

2020-02-14 09:54:26 - [TEST_STEP][PASSED] - mycount = mycount + 1: null

2020-02-14 09:54:26 - [TEST_STEP][PASSED] - setValueToCellByAddress(sheet01, "A" + mycount, "beam " + mybeam + " zip " + myzip + " upfront fees " + myuff + " plan " + myplan): null

2020-02-14 09:54:26 - [TEST_STEP][PASSED] - setValueToCellByAddress(sheet01, "D" + mycount, myplan): null

2020-02-14 09:54:26 - [TEST_STEP][PASSED] - sendRequestAndVerify(findTestObject("Exede_Zip", ["myzip":myzip])): Send request and verify the response successfully

2020-02-14 09:54:28 - [MESSAGE][INFO] - HAR: /Users/jhampleman/jenkins-beam-tests-master/Reports/20200214_095028/RUN_Exede_Zip_Test/20200214_095028/requests/main/109.har

2020-02-14 09:54:28 - [TEST_CASE][PASSED] - Start Test Case : Verification: Verification accomplished successfully

2020-02-14 09:54:28 - [TEST_STEP][PASSED] - request = getInstance().getCurrentRequest(): null

2020-02-14 09:54:28 - [TEST_STEP][PASSED] - response = getInstance().getCurrentResponse(): null

2020-02-14 09:54:28 - [TEST_STEP][PASSED] - if (!(verifyElementPropertyValue(response, "data.beam", mybeam))): Verify element property value successfully

2020-02-14 09:54:28 - [MESSAGE][PASSED] - Verify element property value successfully

2020-02-14 09:54:28 - [TEST_STEP][PASSED] - else: null

2020-02-14 09:54:28 - [TEST_STEP][PASSED] - beamFail = "P": null

2020-02-14 09:54:28 - [TEST_STEP][PASSED] - if (!(verifyElementPropertyValue(response, "data.product.down", myuff))): Verify element property value successfully

2020-02-14 09:54:28 - [MESSAGE][PASSED] - Verify element property value successfully

2020-02-14 09:54:28 - [TEST_STEP][PASSED] - else: null

2020-02-14 09:54:28 - [TEST_STEP][PASSED] - uffFail = "P": null

2020-02-14 09:54:28 - [TEST_STEP][PASSED] - jsonSlurper = new groovy.json.JsonSlurper(): null

2020-02-14 09:54:28 - [TEST_STEP][PASSED] - object = jsonSlurper.parseText(response.getResponseText()): null

2020-02-14 09:54:28 - [TEST_STEP][PASSED] - println(object): null

2020-02-14 09:54:28 - [TEST_STEP][PASSED] - mytest = plans: null

2020-02-14 09:54:28 - [TEST_STEP][PASSED] - variable = mytest: null

2020-02-14 09:54:28 - [MESSAGE][PASSED] - Verify response successfully

2020-02-14 09:54:28 - [MESSAGE][PASSED] - Send request and verify the response successfully

2020-02-14 09:54:28 - [TEST_STEP][PASSED] - setValueToCellByAddress(sheet01, "E" + mycount, variable): null

2020-02-14 09:54:28 - [TEST_STEP][PASSED] - saveWorkbook(excelFile01, workbook01): null]]></system-out>
         <system-err><![CDATA[]]></system-err>
      </testcase>
      <testcase name="Test Cases/Test_Beams_by_Zip_to_Excel" time="1.891" classname="Test Cases/Test_Beams_by_Zip_to_Excel" status="PASSED">
         <system-out><![CDATA[2020-02-14 09:54:28 - [TEST_CASE][PASSED] - Test Cases/Test_Beams_by_Zip_to_Excel: Test Cases/Test_Beams_by_Zip_to_Excel

2020-02-14 09:54:28 - [TEST_STEP][PASSED] - excelFile01 = "beams-test-results.xlsx": null

2020-02-14 09:54:28 - [TEST_STEP][PASSED] - ExpectedListSheetFile1 = ["Sheet1"]: null

2020-02-14 09:54:28 - [TEST_STEP][PASSED] - workbookFile01 = getWorkbook(excelFile01): null

2020-02-14 09:54:28 - [TEST_STEP][PASSED] - workbook01 = getWorkbook(excelFile01): null

2020-02-14 09:54:28 - [TEST_STEP][PASSED] - sheet01 = getExcelSheet(workbook01, "Sheet1"): null

2020-02-14 09:54:28 - [TEST_STEP][PASSED] - setValueToCellByAddress(sheet01, "A1", "TEST"): null

2020-02-14 09:54:28 - [TEST_STEP][PASSED] - setValueToCellByAddress(sheet01, "B1", "BEAM"): null

2020-02-14 09:54:28 - [TEST_STEP][PASSED] - setValueToCellByAddress(sheet01, "C1", "UFF"): null

2020-02-14 09:54:28 - [TEST_STEP][PASSED] - setValueToCellByAddress(sheet01, "D1", "PLAN"): null

2020-02-14 09:54:28 - [TEST_STEP][PASSED] - setValueToCellByAddress(sheet01, "E1", "API PLAN"): null

2020-02-14 09:54:28 - [TEST_STEP][PASSED] - mybeam = mybeam: null

2020-02-14 09:54:28 - [TEST_STEP][PASSED] - myuff = myuff: null

2020-02-14 09:54:28 - [TEST_STEP][PASSED] - myplan = myplan: null

2020-02-14 09:54:28 - [TEST_STEP][PASSED] - log = new com.kms.katalon.core.logging.KeywordLogger(): null

2020-02-14 09:54:28 - [TEST_STEP][PASSED] - log.logWarning("beam " + mybeam + " zip " + myzip + " upfront fees " + myuff + " plan " + myplan): beam 723 zip 55401 upfront fees 0 plan VS2 Best Offer B

2020-02-14 09:54:28 - [MESSAGE][WARNING] - beam 723 zip 55401 upfront fees 0 plan VS2 Best Offer B

2020-02-14 09:54:28 - [TEST_STEP][PASSED] - setValueToCellByAddress(sheet01, "B" + mycount, beamFail): null

2020-02-14 09:54:28 - [TEST_STEP][PASSED] - setValueToCellByAddress(sheet01, "C" + mycount, uffFail): null

2020-02-14 09:54:28 - [TEST_STEP][PASSED] - mycount = mycount + 1: null

2020-02-14 09:54:28 - [TEST_STEP][PASSED] - setValueToCellByAddress(sheet01, "A" + mycount, "beam " + mybeam + " zip " + myzip + " upfront fees " + myuff + " plan " + myplan): null

2020-02-14 09:54:28 - [TEST_STEP][PASSED] - setValueToCellByAddress(sheet01, "D" + mycount, myplan): null

2020-02-14 09:54:28 - [TEST_STEP][PASSED] - sendRequestAndVerify(findTestObject("Exede_Zip", ["myzip":myzip])): Send request and verify the response successfully

2020-02-14 09:54:30 - [MESSAGE][INFO] - HAR: /Users/jhampleman/jenkins-beam-tests-master/Reports/20200214_095028/RUN_Exede_Zip_Test/20200214_095028/requests/main/110.har

2020-02-14 09:54:30 - [TEST_CASE][PASSED] - Start Test Case : Verification: Verification accomplished successfully

2020-02-14 09:54:30 - [TEST_STEP][PASSED] - request = getInstance().getCurrentRequest(): null

2020-02-14 09:54:30 - [TEST_STEP][PASSED] - response = getInstance().getCurrentResponse(): null

2020-02-14 09:54:30 - [TEST_STEP][PASSED] - if (!(verifyElementPropertyValue(response, "data.beam", mybeam))): Verify element property value successfully

2020-02-14 09:54:30 - [MESSAGE][PASSED] - Verify element property value successfully

2020-02-14 09:54:30 - [TEST_STEP][PASSED] - else: null

2020-02-14 09:54:30 - [TEST_STEP][PASSED] - beamFail = "P": null

2020-02-14 09:54:30 - [TEST_STEP][PASSED] - if (!(verifyElementPropertyValue(response, "data.product.down", myuff))): Verify element property value successfully

2020-02-14 09:54:30 - [MESSAGE][PASSED] - Verify element property value successfully

2020-02-14 09:54:30 - [TEST_STEP][PASSED] - else: null

2020-02-14 09:54:30 - [TEST_STEP][PASSED] - uffFail = "P": null

2020-02-14 09:54:30 - [TEST_STEP][PASSED] - jsonSlurper = new groovy.json.JsonSlurper(): null

2020-02-14 09:54:30 - [TEST_STEP][PASSED] - object = jsonSlurper.parseText(response.getResponseText()): null

2020-02-14 09:54:30 - [TEST_STEP][PASSED] - println(object): null

2020-02-14 09:54:30 - [TEST_STEP][PASSED] - mytest = plans: null

2020-02-14 09:54:30 - [TEST_STEP][PASSED] - variable = mytest: null

2020-02-14 09:54:30 - [MESSAGE][PASSED] - Verify response successfully

2020-02-14 09:54:30 - [MESSAGE][PASSED] - Send request and verify the response successfully

2020-02-14 09:54:30 - [TEST_STEP][PASSED] - setValueToCellByAddress(sheet01, "E" + mycount, variable): null

2020-02-14 09:54:30 - [TEST_STEP][PASSED] - saveWorkbook(excelFile01, workbook01): null]]></system-out>
         <system-err><![CDATA[]]></system-err>
      </testcase>
      <testcase name="Test Cases/Test_Beams_by_Zip_to_Excel" time="2.032" classname="Test Cases/Test_Beams_by_Zip_to_Excel" status="PASSED">
         <system-out><![CDATA[2020-02-14 09:54:30 - [TEST_CASE][PASSED] - Test Cases/Test_Beams_by_Zip_to_Excel: Test Cases/Test_Beams_by_Zip_to_Excel

2020-02-14 09:54:30 - [TEST_STEP][PASSED] - excelFile01 = "beams-test-results.xlsx": null

2020-02-14 09:54:30 - [TEST_STEP][PASSED] - ExpectedListSheetFile1 = ["Sheet1"]: null

2020-02-14 09:54:30 - [TEST_STEP][PASSED] - workbookFile01 = getWorkbook(excelFile01): null

2020-02-14 09:54:30 - [TEST_STEP][PASSED] - workbook01 = getWorkbook(excelFile01): null

2020-02-14 09:54:30 - [TEST_STEP][PASSED] - sheet01 = getExcelSheet(workbook01, "Sheet1"): null

2020-02-14 09:54:30 - [TEST_STEP][PASSED] - setValueToCellByAddress(sheet01, "A1", "TEST"): null

2020-02-14 09:54:30 - [TEST_STEP][PASSED] - setValueToCellByAddress(sheet01, "B1", "BEAM"): null

2020-02-14 09:54:30 - [TEST_STEP][PASSED] - setValueToCellByAddress(sheet01, "C1", "UFF"): null

2020-02-14 09:54:30 - [TEST_STEP][PASSED] - setValueToCellByAddress(sheet01, "D1", "PLAN"): null

2020-02-14 09:54:30 - [TEST_STEP][PASSED] - setValueToCellByAddress(sheet01, "E1", "API PLAN"): null

2020-02-14 09:54:30 - [TEST_STEP][PASSED] - mybeam = mybeam: null

2020-02-14 09:54:30 - [TEST_STEP][PASSED] - myuff = myuff: null

2020-02-14 09:54:30 - [TEST_STEP][PASSED] - myplan = myplan: null

2020-02-14 09:54:30 - [TEST_STEP][PASSED] - log = new com.kms.katalon.core.logging.KeywordLogger(): null

2020-02-14 09:54:30 - [TEST_STEP][PASSED] - log.logWarning("beam " + mybeam + " zip " + myzip + " upfront fees " + myuff + " plan " + myplan): beam 724 zip 62295 upfront fees 0 plan VS2 Best Offer B

2020-02-14 09:54:30 - [MESSAGE][WARNING] - beam 724 zip 62295 upfront fees 0 plan VS2 Best Offer B

2020-02-14 09:54:30 - [TEST_STEP][PASSED] - setValueToCellByAddress(sheet01, "B" + mycount, beamFail): null

2020-02-14 09:54:30 - [TEST_STEP][PASSED] - setValueToCellByAddress(sheet01, "C" + mycount, uffFail): null

2020-02-14 09:54:30 - [TEST_STEP][PASSED] - mycount = mycount + 1: null

2020-02-14 09:54:30 - [TEST_STEP][PASSED] - setValueToCellByAddress(sheet01, "A" + mycount, "beam " + mybeam + " zip " + myzip + " upfront fees " + myuff + " plan " + myplan): null

2020-02-14 09:54:30 - [TEST_STEP][PASSED] - setValueToCellByAddress(sheet01, "D" + mycount, myplan): null

2020-02-14 09:54:30 - [TEST_STEP][PASSED] - sendRequestAndVerify(findTestObject("Exede_Zip", ["myzip":myzip])): Send request and verify the response successfully

2020-02-14 09:54:32 - [MESSAGE][INFO] - HAR: /Users/jhampleman/jenkins-beam-tests-master/Reports/20200214_095028/RUN_Exede_Zip_Test/20200214_095028/requests/main/111.har

2020-02-14 09:54:32 - [TEST_CASE][PASSED] - Start Test Case : Verification: Verification accomplished successfully

2020-02-14 09:54:32 - [TEST_STEP][PASSED] - request = getInstance().getCurrentRequest(): null

2020-02-14 09:54:32 - [TEST_STEP][PASSED] - response = getInstance().getCurrentResponse(): null

2020-02-14 09:54:32 - [TEST_STEP][PASSED] - if (!(verifyElementPropertyValue(response, "data.beam", mybeam))): Verify element property value successfully

2020-02-14 09:54:32 - [MESSAGE][PASSED] - Verify element property value successfully

2020-02-14 09:54:32 - [TEST_STEP][PASSED] - else: null

2020-02-14 09:54:32 - [TEST_STEP][PASSED] - beamFail = "P": null

2020-02-14 09:54:32 - [TEST_STEP][PASSED] - if (!(verifyElementPropertyValue(response, "data.product.down", myuff))): Verify element property value successfully

2020-02-14 09:54:32 - [MESSAGE][PASSED] - Verify element property value successfully

2020-02-14 09:54:32 - [TEST_STEP][PASSED] - else: null

2020-02-14 09:54:32 - [TEST_STEP][PASSED] - uffFail = "P": null

2020-02-14 09:54:32 - [TEST_STEP][PASSED] - jsonSlurper = new groovy.json.JsonSlurper(): null

2020-02-14 09:54:32 - [TEST_STEP][PASSED] - object = jsonSlurper.parseText(response.getResponseText()): null

2020-02-14 09:54:32 - [TEST_STEP][PASSED] - println(object): null

2020-02-14 09:54:32 - [TEST_STEP][PASSED] - mytest = plans: null

2020-02-14 09:54:32 - [TEST_STEP][PASSED] - variable = mytest: null

2020-02-14 09:54:32 - [MESSAGE][PASSED] - Verify response successfully

2020-02-14 09:54:32 - [MESSAGE][PASSED] - Send request and verify the response successfully

2020-02-14 09:54:32 - [TEST_STEP][PASSED] - setValueToCellByAddress(sheet01, "E" + mycount, variable): null

2020-02-14 09:54:32 - [TEST_STEP][PASSED] - saveWorkbook(excelFile01, workbook01): null]]></system-out>
         <system-err><![CDATA[]]></system-err>
      </testcase>
      <testcase name="Test Cases/Test_Beams_by_Zip_to_Excel" time="1.93" classname="Test Cases/Test_Beams_by_Zip_to_Excel" status="PASSED">
         <system-out><![CDATA[2020-02-14 09:54:32 - [TEST_CASE][PASSED] - Test Cases/Test_Beams_by_Zip_to_Excel: Test Cases/Test_Beams_by_Zip_to_Excel

2020-02-14 09:54:32 - [TEST_STEP][PASSED] - excelFile01 = "beams-test-results.xlsx": null

2020-02-14 09:54:32 - [TEST_STEP][PASSED] - ExpectedListSheetFile1 = ["Sheet1"]: null

2020-02-14 09:54:32 - [TEST_STEP][PASSED] - workbookFile01 = getWorkbook(excelFile01): null

2020-02-14 09:54:32 - [TEST_STEP][PASSED] - workbook01 = getWorkbook(excelFile01): null

2020-02-14 09:54:32 - [TEST_STEP][PASSED] - sheet01 = getExcelSheet(workbook01, "Sheet1"): null

2020-02-14 09:54:32 - [TEST_STEP][PASSED] - setValueToCellByAddress(sheet01, "A1", "TEST"): null

2020-02-14 09:54:32 - [TEST_STEP][PASSED] - setValueToCellByAddress(sheet01, "B1", "BEAM"): null

2020-02-14 09:54:32 - [TEST_STEP][PASSED] - setValueToCellByAddress(sheet01, "C1", "UFF"): null

2020-02-14 09:54:32 - [TEST_STEP][PASSED] - setValueToCellByAddress(sheet01, "D1", "PLAN"): null

2020-02-14 09:54:32 - [TEST_STEP][PASSED] - setValueToCellByAddress(sheet01, "E1", "API PLAN"): null

2020-02-14 09:54:32 - [TEST_STEP][PASSED] - mybeam = mybeam: null

2020-02-14 09:54:32 - [TEST_STEP][PASSED] - myuff = myuff: null

2020-02-14 09:54:32 - [TEST_STEP][PASSED] - myplan = myplan: null

2020-02-14 09:54:32 - [TEST_STEP][PASSED] - log = new com.kms.katalon.core.logging.KeywordLogger(): null

2020-02-14 09:54:32 - [TEST_STEP][PASSED] - log.logWarning("beam " + mybeam + " zip " + myzip + " upfront fees " + myuff + " plan " + myplan): beam 725 zip 35020 upfront fees 0 plan VS2 Best Offer B

2020-02-14 09:54:32 - [MESSAGE][WARNING] - beam 725 zip 35020 upfront fees 0 plan VS2 Best Offer B

2020-02-14 09:54:32 - [TEST_STEP][PASSED] - setValueToCellByAddress(sheet01, "B" + mycount, beamFail): null

2020-02-14 09:54:32 - [TEST_STEP][PASSED] - setValueToCellByAddress(sheet01, "C" + mycount, uffFail): null

2020-02-14 09:54:32 - [TEST_STEP][PASSED] - mycount = mycount + 1: null

2020-02-14 09:54:32 - [TEST_STEP][PASSED] - setValueToCellByAddress(sheet01, "A" + mycount, "beam " + mybeam + " zip " + myzip + " upfront fees " + myuff + " plan " + myplan): null

2020-02-14 09:54:32 - [TEST_STEP][PASSED] - setValueToCellByAddress(sheet01, "D" + mycount, myplan): null

2020-02-14 09:54:32 - [TEST_STEP][PASSED] - sendRequestAndVerify(findTestObject("Exede_Zip", ["myzip":myzip])): Send request and verify the response successfully

2020-02-14 09:54:34 - [MESSAGE][INFO] - HAR: /Users/jhampleman/jenkins-beam-tests-master/Reports/20200214_095028/RUN_Exede_Zip_Test/20200214_095028/requests/main/112.har

2020-02-14 09:54:34 - [TEST_CASE][PASSED] - Start Test Case : Verification: Verification accomplished successfully

2020-02-14 09:54:34 - [TEST_STEP][PASSED] - request = getInstance().getCurrentRequest(): null

2020-02-14 09:54:34 - [TEST_STEP][PASSED] - response = getInstance().getCurrentResponse(): null

2020-02-14 09:54:34 - [TEST_STEP][PASSED] - if (!(verifyElementPropertyValue(response, "data.beam", mybeam))): Verify element property value successfully

2020-02-14 09:54:34 - [MESSAGE][PASSED] - Verify element property value successfully

2020-02-14 09:54:34 - [TEST_STEP][PASSED] - else: null

2020-02-14 09:54:34 - [TEST_STEP][PASSED] - beamFail = "P": null

2020-02-14 09:54:34 - [TEST_STEP][PASSED] - if (!(verifyElementPropertyValue(response, "data.product.down", myuff))): Verify element property value successfully

2020-02-14 09:54:34 - [MESSAGE][PASSED] - Verify element property value successfully

2020-02-14 09:54:34 - [TEST_STEP][PASSED] - else: null

2020-02-14 09:54:34 - [TEST_STEP][PASSED] - uffFail = "P": null

2020-02-14 09:54:34 - [TEST_STEP][PASSED] - jsonSlurper = new groovy.json.JsonSlurper(): null

2020-02-14 09:54:34 - [TEST_STEP][PASSED] - object = jsonSlurper.parseText(response.getResponseText()): null

2020-02-14 09:54:34 - [TEST_STEP][PASSED] - println(object): null

2020-02-14 09:54:34 - [TEST_STEP][PASSED] - mytest = plans: null

2020-02-14 09:54:34 - [TEST_STEP][PASSED] - variable = mytest: null

2020-02-14 09:54:34 - [MESSAGE][PASSED] - Verify response successfully

2020-02-14 09:54:34 - [MESSAGE][PASSED] - Send request and verify the response successfully

2020-02-14 09:54:34 - [TEST_STEP][PASSED] - setValueToCellByAddress(sheet01, "E" + mycount, variable): null

2020-02-14 09:54:34 - [TEST_STEP][PASSED] - saveWorkbook(excelFile01, workbook01): null]]></system-out>
         <system-err><![CDATA[]]></system-err>
      </testcase>
      <testcase name="Test Cases/Test_Beams_by_Zip_to_Excel" time="2.043" classname="Test Cases/Test_Beams_by_Zip_to_Excel" status="PASSED">
         <system-out><![CDATA[2020-02-14 09:54:34 - [TEST_CASE][PASSED] - Test Cases/Test_Beams_by_Zip_to_Excel: Test Cases/Test_Beams_by_Zip_to_Excel

2020-02-14 09:54:34 - [TEST_STEP][PASSED] - excelFile01 = "beams-test-results.xlsx": null

2020-02-14 09:54:34 - [TEST_STEP][PASSED] - ExpectedListSheetFile1 = ["Sheet1"]: null

2020-02-14 09:54:34 - [TEST_STEP][PASSED] - workbookFile01 = getWorkbook(excelFile01): null

2020-02-14 09:54:34 - [TEST_STEP][PASSED] - workbook01 = getWorkbook(excelFile01): null

2020-02-14 09:54:34 - [TEST_STEP][PASSED] - sheet01 = getExcelSheet(workbook01, "Sheet1"): null

2020-02-14 09:54:34 - [TEST_STEP][PASSED] - setValueToCellByAddress(sheet01, "A1", "TEST"): null

2020-02-14 09:54:34 - [TEST_STEP][PASSED] - setValueToCellByAddress(sheet01, "B1", "BEAM"): null

2020-02-14 09:54:34 - [TEST_STEP][PASSED] - setValueToCellByAddress(sheet01, "C1", "UFF"): null

2020-02-14 09:54:34 - [TEST_STEP][PASSED] - setValueToCellByAddress(sheet01, "D1", "PLAN"): null

2020-02-14 09:54:34 - [TEST_STEP][PASSED] - setValueToCellByAddress(sheet01, "E1", "API PLAN"): null

2020-02-14 09:54:34 - [TEST_STEP][PASSED] - mybeam = mybeam: null

2020-02-14 09:54:34 - [TEST_STEP][PASSED] - myuff = myuff: null

2020-02-14 09:54:34 - [TEST_STEP][PASSED] - myplan = myplan: null

2020-02-14 09:54:34 - [TEST_STEP][PASSED] - log = new com.kms.katalon.core.logging.KeywordLogger(): null

2020-02-14 09:54:34 - [TEST_STEP][PASSED] - log.logWarning("beam " + mybeam + " zip " + myzip + " upfront fees " + myuff + " plan " + myplan): beam 727 zip 53214 upfront fees 0 plan VS2 Best Offer B

2020-02-14 09:54:34 - [MESSAGE][WARNING] - beam 727 zip 53214 upfront fees 0 plan VS2 Best Offer B

2020-02-14 09:54:34 - [TEST_STEP][PASSED] - setValueToCellByAddress(sheet01, "B" + mycount, beamFail): null

2020-02-14 09:54:34 - [TEST_STEP][PASSED] - setValueToCellByAddress(sheet01, "C" + mycount, uffFail): null

2020-02-14 09:54:34 - [TEST_STEP][PASSED] - mycount = mycount + 1: null

2020-02-14 09:54:34 - [TEST_STEP][PASSED] - setValueToCellByAddress(sheet01, "A" + mycount, "beam " + mybeam + " zip " + myzip + " upfront fees " + myuff + " plan " + myplan): null

2020-02-14 09:54:34 - [TEST_STEP][PASSED] - setValueToCellByAddress(sheet01, "D" + mycount, myplan): null

2020-02-14 09:54:34 - [TEST_STEP][PASSED] - sendRequestAndVerify(findTestObject("Exede_Zip", ["myzip":myzip])): Send request and verify the response successfully

2020-02-14 09:54:36 - [MESSAGE][INFO] - HAR: /Users/jhampleman/jenkins-beam-tests-master/Reports/20200214_095028/RUN_Exede_Zip_Test/20200214_095028/requests/main/113.har

2020-02-14 09:54:36 - [TEST_CASE][PASSED] - Start Test Case : Verification: Verification accomplished successfully

2020-02-14 09:54:36 - [TEST_STEP][PASSED] - request = getInstance().getCurrentRequest(): null

2020-02-14 09:54:36 - [TEST_STEP][PASSED] - response = getInstance().getCurrentResponse(): null

2020-02-14 09:54:36 - [TEST_STEP][PASSED] - if (!(verifyElementPropertyValue(response, "data.beam", mybeam))): Verify element property value successfully

2020-02-14 09:54:36 - [MESSAGE][PASSED] - Verify element property value successfully

2020-02-14 09:54:36 - [TEST_STEP][PASSED] - else: null

2020-02-14 09:54:36 - [TEST_STEP][PASSED] - beamFail = "P": null

2020-02-14 09:54:36 - [TEST_STEP][PASSED] - if (!(verifyElementPropertyValue(response, "data.product.down", myuff))): Verify element property value successfully

2020-02-14 09:54:36 - [MESSAGE][PASSED] - Verify element property value successfully

2020-02-14 09:54:36 - [TEST_STEP][PASSED] - else: null

2020-02-14 09:54:36 - [TEST_STEP][PASSED] - uffFail = "P": null

2020-02-14 09:54:36 - [TEST_STEP][PASSED] - jsonSlurper = new groovy.json.JsonSlurper(): null

2020-02-14 09:54:36 - [TEST_STEP][PASSED] - object = jsonSlurper.parseText(response.getResponseText()): null

2020-02-14 09:54:36 - [TEST_STEP][PASSED] - println(object): null

2020-02-14 09:54:36 - [TEST_STEP][PASSED] - mytest = plans: null

2020-02-14 09:54:36 - [TEST_STEP][PASSED] - variable = mytest: null

2020-02-14 09:54:36 - [MESSAGE][PASSED] - Verify response successfully

2020-02-14 09:54:36 - [MESSAGE][PASSED] - Send request and verify the response successfully

2020-02-14 09:54:36 - [TEST_STEP][PASSED] - setValueToCellByAddress(sheet01, "E" + mycount, variable): null

2020-02-14 09:54:36 - [TEST_STEP][PASSED] - saveWorkbook(excelFile01, workbook01): null]]></system-out>
         <system-err><![CDATA[]]></system-err>
      </testcase>
      <testcase name="Test Cases/Test_Beams_by_Zip_to_Excel" time="1.868" classname="Test Cases/Test_Beams_by_Zip_to_Excel" status="PASSED">
         <system-out><![CDATA[2020-02-14 09:54:36 - [TEST_CASE][PASSED] - Test Cases/Test_Beams_by_Zip_to_Excel: Test Cases/Test_Beams_by_Zip_to_Excel

2020-02-14 09:54:36 - [TEST_STEP][PASSED] - excelFile01 = "beams-test-results.xlsx": null

2020-02-14 09:54:36 - [TEST_STEP][PASSED] - ExpectedListSheetFile1 = ["Sheet1"]: null

2020-02-14 09:54:36 - [TEST_STEP][PASSED] - workbookFile01 = getWorkbook(excelFile01): null

2020-02-14 09:54:36 - [TEST_STEP][PASSED] - workbook01 = getWorkbook(excelFile01): null

2020-02-14 09:54:36 - [TEST_STEP][PASSED] - sheet01 = getExcelSheet(workbook01, "Sheet1"): null

2020-02-14 09:54:36 - [TEST_STEP][PASSED] - setValueToCellByAddress(sheet01, "A1", "TEST"): null

2020-02-14 09:54:36 - [TEST_STEP][PASSED] - setValueToCellByAddress(sheet01, "B1", "BEAM"): null

2020-02-14 09:54:36 - [TEST_STEP][PASSED] - setValueToCellByAddress(sheet01, "C1", "UFF"): null

2020-02-14 09:54:36 - [TEST_STEP][PASSED] - setValueToCellByAddress(sheet01, "D1", "PLAN"): null

2020-02-14 09:54:36 - [TEST_STEP][PASSED] - setValueToCellByAddress(sheet01, "E1", "API PLAN"): null

2020-02-14 09:54:36 - [TEST_STEP][PASSED] - mybeam = mybeam: null

2020-02-14 09:54:36 - [TEST_STEP][PASSED] - myuff = myuff: null

2020-02-14 09:54:36 - [TEST_STEP][PASSED] - myplan = myplan: null

2020-02-14 09:54:36 - [TEST_STEP][PASSED] - log = new com.kms.katalon.core.logging.KeywordLogger(): null

2020-02-14 09:54:36 - [TEST_STEP][PASSED] - log.logWarning("beam " + mybeam + " zip " + myzip + " upfront fees " + myuff + " plan " + myplan): beam 728 zip 46183 upfront fees 0 plan VS2 Best Offer B

2020-02-14 09:54:36 - [MESSAGE][WARNING] - beam 728 zip 46183 upfront fees 0 plan VS2 Best Offer B

2020-02-14 09:54:36 - [TEST_STEP][PASSED] - setValueToCellByAddress(sheet01, "B" + mycount, beamFail): null

2020-02-14 09:54:36 - [TEST_STEP][PASSED] - setValueToCellByAddress(sheet01, "C" + mycount, uffFail): null

2020-02-14 09:54:36 - [TEST_STEP][PASSED] - mycount = mycount + 1: null

2020-02-14 09:54:36 - [TEST_STEP][PASSED] - setValueToCellByAddress(sheet01, "A" + mycount, "beam " + mybeam + " zip " + myzip + " upfront fees " + myuff + " plan " + myplan): null

2020-02-14 09:54:36 - [TEST_STEP][PASSED] - setValueToCellByAddress(sheet01, "D" + mycount, myplan): null

2020-02-14 09:54:36 - [TEST_STEP][PASSED] - sendRequestAndVerify(findTestObject("Exede_Zip", ["myzip":myzip])): Send request and verify the response successfully

2020-02-14 09:54:38 - [MESSAGE][INFO] - HAR: /Users/jhampleman/jenkins-beam-tests-master/Reports/20200214_095028/RUN_Exede_Zip_Test/20200214_095028/requests/main/114.har

2020-02-14 09:54:38 - [TEST_CASE][PASSED] - Start Test Case : Verification: Verification accomplished successfully

2020-02-14 09:54:38 - [TEST_STEP][PASSED] - request = getInstance().getCurrentRequest(): null

2020-02-14 09:54:38 - [TEST_STEP][PASSED] - response = getInstance().getCurrentResponse(): null

2020-02-14 09:54:38 - [TEST_STEP][PASSED] - if (!(verifyElementPropertyValue(response, "data.beam", mybeam))): Verify element property value successfully

2020-02-14 09:54:38 - [MESSAGE][PASSED] - Verify element property value successfully

2020-02-14 09:54:38 - [TEST_STEP][PASSED] - else: null

2020-02-14 09:54:38 - [TEST_STEP][PASSED] - beamFail = "P": null

2020-02-14 09:54:38 - [TEST_STEP][PASSED] - if (!(verifyElementPropertyValue(response, "data.product.down", myuff))): Verify element property value successfully

2020-02-14 09:54:38 - [MESSAGE][PASSED] - Verify element property value successfully

2020-02-14 09:54:38 - [TEST_STEP][PASSED] - else: null

2020-02-14 09:54:38 - [TEST_STEP][PASSED] - uffFail = "P": null

2020-02-14 09:54:38 - [TEST_STEP][PASSED] - jsonSlurper = new groovy.json.JsonSlurper(): null

2020-02-14 09:54:38 - [TEST_STEP][PASSED] - object = jsonSlurper.parseText(response.getResponseText()): null

2020-02-14 09:54:38 - [TEST_STEP][PASSED] - println(object): null

2020-02-14 09:54:38 - [TEST_STEP][PASSED] - mytest = plans: null

2020-02-14 09:54:38 - [TEST_STEP][PASSED] - variable = mytest: null

2020-02-14 09:54:38 - [MESSAGE][PASSED] - Verify response successfully

2020-02-14 09:54:38 - [MESSAGE][PASSED] - Send request and verify the response successfully

2020-02-14 09:54:38 - [TEST_STEP][PASSED] - setValueToCellByAddress(sheet01, "E" + mycount, variable): null

2020-02-14 09:54:38 - [TEST_STEP][PASSED] - saveWorkbook(excelFile01, workbook01): null]]></system-out>
         <system-err><![CDATA[]]></system-err>
      </testcase>
      <testcase name="Test Cases/Test_Beams_by_Zip_to_Excel" time="1.903" classname="Test Cases/Test_Beams_by_Zip_to_Excel" status="PASSED">
         <system-out><![CDATA[2020-02-14 09:54:38 - [TEST_CASE][PASSED] - Test Cases/Test_Beams_by_Zip_to_Excel: Test Cases/Test_Beams_by_Zip_to_Excel

2020-02-14 09:54:38 - [TEST_STEP][PASSED] - excelFile01 = "beams-test-results.xlsx": null

2020-02-14 09:54:38 - [TEST_STEP][PASSED] - ExpectedListSheetFile1 = ["Sheet1"]: null

2020-02-14 09:54:38 - [TEST_STEP][PASSED] - workbookFile01 = getWorkbook(excelFile01): null

2020-02-14 09:54:38 - [TEST_STEP][PASSED] - workbook01 = getWorkbook(excelFile01): null

2020-02-14 09:54:38 - [TEST_STEP][PASSED] - sheet01 = getExcelSheet(workbook01, "Sheet1"): null

2020-02-14 09:54:38 - [TEST_STEP][PASSED] - setValueToCellByAddress(sheet01, "A1", "TEST"): null

2020-02-14 09:54:38 - [TEST_STEP][PASSED] - setValueToCellByAddress(sheet01, "B1", "BEAM"): null

2020-02-14 09:54:38 - [TEST_STEP][PASSED] - setValueToCellByAddress(sheet01, "C1", "UFF"): null

2020-02-14 09:54:38 - [TEST_STEP][PASSED] - setValueToCellByAddress(sheet01, "D1", "PLAN"): null

2020-02-14 09:54:38 - [TEST_STEP][PASSED] - setValueToCellByAddress(sheet01, "E1", "API PLAN"): null

2020-02-14 09:54:38 - [TEST_STEP][PASSED] - mybeam = mybeam: null

2020-02-14 09:54:38 - [TEST_STEP][PASSED] - myuff = myuff: null

2020-02-14 09:54:38 - [TEST_STEP][PASSED] - myplan = myplan: null

2020-02-14 09:54:38 - [TEST_STEP][PASSED] - log = new com.kms.katalon.core.logging.KeywordLogger(): null

2020-02-14 09:54:38 - [TEST_STEP][PASSED] - log.logWarning("beam " + mybeam + " zip " + myzip + " upfront fees " + myuff + " plan " + myplan): beam 729 zip 30084 upfront fees 0 plan VS2 Best Offer B

2020-02-14 09:54:38 - [MESSAGE][WARNING] - beam 729 zip 30084 upfront fees 0 plan VS2 Best Offer B

2020-02-14 09:54:38 - [TEST_STEP][PASSED] - setValueToCellByAddress(sheet01, "B" + mycount, beamFail): null

2020-02-14 09:54:38 - [TEST_STEP][PASSED] - setValueToCellByAddress(sheet01, "C" + mycount, uffFail): null

2020-02-14 09:54:38 - [TEST_STEP][PASSED] - mycount = mycount + 1: null

2020-02-14 09:54:38 - [TEST_STEP][PASSED] - setValueToCellByAddress(sheet01, "A" + mycount, "beam " + mybeam + " zip " + myzip + " upfront fees " + myuff + " plan " + myplan): null

2020-02-14 09:54:38 - [TEST_STEP][PASSED] - setValueToCellByAddress(sheet01, "D" + mycount, myplan): null

2020-02-14 09:54:38 - [TEST_STEP][PASSED] - sendRequestAndVerify(findTestObject("Exede_Zip", ["myzip":myzip])): Send request and verify the response successfully

2020-02-14 09:54:40 - [MESSAGE][INFO] - HAR: /Users/jhampleman/jenkins-beam-tests-master/Reports/20200214_095028/RUN_Exede_Zip_Test/20200214_095028/requests/main/115.har

2020-02-14 09:54:40 - [TEST_CASE][PASSED] - Start Test Case : Verification: Verification accomplished successfully

2020-02-14 09:54:40 - [TEST_STEP][PASSED] - request = getInstance().getCurrentRequest(): null

2020-02-14 09:54:40 - [TEST_STEP][PASSED] - response = getInstance().getCurrentResponse(): null

2020-02-14 09:54:40 - [TEST_STEP][PASSED] - if (!(verifyElementPropertyValue(response, "data.beam", mybeam))): Verify element property value successfully

2020-02-14 09:54:40 - [MESSAGE][PASSED] - Verify element property value successfully

2020-02-14 09:54:40 - [TEST_STEP][PASSED] - else: null

2020-02-14 09:54:40 - [TEST_STEP][PASSED] - beamFail = "P": null

2020-02-14 09:54:40 - [TEST_STEP][PASSED] - if (!(verifyElementPropertyValue(response, "data.product.down", myuff))): Verify element property value successfully

2020-02-14 09:54:40 - [MESSAGE][PASSED] - Verify element property value successfully

2020-02-14 09:54:40 - [TEST_STEP][PASSED] - else: null

2020-02-14 09:54:40 - [TEST_STEP][PASSED] - uffFail = "P": null

2020-02-14 09:54:40 - [TEST_STEP][PASSED] - jsonSlurper = new groovy.json.JsonSlurper(): null

2020-02-14 09:54:40 - [TEST_STEP][PASSED] - object = jsonSlurper.parseText(response.getResponseText()): null

2020-02-14 09:54:40 - [TEST_STEP][PASSED] - println(object): null

2020-02-14 09:54:40 - [TEST_STEP][PASSED] - mytest = plans: null

2020-02-14 09:54:40 - [TEST_STEP][PASSED] - variable = mytest: null

2020-02-14 09:54:40 - [MESSAGE][PASSED] - Verify response successfully

2020-02-14 09:54:40 - [MESSAGE][PASSED] - Send request and verify the response successfully

2020-02-14 09:54:40 - [TEST_STEP][PASSED] - setValueToCellByAddress(sheet01, "E" + mycount, variable): null

2020-02-14 09:54:40 - [TEST_STEP][PASSED] - saveWorkbook(excelFile01, workbook01): null]]></system-out>
         <system-err><![CDATA[]]></system-err>
      </testcase>
      <testcase name="Test Cases/Test_Beams_by_Zip_to_Excel" time="1.842" classname="Test Cases/Test_Beams_by_Zip_to_Excel" status="PASSED">
         <system-out><![CDATA[2020-02-14 09:54:40 - [TEST_CASE][PASSED] - Test Cases/Test_Beams_by_Zip_to_Excel: Test Cases/Test_Beams_by_Zip_to_Excel

2020-02-14 09:54:40 - [TEST_STEP][PASSED] - excelFile01 = "beams-test-results.xlsx": null

2020-02-14 09:54:40 - [TEST_STEP][PASSED] - ExpectedListSheetFile1 = ["Sheet1"]: null

2020-02-14 09:54:40 - [TEST_STEP][PASSED] - workbookFile01 = getWorkbook(excelFile01): null

2020-02-14 09:54:40 - [TEST_STEP][PASSED] - workbook01 = getWorkbook(excelFile01): null

2020-02-14 09:54:40 - [TEST_STEP][PASSED] - sheet01 = getExcelSheet(workbook01, "Sheet1"): null

2020-02-14 09:54:40 - [TEST_STEP][PASSED] - setValueToCellByAddress(sheet01, "A1", "TEST"): null

2020-02-14 09:54:40 - [TEST_STEP][PASSED] - setValueToCellByAddress(sheet01, "B1", "BEAM"): null

2020-02-14 09:54:40 - [TEST_STEP][PASSED] - setValueToCellByAddress(sheet01, "C1", "UFF"): null

2020-02-14 09:54:40 - [TEST_STEP][PASSED] - setValueToCellByAddress(sheet01, "D1", "PLAN"): null

2020-02-14 09:54:40 - [TEST_STEP][PASSED] - setValueToCellByAddress(sheet01, "E1", "API PLAN"): null

2020-02-14 09:54:40 - [TEST_STEP][PASSED] - mybeam = mybeam: null

2020-02-14 09:54:40 - [TEST_STEP][PASSED] - myuff = myuff: null

2020-02-14 09:54:40 - [TEST_STEP][PASSED] - myplan = myplan: null

2020-02-14 09:54:40 - [TEST_STEP][PASSED] - log = new com.kms.katalon.core.logging.KeywordLogger(): null

2020-02-14 09:54:40 - [TEST_STEP][PASSED] - log.logWarning("beam " + mybeam + " zip " + myzip + " upfront fees " + myuff + " plan " + myplan): beam 730 zip 43113 upfront fees 0 plan VS2 Standard Offer

2020-02-14 09:54:40 - [MESSAGE][WARNING] - beam 730 zip 43113 upfront fees 0 plan VS2 Standard Offer

2020-02-14 09:54:40 - [TEST_STEP][PASSED] - setValueToCellByAddress(sheet01, "B" + mycount, beamFail): null

2020-02-14 09:54:40 - [TEST_STEP][PASSED] - setValueToCellByAddress(sheet01, "C" + mycount, uffFail): null

2020-02-14 09:54:40 - [TEST_STEP][PASSED] - mycount = mycount + 1: null

2020-02-14 09:54:40 - [TEST_STEP][PASSED] - setValueToCellByAddress(sheet01, "A" + mycount, "beam " + mybeam + " zip " + myzip + " upfront fees " + myuff + " plan " + myplan): null

2020-02-14 09:54:40 - [TEST_STEP][PASSED] - setValueToCellByAddress(sheet01, "D" + mycount, myplan): null

2020-02-14 09:54:40 - [TEST_STEP][PASSED] - sendRequestAndVerify(findTestObject("Exede_Zip", ["myzip":myzip])): Send request and verify the response successfully

2020-02-14 09:54:42 - [MESSAGE][INFO] - HAR: /Users/jhampleman/jenkins-beam-tests-master/Reports/20200214_095028/RUN_Exede_Zip_Test/20200214_095028/requests/main/116.har

2020-02-14 09:54:42 - [TEST_CASE][PASSED] - Start Test Case : Verification: Verification accomplished successfully

2020-02-14 09:54:42 - [TEST_STEP][PASSED] - request = getInstance().getCurrentRequest(): null

2020-02-14 09:54:42 - [TEST_STEP][PASSED] - response = getInstance().getCurrentResponse(): null

2020-02-14 09:54:42 - [TEST_STEP][PASSED] - if (!(verifyElementPropertyValue(response, "data.beam", mybeam))): Verify element property value successfully

2020-02-14 09:54:42 - [MESSAGE][PASSED] - Verify element property value successfully

2020-02-14 09:54:42 - [TEST_STEP][PASSED] - else: null

2020-02-14 09:54:42 - [TEST_STEP][PASSED] - beamFail = "P": null

2020-02-14 09:54:42 - [TEST_STEP][PASSED] - if (!(verifyElementPropertyValue(response, "data.product.down", myuff))): Verify element property value successfully

2020-02-14 09:54:42 - [MESSAGE][PASSED] - Verify element property value successfully

2020-02-14 09:54:42 - [TEST_STEP][PASSED] - else: null

2020-02-14 09:54:42 - [TEST_STEP][PASSED] - uffFail = "P": null

2020-02-14 09:54:42 - [TEST_STEP][PASSED] - jsonSlurper = new groovy.json.JsonSlurper(): null

2020-02-14 09:54:42 - [TEST_STEP][PASSED] - object = jsonSlurper.parseText(response.getResponseText()): null

2020-02-14 09:54:42 - [TEST_STEP][PASSED] - println(object): null

2020-02-14 09:54:42 - [TEST_STEP][PASSED] - mytest = plans: null

2020-02-14 09:54:42 - [TEST_STEP][PASSED] - variable = mytest: null

2020-02-14 09:54:42 - [MESSAGE][PASSED] - Verify response successfully

2020-02-14 09:54:42 - [MESSAGE][PASSED] - Send request and verify the response successfully

2020-02-14 09:54:42 - [TEST_STEP][PASSED] - setValueToCellByAddress(sheet01, "E" + mycount, variable): null

2020-02-14 09:54:42 - [TEST_STEP][PASSED] - saveWorkbook(excelFile01, workbook01): null]]></system-out>
         <system-err><![CDATA[]]></system-err>
      </testcase>
      <testcase name="Test Cases/Test_Beams_by_Zip_to_Excel" time="1.812" classname="Test Cases/Test_Beams_by_Zip_to_Excel" status="PASSED">
         <system-out><![CDATA[2020-02-14 09:54:42 - [TEST_CASE][PASSED] - Test Cases/Test_Beams_by_Zip_to_Excel: Test Cases/Test_Beams_by_Zip_to_Excel

2020-02-14 09:54:42 - [TEST_STEP][PASSED] - excelFile01 = "beams-test-results.xlsx": null

2020-02-14 09:54:42 - [TEST_STEP][PASSED] - ExpectedListSheetFile1 = ["Sheet1"]: null

2020-02-14 09:54:42 - [TEST_STEP][PASSED] - workbookFile01 = getWorkbook(excelFile01): null

2020-02-14 09:54:42 - [TEST_STEP][PASSED] - workbook01 = getWorkbook(excelFile01): null

2020-02-14 09:54:42 - [TEST_STEP][PASSED] - sheet01 = getExcelSheet(workbook01, "Sheet1"): null

2020-02-14 09:54:42 - [TEST_STEP][PASSED] - setValueToCellByAddress(sheet01, "A1", "TEST"): null

2020-02-14 09:54:42 - [TEST_STEP][PASSED] - setValueToCellByAddress(sheet01, "B1", "BEAM"): null

2020-02-14 09:54:42 - [TEST_STEP][PASSED] - setValueToCellByAddress(sheet01, "C1", "UFF"): null

2020-02-14 09:54:42 - [TEST_STEP][PASSED] - setValueToCellByAddress(sheet01, "D1", "PLAN"): null

2020-02-14 09:54:42 - [TEST_STEP][PASSED] - setValueToCellByAddress(sheet01, "E1", "API PLAN"): null

2020-02-14 09:54:42 - [TEST_STEP][PASSED] - mybeam = mybeam: null

2020-02-14 09:54:42 - [TEST_STEP][PASSED] - myuff = myuff: null

2020-02-14 09:54:42 - [TEST_STEP][PASSED] - myplan = myplan: null

2020-02-14 09:54:42 - [TEST_STEP][PASSED] - log = new com.kms.katalon.core.logging.KeywordLogger(): null

2020-02-14 09:54:42 - [TEST_STEP][PASSED] - log.logWarning("beam " + mybeam + " zip " + myzip + " upfront fees " + myuff + " plan " + myplan): beam 731 zip 29831 upfront fees 0 plan VS2 Standard Offer

2020-02-14 09:54:42 - [MESSAGE][WARNING] - beam 731 zip 29831 upfront fees 0 plan VS2 Standard Offer

2020-02-14 09:54:42 - [TEST_STEP][PASSED] - setValueToCellByAddress(sheet01, "B" + mycount, beamFail): null

2020-02-14 09:54:42 - [TEST_STEP][PASSED] - setValueToCellByAddress(sheet01, "C" + mycount, uffFail): null

2020-02-14 09:54:42 - [TEST_STEP][PASSED] - mycount = mycount + 1: null

2020-02-14 09:54:42 - [TEST_STEP][PASSED] - setValueToCellByAddress(sheet01, "A" + mycount, "beam " + mybeam + " zip " + myzip + " upfront fees " + myuff + " plan " + myplan): null

2020-02-14 09:54:42 - [TEST_STEP][PASSED] - setValueToCellByAddress(sheet01, "D" + mycount, myplan): null

2020-02-14 09:54:42 - [TEST_STEP][PASSED] - sendRequestAndVerify(findTestObject("Exede_Zip", ["myzip":myzip])): Send request and verify the response successfully

2020-02-14 09:54:44 - [MESSAGE][INFO] - HAR: /Users/jhampleman/jenkins-beam-tests-master/Reports/20200214_095028/RUN_Exede_Zip_Test/20200214_095028/requests/main/117.har

2020-02-14 09:54:44 - [TEST_CASE][PASSED] - Start Test Case : Verification: Verification accomplished successfully

2020-02-14 09:54:44 - [TEST_STEP][PASSED] - request = getInstance().getCurrentRequest(): null

2020-02-14 09:54:44 - [TEST_STEP][PASSED] - response = getInstance().getCurrentResponse(): null

2020-02-14 09:54:44 - [TEST_STEP][PASSED] - if (!(verifyElementPropertyValue(response, "data.beam", mybeam))): Verify element property value successfully

2020-02-14 09:54:44 - [MESSAGE][PASSED] - Verify element property value successfully

2020-02-14 09:54:44 - [TEST_STEP][PASSED] - else: null

2020-02-14 09:54:44 - [TEST_STEP][PASSED] - beamFail = "P": null

2020-02-14 09:54:44 - [TEST_STEP][PASSED] - if (!(verifyElementPropertyValue(response, "data.product.down", myuff))): Verify element property value successfully

2020-02-14 09:54:44 - [MESSAGE][PASSED] - Verify element property value successfully

2020-02-14 09:54:44 - [TEST_STEP][PASSED] - else: null

2020-02-14 09:54:44 - [TEST_STEP][PASSED] - uffFail = "P": null

2020-02-14 09:54:44 - [TEST_STEP][PASSED] - jsonSlurper = new groovy.json.JsonSlurper(): null

2020-02-14 09:54:44 - [TEST_STEP][PASSED] - object = jsonSlurper.parseText(response.getResponseText()): null

2020-02-14 09:54:44 - [TEST_STEP][PASSED] - println(object): null

2020-02-14 09:54:44 - [TEST_STEP][PASSED] - mytest = plans: null

2020-02-14 09:54:44 - [TEST_STEP][PASSED] - variable = mytest: null

2020-02-14 09:54:44 - [MESSAGE][PASSED] - Verify response successfully

2020-02-14 09:54:44 - [MESSAGE][PASSED] - Send request and verify the response successfully

2020-02-14 09:54:44 - [TEST_STEP][PASSED] - setValueToCellByAddress(sheet01, "E" + mycount, variable): null

2020-02-14 09:54:44 - [TEST_STEP][PASSED] - saveWorkbook(excelFile01, workbook01): null]]></system-out>
         <system-err><![CDATA[]]></system-err>
      </testcase>
      <testcase name="Test Cases/Test_Beams_by_Zip_to_Excel" time="1.873" classname="Test Cases/Test_Beams_by_Zip_to_Excel" status="PASSED">
         <system-out><![CDATA[2020-02-14 09:54:44 - [TEST_CASE][PASSED] - Test Cases/Test_Beams_by_Zip_to_Excel: Test Cases/Test_Beams_by_Zip_to_Excel

2020-02-14 09:54:44 - [TEST_STEP][PASSED] - excelFile01 = "beams-test-results.xlsx": null

2020-02-14 09:54:44 - [TEST_STEP][PASSED] - ExpectedListSheetFile1 = ["Sheet1"]: null

2020-02-14 09:54:44 - [TEST_STEP][PASSED] - workbookFile01 = getWorkbook(excelFile01): null

2020-02-14 09:54:44 - [TEST_STEP][PASSED] - workbook01 = getWorkbook(excelFile01): null

2020-02-14 09:54:44 - [TEST_STEP][PASSED] - sheet01 = getExcelSheet(workbook01, "Sheet1"): null

2020-02-14 09:54:44 - [TEST_STEP][PASSED] - setValueToCellByAddress(sheet01, "A1", "TEST"): null

2020-02-14 09:54:44 - [TEST_STEP][PASSED] - setValueToCellByAddress(sheet01, "B1", "BEAM"): null

2020-02-14 09:54:44 - [TEST_STEP][PASSED] - setValueToCellByAddress(sheet01, "C1", "UFF"): null

2020-02-14 09:54:44 - [TEST_STEP][PASSED] - setValueToCellByAddress(sheet01, "D1", "PLAN"): null

2020-02-14 09:54:44 - [TEST_STEP][PASSED] - setValueToCellByAddress(sheet01, "E1", "API PLAN"): null

2020-02-14 09:54:44 - [TEST_STEP][PASSED] - mybeam = mybeam: null

2020-02-14 09:54:44 - [TEST_STEP][PASSED] - myuff = myuff: null

2020-02-14 09:54:44 - [TEST_STEP][PASSED] - myplan = myplan: null

2020-02-14 09:54:44 - [TEST_STEP][PASSED] - log = new com.kms.katalon.core.logging.KeywordLogger(): null

2020-02-14 09:54:44 - [TEST_STEP][PASSED] - log.logWarning("beam " + mybeam + " zip " + myzip + " upfront fees " + myuff + " plan " + myplan): beam 732 zip 48503 upfront fees 0 plan VS2 Standard Offer

2020-02-14 09:54:44 - [MESSAGE][WARNING] - beam 732 zip 48503 upfront fees 0 plan VS2 Standard Offer

2020-02-14 09:54:44 - [TEST_STEP][PASSED] - setValueToCellByAddress(sheet01, "B" + mycount, beamFail): null

2020-02-14 09:54:44 - [TEST_STEP][PASSED] - setValueToCellByAddress(sheet01, "C" + mycount, uffFail): null

2020-02-14 09:54:44 - [TEST_STEP][PASSED] - mycount = mycount + 1: null

2020-02-14 09:54:44 - [TEST_STEP][PASSED] - setValueToCellByAddress(sheet01, "A" + mycount, "beam " + mybeam + " zip " + myzip + " upfront fees " + myuff + " plan " + myplan): null

2020-02-14 09:54:44 - [TEST_STEP][PASSED] - setValueToCellByAddress(sheet01, "D" + mycount, myplan): null

2020-02-14 09:54:44 - [TEST_STEP][PASSED] - sendRequestAndVerify(findTestObject("Exede_Zip", ["myzip":myzip])): Send request and verify the response successfully

2020-02-14 09:54:46 - [MESSAGE][INFO] - HAR: /Users/jhampleman/jenkins-beam-tests-master/Reports/20200214_095028/RUN_Exede_Zip_Test/20200214_095028/requests/main/118.har

2020-02-14 09:54:46 - [TEST_CASE][PASSED] - Start Test Case : Verification: Verification accomplished successfully

2020-02-14 09:54:46 - [TEST_STEP][PASSED] - request = getInstance().getCurrentRequest(): null

2020-02-14 09:54:46 - [TEST_STEP][PASSED] - response = getInstance().getCurrentResponse(): null

2020-02-14 09:54:46 - [TEST_STEP][PASSED] - if (!(verifyElementPropertyValue(response, "data.beam", mybeam))): Verify element property value successfully

2020-02-14 09:54:46 - [MESSAGE][PASSED] - Verify element property value successfully

2020-02-14 09:54:46 - [TEST_STEP][PASSED] - else: null

2020-02-14 09:54:46 - [TEST_STEP][PASSED] - beamFail = "P": null

2020-02-14 09:54:46 - [TEST_STEP][PASSED] - if (!(verifyElementPropertyValue(response, "data.product.down", myuff))): Verify element property value successfully

2020-02-14 09:54:46 - [MESSAGE][PASSED] - Verify element property value successfully

2020-02-14 09:54:46 - [TEST_STEP][PASSED] - else: null

2020-02-14 09:54:46 - [TEST_STEP][PASSED] - uffFail = "P": null

2020-02-14 09:54:46 - [TEST_STEP][PASSED] - jsonSlurper = new groovy.json.JsonSlurper(): null

2020-02-14 09:54:46 - [TEST_STEP][PASSED] - object = jsonSlurper.parseText(response.getResponseText()): null

2020-02-14 09:54:46 - [TEST_STEP][PASSED] - println(object): null

2020-02-14 09:54:46 - [TEST_STEP][PASSED] - mytest = plans: null

2020-02-14 09:54:46 - [TEST_STEP][PASSED] - variable = mytest: null

2020-02-14 09:54:46 - [MESSAGE][PASSED] - Verify response successfully

2020-02-14 09:54:46 - [MESSAGE][PASSED] - Send request and verify the response successfully

2020-02-14 09:54:46 - [TEST_STEP][PASSED] - setValueToCellByAddress(sheet01, "E" + mycount, variable): null

2020-02-14 09:54:46 - [TEST_STEP][PASSED] - saveWorkbook(excelFile01, workbook01): null]]></system-out>
         <system-err><![CDATA[]]></system-err>
      </testcase>
      <testcase name="Test Cases/Test_Beams_by_Zip_to_Excel" time="1.956" classname="Test Cases/Test_Beams_by_Zip_to_Excel" status="PASSED">
         <system-out><![CDATA[2020-02-14 09:54:46 - [TEST_CASE][PASSED] - Test Cases/Test_Beams_by_Zip_to_Excel: Test Cases/Test_Beams_by_Zip_to_Excel

2020-02-14 09:54:46 - [TEST_STEP][PASSED] - excelFile01 = "beams-test-results.xlsx": null

2020-02-14 09:54:46 - [TEST_STEP][PASSED] - ExpectedListSheetFile1 = ["Sheet1"]: null

2020-02-14 09:54:46 - [TEST_STEP][PASSED] - workbookFile01 = getWorkbook(excelFile01): null

2020-02-14 09:54:46 - [TEST_STEP][PASSED] - workbook01 = getWorkbook(excelFile01): null

2020-02-14 09:54:46 - [TEST_STEP][PASSED] - sheet01 = getExcelSheet(workbook01, "Sheet1"): null

2020-02-14 09:54:46 - [TEST_STEP][PASSED] - setValueToCellByAddress(sheet01, "A1", "TEST"): null

2020-02-14 09:54:46 - [TEST_STEP][PASSED] - setValueToCellByAddress(sheet01, "B1", "BEAM"): null

2020-02-14 09:54:46 - [TEST_STEP][PASSED] - setValueToCellByAddress(sheet01, "C1", "UFF"): null

2020-02-14 09:54:46 - [TEST_STEP][PASSED] - setValueToCellByAddress(sheet01, "D1", "PLAN"): null

2020-02-14 09:54:46 - [TEST_STEP][PASSED] - setValueToCellByAddress(sheet01, "E1", "API PLAN"): null

2020-02-14 09:54:46 - [TEST_STEP][PASSED] - mybeam = mybeam: null

2020-02-14 09:54:46 - [TEST_STEP][PASSED] - myuff = myuff: null

2020-02-14 09:54:46 - [TEST_STEP][PASSED] - myplan = myplan: null

2020-02-14 09:54:46 - [TEST_STEP][PASSED] - log = new com.kms.katalon.core.logging.KeywordLogger(): null

2020-02-14 09:54:46 - [TEST_STEP][PASSED] - log.logWarning("beam " + mybeam + " zip " + myzip + " upfront fees " + myuff + " plan " + myplan): beam 733 zip 28602 upfront fees 0 plan VS2 Best Offer A

2020-02-14 09:54:46 - [MESSAGE][WARNING] - beam 733 zip 28602 upfront fees 0 plan VS2 Best Offer A

2020-02-14 09:54:46 - [TEST_STEP][PASSED] - setValueToCellByAddress(sheet01, "B" + mycount, beamFail): null

2020-02-14 09:54:46 - [TEST_STEP][PASSED] - setValueToCellByAddress(sheet01, "C" + mycount, uffFail): null

2020-02-14 09:54:46 - [TEST_STEP][PASSED] - mycount = mycount + 1: null

2020-02-14 09:54:46 - [TEST_STEP][PASSED] - setValueToCellByAddress(sheet01, "A" + mycount, "beam " + mybeam + " zip " + myzip + " upfront fees " + myuff + " plan " + myplan): null

2020-02-14 09:54:46 - [TEST_STEP][PASSED] - setValueToCellByAddress(sheet01, "D" + mycount, myplan): null

2020-02-14 09:54:46 - [TEST_STEP][PASSED] - sendRequestAndVerify(findTestObject("Exede_Zip", ["myzip":myzip])): Send request and verify the response successfully

2020-02-14 09:54:48 - [MESSAGE][INFO] - HAR: /Users/jhampleman/jenkins-beam-tests-master/Reports/20200214_095028/RUN_Exede_Zip_Test/20200214_095028/requests/main/119.har

2020-02-14 09:54:48 - [TEST_CASE][PASSED] - Start Test Case : Verification: Verification accomplished successfully

2020-02-14 09:54:48 - [TEST_STEP][PASSED] - request = getInstance().getCurrentRequest(): null

2020-02-14 09:54:48 - [TEST_STEP][PASSED] - response = getInstance().getCurrentResponse(): null

2020-02-14 09:54:48 - [TEST_STEP][PASSED] - if (!(verifyElementPropertyValue(response, "data.beam", mybeam))): Verify element property value successfully

2020-02-14 09:54:48 - [MESSAGE][PASSED] - Verify element property value successfully

2020-02-14 09:54:48 - [TEST_STEP][PASSED] - else: null

2020-02-14 09:54:48 - [TEST_STEP][PASSED] - beamFail = "P": null

2020-02-14 09:54:48 - [TEST_STEP][PASSED] - if (!(verifyElementPropertyValue(response, "data.product.down", myuff))): Verify element property value successfully

2020-02-14 09:54:48 - [MESSAGE][PASSED] - Verify element property value successfully

2020-02-14 09:54:48 - [TEST_STEP][PASSED] - else: null

2020-02-14 09:54:48 - [TEST_STEP][PASSED] - uffFail = "P": null

2020-02-14 09:54:48 - [TEST_STEP][PASSED] - jsonSlurper = new groovy.json.JsonSlurper(): null

2020-02-14 09:54:48 - [TEST_STEP][PASSED] - object = jsonSlurper.parseText(response.getResponseText()): null

2020-02-14 09:54:48 - [TEST_STEP][PASSED] - println(object): null

2020-02-14 09:54:48 - [TEST_STEP][PASSED] - mytest = plans: null

2020-02-14 09:54:48 - [TEST_STEP][PASSED] - variable = mytest: null

2020-02-14 09:54:48 - [MESSAGE][PASSED] - Verify response successfully

2020-02-14 09:54:48 - [MESSAGE][PASSED] - Send request and verify the response successfully

2020-02-14 09:54:48 - [TEST_STEP][PASSED] - setValueToCellByAddress(sheet01, "E" + mycount, variable): null

2020-02-14 09:54:48 - [TEST_STEP][PASSED] - saveWorkbook(excelFile01, workbook01): null]]></system-out>
         <system-err><![CDATA[]]></system-err>
      </testcase>
      <testcase name="Test Cases/Test_Beams_by_Zip_to_Excel" time="2.231" classname="Test Cases/Test_Beams_by_Zip_to_Excel" status="PASSED">
         <system-out><![CDATA[2020-02-14 09:54:48 - [TEST_CASE][PASSED] - Test Cases/Test_Beams_by_Zip_to_Excel: Test Cases/Test_Beams_by_Zip_to_Excel

2020-02-14 09:54:48 - [TEST_STEP][PASSED] - excelFile01 = "beams-test-results.xlsx": null

2020-02-14 09:54:48 - [TEST_STEP][PASSED] - ExpectedListSheetFile1 = ["Sheet1"]: null

2020-02-14 09:54:48 - [TEST_STEP][PASSED] - workbookFile01 = getWorkbook(excelFile01): null

2020-02-14 09:54:48 - [TEST_STEP][PASSED] - workbook01 = getWorkbook(excelFile01): null

2020-02-14 09:54:48 - [TEST_STEP][PASSED] - sheet01 = getExcelSheet(workbook01, "Sheet1"): null

2020-02-14 09:54:48 - [TEST_STEP][PASSED] - setValueToCellByAddress(sheet01, "A1", "TEST"): null

2020-02-14 09:54:48 - [TEST_STEP][PASSED] - setValueToCellByAddress(sheet01, "B1", "BEAM"): null

2020-02-14 09:54:48 - [TEST_STEP][PASSED] - setValueToCellByAddress(sheet01, "C1", "UFF"): null

2020-02-14 09:54:48 - [TEST_STEP][PASSED] - setValueToCellByAddress(sheet01, "D1", "PLAN"): null

2020-02-14 09:54:48 - [TEST_STEP][PASSED] - setValueToCellByAddress(sheet01, "E1", "API PLAN"): null

2020-02-14 09:54:48 - [TEST_STEP][PASSED] - mybeam = mybeam: null

2020-02-14 09:54:48 - [TEST_STEP][PASSED] - myuff = myuff: null

2020-02-14 09:54:48 - [TEST_STEP][PASSED] - myplan = myplan: null

2020-02-14 09:54:48 - [TEST_STEP][PASSED] - log = new com.kms.katalon.core.logging.KeywordLogger(): null

2020-02-14 09:54:48 - [TEST_STEP][PASSED] - log.logWarning("beam " + mybeam + " zip " + myzip + " upfront fees " + myuff + " plan " + myplan): beam 734 zip 15301 upfront fees 0 plan VS2 Best Offer A

2020-02-14 09:54:48 - [MESSAGE][WARNING] - beam 734 zip 15301 upfront fees 0 plan VS2 Best Offer A

2020-02-14 09:54:48 - [TEST_STEP][PASSED] - setValueToCellByAddress(sheet01, "B" + mycount, beamFail): null

2020-02-14 09:54:48 - [TEST_STEP][PASSED] - setValueToCellByAddress(sheet01, "C" + mycount, uffFail): null

2020-02-14 09:54:48 - [TEST_STEP][PASSED] - mycount = mycount + 1: null

2020-02-14 09:54:48 - [TEST_STEP][PASSED] - setValueToCellByAddress(sheet01, "A" + mycount, "beam " + mybeam + " zip " + myzip + " upfront fees " + myuff + " plan " + myplan): null

2020-02-14 09:54:48 - [TEST_STEP][PASSED] - setValueToCellByAddress(sheet01, "D" + mycount, myplan): null

2020-02-14 09:54:48 - [TEST_STEP][PASSED] - sendRequestAndVerify(findTestObject("Exede_Zip", ["myzip":myzip])): Send request and verify the response successfully

2020-02-14 09:54:50 - [MESSAGE][INFO] - HAR: /Users/jhampleman/jenkins-beam-tests-master/Reports/20200214_095028/RUN_Exede_Zip_Test/20200214_095028/requests/main/120.har

2020-02-14 09:54:50 - [TEST_CASE][PASSED] - Start Test Case : Verification: Verification accomplished successfully

2020-02-14 09:54:50 - [TEST_STEP][PASSED] - request = getInstance().getCurrentRequest(): null

2020-02-14 09:54:50 - [TEST_STEP][PASSED] - response = getInstance().getCurrentResponse(): null

2020-02-14 09:54:50 - [TEST_STEP][PASSED] - if (!(verifyElementPropertyValue(response, "data.beam", mybeam))): Verify element property value successfully

2020-02-14 09:54:50 - [MESSAGE][PASSED] - Verify element property value successfully

2020-02-14 09:54:50 - [TEST_STEP][PASSED] - else: null

2020-02-14 09:54:50 - [TEST_STEP][PASSED] - beamFail = "P": null

2020-02-14 09:54:50 - [TEST_STEP][PASSED] - if (!(verifyElementPropertyValue(response, "data.product.down", myuff))): Verify element property value successfully

2020-02-14 09:54:50 - [MESSAGE][PASSED] - Verify element property value successfully

2020-02-14 09:54:50 - [TEST_STEP][PASSED] - else: null

2020-02-14 09:54:50 - [TEST_STEP][PASSED] - uffFail = "P": null

2020-02-14 09:54:50 - [TEST_STEP][PASSED] - jsonSlurper = new groovy.json.JsonSlurper(): null

2020-02-14 09:54:50 - [TEST_STEP][PASSED] - object = jsonSlurper.parseText(response.getResponseText()): null

2020-02-14 09:54:50 - [TEST_STEP][PASSED] - println(object): null

2020-02-14 09:54:50 - [TEST_STEP][PASSED] - mytest = plans: null

2020-02-14 09:54:50 - [TEST_STEP][PASSED] - variable = mytest: null

2020-02-14 09:54:50 - [MESSAGE][PASSED] - Verify response successfully

2020-02-14 09:54:50 - [MESSAGE][PASSED] - Send request and verify the response successfully

2020-02-14 09:54:50 - [TEST_STEP][PASSED] - setValueToCellByAddress(sheet01, "E" + mycount, variable): null

2020-02-14 09:54:50 - [TEST_STEP][PASSED] - saveWorkbook(excelFile01, workbook01): null]]></system-out>
         <system-err><![CDATA[]]></system-err>
      </testcase>
      <testcase name="Test Cases/Test_Beams_by_Zip_to_Excel" time="1.872" classname="Test Cases/Test_Beams_by_Zip_to_Excel" status="PASSED">
         <system-out><![CDATA[2020-02-14 09:54:50 - [TEST_CASE][PASSED] - Test Cases/Test_Beams_by_Zip_to_Excel: Test Cases/Test_Beams_by_Zip_to_Excel

2020-02-14 09:54:50 - [TEST_STEP][PASSED] - excelFile01 = "beams-test-results.xlsx": null

2020-02-14 09:54:50 - [TEST_STEP][PASSED] - ExpectedListSheetFile1 = ["Sheet1"]: null

2020-02-14 09:54:50 - [TEST_STEP][PASSED] - workbookFile01 = getWorkbook(excelFile01): null

2020-02-14 09:54:50 - [TEST_STEP][PASSED] - workbook01 = getWorkbook(excelFile01): null

2020-02-14 09:54:50 - [TEST_STEP][PASSED] - sheet01 = getExcelSheet(workbook01, "Sheet1"): null

2020-02-14 09:54:50 - [TEST_STEP][PASSED] - setValueToCellByAddress(sheet01, "A1", "TEST"): null

2020-02-14 09:54:50 - [TEST_STEP][PASSED] - setValueToCellByAddress(sheet01, "B1", "BEAM"): null

2020-02-14 09:54:50 - [TEST_STEP][PASSED] - setValueToCellByAddress(sheet01, "C1", "UFF"): null

2020-02-14 09:54:50 - [TEST_STEP][PASSED] - setValueToCellByAddress(sheet01, "D1", "PLAN"): null

2020-02-14 09:54:50 - [TEST_STEP][PASSED] - setValueToCellByAddress(sheet01, "E1", "API PLAN"): null

2020-02-14 09:54:50 - [TEST_STEP][PASSED] - mybeam = mybeam: null

2020-02-14 09:54:50 - [TEST_STEP][PASSED] - myuff = myuff: null

2020-02-14 09:54:50 - [TEST_STEP][PASSED] - myplan = myplan: null

2020-02-14 09:54:50 - [TEST_STEP][PASSED] - log = new com.kms.katalon.core.logging.KeywordLogger(): null

2020-02-14 09:54:50 - [TEST_STEP][PASSED] - log.logWarning("beam " + mybeam + " zip " + myzip + " upfront fees " + myuff + " plan " + myplan): beam 735 zip 27597 upfront fees 0 plan VS2 High Fill

2020-02-14 09:54:50 - [MESSAGE][WARNING] - beam 735 zip 27597 upfront fees 0 plan VS2 High Fill

2020-02-14 09:54:50 - [TEST_STEP][PASSED] - setValueToCellByAddress(sheet01, "B" + mycount, beamFail): null

2020-02-14 09:54:50 - [TEST_STEP][PASSED] - setValueToCellByAddress(sheet01, "C" + mycount, uffFail): null

2020-02-14 09:54:50 - [TEST_STEP][PASSED] - mycount = mycount + 1: null

2020-02-14 09:54:50 - [TEST_STEP][PASSED] - setValueToCellByAddress(sheet01, "A" + mycount, "beam " + mybeam + " zip " + myzip + " upfront fees " + myuff + " plan " + myplan): null

2020-02-14 09:54:50 - [TEST_STEP][PASSED] - setValueToCellByAddress(sheet01, "D" + mycount, myplan): null

2020-02-14 09:54:50 - [TEST_STEP][PASSED] - sendRequestAndVerify(findTestObject("Exede_Zip", ["myzip":myzip])): Send request and verify the response successfully

2020-02-14 09:54:52 - [MESSAGE][INFO] - HAR: /Users/jhampleman/jenkins-beam-tests-master/Reports/20200214_095028/RUN_Exede_Zip_Test/20200214_095028/requests/main/121.har

2020-02-14 09:54:52 - [TEST_CASE][PASSED] - Start Test Case : Verification: Verification accomplished successfully

2020-02-14 09:54:52 - [TEST_STEP][PASSED] - request = getInstance().getCurrentRequest(): null

2020-02-14 09:54:52 - [TEST_STEP][PASSED] - response = getInstance().getCurrentResponse(): null

2020-02-14 09:54:52 - [TEST_STEP][PASSED] - if (!(verifyElementPropertyValue(response, "data.beam", mybeam))): Verify element property value successfully

2020-02-14 09:54:52 - [MESSAGE][PASSED] - Verify element property value successfully

2020-02-14 09:54:52 - [TEST_STEP][PASSED] - else: null

2020-02-14 09:54:52 - [TEST_STEP][PASSED] - beamFail = "P": null

2020-02-14 09:54:52 - [TEST_STEP][PASSED] - if (!(verifyElementPropertyValue(response, "data.product.down", myuff))): Verify element property value successfully

2020-02-14 09:54:52 - [MESSAGE][PASSED] - Verify element property value successfully

2020-02-14 09:54:52 - [TEST_STEP][PASSED] - else: null

2020-02-14 09:54:52 - [TEST_STEP][PASSED] - uffFail = "P": null

2020-02-14 09:54:52 - [TEST_STEP][PASSED] - jsonSlurper = new groovy.json.JsonSlurper(): null

2020-02-14 09:54:52 - [TEST_STEP][PASSED] - object = jsonSlurper.parseText(response.getResponseText()): null

2020-02-14 09:54:52 - [TEST_STEP][PASSED] - println(object): null

2020-02-14 09:54:52 - [TEST_STEP][PASSED] - mytest = plans: null

2020-02-14 09:54:52 - [TEST_STEP][PASSED] - variable = mytest: null

2020-02-14 09:54:52 - [MESSAGE][PASSED] - Verify response successfully

2020-02-14 09:54:52 - [MESSAGE][PASSED] - Send request and verify the response successfully

2020-02-14 09:54:52 - [TEST_STEP][PASSED] - setValueToCellByAddress(sheet01, "E" + mycount, variable): null

2020-02-14 09:54:52 - [TEST_STEP][PASSED] - saveWorkbook(excelFile01, workbook01): null]]></system-out>
         <system-err><![CDATA[]]></system-err>
      </testcase>
      <testcase name="Test Cases/Test_Beams_by_Zip_to_Excel" time="2.003" classname="Test Cases/Test_Beams_by_Zip_to_Excel" status="PASSED">
         <system-out><![CDATA[2020-02-14 09:54:52 - [TEST_CASE][PASSED] - Test Cases/Test_Beams_by_Zip_to_Excel: Test Cases/Test_Beams_by_Zip_to_Excel

2020-02-14 09:54:52 - [TEST_STEP][PASSED] - excelFile01 = "beams-test-results.xlsx": null

2020-02-14 09:54:52 - [TEST_STEP][PASSED] - ExpectedListSheetFile1 = ["Sheet1"]: null

2020-02-14 09:54:52 - [TEST_STEP][PASSED] - workbookFile01 = getWorkbook(excelFile01): null

2020-02-14 09:54:52 - [TEST_STEP][PASSED] - workbook01 = getWorkbook(excelFile01): null

2020-02-14 09:54:52 - [TEST_STEP][PASSED] - sheet01 = getExcelSheet(workbook01, "Sheet1"): null

2020-02-14 09:54:52 - [TEST_STEP][PASSED] - setValueToCellByAddress(sheet01, "A1", "TEST"): null

2020-02-14 09:54:52 - [TEST_STEP][PASSED] - setValueToCellByAddress(sheet01, "B1", "BEAM"): null

2020-02-14 09:54:52 - [TEST_STEP][PASSED] - setValueToCellByAddress(sheet01, "C1", "UFF"): null

2020-02-14 09:54:52 - [TEST_STEP][PASSED] - setValueToCellByAddress(sheet01, "D1", "PLAN"): null

2020-02-14 09:54:52 - [TEST_STEP][PASSED] - setValueToCellByAddress(sheet01, "E1", "API PLAN"): null

2020-02-14 09:54:52 - [TEST_STEP][PASSED] - mybeam = mybeam: null

2020-02-14 09:54:52 - [TEST_STEP][PASSED] - myuff = myuff: null

2020-02-14 09:54:52 - [TEST_STEP][PASSED] - myplan = myplan: null

2020-02-14 09:54:52 - [TEST_STEP][PASSED] - log = new com.kms.katalon.core.logging.KeywordLogger(): null

2020-02-14 09:54:52 - [TEST_STEP][PASSED] - log.logWarning("beam " + mybeam + " zip " + myzip + " upfront fees " + myuff + " plan " + myplan): beam 736 zip 23310 upfront fees 0 plan VS2 Standard Offer

2020-02-14 09:54:52 - [MESSAGE][WARNING] - beam 736 zip 23310 upfront fees 0 plan VS2 Standard Offer

2020-02-14 09:54:52 - [TEST_STEP][PASSED] - setValueToCellByAddress(sheet01, "B" + mycount, beamFail): null

2020-02-14 09:54:52 - [TEST_STEP][PASSED] - setValueToCellByAddress(sheet01, "C" + mycount, uffFail): null

2020-02-14 09:54:52 - [TEST_STEP][PASSED] - mycount = mycount + 1: null

2020-02-14 09:54:52 - [TEST_STEP][PASSED] - setValueToCellByAddress(sheet01, "A" + mycount, "beam " + mybeam + " zip " + myzip + " upfront fees " + myuff + " plan " + myplan): null

2020-02-14 09:54:52 - [TEST_STEP][PASSED] - setValueToCellByAddress(sheet01, "D" + mycount, myplan): null

2020-02-14 09:54:52 - [TEST_STEP][PASSED] - sendRequestAndVerify(findTestObject("Exede_Zip", ["myzip":myzip])): Send request and verify the response successfully

2020-02-14 09:54:54 - [MESSAGE][INFO] - HAR: /Users/jhampleman/jenkins-beam-tests-master/Reports/20200214_095028/RUN_Exede_Zip_Test/20200214_095028/requests/main/122.har

2020-02-14 09:54:54 - [TEST_CASE][PASSED] - Start Test Case : Verification: Verification accomplished successfully

2020-02-14 09:54:54 - [TEST_STEP][PASSED] - request = getInstance().getCurrentRequest(): null

2020-02-14 09:54:54 - [TEST_STEP][PASSED] - response = getInstance().getCurrentResponse(): null

2020-02-14 09:54:54 - [TEST_STEP][PASSED] - if (!(verifyElementPropertyValue(response, "data.beam", mybeam))): Verify element property value successfully

2020-02-14 09:54:54 - [MESSAGE][PASSED] - Verify element property value successfully

2020-02-14 09:54:54 - [TEST_STEP][PASSED] - else: null

2020-02-14 09:54:54 - [TEST_STEP][PASSED] - beamFail = "P": null

2020-02-14 09:54:54 - [TEST_STEP][PASSED] - if (!(verifyElementPropertyValue(response, "data.product.down", myuff))): Verify element property value successfully

2020-02-14 09:54:54 - [MESSAGE][PASSED] - Verify element property value successfully

2020-02-14 09:54:54 - [TEST_STEP][PASSED] - else: null

2020-02-14 09:54:54 - [TEST_STEP][PASSED] - uffFail = "P": null

2020-02-14 09:54:54 - [TEST_STEP][PASSED] - jsonSlurper = new groovy.json.JsonSlurper(): null

2020-02-14 09:54:54 - [TEST_STEP][PASSED] - object = jsonSlurper.parseText(response.getResponseText()): null

2020-02-14 09:54:54 - [TEST_STEP][PASSED] - println(object): null

2020-02-14 09:54:54 - [TEST_STEP][PASSED] - mytest = plans: null

2020-02-14 09:54:54 - [TEST_STEP][PASSED] - variable = mytest: null

2020-02-14 09:54:54 - [MESSAGE][PASSED] - Verify response successfully

2020-02-14 09:54:54 - [MESSAGE][PASSED] - Send request and verify the response successfully

2020-02-14 09:54:54 - [TEST_STEP][PASSED] - setValueToCellByAddress(sheet01, "E" + mycount, variable): null

2020-02-14 09:54:54 - [TEST_STEP][PASSED] - saveWorkbook(excelFile01, workbook01): null]]></system-out>
         <system-err><![CDATA[]]></system-err>
      </testcase>
      <testcase name="Test Cases/Test_Beams_by_Zip_to_Excel" time="2.022" classname="Test Cases/Test_Beams_by_Zip_to_Excel" status="PASSED">
         <system-out><![CDATA[2020-02-14 09:54:54 - [TEST_CASE][PASSED] - Test Cases/Test_Beams_by_Zip_to_Excel: Test Cases/Test_Beams_by_Zip_to_Excel

2020-02-14 09:54:54 - [TEST_STEP][PASSED] - excelFile01 = "beams-test-results.xlsx": null

2020-02-14 09:54:54 - [TEST_STEP][PASSED] - ExpectedListSheetFile1 = ["Sheet1"]: null

2020-02-14 09:54:54 - [TEST_STEP][PASSED] - workbookFile01 = getWorkbook(excelFile01): null

2020-02-14 09:54:54 - [TEST_STEP][PASSED] - workbook01 = getWorkbook(excelFile01): null

2020-02-14 09:54:54 - [TEST_STEP][PASSED] - sheet01 = getExcelSheet(workbook01, "Sheet1"): null

2020-02-14 09:54:54 - [TEST_STEP][PASSED] - setValueToCellByAddress(sheet01, "A1", "TEST"): null

2020-02-14 09:54:54 - [TEST_STEP][PASSED] - setValueToCellByAddress(sheet01, "B1", "BEAM"): null

2020-02-14 09:54:54 - [TEST_STEP][PASSED] - setValueToCellByAddress(sheet01, "C1", "UFF"): null

2020-02-14 09:54:54 - [TEST_STEP][PASSED] - setValueToCellByAddress(sheet01, "D1", "PLAN"): null

2020-02-14 09:54:54 - [TEST_STEP][PASSED] - setValueToCellByAddress(sheet01, "E1", "API PLAN"): null

2020-02-14 09:54:54 - [TEST_STEP][PASSED] - mybeam = mybeam: null

2020-02-14 09:54:54 - [TEST_STEP][PASSED] - myuff = myuff: null

2020-02-14 09:54:54 - [TEST_STEP][PASSED] - myplan = myplan: null

2020-02-14 09:54:54 - [TEST_STEP][PASSED] - log = new com.kms.katalon.core.logging.KeywordLogger(): null

2020-02-14 09:54:54 - [TEST_STEP][PASSED] - log.logWarning("beam " + mybeam + " zip " + myzip + " upfront fees " + myuff + " plan " + myplan): beam 737 zip 18634 upfront fees 0 plan VS2 Best Offer A

2020-02-14 09:54:54 - [MESSAGE][WARNING] - beam 737 zip 18634 upfront fees 0 plan VS2 Best Offer A

2020-02-14 09:54:54 - [TEST_STEP][PASSED] - setValueToCellByAddress(sheet01, "B" + mycount, beamFail): null

2020-02-14 09:54:54 - [TEST_STEP][PASSED] - setValueToCellByAddress(sheet01, "C" + mycount, uffFail): null

2020-02-14 09:54:54 - [TEST_STEP][PASSED] - mycount = mycount + 1: null

2020-02-14 09:54:54 - [TEST_STEP][PASSED] - setValueToCellByAddress(sheet01, "A" + mycount, "beam " + mybeam + " zip " + myzip + " upfront fees " + myuff + " plan " + myplan): null

2020-02-14 09:54:54 - [TEST_STEP][PASSED] - setValueToCellByAddress(sheet01, "D" + mycount, myplan): null

2020-02-14 09:54:54 - [TEST_STEP][PASSED] - sendRequestAndVerify(findTestObject("Exede_Zip", ["myzip":myzip])): Send request and verify the response successfully

2020-02-14 09:54:56 - [MESSAGE][INFO] - HAR: /Users/jhampleman/jenkins-beam-tests-master/Reports/20200214_095028/RUN_Exede_Zip_Test/20200214_095028/requests/main/123.har

2020-02-14 09:54:56 - [TEST_CASE][PASSED] - Start Test Case : Verification: Verification accomplished successfully

2020-02-14 09:54:56 - [TEST_STEP][PASSED] - request = getInstance().getCurrentRequest(): null

2020-02-14 09:54:56 - [TEST_STEP][PASSED] - response = getInstance().getCurrentResponse(): null

2020-02-14 09:54:56 - [TEST_STEP][PASSED] - if (!(verifyElementPropertyValue(response, "data.beam", mybeam))): Verify element property value successfully

2020-02-14 09:54:56 - [MESSAGE][PASSED] - Verify element property value successfully

2020-02-14 09:54:56 - [TEST_STEP][PASSED] - else: null

2020-02-14 09:54:56 - [TEST_STEP][PASSED] - beamFail = "P": null

2020-02-14 09:54:56 - [TEST_STEP][PASSED] - if (!(verifyElementPropertyValue(response, "data.product.down", myuff))): Verify element property value successfully

2020-02-14 09:54:56 - [MESSAGE][PASSED] - Verify element property value successfully

2020-02-14 09:54:56 - [TEST_STEP][PASSED] - else: null

2020-02-14 09:54:56 - [TEST_STEP][PASSED] - uffFail = "P": null

2020-02-14 09:54:56 - [TEST_STEP][PASSED] - jsonSlurper = new groovy.json.JsonSlurper(): null

2020-02-14 09:54:56 - [TEST_STEP][PASSED] - object = jsonSlurper.parseText(response.getResponseText()): null

2020-02-14 09:54:56 - [TEST_STEP][PASSED] - println(object): null

2020-02-14 09:54:56 - [TEST_STEP][PASSED] - mytest = plans: null

2020-02-14 09:54:56 - [TEST_STEP][PASSED] - variable = mytest: null

2020-02-14 09:54:56 - [MESSAGE][PASSED] - Verify response successfully

2020-02-14 09:54:56 - [MESSAGE][PASSED] - Send request and verify the response successfully

2020-02-14 09:54:56 - [TEST_STEP][PASSED] - setValueToCellByAddress(sheet01, "E" + mycount, variable): null

2020-02-14 09:54:56 - [TEST_STEP][PASSED] - saveWorkbook(excelFile01, workbook01): null]]></system-out>
         <system-err><![CDATA[]]></system-err>
      </testcase>
      <testcase name="Test Cases/Test_Beams_by_Zip_to_Excel" time="1.899" classname="Test Cases/Test_Beams_by_Zip_to_Excel" status="PASSED">
         <system-out><![CDATA[2020-02-14 09:54:56 - [TEST_CASE][PASSED] - Test Cases/Test_Beams_by_Zip_to_Excel: Test Cases/Test_Beams_by_Zip_to_Excel

2020-02-14 09:54:56 - [TEST_STEP][PASSED] - excelFile01 = "beams-test-results.xlsx": null

2020-02-14 09:54:56 - [TEST_STEP][PASSED] - ExpectedListSheetFile1 = ["Sheet1"]: null

2020-02-14 09:54:56 - [TEST_STEP][PASSED] - workbookFile01 = getWorkbook(excelFile01): null

2020-02-14 09:54:56 - [TEST_STEP][PASSED] - workbook01 = getWorkbook(excelFile01): null

2020-02-14 09:54:56 - [TEST_STEP][PASSED] - sheet01 = getExcelSheet(workbook01, "Sheet1"): null

2020-02-14 09:54:56 - [TEST_STEP][PASSED] - setValueToCellByAddress(sheet01, "A1", "TEST"): null

2020-02-14 09:54:56 - [TEST_STEP][PASSED] - setValueToCellByAddress(sheet01, "B1", "BEAM"): null

2020-02-14 09:54:56 - [TEST_STEP][PASSED] - setValueToCellByAddress(sheet01, "C1", "UFF"): null

2020-02-14 09:54:56 - [TEST_STEP][PASSED] - setValueToCellByAddress(sheet01, "D1", "PLAN"): null

2020-02-14 09:54:56 - [TEST_STEP][PASSED] - setValueToCellByAddress(sheet01, "E1", "API PLAN"): null

2020-02-14 09:54:56 - [TEST_STEP][PASSED] - mybeam = mybeam: null

2020-02-14 09:54:56 - [TEST_STEP][PASSED] - myuff = myuff: null

2020-02-14 09:54:56 - [TEST_STEP][PASSED] - myplan = myplan: null

2020-02-14 09:54:56 - [TEST_STEP][PASSED] - log = new com.kms.katalon.core.logging.KeywordLogger(): null

2020-02-14 09:54:56 - [TEST_STEP][PASSED] - log.logWarning("beam " + mybeam + " zip " + myzip + " upfront fees " + myuff + " plan " + myplan): beam 738 zip 02113 upfront fees 0 plan VS2 Best Offer A

2020-02-14 09:54:56 - [MESSAGE][WARNING] - beam 738 zip 02113 upfront fees 0 plan VS2 Best Offer A

2020-02-14 09:54:56 - [TEST_STEP][PASSED] - setValueToCellByAddress(sheet01, "B" + mycount, beamFail): null

2020-02-14 09:54:56 - [TEST_STEP][PASSED] - setValueToCellByAddress(sheet01, "C" + mycount, uffFail): null

2020-02-14 09:54:56 - [TEST_STEP][PASSED] - mycount = mycount + 1: null

2020-02-14 09:54:56 - [TEST_STEP][PASSED] - setValueToCellByAddress(sheet01, "A" + mycount, "beam " + mybeam + " zip " + myzip + " upfront fees " + myuff + " plan " + myplan): null

2020-02-14 09:54:56 - [TEST_STEP][PASSED] - setValueToCellByAddress(sheet01, "D" + mycount, myplan): null

2020-02-14 09:54:56 - [TEST_STEP][PASSED] - sendRequestAndVerify(findTestObject("Exede_Zip", ["myzip":myzip])): Send request and verify the response successfully

2020-02-14 09:54:58 - [MESSAGE][INFO] - HAR: /Users/jhampleman/jenkins-beam-tests-master/Reports/20200214_095028/RUN_Exede_Zip_Test/20200214_095028/requests/main/124.har

2020-02-14 09:54:58 - [TEST_CASE][PASSED] - Start Test Case : Verification: Verification accomplished successfully

2020-02-14 09:54:58 - [TEST_STEP][PASSED] - request = getInstance().getCurrentRequest(): null

2020-02-14 09:54:58 - [TEST_STEP][PASSED] - response = getInstance().getCurrentResponse(): null

2020-02-14 09:54:58 - [TEST_STEP][PASSED] - if (!(verifyElementPropertyValue(response, "data.beam", mybeam))): Verify element property value successfully

2020-02-14 09:54:58 - [MESSAGE][PASSED] - Verify element property value successfully

2020-02-14 09:54:58 - [TEST_STEP][PASSED] - else: null

2020-02-14 09:54:58 - [TEST_STEP][PASSED] - beamFail = "P": null

2020-02-14 09:54:58 - [TEST_STEP][PASSED] - if (!(verifyElementPropertyValue(response, "data.product.down", myuff))): Verify element property value successfully

2020-02-14 09:54:58 - [MESSAGE][PASSED] - Verify element property value successfully

2020-02-14 09:54:58 - [TEST_STEP][PASSED] - else: null

2020-02-14 09:54:58 - [TEST_STEP][PASSED] - uffFail = "P": null

2020-02-14 09:54:58 - [TEST_STEP][PASSED] - jsonSlurper = new groovy.json.JsonSlurper(): null

2020-02-14 09:54:58 - [TEST_STEP][PASSED] - object = jsonSlurper.parseText(response.getResponseText()): null

2020-02-14 09:54:58 - [TEST_STEP][PASSED] - println(object): null

2020-02-14 09:54:58 - [TEST_STEP][PASSED] - mytest = plans: null

2020-02-14 09:54:58 - [TEST_STEP][PASSED] - variable = mytest: null

2020-02-14 09:54:58 - [MESSAGE][PASSED] - Verify response successfully

2020-02-14 09:54:58 - [MESSAGE][PASSED] - Send request and verify the response successfully

2020-02-14 09:54:58 - [TEST_STEP][PASSED] - setValueToCellByAddress(sheet01, "E" + mycount, variable): null

2020-02-14 09:54:58 - [TEST_STEP][PASSED] - saveWorkbook(excelFile01, workbook01): null]]></system-out>
         <system-err><![CDATA[]]></system-err>
      </testcase>
      <testcase name="Test Cases/Test_Beams_by_Zip_to_Excel" time="1.952" classname="Test Cases/Test_Beams_by_Zip_to_Excel" status="PASSED">
         <system-out><![CDATA[2020-02-14 09:54:58 - [TEST_CASE][PASSED] - Test Cases/Test_Beams_by_Zip_to_Excel: Test Cases/Test_Beams_by_Zip_to_Excel

2020-02-14 09:54:58 - [TEST_STEP][PASSED] - excelFile01 = "beams-test-results.xlsx": null

2020-02-14 09:54:58 - [TEST_STEP][PASSED] - ExpectedListSheetFile1 = ["Sheet1"]: null

2020-02-14 09:54:58 - [TEST_STEP][PASSED] - workbookFile01 = getWorkbook(excelFile01): null

2020-02-14 09:54:58 - [TEST_STEP][PASSED] - workbook01 = getWorkbook(excelFile01): null

2020-02-14 09:54:58 - [TEST_STEP][PASSED] - sheet01 = getExcelSheet(workbook01, "Sheet1"): null

2020-02-14 09:54:58 - [TEST_STEP][PASSED] - setValueToCellByAddress(sheet01, "A1", "TEST"): null

2020-02-14 09:54:58 - [TEST_STEP][PASSED] - setValueToCellByAddress(sheet01, "B1", "BEAM"): null

2020-02-14 09:54:58 - [TEST_STEP][PASSED] - setValueToCellByAddress(sheet01, "C1", "UFF"): null

2020-02-14 09:54:58 - [TEST_STEP][PASSED] - setValueToCellByAddress(sheet01, "D1", "PLAN"): null

2020-02-14 09:54:58 - [TEST_STEP][PASSED] - setValueToCellByAddress(sheet01, "E1", "API PLAN"): null

2020-02-14 09:54:58 - [TEST_STEP][PASSED] - mybeam = mybeam: null

2020-02-14 09:54:58 - [TEST_STEP][PASSED] - myuff = myuff: null

2020-02-14 09:54:58 - [TEST_STEP][PASSED] - myplan = myplan: null

2020-02-14 09:54:58 - [TEST_STEP][PASSED] - log = new com.kms.katalon.core.logging.KeywordLogger(): null

2020-02-14 09:54:58 - [TEST_STEP][PASSED] - log.logWarning("beam " + mybeam + " zip " + myzip + " upfront fees " + myuff + " plan " + myplan): beam 745 zip 92394 upfront fees 0 plan VS2 Standard Offer

2020-02-14 09:54:58 - [MESSAGE][WARNING] - beam 745 zip 92394 upfront fees 0 plan VS2 Standard Offer

2020-02-14 09:54:58 - [TEST_STEP][PASSED] - setValueToCellByAddress(sheet01, "B" + mycount, beamFail): null

2020-02-14 09:54:58 - [TEST_STEP][PASSED] - setValueToCellByAddress(sheet01, "C" + mycount, uffFail): null

2020-02-14 09:54:58 - [TEST_STEP][PASSED] - mycount = mycount + 1: null

2020-02-14 09:54:58 - [TEST_STEP][PASSED] - setValueToCellByAddress(sheet01, "A" + mycount, "beam " + mybeam + " zip " + myzip + " upfront fees " + myuff + " plan " + myplan): null

2020-02-14 09:54:58 - [TEST_STEP][PASSED] - setValueToCellByAddress(sheet01, "D" + mycount, myplan): null

2020-02-14 09:54:58 - [TEST_STEP][PASSED] - sendRequestAndVerify(findTestObject("Exede_Zip", ["myzip":myzip])): Send request and verify the response successfully

2020-02-14 09:55:00 - [MESSAGE][INFO] - HAR: /Users/jhampleman/jenkins-beam-tests-master/Reports/20200214_095028/RUN_Exede_Zip_Test/20200214_095028/requests/main/125.har

2020-02-14 09:55:00 - [TEST_CASE][PASSED] - Start Test Case : Verification: Verification accomplished successfully

2020-02-14 09:55:00 - [TEST_STEP][PASSED] - request = getInstance().getCurrentRequest(): null

2020-02-14 09:55:00 - [TEST_STEP][PASSED] - response = getInstance().getCurrentResponse(): null

2020-02-14 09:55:00 - [TEST_STEP][PASSED] - if (!(verifyElementPropertyValue(response, "data.beam", mybeam))): Verify element property value successfully

2020-02-14 09:55:00 - [MESSAGE][PASSED] - Verify element property value successfully

2020-02-14 09:55:00 - [TEST_STEP][PASSED] - else: null

2020-02-14 09:55:00 - [TEST_STEP][PASSED] - beamFail = "P": null

2020-02-14 09:55:00 - [TEST_STEP][PASSED] - if (!(verifyElementPropertyValue(response, "data.product.down", myuff))): Verify element property value successfully

2020-02-14 09:55:00 - [MESSAGE][PASSED] - Verify element property value successfully

2020-02-14 09:55:00 - [TEST_STEP][PASSED] - else: null

2020-02-14 09:55:00 - [TEST_STEP][PASSED] - uffFail = "P": null

2020-02-14 09:55:00 - [TEST_STEP][PASSED] - jsonSlurper = new groovy.json.JsonSlurper(): null

2020-02-14 09:55:00 - [TEST_STEP][PASSED] - object = jsonSlurper.parseText(response.getResponseText()): null

2020-02-14 09:55:00 - [TEST_STEP][PASSED] - println(object): null

2020-02-14 09:55:00 - [TEST_STEP][PASSED] - mytest = plans: null

2020-02-14 09:55:00 - [TEST_STEP][PASSED] - variable = mytest: null

2020-02-14 09:55:00 - [MESSAGE][PASSED] - Verify response successfully

2020-02-14 09:55:00 - [MESSAGE][PASSED] - Send request and verify the response successfully

2020-02-14 09:55:00 - [TEST_STEP][PASSED] - setValueToCellByAddress(sheet01, "E" + mycount, variable): null

2020-02-14 09:55:00 - [TEST_STEP][PASSED] - saveWorkbook(excelFile01, workbook01): null]]></system-out>
         <system-err><![CDATA[]]></system-err>
      </testcase>
      <testcase name="Test Cases/Test_Beams_by_Zip_to_Excel" time="2.068" classname="Test Cases/Test_Beams_by_Zip_to_Excel" status="FAILED">
         <failure type="FAILED" message="Test Cases/Test_Beams_by_Zip_to_Excel FAILED.
Reason:
com.kms.katalon.core.exception.StepFailedException: Expected element property value '746' is not equal with actual property value '364'
	at com.kms.katalon.core.keyword.internal.KeywordMain.stepFailed(KeywordMain.groovy:39)
	at com.kms.katalon.core.webservice.keyword.builtin.VerifyElementPropertyValueKeyword$_verifyElementPropertyValue_closure1.doCall(VerifyElementPropertyValueKeyword.groovy:56)
	at com.kms.katalon.core.webservice.keyword.builtin.VerifyElementPropertyValueKeyword$_verifyElementPropertyValue_closure1.call(VerifyElementPropertyValueKeyword.groovy)
	at com.kms.katalon.core.keyword.internal.KeywordMain.runKeyword(KeywordMain.groovy:68)
	at com.kms.katalon.core.webservice.keyword.builtin.VerifyElementPropertyValueKeyword.verifyElementPropertyValue(VerifyElementPropertyValueKeyword.groovy:48)
	at com.kms.katalon.core.webservice.keyword.builtin.VerifyElementPropertyValueKeyword.execute(VerifyElementPropertyValueKeyword.groovy:43)
	at com.kms.katalon.core.keyword.internal.KeywordExecutor.executeKeywordForPlatform(KeywordExecutor.groovy:72)
	at com.kms.katalon.core.webservice.keyword.WSBuiltInKeywords.verifyElementPropertyValue(WSBuiltInKeywords.groovy:189)
	at com.kms.katalon.core.webservice.keyword.WSBuiltInKeywords$verifyElementPropertyValue$0.call(Unknown Source)
	at WSVerification1581699302294.run(WSVerification1581699302294:16)
	at com.kms.katalon.core.main.ScriptEngine.run(ScriptEngine.java:194)
	at com.kms.katalon.core.main.ScriptEngine.runScriptAsRawText(ScriptEngine.java:119)
	at com.kms.katalon.core.main.WSVerificationExecutor.runScript(WSVerificationExecutor.java:146)
	at com.kms.katalon.core.main.WSVerificationExecutor.doExecute(WSVerificationExecutor.java:140)
	at com.kms.katalon.core.main.WSVerificationExecutor.processExecutionPhase(WSVerificationExecutor.java:123)
	at com.kms.katalon.core.main.WSVerificationExecutor.accessMainPhase(WSVerificationExecutor.java:115)
	at com.kms.katalon.core.main.WSVerificationExecutor.execute(WSVerificationExecutor.java:103)
	at com.kms.katalon.core.main.TestCaseMain.runWSVerificationScript(TestCaseMain.java:127)
	at com.kms.katalon.core.webservice.keyword.builtin.SendRequestAndVerifyKeyword$_sendRequestAndVerify_closure1.doCall(SendRequestAndVerifyKeyword.groovy:55)
	at com.kms.katalon.core.webservice.keyword.builtin.SendRequestAndVerifyKeyword$_sendRequestAndVerify_closure1.call(SendRequestAndVerifyKeyword.groovy)
	at com.kms.katalon.core.keyword.internal.KeywordMain.runKeyword(KeywordMain.groovy:68)
	at com.kms.katalon.core.webservice.keyword.builtin.SendRequestAndVerifyKeyword.sendRequestAndVerify(SendRequestAndVerifyKeyword.groovy:43)
	at com.kms.katalon.core.webservice.keyword.builtin.SendRequestAndVerifyKeyword.execute(SendRequestAndVerifyKeyword.groovy:38)
	at com.kms.katalon.core.keyword.internal.KeywordExecutor.executeKeywordForPlatform(KeywordExecutor.groovy:72)
	at com.kms.katalon.core.webservice.keyword.WSBuiltInKeywords.sendRequestAndVerify(WSBuiltInKeywords.groovy:65)
	at com.kms.katalon.core.webservice.keyword.WSBuiltInKeywords$sendRequestAndVerify.call(Unknown Source)
	at Test_Beams_by_Zip_to_Excel.run(Test_Beams_by_Zip_to_Excel:68)
	at com.kms.katalon.core.main.ScriptEngine.run(ScriptEngine.java:194)
	at com.kms.katalon.core.main.ScriptEngine.runScriptAsRawText(ScriptEngine.java:119)
	at com.kms.katalon.core.main.TestCaseExecutor.runScript(TestCaseExecutor.java:337)
	at com.kms.katalon.core.main.TestCaseExecutor.doExecute(TestCaseExecutor.java:328)
	at com.kms.katalon.core.main.TestCaseExecutor.processExecutionPhase(TestCaseExecutor.java:307)
	at com.kms.katalon.core.main.TestCaseExecutor.accessMainPhase(TestCaseExecutor.java:299)
	at com.kms.katalon.core.main.TestCaseExecutor.execute(TestCaseExecutor.java:233)
	at com.kms.katalon.core.main.TestSuiteExecutor.accessTestCaseMainPhase(TestSuiteExecutor.java:169)
	at com.kms.katalon.core.main.TestSuiteExecutor.accessTestSuiteMainPhase(TestSuiteExecutor.java:142)
	at com.kms.katalon.core.main.TestSuiteExecutor.execute(TestSuiteExecutor.java:91)
	at com.kms.katalon.core.main.TestCaseMain.startTestSuite(TestCaseMain.java:157)
	at com.kms.katalon.core.main.TestCaseMain$startTestSuite$0.call(Unknown Source)
	at TempTestSuite1581699028664.run(TempTestSuite1581699028664.groovy:36)
"/>
         <system-out><![CDATA[2020-02-14 09:55:00 - [TEST_CASE][FAILED] - Test Cases/Test_Beams_by_Zip_to_Excel: Test Cases/Test_Beams_by_Zip_to_Excel FAILED.
Reason:
com.kms.katalon.core.exception.StepFailedException: Expected element property value '746' is not equal with actual property value '364'
	at com.kms.katalon.core.keyword.internal.KeywordMain.stepFailed(KeywordMain.groovy:39)
	at com.kms.katalon.core.webservice.keyword.builtin.VerifyElementPropertyValueKeyword$_verifyElementPropertyValue_closure1.doCall(VerifyElementPropertyValueKeyword.groovy:56)
	at com.kms.katalon.core.webservice.keyword.builtin.VerifyElementPropertyValueKeyword$_verifyElementPropertyValue_closure1.call(VerifyElementPropertyValueKeyword.groovy)
	at com.kms.katalon.core.keyword.internal.KeywordMain.runKeyword(KeywordMain.groovy:68)
	at com.kms.katalon.core.webservice.keyword.builtin.VerifyElementPropertyValueKeyword.verifyElementPropertyValue(VerifyElementPropertyValueKeyword.groovy:48)
	at com.kms.katalon.core.webservice.keyword.builtin.VerifyElementPropertyValueKeyword.execute(VerifyElementPropertyValueKeyword.groovy:43)
	at com.kms.katalon.core.keyword.internal.KeywordExecutor.executeKeywordForPlatform(KeywordExecutor.groovy:72)
	at com.kms.katalon.core.webservice.keyword.WSBuiltInKeywords.verifyElementPropertyValue(WSBuiltInKeywords.groovy:189)
	at com.kms.katalon.core.webservice.keyword.WSBuiltInKeywords$verifyElementPropertyValue$0.call(Unknown Source)
	at WSVerification1581699302294.run(WSVerification1581699302294:16)
	at com.kms.katalon.core.main.ScriptEngine.run(ScriptEngine.java:194)
	at com.kms.katalon.core.main.ScriptEngine.runScriptAsRawText(ScriptEngine.java:119)
	at com.kms.katalon.core.main.WSVerificationExecutor.runScript(WSVerificationExecutor.java:146)
	at com.kms.katalon.core.main.WSVerificationExecutor.doExecute(WSVerificationExecutor.java:140)
	at com.kms.katalon.core.main.WSVerificationExecutor.processExecutionPhase(WSVerificationExecutor.java:123)
	at com.kms.katalon.core.main.WSVerificationExecutor.accessMainPhase(WSVerificationExecutor.java:115)
	at com.kms.katalon.core.main.WSVerificationExecutor.execute(WSVerificationExecutor.java:103)
	at com.kms.katalon.core.main.TestCaseMain.runWSVerificationScript(TestCaseMain.java:127)
	at com.kms.katalon.core.webservice.keyword.builtin.SendRequestAndVerifyKeyword$_sendRequestAndVerify_closure1.doCall(SendRequestAndVerifyKeyword.groovy:55)
	at com.kms.katalon.core.webservice.keyword.builtin.SendRequestAndVerifyKeyword$_sendRequestAndVerify_closure1.call(SendRequestAndVerifyKeyword.groovy)
	at com.kms.katalon.core.keyword.internal.KeywordMain.runKeyword(KeywordMain.groovy:68)
	at com.kms.katalon.core.webservice.keyword.builtin.SendRequestAndVerifyKeyword.sendRequestAndVerify(SendRequestAndVerifyKeyword.groovy:43)
	at com.kms.katalon.core.webservice.keyword.builtin.SendRequestAndVerifyKeyword.execute(SendRequestAndVerifyKeyword.groovy:38)
	at com.kms.katalon.core.keyword.internal.KeywordExecutor.executeKeywordForPlatform(KeywordExecutor.groovy:72)
	at com.kms.katalon.core.webservice.keyword.WSBuiltInKeywords.sendRequestAndVerify(WSBuiltInKeywords.groovy:65)
	at com.kms.katalon.core.webservice.keyword.WSBuiltInKeywords$sendRequestAndVerify.call(Unknown Source)
	at Test_Beams_by_Zip_to_Excel.run(Test_Beams_by_Zip_to_Excel:68)
	at com.kms.katalon.core.main.ScriptEngine.run(ScriptEngine.java:194)
	at com.kms.katalon.core.main.ScriptEngine.runScriptAsRawText(ScriptEngine.java:119)
	at com.kms.katalon.core.main.TestCaseExecutor.runScript(TestCaseExecutor.java:337)
	at com.kms.katalon.core.main.TestCaseExecutor.doExecute(TestCaseExecutor.java:328)
	at com.kms.katalon.core.main.TestCaseExecutor.processExecutionPhase(TestCaseExecutor.java:307)
	at com.kms.katalon.core.main.TestCaseExecutor.accessMainPhase(TestCaseExecutor.java:299)
	at com.kms.katalon.core.main.TestCaseExecutor.execute(TestCaseExecutor.java:233)
	at com.kms.katalon.core.main.TestSuiteExecutor.accessTestCaseMainPhase(TestSuiteExecutor.java:169)
	at com.kms.katalon.core.main.TestSuiteExecutor.accessTestSuiteMainPhase(TestSuiteExecutor.java:142)
	at com.kms.katalon.core.main.TestSuiteExecutor.execute(TestSuiteExecutor.java:91)
	at com.kms.katalon.core.main.TestCaseMain.startTestSuite(TestCaseMain.java:157)
	at com.kms.katalon.core.main.TestCaseMain$startTestSuite$0.call(Unknown Source)
	at TempTestSuite1581699028664.run(TempTestSuite1581699028664.groovy:36)


2020-02-14 09:55:00 - [TEST_STEP][PASSED] - excelFile01 = "beams-test-results.xlsx": null

2020-02-14 09:55:00 - [TEST_STEP][PASSED] - ExpectedListSheetFile1 = ["Sheet1"]: null

2020-02-14 09:55:00 - [TEST_STEP][PASSED] - workbookFile01 = getWorkbook(excelFile01): null

2020-02-14 09:55:00 - [TEST_STEP][PASSED] - workbook01 = getWorkbook(excelFile01): null

2020-02-14 09:55:00 - [TEST_STEP][PASSED] - sheet01 = getExcelSheet(workbook01, "Sheet1"): null

2020-02-14 09:55:00 - [TEST_STEP][PASSED] - setValueToCellByAddress(sheet01, "A1", "TEST"): null

2020-02-14 09:55:00 - [TEST_STEP][PASSED] - setValueToCellByAddress(sheet01, "B1", "BEAM"): null

2020-02-14 09:55:00 - [TEST_STEP][PASSED] - setValueToCellByAddress(sheet01, "C1", "UFF"): null

2020-02-14 09:55:00 - [TEST_STEP][PASSED] - setValueToCellByAddress(sheet01, "D1", "PLAN"): null

2020-02-14 09:55:00 - [TEST_STEP][PASSED] - setValueToCellByAddress(sheet01, "E1", "API PLAN"): null

2020-02-14 09:55:00 - [TEST_STEP][PASSED] - mybeam = mybeam: null

2020-02-14 09:55:00 - [TEST_STEP][PASSED] - myuff = myuff: null

2020-02-14 09:55:00 - [TEST_STEP][PASSED] - myplan = myplan: null

2020-02-14 09:55:00 - [TEST_STEP][PASSED] - log = new com.kms.katalon.core.logging.KeywordLogger(): null

2020-02-14 09:55:00 - [TEST_STEP][PASSED] - log.logWarning("beam " + mybeam + " zip " + myzip + " upfront fees " + myuff + " plan " + myplan): beam 746 zip 95932 upfront fees 0 plan VS2 Best Offer A

2020-02-14 09:55:00 - [MESSAGE][WARNING] - beam 746 zip 95932 upfront fees 0 plan VS2 Best Offer A

2020-02-14 09:55:00 - [TEST_STEP][PASSED] - setValueToCellByAddress(sheet01, "B" + mycount, beamFail): null

2020-02-14 09:55:00 - [TEST_STEP][PASSED] - setValueToCellByAddress(sheet01, "C" + mycount, uffFail): null

2020-02-14 09:55:00 - [TEST_STEP][PASSED] - mycount = mycount + 1: null

2020-02-14 09:55:00 - [TEST_STEP][PASSED] - setValueToCellByAddress(sheet01, "A" + mycount, "beam " + mybeam + " zip " + myzip + " upfront fees " + myuff + " plan " + myplan): null

2020-02-14 09:55:00 - [TEST_STEP][PASSED] - setValueToCellByAddress(sheet01, "D" + mycount, myplan): null

2020-02-14 09:55:00 - [TEST_STEP][FAILED] - sendRequestAndVerify(findTestObject("Exede_Zip", ["myzip":myzip])): Unable to send request and verify the response (Root cause: com.kms.katalon.core.exception.StepFailedException: Verification failed
	at com.kms.katalon.core.webservice.keyword.builtin.SendRequestAndVerifyKeyword$_sendRequestAndVerify_closure1.doCall(SendRequestAndVerifyKeyword.groovy:59)
	at com.kms.katalon.core.webservice.keyword.builtin.SendRequestAndVerifyKeyword$_sendRequestAndVerify_closure1.call(SendRequestAndVerifyKeyword.groovy)
	at com.kms.katalon.core.keyword.internal.KeywordMain.runKeyword(KeywordMain.groovy:68)
	at com.kms.katalon.core.webservice.keyword.builtin.SendRequestAndVerifyKeyword.sendRequestAndVerify(SendRequestAndVerifyKeyword.groovy:43)
	at com.kms.katalon.core.webservice.keyword.builtin.SendRequestAndVerifyKeyword.execute(SendRequestAndVerifyKeyword.groovy:38)
	at com.kms.katalon.core.keyword.internal.KeywordExecutor.executeKeywordForPlatform(KeywordExecutor.groovy:72)
	at com.kms.katalon.core.webservice.keyword.WSBuiltInKeywords.sendRequestAndVerify(WSBuiltInKeywords.groovy:65)
	at com.kms.katalon.core.webservice.keyword.WSBuiltInKeywords$sendRequestAndVerify.call(Unknown Source)
	at Test_Beams_by_Zip_to_Excel.run(Test_Beams_by_Zip_to_Excel:68)
	at com.kms.katalon.core.main.ScriptEngine.run(ScriptEngine.java:194)
	at com.kms.katalon.core.main.ScriptEngine.runScriptAsRawText(ScriptEngine.java:119)
	at com.kms.katalon.core.main.TestCaseExecutor.runScript(TestCaseExecutor.java:337)
	at com.kms.katalon.core.main.TestCaseExecutor.doExecute(TestCaseExecutor.java:328)
	at com.kms.katalon.core.main.TestCaseExecutor.processExecutionPhase(TestCaseExecutor.java:307)
	at com.kms.katalon.core.main.TestCaseExecutor.accessMainPhase(TestCaseExecutor.java:299)
	at com.kms.katalon.core.main.TestCaseExecutor.execute(TestCaseExecutor.java:233)
	at com.kms.katalon.core.main.TestSuiteExecutor.accessTestCaseMainPhase(TestSuiteExecutor.java:169)
	at com.kms.katalon.core.main.TestSuiteExecutor.accessTestSuiteMainPhase(TestSuiteExecutor.java:142)
	at com.kms.katalon.core.main.TestSuiteExecutor.execute(TestSuiteExecutor.java:91)
	at com.kms.katalon.core.main.TestCaseMain.startTestSuite(TestCaseMain.java:157)
	at com.kms.katalon.core.main.TestCaseMain$startTestSuite$0.call(Unknown Source)
	at TempTestSuite1581699028664.run(TempTestSuite1581699028664.groovy:36)
)

2020-02-14 09:55:02 - [MESSAGE][INFO] - HAR: /Users/jhampleman/jenkins-beam-tests-master/Reports/20200214_095028/RUN_Exede_Zip_Test/20200214_095028/requests/main/126.har

2020-02-14 09:55:02 - [TEST_CASE][FAILED] - Start Test Case : Verification: Verification FAILED.
Reason:
com.kms.katalon.core.exception.StepFailedException: Expected element property value '746' is not equal with actual property value '364'
	at com.kms.katalon.core.keyword.internal.KeywordMain.stepFailed(KeywordMain.groovy:39)
	at com.kms.katalon.core.webservice.keyword.builtin.VerifyElementPropertyValueKeyword$_verifyElementPropertyValue_closure1.doCall(VerifyElementPropertyValueKeyword.groovy:56)
	at com.kms.katalon.core.webservice.keyword.builtin.VerifyElementPropertyValueKeyword$_verifyElementPropertyValue_closure1.call(VerifyElementPropertyValueKeyword.groovy)
	at com.kms.katalon.core.keyword.internal.KeywordMain.runKeyword(KeywordMain.groovy:68)
	at com.kms.katalon.core.webservice.keyword.builtin.VerifyElementPropertyValueKeyword.verifyElementPropertyValue(VerifyElementPropertyValueKeyword.groovy:48)
	at com.kms.katalon.core.webservice.keyword.builtin.VerifyElementPropertyValueKeyword.execute(VerifyElementPropertyValueKeyword.groovy:43)
	at com.kms.katalon.core.keyword.internal.KeywordExecutor.executeKeywordForPlatform(KeywordExecutor.groovy:72)
	at com.kms.katalon.core.webservice.keyword.WSBuiltInKeywords.verifyElementPropertyValue(WSBuiltInKeywords.groovy:189)
	at com.kms.katalon.core.webservice.keyword.WSBuiltInKeywords$verifyElementPropertyValue$0.call(Unknown Source)
	at WSVerification1581699302294.run(WSVerification1581699302294:16)
	at com.kms.katalon.core.main.ScriptEngine.run(ScriptEngine.java:194)
	at com.kms.katalon.core.main.ScriptEngine.runScriptAsRawText(ScriptEngine.java:119)
	at com.kms.katalon.core.main.WSVerificationExecutor.runScript(WSVerificationExecutor.java:146)
	at com.kms.katalon.core.main.WSVerificationExecutor.doExecute(WSVerificationExecutor.java:140)
	at com.kms.katalon.core.main.WSVerificationExecutor.processExecutionPhase(WSVerificationExecutor.java:123)
	at com.kms.katalon.core.main.WSVerificationExecutor.accessMainPhase(WSVerificationExecutor.java:115)
	at com.kms.katalon.core.main.WSVerificationExecutor.execute(WSVerificationExecutor.java:103)
	at com.kms.katalon.core.main.TestCaseMain.runWSVerificationScript(TestCaseMain.java:127)
	at com.kms.katalon.core.webservice.keyword.builtin.SendRequestAndVerifyKeyword$_sendRequestAndVerify_closure1.doCall(SendRequestAndVerifyKeyword.groovy:55)
	at com.kms.katalon.core.webservice.keyword.builtin.SendRequestAndVerifyKeyword$_sendRequestAndVerify_closure1.call(SendRequestAndVerifyKeyword.groovy)
	at com.kms.katalon.core.keyword.internal.KeywordMain.runKeyword(KeywordMain.groovy:68)
	at com.kms.katalon.core.webservice.keyword.builtin.SendRequestAndVerifyKeyword.sendRequestAndVerify(SendRequestAndVerifyKeyword.groovy:43)
	at com.kms.katalon.core.webservice.keyword.builtin.SendRequestAndVerifyKeyword.execute(SendRequestAndVerifyKeyword.groovy:38)
	at com.kms.katalon.core.keyword.internal.KeywordExecutor.executeKeywordForPlatform(KeywordExecutor.groovy:72)
	at com.kms.katalon.core.webservice.keyword.WSBuiltInKeywords.sendRequestAndVerify(WSBuiltInKeywords.groovy:65)
	at com.kms.katalon.core.webservice.keyword.WSBuiltInKeywords$sendRequestAndVerify.call(Unknown Source)
	at Test_Beams_by_Zip_to_Excel.run(Test_Beams_by_Zip_to_Excel:68)
	at com.kms.katalon.core.main.ScriptEngine.run(ScriptEngine.java:194)
	at com.kms.katalon.core.main.ScriptEngine.runScriptAsRawText(ScriptEngine.java:119)
	at com.kms.katalon.core.main.TestCaseExecutor.runScript(TestCaseExecutor.java:337)
	at com.kms.katalon.core.main.TestCaseExecutor.doExecute(TestCaseExecutor.java:328)
	at com.kms.katalon.core.main.TestCaseExecutor.processExecutionPhase(TestCaseExecutor.java:307)
	at com.kms.katalon.core.main.TestCaseExecutor.accessMainPhase(TestCaseExecutor.java:299)
	at com.kms.katalon.core.main.TestCaseExecutor.execute(TestCaseExecutor.java:233)
	at com.kms.katalon.core.main.TestSuiteExecutor.accessTestCaseMainPhase(TestSuiteExecutor.java:169)
	at com.kms.katalon.core.main.TestSuiteExecutor.accessTestSuiteMainPhase(TestSuiteExecutor.java:142)
	at com.kms.katalon.core.main.TestSuiteExecutor.execute(TestSuiteExecutor.java:91)
	at com.kms.katalon.core.main.TestCaseMain.startTestSuite(TestCaseMain.java:157)
	at com.kms.katalon.core.main.TestCaseMain$startTestSuite$0.call(Unknown Source)
	at TempTestSuite1581699028664.run(TempTestSuite1581699028664.groovy:36)


2020-02-14 09:55:02 - [TEST_STEP][PASSED] - request = getInstance().getCurrentRequest(): null

2020-02-14 09:55:02 - [TEST_STEP][PASSED] - response = getInstance().getCurrentResponse(): null

2020-02-14 09:55:02 - [TEST_STEP][FAILED] - if (!(verifyElementPropertyValue(response, "data.beam", mybeam))): null

2020-02-14 09:55:02 - [MESSAGE][FAILED] - Expected element property value '746' is not equal with actual property value '364'

2020-02-14 09:55:02 - [TEST_STEP][PASSED] - beamFail = "F": null

2020-02-14 09:55:02 - [TEST_STEP][FAILED] - if (!(verifyElementPropertyValue(response, "data.product.down", myuff))): null

2020-02-14 09:55:02 - [MESSAGE][FAILED] - Expected element property value '0' is not equal with actual property value '150'

2020-02-14 09:55:02 - [TEST_STEP][PASSED] - uffFail = "F": null

2020-02-14 09:55:02 - [TEST_STEP][PASSED] - jsonSlurper = new groovy.json.JsonSlurper(): null

2020-02-14 09:55:02 - [TEST_STEP][PASSED] - object = jsonSlurper.parseText(response.getResponseText()): null

2020-02-14 09:55:02 - [TEST_STEP][PASSED] - println(object): null

2020-02-14 09:55:02 - [TEST_STEP][PASSED] - mytest = plans: null

2020-02-14 09:55:02 - [TEST_STEP][PASSED] - variable = mytest: null

2020-02-14 09:55:02 - [MESSAGE][FAILED] - Unable to send request and verify the response (Root cause: com.kms.katalon.core.exception.StepFailedException: Verification failed
	at com.kms.katalon.core.webservice.keyword.builtin.SendRequestAndVerifyKeyword$_sendRequestAndVerify_closure1.doCall(SendRequestAndVerifyKeyword.groovy:59)
	at com.kms.katalon.core.webservice.keyword.builtin.SendRequestAndVerifyKeyword$_sendRequestAndVerify_closure1.call(SendRequestAndVerifyKeyword.groovy)
	at com.kms.katalon.core.keyword.internal.KeywordMain.runKeyword(KeywordMain.groovy:68)
	at com.kms.katalon.core.webservice.keyword.builtin.SendRequestAndVerifyKeyword.sendRequestAndVerify(SendRequestAndVerifyKeyword.groovy:43)
	at com.kms.katalon.core.webservice.keyword.builtin.SendRequestAndVerifyKeyword.execute(SendRequestAndVerifyKeyword.groovy:38)
	at com.kms.katalon.core.keyword.internal.KeywordExecutor.executeKeywordForPlatform(KeywordExecutor.groovy:72)
	at com.kms.katalon.core.webservice.keyword.WSBuiltInKeywords.sendRequestAndVerify(WSBuiltInKeywords.groovy:65)
	at com.kms.katalon.core.webservice.keyword.WSBuiltInKeywords$sendRequestAndVerify.call(Unknown Source)
	at Test_Beams_by_Zip_to_Excel.run(Test_Beams_by_Zip_to_Excel:68)
	at com.kms.katalon.core.main.ScriptEngine.run(ScriptEngine.java:194)
	at com.kms.katalon.core.main.ScriptEngine.runScriptAsRawText(ScriptEngine.java:119)
	at com.kms.katalon.core.main.TestCaseExecutor.runScript(TestCaseExecutor.java:337)
	at com.kms.katalon.core.main.TestCaseExecutor.doExecute(TestCaseExecutor.java:328)
	at com.kms.katalon.core.main.TestCaseExecutor.processExecutionPhase(TestCaseExecutor.java:307)
	at com.kms.katalon.core.main.TestCaseExecutor.accessMainPhase(TestCaseExecutor.java:299)
	at com.kms.katalon.core.main.TestCaseExecutor.execute(TestCaseExecutor.java:233)
	at com.kms.katalon.core.main.TestSuiteExecutor.accessTestCaseMainPhase(TestSuiteExecutor.java:169)
	at com.kms.katalon.core.main.TestSuiteExecutor.accessTestSuiteMainPhase(TestSuiteExecutor.java:142)
	at com.kms.katalon.core.main.TestSuiteExecutor.execute(TestSuiteExecutor.java:91)
	at com.kms.katalon.core.main.TestCaseMain.startTestSuite(TestCaseMain.java:157)
	at com.kms.katalon.core.main.TestCaseMain$startTestSuite$0.call(Unknown Source)
	at TempTestSuite1581699028664.run(TempTestSuite1581699028664.groovy:36)
)

2020-02-14 09:55:02 - [TEST_STEP][PASSED] - setValueToCellByAddress(sheet01, "E" + mycount, variable): null

2020-02-14 09:55:02 - [TEST_STEP][PASSED] - saveWorkbook(excelFile01, workbook01): null]]></system-out>
         <system-err><![CDATA[2020-02-14 09:55:00 - [TEST_CASE][FAILED] - Test Cases/Test_Beams_by_Zip_to_Excel: Test Cases/Test_Beams_by_Zip_to_Excel FAILED.
Reason:
com.kms.katalon.core.exception.StepFailedException: Expected element property value '746' is not equal with actual property value '364'
	at com.kms.katalon.core.keyword.internal.KeywordMain.stepFailed(KeywordMain.groovy:39)
	at com.kms.katalon.core.webservice.keyword.builtin.VerifyElementPropertyValueKeyword$_verifyElementPropertyValue_closure1.doCall(VerifyElementPropertyValueKeyword.groovy:56)
	at com.kms.katalon.core.webservice.keyword.builtin.VerifyElementPropertyValueKeyword$_verifyElementPropertyValue_closure1.call(VerifyElementPropertyValueKeyword.groovy)
	at com.kms.katalon.core.keyword.internal.KeywordMain.runKeyword(KeywordMain.groovy:68)
	at com.kms.katalon.core.webservice.keyword.builtin.VerifyElementPropertyValueKeyword.verifyElementPropertyValue(VerifyElementPropertyValueKeyword.groovy:48)
	at com.kms.katalon.core.webservice.keyword.builtin.VerifyElementPropertyValueKeyword.execute(VerifyElementPropertyValueKeyword.groovy:43)
	at com.kms.katalon.core.keyword.internal.KeywordExecutor.executeKeywordForPlatform(KeywordExecutor.groovy:72)
	at com.kms.katalon.core.webservice.keyword.WSBuiltInKeywords.verifyElementPropertyValue(WSBuiltInKeywords.groovy:189)
	at com.kms.katalon.core.webservice.keyword.WSBuiltInKeywords$verifyElementPropertyValue$0.call(Unknown Source)
	at WSVerification1581699302294.run(WSVerification1581699302294:16)
	at com.kms.katalon.core.main.ScriptEngine.run(ScriptEngine.java:194)
	at com.kms.katalon.core.main.ScriptEngine.runScriptAsRawText(ScriptEngine.java:119)
	at com.kms.katalon.core.main.WSVerificationExecutor.runScript(WSVerificationExecutor.java:146)
	at com.kms.katalon.core.main.WSVerificationExecutor.doExecute(WSVerificationExecutor.java:140)
	at com.kms.katalon.core.main.WSVerificationExecutor.processExecutionPhase(WSVerificationExecutor.java:123)
	at com.kms.katalon.core.main.WSVerificationExecutor.accessMainPhase(WSVerificationExecutor.java:115)
	at com.kms.katalon.core.main.WSVerificationExecutor.execute(WSVerificationExecutor.java:103)
	at com.kms.katalon.core.main.TestCaseMain.runWSVerificationScript(TestCaseMain.java:127)
	at com.kms.katalon.core.webservice.keyword.builtin.SendRequestAndVerifyKeyword$_sendRequestAndVerify_closure1.doCall(SendRequestAndVerifyKeyword.groovy:55)
	at com.kms.katalon.core.webservice.keyword.builtin.SendRequestAndVerifyKeyword$_sendRequestAndVerify_closure1.call(SendRequestAndVerifyKeyword.groovy)
	at com.kms.katalon.core.keyword.internal.KeywordMain.runKeyword(KeywordMain.groovy:68)
	at com.kms.katalon.core.webservice.keyword.builtin.SendRequestAndVerifyKeyword.sendRequestAndVerify(SendRequestAndVerifyKeyword.groovy:43)
	at com.kms.katalon.core.webservice.keyword.builtin.SendRequestAndVerifyKeyword.execute(SendRequestAndVerifyKeyword.groovy:38)
	at com.kms.katalon.core.keyword.internal.KeywordExecutor.executeKeywordForPlatform(KeywordExecutor.groovy:72)
	at com.kms.katalon.core.webservice.keyword.WSBuiltInKeywords.sendRequestAndVerify(WSBuiltInKeywords.groovy:65)
	at com.kms.katalon.core.webservice.keyword.WSBuiltInKeywords$sendRequestAndVerify.call(Unknown Source)
	at Test_Beams_by_Zip_to_Excel.run(Test_Beams_by_Zip_to_Excel:68)
	at com.kms.katalon.core.main.ScriptEngine.run(ScriptEngine.java:194)
	at com.kms.katalon.core.main.ScriptEngine.runScriptAsRawText(ScriptEngine.java:119)
	at com.kms.katalon.core.main.TestCaseExecutor.runScript(TestCaseExecutor.java:337)
	at com.kms.katalon.core.main.TestCaseExecutor.doExecute(TestCaseExecutor.java:328)
	at com.kms.katalon.core.main.TestCaseExecutor.processExecutionPhase(TestCaseExecutor.java:307)
	at com.kms.katalon.core.main.TestCaseExecutor.accessMainPhase(TestCaseExecutor.java:299)
	at com.kms.katalon.core.main.TestCaseExecutor.execute(TestCaseExecutor.java:233)
	at com.kms.katalon.core.main.TestSuiteExecutor.accessTestCaseMainPhase(TestSuiteExecutor.java:169)
	at com.kms.katalon.core.main.TestSuiteExecutor.accessTestSuiteMainPhase(TestSuiteExecutor.java:142)
	at com.kms.katalon.core.main.TestSuiteExecutor.execute(TestSuiteExecutor.java:91)
	at com.kms.katalon.core.main.TestCaseMain.startTestSuite(TestCaseMain.java:157)
	at com.kms.katalon.core.main.TestCaseMain$startTestSuite$0.call(Unknown Source)
	at TempTestSuite1581699028664.run(TempTestSuite1581699028664.groovy:36)]]></system-err>
      </testcase>
      <testcase name="Test Cases/Test_Beams_by_Zip_to_Excel" time="1.911" classname="Test Cases/Test_Beams_by_Zip_to_Excel" status="PASSED">
         <system-out><![CDATA[2020-02-14 09:55:02 - [TEST_CASE][PASSED] - Test Cases/Test_Beams_by_Zip_to_Excel: Test Cases/Test_Beams_by_Zip_to_Excel

2020-02-14 09:55:02 - [TEST_STEP][PASSED] - excelFile01 = "beams-test-results.xlsx": null

2020-02-14 09:55:02 - [TEST_STEP][PASSED] - ExpectedListSheetFile1 = ["Sheet1"]: null

2020-02-14 09:55:02 - [TEST_STEP][PASSED] - workbookFile01 = getWorkbook(excelFile01): null

2020-02-14 09:55:02 - [TEST_STEP][PASSED] - workbook01 = getWorkbook(excelFile01): null

2020-02-14 09:55:02 - [TEST_STEP][PASSED] - sheet01 = getExcelSheet(workbook01, "Sheet1"): null

2020-02-14 09:55:02 - [TEST_STEP][PASSED] - setValueToCellByAddress(sheet01, "A1", "TEST"): null

2020-02-14 09:55:02 - [TEST_STEP][PASSED] - setValueToCellByAddress(sheet01, "B1", "BEAM"): null

2020-02-14 09:55:02 - [TEST_STEP][PASSED] - setValueToCellByAddress(sheet01, "C1", "UFF"): null

2020-02-14 09:55:02 - [TEST_STEP][PASSED] - setValueToCellByAddress(sheet01, "D1", "PLAN"): null

2020-02-14 09:55:02 - [TEST_STEP][PASSED] - setValueToCellByAddress(sheet01, "E1", "API PLAN"): null

2020-02-14 09:55:02 - [TEST_STEP][PASSED] - mybeam = mybeam: null

2020-02-14 09:55:02 - [TEST_STEP][PASSED] - myuff = myuff: null

2020-02-14 09:55:02 - [TEST_STEP][PASSED] - myplan = myplan: null

2020-02-14 09:55:02 - [TEST_STEP][PASSED] - log = new com.kms.katalon.core.logging.KeywordLogger(): null

2020-02-14 09:55:02 - [TEST_STEP][PASSED] - log.logWarning("beam " + mybeam + " zip " + myzip + " upfront fees " + myuff + " plan " + myplan): beam 364 zip 95932 upfront fees 150 plan VS2 Best Offer A

2020-02-14 09:55:02 - [MESSAGE][WARNING] - beam 364 zip 95932 upfront fees 150 plan VS2 Best Offer A

2020-02-14 09:55:02 - [TEST_STEP][PASSED] - setValueToCellByAddress(sheet01, "B" + mycount, beamFail): null

2020-02-14 09:55:02 - [TEST_STEP][PASSED] - setValueToCellByAddress(sheet01, "C" + mycount, uffFail): null

2020-02-14 09:55:02 - [TEST_STEP][PASSED] - mycount = mycount + 1: null

2020-02-14 09:55:02 - [TEST_STEP][PASSED] - setValueToCellByAddress(sheet01, "A" + mycount, "beam " + mybeam + " zip " + myzip + " upfront fees " + myuff + " plan " + myplan): null

2020-02-14 09:55:02 - [TEST_STEP][PASSED] - setValueToCellByAddress(sheet01, "D" + mycount, myplan): null

2020-02-14 09:55:02 - [TEST_STEP][PASSED] - sendRequestAndVerify(findTestObject("Exede_Zip", ["myzip":myzip])): Send request and verify the response successfully

2020-02-14 09:55:04 - [MESSAGE][INFO] - HAR: /Users/jhampleman/jenkins-beam-tests-master/Reports/20200214_095028/RUN_Exede_Zip_Test/20200214_095028/requests/main/127.har

2020-02-14 09:55:04 - [TEST_CASE][PASSED] - Start Test Case : Verification: Verification accomplished successfully

2020-02-14 09:55:04 - [TEST_STEP][PASSED] - request = getInstance().getCurrentRequest(): null

2020-02-14 09:55:04 - [TEST_STEP][PASSED] - response = getInstance().getCurrentResponse(): null

2020-02-14 09:55:04 - [TEST_STEP][PASSED] - if (!(verifyElementPropertyValue(response, "data.beam", mybeam))): Verify element property value successfully

2020-02-14 09:55:04 - [MESSAGE][PASSED] - Verify element property value successfully

2020-02-14 09:55:04 - [TEST_STEP][PASSED] - else: null

2020-02-14 09:55:04 - [TEST_STEP][PASSED] - beamFail = "P": null

2020-02-14 09:55:04 - [TEST_STEP][PASSED] - if (!(verifyElementPropertyValue(response, "data.product.down", myuff))): Verify element property value successfully

2020-02-14 09:55:04 - [MESSAGE][PASSED] - Verify element property value successfully

2020-02-14 09:55:04 - [TEST_STEP][PASSED] - else: null

2020-02-14 09:55:04 - [TEST_STEP][PASSED] - uffFail = "P": null

2020-02-14 09:55:04 - [TEST_STEP][PASSED] - jsonSlurper = new groovy.json.JsonSlurper(): null

2020-02-14 09:55:04 - [TEST_STEP][PASSED] - object = jsonSlurper.parseText(response.getResponseText()): null

2020-02-14 09:55:04 - [TEST_STEP][PASSED] - println(object): null

2020-02-14 09:55:04 - [TEST_STEP][PASSED] - mytest = plans: null

2020-02-14 09:55:04 - [TEST_STEP][PASSED] - variable = mytest: null

2020-02-14 09:55:04 - [MESSAGE][PASSED] - Verify response successfully

2020-02-14 09:55:04 - [MESSAGE][PASSED] - Send request and verify the response successfully

2020-02-14 09:55:04 - [TEST_STEP][PASSED] - setValueToCellByAddress(sheet01, "E" + mycount, variable): null

2020-02-14 09:55:04 - [TEST_STEP][PASSED] - saveWorkbook(excelFile01, workbook01): null]]></system-out>
         <system-err><![CDATA[]]></system-err>
      </testcase>
      <testcase name="Test Cases/Test_Beams_by_Zip_to_Excel" time="2.015" classname="Test Cases/Test_Beams_by_Zip_to_Excel" status="PASSED">
         <system-out><![CDATA[2020-02-14 09:55:04 - [TEST_CASE][PASSED] - Test Cases/Test_Beams_by_Zip_to_Excel: Test Cases/Test_Beams_by_Zip_to_Excel

2020-02-14 09:55:04 - [TEST_STEP][PASSED] - excelFile01 = "beams-test-results.xlsx": null

2020-02-14 09:55:04 - [TEST_STEP][PASSED] - ExpectedListSheetFile1 = ["Sheet1"]: null

2020-02-14 09:55:04 - [TEST_STEP][PASSED] - workbookFile01 = getWorkbook(excelFile01): null

2020-02-14 09:55:04 - [TEST_STEP][PASSED] - workbook01 = getWorkbook(excelFile01): null

2020-02-14 09:55:04 - [TEST_STEP][PASSED] - sheet01 = getExcelSheet(workbook01, "Sheet1"): null

2020-02-14 09:55:04 - [TEST_STEP][PASSED] - setValueToCellByAddress(sheet01, "A1", "TEST"): null

2020-02-14 09:55:04 - [TEST_STEP][PASSED] - setValueToCellByAddress(sheet01, "B1", "BEAM"): null

2020-02-14 09:55:04 - [TEST_STEP][PASSED] - setValueToCellByAddress(sheet01, "C1", "UFF"): null

2020-02-14 09:55:04 - [TEST_STEP][PASSED] - setValueToCellByAddress(sheet01, "D1", "PLAN"): null

2020-02-14 09:55:04 - [TEST_STEP][PASSED] - setValueToCellByAddress(sheet01, "E1", "API PLAN"): null

2020-02-14 09:55:04 - [TEST_STEP][PASSED] - mybeam = mybeam: null

2020-02-14 09:55:04 - [TEST_STEP][PASSED] - myuff = myuff: null

2020-02-14 09:55:04 - [TEST_STEP][PASSED] - myplan = myplan: null

2020-02-14 09:55:04 - [TEST_STEP][PASSED] - log = new com.kms.katalon.core.logging.KeywordLogger(): null

2020-02-14 09:55:04 - [TEST_STEP][PASSED] - log.logWarning("beam " + mybeam + " zip " + myzip + " upfront fees " + myuff + " plan " + myplan): beam 747 zip 97470 upfront fees 0 plan VS2 Best Offer A

2020-02-14 09:55:04 - [MESSAGE][WARNING] - beam 747 zip 97470 upfront fees 0 plan VS2 Best Offer A

2020-02-14 09:55:04 - [TEST_STEP][PASSED] - setValueToCellByAddress(sheet01, "B" + mycount, beamFail): null

2020-02-14 09:55:04 - [TEST_STEP][PASSED] - setValueToCellByAddress(sheet01, "C" + mycount, uffFail): null

2020-02-14 09:55:04 - [TEST_STEP][PASSED] - mycount = mycount + 1: null

2020-02-14 09:55:04 - [TEST_STEP][PASSED] - setValueToCellByAddress(sheet01, "A" + mycount, "beam " + mybeam + " zip " + myzip + " upfront fees " + myuff + " plan " + myplan): null

2020-02-14 09:55:04 - [TEST_STEP][PASSED] - setValueToCellByAddress(sheet01, "D" + mycount, myplan): null

2020-02-14 09:55:04 - [TEST_STEP][PASSED] - sendRequestAndVerify(findTestObject("Exede_Zip", ["myzip":myzip])): Send request and verify the response successfully

2020-02-14 09:55:06 - [MESSAGE][INFO] - HAR: /Users/jhampleman/jenkins-beam-tests-master/Reports/20200214_095028/RUN_Exede_Zip_Test/20200214_095028/requests/main/128.har

2020-02-14 09:55:06 - [TEST_CASE][PASSED] - Start Test Case : Verification: Verification accomplished successfully

2020-02-14 09:55:06 - [TEST_STEP][PASSED] - request = getInstance().getCurrentRequest(): null

2020-02-14 09:55:06 - [TEST_STEP][PASSED] - response = getInstance().getCurrentResponse(): null

2020-02-14 09:55:06 - [TEST_STEP][PASSED] - if (!(verifyElementPropertyValue(response, "data.beam", mybeam))): Verify element property value successfully

2020-02-14 09:55:06 - [MESSAGE][PASSED] - Verify element property value successfully

2020-02-14 09:55:06 - [TEST_STEP][PASSED] - else: null

2020-02-14 09:55:06 - [TEST_STEP][PASSED] - beamFail = "P": null

2020-02-14 09:55:06 - [TEST_STEP][PASSED] - if (!(verifyElementPropertyValue(response, "data.product.down", myuff))): Verify element property value successfully

2020-02-14 09:55:06 - [MESSAGE][PASSED] - Verify element property value successfully

2020-02-14 09:55:06 - [TEST_STEP][PASSED] - else: null

2020-02-14 09:55:06 - [TEST_STEP][PASSED] - uffFail = "P": null

2020-02-14 09:55:06 - [TEST_STEP][PASSED] - jsonSlurper = new groovy.json.JsonSlurper(): null

2020-02-14 09:55:06 - [TEST_STEP][PASSED] - object = jsonSlurper.parseText(response.getResponseText()): null

2020-02-14 09:55:06 - [TEST_STEP][PASSED] - println(object): null

2020-02-14 09:55:06 - [TEST_STEP][PASSED] - mytest = plans: null

2020-02-14 09:55:06 - [TEST_STEP][PASSED] - variable = mytest: null

2020-02-14 09:55:06 - [MESSAGE][PASSED] - Verify response successfully

2020-02-14 09:55:06 - [MESSAGE][PASSED] - Send request and verify the response successfully

2020-02-14 09:55:06 - [TEST_STEP][PASSED] - setValueToCellByAddress(sheet01, "E" + mycount, variable): null

2020-02-14 09:55:06 - [TEST_STEP][PASSED] - saveWorkbook(excelFile01, workbook01): null]]></system-out>
         <system-err><![CDATA[]]></system-err>
      </testcase>
      <testcase name="Test Cases/Test_Beams_by_Zip_to_Excel" time="2.142" classname="Test Cases/Test_Beams_by_Zip_to_Excel" status="PASSED">
         <system-out><![CDATA[2020-02-14 09:55:06 - [TEST_CASE][PASSED] - Test Cases/Test_Beams_by_Zip_to_Excel: Test Cases/Test_Beams_by_Zip_to_Excel

2020-02-14 09:55:06 - [TEST_STEP][PASSED] - excelFile01 = "beams-test-results.xlsx": null

2020-02-14 09:55:06 - [TEST_STEP][PASSED] - ExpectedListSheetFile1 = ["Sheet1"]: null

2020-02-14 09:55:06 - [TEST_STEP][PASSED] - workbookFile01 = getWorkbook(excelFile01): null

2020-02-14 09:55:06 - [TEST_STEP][PASSED] - workbook01 = getWorkbook(excelFile01): null

2020-02-14 09:55:06 - [TEST_STEP][PASSED] - sheet01 = getExcelSheet(workbook01, "Sheet1"): null

2020-02-14 09:55:06 - [TEST_STEP][PASSED] - setValueToCellByAddress(sheet01, "A1", "TEST"): null

2020-02-14 09:55:06 - [TEST_STEP][PASSED] - setValueToCellByAddress(sheet01, "B1", "BEAM"): null

2020-02-14 09:55:06 - [TEST_STEP][PASSED] - setValueToCellByAddress(sheet01, "C1", "UFF"): null

2020-02-14 09:55:06 - [TEST_STEP][PASSED] - setValueToCellByAddress(sheet01, "D1", "PLAN"): null

2020-02-14 09:55:06 - [TEST_STEP][PASSED] - setValueToCellByAddress(sheet01, "E1", "API PLAN"): null

2020-02-14 09:55:06 - [TEST_STEP][PASSED] - mybeam = mybeam: null

2020-02-14 09:55:06 - [TEST_STEP][PASSED] - myuff = myuff: null

2020-02-14 09:55:06 - [TEST_STEP][PASSED] - myplan = myplan: null

2020-02-14 09:55:06 - [TEST_STEP][PASSED] - log = new com.kms.katalon.core.logging.KeywordLogger(): null

2020-02-14 09:55:06 - [TEST_STEP][PASSED] - log.logWarning("beam " + mybeam + " zip " + myzip + " upfront fees " + myuff + " plan " + myplan): beam 749 zip 98901 upfront fees 0 plan VS2 Best Offer A

2020-02-14 09:55:06 - [MESSAGE][WARNING] - beam 749 zip 98901 upfront fees 0 plan VS2 Best Offer A

2020-02-14 09:55:06 - [TEST_STEP][PASSED] - setValueToCellByAddress(sheet01, "B" + mycount, beamFail): null

2020-02-14 09:55:06 - [TEST_STEP][PASSED] - setValueToCellByAddress(sheet01, "C" + mycount, uffFail): null

2020-02-14 09:55:06 - [TEST_STEP][PASSED] - mycount = mycount + 1: null

2020-02-14 09:55:06 - [TEST_STEP][PASSED] - setValueToCellByAddress(sheet01, "A" + mycount, "beam " + mybeam + " zip " + myzip + " upfront fees " + myuff + " plan " + myplan): null

2020-02-14 09:55:06 - [TEST_STEP][PASSED] - setValueToCellByAddress(sheet01, "D" + mycount, myplan): null

2020-02-14 09:55:06 - [TEST_STEP][PASSED] - sendRequestAndVerify(findTestObject("Exede_Zip", ["myzip":myzip])): Send request and verify the response successfully

2020-02-14 09:55:08 - [MESSAGE][INFO] - HAR: /Users/jhampleman/jenkins-beam-tests-master/Reports/20200214_095028/RUN_Exede_Zip_Test/20200214_095028/requests/main/129.har

2020-02-14 09:55:08 - [TEST_CASE][PASSED] - Start Test Case : Verification: Verification accomplished successfully

2020-02-14 09:55:08 - [TEST_STEP][PASSED] - request = getInstance().getCurrentRequest(): null

2020-02-14 09:55:08 - [TEST_STEP][PASSED] - response = getInstance().getCurrentResponse(): null

2020-02-14 09:55:08 - [TEST_STEP][PASSED] - if (!(verifyElementPropertyValue(response, "data.beam", mybeam))): Verify element property value successfully

2020-02-14 09:55:08 - [MESSAGE][PASSED] - Verify element property value successfully

2020-02-14 09:55:08 - [TEST_STEP][PASSED] - else: null

2020-02-14 09:55:08 - [TEST_STEP][PASSED] - beamFail = "P": null

2020-02-14 09:55:08 - [TEST_STEP][PASSED] - if (!(verifyElementPropertyValue(response, "data.product.down", myuff))): Verify element property value successfully

2020-02-14 09:55:08 - [MESSAGE][PASSED] - Verify element property value successfully

2020-02-14 09:55:08 - [TEST_STEP][PASSED] - else: null

2020-02-14 09:55:08 - [TEST_STEP][PASSED] - uffFail = "P": null

2020-02-14 09:55:08 - [TEST_STEP][PASSED] - jsonSlurper = new groovy.json.JsonSlurper(): null

2020-02-14 09:55:08 - [TEST_STEP][PASSED] - object = jsonSlurper.parseText(response.getResponseText()): null

2020-02-14 09:55:08 - [TEST_STEP][PASSED] - println(object): null

2020-02-14 09:55:08 - [TEST_STEP][PASSED] - mytest = plans: null

2020-02-14 09:55:08 - [TEST_STEP][PASSED] - variable = mytest: null

2020-02-14 09:55:08 - [MESSAGE][PASSED] - Verify response successfully

2020-02-14 09:55:08 - [MESSAGE][PASSED] - Send request and verify the response successfully

2020-02-14 09:55:08 - [TEST_STEP][PASSED] - setValueToCellByAddress(sheet01, "E" + mycount, variable): null

2020-02-14 09:55:08 - [TEST_STEP][PASSED] - saveWorkbook(excelFile01, workbook01): null]]></system-out>
         <system-err><![CDATA[]]></system-err>
      </testcase>
      <testcase name="Test Cases/Test_Beams_by_Zip_to_Excel" time="1.827" classname="Test Cases/Test_Beams_by_Zip_to_Excel" status="PASSED">
         <system-out><![CDATA[2020-02-14 09:55:08 - [TEST_CASE][PASSED] - Test Cases/Test_Beams_by_Zip_to_Excel: Test Cases/Test_Beams_by_Zip_to_Excel

2020-02-14 09:55:08 - [TEST_STEP][PASSED] - excelFile01 = "beams-test-results.xlsx": null

2020-02-14 09:55:08 - [TEST_STEP][PASSED] - ExpectedListSheetFile1 = ["Sheet1"]: null

2020-02-14 09:55:08 - [TEST_STEP][PASSED] - workbookFile01 = getWorkbook(excelFile01): null

2020-02-14 09:55:08 - [TEST_STEP][PASSED] - workbook01 = getWorkbook(excelFile01): null

2020-02-14 09:55:08 - [TEST_STEP][PASSED] - sheet01 = getExcelSheet(workbook01, "Sheet1"): null

2020-02-14 09:55:08 - [TEST_STEP][PASSED] - setValueToCellByAddress(sheet01, "A1", "TEST"): null

2020-02-14 09:55:08 - [TEST_STEP][PASSED] - setValueToCellByAddress(sheet01, "B1", "BEAM"): null

2020-02-14 09:55:08 - [TEST_STEP][PASSED] - setValueToCellByAddress(sheet01, "C1", "UFF"): null

2020-02-14 09:55:08 - [TEST_STEP][PASSED] - setValueToCellByAddress(sheet01, "D1", "PLAN"): null

2020-02-14 09:55:08 - [TEST_STEP][PASSED] - setValueToCellByAddress(sheet01, "E1", "API PLAN"): null

2020-02-14 09:55:08 - [TEST_STEP][PASSED] - mybeam = mybeam: null

2020-02-14 09:55:08 - [TEST_STEP][PASSED] - myuff = myuff: null

2020-02-14 09:55:08 - [TEST_STEP][PASSED] - myplan = myplan: null

2020-02-14 09:55:08 - [TEST_STEP][PASSED] - log = new com.kms.katalon.core.logging.KeywordLogger(): null

2020-02-14 09:55:08 - [TEST_STEP][PASSED] - log.logWarning("beam " + mybeam + " zip " + myzip + " upfront fees " + myuff + " plan " + myplan): beam 752 zip 80477 upfront fees 0 plan VS2 Best Offer A

2020-02-14 09:55:08 - [MESSAGE][WARNING] - beam 752 zip 80477 upfront fees 0 plan VS2 Best Offer A

2020-02-14 09:55:08 - [TEST_STEP][PASSED] - setValueToCellByAddress(sheet01, "B" + mycount, beamFail): null

2020-02-14 09:55:08 - [TEST_STEP][PASSED] - setValueToCellByAddress(sheet01, "C" + mycount, uffFail): null

2020-02-14 09:55:08 - [TEST_STEP][PASSED] - mycount = mycount + 1: null

2020-02-14 09:55:08 - [TEST_STEP][PASSED] - setValueToCellByAddress(sheet01, "A" + mycount, "beam " + mybeam + " zip " + myzip + " upfront fees " + myuff + " plan " + myplan): null

2020-02-14 09:55:08 - [TEST_STEP][PASSED] - setValueToCellByAddress(sheet01, "D" + mycount, myplan): null

2020-02-14 09:55:08 - [TEST_STEP][PASSED] - sendRequestAndVerify(findTestObject("Exede_Zip", ["myzip":myzip])): Send request and verify the response successfully

2020-02-14 09:55:10 - [MESSAGE][INFO] - HAR: /Users/jhampleman/jenkins-beam-tests-master/Reports/20200214_095028/RUN_Exede_Zip_Test/20200214_095028/requests/main/130.har

2020-02-14 09:55:10 - [TEST_CASE][PASSED] - Start Test Case : Verification: Verification accomplished successfully

2020-02-14 09:55:10 - [TEST_STEP][PASSED] - request = getInstance().getCurrentRequest(): null

2020-02-14 09:55:10 - [TEST_STEP][PASSED] - response = getInstance().getCurrentResponse(): null

2020-02-14 09:55:10 - [TEST_STEP][PASSED] - if (!(verifyElementPropertyValue(response, "data.beam", mybeam))): Verify element property value successfully

2020-02-14 09:55:10 - [MESSAGE][PASSED] - Verify element property value successfully

2020-02-14 09:55:10 - [TEST_STEP][PASSED] - else: null

2020-02-14 09:55:10 - [TEST_STEP][PASSED] - beamFail = "P": null

2020-02-14 09:55:10 - [TEST_STEP][PASSED] - if (!(verifyElementPropertyValue(response, "data.product.down", myuff))): Verify element property value successfully

2020-02-14 09:55:10 - [MESSAGE][PASSED] - Verify element property value successfully

2020-02-14 09:55:10 - [TEST_STEP][PASSED] - else: null

2020-02-14 09:55:10 - [TEST_STEP][PASSED] - uffFail = "P": null

2020-02-14 09:55:10 - [TEST_STEP][PASSED] - jsonSlurper = new groovy.json.JsonSlurper(): null

2020-02-14 09:55:10 - [TEST_STEP][PASSED] - object = jsonSlurper.parseText(response.getResponseText()): null

2020-02-14 09:55:10 - [TEST_STEP][PASSED] - println(object): null

2020-02-14 09:55:10 - [TEST_STEP][PASSED] - mytest = plans: null

2020-02-14 09:55:10 - [TEST_STEP][PASSED] - variable = mytest: null

2020-02-14 09:55:10 - [MESSAGE][PASSED] - Verify response successfully

2020-02-14 09:55:10 - [MESSAGE][PASSED] - Send request and verify the response successfully

2020-02-14 09:55:10 - [TEST_STEP][PASSED] - setValueToCellByAddress(sheet01, "E" + mycount, variable): null

2020-02-14 09:55:10 - [TEST_STEP][PASSED] - saveWorkbook(excelFile01, workbook01): null]]></system-out>
         <system-err><![CDATA[]]></system-err>
      </testcase>
      <testcase name="Test Cases/Test_Beams_by_Zip_to_Excel" time="2.03" classname="Test Cases/Test_Beams_by_Zip_to_Excel" status="PASSED">
         <system-out><![CDATA[2020-02-14 09:55:10 - [TEST_CASE][PASSED] - Test Cases/Test_Beams_by_Zip_to_Excel: Test Cases/Test_Beams_by_Zip_to_Excel

2020-02-14 09:55:10 - [TEST_STEP][PASSED] - excelFile01 = "beams-test-results.xlsx": null

2020-02-14 09:55:10 - [TEST_STEP][PASSED] - ExpectedListSheetFile1 = ["Sheet1"]: null

2020-02-14 09:55:10 - [TEST_STEP][PASSED] - workbookFile01 = getWorkbook(excelFile01): null

2020-02-14 09:55:10 - [TEST_STEP][PASSED] - workbook01 = getWorkbook(excelFile01): null

2020-02-14 09:55:10 - [TEST_STEP][PASSED] - sheet01 = getExcelSheet(workbook01, "Sheet1"): null

2020-02-14 09:55:10 - [TEST_STEP][PASSED] - setValueToCellByAddress(sheet01, "A1", "TEST"): null

2020-02-14 09:55:10 - [TEST_STEP][PASSED] - setValueToCellByAddress(sheet01, "B1", "BEAM"): null

2020-02-14 09:55:10 - [TEST_STEP][PASSED] - setValueToCellByAddress(sheet01, "C1", "UFF"): null

2020-02-14 09:55:10 - [TEST_STEP][PASSED] - setValueToCellByAddress(sheet01, "D1", "PLAN"): null

2020-02-14 09:55:10 - [TEST_STEP][PASSED] - setValueToCellByAddress(sheet01, "E1", "API PLAN"): null

2020-02-14 09:55:10 - [TEST_STEP][PASSED] - mybeam = mybeam: null

2020-02-14 09:55:10 - [TEST_STEP][PASSED] - myuff = myuff: null

2020-02-14 09:55:10 - [TEST_STEP][PASSED] - myplan = myplan: null

2020-02-14 09:55:10 - [TEST_STEP][PASSED] - log = new com.kms.katalon.core.logging.KeywordLogger(): null

2020-02-14 09:55:10 - [TEST_STEP][PASSED] - log.logWarning("beam " + mybeam + " zip " + myzip + " upfront fees " + myuff + " plan " + myplan): beam 757 zip 76366 upfront fees 0 plan VS2 Standard Offer

2020-02-14 09:55:10 - [MESSAGE][WARNING] - beam 757 zip 76366 upfront fees 0 plan VS2 Standard Offer

2020-02-14 09:55:10 - [TEST_STEP][PASSED] - setValueToCellByAddress(sheet01, "B" + mycount, beamFail): null

2020-02-14 09:55:10 - [TEST_STEP][PASSED] - setValueToCellByAddress(sheet01, "C" + mycount, uffFail): null

2020-02-14 09:55:10 - [TEST_STEP][PASSED] - mycount = mycount + 1: null

2020-02-14 09:55:10 - [TEST_STEP][PASSED] - setValueToCellByAddress(sheet01, "A" + mycount, "beam " + mybeam + " zip " + myzip + " upfront fees " + myuff + " plan " + myplan): null

2020-02-14 09:55:10 - [TEST_STEP][PASSED] - setValueToCellByAddress(sheet01, "D" + mycount, myplan): null

2020-02-14 09:55:10 - [TEST_STEP][PASSED] - sendRequestAndVerify(findTestObject("Exede_Zip", ["myzip":myzip])): Send request and verify the response successfully

2020-02-14 09:55:12 - [MESSAGE][INFO] - HAR: /Users/jhampleman/jenkins-beam-tests-master/Reports/20200214_095028/RUN_Exede_Zip_Test/20200214_095028/requests/main/131.har

2020-02-14 09:55:12 - [TEST_CASE][PASSED] - Start Test Case : Verification: Verification accomplished successfully

2020-02-14 09:55:12 - [TEST_STEP][PASSED] - request = getInstance().getCurrentRequest(): null

2020-02-14 09:55:12 - [TEST_STEP][PASSED] - response = getInstance().getCurrentResponse(): null

2020-02-14 09:55:12 - [TEST_STEP][PASSED] - if (!(verifyElementPropertyValue(response, "data.beam", mybeam))): Verify element property value successfully

2020-02-14 09:55:12 - [MESSAGE][PASSED] - Verify element property value successfully

2020-02-14 09:55:12 - [TEST_STEP][PASSED] - else: null

2020-02-14 09:55:12 - [TEST_STEP][PASSED] - beamFail = "P": null

2020-02-14 09:55:12 - [TEST_STEP][PASSED] - if (!(verifyElementPropertyValue(response, "data.product.down", myuff))): Verify element property value successfully

2020-02-14 09:55:12 - [MESSAGE][PASSED] - Verify element property value successfully

2020-02-14 09:55:12 - [TEST_STEP][PASSED] - else: null

2020-02-14 09:55:12 - [TEST_STEP][PASSED] - uffFail = "P": null

2020-02-14 09:55:12 - [TEST_STEP][PASSED] - jsonSlurper = new groovy.json.JsonSlurper(): null

2020-02-14 09:55:12 - [TEST_STEP][PASSED] - object = jsonSlurper.parseText(response.getResponseText()): null

2020-02-14 09:55:12 - [TEST_STEP][PASSED] - println(object): null

2020-02-14 09:55:12 - [TEST_STEP][PASSED] - mytest = plans: null

2020-02-14 09:55:12 - [TEST_STEP][PASSED] - variable = mytest: null

2020-02-14 09:55:12 - [MESSAGE][PASSED] - Verify response successfully

2020-02-14 09:55:12 - [MESSAGE][PASSED] - Send request and verify the response successfully

2020-02-14 09:55:12 - [TEST_STEP][PASSED] - setValueToCellByAddress(sheet01, "E" + mycount, variable): null

2020-02-14 09:55:12 - [TEST_STEP][PASSED] - saveWorkbook(excelFile01, workbook01): null]]></system-out>
         <system-err><![CDATA[]]></system-err>
      </testcase>
      <testcase name="Test Cases/Test_Beams_by_Zip_to_Excel" time="1.899" classname="Test Cases/Test_Beams_by_Zip_to_Excel" status="PASSED">
         <system-out><![CDATA[2020-02-14 09:55:12 - [TEST_CASE][PASSED] - Test Cases/Test_Beams_by_Zip_to_Excel: Test Cases/Test_Beams_by_Zip_to_Excel

2020-02-14 09:55:12 - [TEST_STEP][PASSED] - excelFile01 = "beams-test-results.xlsx": null

2020-02-14 09:55:12 - [TEST_STEP][PASSED] - ExpectedListSheetFile1 = ["Sheet1"]: null

2020-02-14 09:55:12 - [TEST_STEP][PASSED] - workbookFile01 = getWorkbook(excelFile01): null

2020-02-14 09:55:12 - [TEST_STEP][PASSED] - workbook01 = getWorkbook(excelFile01): null

2020-02-14 09:55:12 - [TEST_STEP][PASSED] - sheet01 = getExcelSheet(workbook01, "Sheet1"): null

2020-02-14 09:55:12 - [TEST_STEP][PASSED] - setValueToCellByAddress(sheet01, "A1", "TEST"): null

2020-02-14 09:55:12 - [TEST_STEP][PASSED] - setValueToCellByAddress(sheet01, "B1", "BEAM"): null

2020-02-14 09:55:12 - [TEST_STEP][PASSED] - setValueToCellByAddress(sheet01, "C1", "UFF"): null

2020-02-14 09:55:12 - [TEST_STEP][PASSED] - setValueToCellByAddress(sheet01, "D1", "PLAN"): null

2020-02-14 09:55:12 - [TEST_STEP][PASSED] - setValueToCellByAddress(sheet01, "E1", "API PLAN"): null

2020-02-14 09:55:12 - [TEST_STEP][PASSED] - mybeam = mybeam: null

2020-02-14 09:55:12 - [TEST_STEP][PASSED] - myuff = myuff: null

2020-02-14 09:55:12 - [TEST_STEP][PASSED] - myplan = myplan: null

2020-02-14 09:55:12 - [TEST_STEP][PASSED] - log = new com.kms.katalon.core.logging.KeywordLogger(): null

2020-02-14 09:55:12 - [TEST_STEP][PASSED] - log.logWarning("beam " + mybeam + " zip " + myzip + " upfront fees " + myuff + " plan " + myplan): beam 771 zip 63703 upfront fees 0 plan VS2 High Fill

2020-02-14 09:55:12 - [MESSAGE][WARNING] - beam 771 zip 63703 upfront fees 0 plan VS2 High Fill

2020-02-14 09:55:12 - [TEST_STEP][PASSED] - setValueToCellByAddress(sheet01, "B" + mycount, beamFail): null

2020-02-14 09:55:12 - [TEST_STEP][PASSED] - setValueToCellByAddress(sheet01, "C" + mycount, uffFail): null

2020-02-14 09:55:12 - [TEST_STEP][PASSED] - mycount = mycount + 1: null

2020-02-14 09:55:12 - [TEST_STEP][PASSED] - setValueToCellByAddress(sheet01, "A" + mycount, "beam " + mybeam + " zip " + myzip + " upfront fees " + myuff + " plan " + myplan): null

2020-02-14 09:55:12 - [TEST_STEP][PASSED] - setValueToCellByAddress(sheet01, "D" + mycount, myplan): null

2020-02-14 09:55:12 - [TEST_STEP][PASSED] - sendRequestAndVerify(findTestObject("Exede_Zip", ["myzip":myzip])): Send request and verify the response successfully

2020-02-14 09:55:14 - [MESSAGE][INFO] - HAR: /Users/jhampleman/jenkins-beam-tests-master/Reports/20200214_095028/RUN_Exede_Zip_Test/20200214_095028/requests/main/132.har

2020-02-14 09:55:14 - [TEST_CASE][PASSED] - Start Test Case : Verification: Verification accomplished successfully

2020-02-14 09:55:14 - [TEST_STEP][PASSED] - request = getInstance().getCurrentRequest(): null

2020-02-14 09:55:14 - [TEST_STEP][PASSED] - response = getInstance().getCurrentResponse(): null

2020-02-14 09:55:14 - [TEST_STEP][PASSED] - if (!(verifyElementPropertyValue(response, "data.beam", mybeam))): Verify element property value successfully

2020-02-14 09:55:14 - [MESSAGE][PASSED] - Verify element property value successfully

2020-02-14 09:55:14 - [TEST_STEP][PASSED] - else: null

2020-02-14 09:55:14 - [TEST_STEP][PASSED] - beamFail = "P": null

2020-02-14 09:55:14 - [TEST_STEP][PASSED] - if (!(verifyElementPropertyValue(response, "data.product.down", myuff))): Verify element property value successfully

2020-02-14 09:55:14 - [MESSAGE][PASSED] - Verify element property value successfully

2020-02-14 09:55:14 - [TEST_STEP][PASSED] - else: null

2020-02-14 09:55:14 - [TEST_STEP][PASSED] - uffFail = "P": null

2020-02-14 09:55:14 - [TEST_STEP][PASSED] - jsonSlurper = new groovy.json.JsonSlurper(): null

2020-02-14 09:55:14 - [TEST_STEP][PASSED] - object = jsonSlurper.parseText(response.getResponseText()): null

2020-02-14 09:55:14 - [TEST_STEP][PASSED] - println(object): null

2020-02-14 09:55:14 - [TEST_STEP][PASSED] - mytest = plans: null

2020-02-14 09:55:14 - [TEST_STEP][PASSED] - variable = mytest: null

2020-02-14 09:55:14 - [MESSAGE][PASSED] - Verify response successfully

2020-02-14 09:55:14 - [MESSAGE][PASSED] - Send request and verify the response successfully

2020-02-14 09:55:14 - [TEST_STEP][PASSED] - setValueToCellByAddress(sheet01, "E" + mycount, variable): null

2020-02-14 09:55:14 - [TEST_STEP][PASSED] - saveWorkbook(excelFile01, workbook01): null]]></system-out>
         <system-err><![CDATA[]]></system-err>
      </testcase>
      <testcase name="Test Cases/Test_Beams_by_Zip_to_Excel" time="2.628" classname="Test Cases/Test_Beams_by_Zip_to_Excel" status="PASSED">
         <system-out><![CDATA[2020-02-14 09:55:14 - [TEST_CASE][PASSED] - Test Cases/Test_Beams_by_Zip_to_Excel: Test Cases/Test_Beams_by_Zip_to_Excel

2020-02-14 09:55:14 - [TEST_STEP][PASSED] - excelFile01 = "beams-test-results.xlsx": null

2020-02-14 09:55:14 - [TEST_STEP][PASSED] - ExpectedListSheetFile1 = ["Sheet1"]: null

2020-02-14 09:55:14 - [TEST_STEP][PASSED] - workbookFile01 = getWorkbook(excelFile01): null

2020-02-14 09:55:14 - [TEST_STEP][PASSED] - workbook01 = getWorkbook(excelFile01): null

2020-02-14 09:55:14 - [TEST_STEP][PASSED] - sheet01 = getExcelSheet(workbook01, "Sheet1"): null

2020-02-14 09:55:14 - [TEST_STEP][PASSED] - setValueToCellByAddress(sheet01, "A1", "TEST"): null

2020-02-14 09:55:14 - [TEST_STEP][PASSED] - setValueToCellByAddress(sheet01, "B1", "BEAM"): null

2020-02-14 09:55:14 - [TEST_STEP][PASSED] - setValueToCellByAddress(sheet01, "C1", "UFF"): null

2020-02-14 09:55:14 - [TEST_STEP][PASSED] - setValueToCellByAddress(sheet01, "D1", "PLAN"): null

2020-02-14 09:55:14 - [TEST_STEP][PASSED] - setValueToCellByAddress(sheet01, "E1", "API PLAN"): null

2020-02-14 09:55:14 - [TEST_STEP][PASSED] - mybeam = mybeam: null

2020-02-14 09:55:14 - [TEST_STEP][PASSED] - myuff = myuff: null

2020-02-14 09:55:14 - [TEST_STEP][PASSED] - myplan = myplan: null

2020-02-14 09:55:14 - [TEST_STEP][PASSED] - log = new com.kms.katalon.core.logging.KeywordLogger(): null

2020-02-14 09:55:14 - [TEST_STEP][PASSED] - log.logWarning("beam " + mybeam + " zip " + myzip + " upfront fees " + myuff + " plan " + myplan): beam 773 zip 61944 upfront fees 0 plan VS2 Standard Offer

2020-02-14 09:55:14 - [MESSAGE][WARNING] - beam 773 zip 61944 upfront fees 0 plan VS2 Standard Offer

2020-02-14 09:55:14 - [TEST_STEP][PASSED] - setValueToCellByAddress(sheet01, "B" + mycount, beamFail): null

2020-02-14 09:55:14 - [TEST_STEP][PASSED] - setValueToCellByAddress(sheet01, "C" + mycount, uffFail): null

2020-02-14 09:55:14 - [TEST_STEP][PASSED] - mycount = mycount + 1: null

2020-02-14 09:55:14 - [TEST_STEP][PASSED] - setValueToCellByAddress(sheet01, "A" + mycount, "beam " + mybeam + " zip " + myzip + " upfront fees " + myuff + " plan " + myplan): null

2020-02-14 09:55:14 - [TEST_STEP][PASSED] - setValueToCellByAddress(sheet01, "D" + mycount, myplan): null

2020-02-14 09:55:14 - [TEST_STEP][PASSED] - sendRequestAndVerify(findTestObject("Exede_Zip", ["myzip":myzip])): Send request and verify the response successfully

2020-02-14 09:55:16 - [MESSAGE][INFO] - HAR: /Users/jhampleman/jenkins-beam-tests-master/Reports/20200214_095028/RUN_Exede_Zip_Test/20200214_095028/requests/main/133.har

2020-02-14 09:55:16 - [TEST_CASE][PASSED] - Start Test Case : Verification: Verification accomplished successfully

2020-02-14 09:55:16 - [TEST_STEP][PASSED] - request = getInstance().getCurrentRequest(): null

2020-02-14 09:55:16 - [TEST_STEP][PASSED] - response = getInstance().getCurrentResponse(): null

2020-02-14 09:55:16 - [TEST_STEP][PASSED] - if (!(verifyElementPropertyValue(response, "data.beam", mybeam))): Verify element property value successfully

2020-02-14 09:55:16 - [MESSAGE][PASSED] - Verify element property value successfully

2020-02-14 09:55:16 - [TEST_STEP][PASSED] - else: null

2020-02-14 09:55:16 - [TEST_STEP][PASSED] - beamFail = "P": null

2020-02-14 09:55:16 - [TEST_STEP][PASSED] - if (!(verifyElementPropertyValue(response, "data.product.down", myuff))): Verify element property value successfully

2020-02-14 09:55:16 - [MESSAGE][PASSED] - Verify element property value successfully

2020-02-14 09:55:16 - [TEST_STEP][PASSED] - else: null

2020-02-14 09:55:16 - [TEST_STEP][PASSED] - uffFail = "P": null

2020-02-14 09:55:16 - [TEST_STEP][PASSED] - jsonSlurper = new groovy.json.JsonSlurper(): null

2020-02-14 09:55:16 - [TEST_STEP][PASSED] - object = jsonSlurper.parseText(response.getResponseText()): null

2020-02-14 09:55:16 - [TEST_STEP][PASSED] - println(object): null

2020-02-14 09:55:16 - [TEST_STEP][PASSED] - mytest = plans: null

2020-02-14 09:55:16 - [TEST_STEP][PASSED] - variable = mytest: null

2020-02-14 09:55:16 - [MESSAGE][PASSED] - Verify response successfully

2020-02-14 09:55:16 - [MESSAGE][PASSED] - Send request and verify the response successfully

2020-02-14 09:55:16 - [TEST_STEP][PASSED] - setValueToCellByAddress(sheet01, "E" + mycount, variable): null

2020-02-14 09:55:16 - [TEST_STEP][PASSED] - saveWorkbook(excelFile01, workbook01): null]]></system-out>
         <system-err><![CDATA[]]></system-err>
      </testcase>
      <testcase name="Test Cases/Test_Beams_by_Zip_to_Excel" time="1.985" classname="Test Cases/Test_Beams_by_Zip_to_Excel" status="PASSED">
         <system-out><![CDATA[2020-02-14 09:55:16 - [TEST_CASE][PASSED] - Test Cases/Test_Beams_by_Zip_to_Excel: Test Cases/Test_Beams_by_Zip_to_Excel

2020-02-14 09:55:16 - [TEST_STEP][PASSED] - excelFile01 = "beams-test-results.xlsx": null

2020-02-14 09:55:16 - [TEST_STEP][PASSED] - ExpectedListSheetFile1 = ["Sheet1"]: null

2020-02-14 09:55:16 - [TEST_STEP][PASSED] - workbookFile01 = getWorkbook(excelFile01): null

2020-02-14 09:55:17 - [TEST_STEP][PASSED] - workbook01 = getWorkbook(excelFile01): null

2020-02-14 09:55:17 - [TEST_STEP][PASSED] - sheet01 = getExcelSheet(workbook01, "Sheet1"): null

2020-02-14 09:55:17 - [TEST_STEP][PASSED] - setValueToCellByAddress(sheet01, "A1", "TEST"): null

2020-02-14 09:55:17 - [TEST_STEP][PASSED] - setValueToCellByAddress(sheet01, "B1", "BEAM"): null

2020-02-14 09:55:17 - [TEST_STEP][PASSED] - setValueToCellByAddress(sheet01, "C1", "UFF"): null

2020-02-14 09:55:17 - [TEST_STEP][PASSED] - setValueToCellByAddress(sheet01, "D1", "PLAN"): null

2020-02-14 09:55:17 - [TEST_STEP][PASSED] - setValueToCellByAddress(sheet01, "E1", "API PLAN"): null

2020-02-14 09:55:17 - [TEST_STEP][PASSED] - mybeam = mybeam: null

2020-02-14 09:55:17 - [TEST_STEP][PASSED] - myuff = myuff: null

2020-02-14 09:55:17 - [TEST_STEP][PASSED] - myplan = myplan: null

2020-02-14 09:55:17 - [TEST_STEP][PASSED] - log = new com.kms.katalon.core.logging.KeywordLogger(): null

2020-02-14 09:55:17 - [TEST_STEP][PASSED] - log.logWarning("beam " + mybeam + " zip " + myzip + " upfront fees " + myuff + " plan " + myplan): beam 774 zip 36832 upfront fees 0 plan VS2 Standard Offer

2020-02-14 09:55:17 - [MESSAGE][WARNING] - beam 774 zip 36832 upfront fees 0 plan VS2 Standard Offer

2020-02-14 09:55:17 - [TEST_STEP][PASSED] - setValueToCellByAddress(sheet01, "B" + mycount, beamFail): null

2020-02-14 09:55:17 - [TEST_STEP][PASSED] - setValueToCellByAddress(sheet01, "C" + mycount, uffFail): null

2020-02-14 09:55:17 - [TEST_STEP][PASSED] - mycount = mycount + 1: null

2020-02-14 09:55:17 - [TEST_STEP][PASSED] - setValueToCellByAddress(sheet01, "A" + mycount, "beam " + mybeam + " zip " + myzip + " upfront fees " + myuff + " plan " + myplan): null

2020-02-14 09:55:17 - [TEST_STEP][PASSED] - setValueToCellByAddress(sheet01, "D" + mycount, myplan): null

2020-02-14 09:55:17 - [TEST_STEP][PASSED] - sendRequestAndVerify(findTestObject("Exede_Zip", ["myzip":myzip])): Send request and verify the response successfully

2020-02-14 09:55:18 - [MESSAGE][INFO] - HAR: /Users/jhampleman/jenkins-beam-tests-master/Reports/20200214_095028/RUN_Exede_Zip_Test/20200214_095028/requests/main/134.har

2020-02-14 09:55:18 - [TEST_CASE][PASSED] - Start Test Case : Verification: Verification accomplished successfully

2020-02-14 09:55:18 - [TEST_STEP][PASSED] - request = getInstance().getCurrentRequest(): null

2020-02-14 09:55:18 - [TEST_STEP][PASSED] - response = getInstance().getCurrentResponse(): null

2020-02-14 09:55:18 - [TEST_STEP][PASSED] - if (!(verifyElementPropertyValue(response, "data.beam", mybeam))): Verify element property value successfully

2020-02-14 09:55:18 - [MESSAGE][PASSED] - Verify element property value successfully

2020-02-14 09:55:18 - [TEST_STEP][PASSED] - else: null

2020-02-14 09:55:18 - [TEST_STEP][PASSED] - beamFail = "P": null

2020-02-14 09:55:18 - [TEST_STEP][PASSED] - if (!(verifyElementPropertyValue(response, "data.product.down", myuff))): Verify element property value successfully

2020-02-14 09:55:18 - [MESSAGE][PASSED] - Verify element property value successfully

2020-02-14 09:55:18 - [TEST_STEP][PASSED] - else: null

2020-02-14 09:55:18 - [TEST_STEP][PASSED] - uffFail = "P": null

2020-02-14 09:55:18 - [TEST_STEP][PASSED] - jsonSlurper = new groovy.json.JsonSlurper(): null

2020-02-14 09:55:18 - [TEST_STEP][PASSED] - object = jsonSlurper.parseText(response.getResponseText()): null

2020-02-14 09:55:18 - [TEST_STEP][PASSED] - println(object): null

2020-02-14 09:55:18 - [TEST_STEP][PASSED] - mytest = plans: null

2020-02-14 09:55:18 - [TEST_STEP][PASSED] - variable = mytest: null

2020-02-14 09:55:18 - [MESSAGE][PASSED] - Verify response successfully

2020-02-14 09:55:18 - [MESSAGE][PASSED] - Send request and verify the response successfully

2020-02-14 09:55:18 - [TEST_STEP][PASSED] - setValueToCellByAddress(sheet01, "E" + mycount, variable): null

2020-02-14 09:55:18 - [TEST_STEP][PASSED] - saveWorkbook(excelFile01, workbook01): null]]></system-out>
         <system-err><![CDATA[]]></system-err>
      </testcase>
      <testcase name="Test Cases/Test_Beams_by_Zip_to_Excel" time="1.906" classname="Test Cases/Test_Beams_by_Zip_to_Excel" status="PASSED">
         <system-out><![CDATA[2020-02-14 09:55:18 - [TEST_CASE][PASSED] - Test Cases/Test_Beams_by_Zip_to_Excel: Test Cases/Test_Beams_by_Zip_to_Excel

2020-02-14 09:55:18 - [TEST_STEP][PASSED] - excelFile01 = "beams-test-results.xlsx": null

2020-02-14 09:55:18 - [TEST_STEP][PASSED] - ExpectedListSheetFile1 = ["Sheet1"]: null

2020-02-14 09:55:18 - [TEST_STEP][PASSED] - workbookFile01 = getWorkbook(excelFile01): null

2020-02-14 09:55:19 - [TEST_STEP][PASSED] - workbook01 = getWorkbook(excelFile01): null

2020-02-14 09:55:19 - [TEST_STEP][PASSED] - sheet01 = getExcelSheet(workbook01, "Sheet1"): null

2020-02-14 09:55:19 - [TEST_STEP][PASSED] - setValueToCellByAddress(sheet01, "A1", "TEST"): null

2020-02-14 09:55:19 - [TEST_STEP][PASSED] - setValueToCellByAddress(sheet01, "B1", "BEAM"): null

2020-02-14 09:55:19 - [TEST_STEP][PASSED] - setValueToCellByAddress(sheet01, "C1", "UFF"): null

2020-02-14 09:55:19 - [TEST_STEP][PASSED] - setValueToCellByAddress(sheet01, "D1", "PLAN"): null

2020-02-14 09:55:19 - [TEST_STEP][PASSED] - setValueToCellByAddress(sheet01, "E1", "API PLAN"): null

2020-02-14 09:55:19 - [TEST_STEP][PASSED] - mybeam = mybeam: null

2020-02-14 09:55:19 - [TEST_STEP][PASSED] - myuff = myuff: null

2020-02-14 09:55:19 - [TEST_STEP][PASSED] - myplan = myplan: null

2020-02-14 09:55:19 - [TEST_STEP][PASSED] - log = new com.kms.katalon.core.logging.KeywordLogger(): null

2020-02-14 09:55:19 - [TEST_STEP][PASSED] - log.logWarning("beam " + mybeam + " zip " + myzip + " upfront fees " + myuff + " plan " + myplan): beam 775 zip 54401 upfront fees 0 plan VS2 Standard Offer

2020-02-14 09:55:19 - [MESSAGE][WARNING] - beam 775 zip 54401 upfront fees 0 plan VS2 Standard Offer

2020-02-14 09:55:19 - [TEST_STEP][PASSED] - setValueToCellByAddress(sheet01, "B" + mycount, beamFail): null

2020-02-14 09:55:19 - [TEST_STEP][PASSED] - setValueToCellByAddress(sheet01, "C" + mycount, uffFail): null

2020-02-14 09:55:19 - [TEST_STEP][PASSED] - mycount = mycount + 1: null

2020-02-14 09:55:19 - [TEST_STEP][PASSED] - setValueToCellByAddress(sheet01, "A" + mycount, "beam " + mybeam + " zip " + myzip + " upfront fees " + myuff + " plan " + myplan): null

2020-02-14 09:55:19 - [TEST_STEP][PASSED] - setValueToCellByAddress(sheet01, "D" + mycount, myplan): null

2020-02-14 09:55:19 - [TEST_STEP][PASSED] - sendRequestAndVerify(findTestObject("Exede_Zip", ["myzip":myzip])): Send request and verify the response successfully

2020-02-14 09:55:20 - [MESSAGE][INFO] - HAR: /Users/jhampleman/jenkins-beam-tests-master/Reports/20200214_095028/RUN_Exede_Zip_Test/20200214_095028/requests/main/135.har

2020-02-14 09:55:20 - [TEST_CASE][PASSED] - Start Test Case : Verification: Verification accomplished successfully

2020-02-14 09:55:20 - [TEST_STEP][PASSED] - request = getInstance().getCurrentRequest(): null

2020-02-14 09:55:20 - [TEST_STEP][PASSED] - response = getInstance().getCurrentResponse(): null

2020-02-14 09:55:20 - [TEST_STEP][PASSED] - if (!(verifyElementPropertyValue(response, "data.beam", mybeam))): Verify element property value successfully

2020-02-14 09:55:20 - [MESSAGE][PASSED] - Verify element property value successfully

2020-02-14 09:55:20 - [TEST_STEP][PASSED] - else: null

2020-02-14 09:55:20 - [TEST_STEP][PASSED] - beamFail = "P": null

2020-02-14 09:55:20 - [TEST_STEP][PASSED] - if (!(verifyElementPropertyValue(response, "data.product.down", myuff))): Verify element property value successfully

2020-02-14 09:55:20 - [MESSAGE][PASSED] - Verify element property value successfully

2020-02-14 09:55:20 - [TEST_STEP][PASSED] - else: null

2020-02-14 09:55:20 - [TEST_STEP][PASSED] - uffFail = "P": null

2020-02-14 09:55:20 - [TEST_STEP][PASSED] - jsonSlurper = new groovy.json.JsonSlurper(): null

2020-02-14 09:55:20 - [TEST_STEP][PASSED] - object = jsonSlurper.parseText(response.getResponseText()): null

2020-02-14 09:55:20 - [TEST_STEP][PASSED] - println(object): null

2020-02-14 09:55:20 - [TEST_STEP][PASSED] - mytest = plans: null

2020-02-14 09:55:20 - [TEST_STEP][PASSED] - variable = mytest: null

2020-02-14 09:55:20 - [MESSAGE][PASSED] - Verify response successfully

2020-02-14 09:55:20 - [MESSAGE][PASSED] - Send request and verify the response successfully

2020-02-14 09:55:20 - [TEST_STEP][PASSED] - setValueToCellByAddress(sheet01, "E" + mycount, variable): null

2020-02-14 09:55:20 - [TEST_STEP][PASSED] - saveWorkbook(excelFile01, workbook01): null]]></system-out>
         <system-err><![CDATA[]]></system-err>
      </testcase>
      <testcase name="Test Cases/Test_Beams_by_Zip_to_Excel" time="1.94" classname="Test Cases/Test_Beams_by_Zip_to_Excel" status="PASSED">
         <system-out><![CDATA[2020-02-14 09:55:20 - [TEST_CASE][PASSED] - Test Cases/Test_Beams_by_Zip_to_Excel: Test Cases/Test_Beams_by_Zip_to_Excel

2020-02-14 09:55:20 - [TEST_STEP][PASSED] - excelFile01 = "beams-test-results.xlsx": null

2020-02-14 09:55:20 - [TEST_STEP][PASSED] - ExpectedListSheetFile1 = ["Sheet1"]: null

2020-02-14 09:55:20 - [TEST_STEP][PASSED] - workbookFile01 = getWorkbook(excelFile01): null

2020-02-14 09:55:20 - [TEST_STEP][PASSED] - workbook01 = getWorkbook(excelFile01): null

2020-02-14 09:55:20 - [TEST_STEP][PASSED] - sheet01 = getExcelSheet(workbook01, "Sheet1"): null

2020-02-14 09:55:20 - [TEST_STEP][PASSED] - setValueToCellByAddress(sheet01, "A1", "TEST"): null

2020-02-14 09:55:20 - [TEST_STEP][PASSED] - setValueToCellByAddress(sheet01, "B1", "BEAM"): null

2020-02-14 09:55:20 - [TEST_STEP][PASSED] - setValueToCellByAddress(sheet01, "C1", "UFF"): null

2020-02-14 09:55:20 - [TEST_STEP][PASSED] - setValueToCellByAddress(sheet01, "D1", "PLAN"): null

2020-02-14 09:55:20 - [TEST_STEP][PASSED] - setValueToCellByAddress(sheet01, "E1", "API PLAN"): null

2020-02-14 09:55:20 - [TEST_STEP][PASSED] - mybeam = mybeam: null

2020-02-14 09:55:20 - [TEST_STEP][PASSED] - myuff = myuff: null

2020-02-14 09:55:20 - [TEST_STEP][PASSED] - myplan = myplan: null

2020-02-14 09:55:20 - [TEST_STEP][PASSED] - log = new com.kms.katalon.core.logging.KeywordLogger(): null

2020-02-14 09:55:20 - [TEST_STEP][PASSED] - log.logWarning("beam " + mybeam + " zip " + myzip + " upfront fees " + myuff + " plan " + myplan): beam 777 zip 31768 upfront fees 0 plan VS2 Best Offer B

2020-02-14 09:55:20 - [MESSAGE][WARNING] - beam 777 zip 31768 upfront fees 0 plan VS2 Best Offer B

2020-02-14 09:55:20 - [TEST_STEP][PASSED] - setValueToCellByAddress(sheet01, "B" + mycount, beamFail): null

2020-02-14 09:55:20 - [TEST_STEP][PASSED] - setValueToCellByAddress(sheet01, "C" + mycount, uffFail): null

2020-02-14 09:55:20 - [TEST_STEP][PASSED] - mycount = mycount + 1: null

2020-02-14 09:55:20 - [TEST_STEP][PASSED] - setValueToCellByAddress(sheet01, "A" + mycount, "beam " + mybeam + " zip " + myzip + " upfront fees " + myuff + " plan " + myplan): null

2020-02-14 09:55:20 - [TEST_STEP][PASSED] - setValueToCellByAddress(sheet01, "D" + mycount, myplan): null

2020-02-14 09:55:20 - [TEST_STEP][PASSED] - sendRequestAndVerify(findTestObject("Exede_Zip", ["myzip":myzip])): Send request and verify the response successfully

2020-02-14 09:55:22 - [MESSAGE][INFO] - HAR: /Users/jhampleman/jenkins-beam-tests-master/Reports/20200214_095028/RUN_Exede_Zip_Test/20200214_095028/requests/main/136.har

2020-02-14 09:55:22 - [TEST_CASE][PASSED] - Start Test Case : Verification: Verification accomplished successfully

2020-02-14 09:55:22 - [TEST_STEP][PASSED] - request = getInstance().getCurrentRequest(): null

2020-02-14 09:55:22 - [TEST_STEP][PASSED] - response = getInstance().getCurrentResponse(): null

2020-02-14 09:55:22 - [TEST_STEP][PASSED] - if (!(verifyElementPropertyValue(response, "data.beam", mybeam))): Verify element property value successfully

2020-02-14 09:55:22 - [MESSAGE][PASSED] - Verify element property value successfully

2020-02-14 09:55:22 - [TEST_STEP][PASSED] - else: null

2020-02-14 09:55:22 - [TEST_STEP][PASSED] - beamFail = "P": null

2020-02-14 09:55:22 - [TEST_STEP][PASSED] - if (!(verifyElementPropertyValue(response, "data.product.down", myuff))): Verify element property value successfully

2020-02-14 09:55:22 - [MESSAGE][PASSED] - Verify element property value successfully

2020-02-14 09:55:22 - [TEST_STEP][PASSED] - else: null

2020-02-14 09:55:22 - [TEST_STEP][PASSED] - uffFail = "P": null

2020-02-14 09:55:22 - [TEST_STEP][PASSED] - jsonSlurper = new groovy.json.JsonSlurper(): null

2020-02-14 09:55:22 - [TEST_STEP][PASSED] - object = jsonSlurper.parseText(response.getResponseText()): null

2020-02-14 09:55:22 - [TEST_STEP][PASSED] - println(object): null

2020-02-14 09:55:22 - [TEST_STEP][PASSED] - mytest = plans: null

2020-02-14 09:55:22 - [TEST_STEP][PASSED] - variable = mytest: null

2020-02-14 09:55:22 - [MESSAGE][PASSED] - Verify response successfully

2020-02-14 09:55:22 - [MESSAGE][PASSED] - Send request and verify the response successfully

2020-02-14 09:55:22 - [TEST_STEP][PASSED] - setValueToCellByAddress(sheet01, "E" + mycount, variable): null

2020-02-14 09:55:22 - [TEST_STEP][PASSED] - saveWorkbook(excelFile01, workbook01): null]]></system-out>
         <system-err><![CDATA[]]></system-err>
      </testcase>
      <testcase name="Test Cases/Test_Beams_by_Zip_to_Excel" time="1.968" classname="Test Cases/Test_Beams_by_Zip_to_Excel" status="PASSED">
         <system-out><![CDATA[2020-02-14 09:55:22 - [TEST_CASE][PASSED] - Test Cases/Test_Beams_by_Zip_to_Excel: Test Cases/Test_Beams_by_Zip_to_Excel

2020-02-14 09:55:22 - [TEST_STEP][PASSED] - excelFile01 = "beams-test-results.xlsx": null

2020-02-14 09:55:22 - [TEST_STEP][PASSED] - ExpectedListSheetFile1 = ["Sheet1"]: null

2020-02-14 09:55:22 - [TEST_STEP][PASSED] - workbookFile01 = getWorkbook(excelFile01): null

2020-02-14 09:55:22 - [TEST_STEP][PASSED] - workbook01 = getWorkbook(excelFile01): null

2020-02-14 09:55:22 - [TEST_STEP][PASSED] - sheet01 = getExcelSheet(workbook01, "Sheet1"): null

2020-02-14 09:55:22 - [TEST_STEP][PASSED] - setValueToCellByAddress(sheet01, "A1", "TEST"): null

2020-02-14 09:55:22 - [TEST_STEP][PASSED] - setValueToCellByAddress(sheet01, "B1", "BEAM"): null

2020-02-14 09:55:22 - [TEST_STEP][PASSED] - setValueToCellByAddress(sheet01, "C1", "UFF"): null

2020-02-14 09:55:22 - [TEST_STEP][PASSED] - setValueToCellByAddress(sheet01, "D1", "PLAN"): null

2020-02-14 09:55:22 - [TEST_STEP][PASSED] - setValueToCellByAddress(sheet01, "E1", "API PLAN"): null

2020-02-14 09:55:22 - [TEST_STEP][PASSED] - mybeam = mybeam: null

2020-02-14 09:55:22 - [TEST_STEP][PASSED] - myuff = myuff: null

2020-02-14 09:55:22 - [TEST_STEP][PASSED] - myplan = myplan: null

2020-02-14 09:55:22 - [TEST_STEP][PASSED] - log = new com.kms.katalon.core.logging.KeywordLogger(): null

2020-02-14 09:55:22 - [TEST_STEP][PASSED] - log.logWarning("beam " + mybeam + " zip " + myzip + " upfront fees " + myuff + " plan " + myplan): beam 778 zip 49892 upfront fees 0 plan VS2 Best Offer B

2020-02-14 09:55:22 - [MESSAGE][WARNING] - beam 778 zip 49892 upfront fees 0 plan VS2 Best Offer B

2020-02-14 09:55:22 - [TEST_STEP][PASSED] - setValueToCellByAddress(sheet01, "B" + mycount, beamFail): null

2020-02-14 09:55:22 - [TEST_STEP][PASSED] - setValueToCellByAddress(sheet01, "C" + mycount, uffFail): null

2020-02-14 09:55:22 - [TEST_STEP][PASSED] - mycount = mycount + 1: null

2020-02-14 09:55:22 - [TEST_STEP][PASSED] - setValueToCellByAddress(sheet01, "A" + mycount, "beam " + mybeam + " zip " + myzip + " upfront fees " + myuff + " plan " + myplan): null

2020-02-14 09:55:22 - [TEST_STEP][PASSED] - setValueToCellByAddress(sheet01, "D" + mycount, myplan): null

2020-02-14 09:55:22 - [TEST_STEP][PASSED] - sendRequestAndVerify(findTestObject("Exede_Zip", ["myzip":myzip])): Send request and verify the response successfully

2020-02-14 09:55:24 - [MESSAGE][INFO] - HAR: /Users/jhampleman/jenkins-beam-tests-master/Reports/20200214_095028/RUN_Exede_Zip_Test/20200214_095028/requests/main/137.har

2020-02-14 09:55:24 - [TEST_CASE][PASSED] - Start Test Case : Verification: Verification accomplished successfully

2020-02-14 09:55:24 - [TEST_STEP][PASSED] - request = getInstance().getCurrentRequest(): null

2020-02-14 09:55:24 - [TEST_STEP][PASSED] - response = getInstance().getCurrentResponse(): null

2020-02-14 09:55:24 - [TEST_STEP][PASSED] - if (!(verifyElementPropertyValue(response, "data.beam", mybeam))): Verify element property value successfully

2020-02-14 09:55:24 - [MESSAGE][PASSED] - Verify element property value successfully

2020-02-14 09:55:24 - [TEST_STEP][PASSED] - else: null

2020-02-14 09:55:24 - [TEST_STEP][PASSED] - beamFail = "P": null

2020-02-14 09:55:24 - [TEST_STEP][PASSED] - if (!(verifyElementPropertyValue(response, "data.product.down", myuff))): Verify element property value successfully

2020-02-14 09:55:24 - [MESSAGE][PASSED] - Verify element property value successfully

2020-02-14 09:55:24 - [TEST_STEP][PASSED] - else: null

2020-02-14 09:55:24 - [TEST_STEP][PASSED] - uffFail = "P": null

2020-02-14 09:55:24 - [TEST_STEP][PASSED] - jsonSlurper = new groovy.json.JsonSlurper(): null

2020-02-14 09:55:24 - [TEST_STEP][PASSED] - object = jsonSlurper.parseText(response.getResponseText()): null

2020-02-14 09:55:24 - [TEST_STEP][PASSED] - println(object): null

2020-02-14 09:55:24 - [TEST_STEP][PASSED] - mytest = plans: null

2020-02-14 09:55:24 - [TEST_STEP][PASSED] - variable = mytest: null

2020-02-14 09:55:24 - [MESSAGE][PASSED] - Verify response successfully

2020-02-14 09:55:24 - [MESSAGE][PASSED] - Send request and verify the response successfully

2020-02-14 09:55:24 - [TEST_STEP][PASSED] - setValueToCellByAddress(sheet01, "E" + mycount, variable): null

2020-02-14 09:55:24 - [TEST_STEP][PASSED] - saveWorkbook(excelFile01, workbook01): null]]></system-out>
         <system-err><![CDATA[]]></system-err>
      </testcase>
      <testcase name="Test Cases/Test_Beams_by_Zip_to_Excel" time="1.903" classname="Test Cases/Test_Beams_by_Zip_to_Excel" status="PASSED">
         <system-out><![CDATA[2020-02-14 09:55:24 - [TEST_CASE][PASSED] - Test Cases/Test_Beams_by_Zip_to_Excel: Test Cases/Test_Beams_by_Zip_to_Excel

2020-02-14 09:55:24 - [TEST_STEP][PASSED] - excelFile01 = "beams-test-results.xlsx": null

2020-02-14 09:55:24 - [TEST_STEP][PASSED] - ExpectedListSheetFile1 = ["Sheet1"]: null

2020-02-14 09:55:24 - [TEST_STEP][PASSED] - workbookFile01 = getWorkbook(excelFile01): null

2020-02-14 09:55:24 - [TEST_STEP][PASSED] - workbook01 = getWorkbook(excelFile01): null

2020-02-14 09:55:24 - [TEST_STEP][PASSED] - sheet01 = getExcelSheet(workbook01, "Sheet1"): null

2020-02-14 09:55:24 - [TEST_STEP][PASSED] - setValueToCellByAddress(sheet01, "A1", "TEST"): null

2020-02-14 09:55:24 - [TEST_STEP][PASSED] - setValueToCellByAddress(sheet01, "B1", "BEAM"): null

2020-02-14 09:55:24 - [TEST_STEP][PASSED] - setValueToCellByAddress(sheet01, "C1", "UFF"): null

2020-02-14 09:55:24 - [TEST_STEP][PASSED] - setValueToCellByAddress(sheet01, "D1", "PLAN"): null

2020-02-14 09:55:24 - [TEST_STEP][PASSED] - setValueToCellByAddress(sheet01, "E1", "API PLAN"): null

2020-02-14 09:55:24 - [TEST_STEP][PASSED] - mybeam = mybeam: null

2020-02-14 09:55:24 - [TEST_STEP][PASSED] - myuff = myuff: null

2020-02-14 09:55:24 - [TEST_STEP][PASSED] - myplan = myplan: null

2020-02-14 09:55:24 - [TEST_STEP][PASSED] - log = new com.kms.katalon.core.logging.KeywordLogger(): null

2020-02-14 09:55:24 - [TEST_STEP][PASSED] - log.logWarning("beam " + mybeam + " zip " + myzip + " upfront fees " + myuff + " plan " + myplan): beam 779 zip 40601 upfront fees 0 plan VS2 Best Offer A

2020-02-14 09:55:24 - [MESSAGE][WARNING] - beam 779 zip 40601 upfront fees 0 plan VS2 Best Offer A

2020-02-14 09:55:24 - [TEST_STEP][PASSED] - setValueToCellByAddress(sheet01, "B" + mycount, beamFail): null

2020-02-14 09:55:24 - [TEST_STEP][PASSED] - setValueToCellByAddress(sheet01, "C" + mycount, uffFail): null

2020-02-14 09:55:24 - [TEST_STEP][PASSED] - mycount = mycount + 1: null

2020-02-14 09:55:24 - [TEST_STEP][PASSED] - setValueToCellByAddress(sheet01, "A" + mycount, "beam " + mybeam + " zip " + myzip + " upfront fees " + myuff + " plan " + myplan): null

2020-02-14 09:55:24 - [TEST_STEP][PASSED] - setValueToCellByAddress(sheet01, "D" + mycount, myplan): null

2020-02-14 09:55:24 - [TEST_STEP][PASSED] - sendRequestAndVerify(findTestObject("Exede_Zip", ["myzip":myzip])): Send request and verify the response successfully

2020-02-14 09:55:26 - [MESSAGE][INFO] - HAR: /Users/jhampleman/jenkins-beam-tests-master/Reports/20200214_095028/RUN_Exede_Zip_Test/20200214_095028/requests/main/138.har

2020-02-14 09:55:26 - [TEST_CASE][PASSED] - Start Test Case : Verification: Verification accomplished successfully

2020-02-14 09:55:26 - [TEST_STEP][PASSED] - request = getInstance().getCurrentRequest(): null

2020-02-14 09:55:26 - [TEST_STEP][PASSED] - response = getInstance().getCurrentResponse(): null

2020-02-14 09:55:26 - [TEST_STEP][PASSED] - if (!(verifyElementPropertyValue(response, "data.beam", mybeam))): Verify element property value successfully

2020-02-14 09:55:26 - [MESSAGE][PASSED] - Verify element property value successfully

2020-02-14 09:55:26 - [TEST_STEP][PASSED] - else: null

2020-02-14 09:55:26 - [TEST_STEP][PASSED] - beamFail = "P": null

2020-02-14 09:55:26 - [TEST_STEP][PASSED] - if (!(verifyElementPropertyValue(response, "data.product.down", myuff))): Verify element property value successfully

2020-02-14 09:55:26 - [MESSAGE][PASSED] - Verify element property value successfully

2020-02-14 09:55:26 - [TEST_STEP][PASSED] - else: null

2020-02-14 09:55:26 - [TEST_STEP][PASSED] - uffFail = "P": null

2020-02-14 09:55:26 - [TEST_STEP][PASSED] - jsonSlurper = new groovy.json.JsonSlurper(): null

2020-02-14 09:55:26 - [TEST_STEP][PASSED] - object = jsonSlurper.parseText(response.getResponseText()): null

2020-02-14 09:55:26 - [TEST_STEP][PASSED] - println(object): null

2020-02-14 09:55:26 - [TEST_STEP][PASSED] - mytest = plans: null

2020-02-14 09:55:26 - [TEST_STEP][PASSED] - variable = mytest: null

2020-02-14 09:55:26 - [MESSAGE][PASSED] - Verify response successfully

2020-02-14 09:55:26 - [MESSAGE][PASSED] - Send request and verify the response successfully

2020-02-14 09:55:26 - [TEST_STEP][PASSED] - setValueToCellByAddress(sheet01, "E" + mycount, variable): null

2020-02-14 09:55:26 - [TEST_STEP][PASSED] - saveWorkbook(excelFile01, workbook01): null]]></system-out>
         <system-err><![CDATA[]]></system-err>
      </testcase>
      <testcase name="Test Cases/Test_Beams_by_Zip_to_Excel" time="2.014" classname="Test Cases/Test_Beams_by_Zip_to_Excel" status="PASSED">
         <system-out><![CDATA[2020-02-14 09:55:26 - [TEST_CASE][PASSED] - Test Cases/Test_Beams_by_Zip_to_Excel: Test Cases/Test_Beams_by_Zip_to_Excel

2020-02-14 09:55:26 - [TEST_STEP][PASSED] - excelFile01 = "beams-test-results.xlsx": null

2020-02-14 09:55:26 - [TEST_STEP][PASSED] - ExpectedListSheetFile1 = ["Sheet1"]: null

2020-02-14 09:55:26 - [TEST_STEP][PASSED] - workbookFile01 = getWorkbook(excelFile01): null

2020-02-14 09:55:26 - [TEST_STEP][PASSED] - workbook01 = getWorkbook(excelFile01): null

2020-02-14 09:55:26 - [TEST_STEP][PASSED] - sheet01 = getExcelSheet(workbook01, "Sheet1"): null

2020-02-14 09:55:26 - [TEST_STEP][PASSED] - setValueToCellByAddress(sheet01, "A1", "TEST"): null

2020-02-14 09:55:26 - [TEST_STEP][PASSED] - setValueToCellByAddress(sheet01, "B1", "BEAM"): null

2020-02-14 09:55:26 - [TEST_STEP][PASSED] - setValueToCellByAddress(sheet01, "C1", "UFF"): null

2020-02-14 09:55:26 - [TEST_STEP][PASSED] - setValueToCellByAddress(sheet01, "D1", "PLAN"): null

2020-02-14 09:55:26 - [TEST_STEP][PASSED] - setValueToCellByAddress(sheet01, "E1", "API PLAN"): null

2020-02-14 09:55:26 - [TEST_STEP][PASSED] - mybeam = mybeam: null

2020-02-14 09:55:26 - [TEST_STEP][PASSED] - myuff = myuff: null

2020-02-14 09:55:26 - [TEST_STEP][PASSED] - myplan = myplan: null

2020-02-14 09:55:26 - [TEST_STEP][PASSED] - log = new com.kms.katalon.core.logging.KeywordLogger(): null

2020-02-14 09:55:26 - [TEST_STEP][PASSED] - log.logWarning("beam " + mybeam + " zip " + myzip + " upfront fees " + myuff + " plan " + myplan): beam 780 zip 46601 upfront fees 0 plan VS2 Best Offer A

2020-02-14 09:55:26 - [MESSAGE][WARNING] - beam 780 zip 46601 upfront fees 0 plan VS2 Best Offer A

2020-02-14 09:55:26 - [TEST_STEP][PASSED] - setValueToCellByAddress(sheet01, "B" + mycount, beamFail): null

2020-02-14 09:55:26 - [TEST_STEP][PASSED] - setValueToCellByAddress(sheet01, "C" + mycount, uffFail): null

2020-02-14 09:55:26 - [TEST_STEP][PASSED] - mycount = mycount + 1: null

2020-02-14 09:55:26 - [TEST_STEP][PASSED] - setValueToCellByAddress(sheet01, "A" + mycount, "beam " + mybeam + " zip " + myzip + " upfront fees " + myuff + " plan " + myplan): null

2020-02-14 09:55:26 - [TEST_STEP][PASSED] - setValueToCellByAddress(sheet01, "D" + mycount, myplan): null

2020-02-14 09:55:26 - [TEST_STEP][PASSED] - sendRequestAndVerify(findTestObject("Exede_Zip", ["myzip":myzip])): Send request and verify the response successfully

2020-02-14 09:55:28 - [MESSAGE][INFO] - HAR: /Users/jhampleman/jenkins-beam-tests-master/Reports/20200214_095028/RUN_Exede_Zip_Test/20200214_095028/requests/main/139.har

2020-02-14 09:55:28 - [TEST_CASE][PASSED] - Start Test Case : Verification: Verification accomplished successfully

2020-02-14 09:55:28 - [TEST_STEP][PASSED] - request = getInstance().getCurrentRequest(): null

2020-02-14 09:55:28 - [TEST_STEP][PASSED] - response = getInstance().getCurrentResponse(): null

2020-02-14 09:55:28 - [TEST_STEP][PASSED] - if (!(verifyElementPropertyValue(response, "data.beam", mybeam))): Verify element property value successfully

2020-02-14 09:55:28 - [MESSAGE][PASSED] - Verify element property value successfully

2020-02-14 09:55:28 - [TEST_STEP][PASSED] - else: null

2020-02-14 09:55:28 - [TEST_STEP][PASSED] - beamFail = "P": null

2020-02-14 09:55:28 - [TEST_STEP][PASSED] - if (!(verifyElementPropertyValue(response, "data.product.down", myuff))): Verify element property value successfully

2020-02-14 09:55:28 - [MESSAGE][PASSED] - Verify element property value successfully

2020-02-14 09:55:28 - [TEST_STEP][PASSED] - else: null

2020-02-14 09:55:28 - [TEST_STEP][PASSED] - uffFail = "P": null

2020-02-14 09:55:28 - [TEST_STEP][PASSED] - jsonSlurper = new groovy.json.JsonSlurper(): null

2020-02-14 09:55:28 - [TEST_STEP][PASSED] - object = jsonSlurper.parseText(response.getResponseText()): null

2020-02-14 09:55:28 - [TEST_STEP][PASSED] - println(object): null

2020-02-14 09:55:28 - [TEST_STEP][PASSED] - mytest = plans: null

2020-02-14 09:55:28 - [TEST_STEP][PASSED] - variable = mytest: null

2020-02-14 09:55:28 - [MESSAGE][PASSED] - Verify response successfully

2020-02-14 09:55:28 - [MESSAGE][PASSED] - Send request and verify the response successfully

2020-02-14 09:55:28 - [TEST_STEP][PASSED] - setValueToCellByAddress(sheet01, "E" + mycount, variable): null

2020-02-14 09:55:28 - [TEST_STEP][PASSED] - saveWorkbook(excelFile01, workbook01): null]]></system-out>
         <system-err><![CDATA[]]></system-err>
      </testcase>
      <testcase name="Test Cases/Test_Beams_by_Zip_to_Excel" time="2.172" classname="Test Cases/Test_Beams_by_Zip_to_Excel" status="PASSED">
         <system-out><![CDATA[2020-02-14 09:55:29 - [TEST_CASE][PASSED] - Test Cases/Test_Beams_by_Zip_to_Excel: Test Cases/Test_Beams_by_Zip_to_Excel

2020-02-14 09:55:29 - [TEST_STEP][PASSED] - excelFile01 = "beams-test-results.xlsx": null

2020-02-14 09:55:29 - [TEST_STEP][PASSED] - ExpectedListSheetFile1 = ["Sheet1"]: null

2020-02-14 09:55:29 - [TEST_STEP][PASSED] - workbookFile01 = getWorkbook(excelFile01): null

2020-02-14 09:55:29 - [TEST_STEP][PASSED] - workbook01 = getWorkbook(excelFile01): null

2020-02-14 09:55:29 - [TEST_STEP][PASSED] - sheet01 = getExcelSheet(workbook01, "Sheet1"): null

2020-02-14 09:55:29 - [TEST_STEP][PASSED] - setValueToCellByAddress(sheet01, "A1", "TEST"): null

2020-02-14 09:55:29 - [TEST_STEP][PASSED] - setValueToCellByAddress(sheet01, "B1", "BEAM"): null

2020-02-14 09:55:29 - [TEST_STEP][PASSED] - setValueToCellByAddress(sheet01, "C1", "UFF"): null

2020-02-14 09:55:29 - [TEST_STEP][PASSED] - setValueToCellByAddress(sheet01, "D1", "PLAN"): null

2020-02-14 09:55:29 - [TEST_STEP][PASSED] - setValueToCellByAddress(sheet01, "E1", "API PLAN"): null

2020-02-14 09:55:29 - [TEST_STEP][PASSED] - mybeam = mybeam: null

2020-02-14 09:55:29 - [TEST_STEP][PASSED] - myuff = myuff: null

2020-02-14 09:55:29 - [TEST_STEP][PASSED] - myplan = myplan: null

2020-02-14 09:55:29 - [TEST_STEP][PASSED] - log = new com.kms.katalon.core.logging.KeywordLogger(): null

2020-02-14 09:55:29 - [TEST_STEP][PASSED] - log.logWarning("beam " + mybeam + " zip " + myzip + " upfront fees " + myuff + " plan " + myplan): beam 781 zip 37938 upfront fees 0 plan VS2 Best Offer B

2020-02-14 09:55:29 - [MESSAGE][WARNING] - beam 781 zip 37938 upfront fees 0 plan VS2 Best Offer B

2020-02-14 09:55:29 - [TEST_STEP][PASSED] - setValueToCellByAddress(sheet01, "B" + mycount, beamFail): null

2020-02-14 09:55:29 - [TEST_STEP][PASSED] - setValueToCellByAddress(sheet01, "C" + mycount, uffFail): null

2020-02-14 09:55:29 - [TEST_STEP][PASSED] - mycount = mycount + 1: null

2020-02-14 09:55:29 - [TEST_STEP][PASSED] - setValueToCellByAddress(sheet01, "A" + mycount, "beam " + mybeam + " zip " + myzip + " upfront fees " + myuff + " plan " + myplan): null

2020-02-14 09:55:29 - [TEST_STEP][PASSED] - setValueToCellByAddress(sheet01, "D" + mycount, myplan): null

2020-02-14 09:55:29 - [TEST_STEP][PASSED] - sendRequestAndVerify(findTestObject("Exede_Zip", ["myzip":myzip])): Send request and verify the response successfully

2020-02-14 09:55:31 - [MESSAGE][INFO] - HAR: /Users/jhampleman/jenkins-beam-tests-master/Reports/20200214_095028/RUN_Exede_Zip_Test/20200214_095028/requests/main/140.har

2020-02-14 09:55:31 - [TEST_CASE][PASSED] - Start Test Case : Verification: Verification accomplished successfully

2020-02-14 09:55:31 - [TEST_STEP][PASSED] - request = getInstance().getCurrentRequest(): null

2020-02-14 09:55:31 - [TEST_STEP][PASSED] - response = getInstance().getCurrentResponse(): null

2020-02-14 09:55:31 - [TEST_STEP][PASSED] - if (!(verifyElementPropertyValue(response, "data.beam", mybeam))): Verify element property value successfully

2020-02-14 09:55:31 - [MESSAGE][PASSED] - Verify element property value successfully

2020-02-14 09:55:31 - [TEST_STEP][PASSED] - else: null

2020-02-14 09:55:31 - [TEST_STEP][PASSED] - beamFail = "P": null

2020-02-14 09:55:31 - [TEST_STEP][PASSED] - if (!(verifyElementPropertyValue(response, "data.product.down", myuff))): Verify element property value successfully

2020-02-14 09:55:31 - [MESSAGE][PASSED] - Verify element property value successfully

2020-02-14 09:55:31 - [TEST_STEP][PASSED] - else: null

2020-02-14 09:55:31 - [TEST_STEP][PASSED] - uffFail = "P": null

2020-02-14 09:55:31 - [TEST_STEP][PASSED] - jsonSlurper = new groovy.json.JsonSlurper(): null

2020-02-14 09:55:31 - [TEST_STEP][PASSED] - object = jsonSlurper.parseText(response.getResponseText()): null

2020-02-14 09:55:31 - [TEST_STEP][PASSED] - println(object): null

2020-02-14 09:55:31 - [TEST_STEP][PASSED] - mytest = plans: null

2020-02-14 09:55:31 - [TEST_STEP][PASSED] - variable = mytest: null

2020-02-14 09:55:31 - [MESSAGE][PASSED] - Verify response successfully

2020-02-14 09:55:31 - [MESSAGE][PASSED] - Send request and verify the response successfully

2020-02-14 09:55:31 - [TEST_STEP][PASSED] - setValueToCellByAddress(sheet01, "E" + mycount, variable): null

2020-02-14 09:55:31 - [TEST_STEP][PASSED] - saveWorkbook(excelFile01, workbook01): null]]></system-out>
         <system-err><![CDATA[]]></system-err>
      </testcase>
      <testcase name="Test Cases/Test_Beams_by_Zip_to_Excel" time="2.041" classname="Test Cases/Test_Beams_by_Zip_to_Excel" status="PASSED">
         <system-out><![CDATA[2020-02-14 09:55:31 - [TEST_CASE][PASSED] - Test Cases/Test_Beams_by_Zip_to_Excel: Test Cases/Test_Beams_by_Zip_to_Excel

2020-02-14 09:55:31 - [TEST_STEP][PASSED] - excelFile01 = "beams-test-results.xlsx": null

2020-02-14 09:55:31 - [TEST_STEP][PASSED] - ExpectedListSheetFile1 = ["Sheet1"]: null

2020-02-14 09:55:31 - [TEST_STEP][PASSED] - workbookFile01 = getWorkbook(excelFile01): null

2020-02-14 09:55:31 - [TEST_STEP][PASSED] - workbook01 = getWorkbook(excelFile01): null

2020-02-14 09:55:31 - [TEST_STEP][PASSED] - sheet01 = getExcelSheet(workbook01, "Sheet1"): null

2020-02-14 09:55:31 - [TEST_STEP][PASSED] - setValueToCellByAddress(sheet01, "A1", "TEST"): null

2020-02-14 09:55:31 - [TEST_STEP][PASSED] - setValueToCellByAddress(sheet01, "B1", "BEAM"): null

2020-02-14 09:55:31 - [TEST_STEP][PASSED] - setValueToCellByAddress(sheet01, "C1", "UFF"): null

2020-02-14 09:55:31 - [TEST_STEP][PASSED] - setValueToCellByAddress(sheet01, "D1", "PLAN"): null

2020-02-14 09:55:31 - [TEST_STEP][PASSED] - setValueToCellByAddress(sheet01, "E1", "API PLAN"): null

2020-02-14 09:55:31 - [TEST_STEP][PASSED] - mybeam = mybeam: null

2020-02-14 09:55:31 - [TEST_STEP][PASSED] - myuff = myuff: null

2020-02-14 09:55:31 - [TEST_STEP][PASSED] - myplan = myplan: null

2020-02-14 09:55:31 - [TEST_STEP][PASSED] - log = new com.kms.katalon.core.logging.KeywordLogger(): null

2020-02-14 09:55:31 - [TEST_STEP][PASSED] - log.logWarning("beam " + mybeam + " zip " + myzip + " upfront fees " + myuff + " plan " + myplan): beam 782 zip 34711 upfront fees 0 plan VS2 Standard Offer

2020-02-14 09:55:31 - [MESSAGE][WARNING] - beam 782 zip 34711 upfront fees 0 plan VS2 Standard Offer

2020-02-14 09:55:31 - [TEST_STEP][PASSED] - setValueToCellByAddress(sheet01, "B" + mycount, beamFail): null

2020-02-14 09:55:31 - [TEST_STEP][PASSED] - setValueToCellByAddress(sheet01, "C" + mycount, uffFail): null

2020-02-14 09:55:31 - [TEST_STEP][PASSED] - mycount = mycount + 1: null

2020-02-14 09:55:31 - [TEST_STEP][PASSED] - setValueToCellByAddress(sheet01, "A" + mycount, "beam " + mybeam + " zip " + myzip + " upfront fees " + myuff + " plan " + myplan): null

2020-02-14 09:55:31 - [TEST_STEP][PASSED] - setValueToCellByAddress(sheet01, "D" + mycount, myplan): null

2020-02-14 09:55:31 - [TEST_STEP][PASSED] - sendRequestAndVerify(findTestObject("Exede_Zip", ["myzip":myzip])): Send request and verify the response successfully

2020-02-14 09:55:33 - [MESSAGE][INFO] - HAR: /Users/jhampleman/jenkins-beam-tests-master/Reports/20200214_095028/RUN_Exede_Zip_Test/20200214_095028/requests/main/141.har

2020-02-14 09:55:33 - [TEST_CASE][PASSED] - Start Test Case : Verification: Verification accomplished successfully

2020-02-14 09:55:33 - [TEST_STEP][PASSED] - request = getInstance().getCurrentRequest(): null

2020-02-14 09:55:33 - [TEST_STEP][PASSED] - response = getInstance().getCurrentResponse(): null

2020-02-14 09:55:33 - [TEST_STEP][PASSED] - if (!(verifyElementPropertyValue(response, "data.beam", mybeam))): Verify element property value successfully

2020-02-14 09:55:33 - [MESSAGE][PASSED] - Verify element property value successfully

2020-02-14 09:55:33 - [TEST_STEP][PASSED] - else: null

2020-02-14 09:55:33 - [TEST_STEP][PASSED] - beamFail = "P": null

2020-02-14 09:55:33 - [TEST_STEP][PASSED] - if (!(verifyElementPropertyValue(response, "data.product.down", myuff))): Verify element property value successfully

2020-02-14 09:55:33 - [MESSAGE][PASSED] - Verify element property value successfully

2020-02-14 09:55:33 - [TEST_STEP][PASSED] - else: null

2020-02-14 09:55:33 - [TEST_STEP][PASSED] - uffFail = "P": null

2020-02-14 09:55:33 - [TEST_STEP][PASSED] - jsonSlurper = new groovy.json.JsonSlurper(): null

2020-02-14 09:55:33 - [TEST_STEP][PASSED] - object = jsonSlurper.parseText(response.getResponseText()): null

2020-02-14 09:55:33 - [TEST_STEP][PASSED] - println(object): null

2020-02-14 09:55:33 - [TEST_STEP][PASSED] - mytest = plans: null

2020-02-14 09:55:33 - [TEST_STEP][PASSED] - variable = mytest: null

2020-02-14 09:55:33 - [MESSAGE][PASSED] - Verify response successfully

2020-02-14 09:55:33 - [MESSAGE][PASSED] - Send request and verify the response successfully

2020-02-14 09:55:33 - [TEST_STEP][PASSED] - setValueToCellByAddress(sheet01, "E" + mycount, variable): null

2020-02-14 09:55:33 - [TEST_STEP][PASSED] - saveWorkbook(excelFile01, workbook01): null]]></system-out>
         <system-err><![CDATA[]]></system-err>
      </testcase>
      <testcase name="Test Cases/Test_Beams_by_Zip_to_Excel" time="1.883" classname="Test Cases/Test_Beams_by_Zip_to_Excel" status="PASSED">
         <system-out><![CDATA[2020-02-14 09:55:33 - [TEST_CASE][PASSED] - Test Cases/Test_Beams_by_Zip_to_Excel: Test Cases/Test_Beams_by_Zip_to_Excel

2020-02-14 09:55:33 - [TEST_STEP][PASSED] - excelFile01 = "beams-test-results.xlsx": null

2020-02-14 09:55:33 - [TEST_STEP][PASSED] - ExpectedListSheetFile1 = ["Sheet1"]: null

2020-02-14 09:55:33 - [TEST_STEP][PASSED] - workbookFile01 = getWorkbook(excelFile01): null

2020-02-14 09:55:33 - [TEST_STEP][PASSED] - workbook01 = getWorkbook(excelFile01): null

2020-02-14 09:55:33 - [TEST_STEP][PASSED] - sheet01 = getExcelSheet(workbook01, "Sheet1"): null

2020-02-14 09:55:33 - [TEST_STEP][PASSED] - setValueToCellByAddress(sheet01, "A1", "TEST"): null

2020-02-14 09:55:33 - [TEST_STEP][PASSED] - setValueToCellByAddress(sheet01, "B1", "BEAM"): null

2020-02-14 09:55:33 - [TEST_STEP][PASSED] - setValueToCellByAddress(sheet01, "C1", "UFF"): null

2020-02-14 09:55:33 - [TEST_STEP][PASSED] - setValueToCellByAddress(sheet01, "D1", "PLAN"): null

2020-02-14 09:55:33 - [TEST_STEP][PASSED] - setValueToCellByAddress(sheet01, "E1", "API PLAN"): null

2020-02-14 09:55:33 - [TEST_STEP][PASSED] - mybeam = mybeam: null

2020-02-14 09:55:33 - [TEST_STEP][PASSED] - myuff = myuff: null

2020-02-14 09:55:33 - [TEST_STEP][PASSED] - myplan = myplan: null

2020-02-14 09:55:33 - [TEST_STEP][PASSED] - log = new com.kms.katalon.core.logging.KeywordLogger(): null

2020-02-14 09:55:33 - [TEST_STEP][PASSED] - log.logWarning("beam " + mybeam + " zip " + myzip + " upfront fees " + myuff + " plan " + myplan): beam 782 zip 32102 upfront fees 0 plan VS2 Standard Offer

2020-02-14 09:55:33 - [MESSAGE][WARNING] - beam 782 zip 32102 upfront fees 0 plan VS2 Standard Offer

2020-02-14 09:55:33 - [TEST_STEP][PASSED] - setValueToCellByAddress(sheet01, "B" + mycount, beamFail): null

2020-02-14 09:55:33 - [TEST_STEP][PASSED] - setValueToCellByAddress(sheet01, "C" + mycount, uffFail): null

2020-02-14 09:55:33 - [TEST_STEP][PASSED] - mycount = mycount + 1: null

2020-02-14 09:55:33 - [TEST_STEP][PASSED] - setValueToCellByAddress(sheet01, "A" + mycount, "beam " + mybeam + " zip " + myzip + " upfront fees " + myuff + " plan " + myplan): null

2020-02-14 09:55:33 - [TEST_STEP][PASSED] - setValueToCellByAddress(sheet01, "D" + mycount, myplan): null

2020-02-14 09:55:33 - [TEST_STEP][PASSED] - sendRequestAndVerify(findTestObject("Exede_Zip", ["myzip":myzip])): Send request and verify the response successfully

2020-02-14 09:55:35 - [MESSAGE][INFO] - HAR: /Users/jhampleman/jenkins-beam-tests-master/Reports/20200214_095028/RUN_Exede_Zip_Test/20200214_095028/requests/main/142.har

2020-02-14 09:55:35 - [TEST_CASE][PASSED] - Start Test Case : Verification: Verification accomplished successfully

2020-02-14 09:55:35 - [TEST_STEP][PASSED] - request = getInstance().getCurrentRequest(): null

2020-02-14 09:55:35 - [TEST_STEP][PASSED] - response = getInstance().getCurrentResponse(): null

2020-02-14 09:55:35 - [TEST_STEP][PASSED] - if (!(verifyElementPropertyValue(response, "data.beam", mybeam))): Verify element property value successfully

2020-02-14 09:55:35 - [MESSAGE][PASSED] - Verify element property value successfully

2020-02-14 09:55:35 - [TEST_STEP][PASSED] - else: null

2020-02-14 09:55:35 - [TEST_STEP][PASSED] - beamFail = "P": null

2020-02-14 09:55:35 - [TEST_STEP][PASSED] - if (!(verifyElementPropertyValue(response, "data.product.down", myuff))): Verify element property value successfully

2020-02-14 09:55:35 - [MESSAGE][PASSED] - Verify element property value successfully

2020-02-14 09:55:35 - [TEST_STEP][PASSED] - else: null

2020-02-14 09:55:35 - [TEST_STEP][PASSED] - uffFail = "P": null

2020-02-14 09:55:35 - [TEST_STEP][PASSED] - jsonSlurper = new groovy.json.JsonSlurper(): null

2020-02-14 09:55:35 - [TEST_STEP][PASSED] - object = jsonSlurper.parseText(response.getResponseText()): null

2020-02-14 09:55:35 - [TEST_STEP][PASSED] - println(object): null

2020-02-14 09:55:35 - [TEST_STEP][PASSED] - mytest = plans: null

2020-02-14 09:55:35 - [TEST_STEP][PASSED] - variable = mytest: null

2020-02-14 09:55:35 - [MESSAGE][PASSED] - Verify response successfully

2020-02-14 09:55:35 - [MESSAGE][PASSED] - Send request and verify the response successfully

2020-02-14 09:55:35 - [TEST_STEP][PASSED] - setValueToCellByAddress(sheet01, "E" + mycount, variable): null

2020-02-14 09:55:35 - [TEST_STEP][PASSED] - saveWorkbook(excelFile01, workbook01): null]]></system-out>
         <system-err><![CDATA[]]></system-err>
      </testcase>
      <testcase name="Test Cases/Test_Beams_by_Zip_to_Excel" time="1.989" classname="Test Cases/Test_Beams_by_Zip_to_Excel" status="PASSED">
         <system-out><![CDATA[2020-02-14 09:55:35 - [TEST_CASE][PASSED] - Test Cases/Test_Beams_by_Zip_to_Excel: Test Cases/Test_Beams_by_Zip_to_Excel

2020-02-14 09:55:35 - [TEST_STEP][PASSED] - excelFile01 = "beams-test-results.xlsx": null

2020-02-14 09:55:35 - [TEST_STEP][PASSED] - ExpectedListSheetFile1 = ["Sheet1"]: null

2020-02-14 09:55:35 - [TEST_STEP][PASSED] - workbookFile01 = getWorkbook(excelFile01): null

2020-02-14 09:55:35 - [TEST_STEP][PASSED] - workbook01 = getWorkbook(excelFile01): null

2020-02-14 09:55:35 - [TEST_STEP][PASSED] - sheet01 = getExcelSheet(workbook01, "Sheet1"): null

2020-02-14 09:55:35 - [TEST_STEP][PASSED] - setValueToCellByAddress(sheet01, "A1", "TEST"): null

2020-02-14 09:55:35 - [TEST_STEP][PASSED] - setValueToCellByAddress(sheet01, "B1", "BEAM"): null

2020-02-14 09:55:35 - [TEST_STEP][PASSED] - setValueToCellByAddress(sheet01, "C1", "UFF"): null

2020-02-14 09:55:35 - [TEST_STEP][PASSED] - setValueToCellByAddress(sheet01, "D1", "PLAN"): null

2020-02-14 09:55:35 - [TEST_STEP][PASSED] - setValueToCellByAddress(sheet01, "E1", "API PLAN"): null

2020-02-14 09:55:35 - [TEST_STEP][PASSED] - mybeam = mybeam: null

2020-02-14 09:55:35 - [TEST_STEP][PASSED] - myuff = myuff: null

2020-02-14 09:55:35 - [TEST_STEP][PASSED] - myplan = myplan: null

2020-02-14 09:55:35 - [TEST_STEP][PASSED] - log = new com.kms.katalon.core.logging.KeywordLogger(): null

2020-02-14 09:55:35 - [TEST_STEP][PASSED] - log.logWarning("beam " + mybeam + " zip " + myzip + " upfront fees " + myuff + " plan " + myplan): beam 711 zip 80403 upfront fees 0 plan END

2020-02-14 09:55:35 - [MESSAGE][WARNING] - beam 711 zip 80403 upfront fees 0 plan END

2020-02-14 09:55:35 - [TEST_STEP][PASSED] - setValueToCellByAddress(sheet01, "B" + mycount, beamFail): null

2020-02-14 09:55:35 - [TEST_STEP][PASSED] - setValueToCellByAddress(sheet01, "C" + mycount, uffFail): null

2020-02-14 09:55:35 - [TEST_STEP][PASSED] - mycount = mycount + 1: null

2020-02-14 09:55:35 - [TEST_STEP][PASSED] - setValueToCellByAddress(sheet01, "A" + mycount, "beam " + mybeam + " zip " + myzip + " upfront fees " + myuff + " plan " + myplan): null

2020-02-14 09:55:35 - [TEST_STEP][PASSED] - setValueToCellByAddress(sheet01, "D" + mycount, myplan): null

2020-02-14 09:55:35 - [TEST_STEP][PASSED] - sendRequestAndVerify(findTestObject("Exede_Zip", ["myzip":myzip])): Send request and verify the response successfully

2020-02-14 09:55:37 - [MESSAGE][INFO] - HAR: /Users/jhampleman/jenkins-beam-tests-master/Reports/20200214_095028/RUN_Exede_Zip_Test/20200214_095028/requests/main/143.har

2020-02-14 09:55:37 - [TEST_CASE][PASSED] - Start Test Case : Verification: Verification accomplished successfully

2020-02-14 09:55:37 - [TEST_STEP][PASSED] - request = getInstance().getCurrentRequest(): null

2020-02-14 09:55:37 - [TEST_STEP][PASSED] - response = getInstance().getCurrentResponse(): null

2020-02-14 09:55:37 - [TEST_STEP][PASSED] - if (!(verifyElementPropertyValue(response, "data.beam", mybeam))): Verify element property value successfully

2020-02-14 09:55:37 - [MESSAGE][PASSED] - Verify element property value successfully

2020-02-14 09:55:37 - [TEST_STEP][PASSED] - else: null

2020-02-14 09:55:37 - [TEST_STEP][PASSED] - beamFail = "P": null

2020-02-14 09:55:37 - [TEST_STEP][PASSED] - if (!(verifyElementPropertyValue(response, "data.product.down", myuff))): Verify element property value successfully

2020-02-14 09:55:37 - [MESSAGE][PASSED] - Verify element property value successfully

2020-02-14 09:55:37 - [TEST_STEP][PASSED] - else: null

2020-02-14 09:55:37 - [TEST_STEP][PASSED] - uffFail = "P": null

2020-02-14 09:55:37 - [TEST_STEP][PASSED] - jsonSlurper = new groovy.json.JsonSlurper(): null

2020-02-14 09:55:37 - [TEST_STEP][PASSED] - object = jsonSlurper.parseText(response.getResponseText()): null

2020-02-14 09:55:37 - [TEST_STEP][PASSED] - println(object): null

2020-02-14 09:55:37 - [TEST_STEP][PASSED] - mytest = plans: null

2020-02-14 09:55:37 - [TEST_STEP][PASSED] - variable = mytest: null

2020-02-14 09:55:37 - [MESSAGE][PASSED] - Verify response successfully

2020-02-14 09:55:37 - [MESSAGE][PASSED] - Send request and verify the response successfully

2020-02-14 09:55:37 - [TEST_STEP][PASSED] - setValueToCellByAddress(sheet01, "E" + mycount, variable): null

2020-02-14 09:55:37 - [TEST_STEP][PASSED] - saveWorkbook(excelFile01, workbook01): null]]></system-out>
         <system-err><![CDATA[]]></system-err>
      </testcase>
      <system-out><![CDATA[2020-02-14 09:50:31 - [TEST_SUITE][FAILED] - RUN_Exede_Zip_Test: Test Cases/Test_Beams_by_Zip_to_Excel FAILED.
Reason:
com.kms.katalon.core.exception.StepFailedException: Expected element property value '372' is not equal with actual property value 'null'
	at com.kms.katalon.core.keyword.internal.KeywordMain.stepFailed(KeywordMain.groovy:39)
	at com.kms.katalon.core.webservice.keyword.builtin.VerifyElementPropertyValueKeyword$_verifyElementPropertyValue_closure1.doCall(VerifyElementPropertyValueKeyword.groovy:56)
	at com.kms.katalon.core.webservice.keyword.builtin.VerifyElementPropertyValueKeyword$_verifyElementPropertyValue_closure1.call(VerifyElementPropertyValueKeyword.groovy)
	at com.kms.katalon.core.keyword.internal.KeywordMain.runKeyword(KeywordMain.groovy:68)
	at com.kms.katalon.core.webservice.keyword.builtin.VerifyElementPropertyValueKeyword.verifyElementPropertyValue(VerifyElementPropertyValueKeyword.groovy:48)
	at com.kms.katalon.core.webservice.keyword.builtin.VerifyElementPropertyValueKeyword.execute(VerifyElementPropertyValueKeyword.groovy:43)
	at com.kms.katalon.core.keyword.internal.KeywordExecutor.executeKeywordForPlatform(KeywordExecutor.groovy:72)
	at com.kms.katalon.core.webservice.keyword.WSBuiltInKeywords.verifyElementPropertyValue(WSBuiltInKeywords.groovy:189)
	at com.kms.katalon.core.webservice.keyword.WSBuiltInKeywords$verifyElementPropertyValue$0.call(Unknown Source)
	at WSVerification1581699145453.run(WSVerification1581699145453:16)
	at com.kms.katalon.core.main.ScriptEngine.run(ScriptEngine.java:194)
	at com.kms.katalon.core.main.ScriptEngine.runScriptAsRawText(ScriptEngine.java:119)
	at com.kms.katalon.core.main.WSVerificationExecutor.runScript(WSVerificationExecutor.java:146)
	at com.kms.katalon.core.main.WSVerificationExecutor.doExecute(WSVerificationExecutor.java:140)
	at com.kms.katalon.core.main.WSVerificationExecutor.processExecutionPhase(WSVerificationExecutor.java:123)
	at com.kms.katalon.core.main.WSVerificationExecutor.accessMainPhase(WSVerificationExecutor.java:115)
	at com.kms.katalon.core.main.WSVerificationExecutor.execute(WSVerificationExecutor.java:103)
	at com.kms.katalon.core.main.TestCaseMain.runWSVerificationScript(TestCaseMain.java:127)
	at com.kms.katalon.core.webservice.keyword.builtin.SendRequestAndVerifyKeyword$_sendRequestAndVerify_closure1.doCall(SendRequestAndVerifyKeyword.groovy:55)
	at com.kms.katalon.core.webservice.keyword.builtin.SendRequestAndVerifyKeyword$_sendRequestAndVerify_closure1.call(SendRequestAndVerifyKeyword.groovy)
	at com.kms.katalon.core.keyword.internal.KeywordMain.runKeyword(KeywordMain.groovy:68)
	at com.kms.katalon.core.webservice.keyword.builtin.SendRequestAndVerifyKeyword.sendRequestAndVerify(SendRequestAndVerifyKeyword.groovy:43)
	at com.kms.katalon.core.webservice.keyword.builtin.SendRequestAndVerifyKeyword.execute(SendRequestAndVerifyKeyword.groovy:38)
	at com.kms.katalon.core.keyword.internal.KeywordExecutor.executeKeywordForPlatform(KeywordExecutor.groovy:72)
	at com.kms.katalon.core.webservice.keyword.WSBuiltInKeywords.sendRequestAndVerify(WSBuiltInKeywords.groovy:65)
	at com.kms.katalon.core.webservice.keyword.WSBuiltInKeywords$sendRequestAndVerify.call(Unknown Source)
	at Test_Beams_by_Zip_to_Excel.run(Test_Beams_by_Zip_to_Excel:68)
	at com.kms.katalon.core.main.ScriptEngine.run(ScriptEngine.java:194)
	at com.kms.katalon.core.main.ScriptEngine.runScriptAsRawText(ScriptEngine.java:119)
	at com.kms.katalon.core.main.TestCaseExecutor.runScript(TestCaseExecutor.java:337)
	at com.kms.katalon.core.main.TestCaseExecutor.doExecute(TestCaseExecutor.java:328)
	at com.kms.katalon.core.main.TestCaseExecutor.processExecutionPhase(TestCaseExecutor.java:307)
	at com.kms.katalon.core.main.TestCaseExecutor.accessMainPhase(TestCaseExecutor.java:299)
	at com.kms.katalon.core.main.TestCaseExecutor.execute(TestCaseExecutor.java:233)
	at com.kms.katalon.core.main.TestSuiteExecutor.accessTestCaseMainPhase(TestSuiteExecutor.java:169)
	at com.kms.katalon.core.main.TestSuiteExecutor.accessTestSuiteMainPhase(TestSuiteExecutor.java:142)
	at com.kms.katalon.core.main.TestSuiteExecutor.execute(TestSuiteExecutor.java:91)
	at com.kms.katalon.core.main.TestCaseMain.startTestSuite(TestCaseMain.java:157)
	at com.kms.katalon.core.main.TestCaseMain$startTestSuite$0.call(Unknown Source)
	at TempTestSuite1581699028664.run(TempTestSuite1581699028664.groovy:36)]]></system-out>
      <system-err><![CDATA[2020-02-14 09:50:31 - [TEST_SUITE][FAILED] - RUN_Exede_Zip_Test: Test Cases/Test_Beams_by_Zip_to_Excel FAILED.
Reason:
com.kms.katalon.core.exception.StepFailedException: Expected element property value '372' is not equal with actual property value 'null'
	at com.kms.katalon.core.keyword.internal.KeywordMain.stepFailed(KeywordMain.groovy:39)
	at com.kms.katalon.core.webservice.keyword.builtin.VerifyElementPropertyValueKeyword$_verifyElementPropertyValue_closure1.doCall(VerifyElementPropertyValueKeyword.groovy:56)
	at com.kms.katalon.core.webservice.keyword.builtin.VerifyElementPropertyValueKeyword$_verifyElementPropertyValue_closure1.call(VerifyElementPropertyValueKeyword.groovy)
	at com.kms.katalon.core.keyword.internal.KeywordMain.runKeyword(KeywordMain.groovy:68)
	at com.kms.katalon.core.webservice.keyword.builtin.VerifyElementPropertyValueKeyword.verifyElementPropertyValue(VerifyElementPropertyValueKeyword.groovy:48)
	at com.kms.katalon.core.webservice.keyword.builtin.VerifyElementPropertyValueKeyword.execute(VerifyElementPropertyValueKeyword.groovy:43)
	at com.kms.katalon.core.keyword.internal.KeywordExecutor.executeKeywordForPlatform(KeywordExecutor.groovy:72)
	at com.kms.katalon.core.webservice.keyword.WSBuiltInKeywords.verifyElementPropertyValue(WSBuiltInKeywords.groovy:189)
	at com.kms.katalon.core.webservice.keyword.WSBuiltInKeywords$verifyElementPropertyValue$0.call(Unknown Source)
	at WSVerification1581699145453.run(WSVerification1581699145453:16)
	at com.kms.katalon.core.main.ScriptEngine.run(ScriptEngine.java:194)
	at com.kms.katalon.core.main.ScriptEngine.runScriptAsRawText(ScriptEngine.java:119)
	at com.kms.katalon.core.main.WSVerificationExecutor.runScript(WSVerificationExecutor.java:146)
	at com.kms.katalon.core.main.WSVerificationExecutor.doExecute(WSVerificationExecutor.java:140)
	at com.kms.katalon.core.main.WSVerificationExecutor.processExecutionPhase(WSVerificationExecutor.java:123)
	at com.kms.katalon.core.main.WSVerificationExecutor.accessMainPhase(WSVerificationExecutor.java:115)
	at com.kms.katalon.core.main.WSVerificationExecutor.execute(WSVerificationExecutor.java:103)
	at com.kms.katalon.core.main.TestCaseMain.runWSVerificationScript(TestCaseMain.java:127)
	at com.kms.katalon.core.webservice.keyword.builtin.SendRequestAndVerifyKeyword$_sendRequestAndVerify_closure1.doCall(SendRequestAndVerifyKeyword.groovy:55)
	at com.kms.katalon.core.webservice.keyword.builtin.SendRequestAndVerifyKeyword$_sendRequestAndVerify_closure1.call(SendRequestAndVerifyKeyword.groovy)
	at com.kms.katalon.core.keyword.internal.KeywordMain.runKeyword(KeywordMain.groovy:68)
	at com.kms.katalon.core.webservice.keyword.builtin.SendRequestAndVerifyKeyword.sendRequestAndVerify(SendRequestAndVerifyKeyword.groovy:43)
	at com.kms.katalon.core.webservice.keyword.builtin.SendRequestAndVerifyKeyword.execute(SendRequestAndVerifyKeyword.groovy:38)
	at com.kms.katalon.core.keyword.internal.KeywordExecutor.executeKeywordForPlatform(KeywordExecutor.groovy:72)
	at com.kms.katalon.core.webservice.keyword.WSBuiltInKeywords.sendRequestAndVerify(WSBuiltInKeywords.groovy:65)
	at com.kms.katalon.core.webservice.keyword.WSBuiltInKeywords$sendRequestAndVerify.call(Unknown Source)
	at Test_Beams_by_Zip_to_Excel.run(Test_Beams_by_Zip_to_Excel:68)
	at com.kms.katalon.core.main.ScriptEngine.run(ScriptEngine.java:194)
	at com.kms.katalon.core.main.ScriptEngine.runScriptAsRawText(ScriptEngine.java:119)
	at com.kms.katalon.core.main.TestCaseExecutor.runScript(TestCaseExecutor.java:337)
	at com.kms.katalon.core.main.TestCaseExecutor.doExecute(TestCaseExecutor.java:328)
	at com.kms.katalon.core.main.TestCaseExecutor.processExecutionPhase(TestCaseExecutor.java:307)
	at com.kms.katalon.core.main.TestCaseExecutor.accessMainPhase(TestCaseExecutor.java:299)
	at com.kms.katalon.core.main.TestCaseExecutor.execute(TestCaseExecutor.java:233)
	at com.kms.katalon.core.main.TestSuiteExecutor.accessTestCaseMainPhase(TestSuiteExecutor.java:169)
	at com.kms.katalon.core.main.TestSuiteExecutor.accessTestSuiteMainPhase(TestSuiteExecutor.java:142)
	at com.kms.katalon.core.main.TestSuiteExecutor.execute(TestSuiteExecutor.java:91)
	at com.kms.katalon.core.main.TestCaseMain.startTestSuite(TestCaseMain.java:157)
	at com.kms.katalon.core.main.TestCaseMain$startTestSuite$0.call(Unknown Source)
	at TempTestSuite1581699028664.run(TempTestSuite1581699028664.groovy:36)]]></system-err>
   </testsuite>
</testsuites>
