<?xml version="1.0" encoding="UTF-8"?>
<testsuites name="RUN_Exede_Zip_Test" time="2.986" tests="10" failures="0" errors="10">
   <testsuite name="RUN_Exede_Zip_Test" tests="10" failures="0" errors="10" time="2.986" timestamp="2020-02-07 14:55:03" hostname="jhampleman - lp-jhamplem-osx.hq.corp.viasat.com" id="Test Suites/RUN_Exede_Zip_Test">
      <properties>
         <property name="deviceName" value=""/>
         <property name="devicePlatform" value=""/>
         <property name="logFolder" value="/Users/jhampleman/Katalon Studio/Exede_Beam_Tests_v2.1 copy/Reports/20200207_145501/RUN_Exede_Zip_Test/20200207_145501"/>
         <property name="logFiles" value="/Users/jhampleman/Katalon Studio/Exede_Beam_Tests_v2.1 copy/Reports/20200207_145501/RUN_Exede_Zip_Test/20200207_145501/execution0.log"/>
         <property name="attachments" value=""/>
         <property name="hostName" value="jhampleman - lp-jhamplem-osx.hq.corp.viasat.com"/>
         <property name="hostAddress" value="172.30.158.6"/>
         <property name="os" value="Mac OS X 64bit"/>
         <property name="katalonVersion" value="7.2.1.1"/>
      </properties>
      <testcase name="Test Cases/Test_Beams_by_Zip_to_Excel" time="1.19" classname="Test Cases/Test_Beams_by_Zip_to_Excel" status="ERROR">
         <error type="ERROR" message="Test Cases/Test_Beams_by_Zip_to_Excel FAILED.
Reason:
java.lang.NoSuchFieldError: CREATE_NULL_AS_BLANK
	at com.kms.katalon.keyword.excel.ExcelKeywords.setValueToCellByAddress(ExcelKeywords.groovy:242)
	at com.kms.katalon.keyword.excel.ExcelKeywords$setValueToCellByAddress$1.call(Unknown Source)
	at Test_Beams_by_Zip_to_Excel.run(Test_Beams_by_Zip_to_Excel:39)
	at com.kms.katalon.core.main.ScriptEngine.run(ScriptEngine.java:194)
	at com.kms.katalon.core.main.ScriptEngine.runScriptAsRawText(ScriptEngine.java:119)
	at com.kms.katalon.core.main.TestCaseExecutor.runScript(TestCaseExecutor.java:337)
	at com.kms.katalon.core.main.TestCaseExecutor.doExecute(TestCaseExecutor.java:328)
	at com.kms.katalon.core.main.TestCaseExecutor.processExecutionPhase(TestCaseExecutor.java:307)
	at com.kms.katalon.core.main.TestCaseExecutor.accessMainPhase(TestCaseExecutor.java:299)
	at com.kms.katalon.core.main.TestCaseExecutor.execute(TestCaseExecutor.java:233)
	at com.kms.katalon.core.main.TestSuiteExecutor.accessTestCaseMainPhase(TestSuiteExecutor.java:169)
	at com.kms.katalon.core.main.TestSuiteExecutor.accessTestSuiteMainPhase(TestSuiteExecutor.java:142)
	at com.kms.katalon.core.main.TestSuiteExecutor.execute(TestSuiteExecutor.java:91)
	at com.kms.katalon.core.main.TestCaseMain.startTestSuite(TestCaseMain.java:157)
	at com.kms.katalon.core.main.TestCaseMain$startTestSuite$0.call(Unknown Source)
	at TempTestSuite1581112501678.run(TempTestSuite1581112501678.groovy:36)
"/>
         <system-out><![CDATA[2020-02-07 14:55:03 - [TEST_CASE][ERROR] - Test Cases/Test_Beams_by_Zip_to_Excel: Test Cases/Test_Beams_by_Zip_to_Excel FAILED.
Reason:
java.lang.NoSuchFieldError: CREATE_NULL_AS_BLANK
	at com.kms.katalon.keyword.excel.ExcelKeywords.setValueToCellByAddress(ExcelKeywords.groovy:242)
	at com.kms.katalon.keyword.excel.ExcelKeywords$setValueToCellByAddress$1.call(Unknown Source)
	at Test_Beams_by_Zip_to_Excel.run(Test_Beams_by_Zip_to_Excel:39)
	at com.kms.katalon.core.main.ScriptEngine.run(ScriptEngine.java:194)
	at com.kms.katalon.core.main.ScriptEngine.runScriptAsRawText(ScriptEngine.java:119)
	at com.kms.katalon.core.main.TestCaseExecutor.runScript(TestCaseExecutor.java:337)
	at com.kms.katalon.core.main.TestCaseExecutor.doExecute(TestCaseExecutor.java:328)
	at com.kms.katalon.core.main.TestCaseExecutor.processExecutionPhase(TestCaseExecutor.java:307)
	at com.kms.katalon.core.main.TestCaseExecutor.accessMainPhase(TestCaseExecutor.java:299)
	at com.kms.katalon.core.main.TestCaseExecutor.execute(TestCaseExecutor.java:233)
	at com.kms.katalon.core.main.TestSuiteExecutor.accessTestCaseMainPhase(TestSuiteExecutor.java:169)
	at com.kms.katalon.core.main.TestSuiteExecutor.accessTestSuiteMainPhase(TestSuiteExecutor.java:142)
	at com.kms.katalon.core.main.TestSuiteExecutor.execute(TestSuiteExecutor.java:91)
	at com.kms.katalon.core.main.TestCaseMain.startTestSuite(TestCaseMain.java:157)
	at com.kms.katalon.core.main.TestCaseMain$startTestSuite$0.call(Unknown Source)
	at TempTestSuite1581112501678.run(TempTestSuite1581112501678.groovy:36)


2020-02-07 14:55:04 - [TEST_STEP][PASSED] - excelFile01 = "beams-test-results.xlsx": null

2020-02-07 14:55:04 - [TEST_STEP][PASSED] - ExpectedListSheetFile1 = ["Sheet1"]: null

2020-02-07 14:55:04 - [TEST_STEP][PASSED] - workbookFile01 = getWorkbook(excelFile01): null

2020-02-07 14:55:05 - [TEST_STEP][PASSED] - workbook01 = getWorkbook(excelFile01): null

2020-02-07 14:55:05 - [TEST_STEP][PASSED] - sheet01 = getExcelSheet(workbook01, "Sheet1"): null

2020-02-07 14:55:05 - [TEST_STEP][PASSED] - setValueToCellByAddress(sheet01, "A1", "TEST"): null]]></system-out>
         <system-err><![CDATA[2020-02-07 14:55:03 - [TEST_CASE][ERROR] - Test Cases/Test_Beams_by_Zip_to_Excel: Test Cases/Test_Beams_by_Zip_to_Excel FAILED.
Reason:
java.lang.NoSuchFieldError: CREATE_NULL_AS_BLANK
	at com.kms.katalon.keyword.excel.ExcelKeywords.setValueToCellByAddress(ExcelKeywords.groovy:242)
	at com.kms.katalon.keyword.excel.ExcelKeywords$setValueToCellByAddress$1.call(Unknown Source)
	at Test_Beams_by_Zip_to_Excel.run(Test_Beams_by_Zip_to_Excel:39)
	at com.kms.katalon.core.main.ScriptEngine.run(ScriptEngine.java:194)
	at com.kms.katalon.core.main.ScriptEngine.runScriptAsRawText(ScriptEngine.java:119)
	at com.kms.katalon.core.main.TestCaseExecutor.runScript(TestCaseExecutor.java:337)
	at com.kms.katalon.core.main.TestCaseExecutor.doExecute(TestCaseExecutor.java:328)
	at com.kms.katalon.core.main.TestCaseExecutor.processExecutionPhase(TestCaseExecutor.java:307)
	at com.kms.katalon.core.main.TestCaseExecutor.accessMainPhase(TestCaseExecutor.java:299)
	at com.kms.katalon.core.main.TestCaseExecutor.execute(TestCaseExecutor.java:233)
	at com.kms.katalon.core.main.TestSuiteExecutor.accessTestCaseMainPhase(TestSuiteExecutor.java:169)
	at com.kms.katalon.core.main.TestSuiteExecutor.accessTestSuiteMainPhase(TestSuiteExecutor.java:142)
	at com.kms.katalon.core.main.TestSuiteExecutor.execute(TestSuiteExecutor.java:91)
	at com.kms.katalon.core.main.TestCaseMain.startTestSuite(TestCaseMain.java:157)
	at com.kms.katalon.core.main.TestCaseMain$startTestSuite$0.call(Unknown Source)
	at TempTestSuite1581112501678.run(TempTestSuite1581112501678.groovy:36)]]></system-err>
      </testcase>
      <testcase name="Test Cases/Test_Beams_by_Zip_to_Excel" time="0.147" classname="Test Cases/Test_Beams_by_Zip_to_Excel" status="ERROR">
         <error type="ERROR" message="Test Cases/Test_Beams_by_Zip_to_Excel FAILED.
Reason:
java.lang.NoSuchFieldError: CREATE_NULL_AS_BLANK
	at com.kms.katalon.keyword.excel.ExcelKeywords.setValueToCellByAddress(ExcelKeywords.groovy:242)
	at com.kms.katalon.keyword.excel.ExcelKeywords$setValueToCellByAddress$1.call(Unknown Source)
	at Test_Beams_by_Zip_to_Excel.run(Test_Beams_by_Zip_to_Excel:39)
	at com.kms.katalon.core.main.ScriptEngine.run(ScriptEngine.java:194)
	at com.kms.katalon.core.main.ScriptEngine.runScriptAsRawText(ScriptEngine.java:119)
	at com.kms.katalon.core.main.TestCaseExecutor.runScript(TestCaseExecutor.java:337)
	at com.kms.katalon.core.main.TestCaseExecutor.doExecute(TestCaseExecutor.java:328)
	at com.kms.katalon.core.main.TestCaseExecutor.processExecutionPhase(TestCaseExecutor.java:307)
	at com.kms.katalon.core.main.TestCaseExecutor.accessMainPhase(TestCaseExecutor.java:299)
	at com.kms.katalon.core.main.TestCaseExecutor.execute(TestCaseExecutor.java:233)
	at com.kms.katalon.core.main.TestSuiteExecutor.accessTestCaseMainPhase(TestSuiteExecutor.java:169)
	at com.kms.katalon.core.main.TestSuiteExecutor.accessTestSuiteMainPhase(TestSuiteExecutor.java:142)
	at com.kms.katalon.core.main.TestSuiteExecutor.execute(TestSuiteExecutor.java:91)
	at com.kms.katalon.core.main.TestCaseMain.startTestSuite(TestCaseMain.java:157)
	at com.kms.katalon.core.main.TestCaseMain$startTestSuite$0.call(Unknown Source)
	at TempTestSuite1581112501678.run(TempTestSuite1581112501678.groovy:36)
"/>
         <system-out><![CDATA[2020-02-07 14:55:05 - [TEST_CASE][ERROR] - Test Cases/Test_Beams_by_Zip_to_Excel: Test Cases/Test_Beams_by_Zip_to_Excel FAILED.
Reason:
java.lang.NoSuchFieldError: CREATE_NULL_AS_BLANK
	at com.kms.katalon.keyword.excel.ExcelKeywords.setValueToCellByAddress(ExcelKeywords.groovy:242)
	at com.kms.katalon.keyword.excel.ExcelKeywords$setValueToCellByAddress$1.call(Unknown Source)
	at Test_Beams_by_Zip_to_Excel.run(Test_Beams_by_Zip_to_Excel:39)
	at com.kms.katalon.core.main.ScriptEngine.run(ScriptEngine.java:194)
	at com.kms.katalon.core.main.ScriptEngine.runScriptAsRawText(ScriptEngine.java:119)
	at com.kms.katalon.core.main.TestCaseExecutor.runScript(TestCaseExecutor.java:337)
	at com.kms.katalon.core.main.TestCaseExecutor.doExecute(TestCaseExecutor.java:328)
	at com.kms.katalon.core.main.TestCaseExecutor.processExecutionPhase(TestCaseExecutor.java:307)
	at com.kms.katalon.core.main.TestCaseExecutor.accessMainPhase(TestCaseExecutor.java:299)
	at com.kms.katalon.core.main.TestCaseExecutor.execute(TestCaseExecutor.java:233)
	at com.kms.katalon.core.main.TestSuiteExecutor.accessTestCaseMainPhase(TestSuiteExecutor.java:169)
	at com.kms.katalon.core.main.TestSuiteExecutor.accessTestSuiteMainPhase(TestSuiteExecutor.java:142)
	at com.kms.katalon.core.main.TestSuiteExecutor.execute(TestSuiteExecutor.java:91)
	at com.kms.katalon.core.main.TestCaseMain.startTestSuite(TestCaseMain.java:157)
	at com.kms.katalon.core.main.TestCaseMain$startTestSuite$0.call(Unknown Source)
	at TempTestSuite1581112501678.run(TempTestSuite1581112501678.groovy:36)


2020-02-07 14:55:05 - [TEST_STEP][PASSED] - excelFile01 = "beams-test-results.xlsx": null

2020-02-07 14:55:05 - [TEST_STEP][PASSED] - ExpectedListSheetFile1 = ["Sheet1"]: null

2020-02-07 14:55:05 - [TEST_STEP][PASSED] - workbookFile01 = getWorkbook(excelFile01): null

2020-02-07 14:55:05 - [TEST_STEP][PASSED] - workbook01 = getWorkbook(excelFile01): null

2020-02-07 14:55:05 - [TEST_STEP][PASSED] - sheet01 = getExcelSheet(workbook01, "Sheet1"): null

2020-02-07 14:55:05 - [TEST_STEP][PASSED] - setValueToCellByAddress(sheet01, "A1", "TEST"): null]]></system-out>
         <system-err><![CDATA[2020-02-07 14:55:05 - [TEST_CASE][ERROR] - Test Cases/Test_Beams_by_Zip_to_Excel: Test Cases/Test_Beams_by_Zip_to_Excel FAILED.
Reason:
java.lang.NoSuchFieldError: CREATE_NULL_AS_BLANK
	at com.kms.katalon.keyword.excel.ExcelKeywords.setValueToCellByAddress(ExcelKeywords.groovy:242)
	at com.kms.katalon.keyword.excel.ExcelKeywords$setValueToCellByAddress$1.call(Unknown Source)
	at Test_Beams_by_Zip_to_Excel.run(Test_Beams_by_Zip_to_Excel:39)
	at com.kms.katalon.core.main.ScriptEngine.run(ScriptEngine.java:194)
	at com.kms.katalon.core.main.ScriptEngine.runScriptAsRawText(ScriptEngine.java:119)
	at com.kms.katalon.core.main.TestCaseExecutor.runScript(TestCaseExecutor.java:337)
	at com.kms.katalon.core.main.TestCaseExecutor.doExecute(TestCaseExecutor.java:328)
	at com.kms.katalon.core.main.TestCaseExecutor.processExecutionPhase(TestCaseExecutor.java:307)
	at com.kms.katalon.core.main.TestCaseExecutor.accessMainPhase(TestCaseExecutor.java:299)
	at com.kms.katalon.core.main.TestCaseExecutor.execute(TestCaseExecutor.java:233)
	at com.kms.katalon.core.main.TestSuiteExecutor.accessTestCaseMainPhase(TestSuiteExecutor.java:169)
	at com.kms.katalon.core.main.TestSuiteExecutor.accessTestSuiteMainPhase(TestSuiteExecutor.java:142)
	at com.kms.katalon.core.main.TestSuiteExecutor.execute(TestSuiteExecutor.java:91)
	at com.kms.katalon.core.main.TestCaseMain.startTestSuite(TestCaseMain.java:157)
	at com.kms.katalon.core.main.TestCaseMain$startTestSuite$0.call(Unknown Source)
	at TempTestSuite1581112501678.run(TempTestSuite1581112501678.groovy:36)]]></system-err>
      </testcase>
      <testcase name="Test Cases/Test_Beams_by_Zip_to_Excel" time="0.141" classname="Test Cases/Test_Beams_by_Zip_to_Excel" status="ERROR">
         <error type="ERROR" message="Test Cases/Test_Beams_by_Zip_to_Excel FAILED.
Reason:
java.lang.NoSuchFieldError: CREATE_NULL_AS_BLANK
	at com.kms.katalon.keyword.excel.ExcelKeywords.setValueToCellByAddress(ExcelKeywords.groovy:242)
	at com.kms.katalon.keyword.excel.ExcelKeywords$setValueToCellByAddress$1.call(Unknown Source)
	at Test_Beams_by_Zip_to_Excel.run(Test_Beams_by_Zip_to_Excel:39)
	at com.kms.katalon.core.main.ScriptEngine.run(ScriptEngine.java:194)
	at com.kms.katalon.core.main.ScriptEngine.runScriptAsRawText(ScriptEngine.java:119)
	at com.kms.katalon.core.main.TestCaseExecutor.runScript(TestCaseExecutor.java:337)
	at com.kms.katalon.core.main.TestCaseExecutor.doExecute(TestCaseExecutor.java:328)
	at com.kms.katalon.core.main.TestCaseExecutor.processExecutionPhase(TestCaseExecutor.java:307)
	at com.kms.katalon.core.main.TestCaseExecutor.accessMainPhase(TestCaseExecutor.java:299)
	at com.kms.katalon.core.main.TestCaseExecutor.execute(TestCaseExecutor.java:233)
	at com.kms.katalon.core.main.TestSuiteExecutor.accessTestCaseMainPhase(TestSuiteExecutor.java:169)
	at com.kms.katalon.core.main.TestSuiteExecutor.accessTestSuiteMainPhase(TestSuiteExecutor.java:142)
	at com.kms.katalon.core.main.TestSuiteExecutor.execute(TestSuiteExecutor.java:91)
	at com.kms.katalon.core.main.TestCaseMain.startTestSuite(TestCaseMain.java:157)
	at com.kms.katalon.core.main.TestCaseMain$startTestSuite$0.call(Unknown Source)
	at TempTestSuite1581112501678.run(TempTestSuite1581112501678.groovy:36)
"/>
         <system-out><![CDATA[2020-02-07 14:55:05 - [TEST_CASE][ERROR] - Test Cases/Test_Beams_by_Zip_to_Excel: Test Cases/Test_Beams_by_Zip_to_Excel FAILED.
Reason:
java.lang.NoSuchFieldError: CREATE_NULL_AS_BLANK
	at com.kms.katalon.keyword.excel.ExcelKeywords.setValueToCellByAddress(ExcelKeywords.groovy:242)
	at com.kms.katalon.keyword.excel.ExcelKeywords$setValueToCellByAddress$1.call(Unknown Source)
	at Test_Beams_by_Zip_to_Excel.run(Test_Beams_by_Zip_to_Excel:39)
	at com.kms.katalon.core.main.ScriptEngine.run(ScriptEngine.java:194)
	at com.kms.katalon.core.main.ScriptEngine.runScriptAsRawText(ScriptEngine.java:119)
	at com.kms.katalon.core.main.TestCaseExecutor.runScript(TestCaseExecutor.java:337)
	at com.kms.katalon.core.main.TestCaseExecutor.doExecute(TestCaseExecutor.java:328)
	at com.kms.katalon.core.main.TestCaseExecutor.processExecutionPhase(TestCaseExecutor.java:307)
	at com.kms.katalon.core.main.TestCaseExecutor.accessMainPhase(TestCaseExecutor.java:299)
	at com.kms.katalon.core.main.TestCaseExecutor.execute(TestCaseExecutor.java:233)
	at com.kms.katalon.core.main.TestSuiteExecutor.accessTestCaseMainPhase(TestSuiteExecutor.java:169)
	at com.kms.katalon.core.main.TestSuiteExecutor.accessTestSuiteMainPhase(TestSuiteExecutor.java:142)
	at com.kms.katalon.core.main.TestSuiteExecutor.execute(TestSuiteExecutor.java:91)
	at com.kms.katalon.core.main.TestCaseMain.startTestSuite(TestCaseMain.java:157)
	at com.kms.katalon.core.main.TestCaseMain$startTestSuite$0.call(Unknown Source)
	at TempTestSuite1581112501678.run(TempTestSuite1581112501678.groovy:36)


2020-02-07 14:55:05 - [TEST_STEP][PASSED] - excelFile01 = "beams-test-results.xlsx": null

2020-02-07 14:55:05 - [TEST_STEP][PASSED] - ExpectedListSheetFile1 = ["Sheet1"]: null

2020-02-07 14:55:05 - [TEST_STEP][PASSED] - workbookFile01 = getWorkbook(excelFile01): null

2020-02-07 14:55:05 - [TEST_STEP][PASSED] - workbook01 = getWorkbook(excelFile01): null

2020-02-07 14:55:05 - [TEST_STEP][PASSED] - sheet01 = getExcelSheet(workbook01, "Sheet1"): null

2020-02-07 14:55:05 - [TEST_STEP][PASSED] - setValueToCellByAddress(sheet01, "A1", "TEST"): null]]></system-out>
         <system-err><![CDATA[2020-02-07 14:55:05 - [TEST_CASE][ERROR] - Test Cases/Test_Beams_by_Zip_to_Excel: Test Cases/Test_Beams_by_Zip_to_Excel FAILED.
Reason:
java.lang.NoSuchFieldError: CREATE_NULL_AS_BLANK
	at com.kms.katalon.keyword.excel.ExcelKeywords.setValueToCellByAddress(ExcelKeywords.groovy:242)
	at com.kms.katalon.keyword.excel.ExcelKeywords$setValueToCellByAddress$1.call(Unknown Source)
	at Test_Beams_by_Zip_to_Excel.run(Test_Beams_by_Zip_to_Excel:39)
	at com.kms.katalon.core.main.ScriptEngine.run(ScriptEngine.java:194)
	at com.kms.katalon.core.main.ScriptEngine.runScriptAsRawText(ScriptEngine.java:119)
	at com.kms.katalon.core.main.TestCaseExecutor.runScript(TestCaseExecutor.java:337)
	at com.kms.katalon.core.main.TestCaseExecutor.doExecute(TestCaseExecutor.java:328)
	at com.kms.katalon.core.main.TestCaseExecutor.processExecutionPhase(TestCaseExecutor.java:307)
	at com.kms.katalon.core.main.TestCaseExecutor.accessMainPhase(TestCaseExecutor.java:299)
	at com.kms.katalon.core.main.TestCaseExecutor.execute(TestCaseExecutor.java:233)
	at com.kms.katalon.core.main.TestSuiteExecutor.accessTestCaseMainPhase(TestSuiteExecutor.java:169)
	at com.kms.katalon.core.main.TestSuiteExecutor.accessTestSuiteMainPhase(TestSuiteExecutor.java:142)
	at com.kms.katalon.core.main.TestSuiteExecutor.execute(TestSuiteExecutor.java:91)
	at com.kms.katalon.core.main.TestCaseMain.startTestSuite(TestCaseMain.java:157)
	at com.kms.katalon.core.main.TestCaseMain$startTestSuite$0.call(Unknown Source)
	at TempTestSuite1581112501678.run(TempTestSuite1581112501678.groovy:36)]]></system-err>
      </testcase>
      <testcase name="Test Cases/Test_Beams_by_Zip_to_Excel" time="0.117" classname="Test Cases/Test_Beams_by_Zip_to_Excel" status="ERROR">
         <error type="ERROR" message="Test Cases/Test_Beams_by_Zip_to_Excel FAILED.
Reason:
java.lang.NoSuchFieldError: CREATE_NULL_AS_BLANK
	at com.kms.katalon.keyword.excel.ExcelKeywords.setValueToCellByAddress(ExcelKeywords.groovy:242)
	at com.kms.katalon.keyword.excel.ExcelKeywords$setValueToCellByAddress$1.call(Unknown Source)
	at Test_Beams_by_Zip_to_Excel.run(Test_Beams_by_Zip_to_Excel:39)
	at com.kms.katalon.core.main.ScriptEngine.run(ScriptEngine.java:194)
	at com.kms.katalon.core.main.ScriptEngine.runScriptAsRawText(ScriptEngine.java:119)
	at com.kms.katalon.core.main.TestCaseExecutor.runScript(TestCaseExecutor.java:337)
	at com.kms.katalon.core.main.TestCaseExecutor.doExecute(TestCaseExecutor.java:328)
	at com.kms.katalon.core.main.TestCaseExecutor.processExecutionPhase(TestCaseExecutor.java:307)
	at com.kms.katalon.core.main.TestCaseExecutor.accessMainPhase(TestCaseExecutor.java:299)
	at com.kms.katalon.core.main.TestCaseExecutor.execute(TestCaseExecutor.java:233)
	at com.kms.katalon.core.main.TestSuiteExecutor.accessTestCaseMainPhase(TestSuiteExecutor.java:169)
	at com.kms.katalon.core.main.TestSuiteExecutor.accessTestSuiteMainPhase(TestSuiteExecutor.java:142)
	at com.kms.katalon.core.main.TestSuiteExecutor.execute(TestSuiteExecutor.java:91)
	at com.kms.katalon.core.main.TestCaseMain.startTestSuite(TestCaseMain.java:157)
	at com.kms.katalon.core.main.TestCaseMain$startTestSuite$0.call(Unknown Source)
	at TempTestSuite1581112501678.run(TempTestSuite1581112501678.groovy:36)
"/>
         <system-out><![CDATA[2020-02-07 14:55:05 - [TEST_CASE][ERROR] - Test Cases/Test_Beams_by_Zip_to_Excel: Test Cases/Test_Beams_by_Zip_to_Excel FAILED.
Reason:
java.lang.NoSuchFieldError: CREATE_NULL_AS_BLANK
	at com.kms.katalon.keyword.excel.ExcelKeywords.setValueToCellByAddress(ExcelKeywords.groovy:242)
	at com.kms.katalon.keyword.excel.ExcelKeywords$setValueToCellByAddress$1.call(Unknown Source)
	at Test_Beams_by_Zip_to_Excel.run(Test_Beams_by_Zip_to_Excel:39)
	at com.kms.katalon.core.main.ScriptEngine.run(ScriptEngine.java:194)
	at com.kms.katalon.core.main.ScriptEngine.runScriptAsRawText(ScriptEngine.java:119)
	at com.kms.katalon.core.main.TestCaseExecutor.runScript(TestCaseExecutor.java:337)
	at com.kms.katalon.core.main.TestCaseExecutor.doExecute(TestCaseExecutor.java:328)
	at com.kms.katalon.core.main.TestCaseExecutor.processExecutionPhase(TestCaseExecutor.java:307)
	at com.kms.katalon.core.main.TestCaseExecutor.accessMainPhase(TestCaseExecutor.java:299)
	at com.kms.katalon.core.main.TestCaseExecutor.execute(TestCaseExecutor.java:233)
	at com.kms.katalon.core.main.TestSuiteExecutor.accessTestCaseMainPhase(TestSuiteExecutor.java:169)
	at com.kms.katalon.core.main.TestSuiteExecutor.accessTestSuiteMainPhase(TestSuiteExecutor.java:142)
	at com.kms.katalon.core.main.TestSuiteExecutor.execute(TestSuiteExecutor.java:91)
	at com.kms.katalon.core.main.TestCaseMain.startTestSuite(TestCaseMain.java:157)
	at com.kms.katalon.core.main.TestCaseMain$startTestSuite$0.call(Unknown Source)
	at TempTestSuite1581112501678.run(TempTestSuite1581112501678.groovy:36)


2020-02-07 14:55:05 - [TEST_STEP][PASSED] - excelFile01 = "beams-test-results.xlsx": null

2020-02-07 14:55:05 - [TEST_STEP][PASSED] - ExpectedListSheetFile1 = ["Sheet1"]: null

2020-02-07 14:55:05 - [TEST_STEP][PASSED] - workbookFile01 = getWorkbook(excelFile01): null

2020-02-07 14:55:05 - [TEST_STEP][PASSED] - workbook01 = getWorkbook(excelFile01): null

2020-02-07 14:55:05 - [TEST_STEP][PASSED] - sheet01 = getExcelSheet(workbook01, "Sheet1"): null

2020-02-07 14:55:05 - [TEST_STEP][PASSED] - setValueToCellByAddress(sheet01, "A1", "TEST"): null]]></system-out>
         <system-err><![CDATA[2020-02-07 14:55:05 - [TEST_CASE][ERROR] - Test Cases/Test_Beams_by_Zip_to_Excel: Test Cases/Test_Beams_by_Zip_to_Excel FAILED.
Reason:
java.lang.NoSuchFieldError: CREATE_NULL_AS_BLANK
	at com.kms.katalon.keyword.excel.ExcelKeywords.setValueToCellByAddress(ExcelKeywords.groovy:242)
	at com.kms.katalon.keyword.excel.ExcelKeywords$setValueToCellByAddress$1.call(Unknown Source)
	at Test_Beams_by_Zip_to_Excel.run(Test_Beams_by_Zip_to_Excel:39)
	at com.kms.katalon.core.main.ScriptEngine.run(ScriptEngine.java:194)
	at com.kms.katalon.core.main.ScriptEngine.runScriptAsRawText(ScriptEngine.java:119)
	at com.kms.katalon.core.main.TestCaseExecutor.runScript(TestCaseExecutor.java:337)
	at com.kms.katalon.core.main.TestCaseExecutor.doExecute(TestCaseExecutor.java:328)
	at com.kms.katalon.core.main.TestCaseExecutor.processExecutionPhase(TestCaseExecutor.java:307)
	at com.kms.katalon.core.main.TestCaseExecutor.accessMainPhase(TestCaseExecutor.java:299)
	at com.kms.katalon.core.main.TestCaseExecutor.execute(TestCaseExecutor.java:233)
	at com.kms.katalon.core.main.TestSuiteExecutor.accessTestCaseMainPhase(TestSuiteExecutor.java:169)
	at com.kms.katalon.core.main.TestSuiteExecutor.accessTestSuiteMainPhase(TestSuiteExecutor.java:142)
	at com.kms.katalon.core.main.TestSuiteExecutor.execute(TestSuiteExecutor.java:91)
	at com.kms.katalon.core.main.TestCaseMain.startTestSuite(TestCaseMain.java:157)
	at com.kms.katalon.core.main.TestCaseMain$startTestSuite$0.call(Unknown Source)
	at TempTestSuite1581112501678.run(TempTestSuite1581112501678.groovy:36)]]></system-err>
      </testcase>
      <testcase name="Test Cases/Test_Beams_by_Zip_to_Excel" time="0.128" classname="Test Cases/Test_Beams_by_Zip_to_Excel" status="ERROR">
         <error type="ERROR" message="Test Cases/Test_Beams_by_Zip_to_Excel FAILED.
Reason:
java.lang.NoSuchFieldError: CREATE_NULL_AS_BLANK
	at com.kms.katalon.keyword.excel.ExcelKeywords.setValueToCellByAddress(ExcelKeywords.groovy:242)
	at com.kms.katalon.keyword.excel.ExcelKeywords$setValueToCellByAddress$1.call(Unknown Source)
	at Test_Beams_by_Zip_to_Excel.run(Test_Beams_by_Zip_to_Excel:39)
	at com.kms.katalon.core.main.ScriptEngine.run(ScriptEngine.java:194)
	at com.kms.katalon.core.main.ScriptEngine.runScriptAsRawText(ScriptEngine.java:119)
	at com.kms.katalon.core.main.TestCaseExecutor.runScript(TestCaseExecutor.java:337)
	at com.kms.katalon.core.main.TestCaseExecutor.doExecute(TestCaseExecutor.java:328)
	at com.kms.katalon.core.main.TestCaseExecutor.processExecutionPhase(TestCaseExecutor.java:307)
	at com.kms.katalon.core.main.TestCaseExecutor.accessMainPhase(TestCaseExecutor.java:299)
	at com.kms.katalon.core.main.TestCaseExecutor.execute(TestCaseExecutor.java:233)
	at com.kms.katalon.core.main.TestSuiteExecutor.accessTestCaseMainPhase(TestSuiteExecutor.java:169)
	at com.kms.katalon.core.main.TestSuiteExecutor.accessTestSuiteMainPhase(TestSuiteExecutor.java:142)
	at com.kms.katalon.core.main.TestSuiteExecutor.execute(TestSuiteExecutor.java:91)
	at com.kms.katalon.core.main.TestCaseMain.startTestSuite(TestCaseMain.java:157)
	at com.kms.katalon.core.main.TestCaseMain$startTestSuite$0.call(Unknown Source)
	at TempTestSuite1581112501678.run(TempTestSuite1581112501678.groovy:36)
"/>
         <system-out><![CDATA[2020-02-07 14:55:05 - [TEST_CASE][ERROR] - Test Cases/Test_Beams_by_Zip_to_Excel: Test Cases/Test_Beams_by_Zip_to_Excel FAILED.
Reason:
java.lang.NoSuchFieldError: CREATE_NULL_AS_BLANK
	at com.kms.katalon.keyword.excel.ExcelKeywords.setValueToCellByAddress(ExcelKeywords.groovy:242)
	at com.kms.katalon.keyword.excel.ExcelKeywords$setValueToCellByAddress$1.call(Unknown Source)
	at Test_Beams_by_Zip_to_Excel.run(Test_Beams_by_Zip_to_Excel:39)
	at com.kms.katalon.core.main.ScriptEngine.run(ScriptEngine.java:194)
	at com.kms.katalon.core.main.ScriptEngine.runScriptAsRawText(ScriptEngine.java:119)
	at com.kms.katalon.core.main.TestCaseExecutor.runScript(TestCaseExecutor.java:337)
	at com.kms.katalon.core.main.TestCaseExecutor.doExecute(TestCaseExecutor.java:328)
	at com.kms.katalon.core.main.TestCaseExecutor.processExecutionPhase(TestCaseExecutor.java:307)
	at com.kms.katalon.core.main.TestCaseExecutor.accessMainPhase(TestCaseExecutor.java:299)
	at com.kms.katalon.core.main.TestCaseExecutor.execute(TestCaseExecutor.java:233)
	at com.kms.katalon.core.main.TestSuiteExecutor.accessTestCaseMainPhase(TestSuiteExecutor.java:169)
	at com.kms.katalon.core.main.TestSuiteExecutor.accessTestSuiteMainPhase(TestSuiteExecutor.java:142)
	at com.kms.katalon.core.main.TestSuiteExecutor.execute(TestSuiteExecutor.java:91)
	at com.kms.katalon.core.main.TestCaseMain.startTestSuite(TestCaseMain.java:157)
	at com.kms.katalon.core.main.TestCaseMain$startTestSuite$0.call(Unknown Source)
	at TempTestSuite1581112501678.run(TempTestSuite1581112501678.groovy:36)


2020-02-07 14:55:05 - [TEST_STEP][PASSED] - excelFile01 = "beams-test-results.xlsx": null

2020-02-07 14:55:05 - [TEST_STEP][PASSED] - ExpectedListSheetFile1 = ["Sheet1"]: null

2020-02-07 14:55:05 - [TEST_STEP][PASSED] - workbookFile01 = getWorkbook(excelFile01): null

2020-02-07 14:55:05 - [TEST_STEP][PASSED] - workbook01 = getWorkbook(excelFile01): null

2020-02-07 14:55:05 - [TEST_STEP][PASSED] - sheet01 = getExcelSheet(workbook01, "Sheet1"): null

2020-02-07 14:55:05 - [TEST_STEP][PASSED] - setValueToCellByAddress(sheet01, "A1", "TEST"): null]]></system-out>
         <system-err><![CDATA[2020-02-07 14:55:05 - [TEST_CASE][ERROR] - Test Cases/Test_Beams_by_Zip_to_Excel: Test Cases/Test_Beams_by_Zip_to_Excel FAILED.
Reason:
java.lang.NoSuchFieldError: CREATE_NULL_AS_BLANK
	at com.kms.katalon.keyword.excel.ExcelKeywords.setValueToCellByAddress(ExcelKeywords.groovy:242)
	at com.kms.katalon.keyword.excel.ExcelKeywords$setValueToCellByAddress$1.call(Unknown Source)
	at Test_Beams_by_Zip_to_Excel.run(Test_Beams_by_Zip_to_Excel:39)
	at com.kms.katalon.core.main.ScriptEngine.run(ScriptEngine.java:194)
	at com.kms.katalon.core.main.ScriptEngine.runScriptAsRawText(ScriptEngine.java:119)
	at com.kms.katalon.core.main.TestCaseExecutor.runScript(TestCaseExecutor.java:337)
	at com.kms.katalon.core.main.TestCaseExecutor.doExecute(TestCaseExecutor.java:328)
	at com.kms.katalon.core.main.TestCaseExecutor.processExecutionPhase(TestCaseExecutor.java:307)
	at com.kms.katalon.core.main.TestCaseExecutor.accessMainPhase(TestCaseExecutor.java:299)
	at com.kms.katalon.core.main.TestCaseExecutor.execute(TestCaseExecutor.java:233)
	at com.kms.katalon.core.main.TestSuiteExecutor.accessTestCaseMainPhase(TestSuiteExecutor.java:169)
	at com.kms.katalon.core.main.TestSuiteExecutor.accessTestSuiteMainPhase(TestSuiteExecutor.java:142)
	at com.kms.katalon.core.main.TestSuiteExecutor.execute(TestSuiteExecutor.java:91)
	at com.kms.katalon.core.main.TestCaseMain.startTestSuite(TestCaseMain.java:157)
	at com.kms.katalon.core.main.TestCaseMain$startTestSuite$0.call(Unknown Source)
	at TempTestSuite1581112501678.run(TempTestSuite1581112501678.groovy:36)]]></system-err>
      </testcase>
      <testcase name="Test Cases/Test_Beams_by_Zip_to_Excel" time="0.112" classname="Test Cases/Test_Beams_by_Zip_to_Excel" status="ERROR">
         <error type="ERROR" message="Test Cases/Test_Beams_by_Zip_to_Excel FAILED.
Reason:
java.lang.NoSuchFieldError: CREATE_NULL_AS_BLANK
	at com.kms.katalon.keyword.excel.ExcelKeywords.setValueToCellByAddress(ExcelKeywords.groovy:242)
	at com.kms.katalon.keyword.excel.ExcelKeywords$setValueToCellByAddress$1.call(Unknown Source)
	at Test_Beams_by_Zip_to_Excel.run(Test_Beams_by_Zip_to_Excel:39)
	at com.kms.katalon.core.main.ScriptEngine.run(ScriptEngine.java:194)
	at com.kms.katalon.core.main.ScriptEngine.runScriptAsRawText(ScriptEngine.java:119)
	at com.kms.katalon.core.main.TestCaseExecutor.runScript(TestCaseExecutor.java:337)
	at com.kms.katalon.core.main.TestCaseExecutor.doExecute(TestCaseExecutor.java:328)
	at com.kms.katalon.core.main.TestCaseExecutor.processExecutionPhase(TestCaseExecutor.java:307)
	at com.kms.katalon.core.main.TestCaseExecutor.accessMainPhase(TestCaseExecutor.java:299)
	at com.kms.katalon.core.main.TestCaseExecutor.execute(TestCaseExecutor.java:233)
	at com.kms.katalon.core.main.TestSuiteExecutor.accessTestCaseMainPhase(TestSuiteExecutor.java:169)
	at com.kms.katalon.core.main.TestSuiteExecutor.accessTestSuiteMainPhase(TestSuiteExecutor.java:142)
	at com.kms.katalon.core.main.TestSuiteExecutor.execute(TestSuiteExecutor.java:91)
	at com.kms.katalon.core.main.TestCaseMain.startTestSuite(TestCaseMain.java:157)
	at com.kms.katalon.core.main.TestCaseMain$startTestSuite$0.call(Unknown Source)
	at TempTestSuite1581112501678.run(TempTestSuite1581112501678.groovy:36)
"/>
         <system-out><![CDATA[2020-02-07 14:55:05 - [TEST_CASE][ERROR] - Test Cases/Test_Beams_by_Zip_to_Excel: Test Cases/Test_Beams_by_Zip_to_Excel FAILED.
Reason:
java.lang.NoSuchFieldError: CREATE_NULL_AS_BLANK
	at com.kms.katalon.keyword.excel.ExcelKeywords.setValueToCellByAddress(ExcelKeywords.groovy:242)
	at com.kms.katalon.keyword.excel.ExcelKeywords$setValueToCellByAddress$1.call(Unknown Source)
	at Test_Beams_by_Zip_to_Excel.run(Test_Beams_by_Zip_to_Excel:39)
	at com.kms.katalon.core.main.ScriptEngine.run(ScriptEngine.java:194)
	at com.kms.katalon.core.main.ScriptEngine.runScriptAsRawText(ScriptEngine.java:119)
	at com.kms.katalon.core.main.TestCaseExecutor.runScript(TestCaseExecutor.java:337)
	at com.kms.katalon.core.main.TestCaseExecutor.doExecute(TestCaseExecutor.java:328)
	at com.kms.katalon.core.main.TestCaseExecutor.processExecutionPhase(TestCaseExecutor.java:307)
	at com.kms.katalon.core.main.TestCaseExecutor.accessMainPhase(TestCaseExecutor.java:299)
	at com.kms.katalon.core.main.TestCaseExecutor.execute(TestCaseExecutor.java:233)
	at com.kms.katalon.core.main.TestSuiteExecutor.accessTestCaseMainPhase(TestSuiteExecutor.java:169)
	at com.kms.katalon.core.main.TestSuiteExecutor.accessTestSuiteMainPhase(TestSuiteExecutor.java:142)
	at com.kms.katalon.core.main.TestSuiteExecutor.execute(TestSuiteExecutor.java:91)
	at com.kms.katalon.core.main.TestCaseMain.startTestSuite(TestCaseMain.java:157)
	at com.kms.katalon.core.main.TestCaseMain$startTestSuite$0.call(Unknown Source)
	at TempTestSuite1581112501678.run(TempTestSuite1581112501678.groovy:36)


2020-02-07 14:55:05 - [TEST_STEP][PASSED] - excelFile01 = "beams-test-results.xlsx": null

2020-02-07 14:55:05 - [TEST_STEP][PASSED] - ExpectedListSheetFile1 = ["Sheet1"]: null

2020-02-07 14:55:05 - [TEST_STEP][PASSED] - workbookFile01 = getWorkbook(excelFile01): null

2020-02-07 14:55:05 - [TEST_STEP][PASSED] - workbook01 = getWorkbook(excelFile01): null

2020-02-07 14:55:05 - [TEST_STEP][PASSED] - sheet01 = getExcelSheet(workbook01, "Sheet1"): null

2020-02-07 14:55:05 - [TEST_STEP][PASSED] - setValueToCellByAddress(sheet01, "A1", "TEST"): null]]></system-out>
         <system-err><![CDATA[2020-02-07 14:55:05 - [TEST_CASE][ERROR] - Test Cases/Test_Beams_by_Zip_to_Excel: Test Cases/Test_Beams_by_Zip_to_Excel FAILED.
Reason:
java.lang.NoSuchFieldError: CREATE_NULL_AS_BLANK
	at com.kms.katalon.keyword.excel.ExcelKeywords.setValueToCellByAddress(ExcelKeywords.groovy:242)
	at com.kms.katalon.keyword.excel.ExcelKeywords$setValueToCellByAddress$1.call(Unknown Source)
	at Test_Beams_by_Zip_to_Excel.run(Test_Beams_by_Zip_to_Excel:39)
	at com.kms.katalon.core.main.ScriptEngine.run(ScriptEngine.java:194)
	at com.kms.katalon.core.main.ScriptEngine.runScriptAsRawText(ScriptEngine.java:119)
	at com.kms.katalon.core.main.TestCaseExecutor.runScript(TestCaseExecutor.java:337)
	at com.kms.katalon.core.main.TestCaseExecutor.doExecute(TestCaseExecutor.java:328)
	at com.kms.katalon.core.main.TestCaseExecutor.processExecutionPhase(TestCaseExecutor.java:307)
	at com.kms.katalon.core.main.TestCaseExecutor.accessMainPhase(TestCaseExecutor.java:299)
	at com.kms.katalon.core.main.TestCaseExecutor.execute(TestCaseExecutor.java:233)
	at com.kms.katalon.core.main.TestSuiteExecutor.accessTestCaseMainPhase(TestSuiteExecutor.java:169)
	at com.kms.katalon.core.main.TestSuiteExecutor.accessTestSuiteMainPhase(TestSuiteExecutor.java:142)
	at com.kms.katalon.core.main.TestSuiteExecutor.execute(TestSuiteExecutor.java:91)
	at com.kms.katalon.core.main.TestCaseMain.startTestSuite(TestCaseMain.java:157)
	at com.kms.katalon.core.main.TestCaseMain$startTestSuite$0.call(Unknown Source)
	at TempTestSuite1581112501678.run(TempTestSuite1581112501678.groovy:36)]]></system-err>
      </testcase>
      <testcase name="Test Cases/Test_Beams_by_Zip_to_Excel" time="0.124" classname="Test Cases/Test_Beams_by_Zip_to_Excel" status="ERROR">
         <error type="ERROR" message="Test Cases/Test_Beams_by_Zip_to_Excel FAILED.
Reason:
java.lang.NoSuchFieldError: CREATE_NULL_AS_BLANK
	at com.kms.katalon.keyword.excel.ExcelKeywords.setValueToCellByAddress(ExcelKeywords.groovy:242)
	at com.kms.katalon.keyword.excel.ExcelKeywords$setValueToCellByAddress$1.call(Unknown Source)
	at Test_Beams_by_Zip_to_Excel.run(Test_Beams_by_Zip_to_Excel:39)
	at com.kms.katalon.core.main.ScriptEngine.run(ScriptEngine.java:194)
	at com.kms.katalon.core.main.ScriptEngine.runScriptAsRawText(ScriptEngine.java:119)
	at com.kms.katalon.core.main.TestCaseExecutor.runScript(TestCaseExecutor.java:337)
	at com.kms.katalon.core.main.TestCaseExecutor.doExecute(TestCaseExecutor.java:328)
	at com.kms.katalon.core.main.TestCaseExecutor.processExecutionPhase(TestCaseExecutor.java:307)
	at com.kms.katalon.core.main.TestCaseExecutor.accessMainPhase(TestCaseExecutor.java:299)
	at com.kms.katalon.core.main.TestCaseExecutor.execute(TestCaseExecutor.java:233)
	at com.kms.katalon.core.main.TestSuiteExecutor.accessTestCaseMainPhase(TestSuiteExecutor.java:169)
	at com.kms.katalon.core.main.TestSuiteExecutor.accessTestSuiteMainPhase(TestSuiteExecutor.java:142)
	at com.kms.katalon.core.main.TestSuiteExecutor.execute(TestSuiteExecutor.java:91)
	at com.kms.katalon.core.main.TestCaseMain.startTestSuite(TestCaseMain.java:157)
	at com.kms.katalon.core.main.TestCaseMain$startTestSuite$0.call(Unknown Source)
	at TempTestSuite1581112501678.run(TempTestSuite1581112501678.groovy:36)
"/>
         <system-out><![CDATA[2020-02-07 14:55:05 - [TEST_CASE][ERROR] - Test Cases/Test_Beams_by_Zip_to_Excel: Test Cases/Test_Beams_by_Zip_to_Excel FAILED.
Reason:
java.lang.NoSuchFieldError: CREATE_NULL_AS_BLANK
	at com.kms.katalon.keyword.excel.ExcelKeywords.setValueToCellByAddress(ExcelKeywords.groovy:242)
	at com.kms.katalon.keyword.excel.ExcelKeywords$setValueToCellByAddress$1.call(Unknown Source)
	at Test_Beams_by_Zip_to_Excel.run(Test_Beams_by_Zip_to_Excel:39)
	at com.kms.katalon.core.main.ScriptEngine.run(ScriptEngine.java:194)
	at com.kms.katalon.core.main.ScriptEngine.runScriptAsRawText(ScriptEngine.java:119)
	at com.kms.katalon.core.main.TestCaseExecutor.runScript(TestCaseExecutor.java:337)
	at com.kms.katalon.core.main.TestCaseExecutor.doExecute(TestCaseExecutor.java:328)
	at com.kms.katalon.core.main.TestCaseExecutor.processExecutionPhase(TestCaseExecutor.java:307)
	at com.kms.katalon.core.main.TestCaseExecutor.accessMainPhase(TestCaseExecutor.java:299)
	at com.kms.katalon.core.main.TestCaseExecutor.execute(TestCaseExecutor.java:233)
	at com.kms.katalon.core.main.TestSuiteExecutor.accessTestCaseMainPhase(TestSuiteExecutor.java:169)
	at com.kms.katalon.core.main.TestSuiteExecutor.accessTestSuiteMainPhase(TestSuiteExecutor.java:142)
	at com.kms.katalon.core.main.TestSuiteExecutor.execute(TestSuiteExecutor.java:91)
	at com.kms.katalon.core.main.TestCaseMain.startTestSuite(TestCaseMain.java:157)
	at com.kms.katalon.core.main.TestCaseMain$startTestSuite$0.call(Unknown Source)
	at TempTestSuite1581112501678.run(TempTestSuite1581112501678.groovy:36)


2020-02-07 14:55:06 - [TEST_STEP][PASSED] - excelFile01 = "beams-test-results.xlsx": null

2020-02-07 14:55:06 - [TEST_STEP][PASSED] - ExpectedListSheetFile1 = ["Sheet1"]: null

2020-02-07 14:55:06 - [TEST_STEP][PASSED] - workbookFile01 = getWorkbook(excelFile01): null

2020-02-07 14:55:06 - [TEST_STEP][PASSED] - workbook01 = getWorkbook(excelFile01): null

2020-02-07 14:55:06 - [TEST_STEP][PASSED] - sheet01 = getExcelSheet(workbook01, "Sheet1"): null

2020-02-07 14:55:06 - [TEST_STEP][PASSED] - setValueToCellByAddress(sheet01, "A1", "TEST"): null]]></system-out>
         <system-err><![CDATA[2020-02-07 14:55:05 - [TEST_CASE][ERROR] - Test Cases/Test_Beams_by_Zip_to_Excel: Test Cases/Test_Beams_by_Zip_to_Excel FAILED.
Reason:
java.lang.NoSuchFieldError: CREATE_NULL_AS_BLANK
	at com.kms.katalon.keyword.excel.ExcelKeywords.setValueToCellByAddress(ExcelKeywords.groovy:242)
	at com.kms.katalon.keyword.excel.ExcelKeywords$setValueToCellByAddress$1.call(Unknown Source)
	at Test_Beams_by_Zip_to_Excel.run(Test_Beams_by_Zip_to_Excel:39)
	at com.kms.katalon.core.main.ScriptEngine.run(ScriptEngine.java:194)
	at com.kms.katalon.core.main.ScriptEngine.runScriptAsRawText(ScriptEngine.java:119)
	at com.kms.katalon.core.main.TestCaseExecutor.runScript(TestCaseExecutor.java:337)
	at com.kms.katalon.core.main.TestCaseExecutor.doExecute(TestCaseExecutor.java:328)
	at com.kms.katalon.core.main.TestCaseExecutor.processExecutionPhase(TestCaseExecutor.java:307)
	at com.kms.katalon.core.main.TestCaseExecutor.accessMainPhase(TestCaseExecutor.java:299)
	at com.kms.katalon.core.main.TestCaseExecutor.execute(TestCaseExecutor.java:233)
	at com.kms.katalon.core.main.TestSuiteExecutor.accessTestCaseMainPhase(TestSuiteExecutor.java:169)
	at com.kms.katalon.core.main.TestSuiteExecutor.accessTestSuiteMainPhase(TestSuiteExecutor.java:142)
	at com.kms.katalon.core.main.TestSuiteExecutor.execute(TestSuiteExecutor.java:91)
	at com.kms.katalon.core.main.TestCaseMain.startTestSuite(TestCaseMain.java:157)
	at com.kms.katalon.core.main.TestCaseMain$startTestSuite$0.call(Unknown Source)
	at TempTestSuite1581112501678.run(TempTestSuite1581112501678.groovy:36)]]></system-err>
      </testcase>
      <testcase name="Test Cases/Test_Beams_by_Zip_to_Excel" time="0.136" classname="Test Cases/Test_Beams_by_Zip_to_Excel" status="ERROR">
         <error type="ERROR" message="Test Cases/Test_Beams_by_Zip_to_Excel FAILED.
Reason:
java.lang.NoSuchFieldError: CREATE_NULL_AS_BLANK
	at com.kms.katalon.keyword.excel.ExcelKeywords.setValueToCellByAddress(ExcelKeywords.groovy:242)
	at com.kms.katalon.keyword.excel.ExcelKeywords$setValueToCellByAddress$1.call(Unknown Source)
	at Test_Beams_by_Zip_to_Excel.run(Test_Beams_by_Zip_to_Excel:39)
	at com.kms.katalon.core.main.ScriptEngine.run(ScriptEngine.java:194)
	at com.kms.katalon.core.main.ScriptEngine.runScriptAsRawText(ScriptEngine.java:119)
	at com.kms.katalon.core.main.TestCaseExecutor.runScript(TestCaseExecutor.java:337)
	at com.kms.katalon.core.main.TestCaseExecutor.doExecute(TestCaseExecutor.java:328)
	at com.kms.katalon.core.main.TestCaseExecutor.processExecutionPhase(TestCaseExecutor.java:307)
	at com.kms.katalon.core.main.TestCaseExecutor.accessMainPhase(TestCaseExecutor.java:299)
	at com.kms.katalon.core.main.TestCaseExecutor.execute(TestCaseExecutor.java:233)
	at com.kms.katalon.core.main.TestSuiteExecutor.accessTestCaseMainPhase(TestSuiteExecutor.java:169)
	at com.kms.katalon.core.main.TestSuiteExecutor.accessTestSuiteMainPhase(TestSuiteExecutor.java:142)
	at com.kms.katalon.core.main.TestSuiteExecutor.execute(TestSuiteExecutor.java:91)
	at com.kms.katalon.core.main.TestCaseMain.startTestSuite(TestCaseMain.java:157)
	at com.kms.katalon.core.main.TestCaseMain$startTestSuite$0.call(Unknown Source)
	at TempTestSuite1581112501678.run(TempTestSuite1581112501678.groovy:36)
"/>
         <system-out><![CDATA[2020-02-07 14:55:06 - [TEST_CASE][ERROR] - Test Cases/Test_Beams_by_Zip_to_Excel: Test Cases/Test_Beams_by_Zip_to_Excel FAILED.
Reason:
java.lang.NoSuchFieldError: CREATE_NULL_AS_BLANK
	at com.kms.katalon.keyword.excel.ExcelKeywords.setValueToCellByAddress(ExcelKeywords.groovy:242)
	at com.kms.katalon.keyword.excel.ExcelKeywords$setValueToCellByAddress$1.call(Unknown Source)
	at Test_Beams_by_Zip_to_Excel.run(Test_Beams_by_Zip_to_Excel:39)
	at com.kms.katalon.core.main.ScriptEngine.run(ScriptEngine.java:194)
	at com.kms.katalon.core.main.ScriptEngine.runScriptAsRawText(ScriptEngine.java:119)
	at com.kms.katalon.core.main.TestCaseExecutor.runScript(TestCaseExecutor.java:337)
	at com.kms.katalon.core.main.TestCaseExecutor.doExecute(TestCaseExecutor.java:328)
	at com.kms.katalon.core.main.TestCaseExecutor.processExecutionPhase(TestCaseExecutor.java:307)
	at com.kms.katalon.core.main.TestCaseExecutor.accessMainPhase(TestCaseExecutor.java:299)
	at com.kms.katalon.core.main.TestCaseExecutor.execute(TestCaseExecutor.java:233)
	at com.kms.katalon.core.main.TestSuiteExecutor.accessTestCaseMainPhase(TestSuiteExecutor.java:169)
	at com.kms.katalon.core.main.TestSuiteExecutor.accessTestSuiteMainPhase(TestSuiteExecutor.java:142)
	at com.kms.katalon.core.main.TestSuiteExecutor.execute(TestSuiteExecutor.java:91)
	at com.kms.katalon.core.main.TestCaseMain.startTestSuite(TestCaseMain.java:157)
	at com.kms.katalon.core.main.TestCaseMain$startTestSuite$0.call(Unknown Source)
	at TempTestSuite1581112501678.run(TempTestSuite1581112501678.groovy:36)


2020-02-07 14:55:06 - [TEST_STEP][PASSED] - excelFile01 = "beams-test-results.xlsx": null

2020-02-07 14:55:06 - [TEST_STEP][PASSED] - ExpectedListSheetFile1 = ["Sheet1"]: null

2020-02-07 14:55:06 - [TEST_STEP][PASSED] - workbookFile01 = getWorkbook(excelFile01): null

2020-02-07 14:55:06 - [TEST_STEP][PASSED] - workbook01 = getWorkbook(excelFile01): null

2020-02-07 14:55:06 - [TEST_STEP][PASSED] - sheet01 = getExcelSheet(workbook01, "Sheet1"): null

2020-02-07 14:55:06 - [TEST_STEP][PASSED] - setValueToCellByAddress(sheet01, "A1", "TEST"): null]]></system-out>
         <system-err><![CDATA[2020-02-07 14:55:06 - [TEST_CASE][ERROR] - Test Cases/Test_Beams_by_Zip_to_Excel: Test Cases/Test_Beams_by_Zip_to_Excel FAILED.
Reason:
java.lang.NoSuchFieldError: CREATE_NULL_AS_BLANK
	at com.kms.katalon.keyword.excel.ExcelKeywords.setValueToCellByAddress(ExcelKeywords.groovy:242)
	at com.kms.katalon.keyword.excel.ExcelKeywords$setValueToCellByAddress$1.call(Unknown Source)
	at Test_Beams_by_Zip_to_Excel.run(Test_Beams_by_Zip_to_Excel:39)
	at com.kms.katalon.core.main.ScriptEngine.run(ScriptEngine.java:194)
	at com.kms.katalon.core.main.ScriptEngine.runScriptAsRawText(ScriptEngine.java:119)
	at com.kms.katalon.core.main.TestCaseExecutor.runScript(TestCaseExecutor.java:337)
	at com.kms.katalon.core.main.TestCaseExecutor.doExecute(TestCaseExecutor.java:328)
	at com.kms.katalon.core.main.TestCaseExecutor.processExecutionPhase(TestCaseExecutor.java:307)
	at com.kms.katalon.core.main.TestCaseExecutor.accessMainPhase(TestCaseExecutor.java:299)
	at com.kms.katalon.core.main.TestCaseExecutor.execute(TestCaseExecutor.java:233)
	at com.kms.katalon.core.main.TestSuiteExecutor.accessTestCaseMainPhase(TestSuiteExecutor.java:169)
	at com.kms.katalon.core.main.TestSuiteExecutor.accessTestSuiteMainPhase(TestSuiteExecutor.java:142)
	at com.kms.katalon.core.main.TestSuiteExecutor.execute(TestSuiteExecutor.java:91)
	at com.kms.katalon.core.main.TestCaseMain.startTestSuite(TestCaseMain.java:157)
	at com.kms.katalon.core.main.TestCaseMain$startTestSuite$0.call(Unknown Source)
	at TempTestSuite1581112501678.run(TempTestSuite1581112501678.groovy:36)]]></system-err>
      </testcase>
      <testcase name="Test Cases/Test_Beams_by_Zip_to_Excel" time="0.123" classname="Test Cases/Test_Beams_by_Zip_to_Excel" status="ERROR">
         <error type="ERROR" message="Test Cases/Test_Beams_by_Zip_to_Excel FAILED.
Reason:
java.lang.NoSuchFieldError: CREATE_NULL_AS_BLANK
	at com.kms.katalon.keyword.excel.ExcelKeywords.setValueToCellByAddress(ExcelKeywords.groovy:242)
	at com.kms.katalon.keyword.excel.ExcelKeywords$setValueToCellByAddress$1.call(Unknown Source)
	at Test_Beams_by_Zip_to_Excel.run(Test_Beams_by_Zip_to_Excel:39)
	at com.kms.katalon.core.main.ScriptEngine.run(ScriptEngine.java:194)
	at com.kms.katalon.core.main.ScriptEngine.runScriptAsRawText(ScriptEngine.java:119)
	at com.kms.katalon.core.main.TestCaseExecutor.runScript(TestCaseExecutor.java:337)
	at com.kms.katalon.core.main.TestCaseExecutor.doExecute(TestCaseExecutor.java:328)
	at com.kms.katalon.core.main.TestCaseExecutor.processExecutionPhase(TestCaseExecutor.java:307)
	at com.kms.katalon.core.main.TestCaseExecutor.accessMainPhase(TestCaseExecutor.java:299)
	at com.kms.katalon.core.main.TestCaseExecutor.execute(TestCaseExecutor.java:233)
	at com.kms.katalon.core.main.TestSuiteExecutor.accessTestCaseMainPhase(TestSuiteExecutor.java:169)
	at com.kms.katalon.core.main.TestSuiteExecutor.accessTestSuiteMainPhase(TestSuiteExecutor.java:142)
	at com.kms.katalon.core.main.TestSuiteExecutor.execute(TestSuiteExecutor.java:91)
	at com.kms.katalon.core.main.TestCaseMain.startTestSuite(TestCaseMain.java:157)
	at com.kms.katalon.core.main.TestCaseMain$startTestSuite$0.call(Unknown Source)
	at TempTestSuite1581112501678.run(TempTestSuite1581112501678.groovy:36)
"/>
         <system-out><![CDATA[2020-02-07 14:55:06 - [TEST_CASE][ERROR] - Test Cases/Test_Beams_by_Zip_to_Excel: Test Cases/Test_Beams_by_Zip_to_Excel FAILED.
Reason:
java.lang.NoSuchFieldError: CREATE_NULL_AS_BLANK
	at com.kms.katalon.keyword.excel.ExcelKeywords.setValueToCellByAddress(ExcelKeywords.groovy:242)
	at com.kms.katalon.keyword.excel.ExcelKeywords$setValueToCellByAddress$1.call(Unknown Source)
	at Test_Beams_by_Zip_to_Excel.run(Test_Beams_by_Zip_to_Excel:39)
	at com.kms.katalon.core.main.ScriptEngine.run(ScriptEngine.java:194)
	at com.kms.katalon.core.main.ScriptEngine.runScriptAsRawText(ScriptEngine.java:119)
	at com.kms.katalon.core.main.TestCaseExecutor.runScript(TestCaseExecutor.java:337)
	at com.kms.katalon.core.main.TestCaseExecutor.doExecute(TestCaseExecutor.java:328)
	at com.kms.katalon.core.main.TestCaseExecutor.processExecutionPhase(TestCaseExecutor.java:307)
	at com.kms.katalon.core.main.TestCaseExecutor.accessMainPhase(TestCaseExecutor.java:299)
	at com.kms.katalon.core.main.TestCaseExecutor.execute(TestCaseExecutor.java:233)
	at com.kms.katalon.core.main.TestSuiteExecutor.accessTestCaseMainPhase(TestSuiteExecutor.java:169)
	at com.kms.katalon.core.main.TestSuiteExecutor.accessTestSuiteMainPhase(TestSuiteExecutor.java:142)
	at com.kms.katalon.core.main.TestSuiteExecutor.execute(TestSuiteExecutor.java:91)
	at com.kms.katalon.core.main.TestCaseMain.startTestSuite(TestCaseMain.java:157)
	at com.kms.katalon.core.main.TestCaseMain$startTestSuite$0.call(Unknown Source)
	at TempTestSuite1581112501678.run(TempTestSuite1581112501678.groovy:36)


2020-02-07 14:55:06 - [TEST_STEP][PASSED] - excelFile01 = "beams-test-results.xlsx": null

2020-02-07 14:55:06 - [TEST_STEP][PASSED] - ExpectedListSheetFile1 = ["Sheet1"]: null

2020-02-07 14:55:06 - [TEST_STEP][PASSED] - workbookFile01 = getWorkbook(excelFile01): null

2020-02-07 14:55:06 - [TEST_STEP][PASSED] - workbook01 = getWorkbook(excelFile01): null

2020-02-07 14:55:06 - [TEST_STEP][PASSED] - sheet01 = getExcelSheet(workbook01, "Sheet1"): null

2020-02-07 14:55:06 - [TEST_STEP][PASSED] - setValueToCellByAddress(sheet01, "A1", "TEST"): null]]></system-out>
         <system-err><![CDATA[2020-02-07 14:55:06 - [TEST_CASE][ERROR] - Test Cases/Test_Beams_by_Zip_to_Excel: Test Cases/Test_Beams_by_Zip_to_Excel FAILED.
Reason:
java.lang.NoSuchFieldError: CREATE_NULL_AS_BLANK
	at com.kms.katalon.keyword.excel.ExcelKeywords.setValueToCellByAddress(ExcelKeywords.groovy:242)
	at com.kms.katalon.keyword.excel.ExcelKeywords$setValueToCellByAddress$1.call(Unknown Source)
	at Test_Beams_by_Zip_to_Excel.run(Test_Beams_by_Zip_to_Excel:39)
	at com.kms.katalon.core.main.ScriptEngine.run(ScriptEngine.java:194)
	at com.kms.katalon.core.main.ScriptEngine.runScriptAsRawText(ScriptEngine.java:119)
	at com.kms.katalon.core.main.TestCaseExecutor.runScript(TestCaseExecutor.java:337)
	at com.kms.katalon.core.main.TestCaseExecutor.doExecute(TestCaseExecutor.java:328)
	at com.kms.katalon.core.main.TestCaseExecutor.processExecutionPhase(TestCaseExecutor.java:307)
	at com.kms.katalon.core.main.TestCaseExecutor.accessMainPhase(TestCaseExecutor.java:299)
	at com.kms.katalon.core.main.TestCaseExecutor.execute(TestCaseExecutor.java:233)
	at com.kms.katalon.core.main.TestSuiteExecutor.accessTestCaseMainPhase(TestSuiteExecutor.java:169)
	at com.kms.katalon.core.main.TestSuiteExecutor.accessTestSuiteMainPhase(TestSuiteExecutor.java:142)
	at com.kms.katalon.core.main.TestSuiteExecutor.execute(TestSuiteExecutor.java:91)
	at com.kms.katalon.core.main.TestCaseMain.startTestSuite(TestCaseMain.java:157)
	at com.kms.katalon.core.main.TestCaseMain$startTestSuite$0.call(Unknown Source)
	at TempTestSuite1581112501678.run(TempTestSuite1581112501678.groovy:36)]]></system-err>
      </testcase>
      <testcase name="Test Cases/Test_Beams_by_Zip_to_Excel" time="0.14" classname="Test Cases/Test_Beams_by_Zip_to_Excel" status="ERROR">
         <error type="ERROR" message="Test Cases/Test_Beams_by_Zip_to_Excel FAILED.
Reason:
java.lang.NoSuchFieldError: CREATE_NULL_AS_BLANK
	at com.kms.katalon.keyword.excel.ExcelKeywords.setValueToCellByAddress(ExcelKeywords.groovy:242)
	at com.kms.katalon.keyword.excel.ExcelKeywords$setValueToCellByAddress$1.call(Unknown Source)
	at Test_Beams_by_Zip_to_Excel.run(Test_Beams_by_Zip_to_Excel:39)
	at com.kms.katalon.core.main.ScriptEngine.run(ScriptEngine.java:194)
	at com.kms.katalon.core.main.ScriptEngine.runScriptAsRawText(ScriptEngine.java:119)
	at com.kms.katalon.core.main.TestCaseExecutor.runScript(TestCaseExecutor.java:337)
	at com.kms.katalon.core.main.TestCaseExecutor.doExecute(TestCaseExecutor.java:328)
	at com.kms.katalon.core.main.TestCaseExecutor.processExecutionPhase(TestCaseExecutor.java:307)
	at com.kms.katalon.core.main.TestCaseExecutor.accessMainPhase(TestCaseExecutor.java:299)
	at com.kms.katalon.core.main.TestCaseExecutor.execute(TestCaseExecutor.java:233)
	at com.kms.katalon.core.main.TestSuiteExecutor.accessTestCaseMainPhase(TestSuiteExecutor.java:169)
	at com.kms.katalon.core.main.TestSuiteExecutor.accessTestSuiteMainPhase(TestSuiteExecutor.java:142)
	at com.kms.katalon.core.main.TestSuiteExecutor.execute(TestSuiteExecutor.java:91)
	at com.kms.katalon.core.main.TestCaseMain.startTestSuite(TestCaseMain.java:157)
	at com.kms.katalon.core.main.TestCaseMain$startTestSuite$0.call(Unknown Source)
	at TempTestSuite1581112501678.run(TempTestSuite1581112501678.groovy:36)
"/>
         <system-out><![CDATA[2020-02-07 14:55:06 - [TEST_CASE][ERROR] - Test Cases/Test_Beams_by_Zip_to_Excel: Test Cases/Test_Beams_by_Zip_to_Excel FAILED.
Reason:
java.lang.NoSuchFieldError: CREATE_NULL_AS_BLANK
	at com.kms.katalon.keyword.excel.ExcelKeywords.setValueToCellByAddress(ExcelKeywords.groovy:242)
	at com.kms.katalon.keyword.excel.ExcelKeywords$setValueToCellByAddress$1.call(Unknown Source)
	at Test_Beams_by_Zip_to_Excel.run(Test_Beams_by_Zip_to_Excel:39)
	at com.kms.katalon.core.main.ScriptEngine.run(ScriptEngine.java:194)
	at com.kms.katalon.core.main.ScriptEngine.runScriptAsRawText(ScriptEngine.java:119)
	at com.kms.katalon.core.main.TestCaseExecutor.runScript(TestCaseExecutor.java:337)
	at com.kms.katalon.core.main.TestCaseExecutor.doExecute(TestCaseExecutor.java:328)
	at com.kms.katalon.core.main.TestCaseExecutor.processExecutionPhase(TestCaseExecutor.java:307)
	at com.kms.katalon.core.main.TestCaseExecutor.accessMainPhase(TestCaseExecutor.java:299)
	at com.kms.katalon.core.main.TestCaseExecutor.execute(TestCaseExecutor.java:233)
	at com.kms.katalon.core.main.TestSuiteExecutor.accessTestCaseMainPhase(TestSuiteExecutor.java:169)
	at com.kms.katalon.core.main.TestSuiteExecutor.accessTestSuiteMainPhase(TestSuiteExecutor.java:142)
	at com.kms.katalon.core.main.TestSuiteExecutor.execute(TestSuiteExecutor.java:91)
	at com.kms.katalon.core.main.TestCaseMain.startTestSuite(TestCaseMain.java:157)
	at com.kms.katalon.core.main.TestCaseMain$startTestSuite$0.call(Unknown Source)
	at TempTestSuite1581112501678.run(TempTestSuite1581112501678.groovy:36)


2020-02-07 14:55:06 - [TEST_STEP][PASSED] - excelFile01 = "beams-test-results.xlsx": null

2020-02-07 14:55:06 - [TEST_STEP][PASSED] - ExpectedListSheetFile1 = ["Sheet1"]: null

2020-02-07 14:55:06 - [TEST_STEP][PASSED] - workbookFile01 = getWorkbook(excelFile01): null

2020-02-07 14:55:06 - [TEST_STEP][PASSED] - workbook01 = getWorkbook(excelFile01): null

2020-02-07 14:55:06 - [TEST_STEP][PASSED] - sheet01 = getExcelSheet(workbook01, "Sheet1"): null

2020-02-07 14:55:06 - [TEST_STEP][PASSED] - setValueToCellByAddress(sheet01, "A1", "TEST"): null]]></system-out>
         <system-err><![CDATA[2020-02-07 14:55:06 - [TEST_CASE][ERROR] - Test Cases/Test_Beams_by_Zip_to_Excel: Test Cases/Test_Beams_by_Zip_to_Excel FAILED.
Reason:
java.lang.NoSuchFieldError: CREATE_NULL_AS_BLANK
	at com.kms.katalon.keyword.excel.ExcelKeywords.setValueToCellByAddress(ExcelKeywords.groovy:242)
	at com.kms.katalon.keyword.excel.ExcelKeywords$setValueToCellByAddress$1.call(Unknown Source)
	at Test_Beams_by_Zip_to_Excel.run(Test_Beams_by_Zip_to_Excel:39)
	at com.kms.katalon.core.main.ScriptEngine.run(ScriptEngine.java:194)
	at com.kms.katalon.core.main.ScriptEngine.runScriptAsRawText(ScriptEngine.java:119)
	at com.kms.katalon.core.main.TestCaseExecutor.runScript(TestCaseExecutor.java:337)
	at com.kms.katalon.core.main.TestCaseExecutor.doExecute(TestCaseExecutor.java:328)
	at com.kms.katalon.core.main.TestCaseExecutor.processExecutionPhase(TestCaseExecutor.java:307)
	at com.kms.katalon.core.main.TestCaseExecutor.accessMainPhase(TestCaseExecutor.java:299)
	at com.kms.katalon.core.main.TestCaseExecutor.execute(TestCaseExecutor.java:233)
	at com.kms.katalon.core.main.TestSuiteExecutor.accessTestCaseMainPhase(TestSuiteExecutor.java:169)
	at com.kms.katalon.core.main.TestSuiteExecutor.accessTestSuiteMainPhase(TestSuiteExecutor.java:142)
	at com.kms.katalon.core.main.TestSuiteExecutor.execute(TestSuiteExecutor.java:91)
	at com.kms.katalon.core.main.TestCaseMain.startTestSuite(TestCaseMain.java:157)
	at com.kms.katalon.core.main.TestCaseMain$startTestSuite$0.call(Unknown Source)
	at TempTestSuite1581112501678.run(TempTestSuite1581112501678.groovy:36)]]></system-err>
      </testcase>
      <system-out><![CDATA[2020-02-07 14:55:03 - [TEST_SUITE][ERROR] - RUN_Exede_Zip_Test: Test Cases/Test_Beams_by_Zip_to_Excel FAILED.
Reason:
java.lang.NoSuchFieldError: CREATE_NULL_AS_BLANK
	at com.kms.katalon.keyword.excel.ExcelKeywords.setValueToCellByAddress(ExcelKeywords.groovy:242)
	at com.kms.katalon.keyword.excel.ExcelKeywords$setValueToCellByAddress$1.call(Unknown Source)
	at Test_Beams_by_Zip_to_Excel.run(Test_Beams_by_Zip_to_Excel:39)
	at com.kms.katalon.core.main.ScriptEngine.run(ScriptEngine.java:194)
	at com.kms.katalon.core.main.ScriptEngine.runScriptAsRawText(ScriptEngine.java:119)
	at com.kms.katalon.core.main.TestCaseExecutor.runScript(TestCaseExecutor.java:337)
	at com.kms.katalon.core.main.TestCaseExecutor.doExecute(TestCaseExecutor.java:328)
	at com.kms.katalon.core.main.TestCaseExecutor.processExecutionPhase(TestCaseExecutor.java:307)
	at com.kms.katalon.core.main.TestCaseExecutor.accessMainPhase(TestCaseExecutor.java:299)
	at com.kms.katalon.core.main.TestCaseExecutor.execute(TestCaseExecutor.java:233)
	at com.kms.katalon.core.main.TestSuiteExecutor.accessTestCaseMainPhase(TestSuiteExecutor.java:169)
	at com.kms.katalon.core.main.TestSuiteExecutor.accessTestSuiteMainPhase(TestSuiteExecutor.java:142)
	at com.kms.katalon.core.main.TestSuiteExecutor.execute(TestSuiteExecutor.java:91)
	at com.kms.katalon.core.main.TestCaseMain.startTestSuite(TestCaseMain.java:157)
	at com.kms.katalon.core.main.TestCaseMain$startTestSuite$0.call(Unknown Source)
	at TempTestSuite1581112501678.run(TempTestSuite1581112501678.groovy:36)]]></system-out>
      <system-err><![CDATA[2020-02-07 14:55:03 - [TEST_SUITE][ERROR] - RUN_Exede_Zip_Test: Test Cases/Test_Beams_by_Zip_to_Excel FAILED.
Reason:
java.lang.NoSuchFieldError: CREATE_NULL_AS_BLANK
	at com.kms.katalon.keyword.excel.ExcelKeywords.setValueToCellByAddress(ExcelKeywords.groovy:242)
	at com.kms.katalon.keyword.excel.ExcelKeywords$setValueToCellByAddress$1.call(Unknown Source)
	at Test_Beams_by_Zip_to_Excel.run(Test_Beams_by_Zip_to_Excel:39)
	at com.kms.katalon.core.main.ScriptEngine.run(ScriptEngine.java:194)
	at com.kms.katalon.core.main.ScriptEngine.runScriptAsRawText(ScriptEngine.java:119)
	at com.kms.katalon.core.main.TestCaseExecutor.runScript(TestCaseExecutor.java:337)
	at com.kms.katalon.core.main.TestCaseExecutor.doExecute(TestCaseExecutor.java:328)
	at com.kms.katalon.core.main.TestCaseExecutor.processExecutionPhase(TestCaseExecutor.java:307)
	at com.kms.katalon.core.main.TestCaseExecutor.accessMainPhase(TestCaseExecutor.java:299)
	at com.kms.katalon.core.main.TestCaseExecutor.execute(TestCaseExecutor.java:233)
	at com.kms.katalon.core.main.TestSuiteExecutor.accessTestCaseMainPhase(TestSuiteExecutor.java:169)
	at com.kms.katalon.core.main.TestSuiteExecutor.accessTestSuiteMainPhase(TestSuiteExecutor.java:142)
	at com.kms.katalon.core.main.TestSuiteExecutor.execute(TestSuiteExecutor.java:91)
	at com.kms.katalon.core.main.TestCaseMain.startTestSuite(TestCaseMain.java:157)
	at com.kms.katalon.core.main.TestCaseMain$startTestSuite$0.call(Unknown Source)
	at TempTestSuite1581112501678.run(TempTestSuite1581112501678.groovy:36)]]></system-err>
   </testsuite>
</testsuites>
